[2026-01-16 16:48:01,882] [INFO] - seed: 0
image_preprocessing: MedianBlur
training:
  epochs: 1
  batch_size: 100
  image_width: 32
  lr: 0.05
model:
  num_layers: 3
dataset:
  num_classes: 2
  binary: true
  name: eurosat_rgb
  image_width_sweep: '64'
  orig_width: 64
embedding:
  name: NAQSS
  pca: false
  supports_color: false

[2026-01-16 16:48:01,884] [INFO] - Using cuda.
[2026-01-16 16:48:01,923] [INFO] - Dataset: eurosat_rgb | Train Size: 4200 | Validation Size: 1200 | Test Size: 600
[2026-01-16 16:48:01,926] [INFO] - Initiate model
[2026-01-16 16:48:01,928] [INFO] - Weights Shape: torch.Size([3, 19, 3])
[2026-01-16 16:48:01,930] [INFO] - Bias Shape: torch.Size([2])
[2026-01-16 16:58:54,758] [INFO] - [  100/ 4200] | Cost: 0.6932718 | Accuracy: 0.5000000
[2026-01-16 17:09:51,268] [INFO] - [  200/ 4200] | Cost: 0.6870992 | Accuracy: 0.5700000
[2026-01-16 17:21:09,079] [INFO] - [  300/ 4200] | Cost: 0.7078407 | Accuracy: 0.4500000
[2026-01-16 17:31:47,862] [INFO] - [  400/ 4200] | Cost: 0.7030739 | Accuracy: 0.4700000
[2026-01-16 17:42:55,817] [INFO] - [  500/ 4200] | Cost: 0.6965967 | Accuracy: 0.4900000
[2026-01-16 17:54:08,431] [INFO] - [  600/ 4200] | Cost: 0.6877120 | Accuracy: 0.5500000
[2026-01-16 18:05:16,128] [INFO] - [  700/ 4200] | Cost: 0.6915054 | Accuracy: 0.5000000
[2026-01-16 18:16:38,813] [INFO] - [  800/ 4200] | Cost: 0.6911830 | Accuracy: 0.4600000
[2026-01-16 18:27:40,331] [INFO] - [  900/ 4200] | Cost: 0.6866194 | Accuracy: 0.8600000
[2026-01-16 18:39:10,947] [INFO] - [ 1000/ 4200] | Cost: 0.6820285 | Accuracy: 0.5600000
[2026-01-16 18:50:22,490] [INFO] - [ 1100/ 4200] | Cost: 0.6882135 | Accuracy: 0.4700000
[2026-01-16 19:01:30,177] [INFO] - [ 1200/ 4200] | Cost: 0.6882727 | Accuracy: 0.4800000
[2026-01-16 19:12:33,810] [INFO] - [ 1300/ 4200] | Cost: 0.6946049 | Accuracy: 0.4400000
[2026-01-16 19:23:53,584] [INFO] - [ 1400/ 4200] | Cost: 0.6736508 | Accuracy: 0.5400000
[2026-01-16 19:34:51,956] [INFO] - [ 1500/ 4200] | Cost: 0.6840374 | Accuracy: 0.4400000
[2026-01-16 19:45:51,358] [INFO] - [ 1600/ 4200] | Cost: 0.6644029 | Accuracy: 0.5500000
[2026-01-16 19:56:52,654] [INFO] - [ 1700/ 4200] | Cost: 0.6814730 | Accuracy: 0.4200000
[2026-01-16 20:07:43,275] [INFO] - [ 1800/ 4200] | Cost: 0.6772903 | Accuracy: 0.4100000
[2026-01-16 20:18:47,668] [INFO] - [ 1900/ 4200] | Cost: 0.6730850 | Accuracy: 0.4600000
[2026-01-16 20:29:48,218] [INFO] - [ 2000/ 4200] | Cost: 0.6701719 | Accuracy: 0.7800000
[2026-01-16 20:40:34,243] [INFO] - [ 2100/ 4200] | Cost: 0.6702418 | Accuracy: 0.8600000
[2026-01-16 20:51:27,879] [INFO] - [ 2200/ 4200] | Cost: 0.6637486 | Accuracy: 0.8900000
[2026-01-16 21:02:29,093] [INFO] - [ 2300/ 4200] | Cost: 0.6604252 | Accuracy: 0.9300000
[2026-01-16 21:13:49,218] [INFO] - [ 2400/ 4200] | Cost: 0.6633748 | Accuracy: 0.8500000
[2026-01-16 21:24:51,543] [INFO] - [ 2500/ 4200] | Cost: 0.6627340 | Accuracy: 0.7800000
[2026-01-16 21:35:41,747] [INFO] - [ 2600/ 4200] | Cost: 0.6654990 | Accuracy: 0.7000000
[2026-01-16 21:46:48,785] [INFO] - [ 2700/ 4200] | Cost: 0.6633358 | Accuracy: 0.6100000
[2026-01-16 21:58:00,813] [INFO] - [ 2800/ 4200] | Cost: 0.6422478 | Accuracy: 0.6500000
[2026-01-16 22:09:28,215] [INFO] - [ 2900/ 4200] | Cost: 0.6657112 | Accuracy: 0.5800000
[2026-01-16 22:20:38,241] [INFO] - [ 3000/ 4200] | Cost: 0.6725001 | Accuracy: 0.5100000
[2026-01-16 22:31:49,509] [INFO] - [ 3100/ 4200] | Cost: 0.6951767 | Accuracy: 0.4500000
[2026-01-16 22:43:08,625] [INFO] - [ 3200/ 4200] | Cost: 0.7076456 | Accuracy: 0.3900000
[2026-01-16 22:54:16,325] [INFO] - [ 3300/ 4200] | Cost: 0.6724297 | Accuracy: 0.5400000
[2026-01-16 23:05:52,227] [INFO] - [ 3400/ 4200] | Cost: 0.6790526 | Accuracy: 0.5100000
[2026-01-16 23:17:15,029] [INFO] - [ 3500/ 4200] | Cost: 0.6646935 | Accuracy: 0.5500000
[2026-01-16 23:28:28,673] [INFO] - [ 3600/ 4200] | Cost: 0.6626364 | Accuracy: 0.6300000
[2026-01-16 23:39:48,476] [INFO] - [ 3700/ 4200] | Cost: 0.6718146 | Accuracy: 0.6800000
[2026-01-16 23:51:21,082] [INFO] - [ 3800/ 4200] | Cost: 0.6696143 | Accuracy: 0.8000000
[2026-01-17 00:02:51,636] [INFO] - [ 3900/ 4200] | Cost: 0.6673762 | Accuracy: 0.8900000
[2026-01-17 00:14:31,133] [INFO] - [ 4000/ 4200] | Cost: 0.6662818 | Accuracy: 0.7200000
[2026-01-17 00:26:13,634] [INFO] - [ 4100/ 4200] | Cost: 0.6641404 | Accuracy: 0.5000000
[2026-01-17 00:37:21,816] [INFO] - [ 4200/ 4200] | Cost: 0.6578944 | Accuracy: 0.5200000
