[2026-01-16 13:43:56,767] [INFO] - seed: 0
image_preprocessing: GaussianBlur
training:
  epochs: 1
  batch_size: 100
  image_width: 16
  lr: 0.05
model:
  num_layers: 3
dataset:
  num_classes: 2
  binary: true
  name: eurosat_rgb
  image_width_sweep: '64'
  orig_width: 64
embedding:
  name: FRQI
  pca: false
  supports_color: false

[2026-01-16 13:43:56,769] [INFO] - Using cuda.
[2026-01-16 13:43:56,819] [INFO] - Dataset: eurosat_rgb | Train Size: 4200 | Validation Size: 1200 | Test Size: 600
[2026-01-16 13:43:56,820] [INFO] - Initiate model
[2026-01-16 13:43:56,822] [INFO] - Weights Shape: torch.Size([3, 9, 3])
[2026-01-16 13:43:56,824] [INFO] - Bias Shape: torch.Size([2])
[2026-01-16 13:44:48,135] [INFO] - [  100/ 4200] | Cost: 0.6840605 | Accuracy: 0.5600000
[2026-01-16 13:45:33,579] [INFO] - [  200/ 4200] | Cost: 0.6714214 | Accuracy: 0.5700000
[2026-01-16 13:46:36,611] [INFO] - [  300/ 4200] | Cost: 0.7021394 | Accuracy: 0.4500000
[2026-01-16 13:47:30,744] [INFO] - [  400/ 4200] | Cost: 0.6834188 | Accuracy: 0.4700000
[2026-01-16 13:48:23,751] [INFO] - [  500/ 4200] | Cost: 0.6724782 | Accuracy: 0.4900000
[2026-01-16 13:49:27,454] [INFO] - [  600/ 4200] | Cost: 0.6567680 | Accuracy: 0.9200000
[2026-01-16 13:50:27,889] [INFO] - [  700/ 4200] | Cost: 0.6559448 | Accuracy: 0.8800000
[2026-01-16 13:51:26,378] [INFO] - [  800/ 4200] | Cost: 0.6454948 | Accuracy: 0.8000000
[2026-01-16 13:52:17,791] [INFO] - [  900/ 4200] | Cost: 0.6416335 | Accuracy: 0.7100000
[2026-01-16 13:53:14,809] [INFO] - [ 1000/ 4200] | Cost: 0.6292264 | Accuracy: 0.7100000
[2026-01-16 13:54:02,363] [INFO] - [ 1100/ 4200] | Cost: 0.6279433 | Accuracy: 0.6300000
[2026-01-16 13:54:54,952] [INFO] - [ 1200/ 4200] | Cost: 0.6197686 | Accuracy: 0.6600000
[2026-01-16 13:55:50,115] [INFO] - [ 1300/ 4200] | Cost: 0.6006334 | Accuracy: 0.7300000
[2026-01-16 13:56:48,505] [INFO] - [ 1400/ 4200] | Cost: 0.5644205 | Accuracy: 0.8500000
[2026-01-16 13:57:38,685] [INFO] - [ 1500/ 4200] | Cost: 0.5552524 | Accuracy: 0.8700000
[2026-01-16 13:58:33,235] [INFO] - [ 1600/ 4200] | Cost: 0.5447676 | Accuracy: 0.9200000
[2026-01-16 13:59:28,396] [INFO] - [ 1700/ 4200] | Cost: 0.5392033 | Accuracy: 0.9100000
[2026-01-16 14:00:25,558] [INFO] - [ 1800/ 4200] | Cost: 0.5092385 | Accuracy: 0.9300000
[2026-01-16 14:01:24,802] [INFO] - [ 1900/ 4200] | Cost: 0.5005777 | Accuracy: 0.9200000
[2026-01-16 14:02:25,833] [INFO] - [ 2000/ 4200] | Cost: 0.4780444 | Accuracy: 0.9500000
[2026-01-16 14:03:11,123] [INFO] - [ 2100/ 4200] | Cost: 0.4650907 | Accuracy: 0.9800000
[2026-01-16 14:03:54,181] [INFO] - [ 2200/ 4200] | Cost: 0.4726270 | Accuracy: 0.9500000
[2026-01-16 14:04:57,037] [INFO] - [ 2300/ 4200] | Cost: 0.4740356 | Accuracy: 0.9300000
[2026-01-16 14:05:52,770] [INFO] - [ 2400/ 4200] | Cost: 0.4238665 | Accuracy: 0.9700000
[2026-01-16 14:06:35,537] [INFO] - [ 2500/ 4200] | Cost: 0.4263410 | Accuracy: 0.9300000
[2026-01-16 14:07:30,817] [INFO] - [ 2600/ 4200] | Cost: 0.4511044 | Accuracy: 0.9800000
[2026-01-16 14:08:22,445] [INFO] - [ 2700/ 4200] | Cost: 0.4279121 | Accuracy: 0.9700000
[2026-01-16 14:09:07,869] [INFO] - [ 2800/ 4200] | Cost: 0.4136511 | Accuracy: 0.9500000
[2026-01-16 14:10:07,210] [INFO] - [ 2900/ 4200] | Cost: 0.4324317 | Accuracy: 0.9500000
[2026-01-16 14:11:15,906] [INFO] - [ 3000/ 4200] | Cost: 0.4100653 | Accuracy: 0.9900000
[2026-01-16 14:12:06,847] [INFO] - [ 3100/ 4200] | Cost: 0.4392331 | Accuracy: 0.9800000
[2026-01-16 14:12:57,374] [INFO] - [ 3200/ 4200] | Cost: 0.4324822 | Accuracy: 0.9900000
[2026-01-16 14:13:52,626] [INFO] - [ 3300/ 4200] | Cost: 0.4113999 | Accuracy: 0.9600000
[2026-01-16 14:14:40,116] [INFO] - [ 3400/ 4200] | Cost: 0.4313118 | Accuracy: 0.9100000
[2026-01-16 14:15:34,837] [INFO] - [ 3500/ 4200] | Cost: 0.4275638 | Accuracy: 0.9500000
[2026-01-16 14:16:30,016] [INFO] - [ 3600/ 4200] | Cost: 0.4142479 | Accuracy: 0.9400000
[2026-01-16 14:17:25,572] [INFO] - [ 3700/ 4200] | Cost: 0.4045436 | Accuracy: 0.9500000
[2026-01-16 14:18:16,537] [INFO] - [ 3800/ 4200] | Cost: 0.4420120 | Accuracy: 0.8800000
[2026-01-16 14:19:12,814] [INFO] - [ 3900/ 4200] | Cost: 0.4313127 | Accuracy: 0.8900000
[2026-01-16 14:20:03,239] [INFO] - [ 4000/ 4200] | Cost: 0.3965559 | Accuracy: 0.9500000
[2026-01-16 14:20:58,443] [INFO] - [ 4100/ 4200] | Cost: 0.4055980 | Accuracy: 0.9700000
[2026-01-16 14:22:02,356] [INFO] - [ 4200/ 4200] | Cost: 0.4322717 | Accuracy: 0.9300000
[2026-01-16 14:25:30,593] [INFO] - Model dict saved to /workspace/persistent/embedding_colosseum/multirun/2026-01-15/22-04-31/104/saved_models/model_epoch-0.pt
[2026-01-16 14:25:30,594] [INFO] - Validation for epoch   0 | Cost: 0.4072303 | Accuracy: 0.9291667
