[2026-01-17 07:11:52,089] [INFO] - seed: 0
image_preprocessing: MedianBlur
training:
  epochs: 1
  batch_size: 100
  image_width: 16
  lr: 0.05
model:
  num_layers: 3
dataset:
  num_classes: 2
  binary: true
  name: cxr8
  image_width_sweep: 2,4,8,16,32,64
  orig_width: 1024
embedding:
  name: FRQI
  pca: false
  supports_color: false

[2026-01-17 07:11:52,094] [INFO] - Using cuda.
[2026-01-17 07:11:52,220] [INFO] - Dataset: cxr8 | Train Size: 2270 | Validation Size: 650 | Test Size: 324
[2026-01-17 07:11:52,223] [INFO] - Initiate model
[2026-01-17 07:11:52,437] [INFO] - Weights Shape: torch.Size([3, 9, 3])
[2026-01-17 07:11:52,439] [INFO] - Bias Shape: torch.Size([2])
[2026-01-17 07:12:28,546] [INFO] - [  100/ 2270] | Cost: 0.6725675 | Accuracy: 0.8200000
[2026-01-17 07:13:07,850] [INFO] - [  200/ 2270] | Cost: 0.6116427 | Accuracy: 0.8400000
[2026-01-17 07:13:51,961] [INFO] - [  300/ 2270] | Cost: 0.5555747 | Accuracy: 0.8500000
[2026-01-17 07:14:43,521] [INFO] - [  400/ 2270] | Cost: 0.5374163 | Accuracy: 0.8200000
[2026-01-17 07:15:35,074] [INFO] - [  500/ 2270] | Cost: 0.4427851 | Accuracy: 0.9000000
[2026-01-17 07:16:38,086] [INFO] - [  600/ 2270] | Cost: 0.4239713 | Accuracy: 0.8900000
[2026-01-17 07:17:34,109] [INFO] - [  700/ 2270] | Cost: 0.4718597 | Accuracy: 0.8300000
[2026-01-17 07:18:25,384] [INFO] - [  800/ 2270] | Cost: 0.4515682 | Accuracy: 0.8400000
[2026-01-17 07:19:04,480] [INFO] - [  900/ 2270] | Cost: 0.4129595 | Accuracy: 0.8600000
[2026-01-17 07:20:06,791] [INFO] - [ 1000/ 2270] | Cost: 0.4585318 | Accuracy: 0.8300000
[2026-01-17 07:20:59,490] [INFO] - [ 1100/ 2270] | Cost: 0.3902085 | Accuracy: 0.8700000
[2026-01-17 07:22:00,189] [INFO] - [ 1200/ 2270] | Cost: 0.4615684 | Accuracy: 0.8300000
[2026-01-17 07:22:43,151] [INFO] - [ 1300/ 2270] | Cost: 0.4269601 | Accuracy: 0.8500000
[2026-01-17 07:23:18,080] [INFO] - [ 1400/ 2270] | Cost: 0.5754471 | Accuracy: 0.7700000
[2026-01-17 07:24:10,400] [INFO] - [ 1500/ 2270] | Cost: 0.4419231 | Accuracy: 0.8400000
[2026-01-17 07:24:59,141] [INFO] - [ 1600/ 2270] | Cost: 0.4609201 | Accuracy: 0.8300000
[2026-01-17 07:25:55,256] [INFO] - [ 1700/ 2270] | Cost: 0.2571187 | Accuracy: 0.9500000
[2026-01-17 07:26:57,108] [INFO] - [ 1800/ 2270] | Cost: 0.2705283 | Accuracy: 0.9400000
[2026-01-17 07:27:58,204] [INFO] - [ 1900/ 2270] | Cost: 0.4009025 | Accuracy: 0.8600000
[2026-01-17 07:28:55,838] [INFO] - [ 2000/ 2270] | Cost: 0.4518649 | Accuracy: 0.8300000
[2026-01-17 07:29:39,031] [INFO] - [ 2100/ 2270] | Cost: 0.4739628 | Accuracy: 0.8200000
[2026-01-17 07:30:35,158] [INFO] - [ 2200/ 2270] | Cost: 0.3684645 | Accuracy: 0.8800000
[2026-01-17 07:31:06,333] [INFO] - [ 2300/ 2270] | Cost: 0.3812052 | Accuracy: 0.8714286
[2026-01-17 07:33:04,418] [INFO] - Model dict saved to /workspace/persistent/embedding_colosseum/multirun/2026-01-15/22-04-31/312/saved_models/model_epoch-0.pt
[2026-01-17 07:33:04,420] [INFO] - Validation for epoch   0 | Cost: 0.4404962 | Accuracy: 0.8400000
