[2026-01-18 23:04:09,276] [INFO] - seed: 0
image_preprocessing: ContrastScaling
training:
  epochs: 1
  batch_size: 100
  image_width: 8
  lr: 0.05
model:
  num_layers: 3
dataset:
  num_classes: 2
  binary: true
  name: cxr8
  image_width_sweep: 2,4,8,16,32
  orig_width: 1024
embedding:
  name: NAQSS
  pca: false
  supports_color: false

[2026-01-18 23:04:09,280] [INFO] - Using cuda.
[2026-01-18 23:04:09,417] [INFO] - Dataset: cxr8 | Train Size: 2270 | Validation Size: 650 | Test Size: 324
[2026-01-18 23:04:09,420] [INFO] - Initiate model
[2026-01-18 23:04:11,023] [INFO] - Weights Shape: torch.Size([3, 15, 3])
[2026-01-18 23:04:11,024] [INFO] - Bias Shape: torch.Size([2])
[2026-01-18 23:08:46,121] [INFO] - [  100/ 2270] | Cost: 0.6920122 | Accuracy: 0.6500000
[2026-01-18 23:13:20,632] [INFO] - [  200/ 2270] | Cost: 0.6594504 | Accuracy: 0.8400000
[2026-01-18 23:20:45,815] [INFO] - [  300/ 2270] | Cost: 0.6259750 | Accuracy: 0.8500000
[2026-01-18 23:32:18,751] [INFO] - [  400/ 2270] | Cost: 0.6066720 | Accuracy: 0.8200000
[2026-01-18 23:43:41,715] [INFO] - [  500/ 2270] | Cost: 0.5507311 | Accuracy: 0.9000000
[2026-01-18 23:55:09,055] [INFO] - [  600/ 2270] | Cost: 0.5265390 | Accuracy: 0.8900000
[2026-01-19 00:06:17,249] [INFO] - [  700/ 2270] | Cost: 0.5380363 | Accuracy: 0.8300000
[2026-01-19 00:17:54,030] [INFO] - [  800/ 2270] | Cost: 0.5102705 | Accuracy: 0.8400000
[2026-01-19 00:29:19,642] [INFO] - [  900/ 2270] | Cost: 0.4790902 | Accuracy: 0.8600000
[2026-01-19 00:40:22,650] [INFO] - [ 1000/ 2270] | Cost: 0.4907612 | Accuracy: 0.8300000
[2026-01-19 00:51:53,017] [INFO] - [ 1100/ 2270] | Cost: 0.4432274 | Accuracy: 0.8700000
[2026-01-19 01:03:05,834] [INFO] - [ 1200/ 2270] | Cost: 0.4695374 | Accuracy: 0.8300000
[2026-01-19 01:14:44,251] [INFO] - [ 1300/ 2270] | Cost: 0.4441093 | Accuracy: 0.8500000
[2026-01-19 01:26:15,552] [INFO] - [ 1400/ 2270] | Cost: 0.5388451 | Accuracy: 0.7700000
[2026-01-19 01:37:14,044] [INFO] - [ 1500/ 2270] | Cost: 0.4515923 | Accuracy: 0.8400000
[2026-01-19 01:49:02,949] [INFO] - [ 1600/ 2270] | Cost: 0.4646633 | Accuracy: 0.8300000
[2026-01-19 01:59:37,555] [INFO] - [ 1700/ 2270] | Cost: 0.2816733 | Accuracy: 0.9500000
[2026-01-19 02:11:28,721] [INFO] - [ 1800/ 2270] | Cost: 0.2828675 | Accuracy: 0.9400000
[2026-01-19 02:22:39,616] [INFO] - [ 1900/ 2270] | Cost: 0.4112995 | Accuracy: 0.8600000
[2026-01-19 02:34:11,147] [INFO] - [ 2000/ 2270] | Cost: 0.4615541 | Accuracy: 0.8300000
[2026-01-19 02:45:27,221] [INFO] - [ 2100/ 2270] | Cost: 0.4728272 | Accuracy: 0.8200000
[2026-01-19 02:56:51,655] [INFO] - [ 2200/ 2270] | Cost: 0.3725422 | Accuracy: 0.8800000
[2026-01-19 03:04:25,224] [INFO] - [ 2300/ 2270] | Cost: 0.3795651 | Accuracy: 0.8714286
