[2026-01-16 13:31:50,293] [INFO] - seed: 0
image_preprocessing: None
training:
  epochs: 1
  batch_size: 100
  image_width: 32
  lr: 0.05
model:
  num_layers: 3
dataset:
  num_classes: 2
  binary: true
  name: eurosat_rgb
  image_width_sweep: '64'
  orig_width: 64
embedding:
  name: OQIM
  pca: false
  supports_color: true

[2026-01-16 13:31:50,295] [INFO] - Using cuda.
[2026-01-16 13:31:50,338] [INFO] - Dataset: eurosat_rgb | Train Size: 4200 | Validation Size: 1200 | Test Size: 600
[2026-01-16 13:31:50,340] [INFO] - Initiate model
[2026-01-16 13:31:50,342] [INFO] - Weights Shape: torch.Size([3, 12, 3])
[2026-01-16 13:31:50,343] [INFO] - Bias Shape: torch.Size([2])
[2026-01-16 13:34:37,305] [INFO] - [  100/ 4200] | Cost: 0.6986244 | Accuracy: 0.4400000
[2026-01-16 13:37:42,673] [INFO] - [  200/ 4200] | Cost: 0.6874430 | Accuracy: 0.5700000
[2026-01-16 13:40:31,642] [INFO] - [  300/ 4200] | Cost: 0.7091805 | Accuracy: 0.4500000
[2026-01-16 13:43:35,490] [INFO] - [  400/ 4200] | Cost: 0.7026449 | Accuracy: 0.4700000
[2026-01-16 13:46:38,312] [INFO] - [  500/ 4200] | Cost: 0.6943861 | Accuracy: 0.4900000
[2026-01-16 13:49:47,037] [INFO] - [  600/ 4200] | Cost: 0.6792127 | Accuracy: 0.5500000
[2026-01-16 13:52:44,825] [INFO] - [  700/ 4200] | Cost: 0.6812270 | Accuracy: 0.5000000
[2026-01-16 13:55:37,181] [INFO] - [  800/ 4200] | Cost: 0.6772559 | Accuracy: 0.4600000
[2026-01-16 13:58:28,919] [INFO] - [  900/ 4200] | Cost: 0.6730132 | Accuracy: 0.9400000
[2026-01-16 14:01:31,487] [INFO] - [ 1000/ 4200] | Cost: 0.6595340 | Accuracy: 0.8600000
[2026-01-16 14:04:08,360] [INFO] - [ 1100/ 4200] | Cost: 0.6501564 | Accuracy: 0.7800000
[2026-01-16 14:07:00,001] [INFO] - [ 1200/ 4200] | Cost: 0.6475447 | Accuracy: 0.7000000
[2026-01-16 14:09:38,594] [INFO] - [ 1300/ 4200] | Cost: 0.6383888 | Accuracy: 0.7400000
[2026-01-16 14:12:27,969] [INFO] - [ 1400/ 4200] | Cost: 0.6215145 | Accuracy: 0.8800000
[2026-01-16 14:15:28,659] [INFO] - [ 1500/ 4200] | Cost: 0.6172913 | Accuracy: 0.8800000
[2026-01-16 14:18:12,719] [INFO] - [ 1600/ 4200] | Cost: 0.6155617 | Accuracy: 0.9000000
[2026-01-16 14:21:13,958] [INFO] - [ 1700/ 4200] | Cost: 0.6088536 | Accuracy: 0.9100000
[2026-01-16 14:24:08,948] [INFO] - [ 1800/ 4200] | Cost: 0.5921568 | Accuracy: 0.9400000
[2026-01-16 14:27:00,349] [INFO] - [ 1900/ 4200] | Cost: 0.5894581 | Accuracy: 0.9000000
[2026-01-16 14:29:48,915] [INFO] - [ 2000/ 4200] | Cost: 0.5666336 | Accuracy: 0.9300000
[2026-01-16 14:32:46,149] [INFO] - [ 2100/ 4200] | Cost: 0.5630921 | Accuracy: 0.9600000
[2026-01-16 14:35:55,749] [INFO] - [ 2200/ 4200] | Cost: 0.5537009 | Accuracy: 0.9500000
[2026-01-16 14:38:46,369] [INFO] - [ 2300/ 4200] | Cost: 0.5505078 | Accuracy: 0.9000000
[2026-01-16 14:41:41,475] [INFO] - [ 2400/ 4200] | Cost: 0.5084318 | Accuracy: 0.9300000
[2026-01-16 14:44:34,309] [INFO] - [ 2500/ 4200] | Cost: 0.5060740 | Accuracy: 0.9400000
[2026-01-16 14:47:37,054] [INFO] - [ 2600/ 4200] | Cost: 0.5262789 | Accuracy: 0.9500000
[2026-01-16 14:50:39,132] [INFO] - [ 2700/ 4200] | Cost: 0.5058185 | Accuracy: 0.9300000
[2026-01-16 14:53:39,997] [INFO] - [ 2800/ 4200] | Cost: 0.4921674 | Accuracy: 0.9600000
[2026-01-16 14:56:42,681] [INFO] - [ 2900/ 4200] | Cost: 0.4960078 | Accuracy: 0.9500000
[2026-01-16 14:59:41,010] [INFO] - [ 3000/ 4200] | Cost: 0.4800359 | Accuracy: 0.9800000
[2026-01-16 15:02:33,168] [INFO] - [ 3100/ 4200] | Cost: 0.5102456 | Accuracy: 0.9500000
[2026-01-16 15:05:29,810] [INFO] - [ 3200/ 4200] | Cost: 0.5086883 | Accuracy: 0.9700000
[2026-01-16 15:08:37,184] [INFO] - [ 3300/ 4200] | Cost: 0.4932193 | Accuracy: 0.9500000
[2026-01-16 15:11:10,366] [INFO] - [ 3400/ 4200] | Cost: 0.4972582 | Accuracy: 0.9200000
[2026-01-16 15:13:54,721] [INFO] - [ 3500/ 4200] | Cost: 0.5023524 | Accuracy: 0.9200000
[2026-01-16 15:16:32,407] [INFO] - [ 3600/ 4200] | Cost: 0.4919446 | Accuracy: 0.9100000
[2026-01-16 15:19:37,207] [INFO] - [ 3700/ 4200] | Cost: 0.4777486 | Accuracy: 0.9500000
[2026-01-16 15:22:19,722] [INFO] - [ 3800/ 4200] | Cost: 0.5117860 | Accuracy: 0.8600000
[2026-01-16 15:25:14,031] [INFO] - [ 3900/ 4200] | Cost: 0.5071240 | Accuracy: 0.8500000
[2026-01-16 15:28:04,967] [INFO] - [ 4000/ 4200] | Cost: 0.4791896 | Accuracy: 0.9100000
[2026-01-16 15:31:06,483] [INFO] - [ 4100/ 4200] | Cost: 0.4710593 | Accuracy: 0.9100000
[2026-01-16 15:34:13,506] [INFO] - [ 4200/ 4200] | Cost: 0.4945588 | Accuracy: 0.8900000
