[2026-01-17 08:11:32,823] [INFO] - seed: 0
image_preprocessing: HomomorphicFilter
training:
  epochs: 1
  batch_size: 100
  image_width: 32
  lr: 0.05
model:
  num_layers: 3
dataset:
  num_classes: 2
  binary: true
  name: cxr8
  image_width_sweep: 2,4,8,16,32,64
  orig_width: 1024
embedding:
  name: NEQR
  pca: false
  supports_color: true

[2026-01-17 08:11:32,826] [INFO] - Using cuda.
[2026-01-17 08:11:32,955] [INFO] - Dataset: cxr8 | Train Size: 2270 | Validation Size: 650 | Test Size: 324
[2026-01-17 08:11:32,958] [INFO] - Initiate model
[2026-01-17 08:11:32,960] [INFO] - Weights Shape: torch.Size([3, 18, 3])
[2026-01-17 08:11:32,961] [INFO] - Bias Shape: torch.Size([2])
[2026-01-17 08:16:50,548] [INFO] - [  100/ 2270] | Cost: 0.6931208 | Accuracy: 0.5000000
[2026-01-17 08:22:36,312] [INFO] - [  200/ 2270] | Cost: 0.6604663 | Accuracy: 0.8400000
[2026-01-17 08:27:48,419] [INFO] - [  300/ 2270] | Cost: 0.6281112 | Accuracy: 0.8500000
[2026-01-17 08:33:25,859] [INFO] - [  400/ 2270] | Cost: 0.6085465 | Accuracy: 0.8200000
[2026-01-17 08:38:10,881] [INFO] - [  500/ 2270] | Cost: 0.5536118 | Accuracy: 0.9000000
[2026-01-17 08:43:31,512] [INFO] - [  600/ 2270] | Cost: 0.5300269 | Accuracy: 0.8900000
[2026-01-17 08:48:06,246] [INFO] - [  700/ 2270] | Cost: 0.5404733 | Accuracy: 0.8300000
[2026-01-17 08:52:49,937] [INFO] - [  800/ 2270] | Cost: 0.5168151 | Accuracy: 0.8400000
[2026-01-17 08:57:22,488] [INFO] - [  900/ 2270] | Cost: 0.4858164 | Accuracy: 0.8600000
[2026-01-17 09:01:48,758] [INFO] - [ 1000/ 2270] | Cost: 0.4969992 | Accuracy: 0.8300000
[2026-01-17 09:06:15,601] [INFO] - [ 1100/ 2270] | Cost: 0.4483057 | Accuracy: 0.8700000
[2026-01-17 09:10:35,347] [INFO] - [ 1200/ 2270] | Cost: 0.4783702 | Accuracy: 0.8300000
[2026-01-17 09:15:00,264] [INFO] - [ 1300/ 2270] | Cost: 0.4491255 | Accuracy: 0.8500000
[2026-01-17 09:19:19,734] [INFO] - [ 1400/ 2270] | Cost: 0.5393732 | Accuracy: 0.7700000
[2026-01-17 09:23:47,710] [INFO] - [ 1500/ 2270] | Cost: 0.4499975 | Accuracy: 0.8400000
[2026-01-17 09:28:17,911] [INFO] - [ 1600/ 2270] | Cost: 0.4599379 | Accuracy: 0.8300000
[2026-01-17 09:32:34,499] [INFO] - [ 1700/ 2270] | Cost: 0.2881766 | Accuracy: 0.9500000
[2026-01-17 09:36:55,425] [INFO] - [ 1800/ 2270] | Cost: 0.2938463 | Accuracy: 0.9400000
[2026-01-17 09:41:18,050] [INFO] - [ 1900/ 2270] | Cost: 0.4096010 | Accuracy: 0.8600000
[2026-01-17 09:45:44,268] [INFO] - [ 2000/ 2270] | Cost: 0.4559414 | Accuracy: 0.8300000
[2026-01-17 09:50:02,607] [INFO] - [ 2100/ 2270] | Cost: 0.4728046 | Accuracy: 0.8200000
[2026-01-17 09:54:23,971] [INFO] - [ 2200/ 2270] | Cost: 0.3713844 | Accuracy: 0.8800000
[2026-01-17 09:57:19,506] [INFO] - [ 2300/ 2270] | Cost: 0.3851467 | Accuracy: 0.8714286
