[2026-01-17 17:36:51,451] [INFO] - seed: 0
image_preprocessing: BilateralFilter
training:
  epochs: 1
  batch_size: 100
  image_width: 32
  lr: 0.05
model:
  num_layers: 3
dataset:
  num_classes: 2
  binary: true
  name: eurosat_rgb
  image_width_sweep: '64'
  orig_width: 64
embedding:
  name: RMP
  pca: true
  supports_color: true

[2026-01-17 17:36:51,452] [INFO] - Using cuda.
[2026-01-17 17:36:51,491] [INFO] - Dataset: eurosat_rgb | Train Size: 4200 | Validation Size: 1200 | Test Size: 600
[2026-01-17 17:36:51,493] [INFO] - Applying PCA Loader to the dataset
[2026-01-17 17:36:58,205] [INFO] - Initiate model
[2026-01-17 17:36:58,208] [INFO] - Weights Shape: torch.Size([3, 6, 3])
[2026-01-17 17:36:58,209] [INFO] - Bias Shape: torch.Size([2])
[2026-01-17 17:37:40,671] [INFO] - [  100/ 4200] | Cost: 0.6910612 | Accuracy: 0.5100000
[2026-01-17 17:38:33,058] [INFO] - [  200/ 4200] | Cost: 0.6795210 | Accuracy: 0.6700000
[2026-01-17 17:39:26,518] [INFO] - [  300/ 4200] | Cost: 0.6719401 | Accuracy: 0.5700000
[2026-01-17 17:40:19,919] [INFO] - [  400/ 4200] | Cost: 0.6791629 | Accuracy: 0.4800000
[2026-01-17 17:41:13,336] [INFO] - [  500/ 4200] | Cost: 0.6504999 | Accuracy: 0.5800000
[2026-01-17 17:42:06,552] [INFO] - [  600/ 4200] | Cost: 0.6558015 | Accuracy: 0.5500000
[2026-01-17 17:42:59,954] [INFO] - [  700/ 4200] | Cost: 0.6627036 | Accuracy: 0.5100000
[2026-01-17 17:43:53,329] [INFO] - [  800/ 4200] | Cost: 0.6777949 | Accuracy: 0.4200000
[2026-01-17 17:44:46,680] [INFO] - [  900/ 4200] | Cost: 0.6533896 | Accuracy: 0.6100000
[2026-01-17 17:45:39,858] [INFO] - [ 1000/ 4200] | Cost: 0.6534420 | Accuracy: 0.8200000
[2026-01-17 17:46:33,200] [INFO] - [ 1100/ 4200] | Cost: 0.6464849 | Accuracy: 0.9800000
[2026-01-17 17:47:26,590] [INFO] - [ 1200/ 4200] | Cost: 0.6474237 | Accuracy: 0.6800000
[2026-01-17 17:48:19,959] [INFO] - [ 1300/ 4200] | Cost: 0.6455020 | Accuracy: 0.5200000
[2026-01-17 17:49:13,142] [INFO] - [ 1400/ 4200] | Cost: 0.6534004 | Accuracy: 0.4900000
[2026-01-17 17:50:06,497] [INFO] - [ 1500/ 4200] | Cost: 0.6447834 | Accuracy: 0.6000000
[2026-01-17 17:50:59,916] [INFO] - [ 1600/ 4200] | Cost: 0.6367558 | Accuracy: 0.9300000
[2026-01-17 17:51:53,322] [INFO] - [ 1700/ 4200] | Cost: 0.6339522 | Accuracy: 0.8900000
[2026-01-17 17:52:46,515] [INFO] - [ 1800/ 4200] | Cost: 0.6144657 | Accuracy: 0.8300000
[2026-01-17 17:53:39,879] [INFO] - [ 1900/ 4200] | Cost: 0.6157857 | Accuracy: 0.6700000
[2026-01-17 17:54:33,233] [INFO] - [ 2000/ 4200] | Cost: 0.6395434 | Accuracy: 0.4700000
[2026-01-17 17:55:26,597] [INFO] - [ 2100/ 4200] | Cost: 0.6295922 | Accuracy: 0.5200000
[2026-01-17 17:56:19,995] [INFO] - [ 2200/ 4200] | Cost: 0.6295535 | Accuracy: 0.5600000
[2026-01-17 17:57:13,153] [INFO] - [ 2300/ 4200] | Cost: 0.5915182 | Accuracy: 0.7800000
[2026-01-17 17:58:06,543] [INFO] - [ 2400/ 4200] | Cost: 0.5883789 | Accuracy: 0.8500000
[2026-01-17 17:58:59,914] [INFO] - [ 2500/ 4200] | Cost: 0.6073601 | Accuracy: 0.8400000
[2026-01-17 17:59:53,277] [INFO] - [ 2600/ 4200] | Cost: 0.5890160 | Accuracy: 0.9500000
[2026-01-17 18:00:46,455] [INFO] - [ 2700/ 4200] | Cost: 0.5896034 | Accuracy: 0.9500000
[2026-01-17 18:01:39,877] [INFO] - [ 2800/ 4200] | Cost: 0.5923728 | Accuracy: 0.9700000
[2026-01-17 18:02:33,219] [INFO] - [ 2900/ 4200] | Cost: 0.5910370 | Accuracy: 0.9400000
[2026-01-17 18:03:26,588] [INFO] - [ 3000/ 4200] | Cost: 0.5780340 | Accuracy: 1.0000000
[2026-01-17 18:04:19,928] [INFO] - [ 3100/ 4200] | Cost: 0.5711130 | Accuracy: 0.9800000
[2026-01-17 18:05:13,148] [INFO] - [ 3200/ 4200] | Cost: 0.5780357 | Accuracy: 1.0000000
[2026-01-17 18:06:06,539] [INFO] - [ 3300/ 4200] | Cost: 0.5843024 | Accuracy: 0.9600000
[2026-01-17 18:06:59,900] [INFO] - [ 3400/ 4200] | Cost: 0.5832975 | Accuracy: 0.9900000
[2026-01-17 18:07:53,409] [INFO] - [ 3500/ 4200] | Cost: 0.5730566 | Accuracy: 1.0000000
[2026-01-17 18:08:46,617] [INFO] - [ 3600/ 4200] | Cost: 0.5794549 | Accuracy: 0.9700000
[2026-01-17 18:09:38,741] [INFO] - [ 3700/ 4200] | Cost: 0.5724568 | Accuracy: 0.9800000
[2026-01-17 18:10:25,909] [INFO] - [ 3800/ 4200] | Cost: 0.5874814 | Accuracy: 0.9400000
[2026-01-17 18:11:19,114] [INFO] - [ 3900/ 4200] | Cost: 0.5738379 | Accuracy: 0.9600000
[2026-01-17 18:12:12,475] [INFO] - [ 4000/ 4200] | Cost: 0.5638230 | Accuracy: 0.9000000
[2026-01-17 18:13:05,810] [INFO] - [ 4100/ 4200] | Cost: 0.5830805 | Accuracy: 0.8400000
[2026-01-17 18:13:58,518] [INFO] - [ 4200/ 4200] | Cost: 0.5799930 | Accuracy: 0.7600000
[2026-01-17 18:14:16,711] [INFO] - Model dict saved to /workspace/persistent/embedding_colosseum/multirun/2026-01-17/16-03-43/50/saved_models/model_epoch-0.pt
[2026-01-17 18:14:16,713] [INFO] - Validation for epoch   0 | Cost: 0.5787723 | Accuracy: 0.7658333
