[2026-01-18 04:21:15,563] [INFO] - seed: 1
image_preprocessing: MedianBlur
training:
  epochs: 1
  batch_size: 100
  image_width: 32
  lr: 0.05
model:
  num_layers: 3
dataset:
  num_classes: 2
  binary: true
  name: eurosat_ms
  image_width_sweep: '64'
  orig_width: 64
embedding:
  name: RMP
  pca: true
  supports_color: true

[2026-01-18 04:21:15,565] [INFO] - Using cuda.
[2026-01-18 04:21:15,613] [INFO] - Dataset: eurosat_ms | Train Size: 4200 | Validation Size: 1200 | Test Size: 600
[2026-01-18 04:21:15,615] [INFO] - Applying PCA Loader to the dataset
[2026-01-18 04:21:26,321] [INFO] - Initiate model
[2026-01-18 04:21:26,324] [INFO] - Weights Shape: torch.Size([3, 6, 3])
[2026-01-18 04:21:26,325] [INFO] - Bias Shape: torch.Size([2])
[2026-01-18 04:22:01,377] [INFO] - [  100/ 4200] | Cost: 0.7119350 | Accuracy: 0.4400000
[2026-01-18 04:22:36,411] [INFO] - [  200/ 4200] | Cost: 0.6865903 | Accuracy: 0.6200000
[2026-01-18 04:23:11,279] [INFO] - [  300/ 4200] | Cost: 0.6924641 | Accuracy: 0.4700000
[2026-01-18 04:23:45,983] [INFO] - [  400/ 4200] | Cost: 0.6761167 | Accuracy: 0.5600000
[2026-01-18 04:24:19,225] [INFO] - [  500/ 4200] | Cost: 0.7009920 | Accuracy: 0.4500000
[2026-01-18 04:24:53,999] [INFO] - [  600/ 4200] | Cost: 0.6809459 | Accuracy: 0.5300000
[2026-01-18 04:25:29,001] [INFO] - [  700/ 4200] | Cost: 0.6866525 | Accuracy: 0.4700000
[2026-01-18 04:26:03,828] [INFO] - [  800/ 4200] | Cost: 0.6834913 | Accuracy: 0.5300000
[2026-01-18 04:26:38,875] [INFO] - [  900/ 4200] | Cost: 0.6801605 | Accuracy: 0.6100000
[2026-01-18 04:27:13,871] [INFO] - [ 1000/ 4200] | Cost: 0.6755134 | Accuracy: 0.5400000
[2026-01-18 04:27:48,833] [INFO] - [ 1100/ 4200] | Cost: 0.6795853 | Accuracy: 0.5100000
[2026-01-18 04:28:23,660] [INFO] - [ 1200/ 4200] | Cost: 0.6902674 | Accuracy: 0.4600000
[2026-01-18 04:28:54,207] [INFO] - [ 1300/ 4200] | Cost: 0.6712356 | Accuracy: 0.5500000
[2026-01-18 04:29:29,165] [INFO] - [ 1400/ 4200] | Cost: 0.6687268 | Accuracy: 0.5400000
[2026-01-18 04:30:03,373] [INFO] - [ 1500/ 4200] | Cost: 0.6608325 | Accuracy: 0.6200000
[2026-01-18 04:30:23,732] [INFO] - [ 1600/ 4200] | Cost: 0.6684104 | Accuracy: 0.5600000
[2026-01-18 04:30:54,146] [INFO] - [ 1700/ 4200] | Cost: 0.6681207 | Accuracy: 0.5500000
[2026-01-18 04:31:29,096] [INFO] - [ 1800/ 4200] | Cost: 0.6814620 | Accuracy: 0.4600000
[2026-01-18 04:32:04,042] [INFO] - [ 1900/ 4200] | Cost: 0.6621702 | Accuracy: 0.5800000
[2026-01-18 04:32:39,050] [INFO] - [ 2000/ 4200] | Cost: 0.6817003 | Accuracy: 0.4300000
[2026-01-18 04:33:13,946] [INFO] - [ 2100/ 4200] | Cost: 0.6703676 | Accuracy: 0.5200000
[2026-01-18 04:33:48,948] [INFO] - [ 2200/ 4200] | Cost: 0.6656546 | Accuracy: 0.9000000
[2026-01-18 04:34:23,932] [INFO] - [ 2300/ 4200] | Cost: 0.6646852 | Accuracy: 0.6000000
[2026-01-18 04:34:58,984] [INFO] - [ 2400/ 4200] | Cost: 0.6735653 | Accuracy: 0.4700000
[2026-01-18 04:35:33,859] [INFO] - [ 2500/ 4200] | Cost: 0.6542222 | Accuracy: 0.5700000
[2026-01-18 04:36:08,865] [INFO] - [ 2600/ 4200] | Cost: 0.6769151 | Accuracy: 0.4800000
[2026-01-18 04:36:43,906] [INFO] - [ 2700/ 4200] | Cost: 0.6617489 | Accuracy: 0.5300000
[2026-01-18 04:37:18,979] [INFO] - [ 2800/ 4200] | Cost: 0.6500974 | Accuracy: 0.5600000
[2026-01-18 04:37:53,918] [INFO] - [ 2900/ 4200] | Cost: 0.6598421 | Accuracy: 0.5000000
[2026-01-18 04:38:29,048] [INFO] - [ 3000/ 4200] | Cost: 0.6650495 | Accuracy: 0.5500000
[2026-01-18 04:39:04,053] [INFO] - [ 3100/ 4200] | Cost: 0.6613883 | Accuracy: 0.7500000
[2026-01-18 04:39:39,090] [INFO] - [ 3200/ 4200] | Cost: 0.6539444 | Accuracy: 0.8800000
[2026-01-18 04:40:14,030] [INFO] - [ 3300/ 4200] | Cost: 0.6659322 | Accuracy: 0.4500000
[2026-01-18 04:40:49,165] [INFO] - [ 3400/ 4200] | Cost: 0.6642909 | Accuracy: 0.4500000
[2026-01-18 04:41:24,188] [INFO] - [ 3500/ 4200] | Cost: 0.6471052 | Accuracy: 0.5700000
[2026-01-18 04:41:59,268] [INFO] - [ 3600/ 4200] | Cost: 0.6658524 | Accuracy: 0.4800000
[2026-01-18 04:42:34,169] [INFO] - [ 3700/ 4200] | Cost: 0.6393648 | Accuracy: 0.9000000
[2026-01-18 04:43:09,294] [INFO] - [ 3800/ 4200] | Cost: 0.6447847 | Accuracy: 0.9000000
[2026-01-18 04:43:44,441] [INFO] - [ 3900/ 4200] | Cost: 0.6440793 | Accuracy: 0.8600000
[2026-01-18 04:44:19,481] [INFO] - [ 4000/ 4200] | Cost: 0.6382684 | Accuracy: 0.9400000
[2026-01-18 04:44:54,352] [INFO] - [ 4100/ 4200] | Cost: 0.6379011 | Accuracy: 0.9500000
[2026-01-18 04:45:29,321] [INFO] - [ 4200/ 4200] | Cost: 0.6426585 | Accuracy: 0.9000000
[2026-01-18 04:45:45,945] [INFO] - Model dict saved to /workspace/persistent/embedding_colosseum/multirun/2026-01-18/02-06-25/65/saved_models/model_epoch-0.pt
[2026-01-18 04:45:45,946] [INFO] - Validation for epoch   0 | Cost: 0.6359304 | Accuracy: 0.9175000
