[2026-01-16 15:42:18,698] [INFO] - seed: 0
image_preprocessing: ContrastScaling
training:
  epochs: 1
  batch_size: 100
  image_width: 32
  lr: 0.05
model:
  num_layers: 3
dataset:
  num_classes: 2
  binary: true
  name: eurosat_rgb
  image_width_sweep: '64'
  orig_width: 64
embedding:
  name: NAQSS
  pca: false
  supports_color: false

[2026-01-16 15:42:18,700] [INFO] - Using cuda.
[2026-01-16 15:42:18,742] [INFO] - Dataset: eurosat_rgb | Train Size: 4200 | Validation Size: 1200 | Test Size: 600
[2026-01-16 15:42:18,744] [INFO] - Initiate model
[2026-01-16 15:42:18,746] [INFO] - Weights Shape: torch.Size([3, 19, 3])
[2026-01-16 15:42:18,747] [INFO] - Bias Shape: torch.Size([2])
[2026-01-16 15:53:04,309] [INFO] - [  100/ 4200] | Cost: 0.6933812 | Accuracy: 0.4200000
[2026-01-16 16:04:10,412] [INFO] - [  200/ 4200] | Cost: 0.6872482 | Accuracy: 0.5700000
[2026-01-16 16:15:13,829] [INFO] - [  300/ 4200] | Cost: 0.7074353 | Accuracy: 0.4500000
[2026-01-16 16:26:21,906] [INFO] - [  400/ 4200] | Cost: 0.7030293 | Accuracy: 0.4700000
[2026-01-16 16:37:12,093] [INFO] - [  500/ 4200] | Cost: 0.6970915 | Accuracy: 0.4900000
[2026-01-16 16:47:25,909] [INFO] - [  600/ 4200] | Cost: 0.6882092 | Accuracy: 0.5500000
[2026-01-16 16:58:16,177] [INFO] - [  700/ 4200] | Cost: 0.6926596 | Accuracy: 0.5000000
[2026-01-16 17:09:19,411] [INFO] - [  800/ 4200] | Cost: 0.6924880 | Accuracy: 0.4600000
[2026-01-16 17:20:21,788] [INFO] - [  900/ 4200] | Cost: 0.6897212 | Accuracy: 0.8400000
[2026-01-16 17:31:18,956] [INFO] - [ 1000/ 4200] | Cost: 0.6852625 | Accuracy: 0.5600000
[2026-01-16 17:42:23,617] [INFO] - [ 1100/ 4200] | Cost: 0.6924298 | Accuracy: 0.4700000
[2026-01-16 17:53:20,326] [INFO] - [ 1200/ 4200] | Cost: 0.6918488 | Accuracy: 0.4800000
[2026-01-16 18:04:41,839] [INFO] - [ 1300/ 4200] | Cost: 0.6994138 | Accuracy: 0.4400000
[2026-01-16 18:15:39,566] [INFO] - [ 1400/ 4200] | Cost: 0.6800411 | Accuracy: 0.5400000
[2026-01-16 18:26:21,094] [INFO] - [ 1500/ 4200] | Cost: 0.6928578 | Accuracy: 0.4400000
[2026-01-16 18:37:27,053] [INFO] - [ 1600/ 4200] | Cost: 0.6723818 | Accuracy: 0.5700000
[2026-01-16 18:48:32,573] [INFO] - [ 1700/ 4200] | Cost: 0.6894132 | Accuracy: 0.4600000
[2026-01-16 18:59:39,537] [INFO] - [ 1800/ 4200] | Cost: 0.6831370 | Accuracy: 0.4700000
[2026-01-16 19:10:32,362] [INFO] - [ 1900/ 4200] | Cost: 0.6813891 | Accuracy: 0.4400000
[2026-01-16 19:21:38,554] [INFO] - [ 2000/ 4200] | Cost: 0.6809967 | Accuracy: 0.5200000
[2026-01-16 19:33:06,189] [INFO] - [ 2100/ 4200] | Cost: 0.6797282 | Accuracy: 0.8600000
[2026-01-16 19:44:07,791] [INFO] - [ 2200/ 4200] | Cost: 0.6771461 | Accuracy: 0.8400000
[2026-01-16 19:55:16,562] [INFO] - [ 2300/ 4200] | Cost: 0.6736576 | Accuracy: 0.8700000
[2026-01-16 20:06:29,687] [INFO] - [ 2400/ 4200] | Cost: 0.6774562 | Accuracy: 0.7300000
[2026-01-16 20:17:37,877] [INFO] - [ 2500/ 4200] | Cost: 0.6760979 | Accuracy: 0.6300000
[2026-01-16 20:28:37,607] [INFO] - [ 2600/ 4200] | Cost: 0.6746271 | Accuracy: 0.6100000
[2026-01-16 20:39:43,868] [INFO] - [ 2700/ 4200] | Cost: 0.6773741 | Accuracy: 0.5500000
[2026-01-16 20:50:32,116] [INFO] - [ 2800/ 4200] | Cost: 0.6568088 | Accuracy: 0.6300000
[2026-01-16 21:01:40,691] [INFO] - [ 2900/ 4200] | Cost: 0.6754625 | Accuracy: 0.5600000
[2026-01-16 21:12:30,888] [INFO] - [ 3000/ 4200] | Cost: 0.6813433 | Accuracy: 0.5100000
[2026-01-16 21:23:18,651] [INFO] - [ 3100/ 4200] | Cost: 0.7045470 | Accuracy: 0.4500000
[2026-01-16 21:33:56,503] [INFO] - [ 3200/ 4200] | Cost: 0.7165301 | Accuracy: 0.3900000
[2026-01-16 21:44:29,390] [INFO] - [ 3300/ 4200] | Cost: 0.6821725 | Accuracy: 0.5300000
[2026-01-16 21:55:34,824] [INFO] - [ 3400/ 4200] | Cost: 0.6876607 | Accuracy: 0.5000000
[2026-01-16 22:06:27,753] [INFO] - [ 3500/ 4200] | Cost: 0.6790965 | Accuracy: 0.4900000
[2026-01-16 22:17:07,314] [INFO] - [ 3600/ 4200] | Cost: 0.6723588 | Accuracy: 0.5500000
[2026-01-16 22:27:52,383] [INFO] - [ 3700/ 4200] | Cost: 0.6861120 | Accuracy: 0.4500000
[2026-01-16 22:38:53,828] [INFO] - [ 3800/ 4200] | Cost: 0.6814097 | Accuracy: 0.6700000
[2026-01-16 22:49:57,857] [INFO] - [ 3900/ 4200] | Cost: 0.6789777 | Accuracy: 0.8700000
[2026-01-16 23:01:17,488] [INFO] - [ 4000/ 4200] | Cost: 0.6763309 | Accuracy: 0.5200000
[2026-01-16 23:12:55,046] [INFO] - [ 4100/ 4200] | Cost: 0.6725832 | Accuracy: 0.5100000
[2026-01-16 23:24:25,594] [INFO] - [ 4200/ 4200] | Cost: 0.6690202 | Accuracy: 0.5600000
