[2026-01-17 08:09:33,107] [INFO] - seed: 0
image_preprocessing: HomomorphicFilter
training:
  epochs: 1
  batch_size: 100
  image_width: 16
  lr: 0.05
model:
  num_layers: 3
dataset:
  num_classes: 2
  binary: true
  name: cxr8
  image_width_sweep: 2,4,8,16,32,64
  orig_width: 1024
embedding:
  name: NEQR
  pca: false
  supports_color: true

[2026-01-17 08:09:33,109] [INFO] - Using cuda.
[2026-01-17 08:09:33,231] [INFO] - Dataset: cxr8 | Train Size: 2270 | Validation Size: 650 | Test Size: 324
[2026-01-17 08:09:33,234] [INFO] - Initiate model
[2026-01-17 08:09:33,235] [INFO] - Weights Shape: torch.Size([3, 16, 3])
[2026-01-17 08:09:33,236] [INFO] - Bias Shape: torch.Size([2])
[2026-01-17 08:11:16,462] [INFO] - [  100/ 2270] | Cost: 0.6934240 | Accuracy: 0.5000000
[2026-01-17 08:13:07,719] [INFO] - [  200/ 2270] | Cost: 0.6607451 | Accuracy: 0.8400000
[2026-01-17 08:14:26,756] [INFO] - [  300/ 2270] | Cost: 0.6282114 | Accuracy: 0.8500000
[2026-01-17 08:16:09,850] [INFO] - [  400/ 2270] | Cost: 0.6084912 | Accuracy: 0.8200000
[2026-01-17 08:17:50,384] [INFO] - [  500/ 2270] | Cost: 0.5534587 | Accuracy: 0.9000000
[2026-01-17 08:19:26,282] [INFO] - [  600/ 2270] | Cost: 0.5297434 | Accuracy: 0.8900000
[2026-01-17 08:20:50,294] [INFO] - [  700/ 2270] | Cost: 0.5404497 | Accuracy: 0.8300000
[2026-01-17 08:22:53,782] [INFO] - [  800/ 2270] | Cost: 0.5166253 | Accuracy: 0.8400000
[2026-01-17 08:24:27,651] [INFO] - [  900/ 2270] | Cost: 0.4860212 | Accuracy: 0.8600000
[2026-01-17 08:25:52,415] [INFO] - [ 1000/ 2270] | Cost: 0.4970288 | Accuracy: 0.8300000
[2026-01-17 08:27:27,852] [INFO] - [ 1100/ 2270] | Cost: 0.4482334 | Accuracy: 0.8700000
[2026-01-17 08:28:52,985] [INFO] - [ 1200/ 2270] | Cost: 0.4786921 | Accuracy: 0.8300000
[2026-01-17 08:30:15,855] [INFO] - [ 1300/ 2270] | Cost: 0.4494485 | Accuracy: 0.8500000
[2026-01-17 08:31:43,161] [INFO] - [ 1400/ 2270] | Cost: 0.5393398 | Accuracy: 0.7700000
[2026-01-17 08:33:44,295] [INFO] - [ 1500/ 2270] | Cost: 0.4501543 | Accuracy: 0.8400000
[2026-01-17 08:35:06,192] [INFO] - [ 1600/ 2270] | Cost: 0.4598696 | Accuracy: 0.8300000
[2026-01-17 08:36:25,831] [INFO] - [ 1700/ 2270] | Cost: 0.2882773 | Accuracy: 0.9500000
[2026-01-17 08:37:29,836] [INFO] - [ 1800/ 2270] | Cost: 0.2935656 | Accuracy: 0.9400000
[2026-01-17 08:39:00,704] [INFO] - [ 1900/ 2270] | Cost: 0.4093899 | Accuracy: 0.8600000
[2026-01-17 08:40:13,396] [INFO] - [ 2000/ 2270] | Cost: 0.4560119 | Accuracy: 0.8300000
[2026-01-17 08:41:23,163] [INFO] - [ 2100/ 2270] | Cost: 0.4726933 | Accuracy: 0.8200000
[2026-01-17 08:43:02,971] [INFO] - [ 2200/ 2270] | Cost: 0.3712033 | Accuracy: 0.8800000
[2026-01-17 08:44:10,868] [INFO] - [ 2300/ 2270] | Cost: 0.3846768 | Accuracy: 0.8714286
