[2026-01-19 00:12:28,029] [INFO] - seed: 0
image_preprocessing: MedianBlur
training:
  epochs: 1
  batch_size: 100
  image_width: 16
  lr: 0.05
model:
  num_layers: 3
dataset:
  num_classes: 2
  binary: true
  name: cxr8
  image_width_sweep: 2,4,8,16,32
  orig_width: 1024
embedding:
  name: OQIM
  pca: false
  supports_color: true

[2026-01-19 00:12:28,031] [INFO] - Using cuda.
[2026-01-19 00:12:28,329] [INFO] - Dataset: cxr8 | Train Size: 2270 | Validation Size: 650 | Test Size: 324
[2026-01-19 00:12:28,331] [INFO] - Initiate model
[2026-01-19 00:12:28,333] [INFO] - Weights Shape: torch.Size([3, 10, 3])
[2026-01-19 00:12:28,334] [INFO] - Bias Shape: torch.Size([2])
[2026-01-19 00:19:42,454] [INFO] - [  100/ 2270] | Cost: 0.7028638 | Accuracy: 0.1800000
[2026-01-19 00:26:34,715] [INFO] - [  200/ 2270] | Cost: 0.6413901 | Accuracy: 0.8400000
[2026-01-19 00:33:42,148] [INFO] - [  300/ 2270] | Cost: 0.5896091 | Accuracy: 0.8500000
[2026-01-19 00:40:40,518] [INFO] - [  400/ 2270] | Cost: 0.5642134 | Accuracy: 0.8200000
[2026-01-19 00:48:08,554] [INFO] - [  500/ 2270] | Cost: 0.4879851 | Accuracy: 0.9000000
[2026-01-19 00:54:28,015] [INFO] - [  600/ 2270] | Cost: 0.4640571 | Accuracy: 0.8900000
[2026-01-19 01:01:46,115] [INFO] - [  700/ 2270] | Cost: 0.4945305 | Accuracy: 0.8300000
[2026-01-19 01:09:07,217] [INFO] - [  800/ 2270] | Cost: 0.4710695 | Accuracy: 0.8400000
[2026-01-19 01:15:59,043] [INFO] - [  900/ 2270] | Cost: 0.4362147 | Accuracy: 0.8600000
[2026-01-19 01:23:27,045] [INFO] - [ 1000/ 2270] | Cost: 0.4648223 | Accuracy: 0.8300000
[2026-01-19 01:30:24,435] [INFO] - [ 1100/ 2270] | Cost: 0.4044073 | Accuracy: 0.8700000
[2026-01-19 01:37:25,015] [INFO] - [ 1200/ 2270] | Cost: 0.4563008 | Accuracy: 0.8300000
[2026-01-19 01:44:37,054] [INFO] - [ 1300/ 2270] | Cost: 0.4280532 | Accuracy: 0.8500000
[2026-01-19 01:51:57,345] [INFO] - [ 1400/ 2270] | Cost: 0.5672207 | Accuracy: 0.7700000
[2026-01-19 01:58:23,154] [INFO] - [ 1500/ 2270] | Cost: 0.4433945 | Accuracy: 0.8400000
[2026-01-19 02:06:01,044] [INFO] - [ 1600/ 2270] | Cost: 0.4610216 | Accuracy: 0.8300000
[2026-01-19 02:13:14,041] [INFO] - [ 1700/ 2270] | Cost: 0.2428558 | Accuracy: 0.9500000
[2026-01-19 02:20:29,341] [INFO] - [ 1800/ 2270] | Cost: 0.2552577 | Accuracy: 0.9400000
[2026-01-19 02:27:29,049] [INFO] - [ 1900/ 2270] | Cost: 0.4028524 | Accuracy: 0.8600000
[2026-01-19 02:34:44,340] [INFO] - [ 2000/ 2270] | Cost: 0.4607193 | Accuracy: 0.8300000
[2026-01-19 02:41:58,817] [INFO] - [ 2100/ 2270] | Cost: 0.4829817 | Accuracy: 0.8200000
[2026-01-19 02:48:43,248] [INFO] - [ 2200/ 2270] | Cost: 0.3664029 | Accuracy: 0.8800000
[2026-01-19 02:53:51,740] [INFO] - [ 2300/ 2270] | Cost: 0.3805057 | Accuracy: 0.8714286
