[2026-01-16 07:29:10,911] [INFO] - seed: 0
image_preprocessing: MedianBlur
training:
  epochs: 1
  batch_size: 100
  image_width: 16
  lr: 0.05
model:
  num_layers: 3
dataset:
  num_classes: 2
  binary: true
  name: fashion
  image_width_sweep: 16,32
  orig_width: 28
embedding:
  name: FRQI
  pca: false
  supports_color: false

[2026-01-16 07:29:10,913] [INFO] - Using cuda.
[2026-01-16 07:29:11,323] [INFO] - Dataset: fashion | Train Size: 9800 | Validation Size: 2800 | Test Size: 1400
[2026-01-16 07:29:11,326] [INFO] - Initiate model
[2026-01-16 07:29:11,328] [INFO] - Weights Shape: torch.Size([3, 9, 3])
[2026-01-16 07:29:11,328] [INFO] - Bias Shape: torch.Size([2])
[2026-01-16 07:30:19,464] [INFO] - [  100/ 9800] | Cost: 0.6897398 | Accuracy: 0.5700000
[2026-01-16 07:31:07,616] [INFO] - [  200/ 9800] | Cost: 0.6702044 | Accuracy: 0.6100000
[2026-01-16 07:32:04,804] [INFO] - [  300/ 9800] | Cost: 0.6837862 | Accuracy: 0.5000000
[2026-01-16 07:33:05,964] [INFO] - [  400/ 9800] | Cost: 0.7087108 | Accuracy: 0.4100000
[2026-01-16 07:34:14,101] [INFO] - [  500/ 9800] | Cost: 0.6780652 | Accuracy: 0.4800000
[2026-01-16 07:35:19,915] [INFO] - [  600/ 9800] | Cost: 0.6688560 | Accuracy: 0.4800000
[2026-01-16 07:36:15,504] [INFO] - [  700/ 9800] | Cost: 0.6610830 | Accuracy: 0.6300000
[2026-01-16 07:37:18,491] [INFO] - [  800/ 9800] | Cost: 0.6556889 | Accuracy: 0.8100000
[2026-01-16 07:38:12,336] [INFO] - [  900/ 9800] | Cost: 0.6526623 | Accuracy: 0.9000000
[2026-01-16 07:39:28,277] [INFO] - [ 1000/ 9800] | Cost: 0.6516377 | Accuracy: 0.9200000
[2026-01-16 07:40:27,674] [INFO] - [ 1100/ 9800] | Cost: 0.6503489 | Accuracy: 0.9000000
[2026-01-16 07:41:30,022] [INFO] - [ 1200/ 9800] | Cost: 0.6347923 | Accuracy: 0.9400000
[2026-01-16 07:42:23,732] [INFO] - [ 1300/ 9800] | Cost: 0.6438138 | Accuracy: 0.9100000
[2026-01-16 07:43:29,566] [INFO] - [ 1400/ 9800] | Cost: 0.6466522 | Accuracy: 0.8700000
[2026-01-16 07:44:24,364] [INFO] - [ 1500/ 9800] | Cost: 0.6372744 | Accuracy: 0.9000000
[2026-01-16 07:45:29,490] [INFO] - [ 1600/ 9800] | Cost: 0.6474354 | Accuracy: 0.8800000
[2026-01-16 07:46:32,373] [INFO] - [ 1700/ 9800] | Cost: 0.6449472 | Accuracy: 0.8100000
[2026-01-16 07:47:31,955] [INFO] - [ 1800/ 9800] | Cost: 0.6372531 | Accuracy: 0.9000000
[2026-01-16 07:48:34,035] [INFO] - [ 1900/ 9800] | Cost: 0.6369185 | Accuracy: 0.8700000
[2026-01-16 07:49:33,976] [INFO] - [ 2000/ 9800] | Cost: 0.6266145 | Accuracy: 0.9200000
[2026-01-16 07:50:41,133] [INFO] - [ 2100/ 9800] | Cost: 0.6236136 | Accuracy: 0.8800000
[2026-01-16 07:51:38,516] [INFO] - [ 2200/ 9800] | Cost: 0.6317914 | Accuracy: 0.8400000
[2026-01-16 07:52:46,246] [INFO] - [ 2300/ 9800] | Cost: 0.6305689 | Accuracy: 0.8500000
[2026-01-16 07:53:35,898] [INFO] - [ 2400/ 9800] | Cost: 0.6156816 | Accuracy: 0.9000000
[2026-01-16 07:54:32,952] [INFO] - [ 2500/ 9800] | Cost: 0.6178695 | Accuracy: 0.8800000
[2026-01-16 07:55:22,313] [INFO] - [ 2600/ 9800] | Cost: 0.6284141 | Accuracy: 0.8200000
[2026-01-16 07:56:24,641] [INFO] - [ 2700/ 9800] | Cost: 0.6155433 | Accuracy: 0.8300000
[2026-01-16 07:57:14,864] [INFO] - [ 2800/ 9800] | Cost: 0.5991864 | Accuracy: 0.9500000
[2026-01-16 07:58:14,803] [INFO] - [ 2900/ 9800] | Cost: 0.6053088 | Accuracy: 0.7900000
[2026-01-16 07:59:11,842] [INFO] - [ 3000/ 9800] | Cost: 0.5988591 | Accuracy: 0.8800000
[2026-01-16 08:00:06,990] [INFO] - [ 3100/ 9800] | Cost: 0.6064543 | Accuracy: 0.8400000
[2026-01-16 08:01:05,436] [INFO] - [ 3200/ 9800] | Cost: 0.5862715 | Accuracy: 0.8600000
[2026-01-16 08:02:11,316] [INFO] - [ 3300/ 9800] | Cost: 0.6017954 | Accuracy: 0.8400000
[2026-01-16 08:03:13,247] [INFO] - [ 3400/ 9800] | Cost: 0.5918626 | Accuracy: 0.8100000
[2026-01-16 08:04:02,078] [INFO] - [ 3500/ 9800] | Cost: 0.5728241 | Accuracy: 0.8900000
[2026-01-16 08:05:10,778] [INFO] - [ 3600/ 9800] | Cost: 0.5566896 | Accuracy: 0.8500000
[2026-01-16 08:06:05,242] [INFO] - [ 3700/ 9800] | Cost: 0.5599381 | Accuracy: 0.8300000
[2026-01-16 08:07:08,205] [INFO] - [ 3800/ 9800] | Cost: 0.5768033 | Accuracy: 0.7900000
[2026-01-16 08:08:00,671] [INFO] - [ 3900/ 9800] | Cost: 0.6014247 | Accuracy: 0.7400000
[2026-01-16 08:09:04,418] [INFO] - [ 4000/ 9800] | Cost: 0.5979011 | Accuracy: 0.7100000
[2026-01-16 08:09:58,576] [INFO] - [ 4100/ 9800] | Cost: 0.5567668 | Accuracy: 0.8300000
[2026-01-16 08:11:02,630] [INFO] - [ 4200/ 9800] | Cost: 0.5947293 | Accuracy: 0.7600000
[2026-01-16 08:12:07,136] [INFO] - [ 4300/ 9800] | Cost: 0.5574134 | Accuracy: 0.8600000
[2026-01-16 08:12:59,128] [INFO] - [ 4400/ 9800] | Cost: 0.5594485 | Accuracy: 0.8400000
[2026-01-16 08:14:02,334] [INFO] - [ 4500/ 9800] | Cost: 0.5674543 | Accuracy: 0.8200000
[2026-01-16 08:14:58,928] [INFO] - [ 4600/ 9800] | Cost: 0.5860817 | Accuracy: 0.8200000
[2026-01-16 08:16:06,117] [INFO] - [ 4700/ 9800] | Cost: 0.5611795 | Accuracy: 0.8200000
[2026-01-16 08:17:02,477] [INFO] - [ 4800/ 9800] | Cost: 0.5981312 | Accuracy: 0.7500000
[2026-01-16 08:18:06,983] [INFO] - [ 4900/ 9800] | Cost: 0.6074639 | Accuracy: 0.7600000
[2026-01-16 08:18:53,546] [INFO] - [ 5000/ 9800] | Cost: 0.5512148 | Accuracy: 0.8000000
[2026-01-16 08:19:47,741] [INFO] - [ 5100/ 9800] | Cost: 0.5814133 | Accuracy: 0.8200000
[2026-01-16 08:20:53,560] [INFO] - [ 5200/ 9800] | Cost: 0.5772370 | Accuracy: 0.8300000
[2026-01-16 08:22:02,220] [INFO] - [ 5300/ 9800] | Cost: 0.5258358 | Accuracy: 0.9000000
[2026-01-16 08:23:00,314] [INFO] - [ 5400/ 9800] | Cost: 0.5512649 | Accuracy: 0.8800000
[2026-01-16 08:23:53,880] [INFO] - [ 5500/ 9800] | Cost: 0.5402984 | Accuracy: 0.8700000
[2026-01-16 08:25:00,635] [INFO] - [ 5600/ 9800] | Cost: 0.5558529 | Accuracy: 0.8200000
[2026-01-16 08:25:59,302] [INFO] - [ 5700/ 9800] | Cost: 0.5713432 | Accuracy: 0.7700000
[2026-01-16 08:27:08,153] [INFO] - [ 5800/ 9800] | Cost: 0.5771695 | Accuracy: 0.7900000
[2026-01-16 08:28:04,939] [INFO] - [ 5900/ 9800] | Cost: 0.5653155 | Accuracy: 0.7700000
[2026-01-16 08:28:57,414] [INFO] - [ 6000/ 9800] | Cost: 0.5319935 | Accuracy: 0.8500000
[2026-01-16 08:29:43,336] [INFO] - [ 6100/ 9800] | Cost: 0.5210040 | Accuracy: 0.8700000
[2026-01-16 08:30:39,291] [INFO] - [ 6200/ 9800] | Cost: 0.5538856 | Accuracy: 0.8400000
[2026-01-16 08:31:43,039] [INFO] - [ 6300/ 9800] | Cost: 0.5461674 | Accuracy: 0.8700000
[2026-01-16 08:32:42,321] [INFO] - [ 6400/ 9800] | Cost: 0.5494650 | Accuracy: 0.8300000
[2026-01-16 08:33:41,818] [INFO] - [ 6500/ 9800] | Cost: 0.5765277 | Accuracy: 0.7900000
[2026-01-16 08:34:40,252] [INFO] - [ 6600/ 9800] | Cost: 0.5515207 | Accuracy: 0.8200000
[2026-01-16 08:35:35,955] [INFO] - [ 6700/ 9800] | Cost: 0.5713676 | Accuracy: 0.8000000
[2026-01-16 08:36:36,696] [INFO] - [ 6800/ 9800] | Cost: 0.5473712 | Accuracy: 0.8800000
[2026-01-16 08:37:43,284] [INFO] - [ 6900/ 9800] | Cost: 0.5628980 | Accuracy: 0.8000000
[2026-01-16 08:38:41,519] [INFO] - [ 7000/ 9800] | Cost: 0.5215782 | Accuracy: 0.8800000
[2026-01-16 08:39:31,548] [INFO] - [ 7100/ 9800] | Cost: 0.5547043 | Accuracy: 0.8500000
[2026-01-16 08:40:30,116] [INFO] - [ 7200/ 9800] | Cost: 0.5749304 | Accuracy: 0.7800000
[2026-01-16 08:41:20,814] [INFO] - [ 7300/ 9800] | Cost: 0.5797464 | Accuracy: 0.8300000
[2026-01-16 08:42:18,554] [INFO] - [ 7400/ 9800] | Cost: 0.5474588 | Accuracy: 0.8300000
[2026-01-16 08:43:24,627] [INFO] - [ 7500/ 9800] | Cost: 0.5529477 | Accuracy: 0.8800000
[2026-01-16 08:44:22,568] [INFO] - [ 7600/ 9800] | Cost: 0.5586264 | Accuracy: 0.8300000
[2026-01-16 08:45:17,902] [INFO] - [ 7700/ 9800] | Cost: 0.5533514 | Accuracy: 0.8100000
[2026-01-16 08:46:05,688] [INFO] - [ 7800/ 9800] | Cost: 0.5413030 | Accuracy: 0.8800000
[2026-01-16 08:47:03,924] [INFO] - [ 7900/ 9800] | Cost: 0.5510964 | Accuracy: 0.8500000
[2026-01-16 08:48:15,263] [INFO] - [ 8000/ 9800] | Cost: 0.5895663 | Accuracy: 0.8000000
[2026-01-16 08:49:15,435] [INFO] - [ 8100/ 9800] | Cost: 0.5787888 | Accuracy: 0.8300000
[2026-01-16 08:50:10,143] [INFO] - [ 8200/ 9800] | Cost: 0.6050641 | Accuracy: 0.7100000
[2026-01-16 08:51:08,080] [INFO] - [ 8300/ 9800] | Cost: 0.5516689 | Accuracy: 0.8600000
[2026-01-16 08:51:51,502] [INFO] - [ 8400/ 9800] | Cost: 0.5450807 | Accuracy: 0.8400000
[2026-01-16 08:52:54,318] [INFO] - [ 8500/ 9800] | Cost: 0.5925821 | Accuracy: 0.8400000
[2026-01-16 08:53:57,331] [INFO] - [ 8600/ 9800] | Cost: 0.5517502 | Accuracy: 0.8700000
[2026-01-16 08:54:52,702] [INFO] - [ 8700/ 9800] | Cost: 0.5489404 | Accuracy: 0.8200000
[2026-01-16 08:55:48,821] [INFO] - [ 8800/ 9800] | Cost: 0.5805032 | Accuracy: 0.7300000
[2026-01-16 08:56:45,887] [INFO] - [ 8900/ 9800] | Cost: 0.6025738 | Accuracy: 0.7600000
[2026-01-16 08:57:44,466] [INFO] - [ 9000/ 9800] | Cost: 0.5738906 | Accuracy: 0.7500000
[2026-01-16 08:58:49,180] [INFO] - [ 9100/ 9800] | Cost: 0.5862617 | Accuracy: 0.8100000
[2026-01-16 08:59:55,113] [INFO] - [ 9200/ 9800] | Cost: 0.5570999 | Accuracy: 0.8700000
[2026-01-16 09:00:52,195] [INFO] - [ 9300/ 9800] | Cost: 0.5470620 | Accuracy: 0.8700000
[2026-01-16 09:01:49,505] [INFO] - [ 9400/ 9800] | Cost: 0.5874503 | Accuracy: 0.7600000
[2026-01-16 09:02:41,834] [INFO] - [ 9500/ 9800] | Cost: 0.5373243 | Accuracy: 0.9100000
[2026-01-16 09:03:40,536] [INFO] - [ 9600/ 9800] | Cost: 0.5605155 | Accuracy: 0.8400000
[2026-01-16 09:04:31,840] [INFO] - [ 9700/ 9800] | Cost: 0.5551504 | Accuracy: 0.8400000
[2026-01-16 09:05:36,711] [INFO] - [ 9800/ 9800] | Cost: 0.5740542 | Accuracy: 0.7900000
[2026-01-16 09:13:33,367] [INFO] - Model dict saved to /workspace/persistent/embedding_colosseum/multirun/2026-01-15/22-04-31/72/saved_models/model_epoch-0.pt
[2026-01-16 09:13:33,369] [INFO] - Validation for epoch   0 | Cost: 0.5552415 | Accuracy: 0.8453571
