[2026-01-18 23:15:56,827] [INFO] - seed: 0
image_preprocessing: HomomorphicFilter
training:
  epochs: 1
  batch_size: 100
  image_width: 32
  lr: 0.05
model:
  num_layers: 3
dataset:
  num_classes: 2
  binary: true
  name: cxr8
  image_width_sweep: 2,4,8,16,32
  orig_width: 1024
embedding:
  name: NEQR
  pca: false
  supports_color: true

[2026-01-18 23:15:56,831] [INFO] - Using cuda.
[2026-01-18 23:15:57,120] [INFO] - Dataset: cxr8 | Train Size: 2270 | Validation Size: 650 | Test Size: 324
[2026-01-18 23:15:57,122] [INFO] - Initiate model
[2026-01-18 23:16:00,355] [INFO] - Weights Shape: torch.Size([3, 18, 3])
[2026-01-18 23:16:00,357] [INFO] - Bias Shape: torch.Size([2])
[2026-01-18 23:38:01,116] [INFO] - [  100/ 2270] | Cost: 0.6931208 | Accuracy: 0.5000000
[2026-01-18 23:59:43,328] [INFO] - [  200/ 2270] | Cost: 0.6604663 | Accuracy: 0.8400000
[2026-01-19 00:21:48,845] [INFO] - [  300/ 2270] | Cost: 0.6281112 | Accuracy: 0.8500000
[2026-01-19 00:43:43,816] [INFO] - [  400/ 2270] | Cost: 0.6085465 | Accuracy: 0.8200000
[2026-01-19 01:05:47,452] [INFO] - [  500/ 2270] | Cost: 0.5536118 | Accuracy: 0.9000000
[2026-01-19 01:28:13,452] [INFO] - [  600/ 2270] | Cost: 0.5300269 | Accuracy: 0.8900000
[2026-01-19 01:50:27,816] [INFO] - [  700/ 2270] | Cost: 0.5404733 | Accuracy: 0.8300000
[2026-01-19 02:13:03,216] [INFO] - [  800/ 2270] | Cost: 0.5168151 | Accuracy: 0.8400000
[2026-01-19 02:35:01,016] [INFO] - [  900/ 2270] | Cost: 0.4858164 | Accuracy: 0.8600000
[2026-01-19 02:57:21,641] [INFO] - [ 1000/ 2270] | Cost: 0.4969992 | Accuracy: 0.8300000
[2026-01-19 03:19:56,255] [INFO] - [ 1100/ 2270] | Cost: 0.4483057 | Accuracy: 0.8700000
[2026-01-19 03:42:37,716] [INFO] - [ 1200/ 2270] | Cost: 0.4783702 | Accuracy: 0.8300000
[2026-01-19 04:05:23,115] [INFO] - [ 1300/ 2270] | Cost: 0.4491255 | Accuracy: 0.8500000
[2026-01-19 04:27:34,644] [INFO] - [ 1400/ 2270] | Cost: 0.5393732 | Accuracy: 0.7700000
[2026-01-19 04:50:11,016] [INFO] - [ 1500/ 2270] | Cost: 0.4499975 | Accuracy: 0.8400000
[2026-01-19 05:12:41,425] [INFO] - [ 1600/ 2270] | Cost: 0.4599379 | Accuracy: 0.8300000
[2026-01-19 05:35:13,532] [INFO] - [ 1700/ 2270] | Cost: 0.2881766 | Accuracy: 0.9500000
[2026-01-19 05:57:24,441] [INFO] - [ 1800/ 2270] | Cost: 0.2938463 | Accuracy: 0.9400000
[2026-01-19 06:20:01,916] [INFO] - [ 1900/ 2270] | Cost: 0.4096010 | Accuracy: 0.8600000
[2026-01-19 06:41:51,618] [INFO] - [ 2000/ 2270] | Cost: 0.4559414 | Accuracy: 0.8300000
[2026-01-19 07:03:56,945] [INFO] - [ 2100/ 2270] | Cost: 0.4728046 | Accuracy: 0.8200000
[2026-01-19 07:25:42,421] [INFO] - [ 2200/ 2270] | Cost: 0.3713844 | Accuracy: 0.8800000
[2026-01-19 07:39:28,916] [INFO] - [ 2300/ 2270] | Cost: 0.3851467 | Accuracy: 0.8714286
