[2026-01-18 04:00:19,166] [INFO] - seed: 1
image_preprocessing: BilateralFilter
training:
  epochs: 1
  batch_size: 100
  image_width: 32
  lr: 0.05
model:
  num_layers: 3
dataset:
  num_classes: 2
  binary: true
  name: eurosat_rgb
  image_width_sweep: '64'
  orig_width: 64
embedding:
  name: ZZFeatureMap
  pca: true
  supports_color: true

[2026-01-18 04:00:19,167] [INFO] - Using cuda.
[2026-01-18 04:00:19,216] [INFO] - Dataset: eurosat_rgb | Train Size: 4200 | Validation Size: 1200 | Test Size: 600
[2026-01-18 04:00:19,218] [INFO] - Applying PCA Loader to the dataset
[2026-01-18 04:00:25,884] [INFO] - Initiate model
[2026-01-18 04:00:25,887] [INFO] - Weights Shape: torch.Size([3, 6, 3])
[2026-01-18 04:00:25,888] [INFO] - Bias Shape: torch.Size([2])
[2026-01-18 04:00:59,989] [INFO] - [  100/ 4200] | Cost: 0.7640309 | Accuracy: 0.4400000
[2026-01-18 04:01:35,121] [INFO] - [  200/ 4200] | Cost: 0.7028910 | Accuracy: 0.4100000
[2026-01-18 04:02:10,007] [INFO] - [  300/ 4200] | Cost: 0.6759464 | Accuracy: 0.6200000
[2026-01-18 04:02:45,128] [INFO] - [  400/ 4200] | Cost: 0.6475403 | Accuracy: 0.6000000
[2026-01-18 04:03:20,245] [INFO] - [  500/ 4200] | Cost: 0.6639244 | Accuracy: 0.4900000
[2026-01-18 04:03:55,298] [INFO] - [  600/ 4200] | Cost: 0.6360468 | Accuracy: 0.5400000
[2026-01-18 04:04:27,546] [INFO] - [  700/ 4200] | Cost: 0.6232087 | Accuracy: 0.6700000
[2026-01-18 04:04:45,454] [INFO] - [  800/ 4200] | Cost: 0.6104271 | Accuracy: 0.7300000
[2026-01-18 04:05:02,790] [INFO] - [  900/ 4200] | Cost: 0.5877741 | Accuracy: 0.8300000
[2026-01-18 04:05:20,292] [INFO] - [ 1000/ 4200] | Cost: 0.5535902 | Accuracy: 0.9200000
[2026-01-18 04:05:37,617] [INFO] - [ 1100/ 4200] | Cost: 0.5511698 | Accuracy: 0.9600000
[2026-01-18 04:06:09,132] [INFO] - [ 1200/ 4200] | Cost: 0.5330712 | Accuracy: 0.9700000
[2026-01-18 04:06:43,924] [INFO] - [ 1300/ 4200] | Cost: 0.5182390 | Accuracy: 0.9500000
[2026-01-18 04:07:18,688] [INFO] - [ 1400/ 4200] | Cost: 0.5272807 | Accuracy: 0.9200000
[2026-01-18 04:07:53,616] [INFO] - [ 1500/ 4200] | Cost: 0.4941280 | Accuracy: 0.9500000
[2026-01-18 04:08:28,618] [INFO] - [ 1600/ 4200] | Cost: 0.4901462 | Accuracy: 0.9700000
[2026-01-18 04:09:03,656] [INFO] - [ 1700/ 4200] | Cost: 0.4754401 | Accuracy: 0.9700000
[2026-01-18 04:09:38,446] [INFO] - [ 1800/ 4200] | Cost: 0.5166458 | Accuracy: 0.9500000
[2026-01-18 04:10:13,455] [INFO] - [ 1900/ 4200] | Cost: 0.4709154 | Accuracy: 0.9400000
[2026-01-18 04:10:48,446] [INFO] - [ 2000/ 4200] | Cost: 0.4892906 | Accuracy: 0.9500000
[2026-01-18 04:11:23,503] [INFO] - [ 2100/ 4200] | Cost: 0.4726755 | Accuracy: 0.9400000
[2026-01-18 04:11:58,500] [INFO] - [ 2200/ 4200] | Cost: 0.4640505 | Accuracy: 0.9600000
[2026-01-18 04:12:33,508] [INFO] - [ 2300/ 4200] | Cost: 0.4475272 | Accuracy: 0.9500000
[2026-01-18 04:13:08,513] [INFO] - [ 2400/ 4200] | Cost: 0.4716664 | Accuracy: 0.8800000
[2026-01-18 04:13:43,423] [INFO] - [ 2500/ 4200] | Cost: 0.4503055 | Accuracy: 0.9200000
[2026-01-18 04:14:18,449] [INFO] - [ 2600/ 4200] | Cost: 0.4444686 | Accuracy: 0.9200000
[2026-01-18 04:14:53,480] [INFO] - [ 2700/ 4200] | Cost: 0.4414522 | Accuracy: 0.9200000
[2026-01-18 04:15:28,470] [INFO] - [ 2800/ 4200] | Cost: 0.4001319 | Accuracy: 0.9800000
[2026-01-18 04:16:03,552] [INFO] - [ 2900/ 4200] | Cost: 0.4258426 | Accuracy: 0.9300000
[2026-01-18 04:16:38,564] [INFO] - [ 3000/ 4200] | Cost: 0.4409146 | Accuracy: 0.9100000
[2026-01-18 04:17:13,394] [INFO] - [ 3100/ 4200] | Cost: 0.4285529 | Accuracy: 0.9400000
[2026-01-18 04:17:48,376] [INFO] - [ 3200/ 4200] | Cost: 0.4089423 | Accuracy: 0.9600000
[2026-01-18 04:18:23,491] [INFO] - [ 3300/ 4200] | Cost: 0.4212566 | Accuracy: 0.9400000
[2026-01-18 04:18:58,497] [INFO] - [ 3400/ 4200] | Cost: 0.4048112 | Accuracy: 0.9500000
[2026-01-18 04:19:33,527] [INFO] - [ 3500/ 4200] | Cost: 0.4204059 | Accuracy: 0.9400000
[2026-01-18 04:20:08,364] [INFO] - [ 3600/ 4200] | Cost: 0.3895268 | Accuracy: 0.9900000
[2026-01-18 04:20:43,354] [INFO] - [ 3700/ 4200] | Cost: 0.3832310 | Accuracy: 0.9600000
[2026-01-18 04:21:15,978] [INFO] - [ 3800/ 4200] | Cost: 0.3886140 | Accuracy: 0.9600000
[2026-01-18 04:21:49,282] [INFO] - [ 3900/ 4200] | Cost: 0.3905432 | Accuracy: 0.9600000
[2026-01-18 04:22:24,238] [INFO] - [ 4000/ 4200] | Cost: 0.3818313 | Accuracy: 0.9700000
[2026-01-18 04:22:59,273] [INFO] - [ 4100/ 4200] | Cost: 0.3556239 | Accuracy: 0.9600000
[2026-01-18 04:23:34,100] [INFO] - [ 4200/ 4200] | Cost: 0.3799497 | Accuracy: 0.9600000
[2026-01-18 04:23:52,029] [INFO] - Model dict saved to /workspace/persistent/embedding_colosseum/multirun/2026-01-18/02-06-25/48/saved_models/model_epoch-0.pt
[2026-01-18 04:23:52,030] [INFO] - Validation for epoch   0 | Cost: 0.3725895 | Accuracy: 0.9616667
