[2026-01-18 05:17:49,244] [INFO] - seed: 1
image_preprocessing: MedianBlur
training:
  epochs: 1
  batch_size: 100
  image_width: 32
  lr: 0.05
model:
  num_layers: 3
dataset:
  num_classes: 2
  binary: true
  name: stl10
  image_width_sweep: 2,4,8,16,32,64
  orig_width: 96
embedding:
  name: AngleEncoding
  pca: true
  supports_color: true

[2026-01-18 05:17:49,246] [INFO] - Using cuda.
[2026-01-18 05:18:00,190] [INFO] - Dataset: stl10 | Train Size: 1819 | Validation Size: 521 | Test Size: 260
[2026-01-18 05:18:00,193] [INFO] - Applying PCA Loader to the dataset
[2026-01-18 05:18:02,549] [INFO] - Initiate model
[2026-01-18 05:18:02,552] [INFO] - Weights Shape: torch.Size([3, 6, 3])
[2026-01-18 05:18:02,553] [INFO] - Bias Shape: torch.Size([2])
[2026-01-18 05:18:35,770] [INFO] - [  100/ 1819] | Cost: 0.6879733 | Accuracy: 0.5200000
[2026-01-18 05:19:07,394] [INFO] - [  200/ 1819] | Cost: 0.6816322 | Accuracy: 0.6100000
[2026-01-18 05:19:30,643] [INFO] - [  300/ 1819] | Cost: 0.6702715 | Accuracy: 0.7300000
[2026-01-18 05:19:50,752] [INFO] - [  400/ 1819] | Cost: 0.6655951 | Accuracy: 0.7300000
[2026-01-18 05:20:11,419] [INFO] - [  500/ 1819] | Cost: 0.6483075 | Accuracy: 0.7000000
[2026-01-18 05:20:29,558] [INFO] - [  600/ 1819] | Cost: 0.6541931 | Accuracy: 0.6600000
[2026-01-18 05:20:46,834] [INFO] - [  700/ 1819] | Cost: 0.6227994 | Accuracy: 0.6900000
[2026-01-18 05:21:04,279] [INFO] - [  800/ 1819] | Cost: 0.6516432 | Accuracy: 0.6700000
[2026-01-18 05:21:16,426] [INFO] - [  900/ 1819] | Cost: 0.6517719 | Accuracy: 0.6800000
