[2026-01-19 05:48:56,945] [INFO] - seed: 0
image_preprocessing: ContrastScaling
training:
  epochs: 1
  batch_size: 100
  image_width: 16
  lr: 0.05
model:
  num_layers: 3
dataset:
  num_classes: 2
  binary: true
  name: mnist
  image_width_sweep: 16,32
  orig_width: 28
embedding:
  name: OQIM
  pca: false
  supports_color: true

[2026-01-19 05:48:56,947] [INFO] - Using cuda.
[2026-01-19 05:48:58,028] [INFO] - Dataset: mnist | Train Size: 10346 | Validation Size: 2956 | Test Size: 1478
[2026-01-19 05:48:58,031] [INFO] - Initiate model
[2026-01-19 05:48:58,033] [INFO] - Weights Shape: torch.Size([3, 10, 3])
[2026-01-19 05:48:58,034] [INFO] - Bias Shape: torch.Size([2])
[2026-01-19 05:56:10,346] [INFO] - [  100/10346] | Cost: 0.6913391 | Accuracy: 0.5100000
[2026-01-19 06:03:09,051] [INFO] - [  200/10346] | Cost: 0.6833505 | Accuracy: 0.5200000
[2026-01-19 06:10:10,751] [INFO] - [  300/10346] | Cost: 0.6785289 | Accuracy: 0.6700000
[2026-01-19 06:17:35,946] [INFO] - [  400/10346] | Cost: 0.6725804 | Accuracy: 0.7900000
[2026-01-19 06:24:36,146] [INFO] - [  500/10346] | Cost: 0.6638071 | Accuracy: 0.9500000
[2026-01-19 06:31:52,739] [INFO] - [  600/10346] | Cost: 0.6639240 | Accuracy: 0.7400000
[2026-01-19 06:39:00,949] [INFO] - [  700/10346] | Cost: 0.6455372 | Accuracy: 0.9400000
[2026-01-19 06:46:14,052] [INFO] - [  800/10346] | Cost: 0.6441566 | Accuracy: 0.9500000
[2026-01-19 06:53:24,736] [INFO] - [  900/10346] | Cost: 0.6301368 | Accuracy: 0.9700000
[2026-01-19 07:00:34,435] [INFO] - [ 1000/10346] | Cost: 0.6286204 | Accuracy: 0.8600000
[2026-01-19 07:07:48,316] [INFO] - [ 1100/10346] | Cost: 0.6254517 | Accuracy: 0.7100000
[2026-01-19 07:14:29,434] [INFO] - [ 1200/10346] | Cost: 0.6114460 | Accuracy: 0.6900000
[2026-01-19 07:21:34,342] [INFO] - [ 1300/10346] | Cost: 0.6084268 | Accuracy: 0.7400000
[2026-01-19 07:28:34,939] [INFO] - [ 1400/10346] | Cost: 0.5855544 | Accuracy: 0.7000000
[2026-01-19 07:35:07,350] [INFO] - [ 1500/10346] | Cost: 0.6015222 | Accuracy: 0.6800000
[2026-01-19 07:41:53,216] [INFO] - [ 1600/10346] | Cost: 0.5634645 | Accuracy: 0.8200000
[2026-01-19 07:48:50,443] [INFO] - [ 1700/10346] | Cost: 0.5849680 | Accuracy: 0.6500000
[2026-01-19 07:55:24,047] [INFO] - [ 1800/10346] | Cost: 0.5845578 | Accuracy: 0.6500000
[2026-01-19 08:02:09,240] [INFO] - [ 1900/10346] | Cost: 0.5889232 | Accuracy: 0.5900000
[2026-01-19 08:08:41,724] [INFO] - [ 2000/10346] | Cost: 0.5861728 | Accuracy: 0.6600000
[2026-01-19 08:15:16,635] [INFO] - [ 2100/10346] | Cost: 0.5751197 | Accuracy: 0.7900000
[2026-01-19 08:22:12,936] [INFO] - [ 2200/10346] | Cost: 0.5674424 | Accuracy: 0.9300000
[2026-01-19 08:28:30,115] [INFO] - [ 2300/10346] | Cost: 0.5841484 | Accuracy: 0.9100000
[2026-01-19 08:35:18,636] [INFO] - [ 2400/10346] | Cost: 0.5789474 | Accuracy: 0.9600000
[2026-01-19 08:41:51,546] [INFO] - [ 2500/10346] | Cost: 0.5685545 | Accuracy: 0.9500000
[2026-01-19 08:48:36,751] [INFO] - [ 2600/10346] | Cost: 0.5716344 | Accuracy: 0.9400000
[2026-01-19 08:55:16,616] [INFO] - [ 2700/10346] | Cost: 0.5616253 | Accuracy: 0.9100000
