[2026-01-16 18:52:38,533] [INFO] - seed: 0
image_preprocessing: GaussianBlur
training:
  epochs: 1
  batch_size: 100
  image_width: 16
  lr: 0.05
model:
  num_layers: 3
dataset:
  num_classes: 2
  binary: true
  name: eurosat_ms
  image_width_sweep: '64'
  orig_width: 64
embedding:
  name: FRQI
  pca: false
  supports_color: false

[2026-01-16 18:52:38,535] [INFO] - Using cuda.
[2026-01-16 18:52:38,585] [INFO] - Dataset: eurosat_ms | Train Size: 4200 | Validation Size: 1200 | Test Size: 600
[2026-01-16 18:52:38,587] [INFO] - Initiate model
[2026-01-16 18:52:38,589] [INFO] - Weights Shape: torch.Size([3, 9, 3])
[2026-01-16 18:52:38,590] [INFO] - Bias Shape: torch.Size([2])
