[2026-01-18 23:04:08,329] [INFO] - seed: 0
image_preprocessing: None
training:
  epochs: 1
  batch_size: 100
  image_width: 8
  lr: 0.05
model:
  num_layers: 3
dataset:
  num_classes: 2
  binary: true
  name: cxr8
  image_width_sweep: 2,4,8,16,32
  orig_width: 1024
embedding:
  name: OQIM
  pca: false
  supports_color: true

[2026-01-18 23:04:08,334] [INFO] - Using cuda.
[2026-01-18 23:04:08,526] [INFO] - Dataset: cxr8 | Train Size: 2270 | Validation Size: 650 | Test Size: 324
[2026-01-18 23:04:08,529] [INFO] - Initiate model
[2026-01-18 23:04:08,851] [INFO] - Weights Shape: torch.Size([3, 8, 3])
[2026-01-18 23:04:08,852] [INFO] - Bias Shape: torch.Size([2])
[2026-01-18 23:06:06,623] [INFO] - [  100/ 2270] | Cost: 0.6529093 | Accuracy: 0.8200000
[2026-01-18 23:08:18,664] [INFO] - [  200/ 2270] | Cost: 0.5924854 | Accuracy: 0.8400000
[2026-01-18 23:10:24,532] [INFO] - [  300/ 2270] | Cost: 0.5426691 | Accuracy: 0.8500000
[2026-01-18 23:12:31,534] [INFO] - [  400/ 2270] | Cost: 0.5283799 | Accuracy: 0.8200000
[2026-01-18 23:14:26,056] [INFO] - [  500/ 2270] | Cost: 0.4368388 | Accuracy: 0.9000000
[2026-01-18 23:18:07,943] [INFO] - [  600/ 2270] | Cost: 0.4158379 | Accuracy: 0.8900000
[2026-01-18 23:22:48,115] [INFO] - [  700/ 2270] | Cost: 0.4660179 | Accuracy: 0.8300000
[2026-01-18 23:28:02,444] [INFO] - [  800/ 2270] | Cost: 0.4446600 | Accuracy: 0.8400000
[2026-01-18 23:33:08,315] [INFO] - [  900/ 2270] | Cost: 0.4113174 | Accuracy: 0.8600000
[2026-01-18 23:38:21,815] [INFO] - [ 1000/ 2270] | Cost: 0.4545363 | Accuracy: 0.8300000
[2026-01-18 23:43:16,743] [INFO] - [ 1100/ 2270] | Cost: 0.3863118 | Accuracy: 0.8700000
[2026-01-18 23:48:00,925] [INFO] - [ 1200/ 2270] | Cost: 0.4605667 | Accuracy: 0.8300000
[2026-01-18 23:53:33,117] [INFO] - [ 1300/ 2270] | Cost: 0.4233108 | Accuracy: 0.8500000
[2026-01-18 23:58:10,640] [INFO] - [ 1400/ 2270] | Cost: 0.5765073 | Accuracy: 0.7700000
[2026-01-19 00:03:08,442] [INFO] - [ 1500/ 2270] | Cost: 0.4402456 | Accuracy: 0.8400000
[2026-01-19 00:08:39,045] [INFO] - [ 1600/ 2270] | Cost: 0.4589572 | Accuracy: 0.8300000
[2026-01-19 00:13:48,941] [INFO] - [ 1700/ 2270] | Cost: 0.2535024 | Accuracy: 0.9500000
[2026-01-19 00:19:03,749] [INFO] - [ 1800/ 2270] | Cost: 0.2693827 | Accuracy: 0.9400000
[2026-01-19 00:23:55,416] [INFO] - [ 1900/ 2270] | Cost: 0.4015738 | Accuracy: 0.8600000
[2026-01-19 00:29:07,015] [INFO] - [ 2000/ 2270] | Cost: 0.4546331 | Accuracy: 0.8300000
[2026-01-19 00:34:08,249] [INFO] - [ 2100/ 2270] | Cost: 0.4760382 | Accuracy: 0.8200000
[2026-01-19 00:38:49,626] [INFO] - [ 2200/ 2270] | Cost: 0.3663009 | Accuracy: 0.8800000
[2026-01-19 00:42:34,850] [INFO] - [ 2300/ 2270] | Cost: 0.3815071 | Accuracy: 0.8714286
