[2026-01-17 19:04:19,808] [INFO] - seed: 0
image_preprocessing: BilateralFilter
training:
  epochs: 1
  batch_size: 100
  image_width: 32
  lr: 0.05
model:
  num_layers: 3
dataset:
  num_classes: 2
  binary: true
  name: stl10
  image_width_sweep: 2,4,8,16,32,64
  orig_width: 96
embedding:
  name: RMP
  pca: true
  supports_color: true

[2026-01-17 19:04:19,812] [INFO] - Using cuda.
[2026-01-17 19:04:30,140] [INFO] - Dataset: stl10 | Train Size: 1819 | Validation Size: 521 | Test Size: 260
[2026-01-17 19:04:30,148] [INFO] - Applying PCA Loader to the dataset
[2026-01-17 19:04:35,383] [INFO] - Initiate model
[2026-01-17 19:04:35,825] [INFO] - Weights Shape: torch.Size([3, 6, 3])
[2026-01-17 19:04:35,826] [INFO] - Bias Shape: torch.Size([2])
[2026-01-17 19:05:29,259] [INFO] - [  100/ 1819] | Cost: 0.7092981 | Accuracy: 0.4500000
[2026-01-17 19:06:22,724] [INFO] - [  200/ 1819] | Cost: 0.6895468 | Accuracy: 0.5500000
[2026-01-17 19:07:16,154] [INFO] - [  300/ 1819] | Cost: 0.6897011 | Accuracy: 0.5100000
[2026-01-17 19:08:09,564] [INFO] - [  400/ 1819] | Cost: 0.6894008 | Accuracy: 0.5100000
[2026-01-17 19:09:02,739] [INFO] - [  500/ 1819] | Cost: 0.6937623 | Accuracy: 0.4900000
[2026-01-17 19:09:56,115] [INFO] - [  600/ 1819] | Cost: 0.6926515 | Accuracy: 0.4800000
[2026-01-17 19:10:49,512] [INFO] - [  700/ 1819] | Cost: 0.6882043 | Accuracy: 0.4900000
[2026-01-17 19:11:42,906] [INFO] - [  800/ 1819] | Cost: 0.6883765 | Accuracy: 0.4800000
[2026-01-17 19:12:36,307] [INFO] - [  900/ 1819] | Cost: 0.6837779 | Accuracy: 0.5200000
[2026-01-17 19:13:29,518] [INFO] - [ 1000/ 1819] | Cost: 0.6961399 | Accuracy: 0.4700000
[2026-01-17 19:14:22,958] [INFO] - [ 1100/ 1819] | Cost: 0.6768910 | Accuracy: 0.5900000
[2026-01-17 19:15:16,386] [INFO] - [ 1200/ 1819] | Cost: 0.6869717 | Accuracy: 0.5200000
[2026-01-17 19:16:00,770] [INFO] - [ 1300/ 1819] | Cost: 0.6730957 | Accuracy: 0.5900000
[2026-01-17 19:16:43,068] [INFO] - [ 1400/ 1819] | Cost: 0.6894823 | Accuracy: 0.4800000
[2026-01-17 19:17:25,486] [INFO] - [ 1500/ 1819] | Cost: 0.6885295 | Accuracy: 0.5100000
[2026-01-17 19:18:08,009] [INFO] - [ 1600/ 1819] | Cost: 0.6873677 | Accuracy: 0.5100000
[2026-01-17 19:19:00,772] [INFO] - [ 1700/ 1819] | Cost: 0.6898122 | Accuracy: 0.4700000
[2026-01-17 19:19:54,292] [INFO] - [ 1800/ 1819] | Cost: 0.6835315 | Accuracy: 0.6800000
[2026-01-17 19:20:04,264] [INFO] - [ 1900/ 1819] | Cost: 0.6678191 | Accuracy: 0.7368421
[2026-01-17 19:20:12,939] [INFO] - Model dict saved to /workspace/persistent/embedding_colosseum/multirun/2026-01-17/16-03-43/104/saved_models/model_epoch-0.pt
[2026-01-17 19:20:12,941] [INFO] - Validation for epoch   0 | Cost: 0.6871879 | Accuracy: 0.5064286
