[2026-01-18 04:05:01,829] [INFO] - seed: 1
image_preprocessing: GaussianBlur
training:
  epochs: 1
  batch_size: 100
  image_width: 32
  lr: 0.05
model:
  num_layers: 3
dataset:
  num_classes: 2
  binary: true
  name: eurosat_ms
  image_width_sweep: '64'
  orig_width: 64
embedding:
  name: RMP
  pca: true
  supports_color: true

[2026-01-18 04:05:01,831] [INFO] - Using cuda.
[2026-01-18 04:05:01,870] [INFO] - Dataset: eurosat_ms | Train Size: 4200 | Validation Size: 1200 | Test Size: 600
[2026-01-18 04:05:01,872] [INFO] - Applying PCA Loader to the dataset
[2026-01-18 04:05:41,656] [INFO] - Initiate model
[2026-01-18 04:05:41,659] [INFO] - Weights Shape: torch.Size([3, 6, 3])
[2026-01-18 04:05:41,659] [INFO] - Bias Shape: torch.Size([2])
[2026-01-18 04:06:16,749] [INFO] - [  100/ 4200] | Cost: 0.7119632 | Accuracy: 0.4400000
[2026-01-18 04:06:51,963] [INFO] - [  200/ 4200] | Cost: 0.6865991 | Accuracy: 0.6100000
[2026-01-18 04:07:27,048] [INFO] - [  300/ 4200] | Cost: 0.6924622 | Accuracy: 0.4700000
[2026-01-18 04:08:02,110] [INFO] - [  400/ 4200] | Cost: 0.6761205 | Accuracy: 0.5600000
[2026-01-18 04:08:36,874] [INFO] - [  500/ 4200] | Cost: 0.7010309 | Accuracy: 0.4500000
[2026-01-18 04:09:11,929] [INFO] - [  600/ 4200] | Cost: 0.6809540 | Accuracy: 0.5300000
[2026-01-18 04:09:46,945] [INFO] - [  700/ 4200] | Cost: 0.6866716 | Accuracy: 0.4700000
[2026-01-18 04:10:21,999] [INFO] - [  800/ 4200] | Cost: 0.6834952 | Accuracy: 0.5300000
[2026-01-18 04:10:57,006] [INFO] - [  900/ 4200] | Cost: 0.6801619 | Accuracy: 0.6100000
[2026-01-18 04:11:31,871] [INFO] - [ 1000/ 4200] | Cost: 0.6755098 | Accuracy: 0.5400000
[2026-01-18 04:12:06,870] [INFO] - [ 1100/ 4200] | Cost: 0.6795425 | Accuracy: 0.5100000
[2026-01-18 04:12:41,835] [INFO] - [ 1200/ 4200] | Cost: 0.6902253 | Accuracy: 0.4600000
[2026-01-18 04:13:16,817] [INFO] - [ 1300/ 4200] | Cost: 0.6712276 | Accuracy: 0.5500000
[2026-01-18 04:13:51,611] [INFO] - [ 1400/ 4200] | Cost: 0.6686888 | Accuracy: 0.5400000
[2026-01-18 04:14:26,514] [INFO] - [ 1500/ 4200] | Cost: 0.6608037 | Accuracy: 0.6200000
[2026-01-18 04:15:01,421] [INFO] - [ 1600/ 4200] | Cost: 0.6683524 | Accuracy: 0.5600000
[2026-01-18 04:15:36,307] [INFO] - [ 1700/ 4200] | Cost: 0.6680914 | Accuracy: 0.5500000
[2026-01-18 04:16:11,087] [INFO] - [ 1800/ 4200] | Cost: 0.6813902 | Accuracy: 0.4600000
[2026-01-18 04:16:46,006] [INFO] - [ 1900/ 4200] | Cost: 0.6621108 | Accuracy: 0.5800000
[2026-01-18 04:17:20,927] [INFO] - [ 2000/ 4200] | Cost: 0.6815408 | Accuracy: 0.4300000
[2026-01-18 04:17:55,826] [INFO] - [ 2100/ 4200] | Cost: 0.6702206 | Accuracy: 0.5300000
[2026-01-18 04:18:30,671] [INFO] - [ 2200/ 4200] | Cost: 0.6655353 | Accuracy: 0.9100000
[2026-01-18 04:19:05,649] [INFO] - [ 2300/ 4200] | Cost: 0.6645864 | Accuracy: 0.6100000
[2026-01-18 04:19:40,589] [INFO] - [ 2400/ 4200] | Cost: 0.6735095 | Accuracy: 0.4700000
[2026-01-18 04:20:15,554] [INFO] - [ 2500/ 4200] | Cost: 0.6540430 | Accuracy: 0.5700000
[2026-01-18 04:20:50,489] [INFO] - [ 2600/ 4200] | Cost: 0.6767336 | Accuracy: 0.4800000
[2026-01-18 04:21:21,489] [INFO] - [ 2700/ 4200] | Cost: 0.6615664 | Accuracy: 0.5300000
[2026-01-18 04:21:56,124] [INFO] - [ 2800/ 4200] | Cost: 0.6499445 | Accuracy: 0.5600000
[2026-01-18 04:22:31,118] [INFO] - [ 2900/ 4200] | Cost: 0.6596911 | Accuracy: 0.5000000
[2026-01-18 04:23:06,109] [INFO] - [ 3000/ 4200] | Cost: 0.6649207 | Accuracy: 0.5500000
[2026-01-18 04:23:40,667] [INFO] - [ 3100/ 4200] | Cost: 0.6612171 | Accuracy: 0.7500000
[2026-01-18 04:24:14,052] [INFO] - [ 3200/ 4200] | Cost: 0.6538444 | Accuracy: 0.8800000
[2026-01-18 04:24:48,402] [INFO] - [ 3300/ 4200] | Cost: 0.6660485 | Accuracy: 0.4500000
[2026-01-18 04:25:23,368] [INFO] - [ 3400/ 4200] | Cost: 0.6643831 | Accuracy: 0.4500000
[2026-01-18 04:25:58,109] [INFO] - [ 3500/ 4200] | Cost: 0.6470139 | Accuracy: 0.5700000
[2026-01-18 04:26:33,137] [INFO] - [ 3600/ 4200] | Cost: 0.6659034 | Accuracy: 0.4800000
[2026-01-18 04:27:08,029] [INFO] - [ 3700/ 4200] | Cost: 0.6393393 | Accuracy: 0.9000000
[2026-01-18 04:27:42,998] [INFO] - [ 3800/ 4200] | Cost: 0.6447911 | Accuracy: 0.9000000
[2026-01-18 04:28:17,791] [INFO] - [ 3900/ 4200] | Cost: 0.6441329 | Accuracy: 0.8600000
[2026-01-18 04:28:49,149] [INFO] - [ 4000/ 4200] | Cost: 0.6382812 | Accuracy: 0.9400000
[2026-01-18 04:29:23,636] [INFO] - [ 4100/ 4200] | Cost: 0.6379038 | Accuracy: 0.9500000
[2026-01-18 04:29:58,648] [INFO] - [ 4200/ 4200] | Cost: 0.6425537 | Accuracy: 0.9000000
[2026-01-18 04:30:13,773] [INFO] - Model dict saved to /workspace/persistent/embedding_colosseum/multirun/2026-01-18/02-06-25/59/saved_models/model_epoch-0.pt
[2026-01-18 04:30:13,774] [INFO] - Validation for epoch   0 | Cost: 0.6358690 | Accuracy: 0.9191667
