[2026-01-16 14:25:30,807] [INFO] - seed: 0
image_preprocessing: GaussianBlur
training:
  epochs: 1
  batch_size: 100
  image_width: 32
  lr: 0.05
model:
  num_layers: 3
dataset:
  num_classes: 2
  binary: true
  name: eurosat_rgb
  image_width_sweep: '64'
  orig_width: 64
embedding:
  name: OQIM
  pca: false
  supports_color: true

[2026-01-16 14:25:30,809] [INFO] - Using cuda.
[2026-01-16 14:25:30,859] [INFO] - Dataset: eurosat_rgb | Train Size: 4200 | Validation Size: 1200 | Test Size: 600
[2026-01-16 14:25:30,861] [INFO] - Initiate model
[2026-01-16 14:25:30,863] [INFO] - Weights Shape: torch.Size([3, 12, 3])
[2026-01-16 14:25:30,864] [INFO] - Bias Shape: torch.Size([2])
[2026-01-16 14:28:07,012] [INFO] - [  100/ 4200] | Cost: 0.6986637 | Accuracy: 0.4400000
[2026-01-16 14:30:47,404] [INFO] - [  200/ 4200] | Cost: 0.6874498 | Accuracy: 0.5700000
[2026-01-16 14:33:49,327] [INFO] - [  300/ 4200] | Cost: 0.7091390 | Accuracy: 0.4500000
[2026-01-16 14:36:35,320] [INFO] - [  400/ 4200] | Cost: 0.7025774 | Accuracy: 0.4700000
[2026-01-16 14:39:32,696] [INFO] - [  500/ 4200] | Cost: 0.6941898 | Accuracy: 0.4900000
[2026-01-16 14:42:22,012] [INFO] - [  600/ 4200] | Cost: 0.6788017 | Accuracy: 0.5500000
[2026-01-16 14:45:14,582] [INFO] - [  700/ 4200] | Cost: 0.6807689 | Accuracy: 0.5000000
[2026-01-16 14:48:03,378] [INFO] - [  800/ 4200] | Cost: 0.6765167 | Accuracy: 0.4600000
[2026-01-16 14:50:56,126] [INFO] - [  900/ 4200] | Cost: 0.6720499 | Accuracy: 0.9400000
[2026-01-16 14:53:58,219] [INFO] - [ 1000/ 4200] | Cost: 0.6582828 | Accuracy: 0.8700000
[2026-01-16 14:57:04,176] [INFO] - [ 1100/ 4200] | Cost: 0.6485776 | Accuracy: 0.8000000
[2026-01-16 15:00:03,275] [INFO] - [ 1200/ 4200] | Cost: 0.6457611 | Accuracy: 0.7500000
[2026-01-16 15:03:00,720] [INFO] - [ 1300/ 4200] | Cost: 0.6359719 | Accuracy: 0.7400000
[2026-01-16 15:05:54,728] [INFO] - [ 1400/ 4200] | Cost: 0.6190821 | Accuracy: 0.8800000
[2026-01-16 15:09:05,300] [INFO] - [ 1500/ 4200] | Cost: 0.6150776 | Accuracy: 0.8900000
[2026-01-16 15:11:59,163] [INFO] - [ 1600/ 4200] | Cost: 0.6128973 | Accuracy: 0.9100000
[2026-01-16 15:14:58,321] [INFO] - [ 1700/ 4200] | Cost: 0.6063145 | Accuracy: 0.9100000
[2026-01-16 15:17:46,858] [INFO] - [ 1800/ 4200] | Cost: 0.5889956 | Accuracy: 0.9400000
[2026-01-16 15:20:50,019] [INFO] - [ 1900/ 4200] | Cost: 0.5854427 | Accuracy: 0.9000000
[2026-01-16 15:23:49,118] [INFO] - [ 2000/ 4200] | Cost: 0.5625934 | Accuracy: 0.9300000
[2026-01-16 15:26:46,972] [INFO] - [ 2100/ 4200] | Cost: 0.5580865 | Accuracy: 0.9600000
[2026-01-16 15:29:53,087] [INFO] - [ 2200/ 4200] | Cost: 0.5487638 | Accuracy: 0.9500000
[2026-01-16 15:32:51,976] [INFO] - [ 2300/ 4200] | Cost: 0.5456966 | Accuracy: 0.9000000
[2026-01-16 15:35:50,723] [INFO] - [ 2400/ 4200] | Cost: 0.5026813 | Accuracy: 0.9300000
[2026-01-16 15:38:47,457] [INFO] - [ 2500/ 4200] | Cost: 0.5006799 | Accuracy: 0.9400000
[2026-01-16 15:41:45,686] [INFO] - [ 2600/ 4200] | Cost: 0.5210255 | Accuracy: 0.9500000
[2026-01-16 15:44:40,185] [INFO] - [ 2700/ 4200] | Cost: 0.4999919 | Accuracy: 0.9400000
[2026-01-16 15:47:36,537] [INFO] - [ 2800/ 4200] | Cost: 0.4860764 | Accuracy: 0.9600000
[2026-01-16 15:50:26,206] [INFO] - [ 2900/ 4200] | Cost: 0.4911493 | Accuracy: 0.9500000
[2026-01-16 15:53:41,201] [INFO] - [ 3000/ 4200] | Cost: 0.4753775 | Accuracy: 0.9800000
[2026-01-16 15:56:21,268] [INFO] - [ 3100/ 4200] | Cost: 0.5062914 | Accuracy: 0.9500000
[2026-01-16 15:59:35,302] [INFO] - [ 3200/ 4200] | Cost: 0.5043291 | Accuracy: 0.9700000
[2026-01-16 16:02:38,660] [INFO] - [ 3300/ 4200] | Cost: 0.4878205 | Accuracy: 0.9600000
[2026-01-16 16:05:56,624] [INFO] - [ 3400/ 4200] | Cost: 0.4933452 | Accuracy: 0.9200000
[2026-01-16 16:08:52,516] [INFO] - [ 3500/ 4200] | Cost: 0.4979765 | Accuracy: 0.9300000
[2026-01-16 16:11:53,159] [INFO] - [ 3600/ 4200] | Cost: 0.4880508 | Accuracy: 0.9100000
[2026-01-16 16:14:48,953] [INFO] - [ 3700/ 4200] | Cost: 0.4732450 | Accuracy: 0.9500000
[2026-01-16 16:17:53,546] [INFO] - [ 3800/ 4200] | Cost: 0.5076901 | Accuracy: 0.8800000
[2026-01-16 16:20:55,255] [INFO] - [ 3900/ 4200] | Cost: 0.5022786 | Accuracy: 0.8600000
[2026-01-16 16:24:01,897] [INFO] - [ 4000/ 4200] | Cost: 0.4730068 | Accuracy: 0.9200000
[2026-01-16 16:27:04,774] [INFO] - [ 4100/ 4200] | Cost: 0.4672073 | Accuracy: 0.9100000
[2026-01-16 16:29:47,829] [INFO] - [ 4200/ 4200] | Cost: 0.4897154 | Accuracy: 0.8900000
