[2026-01-16 17:18:50,135] [INFO] - seed: 0
image_preprocessing: BilateralFilter
training:
  epochs: 1
  batch_size: 100
  image_width: 32
  lr: 0.05
model:
  num_layers: 3
dataset:
  num_classes: 2
  binary: true
  name: eurosat_rgb
  image_width_sweep: '64'
  orig_width: 64
embedding:
  name: OQIM
  pca: false
  supports_color: true

[2026-01-16 17:18:50,137] [INFO] - Using cuda.
[2026-01-16 17:18:50,176] [INFO] - Dataset: eurosat_rgb | Train Size: 4200 | Validation Size: 1200 | Test Size: 600
[2026-01-16 17:18:50,179] [INFO] - Initiate model
[2026-01-16 17:18:50,180] [INFO] - Weights Shape: torch.Size([3, 12, 3])
[2026-01-16 17:18:50,181] [INFO] - Bias Shape: torch.Size([2])
[2026-01-16 17:21:27,394] [INFO] - [  100/ 4200] | Cost: 0.6986653 | Accuracy: 0.4400000
[2026-01-16 17:24:22,165] [INFO] - [  200/ 4200] | Cost: 0.6874542 | Accuracy: 0.5700000
[2026-01-16 17:27:09,473] [INFO] - [  300/ 4200] | Cost: 0.7091537 | Accuracy: 0.4500000
[2026-01-16 17:30:09,246] [INFO] - [  400/ 4200] | Cost: 0.7025530 | Accuracy: 0.4700000
[2026-01-16 17:33:09,036] [INFO] - [  500/ 4200] | Cost: 0.6942000 | Accuracy: 0.4900000
[2026-01-16 17:35:53,465] [INFO] - [  600/ 4200] | Cost: 0.6787949 | Accuracy: 0.5500000
[2026-01-16 17:38:46,565] [INFO] - [  700/ 4200] | Cost: 0.6806848 | Accuracy: 0.5000000
[2026-01-16 17:41:56,018] [INFO] - [  800/ 4200] | Cost: 0.6763473 | Accuracy: 0.4600000
[2026-01-16 17:44:52,843] [INFO] - [  900/ 4200] | Cost: 0.6718424 | Accuracy: 0.9400000
[2026-01-16 17:47:39,910] [INFO] - [ 1000/ 4200] | Cost: 0.6580103 | Accuracy: 0.8700000
[2026-01-16 17:50:29,096] [INFO] - [ 1100/ 4200] | Cost: 0.6478852 | Accuracy: 0.8000000
[2026-01-16 17:53:29,225] [INFO] - [ 1200/ 4200] | Cost: 0.6448978 | Accuracy: 0.7600000
[2026-01-16 17:56:16,585] [INFO] - [ 1300/ 4200] | Cost: 0.6354156 | Accuracy: 0.7400000
[2026-01-16 17:59:16,071] [INFO] - [ 1400/ 4200] | Cost: 0.6181636 | Accuracy: 0.8800000
[2026-01-16 18:02:00,017] [INFO] - [ 1500/ 4200] | Cost: 0.6142334 | Accuracy: 0.8800000
[2026-01-16 18:05:02,764] [INFO] - [ 1600/ 4200] | Cost: 0.6112431 | Accuracy: 0.9200000
[2026-01-16 18:07:50,843] [INFO] - [ 1700/ 4200] | Cost: 0.6043925 | Accuracy: 0.9100000
[2026-01-16 18:10:58,775] [INFO] - [ 1800/ 4200] | Cost: 0.5866889 | Accuracy: 0.9400000
[2026-01-16 18:13:47,323] [INFO] - [ 1900/ 4200] | Cost: 0.5826976 | Accuracy: 0.9000000
[2026-01-16 18:16:54,053] [INFO] - [ 2000/ 4200] | Cost: 0.5593540 | Accuracy: 0.9300000
[2026-01-16 18:19:44,653] [INFO] - [ 2100/ 4200] | Cost: 0.5547997 | Accuracy: 0.9600000
[2026-01-16 18:22:34,176] [INFO] - [ 2200/ 4200] | Cost: 0.5448402 | Accuracy: 0.9500000
[2026-01-16 18:25:27,389] [INFO] - [ 2300/ 4200] | Cost: 0.5421765 | Accuracy: 0.9000000
[2026-01-16 18:28:22,909] [INFO] - [ 2400/ 4200] | Cost: 0.4986520 | Accuracy: 0.9300000
[2026-01-16 18:31:15,111] [INFO] - [ 2500/ 4200] | Cost: 0.4968921 | Accuracy: 0.9400000
[2026-01-16 18:34:08,790] [INFO] - [ 2600/ 4200] | Cost: 0.5173511 | Accuracy: 0.9500000
[2026-01-16 18:37:05,969] [INFO] - [ 2700/ 4200] | Cost: 0.4967394 | Accuracy: 0.9400000
[2026-01-16 18:39:59,263] [INFO] - [ 2800/ 4200] | Cost: 0.4827240 | Accuracy: 0.9600000
[2026-01-16 18:42:49,285] [INFO] - [ 2900/ 4200] | Cost: 0.4874272 | Accuracy: 0.9500000
[2026-01-16 18:45:36,537] [INFO] - [ 3000/ 4200] | Cost: 0.4733414 | Accuracy: 0.9700000
[2026-01-16 18:48:42,412] [INFO] - [ 3100/ 4200] | Cost: 0.5044552 | Accuracy: 0.9500000
[2026-01-16 18:51:37,711] [INFO] - [ 3200/ 4200] | Cost: 0.5026769 | Accuracy: 0.9700000
[2026-01-16 18:54:39,170] [INFO] - [ 3300/ 4200] | Cost: 0.4859150 | Accuracy: 0.9600000
[2026-01-16 18:57:33,440] [INFO] - [ 3400/ 4200] | Cost: 0.4906335 | Accuracy: 0.9200000
[2026-01-16 19:00:38,693] [INFO] - [ 3500/ 4200] | Cost: 0.4962396 | Accuracy: 0.9300000
[2026-01-16 19:03:27,013] [INFO] - [ 3600/ 4200] | Cost: 0.4857066 | Accuracy: 0.9100000
[2026-01-16 19:06:18,152] [INFO] - [ 3700/ 4200] | Cost: 0.4706076 | Accuracy: 0.9500000
[2026-01-16 19:09:06,985] [INFO] - [ 3800/ 4200] | Cost: 0.5055952 | Accuracy: 0.8800000
[2026-01-16 19:12:17,433] [INFO] - [ 3900/ 4200] | Cost: 0.5000512 | Accuracy: 0.8700000
[2026-01-16 19:15:13,029] [INFO] - [ 4000/ 4200] | Cost: 0.4715517 | Accuracy: 0.9200000
[2026-01-16 19:18:07,176] [INFO] - [ 4100/ 4200] | Cost: 0.4642166 | Accuracy: 0.9100000
[2026-01-16 19:21:21,756] [INFO] - [ 4200/ 4200] | Cost: 0.4862168 | Accuracy: 0.8900000
