[2026-01-17 18:09:53,749] [INFO] - seed: 0
image_preprocessing: ContrastScaling
training:
  epochs: 1
  batch_size: 100
  image_width: 32
  lr: 0.05
model:
  num_layers: 3
dataset:
  num_classes: 2
  binary: true
  name: eurosat_ms
  image_width_sweep: '64'
  orig_width: 64
embedding:
  name: RMP
  pca: true
  supports_color: true

[2026-01-17 18:09:53,754] [INFO] - Using cuda.
[2026-01-17 18:09:53,796] [INFO] - Dataset: eurosat_ms | Train Size: 4200 | Validation Size: 1200 | Test Size: 600
[2026-01-17 18:09:53,798] [INFO] - Applying PCA Loader to the dataset
[2026-01-17 18:10:04,881] [INFO] - Initiate model
[2026-01-17 18:10:04,969] [INFO] - Weights Shape: torch.Size([3, 6, 3])
[2026-01-17 18:10:04,970] [INFO] - Bias Shape: torch.Size([2])
[2026-01-17 18:10:58,259] [INFO] - [  100/ 4200] | Cost: 0.6949281 | Accuracy: 0.5100000
[2026-01-17 18:11:51,704] [INFO] - [  200/ 4200] | Cost: 0.6863916 | Accuracy: 0.5800000
[2026-01-17 18:12:45,099] [INFO] - [  300/ 4200] | Cost: 0.6814777 | Accuracy: 0.5500000
[2026-01-17 18:13:38,519] [INFO] - [  400/ 4200] | Cost: 0.6907887 | Accuracy: 0.4800000
[2026-01-17 18:14:22,455] [INFO] - [  500/ 4200] | Cost: 0.6699413 | Accuracy: 0.5800000
[2026-01-17 18:15:11,519] [INFO] - [  600/ 4200] | Cost: 0.6732800 | Accuracy: 0.5500000
[2026-01-17 18:16:01,837] [INFO] - [  700/ 4200] | Cost: 0.6828374 | Accuracy: 0.5100000
[2026-01-17 18:16:55,246] [INFO] - [  800/ 4200] | Cost: 0.7035561 | Accuracy: 0.4200000
[2026-01-17 18:17:48,663] [INFO] - [  900/ 4200] | Cost: 0.6726115 | Accuracy: 0.5400000
[2026-01-17 18:18:41,927] [INFO] - [ 1000/ 4200] | Cost: 0.6756299 | Accuracy: 0.8900000
[2026-01-17 18:19:35,337] [INFO] - [ 1100/ 4200] | Cost: 0.6724456 | Accuracy: 0.5900000
[2026-01-17 18:20:28,772] [INFO] - [ 1200/ 4200] | Cost: 0.6765677 | Accuracy: 0.5100000
[2026-01-17 18:21:22,206] [INFO] - [ 1300/ 4200] | Cost: 0.6751721 | Accuracy: 0.5200000
[2026-01-17 18:22:15,431] [INFO] - [ 1400/ 4200] | Cost: 0.6849028 | Accuracy: 0.4800000
[2026-01-17 18:23:08,902] [INFO] - [ 1500/ 4200] | Cost: 0.6817254 | Accuracy: 0.4700000
[2026-01-17 18:24:02,345] [INFO] - [ 1600/ 4200] | Cost: 0.6796747 | Accuracy: 0.4600000
[2026-01-17 18:24:55,795] [INFO] - [ 1700/ 4200] | Cost: 0.6690651 | Accuracy: 0.9200000
[2026-01-17 18:25:49,044] [INFO] - [ 1800/ 4200] | Cost: 0.6666889 | Accuracy: 0.8400000
[2026-01-17 18:26:42,570] [INFO] - [ 1900/ 4200] | Cost: 0.6682614 | Accuracy: 0.5300000
[2026-01-17 18:27:36,023] [INFO] - [ 2000/ 4200] | Cost: 0.6856103 | Accuracy: 0.4600000
[2026-01-17 18:28:29,459] [INFO] - [ 2100/ 4200] | Cost: 0.6753126 | Accuracy: 0.5100000
[2026-01-17 18:29:22,700] [INFO] - [ 2200/ 4200] | Cost: 0.6823747 | Accuracy: 0.4700000
[2026-01-17 18:30:16,192] [INFO] - [ 2300/ 4200] | Cost: 0.6558688 | Accuracy: 0.5800000
[2026-01-17 18:31:09,601] [INFO] - [ 2400/ 4200] | Cost: 0.6588536 | Accuracy: 0.5700000
[2026-01-17 18:32:03,022] [INFO] - [ 2500/ 4200] | Cost: 0.6659306 | Accuracy: 0.5000000
[2026-01-17 18:32:56,450] [INFO] - [ 2600/ 4200] | Cost: 0.6625562 | Accuracy: 0.5700000
[2026-01-17 18:33:49,663] [INFO] - [ 2700/ 4200] | Cost: 0.6709728 | Accuracy: 0.5600000
[2026-01-17 18:34:43,098] [INFO] - [ 2800/ 4200] | Cost: 0.6642234 | Accuracy: 0.8500000
[2026-01-17 18:35:36,465] [INFO] - [ 2900/ 4200] | Cost: 0.6624331 | Accuracy: 0.9100000
[2026-01-17 18:36:29,851] [INFO] - [ 3000/ 4200] | Cost: 0.6614964 | Accuracy: 0.9400000
[2026-01-17 18:37:23,073] [INFO] - [ 3100/ 4200] | Cost: 0.6624144 | Accuracy: 0.8800000
[2026-01-17 18:38:16,477] [INFO] - [ 3200/ 4200] | Cost: 0.6660222 | Accuracy: 0.8500000
[2026-01-17 18:39:09,850] [INFO] - [ 3300/ 4200] | Cost: 0.6625559 | Accuracy: 0.8700000
[2026-01-17 18:40:03,265] [INFO] - [ 3400/ 4200] | Cost: 0.6573347 | Accuracy: 0.9100000
[2026-01-17 18:40:56,498] [INFO] - [ 3500/ 4200] | Cost: 0.6561431 | Accuracy: 0.9600000
[2026-01-17 18:41:49,928] [INFO] - [ 3600/ 4200] | Cost: 0.6551387 | Accuracy: 0.8900000
[2026-01-17 18:42:43,304] [INFO] - [ 3700/ 4200] | Cost: 0.6506164 | Accuracy: 0.9000000
[2026-01-17 18:43:36,677] [INFO] - [ 3800/ 4200] | Cost: 0.6698143 | Accuracy: 0.4700000
[2026-01-17 18:44:29,899] [INFO] - [ 3900/ 4200] | Cost: 0.6508708 | Accuracy: 0.5400000
[2026-01-17 18:45:23,316] [INFO] - [ 4000/ 4200] | Cost: 0.6460081 | Accuracy: 0.5600000
[2026-01-17 18:46:16,759] [INFO] - [ 4100/ 4200] | Cost: 0.6518887 | Accuracy: 0.5400000
[2026-01-17 18:47:10,104] [INFO] - [ 4200/ 4200] | Cost: 0.6490503 | Accuracy: 0.5400000
[2026-01-17 18:47:30,112] [INFO] - Model dict saved to /workspace/persistent/embedding_colosseum/multirun/2026-01-17/16-03-43/62/saved_models/model_epoch-0.pt
[2026-01-17 18:47:30,113] [INFO] - Validation for epoch   0 | Cost: 0.6558670 | Accuracy: 0.5016667
