[2026-01-17 06:22:04,517] [INFO] - seed: 0
image_preprocessing: GaussianBlur
training:
  epochs: 1
  batch_size: 100
  image_width: 32
  lr: 0.05
model:
  num_layers: 3
dataset:
  num_classes: 2
  binary: true
  name: cxr8
  image_width_sweep: 2,4,8,16,32,64
  orig_width: 1024
embedding:
  name: FRQI
  pca: false
  supports_color: false

[2026-01-17 06:22:04,521] [INFO] - Using cuda.
[2026-01-17 06:22:04,644] [INFO] - Dataset: cxr8 | Train Size: 2270 | Validation Size: 650 | Test Size: 324
[2026-01-17 06:22:04,647] [INFO] - Initiate model
[2026-01-17 06:22:04,843] [INFO] - Weights Shape: torch.Size([3, 11, 3])
[2026-01-17 06:22:04,844] [INFO] - Bias Shape: torch.Size([2])
[2026-01-17 06:24:03,538] [INFO] - [  100/ 2270] | Cost: 0.6920575 | Accuracy: 0.5000000
[2026-01-17 06:26:12,059] [INFO] - [  200/ 2270] | Cost: 0.6450232 | Accuracy: 0.8400000
[2026-01-17 06:28:11,480] [INFO] - [  300/ 2270] | Cost: 0.5998122 | Accuracy: 0.8500000
[2026-01-17 06:30:16,532] [INFO] - [  400/ 2270] | Cost: 0.5761548 | Accuracy: 0.8200000
[2026-01-17 06:32:17,248] [INFO] - [  500/ 2270] | Cost: 0.5009031 | Accuracy: 0.9000000
[2026-01-17 06:34:11,103] [INFO] - [  600/ 2270] | Cost: 0.4712396 | Accuracy: 0.8900000
[2026-01-17 06:36:24,595] [INFO] - [  700/ 2270] | Cost: 0.4949221 | Accuracy: 0.8300000
[2026-01-17 06:38:20,811] [INFO] - [  800/ 2270] | Cost: 0.4686102 | Accuracy: 0.8400000
[2026-01-17 06:40:14,590] [INFO] - [  900/ 2270] | Cost: 0.4342216 | Accuracy: 0.8600000
[2026-01-17 06:42:26,019] [INFO] - [ 1000/ 2270] | Cost: 0.4601876 | Accuracy: 0.8300000
[2026-01-17 06:44:17,220] [INFO] - [ 1100/ 2270] | Cost: 0.4002377 | Accuracy: 0.8700000
[2026-01-17 06:46:05,779] [INFO] - [ 1200/ 2270] | Cost: 0.4564450 | Accuracy: 0.8300000
[2026-01-17 06:48:24,478] [INFO] - [ 1300/ 2270] | Cost: 0.4210628 | Accuracy: 0.8500000
[2026-01-17 06:50:15,765] [INFO] - [ 1400/ 2270] | Cost: 0.5616947 | Accuracy: 0.7700000
[2026-01-17 06:52:11,372] [INFO] - [ 1500/ 2270] | Cost: 0.4423087 | Accuracy: 0.8400000
[2026-01-17 06:54:25,888] [INFO] - [ 1600/ 2270] | Cost: 0.4608614 | Accuracy: 0.8300000
[2026-01-17 06:56:26,908] [INFO] - [ 1700/ 2270] | Cost: 0.2395937 | Accuracy: 0.9500000
[2026-01-17 06:58:31,377] [INFO] - [ 1800/ 2270] | Cost: 0.2545286 | Accuracy: 0.9400000
[2026-01-17 07:00:36,276] [INFO] - [ 1900/ 2270] | Cost: 0.4056894 | Accuracy: 0.8600000
[2026-01-17 07:02:29,936] [INFO] - [ 2000/ 2270] | Cost: 0.4619402 | Accuracy: 0.8300000
[2026-01-17 07:04:32,713] [INFO] - [ 2100/ 2270] | Cost: 0.4858160 | Accuracy: 0.8200000
[2026-01-17 07:06:39,367] [INFO] - [ 2200/ 2270] | Cost: 0.3649171 | Accuracy: 0.8800000
[2026-01-17 07:07:54,873] [INFO] - [ 2300/ 2270] | Cost: 0.3810993 | Accuracy: 0.8714286
[2026-01-17 07:16:20,803] [INFO] - Model dict saved to /workspace/persistent/embedding_colosseum/multirun/2026-01-15/22-04-31/297/saved_models/model_epoch-0.pt
[2026-01-17 07:16:20,808] [INFO] - Validation for epoch   0 | Cost: 0.4437967 | Accuracy: 0.8400000
