[2026-01-16 12:17:28,764] [INFO] - seed: 0
image_preprocessing: None
training:
  epochs: 1
  batch_size: 100
  image_width: 16
  lr: 0.05
model:
  num_layers: 3
dataset:
  num_classes: 2
  binary: true
  name: eurosat_rgb
  image_width_sweep: '64'
  orig_width: 64
embedding:
  name: FRQI
  pca: false
  supports_color: false

[2026-01-16 12:17:28,768] [INFO] - Using cuda.
[2026-01-16 12:17:29,509] [INFO] - Dataset: eurosat_rgb | Train Size: 4200 | Validation Size: 1200 | Test Size: 600
[2026-01-16 12:17:29,512] [INFO] - Initiate model
[2026-01-16 12:17:29,723] [INFO] - Weights Shape: torch.Size([3, 9, 3])
[2026-01-16 12:17:29,724] [INFO] - Bias Shape: torch.Size([2])
[2026-01-16 12:18:12,906] [INFO] - [  100/ 4200] | Cost: 0.6842098 | Accuracy: 0.5600000
[2026-01-16 12:19:15,141] [INFO] - [  200/ 4200] | Cost: 0.6716982 | Accuracy: 0.5700000
[2026-01-16 12:20:31,135] [INFO] - [  300/ 4200] | Cost: 0.7021542 | Accuracy: 0.4500000
[2026-01-16 12:21:43,135] [INFO] - [  400/ 4200] | Cost: 0.6836967 | Accuracy: 0.4700000
[2026-01-16 12:22:34,638] [INFO] - [  500/ 4200] | Cost: 0.6728258 | Accuracy: 0.4900000
[2026-01-16 12:23:35,129] [INFO] - [  600/ 4200] | Cost: 0.6567534 | Accuracy: 0.8700000
[2026-01-16 12:24:27,081] [INFO] - [  700/ 4200] | Cost: 0.6561304 | Accuracy: 0.8900000
[2026-01-16 12:25:20,970] [INFO] - [  800/ 4200] | Cost: 0.6461477 | Accuracy: 0.7900000
[2026-01-16 12:26:23,270] [INFO] - [  900/ 4200] | Cost: 0.6423970 | Accuracy: 0.7100000
[2026-01-16 12:27:14,644] [INFO] - [ 1000/ 4200] | Cost: 0.6295311 | Accuracy: 0.6900000
[2026-01-16 12:28:05,049] [INFO] - [ 1100/ 4200] | Cost: 0.6291870 | Accuracy: 0.6300000
[2026-01-16 12:28:56,117] [INFO] - [ 1200/ 4200] | Cost: 0.6209345 | Accuracy: 0.6500000
[2026-01-16 12:29:54,288] [INFO] - [ 1300/ 4200] | Cost: 0.6022965 | Accuracy: 0.7200000
[2026-01-16 12:30:49,854] [INFO] - [ 1400/ 4200] | Cost: 0.5645092 | Accuracy: 0.8500000
[2026-01-16 12:31:59,047] [INFO] - [ 1500/ 4200] | Cost: 0.5568889 | Accuracy: 0.8600000
[2026-01-16 12:33:00,765] [INFO] - [ 1600/ 4200] | Cost: 0.5440151 | Accuracy: 0.9200000
[2026-01-16 12:34:04,582] [INFO] - [ 1700/ 4200] | Cost: 0.5393740 | Accuracy: 0.9100000
[2026-01-16 12:34:49,022] [INFO] - [ 1800/ 4200] | Cost: 0.5093938 | Accuracy: 0.9300000
[2026-01-16 12:35:46,837] [INFO] - [ 1900/ 4200] | Cost: 0.5008680 | Accuracy: 0.9200000
[2026-01-16 12:36:47,830] [INFO] - [ 2000/ 4200] | Cost: 0.4783761 | Accuracy: 0.9500000
[2026-01-16 12:37:32,369] [INFO] - [ 2100/ 4200] | Cost: 0.4663627 | Accuracy: 0.9800000
[2026-01-16 12:38:39,687] [INFO] - [ 2200/ 4200] | Cost: 0.4724511 | Accuracy: 0.9500000
[2026-01-16 12:39:37,139] [INFO] - [ 2300/ 4200] | Cost: 0.4717988 | Accuracy: 0.9300000
[2026-01-16 12:40:35,924] [INFO] - [ 2400/ 4200] | Cost: 0.4234604 | Accuracy: 0.9700000
[2026-01-16 12:41:25,675] [INFO] - [ 2500/ 4200] | Cost: 0.4258094 | Accuracy: 0.9500000
[2026-01-16 12:42:32,065] [INFO] - [ 2600/ 4200] | Cost: 0.4507342 | Accuracy: 0.9800000
[2026-01-16 12:43:39,083] [INFO] - [ 2700/ 4200] | Cost: 0.4282168 | Accuracy: 0.9700000
[2026-01-16 12:44:43,708] [INFO] - [ 2800/ 4200] | Cost: 0.4145261 | Accuracy: 0.9500000
[2026-01-16 12:45:39,041] [INFO] - [ 2900/ 4200] | Cost: 0.4335030 | Accuracy: 0.9500000
[2026-01-16 12:46:23,669] [INFO] - [ 3000/ 4200] | Cost: 0.4107689 | Accuracy: 0.9900000
[2026-01-16 12:47:26,226] [INFO] - [ 3100/ 4200] | Cost: 0.4390688 | Accuracy: 0.9800000
[2026-01-16 12:48:24,435] [INFO] - [ 3200/ 4200] | Cost: 0.4320074 | Accuracy: 0.9900000
[2026-01-16 12:49:29,722] [INFO] - [ 3300/ 4200] | Cost: 0.4119324 | Accuracy: 0.9600000
[2026-01-16 12:50:22,263] [INFO] - [ 3400/ 4200] | Cost: 0.4317994 | Accuracy: 0.9100000
[2026-01-16 12:51:13,896] [INFO] - [ 3500/ 4200] | Cost: 0.4281446 | Accuracy: 0.9500000
[2026-01-16 12:52:10,939] [INFO] - [ 3600/ 4200] | Cost: 0.4146162 | Accuracy: 0.9400000
[2026-01-16 12:53:11,872] [INFO] - [ 3700/ 4200] | Cost: 0.4048815 | Accuracy: 0.9500000
[2026-01-16 12:54:21,429] [INFO] - [ 3800/ 4200] | Cost: 0.4420838 | Accuracy: 0.8800000
[2026-01-16 12:55:28,729] [INFO] - [ 3900/ 4200] | Cost: 0.4313313 | Accuracy: 0.8900000
[2026-01-16 12:56:22,590] [INFO] - [ 4000/ 4200] | Cost: 0.3971321 | Accuracy: 0.9500000
[2026-01-16 12:57:10,252] [INFO] - [ 4100/ 4200] | Cost: 0.4064007 | Accuracy: 0.9700000
[2026-01-16 12:58:19,932] [INFO] - [ 4200/ 4200] | Cost: 0.4330179 | Accuracy: 0.9300000
[2026-01-16 13:01:59,879] [INFO] - Model dict saved to /workspace/persistent/embedding_colosseum/multirun/2026-01-15/22-04-31/96/saved_models/model_epoch-0.pt
[2026-01-16 13:01:59,880] [INFO] - Validation for epoch   0 | Cost: 0.4075472 | Accuracy: 0.9308333
