[2026-01-16 15:10:19,209] [INFO] - seed: 0
image_preprocessing: ContrastScaling
training:
  epochs: 1
  batch_size: 100
  image_width: 32
  lr: 0.05
model:
  num_layers: 3
dataset:
  num_classes: 2
  binary: true
  name: eurosat_rgb
  image_width_sweep: '64'
  orig_width: 64
embedding:
  name: FRQI
  pca: false
  supports_color: false

[2026-01-16 15:10:19,212] [INFO] - Using cuda.
[2026-01-16 15:10:19,266] [INFO] - Dataset: eurosat_rgb | Train Size: 4200 | Validation Size: 1200 | Test Size: 600
[2026-01-16 15:10:19,269] [INFO] - Initiate model
[2026-01-16 15:10:19,271] [INFO] - Weights Shape: torch.Size([3, 11, 3])
[2026-01-16 15:10:19,272] [INFO] - Bias Shape: torch.Size([2])
[2026-01-16 15:12:18,150] [INFO] - [  100/ 4200] | Cost: 0.7052419 | Accuracy: 0.0900000
[2026-01-16 15:14:08,440] [INFO] - [  200/ 4200] | Cost: 0.6903812 | Accuracy: 0.5700000
[2026-01-16 15:16:12,492] [INFO] - [  300/ 4200] | Cost: 0.7087966 | Accuracy: 0.4500000
[2026-01-16 15:18:10,642] [INFO] - [  400/ 4200] | Cost: 0.6996287 | Accuracy: 0.4700000
[2026-01-16 15:20:11,550] [INFO] - [  500/ 4200] | Cost: 0.6918349 | Accuracy: 0.4900000
[2026-01-16 15:22:02,830] [INFO] - [  600/ 4200] | Cost: 0.6812766 | Accuracy: 0.5500000
[2026-01-16 15:24:02,310] [INFO] - [  700/ 4200] | Cost: 0.6827153 | Accuracy: 0.5000000
[2026-01-16 15:25:48,743] [INFO] - [  800/ 4200] | Cost: 0.6801823 | Accuracy: 0.9300000
[2026-01-16 15:27:41,048] [INFO] - [  900/ 4200] | Cost: 0.6764739 | Accuracy: 0.7600000
[2026-01-16 15:29:48,324] [INFO] - [ 1000/ 4200] | Cost: 0.6701244 | Accuracy: 0.6200000
[2026-01-16 15:31:47,766] [INFO] - [ 1100/ 4200] | Cost: 0.6721554 | Accuracy: 0.5400000
[2026-01-16 15:33:56,701] [INFO] - [ 1200/ 4200] | Cost: 0.6701440 | Accuracy: 0.5300000
[2026-01-16 15:35:59,001] [INFO] - [ 1300/ 4200] | Cost: 0.6668460 | Accuracy: 0.5900000
[2026-01-16 15:37:58,423] [INFO] - [ 1400/ 4200] | Cost: 0.6508225 | Accuracy: 0.8100000
[2026-01-16 15:39:57,822] [INFO] - [ 1500/ 4200] | Cost: 0.6508562 | Accuracy: 0.8500000
[2026-01-16 15:41:55,512] [INFO] - [ 1600/ 4200] | Cost: 0.6478159 | Accuracy: 0.9500000
[2026-01-16 15:44:00,239] [INFO] - [ 1700/ 4200] | Cost: 0.6410030 | Accuracy: 0.9400000
[2026-01-16 15:45:46,726] [INFO] - [ 1800/ 4200] | Cost: 0.6260499 | Accuracy: 0.9400000
[2026-01-16 15:47:47,159] [INFO] - [ 1900/ 4200] | Cost: 0.6197600 | Accuracy: 0.9400000
[2026-01-16 15:49:38,961] [INFO] - [ 2000/ 4200] | Cost: 0.6060126 | Accuracy: 0.9400000
[2026-01-16 15:51:41,163] [INFO] - [ 2100/ 4200] | Cost: 0.5960164 | Accuracy: 0.9800000
[2026-01-16 15:54:01,911] [INFO] - [ 2200/ 4200] | Cost: 0.5940765 | Accuracy: 0.9300000
[2026-01-16 15:55:48,085] [INFO] - [ 2300/ 4200] | Cost: 0.5963060 | Accuracy: 0.8200000
[2026-01-16 15:57:44,058] [INFO] - [ 2400/ 4200] | Cost: 0.5586050 | Accuracy: 0.9200000
[2026-01-16 15:59:51,459] [INFO] - [ 2500/ 4200] | Cost: 0.5562239 | Accuracy: 0.9300000
[2026-01-16 16:01:54,791] [INFO] - [ 2600/ 4200] | Cost: 0.5703585 | Accuracy: 0.9700000
[2026-01-16 16:03:56,917] [INFO] - [ 2700/ 4200] | Cost: 0.5522192 | Accuracy: 0.9500000
[2026-01-16 16:06:10,599] [INFO] - [ 2800/ 4200] | Cost: 0.5391170 | Accuracy: 0.9600000
[2026-01-16 16:08:02,977] [INFO] - [ 2900/ 4200] | Cost: 0.5486585 | Accuracy: 0.9700000
[2026-01-16 16:10:06,717] [INFO] - [ 3000/ 4200] | Cost: 0.5359468 | Accuracy: 0.9300000
[2026-01-16 16:12:10,514] [INFO] - [ 3100/ 4200] | Cost: 0.5589381 | Accuracy: 0.9200000
[2026-01-16 16:14:08,843] [INFO] - [ 3200/ 4200] | Cost: 0.5618170 | Accuracy: 0.9700000
[2026-01-16 16:16:22,543] [INFO] - [ 3300/ 4200] | Cost: 0.5369078 | Accuracy: 0.9700000
[2026-01-16 16:18:30,232] [INFO] - [ 3400/ 4200] | Cost: 0.5488663 | Accuracy: 0.9400000
[2026-01-16 16:20:31,576] [INFO] - [ 3500/ 4200] | Cost: 0.5512102 | Accuracy: 0.9500000
[2026-01-16 16:22:20,827] [INFO] - [ 3600/ 4200] | Cost: 0.5407987 | Accuracy: 0.9500000
[2026-01-16 16:24:20,333] [INFO] - [ 3700/ 4200] | Cost: 0.5372815 | Accuracy: 0.9600000
[2026-01-16 16:26:12,021] [INFO] - [ 3800/ 4200] | Cost: 0.5549968 | Accuracy: 0.8800000
[2026-01-16 16:28:28,055] [INFO] - [ 3900/ 4200] | Cost: 0.5502605 | Accuracy: 0.8500000
[2026-01-16 16:30:24,071] [INFO] - [ 4000/ 4200] | Cost: 0.5258110 | Accuracy: 0.9100000
[2026-01-16 16:32:12,594] [INFO] - [ 4100/ 4200] | Cost: 0.5327384 | Accuracy: 0.8900000
[2026-01-16 16:34:12,134] [INFO] - [ 4200/ 4200] | Cost: 0.5466884 | Accuracy: 0.8400000
[2026-01-16 16:49:21,281] [INFO] - Model dict saved to /workspace/persistent/embedding_colosseum/multirun/2026-01-15/22-04-31/113/saved_models/model_epoch-0.pt
[2026-01-16 16:49:21,286] [INFO] - Validation for epoch   0 | Cost: 0.5377544 | Accuracy: 0.8675000
