[2026-01-18 23:04:08,115] [INFO] - seed: 0
image_preprocessing: None
training:
  epochs: 1
  batch_size: 100
  image_width: 16
  lr: 0.05
model:
  num_layers: 3
dataset:
  num_classes: 2
  binary: true
  name: cxr8
  image_width_sweep: 2,4,8,16,32
  orig_width: 1024
embedding:
  name: NAQSS
  pca: false
  supports_color: false

[2026-01-18 23:04:08,119] [INFO] - Using cuda.
[2026-01-18 23:04:08,282] [INFO] - Dataset: cxr8 | Train Size: 2270 | Validation Size: 650 | Test Size: 324
[2026-01-18 23:04:08,286] [INFO] - Initiate model
[2026-01-18 23:04:08,632] [INFO] - Weights Shape: torch.Size([3, 17, 3])
[2026-01-18 23:04:08,633] [INFO] - Bias Shape: torch.Size([2])
[2026-01-18 23:12:21,727] [INFO] - [  100/ 2270] | Cost: 0.6929999 | Accuracy: 0.5600000
[2026-01-18 23:27:35,217] [INFO] - [  200/ 2270] | Cost: 0.6605493 | Accuracy: 0.8400000
[2026-01-18 23:47:36,749] [INFO] - [  300/ 2270] | Cost: 0.6280832 | Accuracy: 0.8500000
[2026-01-19 00:08:23,346] [INFO] - [  400/ 2270] | Cost: 0.6084524 | Accuracy: 0.8200000
[2026-01-19 00:28:40,546] [INFO] - [  500/ 2270] | Cost: 0.5537124 | Accuracy: 0.9000000
[2026-01-19 00:49:09,242] [INFO] - [  600/ 2270] | Cost: 0.5298231 | Accuracy: 0.8900000
[2026-01-19 01:09:29,215] [INFO] - [  700/ 2270] | Cost: 0.5404835 | Accuracy: 0.8300000
[2026-01-19 01:29:46,355] [INFO] - [  800/ 2270] | Cost: 0.5168789 | Accuracy: 0.8400000
[2026-01-19 01:50:09,616] [INFO] - [  900/ 2270] | Cost: 0.4860074 | Accuracy: 0.8600000
[2026-01-19 02:10:22,828] [INFO] - [ 1000/ 2270] | Cost: 0.4970260 | Accuracy: 0.8300000
[2026-01-19 02:30:33,816] [INFO] - [ 1100/ 2270] | Cost: 0.4483131 | Accuracy: 0.8700000
[2026-01-19 02:50:19,531] [INFO] - [ 1200/ 2270] | Cost: 0.4786622 | Accuracy: 0.8300000
[2026-01-19 03:10:45,027] [INFO] - [ 1300/ 2270] | Cost: 0.4491003 | Accuracy: 0.8500000
[2026-01-19 03:30:39,416] [INFO] - [ 1400/ 2270] | Cost: 0.5391481 | Accuracy: 0.7700000
[2026-01-19 03:51:00,851] [INFO] - [ 1500/ 2270] | Cost: 0.4497399 | Accuracy: 0.8400000
[2026-01-19 04:11:12,415] [INFO] - [ 1600/ 2270] | Cost: 0.4596683 | Accuracy: 0.8300000
[2026-01-19 04:31:49,533] [INFO] - [ 1700/ 2270] | Cost: 0.2882625 | Accuracy: 0.9500000
[2026-01-19 04:52:03,915] [INFO] - [ 1800/ 2270] | Cost: 0.2938539 | Accuracy: 0.9400000
[2026-01-19 05:12:43,016] [INFO] - [ 1900/ 2270] | Cost: 0.4095182 | Accuracy: 0.8600000
[2026-01-19 05:33:02,134] [INFO] - [ 2000/ 2270] | Cost: 0.4558744 | Accuracy: 0.8300000
[2026-01-19 05:53:17,353] [INFO] - [ 2100/ 2270] | Cost: 0.4730375 | Accuracy: 0.8200000
[2026-01-19 06:13:44,816] [INFO] - [ 2200/ 2270] | Cost: 0.3712912 | Accuracy: 0.8800000
[2026-01-19 06:27:52,553] [INFO] - [ 2300/ 2270] | Cost: 0.3848966 | Accuracy: 0.8714286
