[2026-01-16 14:58:16,501] [INFO] - seed: 0
image_preprocessing: GaussianBlur
training:
  epochs: 1
  batch_size: 100
  image_width: 32
  lr: 0.05
model:
  num_layers: 3
dataset:
  num_classes: 2
  binary: true
  name: eurosat_rgb
  image_width_sweep: '64'
  orig_width: 64
embedding:
  name: NAQSS
  pca: false
  supports_color: false

[2026-01-16 14:58:16,503] [INFO] - Using cuda.
[2026-01-16 14:58:16,541] [INFO] - Dataset: eurosat_rgb | Train Size: 4200 | Validation Size: 1200 | Test Size: 600
[2026-01-16 14:58:16,544] [INFO] - Initiate model
[2026-01-16 14:58:16,546] [INFO] - Weights Shape: torch.Size([3, 19, 3])
[2026-01-16 14:58:16,548] [INFO] - Bias Shape: torch.Size([2])
[2026-01-16 15:09:49,602] [INFO] - [  100/ 4200] | Cost: 0.6932954 | Accuracy: 0.4800000
[2026-01-16 15:21:04,770] [INFO] - [  200/ 4200] | Cost: 0.6872001 | Accuracy: 0.5700000
[2026-01-16 15:31:59,343] [INFO] - [  300/ 4200] | Cost: 0.7076169 | Accuracy: 0.4500000
[2026-01-16 15:43:15,404] [INFO] - [  400/ 4200] | Cost: 0.7027920 | Accuracy: 0.4700000
[2026-01-16 15:54:44,708] [INFO] - [  500/ 4200] | Cost: 0.6967515 | Accuracy: 0.4900000
[2026-01-16 16:06:06,090] [INFO] - [  600/ 4200] | Cost: 0.6880606 | Accuracy: 0.5500000
[2026-01-16 16:17:24,566] [INFO] - [  700/ 4200] | Cost: 0.6917352 | Accuracy: 0.5000000
[2026-01-16 16:28:52,529] [INFO] - [  800/ 4200] | Cost: 0.6913314 | Accuracy: 0.4600000
[2026-01-16 16:39:44,043] [INFO] - [  900/ 4200] | Cost: 0.6865227 | Accuracy: 0.8800000
[2026-01-16 16:50:18,006] [INFO] - [ 1000/ 4200] | Cost: 0.6819408 | Accuracy: 0.5700000
[2026-01-16 17:01:35,048] [INFO] - [ 1100/ 4200] | Cost: 0.6900696 | Accuracy: 0.4700000
[2026-01-16 17:12:55,911] [INFO] - [ 1200/ 4200] | Cost: 0.6873162 | Accuracy: 0.4800000
[2026-01-16 17:24:14,288] [INFO] - [ 1300/ 4200] | Cost: 0.6938757 | Accuracy: 0.4400000
[2026-01-16 17:35:12,967] [INFO] - [ 1400/ 4200] | Cost: 0.6726842 | Accuracy: 0.5400000
[2026-01-16 17:46:19,204] [INFO] - [ 1500/ 4200] | Cost: 0.6826298 | Accuracy: 0.4400000
[2026-01-16 17:57:23,217] [INFO] - [ 1600/ 4200] | Cost: 0.6619695 | Accuracy: 0.5600000
[2026-01-16 18:08:36,328] [INFO] - [ 1700/ 4200] | Cost: 0.6826741 | Accuracy: 0.4000000
[2026-01-16 18:19:42,254] [INFO] - [ 1800/ 4200] | Cost: 0.6758390 | Accuracy: 0.4000000
[2026-01-16 18:30:55,678] [INFO] - [ 1900/ 4200] | Cost: 0.6719995 | Accuracy: 0.4400000
[2026-01-16 18:42:16,752] [INFO] - [ 2000/ 4200] | Cost: 0.6716154 | Accuracy: 0.8000000
[2026-01-16 18:53:17,517] [INFO] - [ 2100/ 4200] | Cost: 0.6709780 | Accuracy: 0.8700000
[2026-01-16 19:04:15,764] [INFO] - [ 2200/ 4200] | Cost: 0.6648328 | Accuracy: 0.8700000
[2026-01-16 19:14:58,381] [INFO] - [ 2300/ 4200] | Cost: 0.6624229 | Accuracy: 0.9300000
[2026-01-16 19:26:00,720] [INFO] - [ 2400/ 4200] | Cost: 0.6649269 | Accuracy: 0.8300000
[2026-01-16 19:37:12,772] [INFO] - [ 2500/ 4200] | Cost: 0.6656322 | Accuracy: 0.7400000
[2026-01-16 19:48:16,724] [INFO] - [ 2600/ 4200] | Cost: 0.6674489 | Accuracy: 0.7000000
[2026-01-16 19:59:33,906] [INFO] - [ 2700/ 4200] | Cost: 0.6677402 | Accuracy: 0.5900000
[2026-01-16 20:10:27,658] [INFO] - [ 2800/ 4200] | Cost: 0.6428490 | Accuracy: 0.6400000
[2026-01-16 20:21:38,923] [INFO] - [ 2900/ 4200] | Cost: 0.6690720 | Accuracy: 0.5700000
[2026-01-16 20:32:26,348] [INFO] - [ 3000/ 4200] | Cost: 0.6720451 | Accuracy: 0.5200000
[2026-01-16 20:43:14,973] [INFO] - [ 3100/ 4200] | Cost: 0.6979815 | Accuracy: 0.4500000
[2026-01-16 20:54:01,333] [INFO] - [ 3200/ 4200] | Cost: 0.7078480 | Accuracy: 0.3900000
[2026-01-16 21:04:57,734] [INFO] - [ 3300/ 4200] | Cost: 0.6749445 | Accuracy: 0.5300000
[2026-01-16 21:15:45,375] [INFO] - [ 3400/ 4200] | Cost: 0.6819876 | Accuracy: 0.5100000
[2026-01-16 21:26:27,053] [INFO] - [ 3500/ 4200] | Cost: 0.6654872 | Accuracy: 0.5300000
[2026-01-16 21:36:55,610] [INFO] - [ 3600/ 4200] | Cost: 0.6606143 | Accuracy: 0.6800000
[2026-01-16 21:47:51,619] [INFO] - [ 3700/ 4200] | Cost: 0.6729109 | Accuracy: 0.6600000
[2026-01-16 21:59:04,381] [INFO] - [ 3800/ 4200] | Cost: 0.6722233 | Accuracy: 0.8400000
[2026-01-16 22:10:18,488] [INFO] - [ 3900/ 4200] | Cost: 0.6663586 | Accuracy: 0.8600000
[2026-01-16 22:21:15,829] [INFO] - [ 4000/ 4200] | Cost: 0.6629412 | Accuracy: 0.7500000
[2026-01-16 22:32:41,480] [INFO] - [ 4100/ 4200] | Cost: 0.6577622 | Accuracy: 0.5500000
[2026-01-16 22:43:51,067] [INFO] - [ 4200/ 4200] | Cost: 0.6539977 | Accuracy: 0.5000000
