[2026-01-17 19:04:21,238] [INFO] - seed: 0
image_preprocessing: HomomorphicFilter
training:
  epochs: 1
  batch_size: 100
  image_width: 32
  lr: 0.05
model:
  num_layers: 3
dataset:
  num_classes: 2
  binary: true
  name: stl10
  image_width_sweep: 2,4,8,16,32,64
  orig_width: 96
embedding:
  name: ZZFeatureMap
  pca: true
  supports_color: true

[2026-01-17 19:04:21,243] [INFO] - Using cuda.
[2026-01-17 19:04:32,393] [INFO] - Dataset: stl10 | Train Size: 1819 | Validation Size: 521 | Test Size: 260
[2026-01-17 19:04:32,398] [INFO] - Applying PCA Loader to the dataset
[2026-01-17 19:04:35,449] [INFO] - Initiate model
[2026-01-17 19:04:35,816] [INFO] - Weights Shape: torch.Size([3, 6, 3])
[2026-01-17 19:04:35,817] [INFO] - Bias Shape: torch.Size([2])
[2026-01-17 19:05:29,331] [INFO] - [  100/ 1819] | Cost: 0.7033196 | Accuracy: 0.4500000
[2026-01-17 19:06:22,871] [INFO] - [  200/ 1819] | Cost: 0.6931553 | Accuracy: 0.4800000
[2026-01-17 19:07:16,412] [INFO] - [  300/ 1819] | Cost: 0.6903346 | Accuracy: 0.5200000
[2026-01-17 19:08:09,931] [INFO] - [  400/ 1819] | Cost: 0.6800320 | Accuracy: 0.5600000
[2026-01-17 19:09:03,401] [INFO] - [  500/ 1819] | Cost: 0.6770843 | Accuracy: 0.5600000
[2026-01-17 19:09:56,857] [INFO] - [  600/ 1819] | Cost: 0.6664175 | Accuracy: 0.6600000
[2026-01-17 19:10:50,138] [INFO] - [  700/ 1819] | Cost: 0.6575313 | Accuracy: 0.6700000
[2026-01-17 19:11:43,608] [INFO] - [  800/ 1819] | Cost: 0.6663502 | Accuracy: 0.6800000
[2026-01-17 19:12:37,025] [INFO] - [  900/ 1819] | Cost: 0.6348377 | Accuracy: 0.7000000
[2026-01-17 19:13:30,465] [INFO] - [ 1000/ 1819] | Cost: 0.6836991 | Accuracy: 0.6100000
[2026-01-17 19:14:23,910] [INFO] - [ 1100/ 1819] | Cost: 0.6579408 | Accuracy: 0.6700000
[2026-01-17 19:15:17,264] [INFO] - [ 1200/ 1819] | Cost: 0.6758606 | Accuracy: 0.6100000
[2026-01-17 19:16:01,352] [INFO] - [ 1300/ 1819] | Cost: 0.6516666 | Accuracy: 0.6100000
[2026-01-17 19:16:43,842] [INFO] - [ 1400/ 1819] | Cost: 0.6321673 | Accuracy: 0.7200000
[2026-01-17 19:17:26,704] [INFO] - [ 1500/ 1819] | Cost: 0.6588086 | Accuracy: 0.6000000
[2026-01-17 19:18:09,242] [INFO] - [ 1600/ 1819] | Cost: 0.6377631 | Accuracy: 0.6300000
[2026-01-17 19:19:02,399] [INFO] - [ 1700/ 1819] | Cost: 0.6431403 | Accuracy: 0.6300000
[2026-01-17 19:19:56,065] [INFO] - [ 1800/ 1819] | Cost: 0.6379995 | Accuracy: 0.6900000
[2026-01-17 19:20:05,904] [INFO] - [ 1900/ 1819] | Cost: 0.6762655 | Accuracy: 0.5263158
[2026-01-17 19:20:15,076] [INFO] - Model dict saved to /workspace/persistent/embedding_colosseum/multirun/2026-01-17/16-03-43/105/saved_models/model_epoch-0.pt
[2026-01-17 19:20:15,077] [INFO] - Validation for epoch   0 | Cost: 0.6385690 | Accuracy: 0.6711111
