[2026-01-17 18:09:54,879] [INFO] - seed: 0
image_preprocessing: MedianBlur
training:
  epochs: 1
  batch_size: 100
  image_width: 32
  lr: 0.05
model:
  num_layers: 3
dataset:
  num_classes: 2
  binary: true
  name: eurosat_ms
  image_width_sweep: '64'
  orig_width: 64
embedding:
  name: ZZFeatureMap
  pca: true
  supports_color: true

[2026-01-17 18:09:54,884] [INFO] - Using cuda.
[2026-01-17 18:09:54,927] [INFO] - Dataset: eurosat_ms | Train Size: 4200 | Validation Size: 1200 | Test Size: 600
[2026-01-17 18:09:54,929] [INFO] - Applying PCA Loader to the dataset
[2026-01-17 18:10:07,659] [INFO] - Initiate model
[2026-01-17 18:10:07,742] [INFO] - Weights Shape: torch.Size([3, 6, 3])
[2026-01-17 18:10:07,744] [INFO] - Bias Shape: torch.Size([2])
[2026-01-17 18:11:01,287] [INFO] - [  100/ 4200] | Cost: 0.8477461 | Accuracy: 0.3200000
[2026-01-17 18:11:54,814] [INFO] - [  200/ 4200] | Cost: 0.7867020 | Accuracy: 0.3000000
[2026-01-17 18:12:48,288] [INFO] - [  300/ 4200] | Cost: 0.7571626 | Accuracy: 0.1700000
[2026-01-17 18:13:41,767] [INFO] - [  400/ 4200] | Cost: 0.7359033 | Accuracy: 0.4200000
[2026-01-17 18:14:24,668] [INFO] - [  500/ 4200] | Cost: 0.7010977 | Accuracy: 0.5800000
[2026-01-17 18:15:14,168] [INFO] - [  600/ 4200] | Cost: 0.6890545 | Accuracy: 0.5600000
[2026-01-17 18:16:05,039] [INFO] - [  700/ 4200] | Cost: 0.6923997 | Accuracy: 0.5100000
[2026-01-17 18:16:58,514] [INFO] - [  800/ 4200] | Cost: 0.7195553 | Accuracy: 0.4100000
[2026-01-17 18:17:52,015] [INFO] - [  900/ 4200] | Cost: 0.6680323 | Accuracy: 0.5600000
[2026-01-17 18:18:45,482] [INFO] - [ 1000/ 4200] | Cost: 0.6641155 | Accuracy: 0.5400000
[2026-01-17 18:19:38,982] [INFO] - [ 1100/ 4200] | Cost: 0.6598769 | Accuracy: 0.6200000
[2026-01-17 18:20:32,302] [INFO] - [ 1200/ 4200] | Cost: 0.6455392 | Accuracy: 0.7800000
[2026-01-17 18:21:25,842] [INFO] - [ 1300/ 4200] | Cost: 0.6384393 | Accuracy: 0.7900000
[2026-01-17 18:22:19,371] [INFO] - [ 1400/ 4200] | Cost: 0.6378797 | Accuracy: 0.8000000
[2026-01-17 18:23:12,880] [INFO] - [ 1500/ 4200] | Cost: 0.6174862 | Accuracy: 0.8300000
[2026-01-17 18:24:06,443] [INFO] - [ 1600/ 4200] | Cost: 0.6134861 | Accuracy: 0.8800000
[2026-01-17 18:24:59,760] [INFO] - [ 1700/ 4200] | Cost: 0.6100712 | Accuracy: 0.8600000
[2026-01-17 18:25:53,304] [INFO] - [ 1800/ 4200] | Cost: 0.6188434 | Accuracy: 0.8200000
[2026-01-17 18:26:46,857] [INFO] - [ 1900/ 4200] | Cost: 0.5882586 | Accuracy: 0.8700000
[2026-01-17 18:27:40,302] [INFO] - [ 2000/ 4200] | Cost: 0.6067444 | Accuracy: 0.8000000
[2026-01-17 18:28:33,825] [INFO] - [ 2100/ 4200] | Cost: 0.5957776 | Accuracy: 0.7800000
[2026-01-17 18:29:27,129] [INFO] - [ 2200/ 4200] | Cost: 0.5772237 | Accuracy: 0.8100000
[2026-01-17 18:30:20,679] [INFO] - [ 2300/ 4200] | Cost: 0.5741368 | Accuracy: 0.8400000
[2026-01-17 18:31:14,161] [INFO] - [ 2400/ 4200] | Cost: 0.5686676 | Accuracy: 0.8200000
[2026-01-17 18:32:07,641] [INFO] - [ 2500/ 4200] | Cost: 0.5433333 | Accuracy: 0.8400000
[2026-01-17 18:33:01,087] [INFO] - [ 2600/ 4200] | Cost: 0.5686054 | Accuracy: 0.7800000
[2026-01-17 18:33:54,595] [INFO] - [ 2700/ 4200] | Cost: 0.5304897 | Accuracy: 0.8300000
[2026-01-17 18:34:47,881] [INFO] - [ 2800/ 4200] | Cost: 0.5336799 | Accuracy: 0.8300000
[2026-01-17 18:35:41,714] [INFO] - [ 2900/ 4200] | Cost: 0.5291211 | Accuracy: 0.8600000
[2026-01-17 18:36:35,592] [INFO] - [ 3000/ 4200] | Cost: 0.5422334 | Accuracy: 0.8100000
[2026-01-17 18:37:29,193] [INFO] - [ 3100/ 4200] | Cost: 0.5370697 | Accuracy: 0.8200000
[2026-01-17 18:38:22,715] [INFO] - [ 3200/ 4200] | Cost: 0.5556003 | Accuracy: 0.7700000
[2026-01-17 18:39:16,331] [INFO] - [ 3300/ 4200] | Cost: 0.5457075 | Accuracy: 0.7900000
[2026-01-17 18:40:09,637] [INFO] - [ 3400/ 4200] | Cost: 0.5326690 | Accuracy: 0.8300000
[2026-01-17 18:41:03,185] [INFO] - [ 3500/ 4200] | Cost: 0.5213783 | Accuracy: 0.8400000
[2026-01-17 18:41:56,677] [INFO] - [ 3600/ 4200] | Cost: 0.5150959 | Accuracy: 0.7900000
[2026-01-17 18:42:50,221] [INFO] - [ 3700/ 4200] | Cost: 0.4896851 | Accuracy: 0.8500000
[2026-01-17 18:43:43,782] [INFO] - [ 3800/ 4200] | Cost: 0.5464572 | Accuracy: 0.8100000
[2026-01-17 18:44:37,120] [INFO] - [ 3900/ 4200] | Cost: 0.5041196 | Accuracy: 0.8200000
[2026-01-17 18:45:30,671] [INFO] - [ 4000/ 4200] | Cost: 0.4920654 | Accuracy: 0.8300000
[2026-01-17 18:46:24,224] [INFO] - [ 4100/ 4200] | Cost: 0.5054434 | Accuracy: 0.8100000
[2026-01-17 18:47:17,692] [INFO] - [ 4200/ 4200] | Cost: 0.4762763 | Accuracy: 0.8100000
[2026-01-17 18:47:39,605] [INFO] - Model dict saved to /workspace/persistent/embedding_colosseum/multirun/2026-01-17/16-03-43/63/saved_models/model_epoch-0.pt
[2026-01-17 18:47:39,607] [INFO] - Validation for epoch   0 | Cost: 0.5107468 | Accuracy: 0.8316667
