[2026-01-18 04:04:54,506] [INFO] - seed: 1
image_preprocessing: None
training:
  epochs: 1
  batch_size: 100
  image_width: 32
  lr: 0.05
model:
  num_layers: 3
dataset:
  num_classes: 2
  binary: true
  name: eurosat_ms
  image_width_sweep: '64'
  orig_width: 64
embedding:
  name: RMP
  pca: true
  supports_color: true

[2026-01-18 04:04:54,508] [INFO] - Using cuda.
[2026-01-18 04:04:54,556] [INFO] - Dataset: eurosat_ms | Train Size: 4200 | Validation Size: 1200 | Test Size: 600
[2026-01-18 04:04:54,558] [INFO] - Applying PCA Loader to the dataset
[2026-01-18 04:05:41,527] [INFO] - Initiate model
[2026-01-18 04:05:41,532] [INFO] - Weights Shape: torch.Size([3, 6, 3])
[2026-01-18 04:05:41,533] [INFO] - Bias Shape: torch.Size([2])
[2026-01-18 04:06:16,859] [INFO] - [  100/ 4200] | Cost: 0.7119481 | Accuracy: 0.4400000
[2026-01-18 04:06:52,171] [INFO] - [  200/ 4200] | Cost: 0.6865923 | Accuracy: 0.6200000
[2026-01-18 04:07:27,131] [INFO] - [  300/ 4200] | Cost: 0.6924611 | Accuracy: 0.4700000
[2026-01-18 04:08:02,273] [INFO] - [  400/ 4200] | Cost: 0.6761102 | Accuracy: 0.5600000
[2026-01-18 04:08:37,276] [INFO] - [  500/ 4200] | Cost: 0.7010086 | Accuracy: 0.4500000
[2026-01-18 04:09:12,300] [INFO] - [  600/ 4200] | Cost: 0.6809424 | Accuracy: 0.5300000
[2026-01-18 04:09:47,259] [INFO] - [  700/ 4200] | Cost: 0.6866542 | Accuracy: 0.4700000
[2026-01-18 04:10:22,130] [INFO] - [  800/ 4200] | Cost: 0.6834839 | Accuracy: 0.5300000
[2026-01-18 04:10:57,147] [INFO] - [  900/ 4200] | Cost: 0.6801525 | Accuracy: 0.6100000
[2026-01-18 04:11:32,222] [INFO] - [ 1000/ 4200] | Cost: 0.6755001 | Accuracy: 0.5400000
[2026-01-18 04:12:07,293] [INFO] - [ 1100/ 4200] | Cost: 0.6795502 | Accuracy: 0.5100000
[2026-01-18 04:12:42,148] [INFO] - [ 1200/ 4200] | Cost: 0.6902347 | Accuracy: 0.4600000
[2026-01-18 04:13:17,240] [INFO] - [ 1300/ 4200] | Cost: 0.6712195 | Accuracy: 0.5500000
[2026-01-18 04:13:52,325] [INFO] - [ 1400/ 4200] | Cost: 0.6686918 | Accuracy: 0.5400000
[2026-01-18 04:14:27,313] [INFO] - [ 1500/ 4200] | Cost: 0.6608049 | Accuracy: 0.6200000
[2026-01-18 04:15:02,143] [INFO] - [ 1600/ 4200] | Cost: 0.6683624 | Accuracy: 0.5600000
[2026-01-18 04:15:37,202] [INFO] - [ 1700/ 4200] | Cost: 0.6680930 | Accuracy: 0.5500000
[2026-01-18 04:16:12,204] [INFO] - [ 1800/ 4200] | Cost: 0.6814095 | Accuracy: 0.4600000
[2026-01-18 04:16:47,213] [INFO] - [ 1900/ 4200] | Cost: 0.6621257 | Accuracy: 0.5800000
[2026-01-18 04:17:22,021] [INFO] - [ 2000/ 4200] | Cost: 0.6815962 | Accuracy: 0.4300000
[2026-01-18 04:17:56,989] [INFO] - [ 2100/ 4200] | Cost: 0.6702679 | Accuracy: 0.5300000
[2026-01-18 04:18:32,037] [INFO] - [ 2200/ 4200] | Cost: 0.6655697 | Accuracy: 0.9100000
[2026-01-18 04:19:07,059] [INFO] - [ 2300/ 4200] | Cost: 0.6646116 | Accuracy: 0.6000000
[2026-01-18 04:19:41,882] [INFO] - [ 2400/ 4200] | Cost: 0.6735142 | Accuracy: 0.4700000
[2026-01-18 04:20:16,932] [INFO] - [ 2500/ 4200] | Cost: 0.6541031 | Accuracy: 0.5700000
[2026-01-18 04:20:51,956] [INFO] - [ 2600/ 4200] | Cost: 0.6767986 | Accuracy: 0.4800000
[2026-01-18 04:21:22,858] [INFO] - [ 2700/ 4200] | Cost: 0.6616262 | Accuracy: 0.5300000
[2026-01-18 04:21:57,547] [INFO] - [ 2800/ 4200] | Cost: 0.6499919 | Accuracy: 0.5600000
[2026-01-18 04:22:32,613] [INFO] - [ 2900/ 4200] | Cost: 0.6597273 | Accuracy: 0.5000000
[2026-01-18 04:23:07,664] [INFO] - [ 3000/ 4200] | Cost: 0.6649489 | Accuracy: 0.5500000
[2026-01-18 04:23:42,412] [INFO] - [ 3100/ 4200] | Cost: 0.6612675 | Accuracy: 0.7500000
[2026-01-18 04:24:15,637] [INFO] - [ 3200/ 4200] | Cost: 0.6538692 | Accuracy: 0.8800000
[2026-01-18 04:24:50,207] [INFO] - [ 3300/ 4200] | Cost: 0.6659804 | Accuracy: 0.4500000
[2026-01-18 04:25:25,265] [INFO] - [ 3400/ 4200] | Cost: 0.6643113 | Accuracy: 0.4500000
[2026-01-18 04:26:00,291] [INFO] - [ 3500/ 4200] | Cost: 0.6470274 | Accuracy: 0.5700000
[2026-01-18 04:26:35,356] [INFO] - [ 3600/ 4200] | Cost: 0.6658500 | Accuracy: 0.4800000
[2026-01-18 04:27:10,187] [INFO] - [ 3700/ 4200] | Cost: 0.6393166 | Accuracy: 0.9000000
[2026-01-18 04:27:45,228] [INFO] - [ 3800/ 4200] | Cost: 0.6447621 | Accuracy: 0.9000000
[2026-01-18 04:28:20,220] [INFO] - [ 3900/ 4200] | Cost: 0.6440742 | Accuracy: 0.8600000
[2026-01-18 04:28:51,151] [INFO] - [ 4000/ 4200] | Cost: 0.6382440 | Accuracy: 0.9400000
[2026-01-18 04:29:25,873] [INFO] - [ 4100/ 4200] | Cost: 0.6378589 | Accuracy: 0.9500000
[2026-01-18 04:30:00,690] [INFO] - [ 4200/ 4200] | Cost: 0.6425618 | Accuracy: 0.9000000
[2026-01-18 04:30:15,178] [INFO] - Model dict saved to /workspace/persistent/embedding_colosseum/multirun/2026-01-18/02-06-25/56/saved_models/model_epoch-0.pt
[2026-01-18 04:30:15,179] [INFO] - Validation for epoch   0 | Cost: 0.6358602 | Accuracy: 0.9175000
