[2026-01-17 18:14:18,864] [INFO] - seed: 0
image_preprocessing: None
training:
  epochs: 1
  batch_size: 100
  image_width: 32
  lr: 0.05
model:
  num_layers: 3
dataset:
  num_classes: 2
  binary: true
  name: cifar10
  image_width_sweep: '32'
  orig_width: 32
embedding:
  name: RMP
  pca: true
  supports_color: true

[2026-01-17 18:14:18,869] [INFO] - Using cuda.
[2026-01-17 18:14:20,280] [INFO] - Dataset: cifar10 | Train Size: 8400 | Validation Size: 2400 | Test Size: 1200
[2026-01-17 18:14:20,283] [INFO] - Applying PCA Loader to the dataset
[2026-01-17 18:14:22,530] [INFO] - Initiate model
[2026-01-17 18:14:22,598] [INFO] - Weights Shape: torch.Size([3, 6, 3])
[2026-01-17 18:14:22,599] [INFO] - Bias Shape: torch.Size([2])
[2026-01-17 18:15:12,162] [INFO] - [  100/ 8400] | Cost: 0.6978151 | Accuracy: 0.5100000
[2026-01-17 18:16:02,610] [INFO] - [  200/ 8400] | Cost: 0.6895144 | Accuracy: 0.5900000
[2026-01-17 18:16:56,046] [INFO] - [  300/ 8400] | Cost: 0.6906490 | Accuracy: 0.5300000
[2026-01-17 18:17:49,413] [INFO] - [  400/ 8400] | Cost: 0.6944118 | Accuracy: 0.4900000
[2026-01-17 18:18:42,646] [INFO] - [  500/ 8400] | Cost: 0.6937018 | Accuracy: 0.4600000
[2026-01-17 18:19:36,063] [INFO] - [  600/ 8400] | Cost: 0.6894145 | Accuracy: 0.5500000
[2026-01-17 18:20:29,519] [INFO] - [  700/ 8400] | Cost: 0.6971008 | Accuracy: 0.3900000
[2026-01-17 18:21:22,907] [INFO] - [  800/ 8400] | Cost: 0.6948354 | Accuracy: 0.4400000
[2026-01-17 18:22:16,314] [INFO] - [  900/ 8400] | Cost: 0.6881588 | Accuracy: 0.6400000
[2026-01-17 18:23:09,536] [INFO] - [ 1000/ 8400] | Cost: 0.6877177 | Accuracy: 0.7200000
[2026-01-17 18:24:02,979] [INFO] - [ 1100/ 8400] | Cost: 0.6874220 | Accuracy: 0.6400000
[2026-01-17 18:24:56,348] [INFO] - [ 1200/ 8400] | Cost: 0.6868038 | Accuracy: 0.7100000
[2026-01-17 18:25:49,579] [INFO] - [ 1300/ 8400] | Cost: 0.6906929 | Accuracy: 0.5200000
[2026-01-17 18:26:43,066] [INFO] - [ 1400/ 8400] | Cost: 0.6868926 | Accuracy: 0.5800000
[2026-01-17 18:27:36,506] [INFO] - [ 1500/ 8400] | Cost: 0.6852911 | Accuracy: 0.5800000
[2026-01-17 18:28:29,892] [INFO] - [ 1600/ 8400] | Cost: 0.6851438 | Accuracy: 0.5400000
[2026-01-17 18:29:23,329] [INFO] - [ 1700/ 8400] | Cost: 0.6858330 | Accuracy: 0.5200000
[2026-01-17 18:30:16,600] [INFO] - [ 1800/ 8400] | Cost: 0.6844512 | Accuracy: 0.5400000
[2026-01-17 18:31:10,073] [INFO] - [ 1900/ 8400] | Cost: 0.6885860 | Accuracy: 0.5100000
[2026-01-17 18:32:03,502] [INFO] - [ 2000/ 8400] | Cost: 0.6947441 | Accuracy: 0.4900000
[2026-01-17 18:32:56,916] [INFO] - [ 2100/ 8400] | Cost: 0.6959198 | Accuracy: 0.4600000
[2026-01-17 18:33:50,432] [INFO] - [ 2200/ 8400] | Cost: 0.6925457 | Accuracy: 0.4200000
[2026-01-17 18:34:43,727] [INFO] - [ 2300/ 8400] | Cost: 0.6871530 | Accuracy: 0.5500000
[2026-01-17 18:35:37,166] [INFO] - [ 2400/ 8400] | Cost: 0.6860284 | Accuracy: 0.5200000
[2026-01-17 18:36:30,582] [INFO] - [ 2500/ 8400] | Cost: 0.6730751 | Accuracy: 0.6000000
[2026-01-17 18:37:24,024] [INFO] - [ 2600/ 8400] | Cost: 0.6880214 | Accuracy: 0.5400000
[2026-01-17 18:38:17,216] [INFO] - [ 2700/ 8400] | Cost: 0.6911967 | Accuracy: 0.5400000
[2026-01-17 18:39:10,612] [INFO] - [ 2800/ 8400] | Cost: 0.6978577 | Accuracy: 0.5200000
[2026-01-17 18:40:04,009] [INFO] - [ 2900/ 8400] | Cost: 0.6802822 | Accuracy: 0.5600000
[2026-01-17 18:40:57,441] [INFO] - [ 3000/ 8400] | Cost: 0.6984972 | Accuracy: 0.5000000
[2026-01-17 18:41:50,648] [INFO] - [ 3100/ 8400] | Cost: 0.6890781 | Accuracy: 0.5100000
[2026-01-17 18:42:44,012] [INFO] - [ 3200/ 8400] | Cost: 0.6894550 | Accuracy: 0.4800000
[2026-01-17 18:43:37,360] [INFO] - [ 3300/ 8400] | Cost: 0.6866540 | Accuracy: 0.6300000
[2026-01-17 18:44:30,757] [INFO] - [ 3400/ 8400] | Cost: 0.6844117 | Accuracy: 0.5200000
[2026-01-17 18:45:24,013] [INFO] - [ 3500/ 8400] | Cost: 0.6776003 | Accuracy: 0.5800000
[2026-01-17 18:46:17,415] [INFO] - [ 3600/ 8400] | Cost: 0.6820698 | Accuracy: 0.5400000
[2026-01-17 18:47:10,807] [INFO] - [ 3700/ 8400] | Cost: 0.7142246 | Accuracy: 0.4400000
[2026-01-17 18:47:56,121] [INFO] - [ 3800/ 8400] | Cost: 0.6635724 | Accuracy: 0.6000000
[2026-01-17 18:48:48,379] [INFO] - [ 3900/ 8400] | Cost: 0.6928771 | Accuracy: 0.5100000
[2026-01-17 18:49:41,596] [INFO] - [ 4000/ 8400] | Cost: 0.6687979 | Accuracy: 0.5800000
[2026-01-17 18:50:34,999] [INFO] - [ 4100/ 8400] | Cost: 0.7101225 | Accuracy: 0.4400000
[2026-01-17 18:51:28,429] [INFO] - [ 4200/ 8400] | Cost: 0.6797194 | Accuracy: 0.5500000
[2026-01-17 18:52:21,634] [INFO] - [ 4300/ 8400] | Cost: 0.6811208 | Accuracy: 0.5800000
[2026-01-17 18:53:15,065] [INFO] - [ 4400/ 8400] | Cost: 0.6925243 | Accuracy: 0.4600000
[2026-01-17 18:54:08,419] [INFO] - [ 4500/ 8400] | Cost: 0.6853050 | Accuracy: 0.6200000
[2026-01-17 18:55:01,813] [INFO] - [ 4600/ 8400] | Cost: 0.6864849 | Accuracy: 0.6100000
[2026-01-17 18:55:55,144] [INFO] - [ 4700/ 8400] | Cost: 0.6826607 | Accuracy: 0.6100000
[2026-01-17 18:56:48,380] [INFO] - [ 4800/ 8400] | Cost: 0.6866376 | Accuracy: 0.5000000
[2026-01-17 18:57:41,729] [INFO] - [ 4900/ 8400] | Cost: 0.6917651 | Accuracy: 0.5000000
[2026-01-17 18:58:33,268] [INFO] - [ 5000/ 8400] | Cost: 0.6912615 | Accuracy: 0.4800000
[2026-01-17 18:59:19,939] [INFO] - [ 5100/ 8400] | Cost: 0.6783373 | Accuracy: 0.5400000
[2026-01-17 19:00:12,896] [INFO] - [ 5200/ 8400] | Cost: 0.6795205 | Accuracy: 0.5800000
[2026-01-17 19:01:06,202] [INFO] - [ 5300/ 8400] | Cost: 0.6792057 | Accuracy: 0.6100000
[2026-01-17 19:01:59,571] [INFO] - [ 5400/ 8400] | Cost: 0.6788965 | Accuracy: 0.5600000
[2026-01-17 19:02:52,888] [INFO] - [ 5500/ 8400] | Cost: 0.6880144 | Accuracy: 0.4900000
[2026-01-17 19:03:46,102] [INFO] - [ 5600/ 8400] | Cost: 0.6797948 | Accuracy: 0.5700000
[2026-01-17 19:04:33,254] [INFO] - [ 5700/ 8400] | Cost: 0.6899132 | Accuracy: 0.5000000
[2026-01-17 19:05:26,080] [INFO] - [ 5800/ 8400] | Cost: 0.6855960 | Accuracy: 0.5700000
[2026-01-17 19:06:19,396] [INFO] - [ 5900/ 8400] | Cost: 0.6831032 | Accuracy: 0.6300000
[2026-01-17 19:07:12,805] [INFO] - [ 6000/ 8400] | Cost: 0.6808967 | Accuracy: 0.6500000
[2026-01-17 19:08:05,978] [INFO] - [ 6100/ 8400] | Cost: 0.6823338 | Accuracy: 0.6200000
[2026-01-17 19:08:59,393] [INFO] - [ 6200/ 8400] | Cost: 0.6829039 | Accuracy: 0.6700000
[2026-01-17 19:09:52,770] [INFO] - [ 6300/ 8400] | Cost: 0.6854897 | Accuracy: 0.6100000
[2026-01-17 19:10:46,171] [INFO] - [ 6400/ 8400] | Cost: 0.6798700 | Accuracy: 0.7000000
[2026-01-17 19:11:39,378] [INFO] - [ 6500/ 8400] | Cost: 0.6821289 | Accuracy: 0.6300000
[2026-01-17 19:12:32,745] [INFO] - [ 6600/ 8400] | Cost: 0.6875232 | Accuracy: 0.5500000
[2026-01-17 19:13:26,168] [INFO] - [ 6700/ 8400] | Cost: 0.6739398 | Accuracy: 0.7500000
[2026-01-17 19:14:19,599] [INFO] - [ 6800/ 8400] | Cost: 0.6830218 | Accuracy: 0.6300000
[2026-01-17 19:15:13,078] [INFO] - [ 6900/ 8400] | Cost: 0.6878473 | Accuracy: 0.4900000
[2026-01-17 19:15:57,899] [INFO] - [ 7000/ 8400] | Cost: 0.6857924 | Accuracy: 0.5500000
[2026-01-17 19:16:40,354] [INFO] - [ 7100/ 8400] | Cost: 0.6789384 | Accuracy: 0.6500000
[2026-01-17 19:17:22,735] [INFO] - [ 7200/ 8400] | Cost: 0.6784271 | Accuracy: 0.7100000
[2026-01-17 19:18:05,212] [INFO] - [ 7300/ 8400] | Cost: 0.6883973 | Accuracy: 0.5600000
[2026-01-17 19:18:56,872] [INFO] - [ 7400/ 8400] | Cost: 0.6785666 | Accuracy: 0.5100000
[2026-01-17 19:19:50,299] [INFO] - [ 7500/ 8400] | Cost: 0.6760764 | Accuracy: 0.5200000
[2026-01-17 19:20:36,730] [INFO] - [ 7600/ 8400] | Cost: 0.6886336 | Accuracy: 0.4900000
[2026-01-17 19:21:24,475] [INFO] - [ 7700/ 8400] | Cost: 0.6859297 | Accuracy: 0.5000000
