[2026-01-19 07:26:10,955] [INFO] - seed: 0
image_preprocessing: None
training:
  epochs: 1
  batch_size: 100
  image_width: 32
  lr: 0.05
model:
  num_layers: 3
dataset:
  num_classes: 2
  binary: true
  name: fashion
  image_width_sweep: 16,32
  orig_width: 28
embedding:
  name: NAQSS
  pca: false
  supports_color: false

[2026-01-19 07:26:10,959] [INFO] - Using cuda.
[2026-01-19 07:26:12,041] [INFO] - Dataset: fashion | Train Size: 9800 | Validation Size: 2800 | Test Size: 1400
[2026-01-19 07:26:12,045] [INFO] - Initiate model
[2026-01-19 07:26:12,049] [INFO] - Weights Shape: torch.Size([3, 19, 3])
[2026-01-19 07:26:12,050] [INFO] - Bias Shape: torch.Size([2])
[2026-01-19 08:19:57,144] [INFO] - [  100/ 9800] | Cost: 0.6928986 | Accuracy: 0.6100000
