[2026-01-17 02:54:09,159] [INFO] - seed: 0
image_preprocessing: None
training:
  epochs: 1
  batch_size: 100
  image_width: 16
  lr: 0.05
model:
  num_layers: 3
dataset:
  num_classes: 2
  binary: true
  name: stl10
  image_width_sweep: 2,4,8,16,32,64
  orig_width: 96
embedding:
  name: NEQR
  pca: false
  supports_color: true

[2026-01-17 02:54:09,161] [INFO] - Using cuda.
[2026-01-17 02:54:21,234] [INFO] - Dataset: stl10 | Train Size: 1819 | Validation Size: 521 | Test Size: 260
[2026-01-17 02:54:21,238] [INFO] - Initiate model
[2026-01-17 02:54:21,241] [INFO] - Weights Shape: torch.Size([3, 16, 3])
[2026-01-17 02:54:21,242] [INFO] - Bias Shape: torch.Size([2])
[2026-01-17 02:56:06,752] [INFO] - [  100/ 1819] | Cost: 0.6930135 | Accuracy: 0.5300000
[2026-01-17 02:57:43,229] [INFO] - [  200/ 1819] | Cost: 0.6958960 | Accuracy: 0.4900000
[2026-01-17 02:59:37,026] [INFO] - [  300/ 1819] | Cost: 0.6919383 | Accuracy: 0.5200000
[2026-01-17 03:01:14,588] [INFO] - [  400/ 1819] | Cost: 0.6907062 | Accuracy: 0.5600000
[2026-01-17 03:03:12,035] [INFO] - [  500/ 1819] | Cost: 0.6993327 | Accuracy: 0.4400000
[2026-01-17 03:05:01,198] [INFO] - [  600/ 1819] | Cost: 0.6946281 | Accuracy: 0.4900000
[2026-01-17 03:06:40,843] [INFO] - [  700/ 1819] | Cost: 0.6917737 | Accuracy: 0.5700000
[2026-01-17 03:08:34,046] [INFO] - [  800/ 1819] | Cost: 0.6951885 | Accuracy: 0.4300000
[2026-01-17 03:10:00,345] [INFO] - [  900/ 1819] | Cost: 0.6932506 | Accuracy: 0.4800000
[2026-01-17 03:12:03,742] [INFO] - [ 1000/ 1819] | Cost: 0.6933776 | Accuracy: 0.4800000
[2026-01-17 03:13:51,388] [INFO] - [ 1100/ 1819] | Cost: 0.6944842 | Accuracy: 0.4700000
[2026-01-17 03:15:35,441] [INFO] - [ 1200/ 1819] | Cost: 0.6927510 | Accuracy: 0.5300000
[2026-01-17 03:17:34,338] [INFO] - [ 1300/ 1819] | Cost: 0.6945276 | Accuracy: 0.4600000
[2026-01-17 03:19:20,471] [INFO] - [ 1400/ 1819] | Cost: 0.6941833 | Accuracy: 0.4500000
[2026-01-17 03:20:56,736] [INFO] - [ 1500/ 1819] | Cost: 0.6939992 | Accuracy: 0.4400000
[2026-01-17 03:22:40,449] [INFO] - [ 1600/ 1819] | Cost: 0.6924064 | Accuracy: 0.5500000
[2026-01-17 03:24:27,591] [INFO] - [ 1700/ 1819] | Cost: 0.6964929 | Accuracy: 0.4300000
[2026-01-17 03:26:06,438] [INFO] - [ 1800/ 1819] | Cost: 0.6936043 | Accuracy: 0.5000000
[2026-01-17 03:26:24,551] [INFO] - [ 1900/ 1819] | Cost: 0.6894571 | Accuracy: 0.5789474
