[2026-01-17 06:05:54,149] [INFO] - seed: 0
image_preprocessing: None
training:
  epochs: 1
  batch_size: 100
  image_width: 16
  lr: 0.05
model:
  num_layers: 3
dataset:
  num_classes: 2
  binary: true
  name: cxr8
  image_width_sweep: 2,4,8,16,32,64
  orig_width: 1024
embedding:
  name: OQIM
  pca: false
  supports_color: true

[2026-01-17 06:05:54,151] [INFO] - Using cuda.
[2026-01-17 06:05:54,279] [INFO] - Dataset: cxr8 | Train Size: 2270 | Validation Size: 650 | Test Size: 324
[2026-01-17 06:05:54,282] [INFO] - Initiate model
[2026-01-17 06:05:54,284] [INFO] - Weights Shape: torch.Size([3, 10, 3])
[2026-01-17 06:05:54,285] [INFO] - Bias Shape: torch.Size([2])
[2026-01-17 06:06:59,622] [INFO] - [  100/ 2270] | Cost: 0.7026919 | Accuracy: 0.1800000
[2026-01-17 06:08:04,684] [INFO] - [  200/ 2270] | Cost: 0.6414993 | Accuracy: 0.8400000
[2026-01-17 06:09:07,689] [INFO] - [  300/ 2270] | Cost: 0.5898741 | Accuracy: 0.8500000
[2026-01-17 06:10:20,497] [INFO] - [  400/ 2270] | Cost: 0.5644769 | Accuracy: 0.8200000
[2026-01-17 06:11:10,411] [INFO] - [  500/ 2270] | Cost: 0.4881768 | Accuracy: 0.9000000
[2026-01-17 06:12:15,806] [INFO] - [  600/ 2270] | Cost: 0.4642276 | Accuracy: 0.8900000
[2026-01-17 06:13:29,470] [INFO] - [  700/ 2270] | Cost: 0.4944893 | Accuracy: 0.8300000
[2026-01-17 06:14:43,645] [INFO] - [  800/ 2270] | Cost: 0.4709830 | Accuracy: 0.8400000
[2026-01-17 06:15:48,643] [INFO] - [  900/ 2270] | Cost: 0.4359994 | Accuracy: 0.8600000
[2026-01-17 06:16:47,679] [INFO] - [ 1000/ 2270] | Cost: 0.4644570 | Accuracy: 0.8300000
[2026-01-17 06:17:50,909] [INFO] - [ 1100/ 2270] | Cost: 0.4037542 | Accuracy: 0.8700000
[2026-01-17 06:18:50,190] [INFO] - [ 1200/ 2270] | Cost: 0.4560056 | Accuracy: 0.8300000
[2026-01-17 06:20:07,009] [INFO] - [ 1300/ 2270] | Cost: 0.4278630 | Accuracy: 0.8500000
[2026-01-17 06:21:14,548] [INFO] - [ 1400/ 2270] | Cost: 0.5689399 | Accuracy: 0.7700000
[2026-01-17 06:22:16,336] [INFO] - [ 1500/ 2270] | Cost: 0.4441091 | Accuracy: 0.8400000
[2026-01-17 06:23:12,565] [INFO] - [ 1600/ 2270] | Cost: 0.4615308 | Accuracy: 0.8300000
[2026-01-17 06:24:27,693] [INFO] - [ 1700/ 2270] | Cost: 0.2423651 | Accuracy: 0.9500000
[2026-01-17 06:25:43,352] [INFO] - [ 1800/ 2270] | Cost: 0.2542357 | Accuracy: 0.9400000
[2026-01-17 06:26:49,848] [INFO] - [ 1900/ 2270] | Cost: 0.4031671 | Accuracy: 0.8600000
[2026-01-17 06:28:01,285] [INFO] - [ 2000/ 2270] | Cost: 0.4620025 | Accuracy: 0.8300000
[2026-01-17 06:28:49,350] [INFO] - [ 2100/ 2270] | Cost: 0.4840002 | Accuracy: 0.8200000
[2026-01-17 06:30:05,562] [INFO] - [ 2200/ 2270] | Cost: 0.3665062 | Accuracy: 0.8800000
[2026-01-17 06:30:58,330] [INFO] - [ 2300/ 2270] | Cost: 0.3800744 | Accuracy: 0.8714286
