[2026-01-19 06:08:31,515] [INFO] - seed: 0
image_preprocessing: ContrastScaling
training:
  epochs: 1
  batch_size: 100
  image_width: 4
  lr: 0.05
model:
  num_layers: 3
dataset:
  num_classes: 2
  binary: true
  name: mnist
  image_width_sweep: 16,32
  orig_width: 28
embedding:
  name: NAQSS
  pca: false
  supports_color: false

[2026-01-19 06:08:31,520] [INFO] - Using cuda.
[2026-01-19 06:08:32,634] [INFO] - Dataset: mnist | Train Size: 10346 | Validation Size: 2956 | Test Size: 1478
[2026-01-19 06:08:32,637] [INFO] - Initiate model
[2026-01-19 06:08:33,625] [INFO] - Weights Shape: torch.Size([3, 13, 3])
[2026-01-19 06:08:33,626] [INFO] - Bias Shape: torch.Size([2])
[2026-01-19 06:17:11,656] [INFO] - [  100/10346] | Cost: 0.6911793 | Accuracy: 0.5900000
[2026-01-19 06:25:11,547] [INFO] - [  200/10346] | Cost: 0.6846117 | Accuracy: 0.5200000
[2026-01-19 06:33:31,343] [INFO] - [  300/10346] | Cost: 0.6849591 | Accuracy: 0.4900000
[2026-01-19 06:41:45,938] [INFO] - [  400/10346] | Cost: 0.6772641 | Accuracy: 0.6700000
[2026-01-19 06:49:58,918] [INFO] - [  500/10346] | Cost: 0.6732106 | Accuracy: 0.8400000
[2026-01-19 06:58:22,649] [INFO] - [  600/10346] | Cost: 0.6704109 | Accuracy: 0.7400000
[2026-01-19 07:06:44,857] [INFO] - [  700/10346] | Cost: 0.6563660 | Accuracy: 0.9800000
[2026-01-19 07:14:35,421] [INFO] - [  800/10346] | Cost: 0.6491256 | Accuracy: 0.9800000
[2026-01-19 07:22:49,851] [INFO] - [  900/10346] | Cost: 0.6336436 | Accuracy: 0.9900000
[2026-01-19 07:30:43,351] [INFO] - [ 1000/10346] | Cost: 0.6228783 | Accuracy: 0.9800000
[2026-01-19 07:38:08,816] [INFO] - [ 1100/10346] | Cost: 0.6173773 | Accuracy: 0.8800000
[2026-01-19 07:46:11,537] [INFO] - [ 1200/10346] | Cost: 0.5992084 | Accuracy: 0.7900000
[2026-01-19 07:53:37,622] [INFO] - [ 1300/10346] | Cost: 0.5930902 | Accuracy: 0.7700000
[2026-01-19 08:01:24,448] [INFO] - [ 1400/10346] | Cost: 0.5556835 | Accuracy: 0.8100000
[2026-01-19 08:08:48,851] [INFO] - [ 1500/10346] | Cost: 0.5682287 | Accuracy: 0.7100000
[2026-01-19 08:16:21,039] [INFO] - [ 1600/10346] | Cost: 0.5151245 | Accuracy: 0.7700000
[2026-01-19 08:24:07,547] [INFO] - [ 1700/10346] | Cost: 0.5332823 | Accuracy: 0.7600000
[2026-01-19 08:31:20,942] [INFO] - [ 1800/10346] | Cost: 0.5555311 | Accuracy: 0.6900000
[2026-01-19 08:39:00,637] [INFO] - [ 1900/10346] | Cost: 0.5478807 | Accuracy: 0.6800000
[2026-01-19 08:46:38,416] [INFO] - [ 2000/10346] | Cost: 0.5496312 | Accuracy: 0.7400000
[2026-01-19 08:54:15,255] [INFO] - [ 2100/10346] | Cost: 0.5456137 | Accuracy: 0.8100000
