[2026-01-19 03:19:49,123] [INFO] - seed: 0
image_preprocessing: GaussianBlur
training:
  epochs: 1
  batch_size: 100
  image_width: 4
  lr: 0.05
model:
  num_layers: 3
dataset:
  num_classes: 2
  binary: true
  name: mnist
  image_width_sweep: 16,32
  orig_width: 28
embedding:
  name: NEQR
  pca: false
  supports_color: true

[2026-01-19 03:19:49,125] [INFO] - Using cuda.
[2026-01-19 03:19:50,131] [INFO] - Dataset: mnist | Train Size: 10346 | Validation Size: 2956 | Test Size: 1478
[2026-01-19 03:19:50,134] [INFO] - Initiate model
[2026-01-19 03:19:50,136] [INFO] - Weights Shape: torch.Size([3, 12, 3])
[2026-01-19 03:19:50,137] [INFO] - Bias Shape: torch.Size([2])
[2026-01-19 03:26:36,217] [INFO] - [  100/10346] | Cost: 0.6965153 | Accuracy: 0.4600000
[2026-01-19 03:33:31,745] [INFO] - [  200/10346] | Cost: 0.6933992 | Accuracy: 0.5200000
[2026-01-19 03:41:03,444] [INFO] - [  300/10346] | Cost: 0.6958961 | Accuracy: 0.4900000
[2026-01-19 03:47:56,549] [INFO] - [  400/10346] | Cost: 0.6886491 | Accuracy: 0.5300000
[2026-01-19 03:54:51,827] [INFO] - [  500/10346] | Cost: 0.6901785 | Accuracy: 0.5600000
[2026-01-19 04:02:28,015] [INFO] - [  600/10346] | Cost: 0.6941476 | Accuracy: 0.4100000
[2026-01-19 04:09:22,350] [INFO] - [  700/10346] | Cost: 0.6917919 | Accuracy: 0.5500000
[2026-01-19 04:16:34,317] [INFO] - [  800/10346] | Cost: 0.6911249 | Accuracy: 0.6000000
[2026-01-19 04:23:54,745] [INFO] - [  900/10346] | Cost: 0.6920882 | Accuracy: 0.5500000
[2026-01-19 04:31:06,118] [INFO] - [ 1000/10346] | Cost: 0.6888901 | Accuracy: 0.5500000
[2026-01-19 04:37:53,415] [INFO] - [ 1100/10346] | Cost: 0.6872783 | Accuracy: 0.6000000
[2026-01-19 04:45:14,838] [INFO] - [ 1200/10346] | Cost: 0.6792862 | Accuracy: 0.6400000
[2026-01-19 04:52:31,051] [INFO] - [ 1300/10346] | Cost: 0.6806391 | Accuracy: 0.5700000
[2026-01-19 04:59:23,216] [INFO] - [ 1400/10346] | Cost: 0.6701930 | Accuracy: 0.6000000
[2026-01-19 05:06:43,933] [INFO] - [ 1500/10346] | Cost: 0.6719745 | Accuracy: 0.6000000
[2026-01-19 05:14:11,650] [INFO] - [ 1600/10346] | Cost: 0.6415518 | Accuracy: 0.6800000
[2026-01-19 05:21:03,653] [INFO] - [ 1700/10346] | Cost: 0.6604753 | Accuracy: 0.5800000
[2026-01-19 05:28:20,518] [INFO] - [ 1800/10346] | Cost: 0.6431181 | Accuracy: 0.6000000
[2026-01-19 05:35:45,321] [INFO] - [ 1900/10346] | Cost: 0.6613713 | Accuracy: 0.5600000
[2026-01-19 05:42:23,852] [INFO] - [ 2000/10346] | Cost: 0.6800494 | Accuracy: 0.5200000
[2026-01-19 05:49:47,836] [INFO] - [ 2100/10346] | Cost: 0.6808931 | Accuracy: 0.5300000
[2026-01-19 05:57:04,751] [INFO] - [ 2200/10346] | Cost: 0.6587632 | Accuracy: 0.5500000
[2026-01-19 06:04:05,647] [INFO] - [ 2300/10346] | Cost: 0.7057220 | Accuracy: 0.4600000
[2026-01-19 06:11:17,316] [INFO] - [ 2400/10346] | Cost: 0.6673422 | Accuracy: 0.5700000
[2026-01-19 06:18:43,254] [INFO] - [ 2500/10346] | Cost: 0.6543797 | Accuracy: 0.6000000
[2026-01-19 06:25:45,636] [INFO] - [ 2600/10346] | Cost: 0.6869907 | Accuracy: 0.4800000
[2026-01-19 06:33:01,636] [INFO] - [ 2700/10346] | Cost: 0.6657356 | Accuracy: 0.6400000
[2026-01-19 06:40:10,516] [INFO] - [ 2800/10346] | Cost: 0.6510126 | Accuracy: 0.6700000
[2026-01-19 06:47:25,552] [INFO] - [ 2900/10346] | Cost: 0.6488163 | Accuracy: 0.7000000
[2026-01-19 06:54:39,735] [INFO] - [ 3000/10346] | Cost: 0.6603458 | Accuracy: 0.6700000
[2026-01-19 07:01:52,155] [INFO] - [ 3100/10346] | Cost: 0.6590044 | Accuracy: 0.6400000
[2026-01-19 07:09:15,047] [INFO] - [ 3200/10346] | Cost: 0.6514515 | Accuracy: 0.7200000
[2026-01-19 07:15:50,135] [INFO] - [ 3300/10346] | Cost: 0.6464292 | Accuracy: 0.7100000
[2026-01-19 07:23:12,530] [INFO] - [ 3400/10346] | Cost: 0.6555426 | Accuracy: 0.7000000
[2026-01-19 07:30:06,616] [INFO] - [ 3500/10346] | Cost: 0.6576777 | Accuracy: 0.6500000
[2026-01-19 07:36:34,842] [INFO] - [ 3600/10346] | Cost: 0.6433266 | Accuracy: 0.8000000
[2026-01-19 07:43:30,116] [INFO] - [ 3700/10346] | Cost: 0.6532418 | Accuracy: 0.6800000
[2026-01-19 07:50:16,545] [INFO] - [ 3800/10346] | Cost: 0.6259052 | Accuracy: 0.7700000
[2026-01-19 07:56:50,216] [INFO] - [ 3900/10346] | Cost: 0.6460519 | Accuracy: 0.7400000
[2026-01-19 08:03:31,652] [INFO] - [ 4000/10346] | Cost: 0.6339102 | Accuracy: 0.7700000
[2026-01-19 08:10:03,848] [INFO] - [ 4100/10346] | Cost: 0.6323351 | Accuracy: 0.7700000
[2026-01-19 08:16:40,716] [INFO] - [ 4200/10346] | Cost: 0.6266984 | Accuracy: 0.6900000
[2026-01-19 08:23:30,351] [INFO] - [ 4300/10346] | Cost: 0.6117323 | Accuracy: 0.7400000
[2026-01-19 08:29:44,937] [INFO] - [ 4400/10346] | Cost: 0.6200032 | Accuracy: 0.7200000
[2026-01-19 08:36:31,936] [INFO] - [ 4500/10346] | Cost: 0.6218176 | Accuracy: 0.7000000
[2026-01-19 08:43:01,044] [INFO] - [ 4600/10346] | Cost: 0.6102778 | Accuracy: 0.7300000
[2026-01-19 08:49:42,016] [INFO] - [ 4700/10346] | Cost: 0.6270328 | Accuracy: 0.6600000
[2026-01-19 08:56:23,615] [INFO] - [ 4800/10346] | Cost: 0.6385719 | Accuracy: 0.6600000
