[2026-01-18 23:04:09,234] [INFO] - seed: 0
image_preprocessing: MedianBlur
training:
  epochs: 1
  batch_size: 100
  image_width: 16
  lr: 0.05
model:
  num_layers: 3
dataset:
  num_classes: 2
  binary: true
  name: cxr8
  image_width_sweep: 2,4,8,16,32
  orig_width: 1024
embedding:
  name: NEQR
  pca: false
  supports_color: true

[2026-01-18 23:04:09,238] [INFO] - Using cuda.
[2026-01-18 23:04:09,366] [INFO] - Dataset: cxr8 | Train Size: 2270 | Validation Size: 650 | Test Size: 324
[2026-01-18 23:04:09,369] [INFO] - Initiate model
[2026-01-18 23:04:11,058] [INFO] - Weights Shape: torch.Size([3, 16, 3])
[2026-01-18 23:04:11,060] [INFO] - Bias Shape: torch.Size([2])
[2026-01-18 23:09:04,376] [INFO] - [  100/ 2270] | Cost: 0.6928678 | Accuracy: 0.5300000
[2026-01-18 23:13:44,662] [INFO] - [  200/ 2270] | Cost: 0.6608499 | Accuracy: 0.8400000
[2026-01-18 23:22:23,215] [INFO] - [  300/ 2270] | Cost: 0.6282788 | Accuracy: 0.8500000
[2026-01-18 23:33:52,716] [INFO] - [  400/ 2270] | Cost: 0.6081367 | Accuracy: 0.8200000
[2026-01-18 23:44:57,820] [INFO] - [  500/ 2270] | Cost: 0.5534264 | Accuracy: 0.9000000
[2026-01-18 23:56:20,922] [INFO] - [  600/ 2270] | Cost: 0.5296060 | Accuracy: 0.8900000
[2026-01-19 00:07:44,040] [INFO] - [  700/ 2270] | Cost: 0.5404444 | Accuracy: 0.8300000
[2026-01-19 00:19:08,016] [INFO] - [  800/ 2270] | Cost: 0.5168173 | Accuracy: 0.8400000
[2026-01-19 00:30:13,543] [INFO] - [  900/ 2270] | Cost: 0.4861974 | Accuracy: 0.8600000
[2026-01-19 00:41:08,743] [INFO] - [ 1000/ 2270] | Cost: 0.4970382 | Accuracy: 0.8300000
[2026-01-19 00:52:14,518] [INFO] - [ 1100/ 2270] | Cost: 0.4482766 | Accuracy: 0.8700000
[2026-01-19 01:03:37,217] [INFO] - [ 1200/ 2270] | Cost: 0.4786075 | Accuracy: 0.8300000
[2026-01-19 01:14:59,354] [INFO] - [ 1300/ 2270] | Cost: 0.4489870 | Accuracy: 0.8500000
[2026-01-19 01:26:35,723] [INFO] - [ 1400/ 2270] | Cost: 0.5393173 | Accuracy: 0.7700000
[2026-01-19 01:37:19,515] [INFO] - [ 1500/ 2270] | Cost: 0.4499585 | Accuracy: 0.8400000
[2026-01-19 01:48:52,730] [INFO] - [ 1600/ 2270] | Cost: 0.4598666 | Accuracy: 0.8300000
[2026-01-19 01:59:17,055] [INFO] - [ 1700/ 2270] | Cost: 0.2883058 | Accuracy: 0.9500000
[2026-01-19 02:10:56,540] [INFO] - [ 1800/ 2270] | Cost: 0.2937790 | Accuracy: 0.9400000
[2026-01-19 02:21:54,416] [INFO] - [ 1900/ 2270] | Cost: 0.4093878 | Accuracy: 0.8600000
[2026-01-19 02:33:22,648] [INFO] - [ 2000/ 2270] | Cost: 0.4558123 | Accuracy: 0.8300000
[2026-01-19 02:44:31,022] [INFO] - [ 2100/ 2270] | Cost: 0.4728214 | Accuracy: 0.8200000
[2026-01-19 02:55:52,253] [INFO] - [ 2200/ 2270] | Cost: 0.3710939 | Accuracy: 0.8800000
[2026-01-19 03:03:23,415] [INFO] - [ 2300/ 2270] | Cost: 0.3850213 | Accuracy: 0.8714286
