[2026-01-17 18:59:03,492] [INFO] - seed: 0
image_preprocessing: ContrastScaling
training:
  epochs: 1
  batch_size: 100
  image_width: 32
  lr: 0.05
model:
  num_layers: 3
dataset:
  num_classes: 2
  binary: true
  name: stl10
  image_width_sweep: 2,4,8,16,32,64
  orig_width: 96
embedding:
  name: RMP
  pca: true
  supports_color: true

[2026-01-17 18:59:03,494] [INFO] - Using cuda.
[2026-01-17 18:59:14,118] [INFO] - Dataset: stl10 | Train Size: 1819 | Validation Size: 521 | Test Size: 260
[2026-01-17 18:59:14,121] [INFO] - Applying PCA Loader to the dataset
[2026-01-17 18:59:16,269] [INFO] - Initiate model
[2026-01-17 18:59:16,271] [INFO] - Weights Shape: torch.Size([3, 6, 3])
[2026-01-17 18:59:16,272] [INFO] - Bias Shape: torch.Size([2])
[2026-01-17 19:00:09,207] [INFO] - [  100/ 1819] | Cost: 0.7088054 | Accuracy: 0.4500000
[2026-01-17 19:01:02,545] [INFO] - [  200/ 1819] | Cost: 0.6891751 | Accuracy: 0.5500000
[2026-01-17 19:01:55,903] [INFO] - [  300/ 1819] | Cost: 0.6888060 | Accuracy: 0.5100000
[2026-01-17 19:02:49,070] [INFO] - [  400/ 1819] | Cost: 0.6882851 | Accuracy: 0.5100000
[2026-01-17 19:03:42,487] [INFO] - [  500/ 1819] | Cost: 0.6917284 | Accuracy: 0.4900000
[2026-01-17 19:04:30,423] [INFO] - [  600/ 1819] | Cost: 0.6912384 | Accuracy: 0.4800000
[2026-01-17 19:05:22,512] [INFO] - [  700/ 1819] | Cost: 0.6865569 | Accuracy: 0.5000000
[2026-01-17 19:06:15,656] [INFO] - [  800/ 1819] | Cost: 0.6857491 | Accuracy: 0.5500000
[2026-01-17 19:07:08,995] [INFO] - [  900/ 1819] | Cost: 0.6812943 | Accuracy: 0.5200000
[2026-01-17 19:08:02,402] [INFO] - [ 1000/ 1819] | Cost: 0.6946505 | Accuracy: 0.4700000
[2026-01-17 19:08:55,784] [INFO] - [ 1100/ 1819] | Cost: 0.6752840 | Accuracy: 0.5900000
[2026-01-17 19:09:48,928] [INFO] - [ 1200/ 1819] | Cost: 0.6867101 | Accuracy: 0.5200000
[2026-01-17 19:10:42,343] [INFO] - [ 1300/ 1819] | Cost: 0.6684009 | Accuracy: 0.5900000
[2026-01-17 19:11:35,755] [INFO] - [ 1400/ 1819] | Cost: 0.6873799 | Accuracy: 0.4800000
[2026-01-17 19:12:29,144] [INFO] - [ 1500/ 1819] | Cost: 0.6865347 | Accuracy: 0.5100000
[2026-01-17 19:13:22,561] [INFO] - [ 1600/ 1819] | Cost: 0.6860025 | Accuracy: 0.5100000
[2026-01-17 19:14:15,741] [INFO] - [ 1700/ 1819] | Cost: 0.6885520 | Accuracy: 0.4700000
[2026-01-17 19:15:09,218] [INFO] - [ 1800/ 1819] | Cost: 0.6804116 | Accuracy: 0.7700000
[2026-01-17 19:15:18,990] [INFO] - [ 1900/ 1819] | Cost: 0.6656023 | Accuracy: 0.7894737
[2026-01-17 19:15:27,663] [INFO] - Model dict saved to /workspace/persistent/embedding_colosseum/multirun/2026-01-17/16-03-43/98/saved_models/model_epoch-0.pt
[2026-01-17 19:15:27,664] [INFO] - Validation for epoch   0 | Cost: 0.6854727 | Accuracy: 0.5064286
