[2026-01-17 06:56:22,767] [INFO] - seed: 0
image_preprocessing: ContrastScaling
training:
  epochs: 1
  batch_size: 100
  image_width: 16
  lr: 0.05
model:
  num_layers: 3
dataset:
  num_classes: 2
  binary: true
  name: cxr8
  image_width_sweep: 2,4,8,16,32,64
  orig_width: 1024
embedding:
  name: OQIM
  pca: false
  supports_color: true

[2026-01-17 06:56:22,769] [INFO] - Using cuda.
[2026-01-17 06:56:22,895] [INFO] - Dataset: cxr8 | Train Size: 2270 | Validation Size: 650 | Test Size: 324
[2026-01-17 06:56:22,897] [INFO] - Initiate model
[2026-01-17 06:56:22,899] [INFO] - Weights Shape: torch.Size([3, 10, 3])
[2026-01-17 06:56:22,900] [INFO] - Bias Shape: torch.Size([2])
[2026-01-17 06:57:19,831] [INFO] - [  100/ 2270] | Cost: 0.7015503 | Accuracy: 0.1800000
[2026-01-17 06:58:29,988] [INFO] - [  200/ 2270] | Cost: 0.6429608 | Accuracy: 0.8400000
[2026-01-17 06:59:41,666] [INFO] - [  300/ 2270] | Cost: 0.5934088 | Accuracy: 0.8500000
[2026-01-17 07:00:51,988] [INFO] - [  400/ 2270] | Cost: 0.5682898 | Accuracy: 0.8200000
[2026-01-17 07:01:36,082] [INFO] - [  500/ 2270] | Cost: 0.4934307 | Accuracy: 0.9000000
[2026-01-17 07:02:40,631] [INFO] - [  600/ 2270] | Cost: 0.4678439 | Accuracy: 0.8900000
[2026-01-17 07:03:46,975] [INFO] - [  700/ 2270] | Cost: 0.4953109 | Accuracy: 0.8300000
[2026-01-17 07:04:56,709] [INFO] - [  800/ 2270] | Cost: 0.4710348 | Accuracy: 0.8400000
[2026-01-17 07:06:12,917] [INFO] - [  900/ 2270] | Cost: 0.4353585 | Accuracy: 0.8600000
[2026-01-17 07:07:18,759] [INFO] - [ 1000/ 2270] | Cost: 0.4629098 | Accuracy: 0.8300000
[2026-01-17 07:08:15,386] [INFO] - [ 1100/ 2270] | Cost: 0.4019502 | Accuracy: 0.8700000
[2026-01-17 07:09:23,232] [INFO] - [ 1200/ 2270] | Cost: 0.4554401 | Accuracy: 0.8300000
[2026-01-17 07:10:37,214] [INFO] - [ 1300/ 2270] | Cost: 0.4242457 | Accuracy: 0.8500000
[2026-01-17 07:11:40,527] [INFO] - [ 1400/ 2270] | Cost: 0.5675635 | Accuracy: 0.7700000
[2026-01-17 07:12:30,849] [INFO] - [ 1500/ 2270] | Cost: 0.4414145 | Accuracy: 0.8400000
[2026-01-17 07:13:28,359] [INFO] - [ 1600/ 2270] | Cost: 0.4607803 | Accuracy: 0.8300000
[2026-01-17 07:14:37,004] [INFO] - [ 1700/ 2270] | Cost: 0.2465473 | Accuracy: 0.9500000
[2026-01-17 07:15:47,266] [INFO] - [ 1800/ 2270] | Cost: 0.2574249 | Accuracy: 0.9400000
[2026-01-17 07:17:06,725] [INFO] - [ 1900/ 2270] | Cost: 0.3997529 | Accuracy: 0.8600000
[2026-01-17 07:18:15,434] [INFO] - [ 2000/ 2270] | Cost: 0.4564103 | Accuracy: 0.8300000
[2026-01-17 07:19:11,098] [INFO] - [ 2100/ 2270] | Cost: 0.4801656 | Accuracy: 0.8200000
[2026-01-17 07:20:29,629] [INFO] - [ 2200/ 2270] | Cost: 0.3656412 | Accuracy: 0.8800000
[2026-01-17 07:21:17,301] [INFO] - [ 2300/ 2270] | Cost: 0.3785935 | Accuracy: 0.8714286
