[2026-01-19 02:54:14,322] [INFO] - seed: 0
image_preprocessing: None
training:
  epochs: 1
  batch_size: 100
  image_width: 8
  lr: 0.05
model:
  num_layers: 3
dataset:
  num_classes: 2
  binary: true
  name: mnist
  image_width_sweep: 16,32
  orig_width: 28
embedding:
  name: NEQR
  pca: false
  supports_color: true

[2026-01-19 02:54:14,326] [INFO] - Using cuda.
[2026-01-19 02:54:15,423] [INFO] - Dataset: mnist | Train Size: 10346 | Validation Size: 2956 | Test Size: 1478
[2026-01-19 02:54:15,426] [INFO] - Initiate model
[2026-01-19 02:54:16,422] [INFO] - Weights Shape: torch.Size([3, 14, 3])
[2026-01-19 02:54:16,423] [INFO] - Bias Shape: torch.Size([2])
[2026-01-19 03:02:37,816] [INFO] - [  100/10346] | Cost: 0.6970079 | Accuracy: 0.2500000
[2026-01-19 03:10:57,644] [INFO] - [  200/10346] | Cost: 0.6904564 | Accuracy: 0.5200000
[2026-01-19 03:19:45,452] [INFO] - [  300/10346] | Cost: 0.6900645 | Accuracy: 0.4900000
[2026-01-19 03:27:33,246] [INFO] - [  400/10346] | Cost: 0.6786469 | Accuracy: 0.5300000
[2026-01-19 03:35:57,951] [INFO] - [  500/10346] | Cost: 0.6736823 | Accuracy: 0.5400000
[2026-01-19 03:44:23,315] [INFO] - [  600/10346] | Cost: 0.6780016 | Accuracy: 0.4400000
[2026-01-19 03:52:30,518] [INFO] - [  700/10346] | Cost: 0.6622909 | Accuracy: 0.8700000
[2026-01-19 04:01:06,749] [INFO] - [  800/10346] | Cost: 0.6545186 | Accuracy: 0.9200000
[2026-01-19 04:09:18,242] [INFO] - [  900/10346] | Cost: 0.6479549 | Accuracy: 0.9500000
[2026-01-19 04:17:44,847] [INFO] - [ 1000/10346] | Cost: 0.6442695 | Accuracy: 0.8200000
[2026-01-19 04:26:13,915] [INFO] - [ 1100/10346] | Cost: 0.6496800 | Accuracy: 0.7000000
[2026-01-19 04:34:15,916] [INFO] - [ 1200/10346] | Cost: 0.6365215 | Accuracy: 0.6300000
[2026-01-19 04:42:30,850] [INFO] - [ 1300/10346] | Cost: 0.6339279 | Accuracy: 0.5400000
[2026-01-19 04:51:02,550] [INFO] - [ 1400/10346] | Cost: 0.6139590 | Accuracy: 0.6500000
[2026-01-19 04:59:06,422] [INFO] - [ 1500/10346] | Cost: 0.6261162 | Accuracy: 0.5400000
[2026-01-19 05:07:44,616] [INFO] - [ 1600/10346] | Cost: 0.5939847 | Accuracy: 0.6600000
[2026-01-19 05:16:17,239] [INFO] - [ 1700/10346] | Cost: 0.6127854 | Accuracy: 0.5800000
[2026-01-19 05:24:26,646] [INFO] - [ 1800/10346] | Cost: 0.6133553 | Accuracy: 0.5900000
[2026-01-19 05:33:04,951] [INFO] - [ 1900/10346] | Cost: 0.6160685 | Accuracy: 0.5500000
[2026-01-19 05:41:00,052] [INFO] - [ 2000/10346] | Cost: 0.6200978 | Accuracy: 0.5100000
[2026-01-19 05:49:25,951] [INFO] - [ 2100/10346] | Cost: 0.6160818 | Accuracy: 0.5200000
[2026-01-19 05:57:55,751] [INFO] - [ 2200/10346] | Cost: 0.6010525 | Accuracy: 0.5400000
[2026-01-19 06:06:08,816] [INFO] - [ 2300/10346] | Cost: 0.6231724 | Accuracy: 0.4400000
[2026-01-19 06:14:47,950] [INFO] - [ 2400/10346] | Cost: 0.5906259 | Accuracy: 0.5900000
[2026-01-19 06:23:01,916] [INFO] - [ 2500/10346] | Cost: 0.5774179 | Accuracy: 0.7300000
[2026-01-19 06:31:33,115] [INFO] - [ 2600/10346] | Cost: 0.5948083 | Accuracy: 0.8200000
[2026-01-19 06:39:47,353] [INFO] - [ 2700/10346] | Cost: 0.5674029 | Accuracy: 0.9100000
[2026-01-19 06:48:09,953] [INFO] - [ 2800/10346] | Cost: 0.5602392 | Accuracy: 0.9700000
[2026-01-19 06:56:41,415] [INFO] - [ 2900/10346] | Cost: 0.5471506 | Accuracy: 0.9700000
[2026-01-19 07:05:05,251] [INFO] - [ 3000/10346] | Cost: 0.5545850 | Accuracy: 0.9500000
[2026-01-19 07:13:17,851] [INFO] - [ 3100/10346] | Cost: 0.5597374 | Accuracy: 0.9300000
[2026-01-19 07:21:30,917] [INFO] - [ 3200/10346] | Cost: 0.5644145 | Accuracy: 0.8900000
[2026-01-19 07:29:40,549] [INFO] - [ 3300/10346] | Cost: 0.5608595 | Accuracy: 0.9400000
[2026-01-19 07:37:12,922] [INFO] - [ 3400/10346] | Cost: 0.5507317 | Accuracy: 0.9200000
[2026-01-19 07:45:19,421] [INFO] - [ 3500/10346] | Cost: 0.5554825 | Accuracy: 0.9400000
[2026-01-19 07:52:57,746] [INFO] - [ 3600/10346] | Cost: 0.5510611 | Accuracy: 0.9500000
[2026-01-19 08:00:53,045] [INFO] - [ 3700/10346] | Cost: 0.5474365 | Accuracy: 0.9600000
[2026-01-19 08:08:27,245] [INFO] - [ 3800/10346] | Cost: 0.5445076 | Accuracy: 0.9500000
[2026-01-19 08:16:09,528] [INFO] - [ 3900/10346] | Cost: 0.5574508 | Accuracy: 0.9500000
[2026-01-19 08:24:05,616] [INFO] - [ 4000/10346] | Cost: 0.5453650 | Accuracy: 0.9700000
[2026-01-19 08:31:32,858] [INFO] - [ 4100/10346] | Cost: 0.5454664 | Accuracy: 0.9300000
[2026-01-19 08:39:20,615] [INFO] - [ 4200/10346] | Cost: 0.5482832 | Accuracy: 0.9400000
[2026-01-19 08:47:08,857] [INFO] - [ 4300/10346] | Cost: 0.5353558 | Accuracy: 0.9700000
[2026-01-19 08:54:51,646] [INFO] - [ 4400/10346] | Cost: 0.5444446 | Accuracy: 0.9300000
