[2026-01-18 03:07:44,809] [INFO] - seed: 1
image_preprocessing: None
training:
  epochs: 1
  batch_size: 100
  image_width: 32
  lr: 0.05
model:
  num_layers: 3
dataset:
  num_classes: 2
  binary: true
  name: eurosat_rgb
  image_width_sweep: '64'
  orig_width: 64
embedding:
  name: RMP
  pca: true
  supports_color: true

[2026-01-18 03:07:44,811] [INFO] - Using cuda.
[2026-01-18 03:07:45,157] [INFO] - Dataset: eurosat_rgb | Train Size: 4200 | Validation Size: 1200 | Test Size: 600
[2026-01-18 03:07:45,159] [INFO] - Applying PCA Loader to the dataset
[2026-01-18 03:08:04,044] [INFO] - Initiate model
[2026-01-18 03:08:04,046] [INFO] - Weights Shape: torch.Size([3, 6, 3])
[2026-01-18 03:08:04,047] [INFO] - Bias Shape: torch.Size([2])
[2026-01-18 03:08:38,929] [INFO] - [  100/ 4200] | Cost: 0.7082550 | Accuracy: 0.4400000
[2026-01-18 03:09:13,911] [INFO] - [  200/ 4200] | Cost: 0.6810460 | Accuracy: 0.9100000
[2026-01-18 03:09:48,966] [INFO] - [  300/ 4200] | Cost: 0.6822225 | Accuracy: 0.4700000
[2026-01-18 03:10:24,012] [INFO] - [  400/ 4200] | Cost: 0.6644577 | Accuracy: 0.5600000
[2026-01-18 03:10:58,970] [INFO] - [  500/ 4200] | Cost: 0.6867403 | Accuracy: 0.4500000
[2026-01-18 03:11:33,752] [INFO] - [  600/ 4200] | Cost: 0.6673946 | Accuracy: 0.5300000
[2026-01-18 03:12:08,741] [INFO] - [  700/ 4200] | Cost: 0.6711115 | Accuracy: 0.4700000
[2026-01-18 03:12:43,825] [INFO] - [  800/ 4200] | Cost: 0.6653332 | Accuracy: 0.5800000
[2026-01-18 03:13:18,830] [INFO] - [  900/ 4200] | Cost: 0.6602941 | Accuracy: 0.9100000
[2026-01-18 03:13:53,632] [INFO] - [ 1000/ 4200] | Cost: 0.6512797 | Accuracy: 0.7800000
[2026-01-18 03:14:28,642] [INFO] - [ 1100/ 4200] | Cost: 0.6544042 | Accuracy: 0.5200000
[2026-01-18 03:15:03,586] [INFO] - [ 1200/ 4200] | Cost: 0.6619243 | Accuracy: 0.4600000
[2026-01-18 03:15:38,452] [INFO] - [ 1300/ 4200] | Cost: 0.6451190 | Accuracy: 0.5500000
[2026-01-18 03:16:13,481] [INFO] - [ 1400/ 4200] | Cost: 0.6449988 | Accuracy: 0.5900000
[2026-01-18 03:16:48,481] [INFO] - [ 1500/ 4200] | Cost: 0.6290014 | Accuracy: 0.8100000
[2026-01-18 03:17:23,482] [INFO] - [ 1600/ 4200] | Cost: 0.6344869 | Accuracy: 0.6900000
[2026-01-18 03:17:58,510] [INFO] - [ 1700/ 4200] | Cost: 0.6283991 | Accuracy: 0.6700000
[2026-01-18 03:18:33,338] [INFO] - [ 1800/ 4200] | Cost: 0.6424599 | Accuracy: 0.6000000
[2026-01-18 03:19:08,359] [INFO] - [ 1900/ 4200] | Cost: 0.6192511 | Accuracy: 0.8600000
[2026-01-18 03:19:43,391] [INFO] - [ 2000/ 4200] | Cost: 0.6296949 | Accuracy: 0.9400000
[2026-01-18 03:20:18,450] [INFO] - [ 2100/ 4200] | Cost: 0.6212811 | Accuracy: 0.9600000
[2026-01-18 03:20:53,271] [INFO] - [ 2200/ 4200] | Cost: 0.6112053 | Accuracy: 0.9200000
[2026-01-18 03:21:28,259] [INFO] - [ 2300/ 4200] | Cost: 0.6111409 | Accuracy: 0.7900000
[2026-01-18 03:22:03,288] [INFO] - [ 2400/ 4200] | Cost: 0.6256716 | Accuracy: 0.5900000
[2026-01-18 03:22:38,401] [INFO] - [ 2500/ 4200] | Cost: 0.5970848 | Accuracy: 0.7000000
[2026-01-18 03:23:13,413] [INFO] - [ 2600/ 4200] | Cost: 0.6131276 | Accuracy: 0.6100000
[2026-01-18 03:23:48,260] [INFO] - [ 2700/ 4200] | Cost: 0.6022636 | Accuracy: 0.7400000
[2026-01-18 03:24:23,205] [INFO] - [ 2800/ 4200] | Cost: 0.5861504 | Accuracy: 0.8900000
[2026-01-18 03:24:58,254] [INFO] - [ 2900/ 4200] | Cost: 0.5922361 | Accuracy: 0.9000000
[2026-01-18 03:25:33,273] [INFO] - [ 3000/ 4200] | Cost: 0.5956653 | Accuracy: 0.9100000
[2026-01-18 03:26:08,020] [INFO] - [ 3100/ 4200] | Cost: 0.5850942 | Accuracy: 0.9600000
[2026-01-18 03:26:42,910] [INFO] - [ 3200/ 4200] | Cost: 0.5799792 | Accuracy: 0.9600000
[2026-01-18 03:27:17,806] [INFO] - [ 3300/ 4200] | Cost: 0.5996919 | Accuracy: 0.7300000
[2026-01-18 03:27:52,809] [INFO] - [ 3400/ 4200] | Cost: 0.5929437 | Accuracy: 0.7500000
[2026-01-18 03:28:27,745] [INFO] - [ 3500/ 4200] | Cost: 0.5786565 | Accuracy: 0.8300000
[2026-01-18 03:29:02,467] [INFO] - [ 3600/ 4200] | Cost: 0.5873930 | Accuracy: 0.8300000
[2026-01-18 03:29:37,420] [INFO] - [ 3700/ 4200] | Cost: 0.5715079 | Accuracy: 0.9800000
[2026-01-18 03:30:12,386] [INFO] - [ 3800/ 4200] | Cost: 0.5743206 | Accuracy: 0.9800000
[2026-01-18 03:30:47,338] [INFO] - [ 3900/ 4200] | Cost: 0.5805823 | Accuracy: 0.9900000
[2026-01-18 03:31:22,072] [INFO] - [ 4000/ 4200] | Cost: 0.5855680 | Accuracy: 0.9900000
[2026-01-18 03:31:57,034] [INFO] - [ 4100/ 4200] | Cost: 0.5725055 | Accuracy: 0.9800000
[2026-01-18 03:32:31,980] [INFO] - [ 4200/ 4200] | Cost: 0.5836806 | Accuracy: 0.9800000
[2026-01-18 03:32:48,111] [INFO] - Model dict saved to /workspace/persistent/embedding_colosseum/multirun/2026-01-18/02-06-25/38/saved_models/model_epoch-0.pt
[2026-01-18 03:32:48,112] [INFO] - Validation for epoch   0 | Cost: 0.5766375 | Accuracy: 0.9750000
