[2026-01-19 04:12:41,216] [INFO] - seed: 0
image_preprocessing: HomomorphicFilter
training:
  epochs: 1
  batch_size: 100
  image_width: 32
  lr: 0.05
model:
  num_layers: 3
dataset:
  num_classes: 2
  binary: true
  name: mnist
  image_width_sweep: 16,32
  orig_width: 28
embedding:
  name: OQIM
  pca: false
  supports_color: true

[2026-01-19 04:12:41,219] [INFO] - Using cuda.
[2026-01-19 04:12:42,219] [INFO] - Dataset: mnist | Train Size: 10346 | Validation Size: 2956 | Test Size: 1478
[2026-01-19 04:12:42,222] [INFO] - Initiate model
[2026-01-19 04:12:42,225] [INFO] - Weights Shape: torch.Size([3, 12, 3])
[2026-01-19 04:12:42,226] [INFO] - Bias Shape: torch.Size([2])
[2026-01-19 04:25:22,754] [INFO] - [  100/10346] | Cost: 0.6953834 | Accuracy: 0.5100000
[2026-01-19 04:37:29,938] [INFO] - [  200/10346] | Cost: 0.6952053 | Accuracy: 0.4800000
[2026-01-19 04:50:15,250] [INFO] - [  300/10346] | Cost: 0.6922252 | Accuracy: 0.4900000
[2026-01-19 05:02:28,644] [INFO] - [  400/10346] | Cost: 0.6891881 | Accuracy: 0.5300000
[2026-01-19 05:15:05,116] [INFO] - [  500/10346] | Cost: 0.6874469 | Accuracy: 0.5300000
[2026-01-19 05:27:49,016] [INFO] - [  600/10346] | Cost: 0.7031378 | Accuracy: 0.4100000
[2026-01-19 05:40:16,343] [INFO] - [  700/10346] | Cost: 0.6837284 | Accuracy: 0.5300000
[2026-01-19 05:53:23,315] [INFO] - [  800/10346] | Cost: 0.6831613 | Accuracy: 0.7800000
[2026-01-19 06:06:15,843] [INFO] - [  900/10346] | Cost: 0.6811253 | Accuracy: 0.9400000
[2026-01-19 06:18:58,815] [INFO] - [ 1000/10346] | Cost: 0.6777638 | Accuracy: 0.8800000
[2026-01-19 06:31:51,616] [INFO] - [ 1100/10346] | Cost: 0.6754625 | Accuracy: 0.7200000
[2026-01-19 06:45:04,440] [INFO] - [ 1200/10346] | Cost: 0.6680185 | Accuracy: 0.7100000
[2026-01-19 06:57:54,816] [INFO] - [ 1300/10346] | Cost: 0.6646419 | Accuracy: 0.7100000
[2026-01-19 07:10:26,015] [INFO] - [ 1400/10346] | Cost: 0.6532657 | Accuracy: 0.7200000
[2026-01-19 07:23:08,123] [INFO] - [ 1500/10346] | Cost: 0.6552545 | Accuracy: 0.6400000
[2026-01-19 07:34:50,732] [INFO] - [ 1600/10346] | Cost: 0.6331857 | Accuracy: 0.7500000
[2026-01-19 07:46:38,358] [INFO] - [ 1700/10346] | Cost: 0.6397548 | Accuracy: 0.5900000
[2026-01-19 07:58:20,236] [INFO] - [ 1800/10346] | Cost: 0.6345429 | Accuracy: 0.5900000
[2026-01-19 08:09:59,115] [INFO] - [ 1900/10346] | Cost: 0.6356886 | Accuracy: 0.5500000
[2026-01-19 08:21:53,633] [INFO] - [ 2000/10346] | Cost: 0.6346938 | Accuracy: 0.5500000
[2026-01-19 08:33:40,551] [INFO] - [ 2100/10346] | Cost: 0.6246234 | Accuracy: 0.5900000
[2026-01-19 08:45:17,159] [INFO] - [ 2200/10346] | Cost: 0.6147262 | Accuracy: 0.6900000
[2026-01-19 08:56:58,149] [INFO] - [ 2300/10346] | Cost: 0.6367497 | Accuracy: 0.6700000
