[2026-01-16 13:33:03,943] [INFO] - seed: 0
image_preprocessing: None
training:
  epochs: 1
  batch_size: 100
  image_width: 16
  lr: 0.05
model:
  num_layers: 3
dataset:
  num_classes: 2
  binary: true
  name: eurosat_rgb
  image_width_sweep: '64'
  orig_width: 64
embedding:
  name: NAQSS
  pca: false
  supports_color: false

[2026-01-16 13:33:03,945] [INFO] - Using cuda.
[2026-01-16 13:33:03,986] [INFO] - Dataset: eurosat_rgb | Train Size: 4200 | Validation Size: 1200 | Test Size: 600
[2026-01-16 13:33:03,988] [INFO] - Initiate model
[2026-01-16 13:33:03,990] [INFO] - Weights Shape: torch.Size([3, 17, 3])
[2026-01-16 13:33:03,991] [INFO] - Bias Shape: torch.Size([2])
[2026-01-16 13:35:52,200] [INFO] - [  100/ 4200] | Cost: 0.6924975 | Accuracy: 0.5700000
[2026-01-16 13:39:05,504] [INFO] - [  200/ 4200] | Cost: 0.6875763 | Accuracy: 0.5700000
[2026-01-16 13:41:58,494] [INFO] - [  300/ 4200] | Cost: 0.7083434 | Accuracy: 0.4500000
[2026-01-16 13:44:49,839] [INFO] - [  400/ 4200] | Cost: 0.7030861 | Accuracy: 0.4700000
[2026-01-16 13:47:36,334] [INFO] - [  500/ 4200] | Cost: 0.6975932 | Accuracy: 0.4900000
[2026-01-16 13:50:40,236] [INFO] - [  600/ 4200] | Cost: 0.6891363 | Accuracy: 0.5500000
[2026-01-16 13:53:34,549] [INFO] - [  700/ 4200] | Cost: 0.6936885 | Accuracy: 0.5000000
[2026-01-16 13:56:24,975] [INFO] - [  800/ 4200] | Cost: 0.6945779 | Accuracy: 0.4600000
[2026-01-16 13:59:08,979] [INFO] - [  900/ 4200] | Cost: 0.6926544 | Accuracy: 0.5400000
[2026-01-16 14:02:19,649] [INFO] - [ 1000/ 4200] | Cost: 0.6899521 | Accuracy: 0.5500000
[2026-01-16 14:05:00,957] [INFO] - [ 1100/ 4200] | Cost: 0.6970602 | Accuracy: 0.4700000
[2026-01-16 14:07:44,829] [INFO] - [ 1200/ 4200] | Cost: 0.6970296 | Accuracy: 0.4800000
[2026-01-16 14:10:32,690] [INFO] - [ 1300/ 4200] | Cost: 0.7052185 | Accuracy: 0.4400000
[2026-01-16 14:13:27,589] [INFO] - [ 1400/ 4200] | Cost: 0.6877992 | Accuracy: 0.5400000
[2026-01-16 14:16:13,620] [INFO] - [ 1500/ 4200] | Cost: 0.7022124 | Accuracy: 0.4400000
[2026-01-16 14:18:58,026] [INFO] - [ 1600/ 4200] | Cost: 0.6832219 | Accuracy: 0.5800000
[2026-01-16 14:21:57,701] [INFO] - [ 1700/ 4200] | Cost: 0.6924452 | Accuracy: 0.4800000
[2026-01-16 14:24:43,064] [INFO] - [ 1800/ 4200] | Cost: 0.6918458 | Accuracy: 0.4800000
[2026-01-16 14:27:18,375] [INFO] - [ 1900/ 4200] | Cost: 0.6900349 | Accuracy: 0.4700000
[2026-01-16 14:29:57,924] [INFO] - [ 2000/ 4200] | Cost: 0.6867065 | Accuracy: 0.5300000
[2026-01-16 14:32:39,446] [INFO] - [ 2100/ 4200] | Cost: 0.6822671 | Accuracy: 0.9000000
[2026-01-16 14:35:38,530] [INFO] - [ 2200/ 4200] | Cost: 0.6837720 | Accuracy: 0.8200000
[2026-01-16 14:38:25,633] [INFO] - [ 2300/ 4200] | Cost: 0.6804901 | Accuracy: 0.8600000
[2026-01-16 14:41:08,266] [INFO] - [ 2400/ 4200] | Cost: 0.6782053 | Accuracy: 0.7200000
[2026-01-16 14:44:04,463] [INFO] - [ 2500/ 4200] | Cost: 0.6736276 | Accuracy: 0.6400000
[2026-01-16 14:47:05,919] [INFO] - [ 2600/ 4200] | Cost: 0.6727719 | Accuracy: 0.5900000
[2026-01-16 14:49:47,380] [INFO] - [ 2700/ 4200] | Cost: 0.6713837 | Accuracy: 0.5600000
[2026-01-16 14:52:34,778] [INFO] - [ 2800/ 4200] | Cost: 0.6564906 | Accuracy: 0.6200000
[2026-01-16 14:55:25,875] [INFO] - [ 2900/ 4200] | Cost: 0.6614827 | Accuracy: 0.5800000
[2026-01-16 14:58:23,616] [INFO] - [ 3000/ 4200] | Cost: 0.6759390 | Accuracy: 0.5100000
[2026-01-16 15:01:17,501] [INFO] - [ 3100/ 4200] | Cost: 0.6897460 | Accuracy: 0.4500000
[2026-01-16 15:04:16,917] [INFO] - [ 3200/ 4200] | Cost: 0.7065733 | Accuracy: 0.4000000
[2026-01-16 15:07:10,542] [INFO] - [ 3300/ 4200] | Cost: 0.6674383 | Accuracy: 0.5300000
[2026-01-16 15:10:27,826] [INFO] - [ 3400/ 4200] | Cost: 0.6712551 | Accuracy: 0.5100000
[2026-01-16 15:13:07,653] [INFO] - [ 3500/ 4200] | Cost: 0.6708447 | Accuracy: 0.5000000
[2026-01-16 15:15:58,901] [INFO] - [ 3600/ 4200] | Cost: 0.6579625 | Accuracy: 0.5900000
[2026-01-16 15:18:36,699] [INFO] - [ 3700/ 4200] | Cost: 0.6724834 | Accuracy: 0.5600000
[2026-01-16 15:21:31,191] [INFO] - [ 3800/ 4200] | Cost: 0.6676102 | Accuracy: 0.7300000
[2026-01-16 15:24:11,290] [INFO] - [ 3900/ 4200] | Cost: 0.6641164 | Accuracy: 0.8500000
[2026-01-16 15:26:51,881] [INFO] - [ 4000/ 4200] | Cost: 0.6603580 | Accuracy: 0.9300000
[2026-01-16 15:29:45,508] [INFO] - [ 4100/ 4200] | Cost: 0.6565216 | Accuracy: 0.7000000
[2026-01-16 15:32:36,835] [INFO] - [ 4200/ 4200] | Cost: 0.6532416 | Accuracy: 0.5700000
