[2026-01-18 23:04:08,766] [INFO] - seed: 0
image_preprocessing: GaussianBlur
training:
  epochs: 1
  batch_size: 100
  image_width: 4
  lr: 0.05
model:
  num_layers: 3
dataset:
  num_classes: 2
  binary: true
  name: cxr8
  image_width_sweep: 2,4,8,16,32
  orig_width: 1024
embedding:
  name: NAQSS
  pca: false
  supports_color: false

[2026-01-18 23:04:08,770] [INFO] - Using cuda.
[2026-01-18 23:04:08,951] [INFO] - Dataset: cxr8 | Train Size: 2270 | Validation Size: 650 | Test Size: 324
[2026-01-18 23:04:08,953] [INFO] - Initiate model
[2026-01-18 23:04:10,140] [INFO] - Weights Shape: torch.Size([3, 13, 3])
[2026-01-18 23:04:10,141] [INFO] - Bias Shape: torch.Size([2])
[2026-01-18 23:07:25,256] [INFO] - [  100/ 2270] | Cost: 0.6922655 | Accuracy: 0.5600000
[2026-01-18 23:10:53,559] [INFO] - [  200/ 2270] | Cost: 0.6608456 | Accuracy: 0.8400000
[2026-01-18 23:14:10,441] [INFO] - [  300/ 2270] | Cost: 0.6257671 | Accuracy: 0.8500000
[2026-01-18 23:20:07,315] [INFO] - [  400/ 2270] | Cost: 0.6101879 | Accuracy: 0.8200000
[2026-01-18 23:28:26,444] [INFO] - [  500/ 2270] | Cost: 0.5556061 | Accuracy: 0.9000000
[2026-01-18 23:36:53,151] [INFO] - [  600/ 2270] | Cost: 0.5306298 | Accuracy: 0.8900000
[2026-01-18 23:45:00,355] [INFO] - [  700/ 2270] | Cost: 0.5397966 | Accuracy: 0.8300000
[2026-01-18 23:53:30,716] [INFO] - [  800/ 2270] | Cost: 0.5200257 | Accuracy: 0.8400000
[2026-01-19 00:01:09,250] [INFO] - [  900/ 2270] | Cost: 0.4854597 | Accuracy: 0.8600000
[2026-01-19 00:09:52,832] [INFO] - [ 1000/ 2270] | Cost: 0.4953848 | Accuracy: 0.8300000
[2026-01-19 00:18:30,027] [INFO] - [ 1100/ 2270] | Cost: 0.4497578 | Accuracy: 0.8700000
[2026-01-19 00:26:36,318] [INFO] - [ 1200/ 2270] | Cost: 0.4789108 | Accuracy: 0.8300000
[2026-01-19 00:34:57,750] [INFO] - [ 1300/ 2270] | Cost: 0.4494728 | Accuracy: 0.8500000
[2026-01-19 00:43:10,717] [INFO] - [ 1400/ 2270] | Cost: 0.5381263 | Accuracy: 0.7700000
[2026-01-19 00:51:32,147] [INFO] - [ 1500/ 2270] | Cost: 0.4526588 | Accuracy: 0.8400000
[2026-01-19 00:59:24,351] [INFO] - [ 1600/ 2270] | Cost: 0.4602773 | Accuracy: 0.8300000
[2026-01-19 01:08:00,416] [INFO] - [ 1700/ 2270] | Cost: 0.2883189 | Accuracy: 0.9500000
[2026-01-19 01:16:07,516] [INFO] - [ 1800/ 2270] | Cost: 0.2945608 | Accuracy: 0.9400000
[2026-01-19 01:24:44,053] [INFO] - [ 1900/ 2270] | Cost: 0.4092888 | Accuracy: 0.8600000
[2026-01-19 01:32:38,350] [INFO] - [ 2000/ 2270] | Cost: 0.4547848 | Accuracy: 0.8300000
[2026-01-19 01:40:48,753] [INFO] - [ 2100/ 2270] | Cost: 0.4732593 | Accuracy: 0.8200000
[2026-01-19 01:49:29,729] [INFO] - [ 2200/ 2270] | Cost: 0.3718620 | Accuracy: 0.8800000
[2026-01-19 01:54:57,039] [INFO] - [ 2300/ 2270] | Cost: 0.3864924 | Accuracy: 0.8714286
