[2026-01-18 23:04:09,084] [INFO] - seed: 0
image_preprocessing: ContrastScaling
training:
  epochs: 1
  batch_size: 100
  image_width: 8
  lr: 0.05
model:
  num_layers: 3
dataset:
  num_classes: 2
  binary: true
  name: cxr8
  image_width_sweep: 2,4,8,16,32
  orig_width: 1024
embedding:
  name: NEQR
  pca: false
  supports_color: true

[2026-01-18 23:04:09,088] [INFO] - Using cuda.
[2026-01-18 23:04:09,251] [INFO] - Dataset: cxr8 | Train Size: 2270 | Validation Size: 650 | Test Size: 324
[2026-01-18 23:04:09,254] [INFO] - Initiate model
[2026-01-18 23:04:11,057] [INFO] - Weights Shape: torch.Size([3, 14, 3])
[2026-01-18 23:04:11,059] [INFO] - Bias Shape: torch.Size([2])
[2026-01-18 23:07:44,351] [INFO] - [  100/ 2270] | Cost: 0.6931660 | Accuracy: 0.5100000
[2026-01-18 23:11:19,653] [INFO] - [  200/ 2270] | Cost: 0.6603355 | Accuracy: 0.8400000
[2026-01-18 23:14:38,032] [INFO] - [  300/ 2270] | Cost: 0.6281946 | Accuracy: 0.8500000
[2026-01-18 23:21:53,852] [INFO] - [  400/ 2270] | Cost: 0.6080380 | Accuracy: 0.8200000
[2026-01-18 23:30:53,816] [INFO] - [  500/ 2270] | Cost: 0.5525162 | Accuracy: 0.9000000
[2026-01-18 23:39:44,344] [INFO] - [  600/ 2270] | Cost: 0.5281541 | Accuracy: 0.8900000
[2026-01-18 23:47:59,350] [INFO] - [  700/ 2270] | Cost: 0.5392077 | Accuracy: 0.8300000
[2026-01-18 23:56:49,849] [INFO] - [  800/ 2270] | Cost: 0.5156617 | Accuracy: 0.8400000
[2026-01-19 00:05:24,515] [INFO] - [  900/ 2270] | Cost: 0.4841782 | Accuracy: 0.8600000
[2026-01-19 00:14:12,216] [INFO] - [ 1000/ 2270] | Cost: 0.4955975 | Accuracy: 0.8300000
[2026-01-19 00:22:56,816] [INFO] - [ 1100/ 2270] | Cost: 0.4473349 | Accuracy: 0.8700000
[2026-01-19 00:31:35,250] [INFO] - [ 1200/ 2270] | Cost: 0.4760708 | Accuracy: 0.8300000
[2026-01-19 00:39:57,916] [INFO] - [ 1300/ 2270] | Cost: 0.4482181 | Accuracy: 0.8500000
[2026-01-19 00:49:03,616] [INFO] - [ 1400/ 2270] | Cost: 0.5388018 | Accuracy: 0.7700000
[2026-01-19 00:56:57,241] [INFO] - [ 1500/ 2270] | Cost: 0.4504983 | Accuracy: 0.8400000
[2026-01-19 01:05:51,946] [INFO] - [ 1600/ 2270] | Cost: 0.4592037 | Accuracy: 0.8300000
[2026-01-19 01:14:45,028] [INFO] - [ 1700/ 2270] | Cost: 0.2867270 | Accuracy: 0.9500000
[2026-01-19 01:23:20,316] [INFO] - [ 1800/ 2270] | Cost: 0.2926135 | Accuracy: 0.9400000
[2026-01-19 01:31:47,950] [INFO] - [ 1900/ 2270] | Cost: 0.4073569 | Accuracy: 0.8600000
[2026-01-19 01:40:19,049] [INFO] - [ 2000/ 2270] | Cost: 0.4550030 | Accuracy: 0.8300000
[2026-01-19 01:49:23,851] [INFO] - [ 2100/ 2270] | Cost: 0.4714681 | Accuracy: 0.8200000
[2026-01-19 01:57:22,431] [INFO] - [ 2200/ 2270] | Cost: 0.3731505 | Accuracy: 0.8800000
[2026-01-19 02:03:26,816] [INFO] - [ 2300/ 2270] | Cost: 0.3826745 | Accuracy: 0.8714286
