[2026-01-19 01:32:55,451] [INFO] - seed: 0
image_preprocessing: HomomorphicFilter
training:
  epochs: 1
  batch_size: 100
  image_width: 4
  lr: 0.05
model:
  num_layers: 3
dataset:
  num_classes: 2
  binary: true
  name: cxr8
  image_width_sweep: 2,4,8,16,32
  orig_width: 1024
embedding:
  name: NEQR
  pca: false
  supports_color: true

[2026-01-19 01:32:55,453] [INFO] - Using cuda.
[2026-01-19 01:32:55,818] [INFO] - Dataset: cxr8 | Train Size: 2270 | Validation Size: 650 | Test Size: 324
[2026-01-19 01:32:55,820] [INFO] - Initiate model
[2026-01-19 01:32:55,822] [INFO] - Weights Shape: torch.Size([3, 12, 3])
[2026-01-19 01:32:55,823] [INFO] - Bias Shape: torch.Size([2])
[2026-01-19 01:40:05,521] [INFO] - [  100/ 2270] | Cost: 0.6907270 | Accuracy: 0.6100000
[2026-01-19 01:47:37,849] [INFO] - [  200/ 2270] | Cost: 0.6590176 | Accuracy: 0.8400000
[2026-01-19 01:54:38,016] [INFO] - [  300/ 2270] | Cost: 0.6255075 | Accuracy: 0.8500000
[2026-01-19 02:01:19,537] [INFO] - [  400/ 2270] | Cost: 0.6089005 | Accuracy: 0.8200000
[2026-01-19 02:09:02,115] [INFO] - [  500/ 2270] | Cost: 0.5491873 | Accuracy: 0.9000000
[2026-01-19 02:16:27,751] [INFO] - [  600/ 2270] | Cost: 0.5273541 | Accuracy: 0.8900000
[2026-01-19 02:23:16,747] [INFO] - [  700/ 2270] | Cost: 0.5375305 | Accuracy: 0.8300000
[2026-01-19 02:30:43,139] [INFO] - [  800/ 2270] | Cost: 0.5120926 | Accuracy: 0.8400000
[2026-01-19 02:37:47,128] [INFO] - [  900/ 2270] | Cost: 0.4804338 | Accuracy: 0.8600000
[2026-01-19 02:45:01,915] [INFO] - [ 1000/ 2270] | Cost: 0.4949890 | Accuracy: 0.8300000
[2026-01-19 02:51:52,116] [INFO] - [ 1100/ 2270] | Cost: 0.4468387 | Accuracy: 0.8700000
[2026-01-19 02:59:30,642] [INFO] - [ 1200/ 2270] | Cost: 0.4783820 | Accuracy: 0.8300000
[2026-01-19 03:06:20,115] [INFO] - [ 1300/ 2270] | Cost: 0.4449042 | Accuracy: 0.8500000
[2026-01-19 03:13:54,439] [INFO] - [ 1400/ 2270] | Cost: 0.5430017 | Accuracy: 0.7700000
[2026-01-19 03:21:35,150] [INFO] - [ 1500/ 2270] | Cost: 0.4518423 | Accuracy: 0.8400000
[2026-01-19 03:28:08,348] [INFO] - [ 1600/ 2270] | Cost: 0.4535972 | Accuracy: 0.8300000
[2026-01-19 03:35:32,840] [INFO] - [ 1700/ 2270] | Cost: 0.2818923 | Accuracy: 0.9500000
[2026-01-19 03:42:59,729] [INFO] - [ 1800/ 2270] | Cost: 0.2893995 | Accuracy: 0.9400000
[2026-01-19 03:49:58,617] [INFO] - [ 1900/ 2270] | Cost: 0.4091348 | Accuracy: 0.8600000
[2026-01-19 03:57:05,634] [INFO] - [ 2000/ 2270] | Cost: 0.4547412 | Accuracy: 0.8300000
[2026-01-19 04:04:53,848] [INFO] - [ 2100/ 2270] | Cost: 0.4809586 | Accuracy: 0.8200000
[2026-01-19 04:11:42,436] [INFO] - [ 2200/ 2270] | Cost: 0.3662616 | Accuracy: 0.8800000
[2026-01-19 04:16:55,422] [INFO] - [ 2300/ 2270] | Cost: 0.3734936 | Accuracy: 0.8714286
