[2026-01-18 23:15:55,428] [INFO] - seed: 0
image_preprocessing: None
training:
  epochs: 1
  batch_size: 100
  image_width: 32
  lr: 0.05
model:
  num_layers: 3
dataset:
  num_classes: 2
  binary: true
  name: cxr8
  image_width_sweep: 2,4,8,16,32
  orig_width: 1024
embedding:
  name: NAQSS
  pca: false
  supports_color: false

[2026-01-18 23:15:55,433] [INFO] - Using cuda.
[2026-01-18 23:15:55,743] [INFO] - Dataset: cxr8 | Train Size: 2270 | Validation Size: 650 | Test Size: 324
[2026-01-18 23:15:55,747] [INFO] - Initiate model
[2026-01-18 23:15:58,350] [INFO] - Weights Shape: torch.Size([3, 19, 3])
[2026-01-18 23:15:58,352] [INFO] - Bias Shape: torch.Size([2])
[2026-01-19 00:16:38,947] [INFO] - [  100/ 2270] | Cost: 0.6931762 | Accuracy: 0.4900000
[2026-01-19 01:17:12,235] [INFO] - [  200/ 2270] | Cost: 0.6603273 | Accuracy: 0.8400000
[2026-01-19 02:17:59,619] [INFO] - [  300/ 2270] | Cost: 0.6282178 | Accuracy: 0.8500000
[2026-01-19 03:18:33,816] [INFO] - [  400/ 2270] | Cost: 0.6086790 | Accuracy: 0.8200000
[2026-01-19 04:19:28,744] [INFO] - [  500/ 2270] | Cost: 0.5535877 | Accuracy: 0.9000000
[2026-01-19 05:20:16,040] [INFO] - [  600/ 2270] | Cost: 0.5299631 | Accuracy: 0.8900000
[2026-01-19 06:21:32,341] [INFO] - [  700/ 2270] | Cost: 0.5405110 | Accuracy: 0.8300000
[2026-01-19 07:21:40,915] [INFO] - [  800/ 2270] | Cost: 0.5168005 | Accuracy: 0.8400000
[2026-01-19 08:17:50,916] [INFO] - [  900/ 2270] | Cost: 0.4856865 | Accuracy: 0.8600000
