[2026-01-17 04:06:27,701] [INFO] - seed: 0
image_preprocessing: GaussianBlur
training:
  epochs: 1
  batch_size: 100
  image_width: 16
  lr: 0.05
model:
  num_layers: 3
dataset:
  num_classes: 2
  binary: true
  name: stl10
  image_width_sweep: 2,4,8,16,32,64
  orig_width: 96
embedding:
  name: NAQSS
  pca: false
  supports_color: false

[2026-01-17 04:06:27,705] [INFO] - Using cuda.
[2026-01-17 04:06:39,689] [INFO] - Dataset: stl10 | Train Size: 1819 | Validation Size: 521 | Test Size: 260
[2026-01-17 04:06:39,694] [INFO] - Initiate model
[2026-01-17 04:06:39,918] [INFO] - Weights Shape: torch.Size([3, 17, 3])
[2026-01-17 04:06:39,920] [INFO] - Bias Shape: torch.Size([2])
[2026-01-17 04:09:38,296] [INFO] - [  100/ 1819] | Cost: 0.6926915 | Accuracy: 0.6200000
[2026-01-17 04:11:51,903] [INFO] - [  200/ 1819] | Cost: 0.6955820 | Accuracy: 0.4900000
[2026-01-17 04:14:41,297] [INFO] - [  300/ 1819] | Cost: 0.6924466 | Accuracy: 0.5200000
[2026-01-17 04:17:05,403] [INFO] - [  400/ 1819] | Cost: 0.6904947 | Accuracy: 0.5600000
[2026-01-17 04:20:04,355] [INFO] - [  500/ 1819] | Cost: 0.6987563 | Accuracy: 0.4400000
[2026-01-17 04:22:38,812] [INFO] - [  600/ 1819] | Cost: 0.6940732 | Accuracy: 0.4900000
[2026-01-17 04:25:12,177] [INFO] - [  700/ 1819] | Cost: 0.6918765 | Accuracy: 0.5700000
[2026-01-17 04:28:01,582] [INFO] - [  800/ 1819] | Cost: 0.6949887 | Accuracy: 0.4300000
[2026-01-17 04:30:42,452] [INFO] - [  900/ 1819] | Cost: 0.6932074 | Accuracy: 0.4500000
[2026-01-17 04:33:12,084] [INFO] - [ 1000/ 1819] | Cost: 0.6932493 | Accuracy: 0.4800000
[2026-01-17 04:35:32,199] [INFO] - [ 1100/ 1819] | Cost: 0.6938817 | Accuracy: 0.4700000
[2026-01-17 04:38:23,699] [INFO] - [ 1200/ 1819] | Cost: 0.6926387 | Accuracy: 0.5300000
[2026-01-17 04:40:35,592] [INFO] - [ 1300/ 1819] | Cost: 0.6942024 | Accuracy: 0.4600000
[2026-01-17 04:43:30,716] [INFO] - [ 1400/ 1819] | Cost: 0.6939720 | Accuracy: 0.4400000
[2026-01-17 04:45:56,876] [INFO] - [ 1500/ 1819] | Cost: 0.6937050 | Accuracy: 0.4600000
[2026-01-17 04:48:41,350] [INFO] - [ 1600/ 1819] | Cost: 0.6920476 | Accuracy: 0.5500000
[2026-01-17 04:50:59,452] [INFO] - [ 1700/ 1819] | Cost: 0.6968616 | Accuracy: 0.4300000
[2026-01-17 04:53:19,809] [INFO] - [ 1800/ 1819] | Cost: 0.6930283 | Accuracy: 0.5000000
[2026-01-17 04:53:50,652] [INFO] - [ 1900/ 1819] | Cost: 0.6908792 | Accuracy: 0.5789474
