[2026-01-16 13:02:00,309] [INFO] - seed: 0
image_preprocessing: None
training:
  epochs: 1
  batch_size: 100
  image_width: 32
  lr: 0.05
model:
  num_layers: 3
dataset:
  num_classes: 2
  binary: true
  name: eurosat_rgb
  image_width_sweep: '64'
  orig_width: 64
embedding:
  name: NEQR
  pca: false
  supports_color: true

[2026-01-16 13:02:00,312] [INFO] - Using cuda.
[2026-01-16 13:02:00,352] [INFO] - Dataset: eurosat_rgb | Train Size: 4200 | Validation Size: 1200 | Test Size: 600
[2026-01-16 13:02:00,355] [INFO] - Initiate model
[2026-01-16 13:02:00,357] [INFO] - Weights Shape: torch.Size([3, 18, 3])
[2026-01-16 13:02:00,359] [INFO] - Bias Shape: torch.Size([2])
[2026-01-16 13:07:03,286] [INFO] - [  100/ 4200] | Cost: 0.6934480 | Accuracy: 0.4200000
[2026-01-16 13:11:55,849] [INFO] - [  200/ 4200] | Cost: 0.6875514 | Accuracy: 0.5700000
[2026-01-16 13:17:30,068] [INFO] - [  300/ 4200] | Cost: 0.7071235 | Accuracy: 0.4500000
[2026-01-16 13:22:45,377] [INFO] - [  400/ 4200] | Cost: 0.7023364 | Accuracy: 0.4700000
[2026-01-16 13:28:12,746] [INFO] - [  500/ 4200] | Cost: 0.6964973 | Accuracy: 0.4900000
[2026-01-16 13:33:36,276] [INFO] - [  600/ 4200] | Cost: 0.6872310 | Accuracy: 0.5500000
[2026-01-16 13:38:58,546] [INFO] - [  700/ 4200] | Cost: 0.6918086 | Accuracy: 0.5000000
[2026-01-16 13:44:17,661] [INFO] - [  800/ 4200] | Cost: 0.6924970 | Accuracy: 0.4600000
[2026-01-16 13:49:43,258] [INFO] - [  900/ 4200] | Cost: 0.6898401 | Accuracy: 0.7500000
[2026-01-16 13:54:51,100] [INFO] - [ 1000/ 4200] | Cost: 0.6867458 | Accuracy: 0.5500000
[2026-01-16 14:00:15,069] [INFO] - [ 1100/ 4200] | Cost: 0.6932138 | Accuracy: 0.4700000
[2026-01-16 14:05:48,415] [INFO] - [ 1200/ 4200] | Cost: 0.6917855 | Accuracy: 0.4800000
[2026-01-16 14:11:32,580] [INFO] - [ 1300/ 4200] | Cost: 0.7022247 | Accuracy: 0.4400000
[2026-01-16 14:16:45,049] [INFO] - [ 1400/ 4200] | Cost: 0.6830648 | Accuracy: 0.5400000
[2026-01-16 14:22:15,431] [INFO] - [ 1500/ 4200] | Cost: 0.6954336 | Accuracy: 0.4400000
[2026-01-16 14:27:26,891] [INFO] - [ 1600/ 4200] | Cost: 0.6752167 | Accuracy: 0.5800000
[2026-01-16 14:32:47,146] [INFO] - [ 1700/ 4200] | Cost: 0.6901096 | Accuracy: 0.4800000
[2026-01-16 14:38:01,145] [INFO] - [ 1800/ 4200] | Cost: 0.6848267 | Accuracy: 0.4800000
[2026-01-16 14:43:27,779] [INFO] - [ 1900/ 4200] | Cost: 0.6853441 | Accuracy: 0.4800000
[2026-01-16 14:48:40,317] [INFO] - [ 2000/ 4200] | Cost: 0.6818941 | Accuracy: 0.5600000
[2026-01-16 14:54:06,754] [INFO] - [ 2100/ 4200] | Cost: 0.6800137 | Accuracy: 0.7700000
[2026-01-16 14:59:20,913] [INFO] - [ 2200/ 4200] | Cost: 0.6784981 | Accuracy: 0.7700000
[2026-01-16 15:04:46,307] [INFO] - [ 2300/ 4200] | Cost: 0.6733891 | Accuracy: 0.8100000
[2026-01-16 15:10:27,368] [INFO] - [ 2400/ 4200] | Cost: 0.6727043 | Accuracy: 0.7000000
[2026-01-16 15:16:03,541] [INFO] - [ 2500/ 4200] | Cost: 0.6705832 | Accuracy: 0.6700000
[2026-01-16 15:21:26,349] [INFO] - [ 2600/ 4200] | Cost: 0.6746998 | Accuracy: 0.5800000
[2026-01-16 15:26:46,625] [INFO] - [ 2700/ 4200] | Cost: 0.6699141 | Accuracy: 0.6000000
[2026-01-16 15:32:09,696] [INFO] - [ 2800/ 4200] | Cost: 0.6550747 | Accuracy: 0.6400000
[2026-01-16 15:37:31,604] [INFO] - [ 2900/ 4200] | Cost: 0.6646492 | Accuracy: 0.5800000
[2026-01-16 15:43:15,731] [INFO] - [ 3000/ 4200] | Cost: 0.6761727 | Accuracy: 0.5200000
[2026-01-16 15:48:50,770] [INFO] - [ 3100/ 4200] | Cost: 0.6962067 | Accuracy: 0.4500000
[2026-01-16 15:54:40,652] [INFO] - [ 3200/ 4200] | Cost: 0.7121784 | Accuracy: 0.4000000
[2026-01-16 16:00:17,703] [INFO] - [ 3300/ 4200] | Cost: 0.6743927 | Accuracy: 0.5300000
[2026-01-16 16:06:02,239] [INFO] - [ 3400/ 4200] | Cost: 0.6789537 | Accuracy: 0.5100000
[2026-01-16 16:11:13,808] [INFO] - [ 3500/ 4200] | Cost: 0.6721573 | Accuracy: 0.5300000
[2026-01-16 16:16:54,807] [INFO] - [ 3600/ 4200] | Cost: 0.6666646 | Accuracy: 0.6300000
[2026-01-16 16:22:13,968] [INFO] - [ 3700/ 4200] | Cost: 0.6774960 | Accuracy: 0.6100000
[2026-01-16 16:28:00,165] [INFO] - [ 3800/ 4200] | Cost: 0.6769423 | Accuracy: 0.6700000
[2026-01-16 16:33:08,507] [INFO] - [ 3900/ 4200] | Cost: 0.6685241 | Accuracy: 0.8200000
[2026-01-16 16:38:20,048] [INFO] - [ 4000/ 4200] | Cost: 0.6659918 | Accuracy: 0.8800000
[2026-01-16 16:43:23,583] [INFO] - [ 4100/ 4200] | Cost: 0.6668944 | Accuracy: 0.5800000
[2026-01-16 16:48:37,377] [INFO] - [ 4200/ 4200] | Cost: 0.6613577 | Accuracy: 0.5700000
