[2026-01-19 00:43:07,746] [INFO] - seed: 0
image_preprocessing: BilateralFilter
training:
  epochs: 1
  batch_size: 100
  image_width: 16
  lr: 0.05
model:
  num_layers: 3
dataset:
  num_classes: 2
  binary: true
  name: cxr8
  image_width_sweep: 2,4,8,16,32
  orig_width: 1024
embedding:
  name: NEQR
  pca: false
  supports_color: true

[2026-01-19 00:43:07,748] [INFO] - Using cuda.
[2026-01-19 00:43:08,048] [INFO] - Dataset: cxr8 | Train Size: 2270 | Validation Size: 650 | Test Size: 324
[2026-01-19 00:43:08,051] [INFO] - Initiate model
[2026-01-19 00:43:08,116] [INFO] - Weights Shape: torch.Size([3, 16, 3])
[2026-01-19 00:43:08,117] [INFO] - Bias Shape: torch.Size([2])
[2026-01-19 00:53:35,945] [INFO] - [  100/ 2270] | Cost: 0.6933773 | Accuracy: 0.5000000
[2026-01-19 01:04:59,250] [INFO] - [  200/ 2270] | Cost: 0.6602908 | Accuracy: 0.8400000
[2026-01-19 01:16:04,226] [INFO] - [  300/ 2270] | Cost: 0.6278360 | Accuracy: 0.8500000
[2026-01-19 01:27:51,727] [INFO] - [  400/ 2270] | Cost: 0.6081567 | Accuracy: 0.8200000
[2026-01-19 01:38:31,915] [INFO] - [  500/ 2270] | Cost: 0.5542328 | Accuracy: 0.9000000
[2026-01-19 01:50:05,450] [INFO] - [  600/ 2270] | Cost: 0.5300900 | Accuracy: 0.8900000
[2026-01-19 02:00:27,816] [INFO] - [  700/ 2270] | Cost: 0.5404024 | Accuracy: 0.8300000
[2026-01-19 02:11:59,218] [INFO] - [  800/ 2270] | Cost: 0.5164651 | Accuracy: 0.8400000
[2026-01-19 02:22:56,638] [INFO] - [  900/ 2270] | Cost: 0.4859774 | Accuracy: 0.8600000
[2026-01-19 02:34:21,449] [INFO] - [ 1000/ 2270] | Cost: 0.4969115 | Accuracy: 0.8300000
[2026-01-19 02:45:37,019] [INFO] - [ 1100/ 2270] | Cost: 0.4486812 | Accuracy: 0.8700000
[2026-01-19 02:57:00,750] [INFO] - [ 1200/ 2270] | Cost: 0.4781200 | Accuracy: 0.8300000
[2026-01-19 03:07:45,134] [INFO] - [ 1300/ 2270] | Cost: 0.4495082 | Accuracy: 0.8500000
[2026-01-19 03:19:28,343] [INFO] - [ 1400/ 2270] | Cost: 0.5388691 | Accuracy: 0.7700000
[2026-01-19 03:29:48,033] [INFO] - [ 1500/ 2270] | Cost: 0.4493898 | Accuracy: 0.8400000
[2026-01-19 03:41:31,441] [INFO] - [ 1600/ 2270] | Cost: 0.4598812 | Accuracy: 0.8300000
[2026-01-19 03:52:30,845] [INFO] - [ 1700/ 2270] | Cost: 0.2884397 | Accuracy: 0.9500000
[2026-01-19 04:04:12,946] [INFO] - [ 1800/ 2270] | Cost: 0.2937097 | Accuracy: 0.9400000
[2026-01-19 04:15:11,032] [INFO] - [ 1900/ 2270] | Cost: 0.4095563 | Accuracy: 0.8600000
[2026-01-19 04:26:38,616] [INFO] - [ 2000/ 2270] | Cost: 0.4561872 | Accuracy: 0.8300000
[2026-01-19 04:37:18,732] [INFO] - [ 2100/ 2270] | Cost: 0.4732507 | Accuracy: 0.8200000
[2026-01-19 04:48:59,151] [INFO] - [ 2200/ 2270] | Cost: 0.3712521 | Accuracy: 0.8800000
[2026-01-19 04:56:40,115] [INFO] - [ 2300/ 2270] | Cost: 0.3853576 | Accuracy: 0.8714286
