[2026-01-17 03:00:17,147] [INFO] - seed: 0
image_preprocessing: None
training:
  epochs: 1
  batch_size: 100
  image_width: 32
  lr: 0.05
model:
  num_layers: 3
dataset:
  num_classes: 2
  binary: true
  name: stl10
  image_width_sweep: 2,4,8,16,32,64
  orig_width: 96
embedding:
  name: NEQR
  pca: false
  supports_color: true

[2026-01-17 03:00:17,149] [INFO] - Using cuda.
[2026-01-17 03:00:27,367] [INFO] - Dataset: stl10 | Train Size: 1819 | Validation Size: 521 | Test Size: 260
[2026-01-17 03:00:27,369] [INFO] - Initiate model
[2026-01-17 03:00:27,371] [INFO] - Weights Shape: torch.Size([3, 18, 3])
[2026-01-17 03:00:27,372] [INFO] - Bias Shape: torch.Size([2])
[2026-01-17 03:05:57,082] [INFO] - [  100/ 1819] | Cost: 0.6931610 | Accuracy: 0.5000000
[2026-01-17 03:11:29,335] [INFO] - [  200/ 1819] | Cost: 0.6954458 | Accuracy: 0.4900000
[2026-01-17 03:16:36,085] [INFO] - [  300/ 1819] | Cost: 0.6922389 | Accuracy: 0.5200000
[2026-01-17 03:21:52,787] [INFO] - [  400/ 1819] | Cost: 0.6904987 | Accuracy: 0.5600000
[2026-01-17 03:26:58,000] [INFO] - [  500/ 1819] | Cost: 0.6987889 | Accuracy: 0.4400000
[2026-01-17 03:32:04,591] [INFO] - [  600/ 1819] | Cost: 0.6940476 | Accuracy: 0.4900000
[2026-01-17 03:37:21,322] [INFO] - [  700/ 1819] | Cost: 0.6914080 | Accuracy: 0.5700000
[2026-01-17 03:42:31,374] [INFO] - [  800/ 1819] | Cost: 0.6952513 | Accuracy: 0.4300000
[2026-01-17 03:47:32,272] [INFO] - [  900/ 1819] | Cost: 0.6928506 | Accuracy: 0.6200000
[2026-01-17 03:52:46,160] [INFO] - [ 1000/ 1819] | Cost: 0.6933811 | Accuracy: 0.4800000
[2026-01-17 03:58:15,677] [INFO] - [ 1100/ 1819] | Cost: 0.6935301 | Accuracy: 0.4700000
[2026-01-17 04:03:47,476] [INFO] - [ 1200/ 1819] | Cost: 0.6923209 | Accuracy: 0.5300000
[2026-01-17 04:09:14,982] [INFO] - [ 1300/ 1819] | Cost: 0.6943590 | Accuracy: 0.4600000
[2026-01-17 04:14:38,852] [INFO] - [ 1400/ 1819] | Cost: 0.6941608 | Accuracy: 0.4600000
[2026-01-17 04:20:22,867] [INFO] - [ 1500/ 1819] | Cost: 0.6934920 | Accuracy: 0.4400000
[2026-01-17 04:25:48,031] [INFO] - [ 1600/ 1819] | Cost: 0.6925610 | Accuracy: 0.5300000
[2026-01-17 04:31:25,443] [INFO] - [ 1700/ 1819] | Cost: 0.6959161 | Accuracy: 0.4300000
[2026-01-17 04:36:40,942] [INFO] - [ 1800/ 1819] | Cost: 0.6930661 | Accuracy: 0.5000000
[2026-01-17 04:37:47,789] [INFO] - [ 1900/ 1819] | Cost: 0.6867139 | Accuracy: 0.6315789
