[2026-01-18 04:04:57,229] [INFO] - seed: 1
image_preprocessing: GaussianBlur
training:
  epochs: 1
  batch_size: 100
  image_width: 32
  lr: 0.05
model:
  num_layers: 3
dataset:
  num_classes: 2
  binary: true
  name: eurosat_ms
  image_width_sweep: '64'
  orig_width: 64
embedding:
  name: ZZFeatureMap
  pca: true
  supports_color: true

[2026-01-18 04:04:57,231] [INFO] - Using cuda.
[2026-01-18 04:04:57,269] [INFO] - Dataset: eurosat_ms | Train Size: 4200 | Validation Size: 1200 | Test Size: 600
[2026-01-18 04:04:57,271] [INFO] - Applying PCA Loader to the dataset
[2026-01-18 04:05:41,653] [INFO] - Initiate model
[2026-01-18 04:05:41,656] [INFO] - Weights Shape: torch.Size([3, 6, 3])
[2026-01-18 04:05:41,657] [INFO] - Bias Shape: torch.Size([2])
[2026-01-18 04:06:17,086] [INFO] - [  100/ 4200] | Cost: 0.8685450 | Accuracy: 0.3100000
[2026-01-18 04:06:52,486] [INFO] - [  200/ 4200] | Cost: 0.7906530 | Accuracy: 0.2700000
[2026-01-18 04:07:27,554] [INFO] - [  300/ 4200] | Cost: 0.7529434 | Accuracy: 0.2400000
[2026-01-18 04:08:02,907] [INFO] - [  400/ 4200] | Cost: 0.7331565 | Accuracy: 0.3200000
[2026-01-18 04:08:38,118] [INFO] - [  500/ 4200] | Cost: 0.7199460 | Accuracy: 0.4500000
[2026-01-18 04:09:13,358] [INFO] - [  600/ 4200] | Cost: 0.6905491 | Accuracy: 0.5400000
[2026-01-18 04:09:48,496] [INFO] - [  700/ 4200] | Cost: 0.6910477 | Accuracy: 0.5100000
[2026-01-18 04:10:23,674] [INFO] - [  800/ 4200] | Cost: 0.6870567 | Accuracy: 0.5000000
[2026-01-18 04:10:58,684] [INFO] - [  900/ 4200] | Cost: 0.6633893 | Accuracy: 0.5700000
[2026-01-18 04:11:33,844] [INFO] - [ 1000/ 4200] | Cost: 0.6471749 | Accuracy: 0.6400000
[2026-01-18 04:12:09,042] [INFO] - [ 1100/ 4200] | Cost: 0.6354263 | Accuracy: 0.6800000
[2026-01-18 04:12:44,214] [INFO] - [ 1200/ 4200] | Cost: 0.6268994 | Accuracy: 0.7800000
[2026-01-18 04:13:19,332] [INFO] - [ 1300/ 4200] | Cost: 0.6363479 | Accuracy: 0.7600000
[2026-01-18 04:13:54,346] [INFO] - [ 1400/ 4200] | Cost: 0.5975376 | Accuracy: 0.8400000
[2026-01-18 04:14:29,570] [INFO] - [ 1500/ 4200] | Cost: 0.6029191 | Accuracy: 0.8300000
[2026-01-18 04:15:04,722] [INFO] - [ 1600/ 4200] | Cost: 0.5974361 | Accuracy: 0.8300000
[2026-01-18 04:15:39,935] [INFO] - [ 1700/ 4200] | Cost: 0.5784659 | Accuracy: 0.8300000
[2026-01-18 04:16:15,109] [INFO] - [ 1800/ 4200] | Cost: 0.6018854 | Accuracy: 0.6900000
[2026-01-18 04:16:50,270] [INFO] - [ 1900/ 4200] | Cost: 0.5822298 | Accuracy: 0.7000000
[2026-01-18 04:17:25,243] [INFO] - [ 2000/ 4200] | Cost: 0.5903261 | Accuracy: 0.7600000
[2026-01-18 04:18:00,453] [INFO] - [ 2100/ 4200] | Cost: 0.5729184 | Accuracy: 0.7800000
[2026-01-18 04:18:35,575] [INFO] - [ 2200/ 4200] | Cost: 0.5751696 | Accuracy: 0.8000000
[2026-01-18 04:19:10,645] [INFO] - [ 2300/ 4200] | Cost: 0.5468444 | Accuracy: 0.8400000
[2026-01-18 04:19:45,768] [INFO] - [ 2400/ 4200] | Cost: 0.5621831 | Accuracy: 0.7600000
[2026-01-18 04:20:20,708] [INFO] - [ 2500/ 4200] | Cost: 0.5560014 | Accuracy: 0.8600000
[2026-01-18 04:20:55,921] [INFO] - [ 2600/ 4200] | Cost: 0.5425701 | Accuracy: 0.8100000
[2026-01-18 04:21:26,635] [INFO] - [ 2700/ 4200] | Cost: 0.5615335 | Accuracy: 0.8100000
[2026-01-18 04:22:01,721] [INFO] - [ 2800/ 4200] | Cost: 0.5294792 | Accuracy: 0.8100000
[2026-01-18 04:22:36,859] [INFO] - [ 2900/ 4200] | Cost: 0.5245255 | Accuracy: 0.8000000
[2026-01-18 04:23:11,806] [INFO] - [ 3000/ 4200] | Cost: 0.5241526 | Accuracy: 0.8400000
[2026-01-18 04:23:46,535] [INFO] - [ 3100/ 4200] | Cost: 0.5465231 | Accuracy: 0.7900000
[2026-01-18 04:24:19,865] [INFO] - [ 3200/ 4200] | Cost: 0.5261107 | Accuracy: 0.8400000
[2026-01-18 04:24:54,787] [INFO] - [ 3300/ 4200] | Cost: 0.5212874 | Accuracy: 0.8300000
[2026-01-18 04:25:29,825] [INFO] - [ 3400/ 4200] | Cost: 0.5024782 | Accuracy: 0.8700000
[2026-01-18 04:26:04,896] [INFO] - [ 3500/ 4200] | Cost: 0.5390636 | Accuracy: 0.7700000
[2026-01-18 04:26:39,823] [INFO] - [ 3600/ 4200] | Cost: 0.5372888 | Accuracy: 0.8400000
[2026-01-18 04:27:14,915] [INFO] - [ 3700/ 4200] | Cost: 0.4924867 | Accuracy: 0.8300000
[2026-01-18 04:27:50,008] [INFO] - [ 3800/ 4200] | Cost: 0.5190570 | Accuracy: 0.8200000
[2026-01-18 04:28:25,087] [INFO] - [ 3900/ 4200] | Cost: 0.5060949 | Accuracy: 0.8000000
[2026-01-18 04:28:55,775] [INFO] - [ 4000/ 4200] | Cost: 0.4925266 | Accuracy: 0.8400000
[2026-01-18 04:29:30,837] [INFO] - [ 4100/ 4200] | Cost: 0.4693050 | Accuracy: 0.8800000
[2026-01-18 04:30:04,564] [INFO] - [ 4200/ 4200] | Cost: 0.4897968 | Accuracy: 0.8600000
[2026-01-18 04:30:20,049] [INFO] - Model dict saved to /workspace/persistent/embedding_colosseum/multirun/2026-01-18/02-06-25/57/saved_models/model_epoch-0.pt
[2026-01-18 04:30:20,050] [INFO] - Validation for epoch   0 | Cost: 0.4930211 | Accuracy: 0.8558333
