[2026-01-18 23:15:56,922] [INFO] - seed: 0
image_preprocessing: HomomorphicFilter
training:
  epochs: 1
  batch_size: 100
  image_width: 32
  lr: 0.05
model:
  num_layers: 3
dataset:
  num_classes: 2
  binary: true
  name: cxr8
  image_width_sweep: 2,4,8,16,32
  orig_width: 1024
embedding:
  name: NAQSS
  pca: false
  supports_color: false

[2026-01-18 23:15:56,926] [INFO] - Using cuda.
[2026-01-18 23:15:57,152] [INFO] - Dataset: cxr8 | Train Size: 2270 | Validation Size: 650 | Test Size: 324
[2026-01-18 23:15:57,155] [INFO] - Initiate model
[2026-01-18 23:16:01,043] [INFO] - Weights Shape: torch.Size([3, 19, 3])
[2026-01-18 23:16:01,044] [INFO] - Bias Shape: torch.Size([2])
[2026-01-19 00:17:01,938] [INFO] - [  100/ 2270] | Cost: 0.6931776 | Accuracy: 0.4500000
[2026-01-19 01:18:03,335] [INFO] - [  200/ 2270] | Cost: 0.6606810 | Accuracy: 0.8400000
[2026-01-19 02:19:49,251] [INFO] - [  300/ 2270] | Cost: 0.6283570 | Accuracy: 0.8500000
[2026-01-19 03:20:59,015] [INFO] - [  400/ 2270] | Cost: 0.6085253 | Accuracy: 0.8200000
[2026-01-19 04:22:25,715] [INFO] - [  500/ 2270] | Cost: 0.5535011 | Accuracy: 0.9000000
[2026-01-19 05:23:33,633] [INFO] - [  600/ 2270] | Cost: 0.5300236 | Accuracy: 0.8900000
[2026-01-19 06:24:30,440] [INFO] - [  700/ 2270] | Cost: 0.5404177 | Accuracy: 0.8300000
[2026-01-19 07:25:35,716] [INFO] - [  800/ 2270] | Cost: 0.5167592 | Accuracy: 0.8400000
[2026-01-19 08:21:48,516] [INFO] - [  900/ 2270] | Cost: 0.4858752 | Accuracy: 0.8600000
