[2026-01-17 05:19:49,492] [INFO] - seed: 0
image_preprocessing: BilateralFilter
training:
  epochs: 1
  batch_size: 100
  image_width: 16
  lr: 0.05
model:
  num_layers: 3
dataset:
  num_classes: 2
  binary: true
  name: stl10
  image_width_sweep: 2,4,8,16,32,64
  orig_width: 96
embedding:
  name: NAQSS
  pca: false
  supports_color: false

[2026-01-17 05:19:49,495] [INFO] - Using cuda.
[2026-01-17 05:20:01,057] [INFO] - Dataset: stl10 | Train Size: 1819 | Validation Size: 521 | Test Size: 260
[2026-01-17 05:20:01,061] [INFO] - Initiate model
[2026-01-17 05:20:01,064] [INFO] - Weights Shape: torch.Size([3, 17, 3])
[2026-01-17 05:20:01,065] [INFO] - Bias Shape: torch.Size([2])
[2026-01-17 05:22:52,046] [INFO] - [  100/ 1819] | Cost: 0.6930931 | Accuracy: 0.4900000
[2026-01-17 05:25:32,124] [INFO] - [  200/ 1819] | Cost: 0.6958563 | Accuracy: 0.4900000
[2026-01-17 05:28:12,286] [INFO] - [  300/ 1819] | Cost: 0.6923749 | Accuracy: 0.5200000
[2026-01-17 05:31:00,097] [INFO] - [  400/ 1819] | Cost: 0.6906847 | Accuracy: 0.5600000
[2026-01-17 05:33:43,088] [INFO] - [  500/ 1819] | Cost: 0.6987040 | Accuracy: 0.4400000
[2026-01-17 05:36:29,200] [INFO] - [  600/ 1819] | Cost: 0.6943506 | Accuracy: 0.4900000
[2026-01-17 05:38:45,465] [INFO] - [  700/ 1819] | Cost: 0.6915531 | Accuracy: 0.5700000
[2026-01-17 05:41:29,883] [INFO] - [  800/ 1819] | Cost: 0.6951723 | Accuracy: 0.4300000
[2026-01-17 05:43:54,196] [INFO] - [  900/ 1819] | Cost: 0.6931600 | Accuracy: 0.5400000
[2026-01-17 05:46:45,806] [INFO] - [ 1000/ 1819] | Cost: 0.6935877 | Accuracy: 0.4800000
[2026-01-17 05:48:53,380] [INFO] - [ 1100/ 1819] | Cost: 0.6941751 | Accuracy: 0.4700000
[2026-01-17 05:51:31,426] [INFO] - [ 1200/ 1819] | Cost: 0.6924887 | Accuracy: 0.5300000
[2026-01-17 05:53:52,415] [INFO] - [ 1300/ 1819] | Cost: 0.6943855 | Accuracy: 0.4600000
[2026-01-17 05:56:28,903] [INFO] - [ 1400/ 1819] | Cost: 0.6944183 | Accuracy: 0.4400000
[2026-01-17 05:59:09,994] [INFO] - [ 1500/ 1819] | Cost: 0.6938964 | Accuracy: 0.4500000
[2026-01-17 06:01:42,806] [INFO] - [ 1600/ 1819] | Cost: 0.6921716 | Accuracy: 0.5500000
[2026-01-17 06:04:37,581] [INFO] - [ 1700/ 1819] | Cost: 0.6961774 | Accuracy: 0.4300000
[2026-01-17 06:06:47,280] [INFO] - [ 1800/ 1819] | Cost: 0.6933199 | Accuracy: 0.5000000
[2026-01-17 06:07:16,911] [INFO] - [ 1900/ 1819] | Cost: 0.6905055 | Accuracy: 0.5789474
