[2026-01-18 23:15:56,852] [INFO] - seed: 0
image_preprocessing: None
training:
  epochs: 1
  batch_size: 100
  image_width: 32
  lr: 0.05
model:
  num_layers: 3
dataset:
  num_classes: 2
  binary: true
  name: mnist
  image_width_sweep: 16,32
  orig_width: 28
embedding:
  name: OQIM
  pca: false
  supports_color: true

[2026-01-18 23:15:56,856] [INFO] - Using cuda.
[2026-01-18 23:15:57,925] [INFO] - Dataset: mnist | Train Size: 10346 | Validation Size: 2956 | Test Size: 1478
[2026-01-18 23:15:57,927] [INFO] - Initiate model
[2026-01-18 23:16:01,825] [INFO] - Weights Shape: torch.Size([3, 12, 3])
[2026-01-18 23:16:01,827] [INFO] - Bias Shape: torch.Size([2])
[2026-01-18 23:28:48,615] [INFO] - [  100/10346] | Cost: 0.6953437 | Accuracy: 0.5100000
[2026-01-18 23:41:32,751] [INFO] - [  200/10346] | Cost: 0.6950855 | Accuracy: 0.4800000
[2026-01-18 23:55:02,453] [INFO] - [  300/10346] | Cost: 0.6919839 | Accuracy: 0.4900000
[2026-01-19 00:08:36,347] [INFO] - [  400/10346] | Cost: 0.6887708 | Accuracy: 0.5300000
[2026-01-19 00:21:21,323] [INFO] - [  500/10346] | Cost: 0.6869021 | Accuracy: 0.5300000
[2026-01-19 00:34:18,050] [INFO] - [  600/10346] | Cost: 0.7021005 | Accuracy: 0.4100000
[2026-01-19 00:47:45,836] [INFO] - [  700/10346] | Cost: 0.6825436 | Accuracy: 0.5300000
[2026-01-19 01:00:48,246] [INFO] - [  800/10346] | Cost: 0.6818464 | Accuracy: 0.8000000
[2026-01-19 01:13:45,550] [INFO] - [  900/10346] | Cost: 0.6792216 | Accuracy: 0.9400000
[2026-01-19 01:27:24,250] [INFO] - [ 1000/10346] | Cost: 0.6754960 | Accuracy: 0.8900000
[2026-01-19 01:40:25,645] [INFO] - [ 1100/10346] | Cost: 0.6730030 | Accuracy: 0.7500000
[2026-01-19 01:53:28,724] [INFO] - [ 1200/10346] | Cost: 0.6650341 | Accuracy: 0.7600000
[2026-01-19 02:06:42,316] [INFO] - [ 1300/10346] | Cost: 0.6608157 | Accuracy: 0.8100000
[2026-01-19 02:19:44,154] [INFO] - [ 1400/10346] | Cost: 0.6491913 | Accuracy: 0.8100000
[2026-01-19 02:33:14,834] [INFO] - [ 1500/10346] | Cost: 0.6507512 | Accuracy: 0.7000000
[2026-01-19 02:46:10,015] [INFO] - [ 1600/10346] | Cost: 0.6285495 | Accuracy: 0.8200000
[2026-01-19 02:59:38,145] [INFO] - [ 1700/10346] | Cost: 0.6348751 | Accuracy: 0.6100000
[2026-01-19 03:12:49,016] [INFO] - [ 1800/10346] | Cost: 0.6292781 | Accuracy: 0.6200000
[2026-01-19 03:25:46,931] [INFO] - [ 1900/10346] | Cost: 0.6294163 | Accuracy: 0.5600000
[2026-01-19 03:39:14,641] [INFO] - [ 2000/10346] | Cost: 0.6275735 | Accuracy: 0.6200000
[2026-01-19 03:51:59,948] [INFO] - [ 2100/10346] | Cost: 0.6175351 | Accuracy: 0.6700000
[2026-01-19 04:05:11,846] [INFO] - [ 2200/10346] | Cost: 0.6069646 | Accuracy: 0.7600000
[2026-01-19 04:18:24,915] [INFO] - [ 2300/10346] | Cost: 0.6272135 | Accuracy: 0.7400000
[2026-01-19 04:31:35,740] [INFO] - [ 2400/10346] | Cost: 0.6026968 | Accuracy: 0.8500000
[2026-01-19 04:45:00,749] [INFO] - [ 2500/10346] | Cost: 0.5921423 | Accuracy: 0.9500000
[2026-01-19 04:57:51,716] [INFO] - [ 2600/10346] | Cost: 0.6081798 | Accuracy: 0.8100000
[2026-01-19 05:11:42,646] [INFO] - [ 2700/10346] | Cost: 0.5942689 | Accuracy: 0.8800000
[2026-01-19 05:24:39,944] [INFO] - [ 2800/10346] | Cost: 0.5846881 | Accuracy: 0.9300000
[2026-01-19 05:37:41,941] [INFO] - [ 2900/10346] | Cost: 0.5797580 | Accuracy: 0.9000000
[2026-01-19 05:50:58,816] [INFO] - [ 3000/10346] | Cost: 0.5860937 | Accuracy: 0.8200000
[2026-01-19 06:03:53,034] [INFO] - [ 3100/10346] | Cost: 0.5805964 | Accuracy: 0.8000000
[2026-01-19 06:17:26,922] [INFO] - [ 3200/10346] | Cost: 0.5623228 | Accuracy: 0.8400000
[2026-01-19 06:30:44,316] [INFO] - [ 3300/10346] | Cost: 0.5605096 | Accuracy: 0.8500000
[2026-01-19 06:44:03,750] [INFO] - [ 3400/10346] | Cost: 0.5808914 | Accuracy: 0.7600000
[2026-01-19 06:57:15,341] [INFO] - [ 3500/10346] | Cost: 0.5647364 | Accuracy: 0.8500000
[2026-01-19 07:10:19,839] [INFO] - [ 3600/10346] | Cost: 0.5707048 | Accuracy: 0.8000000
[2026-01-19 07:22:59,653] [INFO] - [ 3700/10346] | Cost: 0.5640841 | Accuracy: 0.8700000
[2026-01-19 07:34:52,525] [INFO] - [ 3800/10346] | Cost: 0.5459254 | Accuracy: 0.9200000
[2026-01-19 07:47:27,015] [INFO] - [ 3900/10346] | Cost: 0.5509668 | Accuracy: 0.8800000
[2026-01-19 07:59:40,254] [INFO] - [ 4000/10346] | Cost: 0.5381581 | Accuracy: 0.9700000
[2026-01-19 08:11:15,152] [INFO] - [ 4100/10346] | Cost: 0.5384448 | Accuracy: 0.9400000
[2026-01-19 08:23:28,645] [INFO] - [ 4200/10346] | Cost: 0.5335445 | Accuracy: 0.9500000
[2026-01-19 08:35:44,515] [INFO] - [ 4300/10346] | Cost: 0.5323440 | Accuracy: 0.9700000
[2026-01-19 08:47:34,960] [INFO] - [ 4400/10346] | Cost: 0.5356389 | Accuracy: 0.9000000
[2026-01-19 08:59:19,215] [INFO] - [ 4500/10346] | Cost: 0.5234172 | Accuracy: 0.9200000
