[2026-01-17 04:54:28,071] [INFO] - seed: 0
image_preprocessing: MedianBlur
training:
  epochs: 1
  batch_size: 100
  image_width: 32
  lr: 0.05
model:
  num_layers: 3
dataset:
  num_classes: 2
  binary: true
  name: stl10
  image_width_sweep: 2,4,8,16,32,64
  orig_width: 96
embedding:
  name: OQIM
  pca: false
  supports_color: true

[2026-01-17 04:54:28,073] [INFO] - Using cuda.
[2026-01-17 04:54:38,326] [INFO] - Dataset: stl10 | Train Size: 1819 | Validation Size: 521 | Test Size: 260
[2026-01-17 04:54:38,329] [INFO] - Initiate model
[2026-01-17 04:54:38,330] [INFO] - Weights Shape: torch.Size([3, 12, 3])
[2026-01-17 04:54:38,331] [INFO] - Bias Shape: torch.Size([2])
[2026-01-17 04:57:11,543] [INFO] - [  100/ 1819] | Cost: 0.6958897 | Accuracy: 0.4800000
[2026-01-17 05:00:01,867] [INFO] - [  200/ 1819] | Cost: 0.6958141 | Accuracy: 0.4900000
[2026-01-17 05:02:22,992] [INFO] - [  300/ 1819] | Cost: 0.6918812 | Accuracy: 0.5200000
[2026-01-17 05:05:17,528] [INFO] - [  400/ 1819] | Cost: 0.6873648 | Accuracy: 0.5600000
[2026-01-17 05:07:44,641] [INFO] - [  500/ 1819] | Cost: 0.7018517 | Accuracy: 0.4400000
[2026-01-17 05:10:51,286] [INFO] - [  600/ 1819] | Cost: 0.6926367 | Accuracy: 0.4900000
[2026-01-17 05:13:38,951] [INFO] - [  700/ 1819] | Cost: 0.6861457 | Accuracy: 0.5700000
[2026-01-17 05:16:39,412] [INFO] - [  800/ 1819] | Cost: 0.6901675 | Accuracy: 0.4600000
[2026-01-17 05:19:31,902] [INFO] - [  900/ 1819] | Cost: 0.6877109 | Accuracy: 0.6100000
[2026-01-17 05:22:40,544] [INFO] - [ 1000/ 1819] | Cost: 0.6856444 | Accuracy: 0.6100000
[2026-01-17 05:25:29,728] [INFO] - [ 1100/ 1819] | Cost: 0.6859567 | Accuracy: 0.6000000
[2026-01-17 05:28:36,556] [INFO] - [ 1200/ 1819] | Cost: 0.6822023 | Accuracy: 0.5900000
[2026-01-17 05:31:31,397] [INFO] - [ 1300/ 1819] | Cost: 0.6829987 | Accuracy: 0.6100000
[2026-01-17 05:34:39,580] [INFO] - [ 1400/ 1819] | Cost: 0.6674162 | Accuracy: 0.6900000
[2026-01-17 05:37:12,243] [INFO] - [ 1500/ 1819] | Cost: 0.6772384 | Accuracy: 0.6300000
[2026-01-17 05:40:22,789] [INFO] - [ 1600/ 1819] | Cost: 0.6759862 | Accuracy: 0.5800000
[2026-01-17 05:43:03,977] [INFO] - [ 1700/ 1819] | Cost: 0.6871482 | Accuracy: 0.5200000
[2026-01-17 05:46:25,087] [INFO] - [ 1800/ 1819] | Cost: 0.6534642 | Accuracy: 0.6400000
[2026-01-17 05:46:53,672] [INFO] - [ 1900/ 1819] | Cost: 0.6712692 | Accuracy: 0.5789474
