[2026-01-16 20:11:32,073] [INFO] - seed: 0
image_preprocessing: HomomorphicFilter
training:
  epochs: 1
  batch_size: 100
  image_width: 16
  lr: 0.05
model:
  num_layers: 3
dataset:
  num_classes: 2
  binary: true
  name: eurosat_ms
  image_width_sweep: '64'
  orig_width: 64
embedding:
  name: OQIM
  pca: false
  supports_color: true

[2026-01-16 20:11:32,076] [INFO] - Using cuda.
[2026-01-16 20:11:32,119] [INFO] - Dataset: eurosat_ms | Train Size: 4200 | Validation Size: 1200 | Test Size: 600
[2026-01-16 20:11:32,122] [INFO] - Initiate model
[2026-01-16 20:11:32,124] [INFO] - Weights Shape: torch.Size([3, 10, 3])
[2026-01-16 20:11:32,125] [INFO] - Bias Shape: torch.Size([2])
