[2026-01-18 18:28:03,526] [INFO] - seed: 0
image_preprocessing: GaussianBlur
training:
  epochs: 1
  batch_size: 100
  image_width: 32
  lr: 0.05
model:
  num_layers: 3
dataset:
  num_classes: 2
  binary: true
  name: cifar10
  image_width_sweep: '32'
  orig_width: 32
embedding:
  name: OQIM
  pca: false
  supports_color: true

[2026-01-18 18:28:03,530] [INFO] - Using cuda.
[2026-01-18 18:28:04,982] [INFO] - Dataset: cifar10 | Train Size: 8400 | Validation Size: 2400 | Test Size: 1200
[2026-01-18 18:28:04,985] [INFO] - Initiate model
[2026-01-18 18:28:05,424] [INFO] - Weights Shape: torch.Size([3, 12, 3])
[2026-01-18 18:28:05,425] [INFO] - Bias Shape: torch.Size([2])
[2026-01-18 18:30:28,470] [INFO] - [  100/ 8400] | Cost: 0.6969681 | Accuracy: 0.4500000
[2026-01-18 18:33:33,714] [INFO] - [  200/ 8400] | Cost: 0.6854374 | Accuracy: 0.5900000
[2026-01-18 18:35:53,257] [INFO] - [  300/ 8400] | Cost: 0.6850606 | Accuracy: 0.5600000
[2026-01-18 18:38:41,137] [INFO] - [  400/ 8400] | Cost: 0.6953386 | Accuracy: 0.5300000
[2026-01-18 18:41:04,677] [INFO] - [  500/ 8400] | Cost: 0.7020950 | Accuracy: 0.5100000
[2026-01-18 18:43:25,082] [INFO] - [  600/ 8400] | Cost: 0.6990008 | Accuracy: 0.5100000
[2026-01-18 18:46:14,226] [INFO] - [  700/ 8400] | Cost: 0.7079359 | Accuracy: 0.4600000
[2026-01-18 18:48:23,499] [INFO] - [  800/ 8400] | Cost: 0.7096695 | Accuracy: 0.4100000
[2026-01-18 18:50:45,674] [INFO] - [  900/ 8400] | Cost: 0.6901892 | Accuracy: 0.4700000
[2026-01-18 18:53:07,138] [INFO] - [ 1000/ 8400] | Cost: 0.6818761 | Accuracy: 0.6400000
[2026-01-18 18:55:25,475] [INFO] - [ 1100/ 8400] | Cost: 0.6734047 | Accuracy: 0.6900000
[2026-01-18 18:57:39,458] [INFO] - [ 1200/ 8400] | Cost: 0.6754682 | Accuracy: 0.6000000
[2026-01-18 19:00:14,393] [INFO] - [ 1300/ 8400] | Cost: 0.6640876 | Accuracy: 0.6400000
[2026-01-18 19:02:43,092] [INFO] - [ 1400/ 8400] | Cost: 0.6641946 | Accuracy: 0.6000000
[2026-01-18 19:05:07,918] [INFO] - [ 1500/ 8400] | Cost: 0.6665523 | Accuracy: 0.6000000
[2026-01-18 19:07:31,555] [INFO] - [ 1600/ 8400] | Cost: 0.6617938 | Accuracy: 0.6400000
[2026-01-18 19:10:00,549] [INFO] - [ 1700/ 8400] | Cost: 0.6486519 | Accuracy: 0.7100000
[2026-01-18 19:12:37,881] [INFO] - [ 1800/ 8400] | Cost: 0.6354039 | Accuracy: 0.7100000
[2026-01-18 19:15:09,770] [INFO] - [ 1900/ 8400] | Cost: 0.6287714 | Accuracy: 0.7200000
[2026-01-18 19:17:49,388] [INFO] - [ 2000/ 8400] | Cost: 0.6524660 | Accuracy: 0.6700000
[2026-01-18 19:20:36,577] [INFO] - [ 2100/ 8400] | Cost: 0.6286592 | Accuracy: 0.7500000
[2026-01-18 19:23:14,092] [INFO] - [ 2200/ 8400] | Cost: 0.6312171 | Accuracy: 0.7300000
[2026-01-18 19:25:53,309] [INFO] - [ 2300/ 8400] | Cost: 0.6470067 | Accuracy: 0.6200000
[2026-01-18 19:28:37,082] [INFO] - [ 2400/ 8400] | Cost: 0.6345394 | Accuracy: 0.7000000
[2026-01-18 19:31:07,880] [INFO] - [ 2500/ 8400] | Cost: 0.6130199 | Accuracy: 0.6900000
[2026-01-18 19:33:49,993] [INFO] - [ 2600/ 8400] | Cost: 0.6609044 | Accuracy: 0.6200000
[2026-01-18 19:36:24,231] [INFO] - [ 2700/ 8400] | Cost: 0.6412226 | Accuracy: 0.6700000
[2026-01-18 19:39:00,830] [INFO] - [ 2800/ 8400] | Cost: 0.6288788 | Accuracy: 0.7700000
[2026-01-18 19:41:47,081] [INFO] - [ 2900/ 8400] | Cost: 0.6408745 | Accuracy: 0.6500000
[2026-01-18 19:44:11,206] [INFO] - [ 3000/ 8400] | Cost: 0.6221002 | Accuracy: 0.7300000
[2026-01-18 19:47:08,120] [INFO] - [ 3100/ 8400] | Cost: 0.6047259 | Accuracy: 0.7200000
[2026-01-18 19:49:37,111] [INFO] - [ 3200/ 8400] | Cost: 0.6058243 | Accuracy: 0.7500000
[2026-01-18 19:52:10,372] [INFO] - [ 3300/ 8400] | Cost: 0.6139266 | Accuracy: 0.7000000
[2026-01-18 19:54:56,328] [INFO] - [ 3400/ 8400] | Cost: 0.6032350 | Accuracy: 0.7000000
[2026-01-18 19:57:23,536] [INFO] - [ 3500/ 8400] | Cost: 0.6377884 | Accuracy: 0.6600000
[2026-01-18 19:59:47,253] [INFO] - [ 3600/ 8400] | Cost: 0.6127712 | Accuracy: 0.6700000
[2026-01-18 20:02:18,702] [INFO] - [ 3700/ 8400] | Cost: 0.6324413 | Accuracy: 0.5900000
[2026-01-18 20:04:38,624] [INFO] - [ 3800/ 8400] | Cost: 0.6076755 | Accuracy: 0.7000000
[2026-01-18 20:07:01,399] [INFO] - [ 3900/ 8400] | Cost: 0.5806367 | Accuracy: 0.7500000
[2026-01-18 20:09:21,042] [INFO] - [ 4000/ 8400] | Cost: 0.6160457 | Accuracy: 0.6500000
[2026-01-18 20:11:56,370] [INFO] - [ 4100/ 8400] | Cost: 0.6537819 | Accuracy: 0.6700000
[2026-01-18 20:14:21,588] [INFO] - [ 4200/ 8400] | Cost: 0.6138020 | Accuracy: 0.6600000
[2026-01-18 20:16:59,692] [INFO] - [ 4300/ 8400] | Cost: 0.5967605 | Accuracy: 0.7000000
[2026-01-18 20:19:26,423] [INFO] - [ 4400/ 8400] | Cost: 0.5661247 | Accuracy: 0.7600000
[2026-01-18 20:21:46,374] [INFO] - [ 4500/ 8400] | Cost: 0.5772407 | Accuracy: 0.7100000
[2026-01-18 20:24:15,645] [INFO] - [ 4600/ 8400] | Cost: 0.5759388 | Accuracy: 0.7300000
[2026-01-18 20:26:44,699] [INFO] - [ 4700/ 8400] | Cost: 0.5780312 | Accuracy: 0.7300000
[2026-01-18 20:29:29,731] [INFO] - [ 4800/ 8400] | Cost: 0.5973113 | Accuracy: 0.7100000
[2026-01-18 20:31:56,747] [INFO] - [ 4900/ 8400] | Cost: 0.5898729 | Accuracy: 0.7100000
[2026-01-18 20:34:29,111] [INFO] - [ 5000/ 8400] | Cost: 0.5647648 | Accuracy: 0.7100000
[2026-01-18 20:37:05,265] [INFO] - [ 5100/ 8400] | Cost: 0.6304671 | Accuracy: 0.6600000
[2026-01-18 20:39:24,004] [INFO] - [ 5200/ 8400] | Cost: 0.5808374 | Accuracy: 0.7100000
[2026-01-18 20:42:05,490] [INFO] - [ 5300/ 8400] | Cost: 0.5645434 | Accuracy: 0.7600000
[2026-01-18 20:44:58,436] [INFO] - [ 5400/ 8400] | Cost: 0.5480707 | Accuracy: 0.7200000
[2026-01-18 20:47:19,186] [INFO] - [ 5500/ 8400] | Cost: 0.5637674 | Accuracy: 0.7100000
[2026-01-18 20:49:42,161] [INFO] - [ 5600/ 8400] | Cost: 0.6325516 | Accuracy: 0.6700000
[2026-01-18 20:52:06,158] [INFO] - [ 5700/ 8400] | Cost: 0.6036231 | Accuracy: 0.7100000
[2026-01-18 20:54:45,790] [INFO] - [ 5800/ 8400] | Cost: 0.5597573 | Accuracy: 0.7800000
[2026-01-18 20:57:13,872] [INFO] - [ 5900/ 8400] | Cost: 0.5701438 | Accuracy: 0.7400000
[2026-01-18 20:59:43,911] [INFO] - [ 6000/ 8400] | Cost: 0.6066824 | Accuracy: 0.7000000
[2026-01-18 21:02:22,078] [INFO] - [ 6100/ 8400] | Cost: 0.6123872 | Accuracy: 0.7000000
[2026-01-18 21:04:51,147] [INFO] - [ 6200/ 8400] | Cost: 0.5758899 | Accuracy: 0.7500000
[2026-01-18 21:07:22,268] [INFO] - [ 6300/ 8400] | Cost: 0.6128460 | Accuracy: 0.6700000
[2026-01-18 21:09:47,537] [INFO] - [ 6400/ 8400] | Cost: 0.6273097 | Accuracy: 0.7000000
[2026-01-18 21:12:13,766] [INFO] - [ 6500/ 8400] | Cost: 0.5570805 | Accuracy: 0.7200000
[2026-01-18 21:14:42,093] [INFO] - [ 6600/ 8400] | Cost: 0.6192628 | Accuracy: 0.6600000
[2026-01-18 21:17:15,873] [INFO] - [ 6700/ 8400] | Cost: 0.5706698 | Accuracy: 0.7300000
[2026-01-18 21:19:34,490] [INFO] - [ 6800/ 8400] | Cost: 0.5969176 | Accuracy: 0.6900000
[2026-01-18 21:21:58,340] [INFO] - [ 6900/ 8400] | Cost: 0.5965739 | Accuracy: 0.7000000
[2026-01-18 21:24:22,091] [INFO] - [ 7000/ 8400] | Cost: 0.6147577 | Accuracy: 0.7300000
[2026-01-18 21:26:52,235] [INFO] - [ 7100/ 8400] | Cost: 0.5557396 | Accuracy: 0.7600000
[2026-01-18 21:29:10,792] [INFO] - [ 7200/ 8400] | Cost: 0.5404140 | Accuracy: 0.7400000
[2026-01-18 21:31:34,157] [INFO] - [ 7300/ 8400] | Cost: 0.5379269 | Accuracy: 0.8000000
[2026-01-18 21:33:52,248] [INFO] - [ 7400/ 8400] | Cost: 0.5834818 | Accuracy: 0.7000000
[2026-01-18 21:36:10,488] [INFO] - [ 7500/ 8400] | Cost: 0.5925775 | Accuracy: 0.7000000
[2026-01-18 21:38:27,401] [INFO] - [ 7600/ 8400] | Cost: 0.5520985 | Accuracy: 0.8100000
[2026-01-18 21:40:42,522] [INFO] - [ 7700/ 8400] | Cost: 0.5580221 | Accuracy: 0.7600000
[2026-01-18 21:42:58,556] [INFO] - [ 7800/ 8400] | Cost: 0.6218719 | Accuracy: 0.6400000
[2026-01-18 21:45:19,348] [INFO] - [ 7900/ 8400] | Cost: 0.6008133 | Accuracy: 0.6500000
[2026-01-18 21:47:42,833] [INFO] - [ 8000/ 8400] | Cost: 0.5963746 | Accuracy: 0.7000000
[2026-01-18 21:50:01,233] [INFO] - [ 8100/ 8400] | Cost: 0.6192383 | Accuracy: 0.6700000
[2026-01-18 21:52:26,954] [INFO] - [ 8200/ 8400] | Cost: 0.5779727 | Accuracy: 0.7200000
[2026-01-18 21:54:38,764] [INFO] - [ 8300/ 8400] | Cost: 0.6772352 | Accuracy: 0.6400000
[2026-01-18 21:57:05,505] [INFO] - [ 8400/ 8400] | Cost: 0.6314872 | Accuracy: 0.6400000
