[2026-01-17 07:20:54,157] [INFO] - seed: 0
image_preprocessing: MedianBlur
training:
  epochs: 1
  batch_size: 100
  image_width: 16
  lr: 0.05
model:
  num_layers: 3
dataset:
  num_classes: 2
  binary: true
  name: cxr8
  image_width_sweep: 2,4,8,16,32,64
  orig_width: 1024
embedding:
  name: OQIM
  pca: false
  supports_color: true

[2026-01-17 07:20:54,161] [INFO] - Using cuda.
[2026-01-17 07:20:54,282] [INFO] - Dataset: cxr8 | Train Size: 2270 | Validation Size: 650 | Test Size: 324
[2026-01-17 07:20:54,285] [INFO] - Initiate model
[2026-01-17 07:20:54,503] [INFO] - Weights Shape: torch.Size([3, 10, 3])
[2026-01-17 07:20:54,504] [INFO] - Bias Shape: torch.Size([2])
[2026-01-17 07:22:11,417] [INFO] - [  100/ 2270] | Cost: 0.7028638 | Accuracy: 0.1800000
[2026-01-17 07:22:58,018] [INFO] - [  200/ 2270] | Cost: 0.6413901 | Accuracy: 0.8400000
[2026-01-17 07:24:03,430] [INFO] - [  300/ 2270] | Cost: 0.5896091 | Accuracy: 0.8500000
[2026-01-17 07:25:11,026] [INFO] - [  400/ 2270] | Cost: 0.5642134 | Accuracy: 0.8200000
[2026-01-17 07:26:24,394] [INFO] - [  500/ 2270] | Cost: 0.4879851 | Accuracy: 0.9000000
[2026-01-17 07:27:42,733] [INFO] - [  600/ 2270] | Cost: 0.4640571 | Accuracy: 0.8900000
[2026-01-17 07:28:56,034] [INFO] - [  700/ 2270] | Cost: 0.4945305 | Accuracy: 0.8300000
[2026-01-17 07:29:57,168] [INFO] - [  800/ 2270] | Cost: 0.4710695 | Accuracy: 0.8400000
[2026-01-17 07:31:01,949] [INFO] - [  900/ 2270] | Cost: 0.4362147 | Accuracy: 0.8600000
[2026-01-17 07:32:13,457] [INFO] - [ 1000/ 2270] | Cost: 0.4648223 | Accuracy: 0.8300000
[2026-01-17 07:33:16,349] [INFO] - [ 1100/ 2270] | Cost: 0.4044073 | Accuracy: 0.8700000
[2026-01-17 07:34:18,622] [INFO] - [ 1200/ 2270] | Cost: 0.4563008 | Accuracy: 0.8300000
[2026-01-17 07:35:26,647] [INFO] - [ 1300/ 2270] | Cost: 0.4280532 | Accuracy: 0.8500000
[2026-01-17 07:36:28,761] [INFO] - [ 1400/ 2270] | Cost: 0.5672207 | Accuracy: 0.7700000
[2026-01-17 07:37:35,580] [INFO] - [ 1500/ 2270] | Cost: 0.4433945 | Accuracy: 0.8400000
[2026-01-17 07:39:02,394] [INFO] - [ 1600/ 2270] | Cost: 0.4610216 | Accuracy: 0.8300000
[2026-01-17 07:40:05,378] [INFO] - [ 1700/ 2270] | Cost: 0.2428558 | Accuracy: 0.9500000
[2026-01-17 07:41:14,346] [INFO] - [ 1800/ 2270] | Cost: 0.2552577 | Accuracy: 0.9400000
[2026-01-17 07:42:14,632] [INFO] - [ 1900/ 2270] | Cost: 0.4028524 | Accuracy: 0.8600000
[2026-01-17 07:43:22,326] [INFO] - [ 2000/ 2270] | Cost: 0.4607193 | Accuracy: 0.8300000
[2026-01-17 07:44:34,030] [INFO] - [ 2100/ 2270] | Cost: 0.4829817 | Accuracy: 0.8200000
[2026-01-17 07:45:32,859] [INFO] - [ 2200/ 2270] | Cost: 0.3664029 | Accuracy: 0.8800000
[2026-01-17 07:46:26,779] [INFO] - [ 2300/ 2270] | Cost: 0.3805057 | Accuracy: 0.8714286
