[2026-01-17 03:43:45,553] [INFO] - seed: 0
image_preprocessing: GaussianBlur
training:
  epochs: 1
  batch_size: 100
  image_width: 16
  lr: 0.05
model:
  num_layers: 3
dataset:
  num_classes: 2
  binary: true
  name: stl10
  image_width_sweep: 2,4,8,16,32,64
  orig_width: 96
embedding:
  name: NEQR
  pca: false
  supports_color: true

[2026-01-17 03:43:45,555] [INFO] - Using cuda.
[2026-01-17 03:43:57,494] [INFO] - Dataset: stl10 | Train Size: 1819 | Validation Size: 521 | Test Size: 260
[2026-01-17 03:43:57,497] [INFO] - Initiate model
[2026-01-17 03:43:57,499] [INFO] - Weights Shape: torch.Size([3, 16, 3])
[2026-01-17 03:43:57,500] [INFO] - Bias Shape: torch.Size([2])
[2026-01-17 03:45:49,153] [INFO] - [  100/ 1819] | Cost: 0.6931108 | Accuracy: 0.5600000
[2026-01-17 03:47:24,875] [INFO] - [  200/ 1819] | Cost: 0.6951916 | Accuracy: 0.4900000
[2026-01-17 03:49:00,450] [INFO] - [  300/ 1819] | Cost: 0.6922258 | Accuracy: 0.5200000
[2026-01-17 03:50:36,576] [INFO] - [  400/ 1819] | Cost: 0.6903345 | Accuracy: 0.5600000
[2026-01-17 03:52:29,981] [INFO] - [  500/ 1819] | Cost: 0.6989443 | Accuracy: 0.4400000
[2026-01-17 03:53:56,038] [INFO] - [  600/ 1819] | Cost: 0.6939113 | Accuracy: 0.4900000
[2026-01-17 03:55:35,223] [INFO] - [  700/ 1819] | Cost: 0.6913242 | Accuracy: 0.5700000
[2026-01-17 03:57:26,647] [INFO] - [  800/ 1819] | Cost: 0.6945722 | Accuracy: 0.4300000
[2026-01-17 03:58:52,615] [INFO] - [  900/ 1819] | Cost: 0.6930125 | Accuracy: 0.5100000
[2026-01-17 04:00:27,612] [INFO] - [ 1000/ 1819] | Cost: 0.6936233 | Accuracy: 0.4900000
[2026-01-17 04:02:03,940] [INFO] - [ 1100/ 1819] | Cost: 0.6937501 | Accuracy: 0.4700000
[2026-01-17 04:03:57,457] [INFO] - [ 1200/ 1819] | Cost: 0.6924083 | Accuracy: 0.5300000
[2026-01-17 04:05:22,451] [INFO] - [ 1300/ 1819] | Cost: 0.6938475 | Accuracy: 0.4600000
[2026-01-17 04:06:58,257] [INFO] - [ 1400/ 1819] | Cost: 0.6938977 | Accuracy: 0.4400000
[2026-01-17 04:08:51,882] [INFO] - [ 1500/ 1819] | Cost: 0.6933498 | Accuracy: 0.4800000
[2026-01-17 04:10:22,434] [INFO] - [ 1600/ 1819] | Cost: 0.6918454 | Accuracy: 0.5500000
[2026-01-17 04:11:44,096] [INFO] - [ 1700/ 1819] | Cost: 0.6959627 | Accuracy: 0.4300000
[2026-01-17 04:13:26,551] [INFO] - [ 1800/ 1819] | Cost: 0.6936185 | Accuracy: 0.5000000
[2026-01-17 04:13:49,526] [INFO] - [ 1900/ 1819] | Cost: 0.6902451 | Accuracy: 0.5789474
