[2026-01-17 04:24:21,298] [INFO] - seed: 0
image_preprocessing: ContrastScaling
training:
  epochs: 1
  batch_size: 100
  image_width: 32
  lr: 0.05
model:
  num_layers: 3
dataset:
  num_classes: 2
  binary: true
  name: stl10
  image_width_sweep: 2,4,8,16,32,64
  orig_width: 96
embedding:
  name: OQIM
  pca: false
  supports_color: true

[2026-01-17 04:24:21,302] [INFO] - Using cuda.
[2026-01-17 04:24:31,591] [INFO] - Dataset: stl10 | Train Size: 1819 | Validation Size: 521 | Test Size: 260
[2026-01-17 04:24:31,597] [INFO] - Initiate model
[2026-01-17 04:24:31,837] [INFO] - Weights Shape: torch.Size([3, 12, 3])
[2026-01-17 04:24:31,839] [INFO] - Bias Shape: torch.Size([2])
[2026-01-17 04:27:17,143] [INFO] - [  100/ 1819] | Cost: 0.6959795 | Accuracy: 0.4800000
[2026-01-17 04:30:08,317] [INFO] - [  200/ 1819] | Cost: 0.6959289 | Accuracy: 0.4900000
[2026-01-17 04:32:47,820] [INFO] - [  300/ 1819] | Cost: 0.6918961 | Accuracy: 0.5200000
[2026-01-17 04:35:30,841] [INFO] - [  400/ 1819] | Cost: 0.6878493 | Accuracy: 0.5600000
[2026-01-17 04:38:23,225] [INFO] - [  500/ 1819] | Cost: 0.7013699 | Accuracy: 0.4400000
[2026-01-17 04:41:10,656] [INFO] - [  600/ 1819] | Cost: 0.6927466 | Accuracy: 0.4900000
[2026-01-17 04:44:02,148] [INFO] - [  700/ 1819] | Cost: 0.6877000 | Accuracy: 0.5700000
[2026-01-17 04:46:39,977] [INFO] - [  800/ 1819] | Cost: 0.6901169 | Accuracy: 0.4800000
[2026-01-17 04:49:41,154] [INFO] - [  900/ 1819] | Cost: 0.6883705 | Accuracy: 0.6000000
[2026-01-17 04:52:22,354] [INFO] - [ 1000/ 1819] | Cost: 0.6870854 | Accuracy: 0.6000000
[2026-01-17 04:55:18,706] [INFO] - [ 1100/ 1819] | Cost: 0.6872662 | Accuracy: 0.5400000
[2026-01-17 04:58:15,004] [INFO] - [ 1200/ 1819] | Cost: 0.6813021 | Accuracy: 0.6200000
[2026-01-17 05:01:06,074] [INFO] - [ 1300/ 1819] | Cost: 0.6837246 | Accuracy: 0.5800000
[2026-01-17 05:04:04,239] [INFO] - [ 1400/ 1819] | Cost: 0.6686112 | Accuracy: 0.6700000
[2026-01-17 05:07:00,372] [INFO] - [ 1500/ 1819] | Cost: 0.6799547 | Accuracy: 0.6100000
[2026-01-17 05:10:08,039] [INFO] - [ 1600/ 1819] | Cost: 0.6783150 | Accuracy: 0.6100000
[2026-01-17 05:13:01,232] [INFO] - [ 1700/ 1819] | Cost: 0.6871182 | Accuracy: 0.5400000
[2026-01-17 05:15:46,356] [INFO] - [ 1800/ 1819] | Cost: 0.6498193 | Accuracy: 0.6900000
[2026-01-17 05:16:22,081] [INFO] - [ 1900/ 1819] | Cost: 0.6700206 | Accuracy: 0.5263158
