[2026-01-17 07:41:30,866] [INFO] - seed: 0
image_preprocessing: BilateralFilter
training:
  epochs: 1
  batch_size: 100
  image_width: 32
  lr: 0.05
model:
  num_layers: 3
dataset:
  num_classes: 2
  binary: true
  name: cxr8
  image_width_sweep: 2,4,8,16,32,64
  orig_width: 1024
embedding:
  name: NEQR
  pca: false
  supports_color: true

[2026-01-17 07:41:30,870] [INFO] - Using cuda.
[2026-01-17 07:41:31,000] [INFO] - Dataset: cxr8 | Train Size: 2270 | Validation Size: 650 | Test Size: 324
[2026-01-17 07:41:31,003] [INFO] - Initiate model
[2026-01-17 07:41:31,212] [INFO] - Weights Shape: torch.Size([3, 18, 3])
[2026-01-17 07:41:31,214] [INFO] - Bias Shape: torch.Size([2])
[2026-01-17 07:46:41,960] [INFO] - [  100/ 2270] | Cost: 0.6932419 | Accuracy: 0.4700000
[2026-01-17 07:52:03,798] [INFO] - [  200/ 2270] | Cost: 0.6603137 | Accuracy: 0.8400000
[2026-01-17 07:57:12,379] [INFO] - [  300/ 2270] | Cost: 0.6280234 | Accuracy: 0.8500000
[2026-01-17 08:02:37,192] [INFO] - [  400/ 2270] | Cost: 0.6083899 | Accuracy: 0.8200000
[2026-01-17 08:07:51,649] [INFO] - [  500/ 2270] | Cost: 0.5536067 | Accuracy: 0.9000000
[2026-01-17 08:13:18,926] [INFO] - [  600/ 2270] | Cost: 0.5301691 | Accuracy: 0.8900000
[2026-01-17 08:18:25,364] [INFO] - [  700/ 2270] | Cost: 0.5404305 | Accuracy: 0.8300000
[2026-01-17 08:23:47,720] [INFO] - [  800/ 2270] | Cost: 0.5164816 | Accuracy: 0.8400000
[2026-01-17 08:28:50,614] [INFO] - [  900/ 2270] | Cost: 0.4856481 | Accuracy: 0.8600000
[2026-01-17 08:34:12,806] [INFO] - [ 1000/ 2270] | Cost: 0.4972029 | Accuracy: 0.8300000
[2026-01-17 08:39:19,209] [INFO] - [ 1100/ 2270] | Cost: 0.4483260 | Accuracy: 0.8700000
[2026-01-17 08:44:18,342] [INFO] - [ 1200/ 2270] | Cost: 0.4784746 | Accuracy: 0.8300000
[2026-01-17 08:49:13,936] [INFO] - [ 1300/ 2270] | Cost: 0.4492583 | Accuracy: 0.8500000
[2026-01-17 08:53:43,801] [INFO] - [ 1400/ 2270] | Cost: 0.5394360 | Accuracy: 0.7700000
[2026-01-17 08:58:14,509] [INFO] - [ 1500/ 2270] | Cost: 0.4499539 | Accuracy: 0.8400000
[2026-01-17 09:02:42,136] [INFO] - [ 1600/ 2270] | Cost: 0.4598683 | Accuracy: 0.8300000
[2026-01-17 09:07:00,915] [INFO] - [ 1700/ 2270] | Cost: 0.2883376 | Accuracy: 0.9500000
[2026-01-17 09:11:22,718] [INFO] - [ 1800/ 2270] | Cost: 0.2937842 | Accuracy: 0.9400000
[2026-01-17 09:15:41,857] [INFO] - [ 1900/ 2270] | Cost: 0.4095232 | Accuracy: 0.8600000
[2026-01-17 09:20:01,767] [INFO] - [ 2000/ 2270] | Cost: 0.4557713 | Accuracy: 0.8300000
[2026-01-17 09:24:20,044] [INFO] - [ 2100/ 2270] | Cost: 0.4729751 | Accuracy: 0.8200000
[2026-01-17 09:28:41,930] [INFO] - [ 2200/ 2270] | Cost: 0.3711532 | Accuracy: 0.8800000
[2026-01-17 09:31:45,097] [INFO] - [ 2300/ 2270] | Cost: 0.3847631 | Accuracy: 0.8714286
