[2026-01-18 23:15:57,550] [INFO] - seed: 0
image_preprocessing: MedianBlur
training:
  epochs: 1
  batch_size: 100
  image_width: 32
  lr: 0.05
model:
  num_layers: 3
dataset:
  num_classes: 2
  binary: true
  name: mnist
  image_width_sweep: 16,32
  orig_width: 28
embedding:
  name: NEQR
  pca: false
  supports_color: true

[2026-01-18 23:15:57,556] [INFO] - Using cuda.
[2026-01-18 23:15:58,536] [INFO] - Dataset: mnist | Train Size: 10346 | Validation Size: 2956 | Test Size: 1478
[2026-01-18 23:15:58,539] [INFO] - Initiate model
[2026-01-18 23:16:02,222] [INFO] - Weights Shape: torch.Size([3, 18, 3])
[2026-01-18 23:16:02,224] [INFO] - Bias Shape: torch.Size([2])
[2026-01-18 23:34:36,347] [INFO] - [  100/10346] | Cost: 0.6939387 | Accuracy: 0.4900000
[2026-01-18 23:52:53,115] [INFO] - [  200/10346] | Cost: 0.6916369 | Accuracy: 0.5200000
[2026-01-19 00:11:37,949] [INFO] - [  300/10346] | Cost: 0.6955389 | Accuracy: 0.4900000
[2026-01-19 00:30:00,750] [INFO] - [  400/10346] | Cost: 0.6884247 | Accuracy: 0.5300000
[2026-01-19 00:48:42,649] [INFO] - [  500/10346] | Cost: 0.6873079 | Accuracy: 0.5300000
[2026-01-19 01:07:29,037] [INFO] - [  600/10346] | Cost: 0.6912811 | Accuracy: 0.4100000
[2026-01-19 01:26:09,348] [INFO] - [  700/10346] | Cost: 0.6837329 | Accuracy: 1.0000000
[2026-01-19 01:44:37,640] [INFO] - [  800/10346] | Cost: 0.6822319 | Accuracy: 0.4800000
[2026-01-19 02:02:06,116] [INFO] - [  900/10346] | Cost: 0.6814932 | Accuracy: 0.4600000
[2026-01-19 02:20:26,336] [INFO] - [ 1000/10346] | Cost: 0.6724799 | Accuracy: 1.0000000
[2026-01-19 02:38:49,416] [INFO] - [ 1100/10346] | Cost: 0.6676894 | Accuracy: 0.8800000
[2026-01-19 02:57:25,937] [INFO] - [ 1200/10346] | Cost: 0.6630584 | Accuracy: 0.7500000
[2026-01-19 03:16:17,915] [INFO] - [ 1300/10346] | Cost: 0.6570483 | Accuracy: 0.5800000
[2026-01-19 03:34:04,050] [INFO] - [ 1400/10346] | Cost: 0.6427892 | Accuracy: 0.5900000
[2026-01-19 03:52:13,852] [INFO] - [ 1500/10346] | Cost: 0.6470151 | Accuracy: 0.5400000
[2026-01-19 04:10:24,032] [INFO] - [ 1600/10346] | Cost: 0.6159269 | Accuracy: 0.6600000
[2026-01-19 04:28:56,116] [INFO] - [ 1700/10346] | Cost: 0.6286240 | Accuracy: 0.5800000
[2026-01-19 04:47:43,416] [INFO] - [ 1800/10346] | Cost: 0.6279407 | Accuracy: 0.5900000
[2026-01-19 05:06:12,216] [INFO] - [ 1900/10346] | Cost: 0.6401542 | Accuracy: 0.5500000
[2026-01-19 05:24:21,549] [INFO] - [ 2000/10346] | Cost: 0.6548592 | Accuracy: 0.5100000
[2026-01-19 05:42:31,232] [INFO] - [ 2100/10346] | Cost: 0.6436923 | Accuracy: 0.5200000
[2026-01-19 06:00:51,831] [INFO] - [ 2200/10346] | Cost: 0.6266862 | Accuracy: 0.5400000
[2026-01-19 06:19:50,416] [INFO] - [ 2300/10346] | Cost: 0.6569443 | Accuracy: 0.4400000
[2026-01-19 06:38:19,251] [INFO] - [ 2400/10346] | Cost: 0.6151683 | Accuracy: 0.6000000
[2026-01-19 06:57:11,348] [INFO] - [ 2500/10346] | Cost: 0.6070716 | Accuracy: 0.6600000
[2026-01-19 07:15:06,144] [INFO] - [ 2600/10346] | Cost: 0.6252558 | Accuracy: 0.7400000
[2026-01-19 07:32:23,816] [INFO] - [ 2700/10346] | Cost: 0.5956521 | Accuracy: 0.9100000
[2026-01-19 07:49:49,617] [INFO] - [ 2800/10346] | Cost: 0.5944604 | Accuracy: 0.9500000
[2026-01-19 08:06:38,816] [INFO] - [ 2900/10346] | Cost: 0.5888655 | Accuracy: 0.9600000
[2026-01-19 08:23:41,716] [INFO] - [ 3000/10346] | Cost: 0.5947283 | Accuracy: 0.9700000
[2026-01-19 08:40:44,752] [INFO] - [ 3100/10346] | Cost: 0.6000799 | Accuracy: 0.9300000
[2026-01-19 08:57:45,517] [INFO] - [ 3200/10346] | Cost: 0.5947623 | Accuracy: 0.9400000
