[2026-01-17 03:22:33,867] [INFO] - seed: 0
image_preprocessing: None
training:
  epochs: 1
  batch_size: 100
  image_width: 32
  lr: 0.05
model:
  num_layers: 3
dataset:
  num_classes: 2
  binary: true
  name: stl10
  image_width_sweep: 2,4,8,16,32,64
  orig_width: 96
embedding:
  name: NAQSS
  pca: false
  supports_color: false

[2026-01-17 03:22:33,869] [INFO] - Using cuda.
[2026-01-17 03:22:44,080] [INFO] - Dataset: stl10 | Train Size: 1819 | Validation Size: 521 | Test Size: 260
[2026-01-17 03:22:44,083] [INFO] - Initiate model
[2026-01-17 03:22:44,084] [INFO] - Weights Shape: torch.Size([3, 19, 3])
[2026-01-17 03:22:44,085] [INFO] - Bias Shape: torch.Size([2])
[2026-01-17 03:33:33,057] [INFO] - [  100/ 1819] | Cost: 0.6928937 | Accuracy: 0.5700000
[2026-01-17 03:43:49,616] [INFO] - [  200/ 1819] | Cost: 0.6952931 | Accuracy: 0.4900000
[2026-01-17 03:54:14,826] [INFO] - [  300/ 1819] | Cost: 0.6924161 | Accuracy: 0.5200000
[2026-01-17 04:04:39,115] [INFO] - [  400/ 1819] | Cost: 0.6908183 | Accuracy: 0.5600000
[2026-01-17 04:15:16,971] [INFO] - [  500/ 1819] | Cost: 0.6990808 | Accuracy: 0.4400000
[2026-01-17 04:26:08,437] [INFO] - [  600/ 1819] | Cost: 0.6943280 | Accuracy: 0.4900000
[2026-01-17 04:36:53,550] [INFO] - [  700/ 1819] | Cost: 0.6913396 | Accuracy: 0.5700000
[2026-01-17 04:47:09,913] [INFO] - [  800/ 1819] | Cost: 0.6950905 | Accuracy: 0.4300000
[2026-01-17 04:57:14,137] [INFO] - [  900/ 1819] | Cost: 0.6931036 | Accuracy: 0.5200000
[2026-01-17 05:07:40,291] [INFO] - [ 1000/ 1819] | Cost: 0.6936567 | Accuracy: 0.4800000
[2026-01-17 05:17:50,878] [INFO] - [ 1100/ 1819] | Cost: 0.6942574 | Accuracy: 0.4700000
[2026-01-17 05:28:50,706] [INFO] - [ 1200/ 1819] | Cost: 0.6923523 | Accuracy: 0.5300000
[2026-01-17 05:39:37,665] [INFO] - [ 1300/ 1819] | Cost: 0.6942345 | Accuracy: 0.4600000
[2026-01-17 05:49:44,227] [INFO] - [ 1400/ 1819] | Cost: 0.6940413 | Accuracy: 0.4400000
[2026-01-17 06:00:16,367] [INFO] - [ 1500/ 1819] | Cost: 0.6937526 | Accuracy: 0.4500000
[2026-01-17 06:10:48,559] [INFO] - [ 1600/ 1819] | Cost: 0.6923213 | Accuracy: 0.5500000
[2026-01-17 06:21:24,806] [INFO] - [ 1700/ 1819] | Cost: 0.6961727 | Accuracy: 0.4300000
[2026-01-17 06:32:21,871] [INFO] - [ 1800/ 1819] | Cost: 0.6933291 | Accuracy: 0.5000000
[2026-01-17 06:34:19,722] [INFO] - [ 1900/ 1819] | Cost: 0.6911734 | Accuracy: 0.5789474
