[2026-01-18 04:21:17,432] [INFO] - seed: 1
image_preprocessing: None
training:
  epochs: 1
  batch_size: 100
  image_width: 32
  lr: 0.05
model:
  num_layers: 3
dataset:
  num_classes: 2
  binary: true
  name: cifar10
  image_width_sweep: '32'
  orig_width: 32
embedding:
  name: ZZFeatureMap
  pca: true
  supports_color: true

[2026-01-18 04:21:17,434] [INFO] - Using cuda.
[2026-01-18 04:21:20,120] [INFO] - Dataset: cifar10 | Train Size: 8400 | Validation Size: 2400 | Test Size: 1200
[2026-01-18 04:21:20,123] [INFO] - Applying PCA Loader to the dataset
[2026-01-18 04:21:22,279] [INFO] - Initiate model
[2026-01-18 04:21:22,281] [INFO] - Weights Shape: torch.Size([3, 6, 3])
[2026-01-18 04:21:22,282] [INFO] - Bias Shape: torch.Size([2])
[2026-01-18 04:21:57,120] [INFO] - [  100/ 8400] | Cost: 0.7230188 | Accuracy: 0.3800000
[2026-01-18 04:22:32,189] [INFO] - [  200/ 8400] | Cost: 0.7024931 | Accuracy: 0.4300000
[2026-01-18 04:23:07,306] [INFO] - [  300/ 8400] | Cost: 0.7015324 | Accuracy: 0.4500000
[2026-01-18 04:23:42,123] [INFO] - [  400/ 8400] | Cost: 0.6839840 | Accuracy: 0.5700000
[2026-01-18 04:24:15,409] [INFO] - [  500/ 8400] | Cost: 0.6765040 | Accuracy: 0.6200000
[2026-01-18 04:24:50,028] [INFO] - [  600/ 8400] | Cost: 0.6721551 | Accuracy: 0.6000000
[2026-01-18 04:25:25,131] [INFO] - [  700/ 8400] | Cost: 0.6539842 | Accuracy: 0.6900000
[2026-01-18 04:26:00,219] [INFO] - [  800/ 8400] | Cost: 0.6416822 | Accuracy: 0.7600000
[2026-01-18 04:26:35,409] [INFO] - [  900/ 8400] | Cost: 0.6321976 | Accuracy: 0.7100000
[2026-01-18 04:27:10,547] [INFO] - [ 1000/ 8400] | Cost: 0.6304932 | Accuracy: 0.6700000
[2026-01-18 04:27:45,503] [INFO] - [ 1100/ 8400] | Cost: 0.6413891 | Accuracy: 0.6400000
[2026-01-18 04:28:20,642] [INFO] - [ 1200/ 8400] | Cost: 0.6220055 | Accuracy: 0.6800000
[2026-01-18 04:28:51,556] [INFO] - [ 1300/ 8400] | Cost: 0.6184555 | Accuracy: 0.7000000
[2026-01-18 04:29:26,672] [INFO] - [ 1400/ 8400] | Cost: 0.6226005 | Accuracy: 0.6700000
[2026-01-18 04:30:01,567] [INFO] - [ 1500/ 8400] | Cost: 0.6326998 | Accuracy: 0.6700000
[2026-01-18 04:30:23,043] [INFO] - [ 1600/ 8400] | Cost: 0.6273299 | Accuracy: 0.6500000
[2026-01-18 04:30:52,455] [INFO] - [ 1700/ 8400] | Cost: 0.6456869 | Accuracy: 0.6200000
[2026-01-18 04:31:27,567] [INFO] - [ 1800/ 8400] | Cost: 0.5949045 | Accuracy: 0.7200000
[2026-01-18 04:32:02,648] [INFO] - [ 1900/ 8400] | Cost: 0.5940898 | Accuracy: 0.7000000
[2026-01-18 04:32:37,802] [INFO] - [ 2000/ 8400] | Cost: 0.5709997 | Accuracy: 0.7800000
[2026-01-18 04:33:12,960] [INFO] - [ 2100/ 8400] | Cost: 0.5905686 | Accuracy: 0.6700000
[2026-01-18 04:33:47,901] [INFO] - [ 2200/ 8400] | Cost: 0.6124933 | Accuracy: 0.7100000
[2026-01-18 04:34:23,023] [INFO] - [ 2300/ 8400] | Cost: 0.6018286 | Accuracy: 0.7200000
[2026-01-18 04:34:58,166] [INFO] - [ 2400/ 8400] | Cost: 0.6252164 | Accuracy: 0.6000000
[2026-01-18 04:35:33,291] [INFO] - [ 2500/ 8400] | Cost: 0.6040067 | Accuracy: 0.6600000
[2026-01-18 04:36:08,390] [INFO] - [ 2600/ 8400] | Cost: 0.5998486 | Accuracy: 0.7000000
[2026-01-18 04:36:43,357] [INFO] - [ 2700/ 8400] | Cost: 0.6155496 | Accuracy: 0.6900000
[2026-01-18 04:37:18,575] [INFO] - [ 2800/ 8400] | Cost: 0.5644499 | Accuracy: 0.7400000
[2026-01-18 04:37:53,816] [INFO] - [ 2900/ 8400] | Cost: 0.6035368 | Accuracy: 0.7000000
[2026-01-18 04:38:28,998] [INFO] - [ 3000/ 8400] | Cost: 0.5569506 | Accuracy: 0.7500000
[2026-01-18 04:39:04,137] [INFO] - [ 3100/ 8400] | Cost: 0.6170549 | Accuracy: 0.6800000
[2026-01-18 04:39:39,045] [INFO] - [ 3200/ 8400] | Cost: 0.6384866 | Accuracy: 0.6100000
[2026-01-18 04:40:14,227] [INFO] - [ 3300/ 8400] | Cost: 0.5303773 | Accuracy: 0.7700000
[2026-01-18 04:40:49,403] [INFO] - [ 3400/ 8400] | Cost: 0.5886819 | Accuracy: 0.7400000
[2026-01-18 04:41:24,480] [INFO] - [ 3500/ 8400] | Cost: 0.5752735 | Accuracy: 0.7200000
[2026-01-18 04:41:59,578] [INFO] - [ 3600/ 8400] | Cost: 0.6092831 | Accuracy: 0.6300000
[2026-01-18 04:42:34,710] [INFO] - [ 3700/ 8400] | Cost: 0.6178230 | Accuracy: 0.6700000
[2026-01-18 04:43:09,664] [INFO] - [ 3800/ 8400] | Cost: 0.5609366 | Accuracy: 0.7000000
[2026-01-18 04:43:44,807] [INFO] - [ 3900/ 8400] | Cost: 0.5508108 | Accuracy: 0.7400000
[2026-01-18 04:44:19,875] [INFO] - [ 4000/ 8400] | Cost: 0.6066789 | Accuracy: 0.6800000
[2026-01-18 04:44:54,943] [INFO] - [ 4100/ 8400] | Cost: 0.5569490 | Accuracy: 0.7400000
[2026-01-18 04:45:29,862] [INFO] - [ 4200/ 8400] | Cost: 0.5489106 | Accuracy: 0.7600000
[2026-01-18 04:46:01,781] [INFO] - [ 4300/ 8400] | Cost: 0.6032651 | Accuracy: 0.7000000
[2026-01-18 04:46:35,892] [INFO] - [ 4400/ 8400] | Cost: 0.5539613 | Accuracy: 0.7400000
[2026-01-18 04:47:10,989] [INFO] - [ 4500/ 8400] | Cost: 0.5888457 | Accuracy: 0.7000000
[2026-01-18 04:47:46,110] [INFO] - [ 4600/ 8400] | Cost: 0.5815238 | Accuracy: 0.6800000
[2026-01-18 04:48:21,197] [INFO] - [ 4700/ 8400] | Cost: 0.6197046 | Accuracy: 0.6500000
[2026-01-18 04:48:56,304] [INFO] - [ 4800/ 8400] | Cost: 0.5791628 | Accuracy: 0.7100000
[2026-01-18 04:49:31,233] [INFO] - [ 4900/ 8400] | Cost: 0.6114522 | Accuracy: 0.6900000
[2026-01-18 04:50:06,389] [INFO] - [ 5000/ 8400] | Cost: 0.6166401 | Accuracy: 0.6700000
[2026-01-18 04:50:41,452] [INFO] - [ 5100/ 8400] | Cost: 0.6343354 | Accuracy: 0.6800000
[2026-01-18 04:51:16,570] [INFO] - [ 5200/ 8400] | Cost: 0.5675350 | Accuracy: 0.7200000
[2026-01-18 04:51:51,671] [INFO] - [ 5300/ 8400] | Cost: 0.5964951 | Accuracy: 0.6900000
[2026-01-18 04:52:26,628] [INFO] - [ 5400/ 8400] | Cost: 0.6119924 | Accuracy: 0.6800000
[2026-01-18 04:53:01,740] [INFO] - [ 5500/ 8400] | Cost: 0.5362654 | Accuracy: 0.7500000
[2026-01-18 04:53:36,884] [INFO] - [ 5600/ 8400] | Cost: 0.5993251 | Accuracy: 0.7300000
[2026-01-18 04:54:11,993] [INFO] - [ 5700/ 8400] | Cost: 0.5875439 | Accuracy: 0.7200000
[2026-01-18 04:54:47,136] [INFO] - [ 5800/ 8400] | Cost: 0.5654524 | Accuracy: 0.7300000
[2026-01-18 04:55:22,070] [INFO] - [ 5900/ 8400] | Cost: 0.6075710 | Accuracy: 0.6800000
[2026-01-18 04:55:57,292] [INFO] - [ 6000/ 8400] | Cost: 0.5347824 | Accuracy: 0.7600000
[2026-01-18 04:56:32,443] [INFO] - [ 6100/ 8400] | Cost: 0.5564842 | Accuracy: 0.7700000
[2026-01-18 04:57:06,032] [INFO] - [ 6200/ 8400] | Cost: 0.6262503 | Accuracy: 0.6600000
[2026-01-18 04:57:40,779] [INFO] - [ 6300/ 8400] | Cost: 0.5764788 | Accuracy: 0.7800000
[2026-01-18 04:58:15,709] [INFO] - [ 6400/ 8400] | Cost: 0.5932886 | Accuracy: 0.6700000
[2026-01-18 04:58:50,838] [INFO] - [ 6500/ 8400] | Cost: 0.5907087 | Accuracy: 0.7100000
[2026-01-18 04:59:25,990] [INFO] - [ 6600/ 8400] | Cost: 0.5729933 | Accuracy: 0.7100000
[2026-01-18 05:00:01,107] [INFO] - [ 6700/ 8400] | Cost: 0.5992674 | Accuracy: 0.6900000
[2026-01-18 05:00:36,233] [INFO] - [ 6800/ 8400] | Cost: 0.5472001 | Accuracy: 0.7000000
[2026-01-18 05:01:11,388] [INFO] - [ 6900/ 8400] | Cost: 0.5705019 | Accuracy: 0.7100000
[2026-01-18 05:01:46,319] [INFO] - [ 7000/ 8400] | Cost: 0.6099965 | Accuracy: 0.6800000
[2026-01-18 05:02:21,414] [INFO] - [ 7100/ 8400] | Cost: 0.5518306 | Accuracy: 0.7300000
[2026-01-18 05:02:56,601] [INFO] - [ 7200/ 8400] | Cost: 0.5610954 | Accuracy: 0.7600000
[2026-01-18 05:03:31,700] [INFO] - [ 7300/ 8400] | Cost: 0.5769592 | Accuracy: 0.7400000
[2026-01-18 05:04:06,647] [INFO] - [ 7400/ 8400] | Cost: 0.5573714 | Accuracy: 0.7400000
[2026-01-18 05:04:41,756] [INFO] - [ 7500/ 8400] | Cost: 0.5998210 | Accuracy: 0.6900000
[2026-01-18 05:05:16,896] [INFO] - [ 7600/ 8400] | Cost: 0.5708436 | Accuracy: 0.6700000
[2026-01-18 05:05:52,079] [INFO] - [ 7700/ 8400] | Cost: 0.5663392 | Accuracy: 0.7200000
[2026-01-18 05:06:27,234] [INFO] - [ 7800/ 8400] | Cost: 0.6046761 | Accuracy: 0.7000000
[2026-01-18 05:07:02,379] [INFO] - [ 7900/ 8400] | Cost: 0.5742460 | Accuracy: 0.7200000
[2026-01-18 05:07:37,554] [INFO] - [ 8000/ 8400] | Cost: 0.5433368 | Accuracy: 0.7400000
[2026-01-18 05:08:10,461] [INFO] - [ 8100/ 8400] | Cost: 0.5701270 | Accuracy: 0.7200000
[2026-01-18 05:08:45,531] [INFO] - [ 8200/ 8400] | Cost: 0.5853317 | Accuracy: 0.7100000
[2026-01-18 05:09:20,684] [INFO] - [ 8300/ 8400] | Cost: 0.5705443 | Accuracy: 0.7200000
[2026-01-18 05:09:55,484] [INFO] - [ 8400/ 8400] | Cost: 0.5659600 | Accuracy: 0.7100000
[2026-01-18 05:10:30,819] [INFO] - Model dict saved to /workspace/persistent/embedding_colosseum/multirun/2026-01-18/02-06-25/72/saved_models/model_epoch-0.pt
[2026-01-18 05:10:30,820] [INFO] - Validation for epoch   0 | Cost: 0.5737591 | Accuracy: 0.7062500
