[2026-01-18 05:07:53,490] [INFO] - seed: 1
image_preprocessing: GaussianBlur
training:
  epochs: 1
  batch_size: 100
  image_width: 32
  lr: 0.05
model:
  num_layers: 3
dataset:
  num_classes: 2
  binary: true
  name: stl10
  image_width_sweep: 2,4,8,16,32,64
  orig_width: 96
embedding:
  name: AngleEncoding
  pca: true
  supports_color: true

[2026-01-18 05:07:53,492] [INFO] - Using cuda.
[2026-01-18 05:08:04,514] [INFO] - Dataset: stl10 | Train Size: 1819 | Validation Size: 521 | Test Size: 260
[2026-01-18 05:08:04,516] [INFO] - Applying PCA Loader to the dataset
[2026-01-18 05:08:07,211] [INFO] - Initiate model
[2026-01-18 05:08:07,213] [INFO] - Weights Shape: torch.Size([3, 6, 3])
[2026-01-18 05:08:07,214] [INFO] - Bias Shape: torch.Size([2])
[2026-01-18 05:08:42,009] [INFO] - [  100/ 1819] | Cost: 0.6877254 | Accuracy: 0.5300000
[2026-01-18 05:09:16,950] [INFO] - [  200/ 1819] | Cost: 0.6855702 | Accuracy: 0.6200000
[2026-01-18 05:09:51,908] [INFO] - [  300/ 1819] | Cost: 0.6764910 | Accuracy: 0.6500000
[2026-01-18 05:10:24,817] [INFO] - [  400/ 1819] | Cost: 0.6625342 | Accuracy: 0.7000000
[2026-01-18 05:10:58,665] [INFO] - [  500/ 1819] | Cost: 0.6480042 | Accuracy: 0.7600000
[2026-01-18 05:11:33,821] [INFO] - [  600/ 1819] | Cost: 0.6493492 | Accuracy: 0.6900000
[2026-01-18 05:12:08,803] [INFO] - [  700/ 1819] | Cost: 0.6210964 | Accuracy: 0.7500000
[2026-01-18 05:12:43,270] [INFO] - [  800/ 1819] | Cost: 0.6454283 | Accuracy: 0.6900000
[2026-01-18 05:13:16,951] [INFO] - [  900/ 1819] | Cost: 0.6563488 | Accuracy: 0.6900000
[2026-01-18 05:13:50,811] [INFO] - [ 1000/ 1819] | Cost: 0.6259395 | Accuracy: 0.7900000
[2026-01-18 05:14:25,522] [INFO] - [ 1100/ 1819] | Cost: 0.6808298 | Accuracy: 0.5900000
[2026-01-18 05:15:00,565] [INFO] - [ 1200/ 1819] | Cost: 0.6262104 | Accuracy: 0.7100000
[2026-01-18 05:15:35,603] [INFO] - [ 1300/ 1819] | Cost: 0.6232874 | Accuracy: 0.6800000
[2026-01-18 05:16:10,619] [INFO] - [ 1400/ 1819] | Cost: 0.6647690 | Accuracy: 0.5600000
[2026-01-18 05:16:45,457] [INFO] - [ 1500/ 1819] | Cost: 0.6764815 | Accuracy: 0.6200000
[2026-01-18 05:17:20,418] [INFO] - [ 1600/ 1819] | Cost: 0.6002753 | Accuracy: 0.7400000
[2026-01-18 05:17:51,117] [INFO] - [ 1700/ 1819] | Cost: 0.6274603 | Accuracy: 0.7300000
[2026-01-18 05:18:21,861] [INFO] - [ 1800/ 1819] | Cost: 0.6313396 | Accuracy: 0.6600000
[2026-01-18 05:18:28,489] [INFO] - [ 1900/ 1819] | Cost: 0.6697413 | Accuracy: 0.6315789
[2026-01-18 05:18:35,728] [INFO] - Model dict saved to /workspace/persistent/embedding_colosseum/multirun/2026-01-18/02-06-25/94/saved_models/model_epoch-0.pt
[2026-01-18 05:18:35,729] [INFO] - Validation for epoch   0 | Cost: 0.6248571 | Accuracy: 0.6877778
