[2026-01-19 01:31:08,833] [INFO] - seed: 0
image_preprocessing: BilateralFilter
training:
  epochs: 1
  batch_size: 100
  image_width: 8
  lr: 0.05
model:
  num_layers: 3
dataset:
  num_classes: 2
  binary: true
  name: cxr8
  image_width_sweep: 2,4,8,16,32
  orig_width: 1024
embedding:
  name: NAQSS
  pca: false
  supports_color: false

[2026-01-19 01:31:08,835] [INFO] - Using cuda.
[2026-01-19 01:31:09,138] [INFO] - Dataset: cxr8 | Train Size: 2270 | Validation Size: 650 | Test Size: 324
[2026-01-19 01:31:09,140] [INFO] - Initiate model
[2026-01-19 01:31:09,142] [INFO] - Weights Shape: torch.Size([3, 15, 3])
[2026-01-19 01:31:09,143] [INFO] - Bias Shape: torch.Size([2])
[2026-01-19 01:42:16,547] [INFO] - [  100/ 2270] | Cost: 0.6934465 | Accuracy: 0.4700000
[2026-01-19 01:53:44,652] [INFO] - [  200/ 2270] | Cost: 0.6606486 | Accuracy: 0.8400000
[2026-01-19 02:04:48,140] [INFO] - [  300/ 2270] | Cost: 0.6284314 | Accuracy: 0.8500000
[2026-01-19 02:16:28,516] [INFO] - [  400/ 2270] | Cost: 0.6088021 | Accuracy: 0.8200000
[2026-01-19 02:27:24,544] [INFO] - [  500/ 2270] | Cost: 0.5535562 | Accuracy: 0.9000000
[2026-01-19 02:38:47,046] [INFO] - [  600/ 2270] | Cost: 0.5303280 | Accuracy: 0.8900000
[2026-01-19 02:49:44,745] [INFO] - [  700/ 2270] | Cost: 0.5405458 | Accuracy: 0.8300000
[2026-01-19 03:01:22,716] [INFO] - [  800/ 2270] | Cost: 0.5158548 | Accuracy: 0.8400000
[2026-01-19 03:12:46,051] [INFO] - [  900/ 2270] | Cost: 0.4858843 | Accuracy: 0.8600000
[2026-01-19 03:24:31,316] [INFO] - [ 1000/ 2270] | Cost: 0.4966691 | Accuracy: 0.8300000
[2026-01-19 03:35:29,355] [INFO] - [ 1100/ 2270] | Cost: 0.4483682 | Accuracy: 0.8700000
[2026-01-19 03:46:54,234] [INFO] - [ 1200/ 2270] | Cost: 0.4784020 | Accuracy: 0.8300000
[2026-01-19 03:58:03,415] [INFO] - [ 1300/ 2270] | Cost: 0.4486896 | Accuracy: 0.8500000
[2026-01-19 04:09:29,716] [INFO] - [ 1400/ 2270] | Cost: 0.5383919 | Accuracy: 0.7700000
[2026-01-19 04:21:08,342] [INFO] - [ 1500/ 2270] | Cost: 0.4493786 | Accuracy: 0.8400000
[2026-01-19 04:32:28,346] [INFO] - [ 1600/ 2270] | Cost: 0.4590900 | Accuracy: 0.8300000
[2026-01-19 04:43:44,950] [INFO] - [ 1700/ 2270] | Cost: 0.2877463 | Accuracy: 0.9500000
[2026-01-19 04:55:11,915] [INFO] - [ 1800/ 2270] | Cost: 0.2933950 | Accuracy: 0.9400000
[2026-01-19 05:06:33,416] [INFO] - [ 1900/ 2270] | Cost: 0.4096619 | Accuracy: 0.8600000
[2026-01-19 05:18:04,744] [INFO] - [ 2000/ 2270] | Cost: 0.4558342 | Accuracy: 0.8300000
[2026-01-19 05:29:31,916] [INFO] - [ 2100/ 2270] | Cost: 0.4738565 | Accuracy: 0.8200000
[2026-01-19 05:40:47,516] [INFO] - [ 2200/ 2270] | Cost: 0.3705310 | Accuracy: 0.8800000
[2026-01-19 05:48:49,349] [INFO] - [ 2300/ 2270] | Cost: 0.3846141 | Accuracy: 0.8714286
