[2026-01-17 17:32:30,893] [INFO] - seed: 0
image_preprocessing: GaussianBlur
training:
  epochs: 1
  batch_size: 100
  image_width: 32
  lr: 0.05
model:
  num_layers: 3
dataset:
  num_classes: 2
  binary: true
  name: eurosat_rgb
  image_width_sweep: '64'
  orig_width: 64
embedding:
  name: RMP
  pca: true
  supports_color: true

[2026-01-17 17:32:30,895] [INFO] - Using cuda.
[2026-01-17 17:32:30,945] [INFO] - Dataset: eurosat_rgb | Train Size: 4200 | Validation Size: 1200 | Test Size: 600
[2026-01-17 17:32:30,947] [INFO] - Applying PCA Loader to the dataset
[2026-01-17 17:32:41,422] [INFO] - Initiate model
[2026-01-17 17:32:41,426] [INFO] - Weights Shape: torch.Size([3, 6, 3])
[2026-01-17 17:32:41,427] [INFO] - Bias Shape: torch.Size([2])
[2026-01-17 17:33:34,826] [INFO] - [  100/ 4200] | Cost: 0.6910654 | Accuracy: 0.5100000
[2026-01-17 17:34:28,409] [INFO] - [  200/ 4200] | Cost: 0.6795158 | Accuracy: 0.6700000
[2026-01-17 17:35:21,932] [INFO] - [  300/ 4200] | Cost: 0.6719294 | Accuracy: 0.5700000
[2026-01-17 17:36:14,035] [INFO] - [  400/ 4200] | Cost: 0.6791613 | Accuracy: 0.4800000
[2026-01-17 17:36:48,548] [INFO] - [  500/ 4200] | Cost: 0.6504942 | Accuracy: 0.5800000
[2026-01-17 17:37:28,663] [INFO] - [  600/ 4200] | Cost: 0.6558014 | Accuracy: 0.5500000
[2026-01-17 17:38:17,761] [INFO] - [  700/ 4200] | Cost: 0.6626989 | Accuracy: 0.5100000
[2026-01-17 17:39:11,205] [INFO] - [  800/ 4200] | Cost: 0.6778016 | Accuracy: 0.4200000
[2026-01-17 17:40:04,615] [INFO] - [  900/ 4200] | Cost: 0.6533772 | Accuracy: 0.6100000
[2026-01-17 17:40:57,809] [INFO] - [ 1000/ 4200] | Cost: 0.6534283 | Accuracy: 0.8200000
[2026-01-17 17:41:51,266] [INFO] - [ 1100/ 4200] | Cost: 0.6464676 | Accuracy: 0.9800000
[2026-01-17 17:42:44,726] [INFO] - [ 1200/ 4200] | Cost: 0.6474034 | Accuracy: 0.6800000
[2026-01-17 17:43:38,169] [INFO] - [ 1300/ 4200] | Cost: 0.6454747 | Accuracy: 0.5200000
[2026-01-17 17:44:31,375] [INFO] - [ 1400/ 4200] | Cost: 0.6533731 | Accuracy: 0.4900000
[2026-01-17 17:45:24,819] [INFO] - [ 1500/ 4200] | Cost: 0.6447604 | Accuracy: 0.6000000
[2026-01-17 17:46:18,245] [INFO] - [ 1600/ 4200] | Cost: 0.6367391 | Accuracy: 0.9300000
[2026-01-17 17:47:11,690] [INFO] - [ 1700/ 4200] | Cost: 0.6339161 | Accuracy: 0.8900000
[2026-01-17 17:48:04,907] [INFO] - [ 1800/ 4200] | Cost: 0.6144341 | Accuracy: 0.8300000
[2026-01-17 17:48:58,335] [INFO] - [ 1900/ 4200] | Cost: 0.6157534 | Accuracy: 0.6700000
[2026-01-17 17:49:51,757] [INFO] - [ 2000/ 4200] | Cost: 0.6395071 | Accuracy: 0.4700000
[2026-01-17 17:50:45,159] [INFO] - [ 2100/ 4200] | Cost: 0.6295798 | Accuracy: 0.5200000
[2026-01-17 17:51:38,446] [INFO] - [ 2200/ 4200] | Cost: 0.6295078 | Accuracy: 0.5600000
[2026-01-17 17:52:31,927] [INFO] - [ 2300/ 4200] | Cost: 0.5914487 | Accuracy: 0.7800000
[2026-01-17 17:53:25,334] [INFO] - [ 2400/ 4200] | Cost: 0.5883241 | Accuracy: 0.8500000
[2026-01-17 17:54:18,563] [INFO] - [ 2500/ 4200] | Cost: 0.6073022 | Accuracy: 0.8400000
[2026-01-17 17:55:11,971] [INFO] - [ 2600/ 4200] | Cost: 0.5889557 | Accuracy: 0.9500000
[2026-01-17 17:56:05,383] [INFO] - [ 2700/ 4200] | Cost: 0.5895508 | Accuracy: 0.9500000
[2026-01-17 17:56:58,787] [INFO] - [ 2800/ 4200] | Cost: 0.5923512 | Accuracy: 0.9700000
[2026-01-17 17:57:52,256] [INFO] - [ 2900/ 4200] | Cost: 0.5910065 | Accuracy: 0.9400000
[2026-01-17 17:58:45,492] [INFO] - [ 3000/ 4200] | Cost: 0.5779976 | Accuracy: 1.0000000
[2026-01-17 17:59:38,919] [INFO] - [ 3100/ 4200] | Cost: 0.5711299 | Accuracy: 0.9800000
[2026-01-17 18:00:32,363] [INFO] - [ 3200/ 4200] | Cost: 0.5780140 | Accuracy: 1.0000000
[2026-01-17 18:01:25,863] [INFO] - [ 3300/ 4200] | Cost: 0.5842857 | Accuracy: 0.9600000
[2026-01-17 18:02:19,081] [INFO] - [ 3400/ 4200] | Cost: 0.5832496 | Accuracy: 0.9900000
[2026-01-17 18:03:12,493] [INFO] - [ 3500/ 4200] | Cost: 0.5730062 | Accuracy: 1.0000000
[2026-01-17 18:04:05,914] [INFO] - [ 3600/ 4200] | Cost: 0.5794262 | Accuracy: 0.9700000
[2026-01-17 18:04:59,352] [INFO] - [ 3700/ 4200] | Cost: 0.5724362 | Accuracy: 0.9900000
[2026-01-17 18:05:52,586] [INFO] - [ 3800/ 4200] | Cost: 0.5874606 | Accuracy: 0.9400000
[2026-01-17 18:06:46,056] [INFO] - [ 3900/ 4200] | Cost: 0.5738102 | Accuracy: 0.9600000
[2026-01-17 18:07:39,487] [INFO] - [ 4000/ 4200] | Cost: 0.5637977 | Accuracy: 0.9000000
[2026-01-17 18:08:32,909] [INFO] - [ 4100/ 4200] | Cost: 0.5830422 | Accuracy: 0.8400000
[2026-01-17 18:09:26,276] [INFO] - [ 4200/ 4200] | Cost: 0.5799472 | Accuracy: 0.7600000
[2026-01-17 18:09:46,110] [INFO] - Model dict saved to /workspace/persistent/embedding_colosseum/multirun/2026-01-17/16-03-43/41/saved_models/model_epoch-0.pt
[2026-01-17 18:09:46,111] [INFO] - Validation for epoch   0 | Cost: 0.5787610 | Accuracy: 0.7666667
