[2026-01-17 17:36:54,363] [INFO] - seed: 0
image_preprocessing: HomomorphicFilter
training:
  epochs: 1
  batch_size: 100
  image_width: 32
  lr: 0.05
model:
  num_layers: 3
dataset:
  num_classes: 2
  binary: true
  name: eurosat_rgb
  image_width_sweep: '64'
  orig_width: 64
embedding:
  name: RMP
  pca: true
  supports_color: true

[2026-01-17 17:36:54,365] [INFO] - Using cuda.
[2026-01-17 17:36:54,415] [INFO] - Dataset: eurosat_rgb | Train Size: 4200 | Validation Size: 1200 | Test Size: 600
[2026-01-17 17:36:54,417] [INFO] - Applying PCA Loader to the dataset
[2026-01-17 17:36:59,806] [INFO] - Initiate model
[2026-01-17 17:36:59,808] [INFO] - Weights Shape: torch.Size([3, 6, 3])
[2026-01-17 17:36:59,809] [INFO] - Bias Shape: torch.Size([2])
[2026-01-17 17:37:42,078] [INFO] - [  100/ 4200] | Cost: 0.6956161 | Accuracy: 0.5100000
[2026-01-17 17:38:34,841] [INFO] - [  200/ 4200] | Cost: 0.6882198 | Accuracy: 0.6300000
[2026-01-17 17:39:28,236] [INFO] - [  300/ 4200] | Cost: 0.6873068 | Accuracy: 0.5500000
[2026-01-17 17:40:21,595] [INFO] - [  400/ 4200] | Cost: 0.6953900 | Accuracy: 0.4800000
[2026-01-17 17:41:15,033] [INFO] - [  500/ 4200] | Cost: 0.6772286 | Accuracy: 0.5800000
[2026-01-17 17:42:08,267] [INFO] - [  600/ 4200] | Cost: 0.6797111 | Accuracy: 0.5500000
[2026-01-17 17:43:01,697] [INFO] - [  700/ 4200] | Cost: 0.6900488 | Accuracy: 0.5100000
[2026-01-17 17:43:55,094] [INFO] - [  800/ 4200] | Cost: 0.7036971 | Accuracy: 0.4200000
[2026-01-17 17:44:48,566] [INFO] - [  900/ 4200] | Cost: 0.6827911 | Accuracy: 0.5400000
[2026-01-17 17:45:41,794] [INFO] - [ 1000/ 4200] | Cost: 0.6845012 | Accuracy: 0.6500000
[2026-01-17 17:46:35,233] [INFO] - [ 1100/ 4200] | Cost: 0.6803567 | Accuracy: 0.6200000
[2026-01-17 17:47:28,667] [INFO] - [ 1200/ 4200] | Cost: 0.6852443 | Accuracy: 0.5100000
[2026-01-17 17:48:22,094] [INFO] - [ 1300/ 4200] | Cost: 0.6874477 | Accuracy: 0.5200000
[2026-01-17 17:49:15,317] [INFO] - [ 1400/ 4200] | Cost: 0.6974661 | Accuracy: 0.4800000
[2026-01-17 17:50:08,718] [INFO] - [ 1500/ 4200] | Cost: 0.6939055 | Accuracy: 0.4700000
[2026-01-17 17:51:02,156] [INFO] - [ 1600/ 4200] | Cost: 0.6854430 | Accuracy: 0.4800000
[2026-01-17 17:51:55,610] [INFO] - [ 1700/ 4200] | Cost: 0.6804303 | Accuracy: 0.6500000
[2026-01-17 17:52:48,828] [INFO] - [ 1800/ 4200] | Cost: 0.6812192 | Accuracy: 0.6200000
[2026-01-17 17:53:42,213] [INFO] - [ 1900/ 4200] | Cost: 0.6766948 | Accuracy: 0.5400000
[2026-01-17 17:54:35,628] [INFO] - [ 2000/ 4200] | Cost: 0.6935551 | Accuracy: 0.4600000
[2026-01-17 17:55:29,074] [INFO] - [ 2100/ 4200] | Cost: 0.6871155 | Accuracy: 0.5100000
[2026-01-17 17:56:22,345] [INFO] - [ 2200/ 4200] | Cost: 0.6916044 | Accuracy: 0.4700000
[2026-01-17 17:57:15,719] [INFO] - [ 2300/ 4200] | Cost: 0.6676607 | Accuracy: 0.5800000
[2026-01-17 17:58:09,173] [INFO] - [ 2400/ 4200] | Cost: 0.6681764 | Accuracy: 0.5700000
[2026-01-17 17:59:02,626] [INFO] - [ 2500/ 4200] | Cost: 0.6890248 | Accuracy: 0.5000000
[2026-01-17 17:59:55,865] [INFO] - [ 2600/ 4200] | Cost: 0.6805090 | Accuracy: 0.5300000
[2026-01-17 18:00:49,261] [INFO] - [ 2700/ 4200] | Cost: 0.6857771 | Accuracy: 0.4900000
[2026-01-17 18:01:42,733] [INFO] - [ 2800/ 4200] | Cost: 0.6770929 | Accuracy: 0.6800000
[2026-01-17 18:02:36,158] [INFO] - [ 2900/ 4200] | Cost: 0.6737301 | Accuracy: 0.6800000
[2026-01-17 18:03:29,388] [INFO] - [ 3000/ 4200] | Cost: 0.6731305 | Accuracy: 0.7600000
[2026-01-17 18:04:22,802] [INFO] - [ 3100/ 4200] | Cost: 0.6724133 | Accuracy: 0.6700000
[2026-01-17 18:05:16,221] [INFO] - [ 3200/ 4200] | Cost: 0.6786371 | Accuracy: 0.6200000
[2026-01-17 18:06:09,690] [INFO] - [ 3300/ 4200] | Cost: 0.6755557 | Accuracy: 0.6400000
[2026-01-17 18:07:02,885] [INFO] - [ 3400/ 4200] | Cost: 0.6769428 | Accuracy: 0.6600000
[2026-01-17 18:07:56,312] [INFO] - [ 3500/ 4200] | Cost: 0.6809142 | Accuracy: 0.5600000
[2026-01-17 18:08:49,742] [INFO] - [ 3600/ 4200] | Cost: 0.6759084 | Accuracy: 0.6800000
[2026-01-17 18:09:41,581] [INFO] - [ 3700/ 4200] | Cost: 0.6618860 | Accuracy: 0.7800000
[2026-01-17 18:10:29,093] [INFO] - [ 3800/ 4200] | Cost: 0.6811599 | Accuracy: 0.5300000
[2026-01-17 18:11:22,299] [INFO] - [ 3900/ 4200] | Cost: 0.6669225 | Accuracy: 0.5800000
[2026-01-17 18:12:15,687] [INFO] - [ 4000/ 4200] | Cost: 0.6641443 | Accuracy: 0.5900000
[2026-01-17 18:13:09,086] [INFO] - [ 4100/ 4200] | Cost: 0.6725792 | Accuracy: 0.5600000
[2026-01-17 18:14:01,427] [INFO] - [ 4200/ 4200] | Cost: 0.6695769 | Accuracy: 0.5700000
[2026-01-17 18:14:19,362] [INFO] - Model dict saved to /workspace/persistent/embedding_colosseum/multirun/2026-01-17/16-03-43/53/saved_models/model_epoch-0.pt
[2026-01-17 18:14:19,364] [INFO] - Validation for epoch   0 | Cost: 0.6732621 | Accuracy: 0.5283333
