[2026-01-17 02:48:45,018] [INFO] - seed: 0
image_preprocessing: None
training:
  epochs: 1
  batch_size: 100
  image_width: 32
  lr: 0.05
model:
  num_layers: 3
dataset:
  num_classes: 2
  binary: true
  name: stl10
  image_width_sweep: 2,4,8,16,32,64
  orig_width: 96
embedding:
  name: FRQI
  pca: false
  supports_color: false

[2026-01-17 02:48:45,020] [INFO] - Using cuda.
[2026-01-17 02:48:55,257] [INFO] - Dataset: stl10 | Train Size: 1819 | Validation Size: 521 | Test Size: 260
[2026-01-17 02:48:55,260] [INFO] - Initiate model
[2026-01-17 02:48:55,261] [INFO] - Weights Shape: torch.Size([3, 11, 3])
[2026-01-17 02:48:55,263] [INFO] - Bias Shape: torch.Size([2])
[2026-01-17 02:50:41,209] [INFO] - [  100/ 1819] | Cost: 0.6943836 | Accuracy: 0.4200000
[2026-01-17 02:52:40,293] [INFO] - [  200/ 1819] | Cost: 0.6959943 | Accuracy: 0.4900000
[2026-01-17 02:54:39,093] [INFO] - [  300/ 1819] | Cost: 0.6907104 | Accuracy: 0.5200000
[2026-01-17 02:56:40,863] [INFO] - [  400/ 1819] | Cost: 0.6884616 | Accuracy: 0.5600000
[2026-01-17 02:58:34,502] [INFO] - [  500/ 1819] | Cost: 0.6995599 | Accuracy: 0.4400000
[2026-01-17 03:00:39,260] [INFO] - [  600/ 1819] | Cost: 0.6901829 | Accuracy: 0.4900000
[2026-01-17 03:02:47,132] [INFO] - [  700/ 1819] | Cost: 0.6871852 | Accuracy: 0.6800000
[2026-01-17 03:04:50,768] [INFO] - [  800/ 1819] | Cost: 0.6892578 | Accuracy: 0.6000000
[2026-01-17 03:06:42,172] [INFO] - [  900/ 1819] | Cost: 0.6879501 | Accuracy: 0.6200000
[2026-01-17 03:08:40,301] [INFO] - [ 1000/ 1819] | Cost: 0.6891674 | Accuracy: 0.5700000
[2026-01-17 03:10:39,846] [INFO] - [ 1100/ 1819] | Cost: 0.6865894 | Accuracy: 0.6300000
[2026-01-17 03:12:23,851] [INFO] - [ 1200/ 1819] | Cost: 0.6823771 | Accuracy: 0.6900000
[2026-01-17 03:14:23,305] [INFO] - [ 1300/ 1819] | Cost: 0.6838254 | Accuracy: 0.7100000
[2026-01-17 03:16:17,354] [INFO] - [ 1400/ 1819] | Cost: 0.6807787 | Accuracy: 0.6900000
[2026-01-17 03:18:16,513] [INFO] - [ 1500/ 1819] | Cost: 0.6857773 | Accuracy: 0.4900000
[2026-01-17 03:20:03,361] [INFO] - [ 1600/ 1819] | Cost: 0.6842461 | Accuracy: 0.5400000
[2026-01-17 03:21:58,367] [INFO] - [ 1700/ 1819] | Cost: 0.6913254 | Accuracy: 0.4900000
[2026-01-17 03:24:00,774] [INFO] - [ 1800/ 1819] | Cost: 0.6868845 | Accuracy: 0.5500000
[2026-01-17 03:24:25,460] [INFO] - [ 1900/ 1819] | Cost: 0.6740595 | Accuracy: 0.6315789
[2026-01-17 03:30:37,869] [INFO] - Model dict saved to /workspace/persistent/embedding_colosseum/multirun/2026-01-15/22-04-31/241/saved_models/model_epoch-0.pt
[2026-01-17 03:30:37,870] [INFO] - Validation for epoch   0 | Cost: 0.6748355 | Accuracy: 0.6019048
