[2026-01-16 16:49:21,771] [INFO] - seed: 0
image_preprocessing: BilateralFilter
training:
  epochs: 1
  batch_size: 100
  image_width: 32
  lr: 0.05
model:
  num_layers: 3
dataset:
  num_classes: 2
  binary: true
  name: eurosat_rgb
  image_width_sweep: '64'
  orig_width: 64
embedding:
  name: FRQI
  pca: false
  supports_color: false

[2026-01-16 16:49:21,773] [INFO] - Using cuda.
[2026-01-16 16:49:21,822] [INFO] - Dataset: eurosat_rgb | Train Size: 4200 | Validation Size: 1200 | Test Size: 600
[2026-01-16 16:49:21,824] [INFO] - Initiate model
[2026-01-16 16:49:21,827] [INFO] - Weights Shape: torch.Size([3, 11, 3])
[2026-01-16 16:49:21,828] [INFO] - Bias Shape: torch.Size([2])
[2026-01-16 16:51:27,122] [INFO] - [  100/ 4200] | Cost: 0.7054105 | Accuracy: 0.0300000
[2026-01-16 16:53:12,496] [INFO] - [  200/ 4200] | Cost: 0.6905261 | Accuracy: 0.5700000
[2026-01-16 16:55:05,975] [INFO] - [  300/ 4200] | Cost: 0.7088501 | Accuracy: 0.4500000
[2026-01-16 16:57:14,095] [INFO] - [  400/ 4200] | Cost: 0.6997953 | Accuracy: 0.4700000
[2026-01-16 16:59:10,156] [INFO] - [  500/ 4200] | Cost: 0.6918845 | Accuracy: 0.4900000
[2026-01-16 17:01:25,760] [INFO] - [  600/ 4200] | Cost: 0.6806831 | Accuracy: 0.5500000
[2026-01-16 17:03:21,526] [INFO] - [  700/ 4200] | Cost: 0.6821690 | Accuracy: 0.5000000
[2026-01-16 17:05:24,046] [INFO] - [  800/ 4200] | Cost: 0.6788060 | Accuracy: 0.9700000
[2026-01-16 17:07:31,798] [INFO] - [  900/ 4200] | Cost: 0.6753662 | Accuracy: 0.8000000
[2026-01-16 17:09:22,632] [INFO] - [ 1000/ 4200] | Cost: 0.6672284 | Accuracy: 0.7300000
[2026-01-16 17:11:13,472] [INFO] - [ 1100/ 4200] | Cost: 0.6668015 | Accuracy: 0.5900000
[2026-01-16 17:13:14,941] [INFO] - [ 1200/ 4200] | Cost: 0.6646582 | Accuracy: 0.5900000
[2026-01-16 17:15:06,788] [INFO] - [ 1300/ 4200] | Cost: 0.6592302 | Accuracy: 0.6400000
[2026-01-16 17:17:10,807] [INFO] - [ 1400/ 4200] | Cost: 0.6441702 | Accuracy: 0.8700000
[2026-01-16 17:19:18,320] [INFO] - [ 1500/ 4200] | Cost: 0.6416174 | Accuracy: 0.8900000
[2026-01-16 17:21:15,521] [INFO] - [ 1600/ 4200] | Cost: 0.6420032 | Accuracy: 0.9900000
[2026-01-16 17:23:19,777] [INFO] - [ 1700/ 4200] | Cost: 0.6337662 | Accuracy: 0.9600000
[2026-01-16 17:25:17,246] [INFO] - [ 1800/ 4200] | Cost: 0.6184511 | Accuracy: 0.9700000
[2026-01-16 17:27:15,903] [INFO] - [ 1900/ 4200] | Cost: 0.6131024 | Accuracy: 0.9300000
[2026-01-16 17:28:58,450] [INFO] - [ 2000/ 4200] | Cost: 0.5997046 | Accuracy: 0.9400000
[2026-01-16 17:31:01,833] [INFO] - [ 2100/ 4200] | Cost: 0.5876418 | Accuracy: 0.9800000
[2026-01-16 17:33:04,421] [INFO] - [ 2200/ 4200] | Cost: 0.5886434 | Accuracy: 0.8900000
[2026-01-16 17:35:08,785] [INFO] - [ 2300/ 4200] | Cost: 0.5925751 | Accuracy: 0.8100000
[2026-01-16 17:36:58,729] [INFO] - [ 2400/ 4200] | Cost: 0.5516398 | Accuracy: 0.9300000
[2026-01-16 17:38:52,386] [INFO] - [ 2500/ 4200] | Cost: 0.5498531 | Accuracy: 0.9300000
[2026-01-16 17:40:48,635] [INFO] - [ 2600/ 4200] | Cost: 0.5628910 | Accuracy: 0.9800000
[2026-01-16 17:42:47,038] [INFO] - [ 2700/ 4200] | Cost: 0.5456955 | Accuracy: 0.9700000
[2026-01-16 17:44:46,308] [INFO] - [ 2800/ 4200] | Cost: 0.5305332 | Accuracy: 1.0000000
[2026-01-16 17:46:41,130] [INFO] - [ 2900/ 4200] | Cost: 0.5462266 | Accuracy: 0.9700000
[2026-01-16 17:48:45,374] [INFO] - [ 3000/ 4200] | Cost: 0.5398638 | Accuracy: 0.9000000
[2026-01-16 17:50:34,873] [INFO] - [ 3100/ 4200] | Cost: 0.5631239 | Accuracy: 0.8900000
[2026-01-16 17:52:32,422] [INFO] - [ 3200/ 4200] | Cost: 0.5597182 | Accuracy: 0.9800000
[2026-01-16 17:54:25,204] [INFO] - [ 3300/ 4200] | Cost: 0.5340096 | Accuracy: 0.9600000
[2026-01-16 17:56:20,811] [INFO] - [ 3400/ 4200] | Cost: 0.5441566 | Accuracy: 0.9100000
[2026-01-16 17:58:13,984] [INFO] - [ 3500/ 4200] | Cost: 0.5473911 | Accuracy: 0.8400000
[2026-01-16 18:00:18,886] [INFO] - [ 3600/ 4200] | Cost: 0.5443767 | Accuracy: 0.8600000
[2026-01-16 18:02:20,891] [INFO] - [ 3700/ 4200] | Cost: 0.5256304 | Accuracy: 0.8800000
[2026-01-16 18:04:30,471] [INFO] - [ 3800/ 4200] | Cost: 0.5539566 | Accuracy: 0.8200000
[2026-01-16 18:06:34,013] [INFO] - [ 3900/ 4200] | Cost: 0.5515797 | Accuracy: 0.8300000
[2026-01-16 18:08:25,360] [INFO] - [ 4000/ 4200] | Cost: 0.5235503 | Accuracy: 0.8800000
[2026-01-16 18:10:25,519] [INFO] - [ 4100/ 4200] | Cost: 0.5290443 | Accuracy: 0.8900000
[2026-01-16 18:12:09,697] [INFO] - [ 4200/ 4200] | Cost: 0.5432382 | Accuracy: 0.8400000
[2026-01-16 18:27:16,597] [INFO] - Model dict saved to /workspace/persistent/embedding_colosseum/multirun/2026-01-15/22-04-31/129/saved_models/model_epoch-0.pt
[2026-01-16 18:27:16,603] [INFO] - Validation for epoch   0 | Cost: 0.5312774 | Accuracy: 0.8958333
