[2026-01-18 04:05:08,742] [INFO] - seed: 1
image_preprocessing: MedianBlur
training:
  epochs: 1
  batch_size: 100
  image_width: 32
  lr: 0.05
model:
  num_layers: 3
dataset:
  num_classes: 2
  binary: true
  name: eurosat_ms
  image_width_sweep: '64'
  orig_width: 64
embedding:
  name: ZZFeatureMap
  pca: true
  supports_color: true

[2026-01-18 04:05:08,744] [INFO] - Using cuda.
[2026-01-18 04:05:08,795] [INFO] - Dataset: eurosat_ms | Train Size: 4200 | Validation Size: 1200 | Test Size: 600
[2026-01-18 04:05:08,797] [INFO] - Applying PCA Loader to the dataset
[2026-01-18 04:05:41,594] [INFO] - Initiate model
[2026-01-18 04:05:41,598] [INFO] - Weights Shape: torch.Size([3, 6, 3])
[2026-01-18 04:05:41,599] [INFO] - Bias Shape: torch.Size([2])
[2026-01-18 04:06:17,037] [INFO] - [  100/ 4200] | Cost: 0.8692854 | Accuracy: 0.2900000
[2026-01-18 04:06:52,433] [INFO] - [  200/ 4200] | Cost: 0.7919418 | Accuracy: 0.2900000
[2026-01-18 04:07:27,669] [INFO] - [  300/ 4200] | Cost: 0.7539676 | Accuracy: 0.2400000
[2026-01-18 04:08:02,916] [INFO] - [  400/ 4200] | Cost: 0.7343715 | Accuracy: 0.3200000
[2026-01-18 04:08:37,864] [INFO] - [  500/ 4200] | Cost: 0.7212008 | Accuracy: 0.4400000
[2026-01-18 04:09:13,052] [INFO] - [  600/ 4200] | Cost: 0.6914071 | Accuracy: 0.5400000
[2026-01-18 04:09:48,166] [INFO] - [  700/ 4200] | Cost: 0.6921173 | Accuracy: 0.5100000
[2026-01-18 04:10:23,327] [INFO] - [  800/ 4200] | Cost: 0.6880230 | Accuracy: 0.5000000
[2026-01-18 04:10:58,488] [INFO] - [  900/ 4200] | Cost: 0.6646622 | Accuracy: 0.5700000
[2026-01-18 04:11:33,414] [INFO] - [ 1000/ 4200] | Cost: 0.6490257 | Accuracy: 0.6400000
[2026-01-18 04:12:08,499] [INFO] - [ 1100/ 4200] | Cost: 0.6367360 | Accuracy: 0.6800000
[2026-01-18 04:12:43,564] [INFO] - [ 1200/ 4200] | Cost: 0.6287144 | Accuracy: 0.7800000
[2026-01-18 04:13:18,667] [INFO] - [ 1300/ 4200] | Cost: 0.6383085 | Accuracy: 0.7500000
[2026-01-18 04:13:53,787] [INFO] - [ 1400/ 4200] | Cost: 0.6005566 | Accuracy: 0.8400000
[2026-01-18 04:14:28,938] [INFO] - [ 1500/ 4200] | Cost: 0.6063676 | Accuracy: 0.8300000
[2026-01-18 04:15:03,779] [INFO] - [ 1600/ 4200] | Cost: 0.6004359 | Accuracy: 0.8400000
[2026-01-18 04:15:38,817] [INFO] - [ 1700/ 4200] | Cost: 0.5775601 | Accuracy: 0.8300000
[2026-01-18 04:16:13,944] [INFO] - [ 1800/ 4200] | Cost: 0.6007571 | Accuracy: 0.7100000
[2026-01-18 04:16:49,053] [INFO] - [ 1900/ 4200] | Cost: 0.5821503 | Accuracy: 0.7200000
[2026-01-18 04:17:24,192] [INFO] - [ 2000/ 4200] | Cost: 0.5914442 | Accuracy: 0.7500000
[2026-01-18 04:17:59,242] [INFO] - [ 2100/ 4200] | Cost: 0.5731413 | Accuracy: 0.7900000
[2026-01-18 04:18:34,133] [INFO] - [ 2200/ 4200] | Cost: 0.5752510 | Accuracy: 0.7900000
[2026-01-18 04:19:09,242] [INFO] - [ 2300/ 4200] | Cost: 0.5466282 | Accuracy: 0.8600000
[2026-01-18 04:19:44,301] [INFO] - [ 2400/ 4200] | Cost: 0.5607495 | Accuracy: 0.7600000
[2026-01-18 04:20:19,370] [INFO] - [ 2500/ 4200] | Cost: 0.5555133 | Accuracy: 0.8500000
[2026-01-18 04:20:54,530] [INFO] - [ 2600/ 4200] | Cost: 0.5416805 | Accuracy: 0.8200000
[2026-01-18 04:21:25,026] [INFO] - [ 2700/ 4200] | Cost: 0.5616884 | Accuracy: 0.8100000
[2026-01-18 04:21:59,937] [INFO] - [ 2800/ 4200] | Cost: 0.5309505 | Accuracy: 0.8300000
[2026-01-18 04:22:34,986] [INFO] - [ 2900/ 4200] | Cost: 0.5249395 | Accuracy: 0.8300000
[2026-01-18 04:23:10,039] [INFO] - [ 3000/ 4200] | Cost: 0.5251073 | Accuracy: 0.8300000
[2026-01-18 04:23:44,744] [INFO] - [ 3100/ 4200] | Cost: 0.5485947 | Accuracy: 0.7900000
[2026-01-18 04:24:17,885] [INFO] - [ 3200/ 4200] | Cost: 0.5284031 | Accuracy: 0.8500000
[2026-01-18 04:24:52,601] [INFO] - [ 3300/ 4200] | Cost: 0.5234012 | Accuracy: 0.8300000
[2026-01-18 04:25:27,707] [INFO] - [ 3400/ 4200] | Cost: 0.5056697 | Accuracy: 0.8600000
[2026-01-18 04:26:02,789] [INFO] - [ 3500/ 4200] | Cost: 0.5446198 | Accuracy: 0.7700000
[2026-01-18 04:26:37,896] [INFO] - [ 3600/ 4200] | Cost: 0.5385745 | Accuracy: 0.8400000
[2026-01-18 04:27:12,748] [INFO] - [ 3700/ 4200] | Cost: 0.5017319 | Accuracy: 0.8500000
[2026-01-18 04:27:47,844] [INFO] - [ 3800/ 4200] | Cost: 0.5254590 | Accuracy: 0.8300000
[2026-01-18 04:28:22,958] [INFO] - [ 3900/ 4200] | Cost: 0.5156993 | Accuracy: 0.8200000
[2026-01-18 04:28:53,585] [INFO] - [ 4000/ 4200] | Cost: 0.5021864 | Accuracy: 0.8500000
[2026-01-18 04:29:28,672] [INFO] - [ 4100/ 4200] | Cost: 0.4816385 | Accuracy: 0.8900000
[2026-01-18 04:30:03,096] [INFO] - [ 4200/ 4200] | Cost: 0.5082619 | Accuracy: 0.8600000
[2026-01-18 04:30:18,548] [INFO] - Model dict saved to /workspace/persistent/embedding_colosseum/multirun/2026-01-18/02-06-25/63/saved_models/model_epoch-0.pt
[2026-01-18 04:30:18,549] [INFO] - Validation for epoch   0 | Cost: 0.5115216 | Accuracy: 0.8666667
