[2026-01-17 04:16:51,009] [INFO] - seed: 0
image_preprocessing: ContrastScaling
training:
  epochs: 1
  batch_size: 100
  image_width: 16
  lr: 0.05
model:
  num_layers: 3
dataset:
  num_classes: 2
  binary: true
  name: stl10
  image_width_sweep: 2,4,8,16,32,64
  orig_width: 96
embedding:
  name: OQIM
  pca: false
  supports_color: true

[2026-01-17 04:16:51,012] [INFO] - Using cuda.
[2026-01-17 04:17:02,664] [INFO] - Dataset: stl10 | Train Size: 1819 | Validation Size: 521 | Test Size: 260
[2026-01-17 04:17:02,667] [INFO] - Initiate model
[2026-01-17 04:17:02,670] [INFO] - Weights Shape: torch.Size([3, 10, 3])
[2026-01-17 04:17:02,671] [INFO] - Bias Shape: torch.Size([2])
[2026-01-17 04:18:01,916] [INFO] - [  100/ 1819] | Cost: 0.6934888 | Accuracy: 0.4800000
[2026-01-17 04:19:15,640] [INFO] - [  200/ 1819] | Cost: 0.6899088 | Accuracy: 0.4900000
[2026-01-17 04:20:33,210] [INFO] - [  300/ 1819] | Cost: 0.6846929 | Accuracy: 0.5200000
[2026-01-17 04:21:39,864] [INFO] - [  400/ 1819] | Cost: 0.6801774 | Accuracy: 0.6300000
[2026-01-17 04:22:35,823] [INFO] - [  500/ 1819] | Cost: 0.6931351 | Accuracy: 0.4800000
[2026-01-17 04:23:40,643] [INFO] - [  600/ 1819] | Cost: 0.6827339 | Accuracy: 0.4700000
[2026-01-17 04:24:41,596] [INFO] - [  700/ 1819] | Cost: 0.6764900 | Accuracy: 0.6500000
[2026-01-17 04:25:56,213] [INFO] - [  800/ 1819] | Cost: 0.6723033 | Accuracy: 0.7100000
[2026-01-17 04:27:02,350] [INFO] - [  900/ 1819] | Cost: 0.6804856 | Accuracy: 0.6200000
[2026-01-17 04:28:09,881] [INFO] - [ 1000/ 1819] | Cost: 0.6771681 | Accuracy: 0.5900000
[2026-01-17 04:28:56,969] [INFO] - [ 1100/ 1819] | Cost: 0.6805685 | Accuracy: 0.5700000
[2026-01-17 04:30:09,533] [INFO] - [ 1200/ 1819] | Cost: 0.6773968 | Accuracy: 0.5600000
[2026-01-17 04:31:30,281] [INFO] - [ 1300/ 1819] | Cost: 0.6792537 | Accuracy: 0.6400000
[2026-01-17 04:32:33,483] [INFO] - [ 1400/ 1819] | Cost: 0.6620586 | Accuracy: 0.6900000
[2026-01-17 04:33:34,091] [INFO] - [ 1500/ 1819] | Cost: 0.6791345 | Accuracy: 0.6100000
[2026-01-17 04:34:30,299] [INFO] - [ 1600/ 1819] | Cost: 0.6759361 | Accuracy: 0.6000000
[2026-01-17 04:35:26,931] [INFO] - [ 1700/ 1819] | Cost: 0.6863460 | Accuracy: 0.5500000
[2026-01-17 04:36:40,224] [INFO] - [ 1800/ 1819] | Cost: 0.6492081 | Accuracy: 0.6700000
[2026-01-17 04:36:54,002] [INFO] - [ 1900/ 1819] | Cost: 0.6739594 | Accuracy: 0.5789474
