[2026-01-18 23:15:56,717] [INFO] - seed: 0
image_preprocessing: GaussianBlur
training:
  epochs: 1
  batch_size: 100
  image_width: 32
  lr: 0.05
model:
  num_layers: 3
dataset:
  num_classes: 2
  binary: true
  name: mnist
  image_width_sweep: 16,32
  orig_width: 28
embedding:
  name: NEQR
  pca: false
  supports_color: true

[2026-01-18 23:15:56,722] [INFO] - Using cuda.
[2026-01-18 23:15:58,034] [INFO] - Dataset: mnist | Train Size: 10346 | Validation Size: 2956 | Test Size: 1478
[2026-01-18 23:15:58,036] [INFO] - Initiate model
[2026-01-18 23:16:01,955] [INFO] - Weights Shape: torch.Size([3, 18, 3])
[2026-01-18 23:16:01,957] [INFO] - Bias Shape: torch.Size([2])
[2026-01-18 23:35:02,717] [INFO] - [  100/10346] | Cost: 0.6937354 | Accuracy: 0.4900000
[2026-01-18 23:53:59,215] [INFO] - [  200/10346] | Cost: 0.6916164 | Accuracy: 0.5200000
[2026-01-19 00:13:10,240] [INFO] - [  300/10346] | Cost: 0.6955956 | Accuracy: 0.4900000
[2026-01-19 00:31:55,130] [INFO] - [  400/10346] | Cost: 0.6885681 | Accuracy: 0.5300000
[2026-01-19 00:50:59,147] [INFO] - [  500/10346] | Cost: 0.6874893 | Accuracy: 0.5300000
[2026-01-19 01:10:19,025] [INFO] - [  600/10346] | Cost: 0.6916212 | Accuracy: 0.4100000
[2026-01-19 01:29:39,440] [INFO] - [  700/10346] | Cost: 0.6838831 | Accuracy: 1.0000000
[2026-01-19 01:48:52,716] [INFO] - [  800/10346] | Cost: 0.6818940 | Accuracy: 0.4600000
[2026-01-19 02:07:52,336] [INFO] - [  900/10346] | Cost: 0.6809850 | Accuracy: 0.5400000
[2026-01-19 02:25:45,715] [INFO] - [ 1000/10346] | Cost: 0.6714177 | Accuracy: 1.0000000
[2026-01-19 02:44:27,317] [INFO] - [ 1100/10346] | Cost: 0.6666902 | Accuracy: 0.8300000
[2026-01-19 03:03:12,655] [INFO] - [ 1200/10346] | Cost: 0.6570724 | Accuracy: 0.7000000
[2026-01-19 03:22:33,216] [INFO] - [ 1300/10346] | Cost: 0.6488987 | Accuracy: 0.5900000
[2026-01-19 03:41:52,445] [INFO] - [ 1400/10346] | Cost: 0.6272641 | Accuracy: 0.6000000
[2026-01-19 04:00:48,239] [INFO] - [ 1500/10346] | Cost: 0.6324334 | Accuracy: 0.5400000
[2026-01-19 04:19:44,326] [INFO] - [ 1600/10346] | Cost: 0.5926795 | Accuracy: 0.6600000
[2026-01-19 04:37:58,036] [INFO] - [ 1700/10346] | Cost: 0.6042349 | Accuracy: 0.5800000
[2026-01-19 04:56:31,848] [INFO] - [ 1800/10346] | Cost: 0.6084908 | Accuracy: 0.5900000
[2026-01-19 05:15:51,117] [INFO] - [ 1900/10346] | Cost: 0.6128701 | Accuracy: 0.5500000
[2026-01-19 05:34:55,442] [INFO] - [ 2000/10346] | Cost: 0.6211190 | Accuracy: 0.5100000
[2026-01-19 05:54:10,940] [INFO] - [ 2100/10346] | Cost: 0.6094472 | Accuracy: 0.5400000
[2026-01-19 06:13:12,118] [INFO] - [ 2200/10346] | Cost: 0.5958230 | Accuracy: 0.5800000
[2026-01-19 06:32:11,025] [INFO] - [ 2300/10346] | Cost: 0.6215026 | Accuracy: 0.5600000
[2026-01-19 06:51:11,239] [INFO] - [ 2400/10346] | Cost: 0.5848380 | Accuracy: 0.7700000
[2026-01-19 07:10:09,215] [INFO] - [ 2500/10346] | Cost: 0.5820584 | Accuracy: 0.8600000
[2026-01-19 07:28:39,848] [INFO] - [ 2600/10346] | Cost: 0.5948576 | Accuracy: 0.8400000
[2026-01-19 07:46:25,756] [INFO] - [ 2700/10346] | Cost: 0.5723446 | Accuracy: 0.9700000
[2026-01-19 08:03:30,954] [INFO] - [ 2800/10346] | Cost: 0.5776283 | Accuracy: 0.9600000
[2026-01-19 08:20:50,416] [INFO] - [ 2900/10346] | Cost: 0.5730600 | Accuracy: 0.9700000
[2026-01-19 08:38:02,457] [INFO] - [ 3000/10346] | Cost: 0.5707203 | Accuracy: 0.9700000
[2026-01-19 08:55:14,938] [INFO] - [ 3100/10346] | Cost: 0.5775385 | Accuracy: 0.9200000
