[2026-01-19 01:32:44,848] [INFO] - seed: 0
image_preprocessing: BilateralFilter
training:
  epochs: 1
  batch_size: 100
  image_width: 16
  lr: 0.05
model:
  num_layers: 3
dataset:
  num_classes: 2
  binary: true
  name: cxr8
  image_width_sweep: 2,4,8,16,32
  orig_width: 1024
embedding:
  name: NAQSS
  pca: false
  supports_color: false

[2026-01-19 01:32:44,850] [INFO] - Using cuda.
[2026-01-19 01:32:45,216] [INFO] - Dataset: cxr8 | Train Size: 2270 | Validation Size: 650 | Test Size: 324
[2026-01-19 01:32:45,219] [INFO] - Initiate model
[2026-01-19 01:32:45,221] [INFO] - Weights Shape: torch.Size([3, 17, 3])
[2026-01-19 01:32:45,222] [INFO] - Bias Shape: torch.Size([2])
[2026-01-19 01:52:50,345] [INFO] - [  100/ 2270] | Cost: 0.6929782 | Accuracy: 0.5200000
[2026-01-19 02:12:51,723] [INFO] - [  200/ 2270] | Cost: 0.6599794 | Accuracy: 0.8400000
[2026-01-19 02:32:57,116] [INFO] - [  300/ 2270] | Cost: 0.6277751 | Accuracy: 0.8500000
[2026-01-19 02:52:25,415] [INFO] - [  400/ 2270] | Cost: 0.6084517 | Accuracy: 0.8200000
[2026-01-19 03:12:43,451] [INFO] - [  500/ 2270] | Cost: 0.5537944 | Accuracy: 0.9000000
[2026-01-19 03:32:24,352] [INFO] - [  600/ 2270] | Cost: 0.5299647 | Accuracy: 0.8900000
[2026-01-19 03:52:28,657] [INFO] - [  700/ 2270] | Cost: 0.5403258 | Accuracy: 0.8300000
[2026-01-19 04:12:33,316] [INFO] - [  800/ 2270] | Cost: 0.5171124 | Accuracy: 0.8400000
[2026-01-19 04:32:43,951] [INFO] - [  900/ 2270] | Cost: 0.4854223 | Accuracy: 0.8600000
[2026-01-19 04:52:54,121] [INFO] - [ 1000/ 2270] | Cost: 0.4970453 | Accuracy: 0.8300000
[2026-01-19 05:13:24,417] [INFO] - [ 1100/ 2270] | Cost: 0.4484096 | Accuracy: 0.8700000
[2026-01-19 05:33:38,519] [INFO] - [ 1200/ 2270] | Cost: 0.4783524 | Accuracy: 0.8300000
[2026-01-19 05:53:48,016] [INFO] - [ 1300/ 2270] | Cost: 0.4493610 | Accuracy: 0.8500000
[2026-01-19 06:14:04,025] [INFO] - [ 1400/ 2270] | Cost: 0.5392112 | Accuracy: 0.7700000
[2026-01-19 06:34:11,348] [INFO] - [ 1500/ 2270] | Cost: 0.4498019 | Accuracy: 0.8400000
[2026-01-19 06:54:25,034] [INFO] - [ 1600/ 2270] | Cost: 0.4601189 | Accuracy: 0.8300000
[2026-01-19 07:14:29,716] [INFO] - [ 1700/ 2270] | Cost: 0.2881251 | Accuracy: 0.9500000
[2026-01-19 07:33:49,357] [INFO] - [ 1800/ 2270] | Cost: 0.2937791 | Accuracy: 0.9400000
[2026-01-19 07:52:35,516] [INFO] - [ 1900/ 2270] | Cost: 0.4092392 | Accuracy: 0.8600000
[2026-01-19 08:11:12,851] [INFO] - [ 2000/ 2270] | Cost: 0.4558012 | Accuracy: 0.8300000
[2026-01-19 08:29:30,631] [INFO] - [ 2100/ 2270] | Cost: 0.4732771 | Accuracy: 0.8200000
[2026-01-19 08:48:18,539] [INFO] - [ 2200/ 2270] | Cost: 0.3714442 | Accuracy: 0.8800000
