[2026-01-18 23:15:55,434] [INFO] - seed: 0
image_preprocessing: GaussianBlur
training:
  epochs: 1
  batch_size: 100
  image_width: 32
  lr: 0.05
model:
  num_layers: 3
dataset:
  num_classes: 2
  binary: true
  name: cxr8
  image_width_sweep: 2,4,8,16,32
  orig_width: 1024
embedding:
  name: NAQSS
  pca: false
  supports_color: false

[2026-01-18 23:15:55,438] [INFO] - Using cuda.
[2026-01-18 23:15:55,748] [INFO] - Dataset: cxr8 | Train Size: 2270 | Validation Size: 650 | Test Size: 324
[2026-01-18 23:15:55,752] [INFO] - Initiate model
[2026-01-18 23:15:58,258] [INFO] - Weights Shape: torch.Size([3, 19, 3])
[2026-01-18 23:15:58,260] [INFO] - Bias Shape: torch.Size([2])
[2026-01-19 00:16:44,335] [INFO] - [  100/ 2270] | Cost: 0.6930771 | Accuracy: 0.5200000
[2026-01-19 01:17:24,315] [INFO] - [  200/ 2270] | Cost: 0.6603206 | Accuracy: 0.8400000
[2026-01-19 02:18:30,343] [INFO] - [  300/ 2270] | Cost: 0.6282346 | Accuracy: 0.8500000
[2026-01-19 03:19:39,447] [INFO] - [  400/ 2270] | Cost: 0.6084969 | Accuracy: 0.8200000
[2026-01-19 04:20:38,620] [INFO] - [  500/ 2270] | Cost: 0.5535538 | Accuracy: 0.9000000
[2026-01-19 05:21:13,744] [INFO] - [  600/ 2270] | Cost: 0.5300905 | Accuracy: 0.8900000
[2026-01-19 06:22:21,055] [INFO] - [  700/ 2270] | Cost: 0.5404803 | Accuracy: 0.8300000
[2026-01-19 07:22:48,436] [INFO] - [  800/ 2270] | Cost: 0.5168328 | Accuracy: 0.8400000
[2026-01-19 08:18:54,416] [INFO] - [  900/ 2270] | Cost: 0.4859037 | Accuracy: 0.8600000
