[2026-01-17 03:56:27,271] [INFO] - seed: 0
image_preprocessing: GaussianBlur
training:
  epochs: 1
  batch_size: 100
  image_width: 16
  lr: 0.05
model:
  num_layers: 3
dataset:
  num_classes: 2
  binary: true
  name: stl10
  image_width_sweep: 2,4,8,16,32,64
  orig_width: 96
embedding:
  name: OQIM
  pca: false
  supports_color: true

[2026-01-17 03:56:27,273] [INFO] - Using cuda.
[2026-01-17 03:56:37,591] [INFO] - Dataset: stl10 | Train Size: 1819 | Validation Size: 521 | Test Size: 260
[2026-01-17 03:56:37,594] [INFO] - Initiate model
[2026-01-17 03:56:37,597] [INFO] - Weights Shape: torch.Size([3, 10, 3])
[2026-01-17 03:56:37,598] [INFO] - Bias Shape: torch.Size([2])
[2026-01-17 03:57:59,397] [INFO] - [  100/ 1819] | Cost: 0.6937738 | Accuracy: 0.4800000
[2026-01-17 03:58:57,920] [INFO] - [  200/ 1819] | Cost: 0.6897898 | Accuracy: 0.4900000
[2026-01-17 03:59:55,355] [INFO] - [  300/ 1819] | Cost: 0.6835501 | Accuracy: 0.5200000
[2026-01-17 04:01:00,261] [INFO] - [  400/ 1819] | Cost: 0.6781721 | Accuracy: 0.6300000
[2026-01-17 04:02:06,435] [INFO] - [  500/ 1819] | Cost: 0.6910253 | Accuracy: 0.4800000
[2026-01-17 04:03:22,353] [INFO] - [  600/ 1819] | Cost: 0.6822571 | Accuracy: 0.5300000
[2026-01-17 04:04:24,786] [INFO] - [  700/ 1819] | Cost: 0.6766726 | Accuracy: 0.6300000
[2026-01-17 04:05:27,676] [INFO] - [  800/ 1819] | Cost: 0.6705739 | Accuracy: 0.7200000
[2026-01-17 04:06:32,410] [INFO] - [  900/ 1819] | Cost: 0.6791208 | Accuracy: 0.6300000
[2026-01-17 04:07:30,891] [INFO] - [ 1000/ 1819] | Cost: 0.6755000 | Accuracy: 0.5800000
[2026-01-17 04:08:50,630] [INFO] - [ 1100/ 1819] | Cost: 0.6782747 | Accuracy: 0.5600000
[2026-01-17 04:10:03,131] [INFO] - [ 1200/ 1819] | Cost: 0.6748449 | Accuracy: 0.6400000
[2026-01-17 04:11:00,826] [INFO] - [ 1300/ 1819] | Cost: 0.6776930 | Accuracy: 0.6200000
[2026-01-17 04:12:03,615] [INFO] - [ 1400/ 1819] | Cost: 0.6568609 | Accuracy: 0.6800000
[2026-01-17 04:13:10,380] [INFO] - [ 1500/ 1819] | Cost: 0.6649748 | Accuracy: 0.6300000
[2026-01-17 04:14:23,262] [INFO] - [ 1600/ 1819] | Cost: 0.6720377 | Accuracy: 0.5700000
[2026-01-17 04:15:30,634] [INFO] - [ 1700/ 1819] | Cost: 0.6842719 | Accuracy: 0.5200000
[2026-01-17 04:16:32,020] [INFO] - [ 1800/ 1819] | Cost: 0.6459016 | Accuracy: 0.6700000
[2026-01-17 04:16:43,368] [INFO] - [ 1900/ 1819] | Cost: 0.6634401 | Accuracy: 0.5789474
