[2026-01-17 04:13:50,081] [INFO] - seed: 0
image_preprocessing: ContrastScaling
training:
  epochs: 1
  batch_size: 100
  image_width: 16
  lr: 0.05
model:
  num_layers: 3
dataset:
  num_classes: 2
  binary: true
  name: stl10
  image_width_sweep: 2,4,8,16,32,64
  orig_width: 96
embedding:
  name: NEQR
  pca: false
  supports_color: true

[2026-01-17 04:13:50,083] [INFO] - Using cuda.
[2026-01-17 04:14:02,109] [INFO] - Dataset: stl10 | Train Size: 1819 | Validation Size: 521 | Test Size: 260
[2026-01-17 04:14:02,113] [INFO] - Initiate model
[2026-01-17 04:14:02,116] [INFO] - Weights Shape: torch.Size([3, 16, 3])
[2026-01-17 04:14:02,117] [INFO] - Bias Shape: torch.Size([2])
[2026-01-17 04:15:41,330] [INFO] - [  100/ 1819] | Cost: 0.6932601 | Accuracy: 0.5200000
[2026-01-17 04:17:02,615] [INFO] - [  200/ 1819] | Cost: 0.6947289 | Accuracy: 0.4900000
[2026-01-17 04:18:29,543] [INFO] - [  300/ 1819] | Cost: 0.6929172 | Accuracy: 0.5200000
[2026-01-17 04:20:31,551] [INFO] - [  400/ 1819] | Cost: 0.6905357 | Accuracy: 0.5600000
[2026-01-17 04:22:12,860] [INFO] - [  500/ 1819] | Cost: 0.6992903 | Accuracy: 0.4400000
[2026-01-17 04:23:49,881] [INFO] - [  600/ 1819] | Cost: 0.6938612 | Accuracy: 0.4900000
[2026-01-17 04:25:35,116] [INFO] - [  700/ 1819] | Cost: 0.6911269 | Accuracy: 0.5700000
[2026-01-17 04:27:15,261] [INFO] - [  800/ 1819] | Cost: 0.6952615 | Accuracy: 0.4300000
[2026-01-17 04:28:43,948] [INFO] - [  900/ 1819] | Cost: 0.6927457 | Accuracy: 0.5500000
[2026-01-17 04:30:34,297] [INFO] - [ 1000/ 1819] | Cost: 0.6933697 | Accuracy: 0.4800000
[2026-01-17 04:32:23,335] [INFO] - [ 1100/ 1819] | Cost: 0.6940014 | Accuracy: 0.4700000
[2026-01-17 04:33:59,116] [INFO] - [ 1200/ 1819] | Cost: 0.6926953 | Accuracy: 0.5300000
[2026-01-17 04:35:20,237] [INFO] - [ 1300/ 1819] | Cost: 0.6945852 | Accuracy: 0.4600000
[2026-01-17 04:37:11,704] [INFO] - [ 1400/ 1819] | Cost: 0.6942169 | Accuracy: 0.4400000
[2026-01-17 04:38:52,028] [INFO] - [ 1500/ 1819] | Cost: 0.6941291 | Accuracy: 0.4400000
[2026-01-17 04:40:21,242] [INFO] - [ 1600/ 1819] | Cost: 0.6928999 | Accuracy: 0.5400000
[2026-01-17 04:42:08,327] [INFO] - [ 1700/ 1819] | Cost: 0.6960753 | Accuracy: 0.4300000
[2026-01-17 04:43:55,839] [INFO] - [ 1800/ 1819] | Cost: 0.6933482 | Accuracy: 0.5000000
[2026-01-17 04:44:12,987] [INFO] - [ 1900/ 1819] | Cost: 0.6907161 | Accuracy: 0.5789474
