[2026-01-17 19:15:33,492] [INFO] - seed: 0
image_preprocessing: None
training:
  epochs: 1
  batch_size: 100
  image_width: 32
  lr: 0.05
model:
  num_layers: 3
dataset:
  num_classes: 2
  binary: true
  name: cxr8
  image_width_sweep: 2,4,8,16,32,64
  orig_width: 1024
embedding:
  name: RMP
  pca: true
  supports_color: true

[2026-01-17 19:15:33,497] [INFO] - Using cuda.
[2026-01-17 19:15:33,618] [INFO] - Dataset: cxr8 | Train Size: 2270 | Validation Size: 650 | Test Size: 324
[2026-01-17 19:15:33,621] [INFO] - Applying PCA Loader to the dataset
[2026-01-17 19:18:10,029] [INFO] - Initiate model
[2026-01-17 19:18:10,109] [INFO] - Weights Shape: torch.Size([3, 6, 3])
[2026-01-17 19:18:10,110] [INFO] - Bias Shape: torch.Size([2])
[2026-01-17 19:19:03,802] [INFO] - [  100/ 2270] | Cost: 0.6135593 | Accuracy: 0.8600000
[2026-01-17 19:19:57,472] [INFO] - [  200/ 2270] | Cost: 0.5542774 | Accuracy: 0.8600000
[2026-01-17 19:20:42,425] [INFO] - [  300/ 2270] | Cost: 0.5036986 | Accuracy: 0.8700000
