[2026-01-16 17:15:19,168] [INFO] - seed: 0
image_preprocessing: BilateralFilter
training:
  epochs: 1
  batch_size: 100
  image_width: 16
  lr: 0.05
model:
  num_layers: 3
dataset:
  num_classes: 2
  binary: true
  name: eurosat_rgb
  image_width_sweep: '64'
  orig_width: 64
embedding:
  name: OQIM
  pca: false
  supports_color: true

[2026-01-16 17:15:19,170] [INFO] - Using cuda.
[2026-01-16 17:15:19,209] [INFO] - Dataset: eurosat_rgb | Train Size: 4200 | Validation Size: 1200 | Test Size: 600
[2026-01-16 17:15:19,211] [INFO] - Initiate model
[2026-01-16 17:15:19,213] [INFO] - Weights Shape: torch.Size([3, 10, 3])
[2026-01-16 17:15:19,215] [INFO] - Bias Shape: torch.Size([2])
[2026-01-16 17:16:31,640] [INFO] - [  100/ 4200] | Cost: 0.6962544 | Accuracy: 0.4400000
[2026-01-16 17:17:44,369] [INFO] - [  200/ 4200] | Cost: 0.6757343 | Accuracy: 0.5700000
[2026-01-16 17:18:58,123] [INFO] - [  300/ 4200] | Cost: 0.6897141 | Accuracy: 0.4500000
[2026-01-16 17:20:09,943] [INFO] - [  400/ 4200] | Cost: 0.6777319 | Accuracy: 0.4700000
[2026-01-16 17:21:16,894] [INFO] - [  500/ 4200] | Cost: 0.6678579 | Accuracy: 0.4900000
[2026-01-16 17:22:29,478] [INFO] - [  600/ 4200] | Cost: 0.6492543 | Accuracy: 0.8800000
[2026-01-16 17:23:44,246] [INFO] - [  700/ 4200] | Cost: 0.6495380 | Accuracy: 0.9300000
[2026-01-16 17:24:53,604] [INFO] - [  800/ 4200] | Cost: 0.6429768 | Accuracy: 0.9400000
[2026-01-16 17:25:55,015] [INFO] - [  900/ 4200] | Cost: 0.6436688 | Accuracy: 0.8000000
[2026-01-16 17:26:59,337] [INFO] - [ 1000/ 4200] | Cost: 0.6333228 | Accuracy: 0.8300000
[2026-01-16 17:28:10,134] [INFO] - [ 1100/ 4200] | Cost: 0.6320255 | Accuracy: 0.7400000
[2026-01-16 17:29:06,800] [INFO] - [ 1200/ 4200] | Cost: 0.6342602 | Accuracy: 0.6700000
[2026-01-16 17:30:26,848] [INFO] - [ 1300/ 4200] | Cost: 0.6292639 | Accuracy: 0.7200000
[2026-01-16 17:31:31,118] [INFO] - [ 1400/ 4200] | Cost: 0.6054947 | Accuracy: 0.8200000
[2026-01-16 17:32:34,461] [INFO] - [ 1500/ 4200] | Cost: 0.6069582 | Accuracy: 0.8600000
[2026-01-16 17:33:42,574] [INFO] - [ 1600/ 4200] | Cost: 0.5973415 | Accuracy: 0.8700000
[2026-01-16 17:34:57,186] [INFO] - [ 1700/ 4200] | Cost: 0.5936967 | Accuracy: 0.8900000
[2026-01-16 17:36:03,018] [INFO] - [ 1800/ 4200] | Cost: 0.5741972 | Accuracy: 0.9400000
[2026-01-16 17:37:06,576] [INFO] - [ 1900/ 4200] | Cost: 0.5707895 | Accuracy: 0.9200000
[2026-01-16 17:38:17,431] [INFO] - [ 2000/ 4200] | Cost: 0.5524181 | Accuracy: 0.9300000
[2026-01-16 17:39:25,046] [INFO] - [ 2100/ 4200] | Cost: 0.5562483 | Accuracy: 0.9900000
[2026-01-16 17:40:25,195] [INFO] - [ 2200/ 4200] | Cost: 0.5486118 | Accuracy: 0.9700000
[2026-01-16 17:41:49,026] [INFO] - [ 2300/ 4200] | Cost: 0.5393646 | Accuracy: 0.9700000
[2026-01-16 17:43:00,620] [INFO] - [ 2400/ 4200] | Cost: 0.5145928 | Accuracy: 0.9700000
[2026-01-16 17:44:08,798] [INFO] - [ 2500/ 4200] | Cost: 0.5097209 | Accuracy: 0.9600000
[2026-01-16 17:45:22,349] [INFO] - [ 2600/ 4200] | Cost: 0.5232940 | Accuracy: 0.9600000
[2026-01-16 17:46:28,005] [INFO] - [ 2700/ 4200] | Cost: 0.5045041 | Accuracy: 0.9600000
[2026-01-16 17:47:27,809] [INFO] - [ 2800/ 4200] | Cost: 0.4823259 | Accuracy: 0.9700000
[2026-01-16 17:48:44,627] [INFO] - [ 2900/ 4200] | Cost: 0.4878257 | Accuracy: 0.9600000
[2026-01-16 17:49:48,659] [INFO] - [ 3000/ 4200] | Cost: 0.4694947 | Accuracy: 0.9800000
[2026-01-16 17:50:45,580] [INFO] - [ 3100/ 4200] | Cost: 0.4921534 | Accuracy: 0.9500000
[2026-01-16 17:51:59,217] [INFO] - [ 3200/ 4200] | Cost: 0.4770656 | Accuracy: 0.9600000
[2026-01-16 17:53:17,150] [INFO] - [ 3300/ 4200] | Cost: 0.4599761 | Accuracy: 0.9500000
[2026-01-16 17:54:21,427] [INFO] - [ 3400/ 4200] | Cost: 0.4616890 | Accuracy: 0.9000000
[2026-01-16 17:55:31,661] [INFO] - [ 3500/ 4200] | Cost: 0.4682790 | Accuracy: 0.9100000
[2026-01-16 17:56:40,355] [INFO] - [ 3600/ 4200] | Cost: 0.4536201 | Accuracy: 0.9100000
[2026-01-16 17:57:38,600] [INFO] - [ 3700/ 4200] | Cost: 0.4240671 | Accuracy: 0.9500000
[2026-01-16 17:58:51,377] [INFO] - [ 3800/ 4200] | Cost: 0.4671426 | Accuracy: 0.8800000
[2026-01-16 18:00:06,591] [INFO] - [ 3900/ 4200] | Cost: 0.4553187 | Accuracy: 0.8700000
[2026-01-16 18:01:10,847] [INFO] - [ 4000/ 4200] | Cost: 0.4199047 | Accuracy: 0.9400000
[2026-01-16 18:02:23,520] [INFO] - [ 4100/ 4200] | Cost: 0.4181731 | Accuracy: 0.9800000
[2026-01-16 18:03:45,802] [INFO] - [ 4200/ 4200] | Cost: 0.4428014 | Accuracy: 0.9100000
