[2026-01-18 18:28:03,646] [INFO] - seed: 0
image_preprocessing: None
training:
  epochs: 1
  batch_size: 100
  image_width: 32
  lr: 0.05
model:
  num_layers: 3
dataset:
  num_classes: 2
  binary: true
  name: cifar10
  image_width_sweep: '32'
  orig_width: 32
embedding:
  name: OQIM
  pca: false
  supports_color: true

[2026-01-18 18:28:03,650] [INFO] - Using cuda.
[2026-01-18 18:28:05,115] [INFO] - Dataset: cifar10 | Train Size: 8400 | Validation Size: 2400 | Test Size: 1200
[2026-01-18 18:28:05,118] [INFO] - Initiate model
[2026-01-18 18:28:05,871] [INFO] - Weights Shape: torch.Size([3, 12, 3])
[2026-01-18 18:28:05,872] [INFO] - Bias Shape: torch.Size([2])
[2026-01-18 18:30:29,986] [INFO] - [  100/ 8400] | Cost: 0.6970416 | Accuracy: 0.4500000
[2026-01-18 18:33:33,143] [INFO] - [  200/ 8400] | Cost: 0.6853743 | Accuracy: 0.5900000
[2026-01-18 18:36:03,618] [INFO] - [  300/ 8400] | Cost: 0.6849918 | Accuracy: 0.5600000
[2026-01-18 18:38:49,319] [INFO] - [  400/ 8400] | Cost: 0.6953244 | Accuracy: 0.5300000
[2026-01-18 18:41:16,579] [INFO] - [  500/ 8400] | Cost: 0.7018378 | Accuracy: 0.5100000
[2026-01-18 18:43:40,803] [INFO] - [  600/ 8400] | Cost: 0.6986270 | Accuracy: 0.5100000
[2026-01-18 18:46:21,699] [INFO] - [  700/ 8400] | Cost: 0.7075863 | Accuracy: 0.4600000
[2026-01-18 18:48:50,929] [INFO] - [  800/ 8400] | Cost: 0.7091590 | Accuracy: 0.4100000
[2026-01-18 18:51:33,066] [INFO] - [  900/ 8400] | Cost: 0.6895335 | Accuracy: 0.4700000
[2026-01-18 18:54:08,919] [INFO] - [ 1000/ 8400] | Cost: 0.6804535 | Accuracy: 0.6600000
[2026-01-18 18:56:57,635] [INFO] - [ 1100/ 8400] | Cost: 0.6716369 | Accuracy: 0.7000000
[2026-01-18 18:59:20,492] [INFO] - [ 1200/ 8400] | Cost: 0.6748257 | Accuracy: 0.5900000
[2026-01-18 19:02:08,825] [INFO] - [ 1300/ 8400] | Cost: 0.6614268 | Accuracy: 0.6300000
[2026-01-18 19:04:38,997] [INFO] - [ 1400/ 8400] | Cost: 0.6620955 | Accuracy: 0.6000000
[2026-01-18 19:07:17,198] [INFO] - [ 1500/ 8400] | Cost: 0.6644617 | Accuracy: 0.6100000
[2026-01-18 19:09:39,684] [INFO] - [ 1600/ 8400] | Cost: 0.6588410 | Accuracy: 0.6700000
[2026-01-18 19:12:26,490] [INFO] - [ 1700/ 8400] | Cost: 0.6442066 | Accuracy: 0.7100000
[2026-01-18 19:14:50,774] [INFO] - [ 1800/ 8400] | Cost: 0.6302171 | Accuracy: 0.7400000
[2026-01-18 19:17:16,928] [INFO] - [ 1900/ 8400] | Cost: 0.6241580 | Accuracy: 0.7400000
[2026-01-18 19:19:52,098] [INFO] - [ 2000/ 8400] | Cost: 0.6477454 | Accuracy: 0.6900000
[2026-01-18 19:22:02,450] [INFO] - [ 2100/ 8400] | Cost: 0.6239310 | Accuracy: 0.7500000
[2026-01-18 19:24:31,729] [INFO] - [ 2200/ 8400] | Cost: 0.6238506 | Accuracy: 0.7500000
[2026-01-18 19:26:57,584] [INFO] - [ 2300/ 8400] | Cost: 0.6416013 | Accuracy: 0.6500000
[2026-01-18 19:29:34,073] [INFO] - [ 2400/ 8400] | Cost: 0.6317206 | Accuracy: 0.6700000
[2026-01-18 19:31:56,442] [INFO] - [ 2500/ 8400] | Cost: 0.6087955 | Accuracy: 0.6900000
[2026-01-18 19:34:17,557] [INFO] - [ 2600/ 8400] | Cost: 0.6543784 | Accuracy: 0.6200000
[2026-01-18 19:36:53,575] [INFO] - [ 2700/ 8400] | Cost: 0.6336450 | Accuracy: 0.6900000
[2026-01-18 19:39:23,112] [INFO] - [ 2800/ 8400] | Cost: 0.6234872 | Accuracy: 0.7700000
[2026-01-18 19:42:02,561] [INFO] - [ 2900/ 8400] | Cost: 0.6328554 | Accuracy: 0.6800000
[2026-01-18 19:44:31,678] [INFO] - [ 3000/ 8400] | Cost: 0.6133972 | Accuracy: 0.7200000
[2026-01-18 19:47:16,122] [INFO] - [ 3100/ 8400] | Cost: 0.5924361 | Accuracy: 0.7300000
[2026-01-18 19:49:46,343] [INFO] - [ 3200/ 8400] | Cost: 0.5960164 | Accuracy: 0.7700000
[2026-01-18 19:52:23,237] [INFO] - [ 3300/ 8400] | Cost: 0.6035774 | Accuracy: 0.7000000
[2026-01-18 19:55:10,434] [INFO] - [ 3400/ 8400] | Cost: 0.5886099 | Accuracy: 0.7100000
[2026-01-18 19:57:37,382] [INFO] - [ 3500/ 8400] | Cost: 0.6255795 | Accuracy: 0.6600000
[2026-01-18 20:00:18,713] [INFO] - [ 3600/ 8400] | Cost: 0.6005598 | Accuracy: 0.6800000
[2026-01-18 20:02:59,281] [INFO] - [ 3700/ 8400] | Cost: 0.6189589 | Accuracy: 0.6200000
[2026-01-18 20:05:35,474] [INFO] - [ 3800/ 8400] | Cost: 0.5934820 | Accuracy: 0.7000000
[2026-01-18 20:08:11,266] [INFO] - [ 3900/ 8400] | Cost: 0.5674322 | Accuracy: 0.7700000
[2026-01-18 20:10:48,459] [INFO] - [ 4000/ 8400] | Cost: 0.6076309 | Accuracy: 0.6600000
[2026-01-18 20:13:25,492] [INFO] - [ 4100/ 8400] | Cost: 0.6449639 | Accuracy: 0.6700000
[2026-01-18 20:15:58,957] [INFO] - [ 4200/ 8400] | Cost: 0.6033597 | Accuracy: 0.6500000
[2026-01-18 20:18:23,938] [INFO] - [ 4300/ 8400] | Cost: 0.5836862 | Accuracy: 0.7300000
[2026-01-18 20:20:55,943] [INFO] - [ 4400/ 8400] | Cost: 0.5582705 | Accuracy: 0.7600000
[2026-01-18 20:23:12,406] [INFO] - [ 4500/ 8400] | Cost: 0.5697743 | Accuracy: 0.7000000
[2026-01-18 20:25:47,075] [INFO] - [ 4600/ 8400] | Cost: 0.5648502 | Accuracy: 0.7500000
[2026-01-18 20:28:13,093] [INFO] - [ 4700/ 8400] | Cost: 0.5732825 | Accuracy: 0.7500000
[2026-01-18 20:30:36,239] [INFO] - [ 4800/ 8400] | Cost: 0.5927387 | Accuracy: 0.7100000
[2026-01-18 20:33:02,519] [INFO] - [ 4900/ 8400] | Cost: 0.5777049 | Accuracy: 0.7100000
[2026-01-18 20:35:17,249] [INFO] - [ 5000/ 8400] | Cost: 0.5558569 | Accuracy: 0.7300000
[2026-01-18 20:37:46,439] [INFO] - [ 5100/ 8400] | Cost: 0.6204491 | Accuracy: 0.6600000
[2026-01-18 20:40:10,901] [INFO] - [ 5200/ 8400] | Cost: 0.5716631 | Accuracy: 0.7000000
[2026-01-18 20:42:22,465] [INFO] - [ 5300/ 8400] | Cost: 0.5510957 | Accuracy: 0.7700000
[2026-01-18 20:45:10,174] [INFO] - [ 5400/ 8400] | Cost: 0.5420654 | Accuracy: 0.7200000
[2026-01-18 20:47:35,300] [INFO] - [ 5500/ 8400] | Cost: 0.5517306 | Accuracy: 0.7500000
[2026-01-18 20:50:04,177] [INFO] - [ 5600/ 8400] | Cost: 0.6247030 | Accuracy: 0.6700000
[2026-01-18 20:52:28,266] [INFO] - [ 5700/ 8400] | Cost: 0.5934162 | Accuracy: 0.7200000
[2026-01-18 20:54:56,617] [INFO] - [ 5800/ 8400] | Cost: 0.5497731 | Accuracy: 0.8000000
[2026-01-18 20:57:22,433] [INFO] - [ 5900/ 8400] | Cost: 0.5647213 | Accuracy: 0.7600000
[2026-01-18 20:59:51,437] [INFO] - [ 6000/ 8400] | Cost: 0.5959241 | Accuracy: 0.7300000
[2026-01-18 21:02:19,628] [INFO] - [ 6100/ 8400] | Cost: 0.6024311 | Accuracy: 0.7200000
[2026-01-18 21:04:51,609] [INFO] - [ 6200/ 8400] | Cost: 0.5649653 | Accuracy: 0.7600000
[2026-01-18 21:07:09,595] [INFO] - [ 6300/ 8400] | Cost: 0.6012278 | Accuracy: 0.7000000
[2026-01-18 21:09:37,132] [INFO] - [ 6400/ 8400] | Cost: 0.6155075 | Accuracy: 0.7300000
[2026-01-18 21:11:55,234] [INFO] - [ 6500/ 8400] | Cost: 0.5468528 | Accuracy: 0.7600000
[2026-01-18 21:14:16,044] [INFO] - [ 6600/ 8400] | Cost: 0.6086051 | Accuracy: 0.6800000
[2026-01-18 21:16:39,528] [INFO] - [ 6700/ 8400] | Cost: 0.5597429 | Accuracy: 0.7800000
[2026-01-18 21:19:03,240] [INFO] - [ 6800/ 8400] | Cost: 0.5888735 | Accuracy: 0.7200000
[2026-01-18 21:21:20,079] [INFO] - [ 6900/ 8400] | Cost: 0.5856848 | Accuracy: 0.7100000
[2026-01-18 21:23:36,210] [INFO] - [ 7000/ 8400] | Cost: 0.6022435 | Accuracy: 0.7400000
[2026-01-18 21:25:57,941] [INFO] - [ 7100/ 8400] | Cost: 0.5478468 | Accuracy: 0.7600000
[2026-01-18 21:28:15,158] [INFO] - [ 7200/ 8400] | Cost: 0.5355017 | Accuracy: 0.7500000
[2026-01-18 21:30:35,263] [INFO] - [ 7300/ 8400] | Cost: 0.5275912 | Accuracy: 0.8100000
[2026-01-18 21:33:04,321] [INFO] - [ 7400/ 8400] | Cost: 0.5763471 | Accuracy: 0.7400000
[2026-01-18 21:35:18,898] [INFO] - [ 7500/ 8400] | Cost: 0.5855758 | Accuracy: 0.7000000
[2026-01-18 21:37:29,592] [INFO] - [ 7600/ 8400] | Cost: 0.5432248 | Accuracy: 0.8200000
[2026-01-18 21:39:51,666] [INFO] - [ 7700/ 8400] | Cost: 0.5496346 | Accuracy: 0.7700000
[2026-01-18 21:42:15,865] [INFO] - [ 7800/ 8400] | Cost: 0.6100287 | Accuracy: 0.6300000
[2026-01-18 21:44:39,381] [INFO] - [ 7900/ 8400] | Cost: 0.5907216 | Accuracy: 0.6800000
[2026-01-18 21:46:54,706] [INFO] - [ 8000/ 8400] | Cost: 0.5896640 | Accuracy: 0.6900000
[2026-01-18 21:49:26,406] [INFO] - [ 8100/ 8400] | Cost: 0.6087532 | Accuracy: 0.6700000
[2026-01-18 21:51:50,179] [INFO] - [ 8200/ 8400] | Cost: 0.5703592 | Accuracy: 0.7300000
[2026-01-18 21:54:10,688] [INFO] - [ 8300/ 8400] | Cost: 0.6679099 | Accuracy: 0.6600000
[2026-01-18 21:56:39,479] [INFO] - [ 8400/ 8400] | Cost: 0.6181068 | Accuracy: 0.6500000
