[2026-01-16 07:04:55,963] [INFO] - seed: 0
image_preprocessing: ContrastScaling
training:
  epochs: 1
  batch_size: 100
  image_width: 32
  lr: 0.05
model:
  num_layers: 3
dataset:
  num_classes: 2
  binary: true
  name: fashion
  image_width_sweep: 16,32
  orig_width: 28
embedding:
  name: NAQSS
  pca: false
  supports_color: false

[2026-01-16 07:04:55,965] [INFO] - Using cuda.
[2026-01-16 07:04:56,376] [INFO] - Dataset: fashion | Train Size: 9800 | Validation Size: 2800 | Test Size: 1400
[2026-01-16 07:04:56,379] [INFO] - Initiate model
[2026-01-16 07:04:56,380] [INFO] - Weights Shape: torch.Size([3, 19, 3])
[2026-01-16 07:04:56,381] [INFO] - Bias Shape: torch.Size([2])
[2026-01-16 07:16:16,331] [INFO] - [  100/ 9800] | Cost: 0.6922582 | Accuracy: 0.8000000
[2026-01-16 07:27:26,602] [INFO] - [  200/ 9800] | Cost: 0.6809043 | Accuracy: 0.6100000
[2026-01-16 07:38:58,152] [INFO] - [  300/ 9800] | Cost: 0.6939756 | Accuracy: 0.5000000
[2026-01-16 07:50:52,130] [INFO] - [  400/ 9800] | Cost: 0.7172601 | Accuracy: 0.4100000
[2026-01-16 08:02:20,909] [INFO] - [  500/ 9800] | Cost: 0.6940267 | Accuracy: 0.4800000
[2026-01-16 08:13:46,876] [INFO] - [  600/ 9800] | Cost: 0.6883288 | Accuracy: 0.4800000
[2026-01-16 08:25:23,453] [INFO] - [  700/ 9800] | Cost: 0.6816063 | Accuracy: 0.4800000
[2026-01-16 08:36:40,668] [INFO] - [  800/ 9800] | Cost: 0.6694797 | Accuracy: 0.6600000
[2026-01-16 08:48:10,083] [INFO] - [  900/ 9800] | Cost: 0.6705229 | Accuracy: 0.7200000
[2026-01-16 08:59:44,641] [INFO] - [ 1000/ 9800] | Cost: 0.6541807 | Accuracy: 0.8400000
[2026-01-16 09:10:47,957] [INFO] - [ 1100/ 9800] | Cost: 0.6503302 | Accuracy: 0.8100000
[2026-01-16 09:22:05,387] [INFO] - [ 1200/ 9800] | Cost: 0.6381499 | Accuracy: 0.8600000
[2026-01-16 09:33:21,995] [INFO] - [ 1300/ 9800] | Cost: 0.6339481 | Accuracy: 0.8200000
[2026-01-16 09:44:51,594] [INFO] - [ 1400/ 9800] | Cost: 0.6269298 | Accuracy: 0.8400000
[2026-01-16 09:56:18,950] [INFO] - [ 1500/ 9800] | Cost: 0.6108598 | Accuracy: 0.8900000
[2026-01-16 10:07:44,965] [INFO] - [ 1600/ 9800] | Cost: 0.6209580 | Accuracy: 0.8200000
[2026-01-16 10:18:48,492] [INFO] - [ 1700/ 9800] | Cost: 0.6131551 | Accuracy: 0.8200000
[2026-01-16 10:29:58,639] [INFO] - [ 1800/ 9800] | Cost: 0.5996640 | Accuracy: 0.8500000
[2026-01-16 10:41:34,080] [INFO] - [ 1900/ 9800] | Cost: 0.5947042 | Accuracy: 0.8000000
[2026-01-16 10:52:48,781] [INFO] - [ 2000/ 9800] | Cost: 0.5743861 | Accuracy: 0.9300000
[2026-01-16 11:04:10,912] [INFO] - [ 2100/ 9800] | Cost: 0.5716628 | Accuracy: 0.8900000
[2026-01-16 11:15:24,948] [INFO] - [ 2200/ 9800] | Cost: 0.5848187 | Accuracy: 0.8900000
[2026-01-16 11:26:37,724] [INFO] - [ 2300/ 9800] | Cost: 0.5915166 | Accuracy: 0.8300000
[2026-01-16 11:37:30,674] [INFO] - [ 2400/ 9800] | Cost: 0.5663632 | Accuracy: 0.9400000
[2026-01-16 11:48:22,541] [INFO] - [ 2500/ 9800] | Cost: 0.5710071 | Accuracy: 0.9100000
[2026-01-16 11:59:25,976] [INFO] - [ 2600/ 9800] | Cost: 0.5828921 | Accuracy: 0.9200000
[2026-01-16 12:10:38,605] [INFO] - [ 2700/ 9800] | Cost: 0.5725459 | Accuracy: 0.9400000
[2026-01-16 12:22:02,669] [INFO] - [ 2800/ 9800] | Cost: 0.5565382 | Accuracy: 0.9800000
[2026-01-16 12:33:08,139] [INFO] - [ 2900/ 9800] | Cost: 0.5711446 | Accuracy: 0.9000000
[2026-01-16 12:44:29,165] [INFO] - [ 3000/ 9800] | Cost: 0.5589554 | Accuracy: 0.9600000
[2026-01-16 12:55:53,094] [INFO] - [ 3100/ 9800] | Cost: 0.5759597 | Accuracy: 0.9200000
[2026-01-16 13:06:37,986] [INFO] - [ 3200/ 9800] | Cost: 0.5593466 | Accuracy: 0.9600000
[2026-01-16 13:17:40,753] [INFO] - [ 3300/ 9800] | Cost: 0.5748128 | Accuracy: 0.9500000
[2026-01-16 13:28:38,427] [INFO] - [ 3400/ 9800] | Cost: 0.5593040 | Accuracy: 0.9400000
[2026-01-16 13:39:54,523] [INFO] - [ 3500/ 9800] | Cost: 0.5585550 | Accuracy: 0.9400000
[2026-01-16 13:50:53,893] [INFO] - [ 3600/ 9800] | Cost: 0.5576336 | Accuracy: 0.9400000
[2026-01-16 14:02:07,877] [INFO] - [ 3700/ 9800] | Cost: 0.5566322 | Accuracy: 0.8900000
[2026-01-16 14:12:42,370] [INFO] - [ 3800/ 9800] | Cost: 0.5601003 | Accuracy: 0.9100000
[2026-01-16 14:23:38,524] [INFO] - [ 3900/ 9800] | Cost: 0.5779164 | Accuracy: 0.8300000
[2026-01-16 14:34:25,175] [INFO] - [ 4000/ 9800] | Cost: 0.5771732 | Accuracy: 0.8800000
[2026-01-16 14:45:15,142] [INFO] - [ 4100/ 9800] | Cost: 0.5574555 | Accuracy: 0.9100000
[2026-01-16 14:56:05,728] [INFO] - [ 4200/ 9800] | Cost: 0.5837787 | Accuracy: 0.8400000
[2026-01-16 15:07:18,657] [INFO] - [ 4300/ 9800] | Cost: 0.5633808 | Accuracy: 0.8800000
[2026-01-16 15:18:12,614] [INFO] - [ 4400/ 9800] | Cost: 0.5672765 | Accuracy: 0.8900000
[2026-01-16 15:28:49,555] [INFO] - [ 4500/ 9800] | Cost: 0.5683883 | Accuracy: 0.8400000
[2026-01-16 15:39:47,274] [INFO] - [ 4600/ 9800] | Cost: 0.5724711 | Accuracy: 0.9000000
[2026-01-16 15:50:34,645] [INFO] - [ 4700/ 9800] | Cost: 0.5523728 | Accuracy: 0.9500000
[2026-01-16 16:01:21,438] [INFO] - [ 4800/ 9800] | Cost: 0.5790679 | Accuracy: 0.8800000
[2026-01-16 16:12:38,439] [INFO] - [ 4900/ 9800] | Cost: 0.5821632 | Accuracy: 0.8800000
[2026-01-16 16:23:36,332] [INFO] - [ 5000/ 9800] | Cost: 0.5604315 | Accuracy: 0.9600000
[2026-01-16 16:34:23,530] [INFO] - [ 5100/ 9800] | Cost: 0.5727819 | Accuracy: 0.9000000
[2026-01-16 16:44:38,380] [INFO] - [ 5200/ 9800] | Cost: 0.5736383 | Accuracy: 0.8900000
[2026-01-16 16:55:04,500] [INFO] - [ 5300/ 9800] | Cost: 0.5491008 | Accuracy: 0.9400000
[2026-01-16 17:06:01,559] [INFO] - [ 5400/ 9800] | Cost: 0.5585040 | Accuracy: 0.9600000
[2026-01-16 17:17:03,236] [INFO] - [ 5500/ 9800] | Cost: 0.5552362 | Accuracy: 0.9300000
[2026-01-16 17:27:52,327] [INFO] - [ 5600/ 9800] | Cost: 0.5568970 | Accuracy: 0.9200000
[2026-01-16 17:38:31,391] [INFO] - [ 5700/ 9800] | Cost: 0.5575439 | Accuracy: 0.9200000
[2026-01-16 17:49:17,110] [INFO] - [ 5800/ 9800] | Cost: 0.5704594 | Accuracy: 0.9000000
[2026-01-16 18:00:12,614] [INFO] - [ 5900/ 9800] | Cost: 0.5490668 | Accuracy: 0.9700000
[2026-01-16 18:11:20,486] [INFO] - [ 6000/ 9800] | Cost: 0.5425069 | Accuracy: 0.9500000
[2026-01-16 18:22:06,365] [INFO] - [ 6100/ 9800] | Cost: 0.5365775 | Accuracy: 0.9400000
[2026-01-16 18:32:53,839] [INFO] - [ 6200/ 9800] | Cost: 0.5609021 | Accuracy: 0.8700000
[2026-01-16 18:44:00,400] [INFO] - [ 6300/ 9800] | Cost: 0.5560738 | Accuracy: 0.9400000
[2026-01-16 18:54:56,618] [INFO] - [ 6400/ 9800] | Cost: 0.5545054 | Accuracy: 0.8800000
[2026-01-16 19:05:45,563] [INFO] - [ 6500/ 9800] | Cost: 0.5651980 | Accuracy: 0.8800000
[2026-01-16 19:16:14,197] [INFO] - [ 6600/ 9800] | Cost: 0.5453910 | Accuracy: 0.8800000
[2026-01-16 19:27:10,964] [INFO] - [ 6700/ 9800] | Cost: 0.5492908 | Accuracy: 0.8800000
[2026-01-16 19:37:54,981] [INFO] - [ 6800/ 9800] | Cost: 0.5407746 | Accuracy: 0.8700000
[2026-01-16 19:48:40,432] [INFO] - [ 6900/ 9800] | Cost: 0.5535734 | Accuracy: 0.8700000
[2026-01-16 19:59:39,997] [INFO] - [ 7000/ 9800] | Cost: 0.5299110 | Accuracy: 0.9000000
[2026-01-16 20:10:17,583] [INFO] - [ 7100/ 9800] | Cost: 0.5529181 | Accuracy: 0.8600000
[2026-01-16 20:20:52,896] [INFO] - [ 7200/ 9800] | Cost: 0.5605306 | Accuracy: 0.8400000
[2026-01-16 20:31:24,921] [INFO] - [ 7300/ 9800] | Cost: 0.5704496 | Accuracy: 0.8300000
[2026-01-16 20:41:35,460] [INFO] - [ 7400/ 9800] | Cost: 0.5564587 | Accuracy: 0.8800000
[2026-01-16 20:52:21,849] [INFO] - [ 7500/ 9800] | Cost: 0.5545780 | Accuracy: 0.9000000
[2026-01-16 21:03:08,787] [INFO] - [ 7600/ 9800] | Cost: 0.5535762 | Accuracy: 0.9000000
[2026-01-16 21:14:05,133] [INFO] - [ 7700/ 9800] | Cost: 0.5479572 | Accuracy: 0.9100000
[2026-01-16 21:24:50,157] [INFO] - [ 7800/ 9800] | Cost: 0.5471364 | Accuracy: 0.9200000
[2026-01-16 21:35:20,334] [INFO] - [ 7900/ 9800] | Cost: 0.5421236 | Accuracy: 0.9400000
[2026-01-16 21:46:03,373] [INFO] - [ 8000/ 9800] | Cost: 0.5664100 | Accuracy: 0.9000000
[2026-01-16 21:56:51,410] [INFO] - [ 8100/ 9800] | Cost: 0.5712491 | Accuracy: 0.9000000
[2026-01-16 22:07:43,162] [INFO] - [ 8200/ 9800] | Cost: 0.5853770 | Accuracy: 0.8500000
[2026-01-16 22:18:24,591] [INFO] - [ 8300/ 9800] | Cost: 0.5504463 | Accuracy: 0.9300000
[2026-01-16 22:29:16,587] [INFO] - [ 8400/ 9800] | Cost: 0.5473643 | Accuracy: 0.9500000
[2026-01-16 22:40:04,879] [INFO] - [ 8500/ 9800] | Cost: 0.5787014 | Accuracy: 0.9000000
[2026-01-16 22:51:12,626] [INFO] - [ 8600/ 9800] | Cost: 0.5435137 | Accuracy: 0.9500000
[2026-01-16 23:02:42,809] [INFO] - [ 8700/ 9800] | Cost: 0.5417463 | Accuracy: 0.9500000
[2026-01-16 23:13:46,837] [INFO] - [ 8800/ 9800] | Cost: 0.5685506 | Accuracy: 0.8500000
[2026-01-16 23:24:54,201] [INFO] - [ 8900/ 9800] | Cost: 0.5750626 | Accuracy: 0.8500000
[2026-01-16 23:35:57,615] [INFO] - [ 9000/ 9800] | Cost: 0.5634978 | Accuracy: 0.8900000
[2026-01-16 23:47:04,628] [INFO] - [ 9100/ 9800] | Cost: 0.5679512 | Accuracy: 0.9100000
[2026-01-16 23:58:38,417] [INFO] - [ 9200/ 9800] | Cost: 0.5560176 | Accuracy: 0.9300000
[2026-01-17 00:10:00,915] [INFO] - [ 9300/ 9800] | Cost: 0.5423754 | Accuracy: 0.9500000
[2026-01-17 00:21:22,002] [INFO] - [ 9400/ 9800] | Cost: 0.5706101 | Accuracy: 0.8900000
[2026-01-17 00:32:37,324] [INFO] - [ 9500/ 9800] | Cost: 0.5476435 | Accuracy: 0.9500000
[2026-01-17 00:43:24,959] [INFO] - [ 9600/ 9800] | Cost: 0.5437310 | Accuracy: 0.9300000
[2026-01-17 00:54:40,203] [INFO] - [ 9700/ 9800] | Cost: 0.5602332 | Accuracy: 0.9000000
[2026-01-17 01:05:44,050] [INFO] - [ 9800/ 9800] | Cost: 0.5588337 | Accuracy: 0.9000000
