[2026-01-16 10:56:25,538] [INFO] - seed: 0
image_preprocessing: HomomorphicFilter
training:
  epochs: 1
  batch_size: 100
  image_width: 32
  lr: 0.05
model:
  num_layers: 3
dataset:
  num_classes: 2
  binary: true
  name: fashion
  image_width_sweep: 16,32
  orig_width: 28
embedding:
  name: FRQI
  pca: false
  supports_color: false

[2026-01-16 10:56:25,542] [INFO] - Using cuda.
[2026-01-16 10:56:25,990] [INFO] - Dataset: fashion | Train Size: 9800 | Validation Size: 2800 | Test Size: 1400
[2026-01-16 10:56:25,993] [INFO] - Initiate model
[2026-01-16 10:56:26,219] [INFO] - Weights Shape: torch.Size([3, 11, 3])
[2026-01-16 10:56:26,220] [INFO] - Bias Shape: torch.Size([2])
[2026-01-16 10:58:22,953] [INFO] - [  100/ 9800] | Cost: 0.6988789 | Accuracy: 0.4400000
[2026-01-16 11:00:22,008] [INFO] - [  200/ 9800] | Cost: 0.6795108 | Accuracy: 0.6100000
[2026-01-16 11:02:38,191] [INFO] - [  300/ 9800] | Cost: 0.6892735 | Accuracy: 0.5000000
[2026-01-16 11:04:44,985] [INFO] - [  400/ 9800] | Cost: 0.7143822 | Accuracy: 0.4100000
[2026-01-16 11:06:54,337] [INFO] - [  500/ 9800] | Cost: 0.6911299 | Accuracy: 0.4800000
[2026-01-16 11:08:58,425] [INFO] - [  600/ 9800] | Cost: 0.6843381 | Accuracy: 0.4800000
[2026-01-16 11:10:56,204] [INFO] - [  700/ 9800] | Cost: 0.6813002 | Accuracy: 0.4800000
[2026-01-16 11:13:04,363] [INFO] - [  800/ 9800] | Cost: 0.6716278 | Accuracy: 0.5700000
[2026-01-16 11:15:14,362] [INFO] - [  900/ 9800] | Cost: 0.6737338 | Accuracy: 0.7400000
[2026-01-16 11:17:12,190] [INFO] - [ 1000/ 9800] | Cost: 0.6687639 | Accuracy: 0.9400000
[2026-01-16 11:19:18,600] [INFO] - [ 1100/ 9800] | Cost: 0.6684472 | Accuracy: 0.9000000
[2026-01-16 11:21:20,693] [INFO] - [ 1200/ 9800] | Cost: 0.6553604 | Accuracy: 0.9400000
[2026-01-16 11:23:25,351] [INFO] - [ 1300/ 9800] | Cost: 0.6600522 | Accuracy: 0.8200000
[2026-01-16 11:25:39,644] [INFO] - [ 1400/ 9800] | Cost: 0.6593434 | Accuracy: 0.6700000
[2026-01-16 11:27:33,814] [INFO] - [ 1500/ 9800] | Cost: 0.6490545 | Accuracy: 0.7100000
[2026-01-16 11:29:36,747] [INFO] - [ 1600/ 9800] | Cost: 0.6582111 | Accuracy: 0.6700000
[2026-01-16 11:31:35,579] [INFO] - [ 1700/ 9800] | Cost: 0.6535007 | Accuracy: 0.7500000
[2026-01-16 11:33:32,912] [INFO] - [ 1800/ 9800] | Cost: 0.6433782 | Accuracy: 0.8700000
[2026-01-16 11:35:45,547] [INFO] - [ 1900/ 9800] | Cost: 0.6395737 | Accuracy: 0.9100000
[2026-01-16 11:37:54,203] [INFO] - [ 2000/ 9800] | Cost: 0.6319507 | Accuracy: 0.9300000
[2026-01-16 11:39:54,985] [INFO] - [ 2100/ 9800] | Cost: 0.6292777 | Accuracy: 0.9200000
[2026-01-16 11:41:48,460] [INFO] - [ 2200/ 9800] | Cost: 0.6354120 | Accuracy: 0.9000000
[2026-01-16 11:43:39,253] [INFO] - [ 2300/ 9800] | Cost: 0.6331948 | Accuracy: 0.8500000
[2026-01-16 11:45:38,408] [INFO] - [ 2400/ 9800] | Cost: 0.6219854 | Accuracy: 0.9500000
[2026-01-16 11:47:43,941] [INFO] - [ 2500/ 9800] | Cost: 0.6235197 | Accuracy: 0.9100000
[2026-01-16 11:49:51,186] [INFO] - [ 2600/ 9800] | Cost: 0.6315237 | Accuracy: 0.9200000
[2026-01-16 11:51:52,745] [INFO] - [ 2700/ 9800] | Cost: 0.6230444 | Accuracy: 0.9500000
[2026-01-16 11:53:46,903] [INFO] - [ 2800/ 9800] | Cost: 0.6136478 | Accuracy: 0.9200000
[2026-01-16 11:55:54,490] [INFO] - [ 2900/ 9800] | Cost: 0.6131518 | Accuracy: 0.9300000
[2026-01-16 11:58:07,976] [INFO] - [ 3000/ 9800] | Cost: 0.6101235 | Accuracy: 0.9600000
[2026-01-16 12:00:17,807] [INFO] - [ 3100/ 9800] | Cost: 0.6166236 | Accuracy: 0.9200000
[2026-01-16 12:02:16,190] [INFO] - [ 3200/ 9800] | Cost: 0.6082771 | Accuracy: 0.9200000
[2026-01-16 12:04:17,984] [INFO] - [ 3300/ 9800] | Cost: 0.6249824 | Accuracy: 0.9200000
[2026-01-16 12:06:17,323] [INFO] - [ 3400/ 9800] | Cost: 0.6114085 | Accuracy: 0.9500000
[2026-01-16 12:08:36,143] [INFO] - [ 3500/ 9800] | Cost: 0.6067297 | Accuracy: 0.9400000
[2026-01-16 12:10:55,755] [INFO] - [ 3600/ 9800] | Cost: 0.6036692 | Accuracy: 0.9200000
[2026-01-16 12:12:40,807] [INFO] - [ 3700/ 9800] | Cost: 0.6081526 | Accuracy: 0.8200000
[2026-01-16 12:14:57,748] [INFO] - [ 3800/ 9800] | Cost: 0.6107576 | Accuracy: 0.7800000
[2026-01-16 12:17:05,283] [INFO] - [ 3900/ 9800] | Cost: 0.6185854 | Accuracy: 0.7300000
[2026-01-16 12:19:07,303] [INFO] - [ 4000/ 9800] | Cost: 0.6222683 | Accuracy: 0.6900000
[2026-01-16 12:21:32,550] [INFO] - [ 4100/ 9800] | Cost: 0.6019704 | Accuracy: 0.8300000
[2026-01-16 12:23:38,090] [INFO] - [ 4200/ 9800] | Cost: 0.6158578 | Accuracy: 0.8100000
[2026-01-16 12:25:47,503] [INFO] - [ 4300/ 9800] | Cost: 0.5993339 | Accuracy: 0.8900000
[2026-01-16 12:27:40,366] [INFO] - [ 4400/ 9800] | Cost: 0.6028410 | Accuracy: 0.9400000
[2026-01-16 12:29:48,078] [INFO] - [ 4500/ 9800] | Cost: 0.6059468 | Accuracy: 0.9100000
[2026-01-16 12:32:07,381] [INFO] - [ 4600/ 9800] | Cost: 0.6065997 | Accuracy: 0.9500000
[2026-01-16 12:34:18,526] [INFO] - [ 4700/ 9800] | Cost: 0.5949185 | Accuracy: 0.9400000
[2026-01-16 12:36:33,360] [INFO] - [ 4800/ 9800] | Cost: 0.6081970 | Accuracy: 0.8600000
[2026-01-16 12:38:48,036] [INFO] - [ 4900/ 9800] | Cost: 0.6251551 | Accuracy: 0.7800000
[2026-01-16 12:40:47,972] [INFO] - [ 5000/ 9800] | Cost: 0.5907991 | Accuracy: 0.9000000
[2026-01-16 12:43:14,770] [INFO] - [ 5100/ 9800] | Cost: 0.6115292 | Accuracy: 0.8600000
[2026-01-16 12:45:27,169] [INFO] - [ 5200/ 9800] | Cost: 0.6065784 | Accuracy: 0.8800000
[2026-01-16 12:47:36,347] [INFO] - [ 5300/ 9800] | Cost: 0.5857611 | Accuracy: 0.9400000
[2026-01-16 12:49:46,214] [INFO] - [ 5400/ 9800] | Cost: 0.5888523 | Accuracy: 0.9600000
[2026-01-16 12:51:56,260] [INFO] - [ 5500/ 9800] | Cost: 0.5905727 | Accuracy: 0.9200000
[2026-01-16 12:54:15,925] [INFO] - [ 5600/ 9800] | Cost: 0.5945719 | Accuracy: 0.8500000
[2026-01-16 12:56:18,839] [INFO] - [ 5700/ 9800] | Cost: 0.5905400 | Accuracy: 0.8600000
[2026-01-16 12:58:35,612] [INFO] - [ 5800/ 9800] | Cost: 0.6008824 | Accuracy: 0.8100000
[2026-01-16 13:00:32,763] [INFO] - [ 5900/ 9800] | Cost: 0.5910494 | Accuracy: 0.8300000
[2026-01-16 13:02:28,960] [INFO] - [ 6000/ 9800] | Cost: 0.5782591 | Accuracy: 0.8900000
[2026-01-16 13:04:42,861] [INFO] - [ 6100/ 9800] | Cost: 0.5715089 | Accuracy: 0.9600000
[2026-01-16 13:06:48,885] [INFO] - [ 6200/ 9800] | Cost: 0.5926329 | Accuracy: 0.9000000
[2026-01-16 13:08:53,233] [INFO] - [ 6300/ 9800] | Cost: 0.5843078 | Accuracy: 0.9500000
[2026-01-16 13:10:47,721] [INFO] - [ 6400/ 9800] | Cost: 0.5876703 | Accuracy: 0.8800000
[2026-01-16 13:12:53,750] [INFO] - [ 6500/ 9800] | Cost: 0.5963696 | Accuracy: 0.8500000
[2026-01-16 13:14:53,423] [INFO] - [ 6600/ 9800] | Cost: 0.5815454 | Accuracy: 0.9400000
[2026-01-16 13:17:09,149] [INFO] - [ 6700/ 9800] | Cost: 0.5862314 | Accuracy: 0.9100000
[2026-01-16 13:19:08,498] [INFO] - [ 6800/ 9800] | Cost: 0.5818914 | Accuracy: 0.9000000
[2026-01-16 13:20:55,175] [INFO] - [ 6900/ 9800] | Cost: 0.5864719 | Accuracy: 0.8900000
[2026-01-16 13:23:04,229] [INFO] - [ 7000/ 9800] | Cost: 0.5690218 | Accuracy: 0.9100000
[2026-01-16 13:25:07,543] [INFO] - [ 7100/ 9800] | Cost: 0.5842933 | Accuracy: 0.8900000
[2026-01-16 13:27:12,461] [INFO] - [ 7200/ 9800] | Cost: 0.5956698 | Accuracy: 0.8400000
[2026-01-16 13:29:14,843] [INFO] - [ 7300/ 9800] | Cost: 0.5913067 | Accuracy: 0.8300000
[2026-01-16 13:31:17,177] [INFO] - [ 7400/ 9800] | Cost: 0.5873864 | Accuracy: 0.8500000
[2026-01-16 13:33:25,938] [INFO] - [ 7500/ 9800] | Cost: 0.5880306 | Accuracy: 0.8900000
[2026-01-16 13:35:31,554] [INFO] - [ 7600/ 9800] | Cost: 0.5837829 | Accuracy: 0.8800000
[2026-01-16 13:37:51,022] [INFO] - [ 7700/ 9800] | Cost: 0.5789803 | Accuracy: 0.9100000
[2026-01-16 13:40:05,641] [INFO] - [ 7800/ 9800] | Cost: 0.5791715 | Accuracy: 0.9500000
[2026-01-16 13:42:10,423] [INFO] - [ 7900/ 9800] | Cost: 0.5823092 | Accuracy: 0.9300000
[2026-01-16 13:44:15,826] [INFO] - [ 8000/ 9800] | Cost: 0.5871794 | Accuracy: 0.9400000
[2026-01-16 13:46:20,416] [INFO] - [ 8100/ 9800] | Cost: 0.5958533 | Accuracy: 0.9200000
[2026-01-16 13:48:21,492] [INFO] - [ 8200/ 9800] | Cost: 0.5997219 | Accuracy: 0.8800000
[2026-01-16 13:50:35,163] [INFO] - [ 8300/ 9800] | Cost: 0.5830780 | Accuracy: 0.9400000
[2026-01-16 13:52:39,347] [INFO] - [ 8400/ 9800] | Cost: 0.5754321 | Accuracy: 0.9400000
[2026-01-16 13:54:35,136] [INFO] - [ 8500/ 9800] | Cost: 0.5975128 | Accuracy: 0.8800000
[2026-01-16 13:56:41,631] [INFO] - [ 8600/ 9800] | Cost: 0.5686924 | Accuracy: 0.9500000
[2026-01-16 13:58:47,445] [INFO] - [ 8700/ 9800] | Cost: 0.5704646 | Accuracy: 0.9300000
[2026-01-16 14:00:53,131] [INFO] - [ 8800/ 9800] | Cost: 0.6015099 | Accuracy: 0.8600000
[2026-01-16 14:02:55,966] [INFO] - [ 8900/ 9800] | Cost: 0.5932354 | Accuracy: 0.8600000
[2026-01-16 14:05:13,022] [INFO] - [ 9000/ 9800] | Cost: 0.5852391 | Accuracy: 0.9100000
[2026-01-16 14:07:17,040] [INFO] - [ 9100/ 9800] | Cost: 0.5868851 | Accuracy: 0.9000000
[2026-01-16 14:09:10,178] [INFO] - [ 9200/ 9800] | Cost: 0.5746792 | Accuracy: 0.9600000
[2026-01-16 14:11:25,799] [INFO] - [ 9300/ 9800] | Cost: 0.5662689 | Accuracy: 0.9400000
[2026-01-16 14:13:28,996] [INFO] - [ 9400/ 9800] | Cost: 0.5869276 | Accuracy: 0.9400000
[2026-01-16 14:15:31,823] [INFO] - [ 9500/ 9800] | Cost: 0.5661186 | Accuracy: 0.9300000
[2026-01-16 14:17:35,137] [INFO] - [ 9600/ 9800] | Cost: 0.5701194 | Accuracy: 0.9500000
[2026-01-16 14:19:39,475] [INFO] - [ 9700/ 9800] | Cost: 0.5822443 | Accuracy: 0.9000000
[2026-01-16 14:21:52,085] [INFO] - [ 9800/ 9800] | Cost: 0.5778195 | Accuracy: 0.9200000
[2026-01-16 14:58:15,775] [INFO] - Model dict saved to /workspace/persistent/embedding_colosseum/multirun/2026-01-15/22-04-31/89/saved_models/model_epoch-0.pt
[2026-01-16 14:58:15,780] [INFO] - Validation for epoch   0 | Cost: 0.5690703 | Accuracy: 0.9325000
