[2026-01-18 23:04:09,148] [INFO] - seed: 0
image_preprocessing: ContrastScaling
training:
  epochs: 1
  batch_size: 100
  image_width: 4
  lr: 0.05
model:
  num_layers: 3
dataset:
  num_classes: 2
  binary: true
  name: cxr8
  image_width_sweep: 2,4,8,16,32
  orig_width: 1024
embedding:
  name: OQIM
  pca: false
  supports_color: true

[2026-01-18 23:04:09,152] [INFO] - Using cuda.
[2026-01-18 23:04:09,291] [INFO] - Dataset: cxr8 | Train Size: 2270 | Validation Size: 650 | Test Size: 324
[2026-01-18 23:04:09,294] [INFO] - Initiate model
[2026-01-18 23:04:10,779] [INFO] - Weights Shape: torch.Size([3, 6, 3])
[2026-01-18 23:04:10,781] [INFO] - Bias Shape: torch.Size([2])
[2026-01-18 23:05:29,831] [INFO] - [  100/ 2270] | Cost: 0.6928947 | Accuracy: 0.4500000
[2026-01-18 23:07:06,055] [INFO] - [  200/ 2270] | Cost: 0.6232611 | Accuracy: 0.8400000
[2026-01-18 23:08:41,625] [INFO] - [  300/ 2270] | Cost: 0.5686619 | Accuracy: 0.8500000
[2026-01-18 23:10:11,163] [INFO] - [  400/ 2270] | Cost: 0.5408677 | Accuracy: 0.8200000
[2026-01-18 23:11:42,282] [INFO] - [  500/ 2270] | Cost: 0.4563722 | Accuracy: 0.9000000
[2026-01-18 23:13:13,954] [INFO] - [  600/ 2270] | Cost: 0.4280619 | Accuracy: 0.8900000
[2026-01-18 23:14:32,660] [INFO] - [  700/ 2270] | Cost: 0.4704971 | Accuracy: 0.8300000
[2026-01-18 23:17:05,930] [INFO] - [  800/ 2270] | Cost: 0.4497435 | Accuracy: 0.8400000
[2026-01-18 23:20:23,447] [INFO] - [  900/ 2270] | Cost: 0.4171850 | Accuracy: 0.8600000
[2026-01-18 23:23:58,415] [INFO] - [ 1000/ 2270] | Cost: 0.4550242 | Accuracy: 0.8300000
[2026-01-18 23:27:59,445] [INFO] - [ 1100/ 2270] | Cost: 0.3884465 | Accuracy: 0.8700000
[2026-01-18 23:31:51,749] [INFO] - [ 1200/ 2270] | Cost: 0.4561320 | Accuracy: 0.8300000
[2026-01-18 23:35:38,740] [INFO] - [ 1300/ 2270] | Cost: 0.4212654 | Accuracy: 0.8500000
[2026-01-18 23:39:32,036] [INFO] - [ 1400/ 2270] | Cost: 0.5711899 | Accuracy: 0.7700000
[2026-01-18 23:43:12,239] [INFO] - [ 1500/ 2270] | Cost: 0.4417298 | Accuracy: 0.8400000
[2026-01-18 23:46:41,953] [INFO] - [ 1600/ 2270] | Cost: 0.4618244 | Accuracy: 0.8300000
[2026-01-18 23:50:36,042] [INFO] - [ 1700/ 2270] | Cost: 0.2310753 | Accuracy: 0.9500000
[2026-01-18 23:54:36,917] [INFO] - [ 1800/ 2270] | Cost: 0.2512941 | Accuracy: 0.9400000
[2026-01-18 23:58:02,216] [INFO] - [ 1900/ 2270] | Cost: 0.4067216 | Accuracy: 0.8600000
[2026-01-19 00:01:35,317] [INFO] - [ 2000/ 2270] | Cost: 0.4670869 | Accuracy: 0.8300000
[2026-01-19 00:05:39,452] [INFO] - [ 2100/ 2270] | Cost: 0.4883122 | Accuracy: 0.8200000
[2026-01-19 00:09:32,543] [INFO] - [ 2200/ 2270] | Cost: 0.3659796 | Accuracy: 0.8800000
[2026-01-19 00:12:19,815] [INFO] - [ 2300/ 2270] | Cost: 0.3852631 | Accuracy: 0.8714286
