[2026-01-17 07:25:18,779] [INFO] - seed: 0
image_preprocessing: MedianBlur
training:
  epochs: 1
  batch_size: 100
  image_width: 16
  lr: 0.05
model:
  num_layers: 3
dataset:
  num_classes: 2
  binary: true
  name: cxr8
  image_width_sweep: 2,4,8,16,32,64
  orig_width: 1024
embedding:
  name: NAQSS
  pca: false
  supports_color: false

[2026-01-17 07:25:18,781] [INFO] - Using cuda.
[2026-01-17 07:25:18,913] [INFO] - Dataset: cxr8 | Train Size: 2270 | Validation Size: 650 | Test Size: 324
[2026-01-17 07:25:18,916] [INFO] - Initiate model
[2026-01-17 07:25:18,918] [INFO] - Weights Shape: torch.Size([3, 17, 3])
[2026-01-17 07:25:18,919] [INFO] - Bias Shape: torch.Size([2])
[2026-01-17 07:28:25,375] [INFO] - [  100/ 2270] | Cost: 0.6928014 | Accuracy: 0.5900000
[2026-01-17 07:31:00,952] [INFO] - [  200/ 2270] | Cost: 0.6603255 | Accuracy: 0.8400000
[2026-01-17 07:33:27,686] [INFO] - [  300/ 2270] | Cost: 0.6282546 | Accuracy: 0.8500000
[2026-01-17 07:35:53,695] [INFO] - [  400/ 2270] | Cost: 0.6084447 | Accuracy: 0.8200000
[2026-01-17 07:38:54,727] [INFO] - [  500/ 2270] | Cost: 0.5535557 | Accuracy: 0.9000000
[2026-01-17 07:41:34,011] [INFO] - [  600/ 2270] | Cost: 0.5301985 | Accuracy: 0.8900000
[2026-01-17 07:44:18,952] [INFO] - [  700/ 2270] | Cost: 0.5402183 | Accuracy: 0.8300000
[2026-01-17 07:46:48,925] [INFO] - [  800/ 2270] | Cost: 0.5167443 | Accuracy: 0.8400000
[2026-01-17 07:49:17,811] [INFO] - [  900/ 2270] | Cost: 0.4856972 | Accuracy: 0.8600000
[2026-01-17 07:52:15,914] [INFO] - [ 1000/ 2270] | Cost: 0.4969460 | Accuracy: 0.8300000
[2026-01-17 07:54:40,379] [INFO] - [ 1100/ 2270] | Cost: 0.4483509 | Accuracy: 0.8700000
[2026-01-17 07:57:12,560] [INFO] - [ 1200/ 2270] | Cost: 0.4782738 | Accuracy: 0.8300000
[2026-01-17 07:59:36,025] [INFO] - [ 1300/ 2270] | Cost: 0.4489948 | Accuracy: 0.8500000
[2026-01-17 08:02:34,197] [INFO] - [ 1400/ 2270] | Cost: 0.5390632 | Accuracy: 0.7700000
[2026-01-17 08:04:44,091] [INFO] - [ 1500/ 2270] | Cost: 0.4502235 | Accuracy: 0.8400000
[2026-01-17 08:07:08,037] [INFO] - [ 1600/ 2270] | Cost: 0.4597721 | Accuracy: 0.8300000
[2026-01-17 08:09:28,523] [INFO] - [ 1700/ 2270] | Cost: 0.2882327 | Accuracy: 0.9500000
[2026-01-17 08:12:31,434] [INFO] - [ 1800/ 2270] | Cost: 0.2937959 | Accuracy: 0.9400000
[2026-01-17 08:14:41,522] [INFO] - [ 1900/ 2270] | Cost: 0.4094846 | Accuracy: 0.8600000
[2026-01-17 08:17:19,440] [INFO] - [ 2000/ 2270] | Cost: 0.4560471 | Accuracy: 0.8300000
[2026-01-17 08:19:50,191] [INFO] - [ 2100/ 2270] | Cost: 0.4730791 | Accuracy: 0.8200000
[2026-01-17 08:22:30,216] [INFO] - [ 2200/ 2270] | Cost: 0.3711688 | Accuracy: 0.8800000
[2026-01-17 08:24:19,358] [INFO] - [ 2300/ 2270] | Cost: 0.3848071 | Accuracy: 0.8714286
