[2026-01-16 16:29:01,233] [INFO] - seed: 0
image_preprocessing: MedianBlur
training:
  epochs: 1
  batch_size: 100
  image_width: 16
  lr: 0.05
model:
  num_layers: 3
dataset:
  num_classes: 2
  binary: true
  name: eurosat_rgb
  image_width_sweep: '64'
  orig_width: 64
embedding:
  name: NEQR
  pca: false
  supports_color: true

[2026-01-16 16:29:01,236] [INFO] - Using cuda.
[2026-01-16 16:29:01,287] [INFO] - Dataset: eurosat_rgb | Train Size: 4200 | Validation Size: 1200 | Test Size: 600
[2026-01-16 16:29:01,290] [INFO] - Initiate model
[2026-01-16 16:29:01,291] [INFO] - Weights Shape: torch.Size([3, 16, 3])
[2026-01-16 16:29:01,292] [INFO] - Bias Shape: torch.Size([2])
[2026-01-16 16:30:36,055] [INFO] - [  100/ 4200] | Cost: 0.6931313 | Accuracy: 0.5000000
[2026-01-16 16:32:00,848] [INFO] - [  200/ 4200] | Cost: 0.6878276 | Accuracy: 0.5700000
[2026-01-16 16:33:45,074] [INFO] - [  300/ 4200] | Cost: 0.7079555 | Accuracy: 0.4500000
[2026-01-16 16:35:17,599] [INFO] - [  400/ 4200] | Cost: 0.7035399 | Accuracy: 0.4700000
[2026-01-16 16:37:00,025] [INFO] - [  500/ 4200] | Cost: 0.6974487 | Accuracy: 0.4900000
[2026-01-16 16:38:37,407] [INFO] - [  600/ 4200] | Cost: 0.6885620 | Accuracy: 0.5500000
[2026-01-16 16:40:17,633] [INFO] - [  700/ 4200] | Cost: 0.6931351 | Accuracy: 0.5000000
[2026-01-16 16:41:48,611] [INFO] - [  800/ 4200] | Cost: 0.6949430 | Accuracy: 0.4600000
[2026-01-16 16:43:15,101] [INFO] - [  900/ 4200] | Cost: 0.6918827 | Accuracy: 0.6200000
[2026-01-16 16:44:55,362] [INFO] - [ 1000/ 4200] | Cost: 0.6897640 | Accuracy: 0.5500000
[2026-01-16 16:46:36,667] [INFO] - [ 1100/ 4200] | Cost: 0.6956087 | Accuracy: 0.4700000
[2026-01-16 16:48:05,073] [INFO] - [ 1200/ 4200] | Cost: 0.6971440 | Accuracy: 0.4800000
[2026-01-16 16:49:44,145] [INFO] - [ 1300/ 4200] | Cost: 0.7045146 | Accuracy: 0.4400000
[2026-01-16 16:51:37,637] [INFO] - [ 1400/ 4200] | Cost: 0.6861630 | Accuracy: 0.5400000
[2026-01-16 16:53:04,174] [INFO] - [ 1500/ 4200] | Cost: 0.6986432 | Accuracy: 0.4400000
[2026-01-16 16:54:40,320] [INFO] - [ 1600/ 4200] | Cost: 0.6781918 | Accuracy: 0.5800000
[2026-01-16 16:56:43,682] [INFO] - [ 1700/ 4200] | Cost: 0.6917948 | Accuracy: 0.4800000
[2026-01-16 16:58:20,794] [INFO] - [ 1800/ 4200] | Cost: 0.6899779 | Accuracy: 0.4800000
[2026-01-16 16:59:56,053] [INFO] - [ 1900/ 4200] | Cost: 0.6904685 | Accuracy: 0.4600000
[2026-01-16 17:01:59,674] [INFO] - [ 2000/ 4200] | Cost: 0.6839252 | Accuracy: 0.4700000
[2026-01-16 17:03:32,444] [INFO] - [ 2100/ 4200] | Cost: 0.6794727 | Accuracy: 0.6700000
[2026-01-16 17:05:19,741] [INFO] - [ 2200/ 4200] | Cost: 0.6729745 | Accuracy: 0.8400000
[2026-01-16 17:07:12,879] [INFO] - [ 2300/ 4200] | Cost: 0.6678090 | Accuracy: 0.8800000
[2026-01-16 17:08:59,487] [INFO] - [ 2400/ 4200] | Cost: 0.6678198 | Accuracy: 0.8100000
[2026-01-16 17:10:43,961] [INFO] - [ 2500/ 4200] | Cost: 0.6591356 | Accuracy: 0.8000000
[2026-01-16 17:12:38,832] [INFO] - [ 2600/ 4200] | Cost: 0.6683507 | Accuracy: 0.6700000
[2026-01-16 17:14:12,056] [INFO] - [ 2700/ 4200] | Cost: 0.6643867 | Accuracy: 0.6600000
[2026-01-16 17:15:52,057] [INFO] - [ 2800/ 4200] | Cost: 0.6483030 | Accuracy: 0.7200000
[2026-01-16 17:17:40,935] [INFO] - [ 2900/ 4200] | Cost: 0.6470287 | Accuracy: 0.6600000
[2026-01-16 17:19:35,098] [INFO] - [ 3000/ 4200] | Cost: 0.6680036 | Accuracy: 0.5700000
[2026-01-16 17:21:17,829] [INFO] - [ 3100/ 4200] | Cost: 0.6901183 | Accuracy: 0.4700000
[2026-01-16 17:23:09,794] [INFO] - [ 3200/ 4200] | Cost: 0.7099420 | Accuracy: 0.4300000
[2026-01-16 17:24:55,402] [INFO] - [ 3300/ 4200] | Cost: 0.6654677 | Accuracy: 0.5700000
[2026-01-16 17:26:23,070] [INFO] - [ 3400/ 4200] | Cost: 0.6700447 | Accuracy: 0.5500000
[2026-01-16 17:28:08,880] [INFO] - [ 3500/ 4200] | Cost: 0.6610197 | Accuracy: 0.6700000
[2026-01-16 17:29:52,163] [INFO] - [ 3600/ 4200] | Cost: 0.6450288 | Accuracy: 0.7500000
[2026-01-16 17:31:31,816] [INFO] - [ 3700/ 4200] | Cost: 0.6665256 | Accuracy: 0.6900000
[2026-01-16 17:33:17,390] [INFO] - [ 3800/ 4200] | Cost: 0.6634471 | Accuracy: 0.6900000
[2026-01-16 17:35:05,665] [INFO] - [ 3900/ 4200] | Cost: 0.6580396 | Accuracy: 0.8200000
[2026-01-16 17:36:28,337] [INFO] - [ 4000/ 4200] | Cost: 0.6550868 | Accuracy: 0.8800000
[2026-01-16 17:38:07,906] [INFO] - [ 4100/ 4200] | Cost: 0.6509151 | Accuracy: 0.7600000
[2026-01-16 17:39:48,286] [INFO] - [ 4200/ 4200] | Cost: 0.6428893 | Accuracy: 0.5700000
