[2026-01-17 17:37:00,870] [INFO] - seed: 0
image_preprocessing: None
training:
  epochs: 1
  batch_size: 100
  image_width: 32
  lr: 0.05
model:
  num_layers: 3
dataset:
  num_classes: 2
  binary: true
  name: eurosat_ms
  image_width_sweep: '64'
  orig_width: 64
embedding:
  name: RMP
  pca: true
  supports_color: true

[2026-01-17 17:37:00,872] [INFO] - Using cuda.
[2026-01-17 17:37:00,921] [INFO] - Dataset: eurosat_ms | Train Size: 4200 | Validation Size: 1200 | Test Size: 600
[2026-01-17 17:37:00,923] [INFO] - Applying PCA Loader to the dataset
[2026-01-17 17:37:44,828] [INFO] - Initiate model
[2026-01-17 17:37:44,834] [INFO] - Weights Shape: torch.Size([3, 6, 3])
[2026-01-17 17:37:44,835] [INFO] - Bias Shape: torch.Size([2])
[2026-01-17 17:38:38,771] [INFO] - [  100/ 4200] | Cost: 0.6949059 | Accuracy: 0.5100000
[2026-01-17 17:39:32,129] [INFO] - [  200/ 4200] | Cost: 0.6861752 | Accuracy: 0.6300000
[2026-01-17 17:40:25,688] [INFO] - [  300/ 4200] | Cost: 0.6826903 | Accuracy: 0.5500000
[2026-01-17 17:41:19,233] [INFO] - [  400/ 4200] | Cost: 0.6916869 | Accuracy: 0.4800000
[2026-01-17 17:42:12,769] [INFO] - [  500/ 4200] | Cost: 0.6698151 | Accuracy: 0.5800000
[2026-01-17 17:43:06,053] [INFO] - [  600/ 4200] | Cost: 0.6726804 | Accuracy: 0.5500000
[2026-01-17 17:43:59,528] [INFO] - [  700/ 4200] | Cost: 0.6825986 | Accuracy: 0.5100000
[2026-01-17 17:44:53,031] [INFO] - [  800/ 4200] | Cost: 0.7032247 | Accuracy: 0.4200000
[2026-01-17 17:45:46,502] [INFO] - [  900/ 4200] | Cost: 0.6729729 | Accuracy: 0.5500000
[2026-01-17 17:46:39,757] [INFO] - [ 1000/ 4200] | Cost: 0.6764261 | Accuracy: 0.8500000
[2026-01-17 17:47:33,259] [INFO] - [ 1100/ 4200] | Cost: 0.6728546 | Accuracy: 0.5800000
[2026-01-17 17:48:26,759] [INFO] - [ 1200/ 4200] | Cost: 0.6762543 | Accuracy: 0.5100000
[2026-01-17 17:49:20,167] [INFO] - [ 1300/ 4200] | Cost: 0.6740779 | Accuracy: 0.5200000
[2026-01-17 17:50:13,388] [INFO] - [ 1400/ 4200] | Cost: 0.6831851 | Accuracy: 0.4800000
[2026-01-17 17:51:06,859] [INFO] - [ 1500/ 4200] | Cost: 0.6791878 | Accuracy: 0.4700000
[2026-01-17 17:52:00,322] [INFO] - [ 1600/ 4200] | Cost: 0.6772003 | Accuracy: 0.4600000
[2026-01-17 17:52:53,746] [INFO] - [ 1700/ 4200] | Cost: 0.6691879 | Accuracy: 0.8800000
[2026-01-17 17:53:47,213] [INFO] - [ 1800/ 4200] | Cost: 0.6626966 | Accuracy: 0.7800000
[2026-01-17 17:54:40,456] [INFO] - [ 1900/ 4200] | Cost: 0.6669140 | Accuracy: 0.5300000
[2026-01-17 17:55:33,965] [INFO] - [ 2000/ 4200] | Cost: 0.6864583 | Accuracy: 0.4600000
[2026-01-17 17:56:27,462] [INFO] - [ 2100/ 4200] | Cost: 0.6742781 | Accuracy: 0.5100000
[2026-01-17 17:57:20,930] [INFO] - [ 2200/ 4200] | Cost: 0.6812512 | Accuracy: 0.4700000
[2026-01-17 17:58:14,189] [INFO] - [ 2300/ 4200] | Cost: 0.6536122 | Accuracy: 0.5800000
[2026-01-17 17:59:07,659] [INFO] - [ 2400/ 4200] | Cost: 0.6555396 | Accuracy: 0.5800000
[2026-01-17 18:00:01,119] [INFO] - [ 2500/ 4200] | Cost: 0.6621922 | Accuracy: 0.5600000
[2026-01-17 18:00:54,344] [INFO] - [ 2600/ 4200] | Cost: 0.6627454 | Accuracy: 0.6200000
[2026-01-17 18:01:47,767] [INFO] - [ 2700/ 4200] | Cost: 0.6678770 | Accuracy: 0.6300000
[2026-01-17 18:02:41,203] [INFO] - [ 2800/ 4200] | Cost: 0.6625631 | Accuracy: 0.8700000
[2026-01-17 18:03:34,598] [INFO] - [ 2900/ 4200] | Cost: 0.6596031 | Accuracy: 0.9100000
[2026-01-17 18:04:27,818] [INFO] - [ 3000/ 4200] | Cost: 0.6586070 | Accuracy: 0.9300000
[2026-01-17 18:05:21,264] [INFO] - [ 3100/ 4200] | Cost: 0.6590102 | Accuracy: 0.8600000
[2026-01-17 18:06:14,721] [INFO] - [ 3200/ 4200] | Cost: 0.6621091 | Accuracy: 0.8400000
[2026-01-17 18:07:08,127] [INFO] - [ 3300/ 4200] | Cost: 0.6613508 | Accuracy: 0.8700000
[2026-01-17 18:08:01,372] [INFO] - [ 3400/ 4200] | Cost: 0.6525831 | Accuracy: 0.9300000
[2026-01-17 18:08:54,769] [INFO] - [ 3500/ 4200] | Cost: 0.6523480 | Accuracy: 0.9000000
[2026-01-17 18:09:46,018] [INFO] - [ 3600/ 4200] | Cost: 0.6521916 | Accuracy: 0.8800000
[2026-01-17 18:10:34,264] [INFO] - [ 3700/ 4200] | Cost: 0.6451724 | Accuracy: 0.9400000
[2026-01-17 18:11:27,468] [INFO] - [ 3800/ 4200] | Cost: 0.6642595 | Accuracy: 0.6200000
[2026-01-17 18:12:20,814] [INFO] - [ 3900/ 4200] | Cost: 0.6455165 | Accuracy: 0.5500000
[2026-01-17 18:13:14,201] [INFO] - [ 4000/ 4200] | Cost: 0.6408956 | Accuracy: 0.5600000
[2026-01-17 18:14:05,489] [INFO] - [ 4100/ 4200] | Cost: 0.6476932 | Accuracy: 0.5400000
[2026-01-17 18:14:49,775] [INFO] - [ 4200/ 4200] | Cost: 0.6427959 | Accuracy: 0.5400000
[2026-01-17 18:15:09,528] [INFO] - Model dict saved to /workspace/persistent/embedding_colosseum/multirun/2026-01-17/16-03-43/56/saved_models/model_epoch-0.pt
[2026-01-17 18:15:09,529] [INFO] - Validation for epoch   0 | Cost: 0.6403258 | Accuracy: 0.5066667
