[2026-01-18 23:04:08,543] [INFO] - seed: 0
image_preprocessing: None
training:
  epochs: 1
  batch_size: 100
  image_width: 8
  lr: 0.05
model:
  num_layers: 3
dataset:
  num_classes: 2
  binary: true
  name: cxr8
  image_width_sweep: 2,4,8,16,32
  orig_width: 1024
embedding:
  name: NAQSS
  pca: false
  supports_color: false

[2026-01-18 23:04:08,547] [INFO] - Using cuda.
[2026-01-18 23:04:08,743] [INFO] - Dataset: cxr8 | Train Size: 2270 | Validation Size: 650 | Test Size: 324
[2026-01-18 23:04:08,746] [INFO] - Initiate model
[2026-01-18 23:04:09,037] [INFO] - Weights Shape: torch.Size([3, 15, 3])
[2026-01-18 23:04:09,038] [INFO] - Bias Shape: torch.Size([2])
[2026-01-18 23:08:39,085] [INFO] - [  100/ 2270] | Cost: 0.6933346 | Accuracy: 0.4400000
[2026-01-18 23:13:15,928] [INFO] - [  200/ 2270] | Cost: 0.6612581 | Accuracy: 0.8400000
[2026-01-18 23:20:35,834] [INFO] - [  300/ 2270] | Cost: 0.6279563 | Accuracy: 0.8500000
[2026-01-18 23:32:01,154] [INFO] - [  400/ 2270] | Cost: 0.6082453 | Accuracy: 0.8200000
[2026-01-18 23:43:17,848] [INFO] - [  500/ 2270] | Cost: 0.5537325 | Accuracy: 0.9000000
[2026-01-18 23:54:42,921] [INFO] - [  600/ 2270] | Cost: 0.5300239 | Accuracy: 0.8900000
[2026-01-19 00:05:47,953] [INFO] - [  700/ 2270] | Cost: 0.5403464 | Accuracy: 0.8300000
[2026-01-19 00:17:26,647] [INFO] - [  800/ 2270] | Cost: 0.5165390 | Accuracy: 0.8400000
[2026-01-19 00:28:41,454] [INFO] - [  900/ 2270] | Cost: 0.4859451 | Accuracy: 0.8600000
[2026-01-19 00:39:37,628] [INFO] - [ 1000/ 2270] | Cost: 0.4970212 | Accuracy: 0.8300000
[2026-01-19 00:51:14,043] [INFO] - [ 1100/ 2270] | Cost: 0.4484287 | Accuracy: 0.8700000
[2026-01-19 01:02:13,947] [INFO] - [ 1200/ 2270] | Cost: 0.4786776 | Accuracy: 0.8300000
[2026-01-19 01:14:01,327] [INFO] - [ 1300/ 2270] | Cost: 0.4492975 | Accuracy: 0.8500000
[2026-01-19 01:25:24,138] [INFO] - [ 1400/ 2270] | Cost: 0.5395052 | Accuracy: 0.7700000
[2026-01-19 01:36:10,348] [INFO] - [ 1500/ 2270] | Cost: 0.4501606 | Accuracy: 0.8400000
[2026-01-19 01:47:42,951] [INFO] - [ 1600/ 2270] | Cost: 0.4595225 | Accuracy: 0.8300000
[2026-01-19 01:58:15,138] [INFO] - [ 1700/ 2270] | Cost: 0.2878587 | Accuracy: 0.9500000
[2026-01-19 02:10:06,139] [INFO] - [ 1800/ 2270] | Cost: 0.2939189 | Accuracy: 0.9400000
[2026-01-19 02:21:19,521] [INFO] - [ 1900/ 2270] | Cost: 0.4099345 | Accuracy: 0.8600000
[2026-01-19 02:32:43,948] [INFO] - [ 2000/ 2270] | Cost: 0.4563792 | Accuracy: 0.8300000
[2026-01-19 02:43:47,535] [INFO] - [ 2100/ 2270] | Cost: 0.4731247 | Accuracy: 0.8200000
[2026-01-19 02:54:59,116] [INFO] - [ 2200/ 2270] | Cost: 0.3710286 | Accuracy: 0.8800000
[2026-01-19 03:02:47,616] [INFO] - [ 2300/ 2270] | Cost: 0.3851673 | Accuracy: 0.8714286
