[2026-01-19 04:09:14,127] [INFO] - seed: 0
image_preprocessing: BilateralFilter
training:
  epochs: 1
  batch_size: 100
  image_width: 32
  lr: 0.05
model:
  num_layers: 3
dataset:
  num_classes: 2
  binary: true
  name: mnist
  image_width_sweep: 16,32
  orig_width: 28
embedding:
  name: NAQSS
  pca: false
  supports_color: false

[2026-01-19 04:09:14,129] [INFO] - Using cuda.
[2026-01-19 04:09:15,220] [INFO] - Dataset: mnist | Train Size: 10346 | Validation Size: 2956 | Test Size: 1478
[2026-01-19 04:09:15,223] [INFO] - Initiate model
[2026-01-19 04:09:15,226] [INFO] - Weights Shape: torch.Size([3, 19, 3])
[2026-01-19 04:09:15,227] [INFO] - Bias Shape: torch.Size([2])
[2026-01-19 05:08:09,721] [INFO] - [  100/10346] | Cost: 0.6931133 | Accuracy: 0.5100000
[2026-01-19 06:07:07,040] [INFO] - [  200/10346] | Cost: 0.6908215 | Accuracy: 0.5200000
[2026-01-19 07:06:50,744] [INFO] - [  300/10346] | Cost: 0.6931221 | Accuracy: 0.4900000
[2026-01-19 08:02:06,258] [INFO] - [  400/10346] | Cost: 0.6868679 | Accuracy: 0.5300000
[2026-01-19 08:56:09,153] [INFO] - [  500/10346] | Cost: 0.6843960 | Accuracy: 0.5300000
