[2026-01-18 04:04:51,482] [INFO] - seed: 1
image_preprocessing: None
training:
  epochs: 1
  batch_size: 100
  image_width: 32
  lr: 0.05
model:
  num_layers: 3
dataset:
  num_classes: 2
  binary: true
  name: eurosat_ms
  image_width_sweep: '64'
  orig_width: 64
embedding:
  name: ZZFeatureMap
  pca: true
  supports_color: true

[2026-01-18 04:04:51,484] [INFO] - Using cuda.
[2026-01-18 04:04:52,113] [INFO] - Dataset: eurosat_ms | Train Size: 4200 | Validation Size: 1200 | Test Size: 600
[2026-01-18 04:04:52,115] [INFO] - Applying PCA Loader to the dataset
[2026-01-18 04:05:41,544] [INFO] - Initiate model
[2026-01-18 04:05:41,548] [INFO] - Weights Shape: torch.Size([3, 6, 3])
[2026-01-18 04:05:41,549] [INFO] - Bias Shape: torch.Size([2])
[2026-01-18 04:06:16,997] [INFO] - [  100/ 4200] | Cost: 0.8689871 | Accuracy: 0.3000000
[2026-01-18 04:06:52,436] [INFO] - [  200/ 4200] | Cost: 0.7913151 | Accuracy: 0.2700000
[2026-01-18 04:07:27,721] [INFO] - [  300/ 4200] | Cost: 0.7534656 | Accuracy: 0.2300000
[2026-01-18 04:08:02,958] [INFO] - [  400/ 4200] | Cost: 0.7337887 | Accuracy: 0.3200000
[2026-01-18 04:08:38,134] [INFO] - [  500/ 4200] | Cost: 0.7205724 | Accuracy: 0.4500000
[2026-01-18 04:09:13,173] [INFO] - [  600/ 4200] | Cost: 0.6910086 | Accuracy: 0.5400000
[2026-01-18 04:09:48,310] [INFO] - [  700/ 4200] | Cost: 0.6916263 | Accuracy: 0.5100000
[2026-01-18 04:10:23,455] [INFO] - [  800/ 4200] | Cost: 0.6875880 | Accuracy: 0.5000000
[2026-01-18 04:10:58,620] [INFO] - [  900/ 4200] | Cost: 0.6640626 | Accuracy: 0.5600000
[2026-01-18 04:11:33,766] [INFO] - [ 1000/ 4200] | Cost: 0.6480871 | Accuracy: 0.6300000
[2026-01-18 04:12:08,887] [INFO] - [ 1100/ 4200] | Cost: 0.6360737 | Accuracy: 0.6800000
[2026-01-18 04:12:43,813] [INFO] - [ 1200/ 4200] | Cost: 0.6278090 | Accuracy: 0.7800000
[2026-01-18 04:13:18,962] [INFO] - [ 1300/ 4200] | Cost: 0.6373205 | Accuracy: 0.7600000
[2026-01-18 04:13:54,123] [INFO] - [ 1400/ 4200] | Cost: 0.5989751 | Accuracy: 0.8400000
[2026-01-18 04:14:29,281] [INFO] - [ 1500/ 4200] | Cost: 0.6045974 | Accuracy: 0.8300000
[2026-01-18 04:15:04,398] [INFO] - [ 1600/ 4200] | Cost: 0.5987380 | Accuracy: 0.8300000
[2026-01-18 04:15:39,560] [INFO] - [ 1700/ 4200] | Cost: 0.5778272 | Accuracy: 0.8300000
[2026-01-18 04:16:14,489] [INFO] - [ 1800/ 4200] | Cost: 0.6012667 | Accuracy: 0.7000000
[2026-01-18 04:16:49,628] [INFO] - [ 1900/ 4200] | Cost: 0.5821117 | Accuracy: 0.7100000
[2026-01-18 04:17:24,822] [INFO] - [ 2000/ 4200] | Cost: 0.5908866 | Accuracy: 0.7500000
[2026-01-18 04:18:00,004] [INFO] - [ 2100/ 4200] | Cost: 0.5731729 | Accuracy: 0.7700000
[2026-01-18 04:18:34,920] [INFO] - [ 2200/ 4200] | Cost: 0.5753722 | Accuracy: 0.8000000
[2026-01-18 04:19:09,978] [INFO] - [ 2300/ 4200] | Cost: 0.5467058 | Accuracy: 0.8500000
[2026-01-18 04:19:45,042] [INFO] - [ 2400/ 4200] | Cost: 0.5615023 | Accuracy: 0.7500000
[2026-01-18 04:20:20,148] [INFO] - [ 2500/ 4200] | Cost: 0.5556948 | Accuracy: 0.8500000
[2026-01-18 04:20:55,285] [INFO] - [ 2600/ 4200] | Cost: 0.5420268 | Accuracy: 0.8100000
[2026-01-18 04:21:25,956] [INFO] - [ 2700/ 4200] | Cost: 0.5615425 | Accuracy: 0.8000000
[2026-01-18 04:22:01,002] [INFO] - [ 2800/ 4200] | Cost: 0.5300777 | Accuracy: 0.8100000
[2026-01-18 04:22:35,841] [INFO] - [ 2900/ 4200] | Cost: 0.5245916 | Accuracy: 0.8100000
[2026-01-18 04:23:10,918] [INFO] - [ 3000/ 4200] | Cost: 0.5245339 | Accuracy: 0.8300000
[2026-01-18 04:23:45,639] [INFO] - [ 3100/ 4200] | Cost: 0.5475293 | Accuracy: 0.7900000
[2026-01-18 04:24:18,936] [INFO] - [ 3200/ 4200] | Cost: 0.5272185 | Accuracy: 0.8400000
[2026-01-18 04:24:53,727] [INFO] - [ 3300/ 4200] | Cost: 0.5220721 | Accuracy: 0.8300000
[2026-01-18 04:25:28,619] [INFO] - [ 3400/ 4200] | Cost: 0.5037413 | Accuracy: 0.8600000
[2026-01-18 04:26:03,779] [INFO] - [ 3500/ 4200] | Cost: 0.5416062 | Accuracy: 0.7700000
[2026-01-18 04:26:38,941] [INFO] - [ 3600/ 4200] | Cost: 0.5375361 | Accuracy: 0.8400000
[2026-01-18 04:27:14,031] [INFO] - [ 3700/ 4200] | Cost: 0.4963604 | Accuracy: 0.8300000
[2026-01-18 04:27:49,130] [INFO] - [ 3800/ 4200] | Cost: 0.5216340 | Accuracy: 0.8300000
[2026-01-18 04:28:24,040] [INFO] - [ 3900/ 4200] | Cost: 0.5099082 | Accuracy: 0.8100000
[2026-01-18 04:28:54,722] [INFO] - [ 4000/ 4200] | Cost: 0.4963624 | Accuracy: 0.8500000
[2026-01-18 04:29:29,761] [INFO] - [ 4100/ 4200] | Cost: 0.4741159 | Accuracy: 0.9000000
[2026-01-18 04:30:03,851] [INFO] - [ 4200/ 4200] | Cost: 0.4971128 | Accuracy: 0.8600000
[2026-01-18 04:30:19,083] [INFO] - Model dict saved to /workspace/persistent/embedding_colosseum/multirun/2026-01-18/02-06-25/54/saved_models/model_epoch-0.pt
[2026-01-18 04:30:19,084] [INFO] - Validation for epoch   0 | Cost: 0.5002415 | Accuracy: 0.8608333
