[2026-01-17 08:24:21,750] [INFO] - seed: 0
image_preprocessing: HomomorphicFilter
training:
  epochs: 1
  batch_size: 100
  image_width: 32
  lr: 0.05
model:
  num_layers: 3
dataset:
  num_classes: 2
  binary: true
  name: cxr8
  image_width_sweep: 2,4,8,16,32,64
  orig_width: 1024
embedding:
  name: NAQSS
  pca: false
  supports_color: false

[2026-01-17 08:24:21,752] [INFO] - Using cuda.
[2026-01-17 08:24:21,878] [INFO] - Dataset: cxr8 | Train Size: 2270 | Validation Size: 650 | Test Size: 324
[2026-01-17 08:24:21,880] [INFO] - Initiate model
[2026-01-17 08:24:21,882] [INFO] - Weights Shape: torch.Size([3, 19, 3])
[2026-01-17 08:24:21,883] [INFO] - Bias Shape: torch.Size([2])
[2026-01-17 08:34:18,448] [INFO] - [  100/ 2270] | Cost: 0.6931776 | Accuracy: 0.4500000
[2026-01-17 08:43:43,483] [INFO] - [  200/ 2270] | Cost: 0.6606810 | Accuracy: 0.8400000
[2026-01-17 08:52:26,077] [INFO] - [  300/ 2270] | Cost: 0.6283570 | Accuracy: 0.8500000
[2026-01-17 09:00:37,356] [INFO] - [  400/ 2270] | Cost: 0.6085253 | Accuracy: 0.8200000
[2026-01-17 09:08:25,486] [INFO] - [  500/ 2270] | Cost: 0.5535011 | Accuracy: 0.9000000
[2026-01-17 09:16:16,963] [INFO] - [  600/ 2270] | Cost: 0.5300236 | Accuracy: 0.8900000
[2026-01-17 09:23:48,995] [INFO] - [  700/ 2270] | Cost: 0.5404177 | Accuracy: 0.8300000
[2026-01-17 09:31:10,931] [INFO] - [  800/ 2270] | Cost: 0.5167592 | Accuracy: 0.8400000
[2026-01-17 09:38:42,704] [INFO] - [  900/ 2270] | Cost: 0.4858752 | Accuracy: 0.8600000
[2026-01-17 09:45:55,095] [INFO] - [ 1000/ 2270] | Cost: 0.4969763 | Accuracy: 0.8300000
[2026-01-17 09:53:16,538] [INFO] - [ 1100/ 2270] | Cost: 0.4484020 | Accuracy: 0.8700000
[2026-01-17 10:00:38,791] [INFO] - [ 1200/ 2270] | Cost: 0.4783502 | Accuracy: 0.8300000
[2026-01-17 10:07:43,939] [INFO] - [ 1300/ 2270] | Cost: 0.4491629 | Accuracy: 0.8500000
[2026-01-17 10:14:49,507] [INFO] - [ 1400/ 2270] | Cost: 0.5392637 | Accuracy: 0.7700000
[2026-01-17 10:21:58,405] [INFO] - [ 1500/ 2270] | Cost: 0.4498896 | Accuracy: 0.8400000
[2026-01-17 10:29:10,139] [INFO] - [ 1600/ 2270] | Cost: 0.4599560 | Accuracy: 0.8300000
[2026-01-17 10:36:26,763] [INFO] - [ 1700/ 2270] | Cost: 0.2881747 | Accuracy: 0.9500000
[2026-01-17 10:43:33,900] [INFO] - [ 1800/ 2270] | Cost: 0.2938410 | Accuracy: 0.9400000
[2026-01-17 10:50:45,789] [INFO] - [ 1900/ 2270] | Cost: 0.4097036 | Accuracy: 0.8600000
[2026-01-17 10:57:56,470] [INFO] - [ 2000/ 2270] | Cost: 0.4558812 | Accuracy: 0.8300000
[2026-01-17 11:05:01,902] [INFO] - [ 2100/ 2270] | Cost: 0.4730367 | Accuracy: 0.8200000
[2026-01-17 11:12:13,233] [INFO] - [ 2200/ 2270] | Cost: 0.3713577 | Accuracy: 0.8800000
[2026-01-17 11:17:13,770] [INFO] - [ 2300/ 2270] | Cost: 0.3849760 | Accuracy: 0.8714286
