[2026-01-16 02:21:28,630] [INFO] - seed: 0
image_preprocessing: HomomorphicFilter
training:
  epochs: 1
  batch_size: 100
  image_width: 16
  lr: 0.05
model:
  num_layers: 3
dataset:
  num_classes: 2
  binary: true
  name: mnist
  image_width_sweep: 16,32
  orig_width: 28
embedding:
  name: NEQR
  pca: false
  supports_color: true

[2026-01-16 02:21:28,632] [INFO] - Using cuda.
[2026-01-16 02:21:29,028] [INFO] - Dataset: mnist | Train Size: 10346 | Validation Size: 2956 | Test Size: 1478
[2026-01-16 02:21:29,031] [INFO] - Initiate model
[2026-01-16 02:21:29,033] [INFO] - Weights Shape: torch.Size([3, 16, 3])
[2026-01-16 02:21:29,034] [INFO] - Bias Shape: torch.Size([2])
[2026-01-16 02:22:50,351] [INFO] - [  100/10346] | Cost: 0.6932980 | Accuracy: 0.5100000
[2026-01-16 02:24:40,771] [INFO] - [  200/10346] | Cost: 0.6901227 | Accuracy: 0.5200000
[2026-01-16 02:26:06,857] [INFO] - [  300/10346] | Cost: 0.6907871 | Accuracy: 0.4900000
[2026-01-16 02:27:33,823] [INFO] - [  400/10346] | Cost: 0.6848131 | Accuracy: 0.5300000
[2026-01-16 02:29:05,053] [INFO] - [  500/10346] | Cost: 0.6807202 | Accuracy: 0.5300000
[2026-01-16 02:30:32,232] [INFO] - [  600/10346] | Cost: 0.6836159 | Accuracy: 0.4100000
[2026-01-16 02:32:00,712] [INFO] - [  700/10346] | Cost: 0.6715413 | Accuracy: 0.8800000
[2026-01-16 02:33:41,268] [INFO] - [  800/10346] | Cost: 0.6663309 | Accuracy: 0.8700000
[2026-01-16 02:35:18,788] [INFO] - [  900/10346] | Cost: 0.6512625 | Accuracy: 0.9100000
[2026-01-16 02:36:36,786] [INFO] - [ 1000/10346] | Cost: 0.6489947 | Accuracy: 0.6800000
[2026-01-16 02:38:19,747] [INFO] - [ 1100/10346] | Cost: 0.6450569 | Accuracy: 0.5500000
[2026-01-16 02:39:47,260] [INFO] - [ 1200/10346] | Cost: 0.6346007 | Accuracy: 0.5300000
[2026-01-16 02:41:17,626] [INFO] - [ 1300/10346] | Cost: 0.6273735 | Accuracy: 0.5200000
[2026-01-16 02:43:00,904] [INFO] - [ 1400/10346] | Cost: 0.5969118 | Accuracy: 0.5700000
[2026-01-16 02:44:45,592] [INFO] - [ 1500/10346] | Cost: 0.6013985 | Accuracy: 0.5700000
[2026-01-16 02:46:45,877] [INFO] - [ 1600/10346] | Cost: 0.5720607 | Accuracy: 0.6100000
[2026-01-16 02:48:20,924] [INFO] - [ 1700/10346] | Cost: 0.5811676 | Accuracy: 0.5600000
[2026-01-16 02:49:56,687] [INFO] - [ 1800/10346] | Cost: 0.5895615 | Accuracy: 0.5700000
[2026-01-16 02:51:36,144] [INFO] - [ 1900/10346] | Cost: 0.5868021 | Accuracy: 0.5400000
[2026-01-16 02:53:31,707] [INFO] - [ 2000/10346] | Cost: 0.5933813 | Accuracy: 0.5200000
[2026-01-16 02:55:00,096] [INFO] - [ 2100/10346] | Cost: 0.5978943 | Accuracy: 0.6300000
[2026-01-16 02:57:07,757] [INFO] - [ 2200/10346] | Cost: 0.5755499 | Accuracy: 0.7700000
[2026-01-16 02:58:35,294] [INFO] - [ 2300/10346] | Cost: 0.5884913 | Accuracy: 0.8600000
[2026-01-16 03:00:27,481] [INFO] - [ 2400/10346] | Cost: 0.5779945 | Accuracy: 0.9100000
[2026-01-16 03:02:08,157] [INFO] - [ 2500/10346] | Cost: 0.5757267 | Accuracy: 0.9800000
[2026-01-16 03:03:45,818] [INFO] - [ 2600/10346] | Cost: 0.5823947 | Accuracy: 0.9400000
[2026-01-16 03:05:40,680] [INFO] - [ 2700/10346] | Cost: 0.5723935 | Accuracy: 0.9400000
[2026-01-16 03:07:20,768] [INFO] - [ 2800/10346] | Cost: 0.5748702 | Accuracy: 0.9300000
[2026-01-16 03:09:12,191] [INFO] - [ 2900/10346] | Cost: 0.5833944 | Accuracy: 0.8700000
[2026-01-16 03:10:53,203] [INFO] - [ 3000/10346] | Cost: 0.5532864 | Accuracy: 0.9900000
[2026-01-16 03:12:29,084] [INFO] - [ 3100/10346] | Cost: 0.5672574 | Accuracy: 0.9100000
[2026-01-16 03:14:15,515] [INFO] - [ 3200/10346] | Cost: 0.5690307 | Accuracy: 0.9200000
[2026-01-16 03:16:07,451] [INFO] - [ 3300/10346] | Cost: 0.5803307 | Accuracy: 0.8900000
[2026-01-16 03:17:27,361] [INFO] - [ 3400/10346] | Cost: 0.5732424 | Accuracy: 0.8500000
[2026-01-16 03:19:37,535] [INFO] - [ 3500/10346] | Cost: 0.5691211 | Accuracy: 0.8900000
[2026-01-16 03:21:13,873] [INFO] - [ 3600/10346] | Cost: 0.5579409 | Accuracy: 0.8900000
[2026-01-16 03:22:55,391] [INFO] - [ 3700/10346] | Cost: 0.5810925 | Accuracy: 0.8900000
[2026-01-16 03:24:43,677] [INFO] - [ 3800/10346] | Cost: 0.5626569 | Accuracy: 0.9200000
[2026-01-16 03:26:19,171] [INFO] - [ 3900/10346] | Cost: 0.5691019 | Accuracy: 0.8500000
[2026-01-16 03:28:05,654] [INFO] - [ 4000/10346] | Cost: 0.5545790 | Accuracy: 0.9100000
[2026-01-16 03:29:44,969] [INFO] - [ 4100/10346] | Cost: 0.5621803 | Accuracy: 0.9300000
[2026-01-16 03:31:32,499] [INFO] - [ 4200/10346] | Cost: 0.5574064 | Accuracy: 0.9200000
[2026-01-16 03:33:19,740] [INFO] - [ 4300/10346] | Cost: 0.5606230 | Accuracy: 0.9300000
[2026-01-16 03:34:48,194] [INFO] - [ 4400/10346] | Cost: 0.5439035 | Accuracy: 0.9200000
[2026-01-16 03:36:27,328] [INFO] - [ 4500/10346] | Cost: 0.5518442 | Accuracy: 0.9200000
[2026-01-16 03:38:20,404] [INFO] - [ 4600/10346] | Cost: 0.5540161 | Accuracy: 0.9400000
[2026-01-16 03:39:31,423] [INFO] - [ 4700/10346] | Cost: 0.5464399 | Accuracy: 0.9100000
[2026-01-16 03:41:25,348] [INFO] - [ 4800/10346] | Cost: 0.5669297 | Accuracy: 0.8600000
[2026-01-16 03:43:10,569] [INFO] - [ 4900/10346] | Cost: 0.5673931 | Accuracy: 0.8600000
[2026-01-16 03:44:35,401] [INFO] - [ 5000/10346] | Cost: 0.5371627 | Accuracy: 0.9500000
[2026-01-16 03:46:27,528] [INFO] - [ 5100/10346] | Cost: 0.5524552 | Accuracy: 0.9500000
[2026-01-16 03:47:52,918] [INFO] - [ 5200/10346] | Cost: 0.5606104 | Accuracy: 0.9200000
[2026-01-16 03:49:18,798] [INFO] - [ 5300/10346] | Cost: 0.5439203 | Accuracy: 0.9500000
[2026-01-16 03:51:09,901] [INFO] - [ 5400/10346] | Cost: 0.5235730 | Accuracy: 0.9700000
[2026-01-16 03:52:59,170] [INFO] - [ 5500/10346] | Cost: 0.5166346 | Accuracy: 0.9700000
[2026-01-16 03:54:33,201] [INFO] - [ 5600/10346] | Cost: 0.5340792 | Accuracy: 0.9400000
[2026-01-16 03:56:10,521] [INFO] - [ 5700/10346] | Cost: 0.5296469 | Accuracy: 0.9200000
[2026-01-16 03:57:45,206] [INFO] - [ 5800/10346] | Cost: 0.5445505 | Accuracy: 0.9200000
[2026-01-16 03:59:26,102] [INFO] - [ 5900/10346] | Cost: 0.5247028 | Accuracy: 0.9500000
[2026-01-16 04:00:53,808] [INFO] - [ 6000/10346] | Cost: 0.5414419 | Accuracy: 0.8900000
[2026-01-16 04:02:39,889] [INFO] - [ 6100/10346] | Cost: 0.5150507 | Accuracy: 0.9700000
[2026-01-16 04:04:15,356] [INFO] - [ 6200/10346] | Cost: 0.5244045 | Accuracy: 0.9600000
[2026-01-16 04:05:56,908] [INFO] - [ 6300/10346] | Cost: 0.5531305 | Accuracy: 0.8900000
[2026-01-16 04:07:31,250] [INFO] - [ 6400/10346] | Cost: 0.5249627 | Accuracy: 0.9500000
[2026-01-16 04:09:10,868] [INFO] - [ 6500/10346] | Cost: 0.5137560 | Accuracy: 0.9700000
[2026-01-16 04:10:31,393] [INFO] - [ 6600/10346] | Cost: 0.5466099 | Accuracy: 0.8600000
[2026-01-16 04:12:12,004] [INFO] - [ 6700/10346] | Cost: 0.5225974 | Accuracy: 0.9700000
[2026-01-16 04:13:56,747] [INFO] - [ 6800/10346] | Cost: 0.5215552 | Accuracy: 0.9700000
[2026-01-16 04:15:31,537] [INFO] - [ 6900/10346] | Cost: 0.5063411 | Accuracy: 0.9800000
[2026-01-16 04:17:08,364] [INFO] - [ 7000/10346] | Cost: 0.5275199 | Accuracy: 0.9400000
[2026-01-16 04:18:28,982] [INFO] - [ 7100/10346] | Cost: 0.5337777 | Accuracy: 0.9400000
[2026-01-16 04:20:13,340] [INFO] - [ 7200/10346] | Cost: 0.5234007 | Accuracy: 0.9800000
[2026-01-16 04:21:42,013] [INFO] - [ 7300/10346] | Cost: 0.5292224 | Accuracy: 0.9200000
[2026-01-16 04:23:11,330] [INFO] - [ 7400/10346] | Cost: 0.5082007 | Accuracy: 0.9400000
[2026-01-16 04:24:52,158] [INFO] - [ 7500/10346] | Cost: 0.5346567 | Accuracy: 0.9200000
[2026-01-16 04:26:30,379] [INFO] - [ 7600/10346] | Cost: 0.5244274 | Accuracy: 0.9400000
[2026-01-16 04:28:01,419] [INFO] - [ 7700/10346] | Cost: 0.5290331 | Accuracy: 0.9000000
[2026-01-16 04:29:37,240] [INFO] - [ 7800/10346] | Cost: 0.5264027 | Accuracy: 0.9500000
[2026-01-16 04:31:14,834] [INFO] - [ 7900/10346] | Cost: 0.5266720 | Accuracy: 0.9400000
[2026-01-16 04:32:48,877] [INFO] - [ 8000/10346] | Cost: 0.5348925 | Accuracy: 0.8900000
[2026-01-16 04:34:19,160] [INFO] - [ 8100/10346] | Cost: 0.5397608 | Accuracy: 0.9200000
[2026-01-16 04:36:11,628] [INFO] - [ 8200/10346] | Cost: 0.5364444 | Accuracy: 0.9800000
[2026-01-16 04:37:43,599] [INFO] - [ 8300/10346] | Cost: 0.5351883 | Accuracy: 0.9500000
[2026-01-16 04:39:13,529] [INFO] - [ 8400/10346] | Cost: 0.5195328 | Accuracy: 0.9800000
[2026-01-16 04:40:38,702] [INFO] - [ 8500/10346] | Cost: 0.5291666 | Accuracy: 0.9400000
[2026-01-16 04:42:31,704] [INFO] - [ 8600/10346] | Cost: 0.5112185 | Accuracy: 0.9600000
[2026-01-16 04:44:00,378] [INFO] - [ 8700/10346] | Cost: 0.5297554 | Accuracy: 0.9400000
[2026-01-16 04:45:28,418] [INFO] - [ 8800/10346] | Cost: 0.5233646 | Accuracy: 0.9300000
[2026-01-16 04:47:25,309] [INFO] - [ 8900/10346] | Cost: 0.5103351 | Accuracy: 0.9700000
[2026-01-16 04:48:50,672] [INFO] - [ 9000/10346] | Cost: 0.5310378 | Accuracy: 0.9200000
[2026-01-16 04:50:26,705] [INFO] - [ 9100/10346] | Cost: 0.5233714 | Accuracy: 0.9100000
[2026-01-16 04:52:07,180] [INFO] - [ 9200/10346] | Cost: 0.5236180 | Accuracy: 0.9100000
[2026-01-16 04:53:43,023] [INFO] - [ 9300/10346] | Cost: 0.5149720 | Accuracy: 0.9600000
[2026-01-16 04:55:20,379] [INFO] - [ 9400/10346] | Cost: 0.5152386 | Accuracy: 0.9600000
[2026-01-16 04:57:19,988] [INFO] - [ 9500/10346] | Cost: 0.5108523 | Accuracy: 0.9800000
[2026-01-16 04:58:48,518] [INFO] - [ 9600/10346] | Cost: 0.5253708 | Accuracy: 0.9500000
[2026-01-16 05:00:22,161] [INFO] - [ 9700/10346] | Cost: 0.5217273 | Accuracy: 0.9500000
[2026-01-16 05:02:15,858] [INFO] - [ 9800/10346] | Cost: 0.5165154 | Accuracy: 0.9700000
[2026-01-16 05:03:30,260] [INFO] - [ 9900/10346] | Cost: 0.5386884 | Accuracy: 0.9400000
[2026-01-16 05:05:10,629] [INFO] - [10000/10346] | Cost: 0.5318279 | Accuracy: 0.9200000
[2026-01-16 05:06:44,228] [INFO] - [10100/10346] | Cost: 0.5335314 | Accuracy: 0.9200000
[2026-01-16 05:08:20,391] [INFO] - [10200/10346] | Cost: 0.5211155 | Accuracy: 0.9300000
[2026-01-16 05:09:51,868] [INFO] - [10300/10346] | Cost: 0.5394954 | Accuracy: 0.8900000
[2026-01-16 05:10:41,097] [INFO] - [10400/10346] | Cost: 0.4972070 | Accuracy: 0.9565217
