[2026-01-17 04:11:48,467] [INFO] - seed: 0
image_preprocessing: ContrastScaling
training:
  epochs: 1
  batch_size: 100
  image_width: 32
  lr: 0.05
model:
  num_layers: 3
dataset:
  num_classes: 2
  binary: true
  name: stl10
  image_width_sweep: 2,4,8,16,32,64
  orig_width: 96
embedding:
  name: FRQI
  pca: false
  supports_color: false

[2026-01-17 04:11:48,469] [INFO] - Using cuda.
[2026-01-17 04:11:58,761] [INFO] - Dataset: stl10 | Train Size: 1819 | Validation Size: 521 | Test Size: 260
[2026-01-17 04:11:58,763] [INFO] - Initiate model
[2026-01-17 04:11:58,765] [INFO] - Weights Shape: torch.Size([3, 11, 3])
[2026-01-17 04:11:58,766] [INFO] - Bias Shape: torch.Size([2])
[2026-01-17 04:13:57,106] [INFO] - [  100/ 1819] | Cost: 0.6938659 | Accuracy: 0.4000000
[2026-01-17 04:15:58,182] [INFO] - [  200/ 1819] | Cost: 0.6962197 | Accuracy: 0.4900000
[2026-01-17 04:17:47,187] [INFO] - [  300/ 1819] | Cost: 0.6903630 | Accuracy: 0.5200000
[2026-01-17 04:20:02,742] [INFO] - [  400/ 1819] | Cost: 0.6887591 | Accuracy: 0.5600000
[2026-01-17 04:22:01,145] [INFO] - [  500/ 1819] | Cost: 0.6998544 | Accuracy: 0.4400000
[2026-01-17 04:23:57,391] [INFO] - [  600/ 1819] | Cost: 0.6903660 | Accuracy: 0.4900000
[2026-01-17 04:26:02,072] [INFO] - [  700/ 1819] | Cost: 0.6865693 | Accuracy: 0.6800000
[2026-01-17 04:27:57,902] [INFO] - [  800/ 1819] | Cost: 0.6907310 | Accuracy: 0.5200000
[2026-01-17 04:30:00,601] [INFO] - [  900/ 1819] | Cost: 0.6882517 | Accuracy: 0.6200000
[2026-01-17 04:32:04,684] [INFO] - [ 1000/ 1819] | Cost: 0.6902444 | Accuracy: 0.5500000
[2026-01-17 04:34:01,157] [INFO] - [ 1100/ 1819] | Cost: 0.6877183 | Accuracy: 0.5800000
[2026-01-17 04:35:53,660] [INFO] - [ 1200/ 1819] | Cost: 0.6823500 | Accuracy: 0.7200000
[2026-01-17 04:37:52,838] [INFO] - [ 1300/ 1819] | Cost: 0.6842904 | Accuracy: 0.7200000
[2026-01-17 04:39:45,154] [INFO] - [ 1400/ 1819] | Cost: 0.6829787 | Accuracy: 0.6400000
[2026-01-17 04:41:49,640] [INFO] - [ 1500/ 1819] | Cost: 0.6871234 | Accuracy: 0.5000000
[2026-01-17 04:43:53,547] [INFO] - [ 1600/ 1819] | Cost: 0.6858478 | Accuracy: 0.5200000
[2026-01-17 04:45:46,777] [INFO] - [ 1700/ 1819] | Cost: 0.6925319 | Accuracy: 0.4400000
[2026-01-17 04:47:47,548] [INFO] - [ 1800/ 1819] | Cost: 0.6874869 | Accuracy: 0.5400000
[2026-01-17 04:48:13,515] [INFO] - [ 1900/ 1819] | Cost: 0.6802642 | Accuracy: 0.6315789
[2026-01-17 04:54:27,873] [INFO] - Model dict saved to /workspace/persistent/embedding_colosseum/multirun/2026-01-15/22-04-31/257/saved_models/model_epoch-0.pt
[2026-01-17 04:54:27,878] [INFO] - Validation for epoch   0 | Cost: 0.6783510 | Accuracy: 0.5710317
