[2026-01-17 03:46:47,018] [INFO] - seed: 0
image_preprocessing: GaussianBlur
training:
  epochs: 1
  batch_size: 100
  image_width: 32
  lr: 0.05
model:
  num_layers: 3
dataset:
  num_classes: 2
  binary: true
  name: stl10
  image_width_sweep: 2,4,8,16,32,64
  orig_width: 96
embedding:
  name: NEQR
  pca: false
  supports_color: true

[2026-01-17 03:46:47,020] [INFO] - Using cuda.
[2026-01-17 03:46:58,999] [INFO] - Dataset: stl10 | Train Size: 1819 | Validation Size: 521 | Test Size: 260
[2026-01-17 03:46:59,002] [INFO] - Initiate model
[2026-01-17 03:46:59,005] [INFO] - Weights Shape: torch.Size([3, 18, 3])
[2026-01-17 03:46:59,005] [INFO] - Bias Shape: torch.Size([2])
[2026-01-17 03:52:22,647] [INFO] - [  100/ 1819] | Cost: 0.6931602 | Accuracy: 0.4900000
[2026-01-17 03:57:59,381] [INFO] - [  200/ 1819] | Cost: 0.6951985 | Accuracy: 0.4900000
[2026-01-17 04:03:18,200] [INFO] - [  300/ 1819] | Cost: 0.6922916 | Accuracy: 0.5200000
[2026-01-17 04:08:51,147] [INFO] - [  400/ 1819] | Cost: 0.6906476 | Accuracy: 0.5600000
[2026-01-17 04:14:10,645] [INFO] - [  500/ 1819] | Cost: 0.6989713 | Accuracy: 0.4400000
[2026-01-17 04:19:41,294] [INFO] - [  600/ 1819] | Cost: 0.6939299 | Accuracy: 0.4900000
[2026-01-17 04:24:55,749] [INFO] - [  700/ 1819] | Cost: 0.6916365 | Accuracy: 0.5700000
[2026-01-17 04:29:55,071] [INFO] - [  800/ 1819] | Cost: 0.6949128 | Accuracy: 0.4300000
[2026-01-17 04:34:52,756] [INFO] - [  900/ 1819] | Cost: 0.6930470 | Accuracy: 0.4700000
[2026-01-17 04:39:57,006] [INFO] - [ 1000/ 1819] | Cost: 0.6938760 | Accuracy: 0.4800000
[2026-01-17 04:44:58,345] [INFO] - [ 1100/ 1819] | Cost: 0.6938967 | Accuracy: 0.4700000
[2026-01-17 04:50:09,113] [INFO] - [ 1200/ 1819] | Cost: 0.6923716 | Accuracy: 0.5300000
[2026-01-17 04:55:25,553] [INFO] - [ 1300/ 1819] | Cost: 0.6941353 | Accuracy: 0.4600000
[2026-01-17 05:00:47,156] [INFO] - [ 1400/ 1819] | Cost: 0.6940743 | Accuracy: 0.4400000
[2026-01-17 05:06:10,337] [INFO] - [ 1500/ 1819] | Cost: 0.6937676 | Accuracy: 0.4500000
[2026-01-17 05:11:40,588] [INFO] - [ 1600/ 1819] | Cost: 0.6919560 | Accuracy: 0.5500000
[2026-01-17 05:17:15,822] [INFO] - [ 1700/ 1819] | Cost: 0.6958613 | Accuracy: 0.4300000
[2026-01-17 05:22:55,571] [INFO] - [ 1800/ 1819] | Cost: 0.6940449 | Accuracy: 0.5000000
[2026-01-17 05:23:47,919] [INFO] - [ 1900/ 1819] | Cost: 0.6905593 | Accuracy: 0.5789474
