[2026-01-16 17:05:26,225] [INFO] - seed: 0
image_preprocessing: BilateralFilter
training:
  epochs: 1
  batch_size: 100
  image_width: 32
  lr: 0.05
model:
  num_layers: 3
dataset:
  num_classes: 2
  binary: true
  name: eurosat_rgb
  image_width_sweep: '64'
  orig_width: 64
embedding:
  name: NEQR
  pca: false
  supports_color: true

[2026-01-16 17:05:26,227] [INFO] - Using cuda.
[2026-01-16 17:05:26,279] [INFO] - Dataset: eurosat_rgb | Train Size: 4200 | Validation Size: 1200 | Test Size: 600
[2026-01-16 17:05:26,282] [INFO] - Initiate model
[2026-01-16 17:05:26,284] [INFO] - Weights Shape: torch.Size([3, 18, 3])
[2026-01-16 17:05:26,286] [INFO] - Bias Shape: torch.Size([2])
[2026-01-16 17:10:22,748] [INFO] - [  100/ 4200] | Cost: 0.6932591 | Accuracy: 0.4900000
[2026-01-16 17:15:19,697] [INFO] - [  200/ 4200] | Cost: 0.6869528 | Accuracy: 0.5700000
[2026-01-16 17:20:33,834] [INFO] - [  300/ 4200] | Cost: 0.7069585 | Accuracy: 0.4500000
[2026-01-16 17:25:31,083] [INFO] - [  400/ 4200] | Cost: 0.7019114 | Accuracy: 0.4700000
[2026-01-16 17:30:54,635] [INFO] - [  500/ 4200] | Cost: 0.6958416 | Accuracy: 0.4900000
[2026-01-16 17:36:02,373] [INFO] - [  600/ 4200] | Cost: 0.6863312 | Accuracy: 0.5500000
[2026-01-16 17:41:20,699] [INFO] - [  700/ 4200] | Cost: 0.6922360 | Accuracy: 0.5100000
[2026-01-16 17:46:24,410] [INFO] - [  800/ 4200] | Cost: 0.6897820 | Accuracy: 0.5700000
[2026-01-16 17:51:11,734] [INFO] - [  900/ 4200] | Cost: 0.6847844 | Accuracy: 0.7900000
[2026-01-16 17:56:11,486] [INFO] - [ 1000/ 4200] | Cost: 0.6875811 | Accuracy: 0.4800000
[2026-01-16 18:01:14,954] [INFO] - [ 1100/ 4200] | Cost: 0.6892856 | Accuracy: 0.4700000
[2026-01-16 18:06:30,719] [INFO] - [ 1200/ 4200] | Cost: 0.6898268 | Accuracy: 0.4800000
[2026-01-16 18:11:43,051] [INFO] - [ 1300/ 4200] | Cost: 0.7037041 | Accuracy: 0.4300000
[2026-01-16 18:16:59,719] [INFO] - [ 1400/ 4200] | Cost: 0.6843135 | Accuracy: 0.5200000
[2026-01-16 18:22:15,795] [INFO] - [ 1500/ 4200] | Cost: 0.6922612 | Accuracy: 0.4400000
[2026-01-16 18:27:39,484] [INFO] - [ 1600/ 4200] | Cost: 0.6781940 | Accuracy: 0.5300000
[2026-01-16 18:33:02,004] [INFO] - [ 1700/ 4200] | Cost: 0.6915962 | Accuracy: 0.4500000
[2026-01-16 18:38:22,285] [INFO] - [ 1800/ 4200] | Cost: 0.6844637 | Accuracy: 0.4500000
[2026-01-16 18:43:39,105] [INFO] - [ 1900/ 4200] | Cost: 0.6890574 | Accuracy: 0.3800000
[2026-01-16 18:48:57,462] [INFO] - [ 2000/ 4200] | Cost: 0.6834561 | Accuracy: 0.4200000
[2026-01-16 18:54:14,754] [INFO] - [ 2100/ 4200] | Cost: 0.6839114 | Accuracy: 0.7200000
[2026-01-16 18:59:34,931] [INFO] - [ 2200/ 4200] | Cost: 0.6819898 | Accuracy: 0.7400000
[2026-01-16 19:04:35,440] [INFO] - [ 2300/ 4200] | Cost: 0.6796486 | Accuracy: 0.7600000
[2026-01-16 19:09:36,645] [INFO] - [ 2400/ 4200] | Cost: 0.6750632 | Accuracy: 0.7300000
[2026-01-16 19:14:45,923] [INFO] - [ 2500/ 4200] | Cost: 0.6753554 | Accuracy: 0.6900000
[2026-01-16 19:19:52,590] [INFO] - [ 2600/ 4200] | Cost: 0.6875980 | Accuracy: 0.5900000
[2026-01-16 19:25:09,910] [INFO] - [ 2700/ 4200] | Cost: 0.6800700 | Accuracy: 0.5900000
[2026-01-16 19:30:16,637] [INFO] - [ 2800/ 4200] | Cost: 0.6626326 | Accuracy: 0.6600000
[2026-01-16 19:35:34,201] [INFO] - [ 2900/ 4200] | Cost: 0.6719335 | Accuracy: 0.6000000
[2026-01-16 19:40:33,693] [INFO] - [ 3000/ 4200] | Cost: 0.6808430 | Accuracy: 0.5300000
[2026-01-16 19:45:49,341] [INFO] - [ 3100/ 4200] | Cost: 0.7045836 | Accuracy: 0.4600000
[2026-01-16 19:50:56,199] [INFO] - [ 3200/ 4200] | Cost: 0.7155530 | Accuracy: 0.4200000
[2026-01-16 19:56:22,310] [INFO] - [ 3300/ 4200] | Cost: 0.6785256 | Accuracy: 0.5700000
[2026-01-16 20:01:20,999] [INFO] - [ 3400/ 4200] | Cost: 0.6828889 | Accuracy: 0.5100000
[2026-01-16 20:06:49,014] [INFO] - [ 3500/ 4200] | Cost: 0.6673649 | Accuracy: 0.5800000
[2026-01-16 20:11:59,548] [INFO] - [ 3600/ 4200] | Cost: 0.6590445 | Accuracy: 0.6800000
[2026-01-16 20:17:22,668] [INFO] - [ 3700/ 4200] | Cost: 0.6765088 | Accuracy: 0.5900000
[2026-01-16 20:22:28,933] [INFO] - [ 3800/ 4200] | Cost: 0.6818747 | Accuracy: 0.6200000
[2026-01-16 20:27:54,607] [INFO] - [ 3900/ 4200] | Cost: 0.6701065 | Accuracy: 0.7600000
[2026-01-16 20:33:01,068] [INFO] - [ 4000/ 4200] | Cost: 0.6612135 | Accuracy: 0.7500000
[2026-01-16 20:38:03,863] [INFO] - [ 4100/ 4200] | Cost: 0.6645206 | Accuracy: 0.5200000
[2026-01-16 20:43:14,058] [INFO] - [ 4200/ 4200] | Cost: 0.6550238 | Accuracy: 0.5500000
