[2026-01-16 05:10:41,524] [INFO] - seed: 0
image_preprocessing: None
training:
  epochs: 1
  batch_size: 100
  image_width: 16
  lr: 0.05
model:
  num_layers: 3
dataset:
  num_classes: 2
  binary: true
  name: fashion
  image_width_sweep: 16,32
  orig_width: 28
embedding:
  name: NAQSS
  pca: false
  supports_color: false

[2026-01-16 05:10:41,526] [INFO] - Using cuda.
[2026-01-16 05:10:41,962] [INFO] - Dataset: fashion | Train Size: 9800 | Validation Size: 2800 | Test Size: 1400
[2026-01-16 05:10:41,966] [INFO] - Initiate model
[2026-01-16 05:10:41,968] [INFO] - Weights Shape: torch.Size([3, 17, 3])
[2026-01-16 05:10:41,969] [INFO] - Bias Shape: torch.Size([2])
[2026-01-16 05:13:29,917] [INFO] - [  100/ 9800] | Cost: 0.6931185 | Accuracy: 0.5400000
[2026-01-16 05:15:57,028] [INFO] - [  200/ 9800] | Cost: 0.6819554 | Accuracy: 0.6100000
[2026-01-16 05:19:03,939] [INFO] - [  300/ 9800] | Cost: 0.6965091 | Accuracy: 0.5000000
[2026-01-16 05:21:40,045] [INFO] - [  400/ 9800] | Cost: 0.7200903 | Accuracy: 0.4100000
[2026-01-16 05:24:38,438] [INFO] - [  500/ 9800] | Cost: 0.6993092 | Accuracy: 0.4800000
[2026-01-16 05:27:05,553] [INFO] - [  600/ 9800] | Cost: 0.6945908 | Accuracy: 0.4800000
[2026-01-16 05:30:11,577] [INFO] - [  700/ 9800] | Cost: 0.6898973 | Accuracy: 0.4800000
[2026-01-16 05:32:57,142] [INFO] - [  800/ 9800] | Cost: 0.6753673 | Accuracy: 0.5600000
[2026-01-16 05:35:34,810] [INFO] - [  900/ 9800] | Cost: 0.6802297 | Accuracy: 0.4400000
[2026-01-16 05:38:27,430] [INFO] - [ 1000/ 9800] | Cost: 0.6683105 | Accuracy: 0.8400000
[2026-01-16 05:40:59,605] [INFO] - [ 1100/ 9800] | Cost: 0.6622930 | Accuracy: 0.9100000
[2026-01-16 05:43:53,687] [INFO] - [ 1200/ 9800] | Cost: 0.6567110 | Accuracy: 0.9400000
[2026-01-16 05:46:05,869] [INFO] - [ 1300/ 9800] | Cost: 0.6464480 | Accuracy: 0.9100000
[2026-01-16 05:48:58,954] [INFO] - [ 1400/ 9800] | Cost: 0.6367859 | Accuracy: 0.9400000
[2026-01-16 05:51:29,461] [INFO] - [ 1500/ 9800] | Cost: 0.6243194 | Accuracy: 0.9700000
[2026-01-16 05:54:19,343] [INFO] - [ 1600/ 9800] | Cost: 0.6306774 | Accuracy: 0.9000000
[2026-01-16 05:57:01,889] [INFO] - [ 1700/ 9800] | Cost: 0.6228155 | Accuracy: 0.8600000
[2026-01-16 05:59:45,968] [INFO] - [ 1800/ 9800] | Cost: 0.6196123 | Accuracy: 0.9000000
[2026-01-16 06:02:46,821] [INFO] - [ 1900/ 9800] | Cost: 0.6167086 | Accuracy: 0.9000000
[2026-01-16 06:05:38,585] [INFO] - [ 2000/ 9800] | Cost: 0.6064900 | Accuracy: 0.9600000
[2026-01-16 06:08:29,022] [INFO] - [ 2100/ 9800] | Cost: 0.6024467 | Accuracy: 0.9700000
[2026-01-16 06:11:23,972] [INFO] - [ 2200/ 9800] | Cost: 0.6065857 | Accuracy: 0.9500000
[2026-01-16 06:14:12,600] [INFO] - [ 2300/ 9800] | Cost: 0.6185030 | Accuracy: 0.9400000
[2026-01-16 06:16:52,468] [INFO] - [ 2400/ 9800] | Cost: 0.6028875 | Accuracy: 0.9500000
[2026-01-16 06:19:24,757] [INFO] - [ 2500/ 9800] | Cost: 0.6098765 | Accuracy: 0.9200000
[2026-01-16 06:22:01,528] [INFO] - [ 2600/ 9800] | Cost: 0.6147819 | Accuracy: 0.8900000
[2026-01-16 06:24:46,243] [INFO] - [ 2700/ 9800] | Cost: 0.6079726 | Accuracy: 0.9300000
[2026-01-16 06:27:23,579] [INFO] - [ 2800/ 9800] | Cost: 0.6066394 | Accuracy: 0.9600000
[2026-01-16 06:30:04,009] [INFO] - [ 2900/ 9800] | Cost: 0.6054722 | Accuracy: 0.9000000
[2026-01-16 06:32:53,369] [INFO] - [ 3000/ 9800] | Cost: 0.6026800 | Accuracy: 0.9400000
[2026-01-16 06:35:20,611] [INFO] - [ 3100/ 9800] | Cost: 0.6121161 | Accuracy: 0.9300000
[2026-01-16 06:38:01,990] [INFO] - [ 3200/ 9800] | Cost: 0.5964585 | Accuracy: 0.9400000
[2026-01-16 06:40:41,957] [INFO] - [ 3300/ 9800] | Cost: 0.6133831 | Accuracy: 0.9200000
[2026-01-16 06:43:31,686] [INFO] - [ 3400/ 9800] | Cost: 0.6081877 | Accuracy: 0.9400000
[2026-01-16 06:46:05,040] [INFO] - [ 3500/ 9800] | Cost: 0.6008289 | Accuracy: 0.9500000
[2026-01-16 06:49:07,206] [INFO] - [ 3600/ 9800] | Cost: 0.6019049 | Accuracy: 0.9500000
[2026-01-16 06:52:04,821] [INFO] - [ 3700/ 9800] | Cost: 0.6001146 | Accuracy: 0.9600000
[2026-01-16 06:55:02,704] [INFO] - [ 3800/ 9800] | Cost: 0.5969170 | Accuracy: 0.9400000
[2026-01-16 06:58:13,498] [INFO] - [ 3900/ 9800] | Cost: 0.6098955 | Accuracy: 0.8600000
[2026-01-16 07:01:00,049] [INFO] - [ 4000/ 9800] | Cost: 0.6128360 | Accuracy: 0.8600000
[2026-01-16 07:03:53,138] [INFO] - [ 4100/ 9800] | Cost: 0.6013508 | Accuracy: 0.8900000
[2026-01-16 07:06:57,983] [INFO] - [ 4200/ 9800] | Cost: 0.6123403 | Accuracy: 0.8700000
[2026-01-16 07:09:43,552] [INFO] - [ 4300/ 9800] | Cost: 0.5988479 | Accuracy: 0.8800000
[2026-01-16 07:12:39,352] [INFO] - [ 4400/ 9800] | Cost: 0.6008617 | Accuracy: 0.9200000
[2026-01-16 07:15:48,532] [INFO] - [ 4500/ 9800] | Cost: 0.6059071 | Accuracy: 0.8700000
[2026-01-16 07:18:43,910] [INFO] - [ 4600/ 9800] | Cost: 0.6017359 | Accuracy: 0.8800000
[2026-01-16 07:21:39,902] [INFO] - [ 4700/ 9800] | Cost: 0.5913994 | Accuracy: 0.9600000
[2026-01-16 07:24:44,186] [INFO] - [ 4800/ 9800] | Cost: 0.6052464 | Accuracy: 0.9100000
[2026-01-16 07:27:41,412] [INFO] - [ 4900/ 9800] | Cost: 0.6025259 | Accuracy: 0.9100000
[2026-01-16 07:30:53,137] [INFO] - [ 5000/ 9800] | Cost: 0.5889711 | Accuracy: 0.9500000
[2026-01-16 07:34:01,698] [INFO] - [ 5100/ 9800] | Cost: 0.6013401 | Accuracy: 0.9100000
[2026-01-16 07:37:15,081] [INFO] - [ 5200/ 9800] | Cost: 0.6033471 | Accuracy: 0.9000000
[2026-01-16 07:40:33,194] [INFO] - [ 5300/ 9800] | Cost: 0.5884655 | Accuracy: 0.9400000
[2026-01-16 07:43:40,201] [INFO] - [ 5400/ 9800] | Cost: 0.5889916 | Accuracy: 0.9800000
[2026-01-16 07:46:50,156] [INFO] - [ 5500/ 9800] | Cost: 0.5905412 | Accuracy: 0.9400000
[2026-01-16 07:50:05,522] [INFO] - [ 5600/ 9800] | Cost: 0.5934114 | Accuracy: 0.9200000
[2026-01-16 07:53:19,231] [INFO] - [ 5700/ 9800] | Cost: 0.5892438 | Accuracy: 0.9200000
[2026-01-16 07:56:14,938] [INFO] - [ 5800/ 9800] | Cost: 0.5943454 | Accuracy: 0.9000000
[2026-01-16 07:59:09,927] [INFO] - [ 5900/ 9800] | Cost: 0.5814164 | Accuracy: 0.9600000
[2026-01-16 08:02:13,783] [INFO] - [ 6000/ 9800] | Cost: 0.5834596 | Accuracy: 0.9600000
[2026-01-16 08:05:26,746] [INFO] - [ 6100/ 9800] | Cost: 0.5793389 | Accuracy: 0.9800000
[2026-01-16 08:08:20,034] [INFO] - [ 6200/ 9800] | Cost: 0.5910604 | Accuracy: 0.9300000
[2026-01-16 08:11:40,732] [INFO] - [ 6300/ 9800] | Cost: 0.5780492 | Accuracy: 0.9800000
[2026-01-16 08:14:44,810] [INFO] - [ 6400/ 9800] | Cost: 0.5903789 | Accuracy: 0.9000000
[2026-01-16 08:17:53,863] [INFO] - [ 6500/ 9800] | Cost: 0.5920550 | Accuracy: 0.8900000
[2026-01-16 08:20:58,438] [INFO] - [ 6600/ 9800] | Cost: 0.5886099 | Accuracy: 0.8900000
[2026-01-16 08:23:53,367] [INFO] - [ 6700/ 9800] | Cost: 0.5844463 | Accuracy: 0.9300000
[2026-01-16 08:27:15,608] [INFO] - [ 6800/ 9800] | Cost: 0.5804478 | Accuracy: 0.8700000
[2026-01-16 08:29:57,557] [INFO] - [ 6900/ 9800] | Cost: 0.5950788 | Accuracy: 0.9000000
[2026-01-16 08:32:57,625] [INFO] - [ 7000/ 9800] | Cost: 0.5668803 | Accuracy: 0.9000000
[2026-01-16 08:35:51,037] [INFO] - [ 7100/ 9800] | Cost: 0.5815422 | Accuracy: 0.8300000
[2026-01-16 08:39:02,268] [INFO] - [ 7200/ 9800] | Cost: 0.5733784 | Accuracy: 0.8900000
[2026-01-16 08:41:42,254] [INFO] - [ 7300/ 9800] | Cost: 0.5725052 | Accuracy: 0.8200000
[2026-01-16 08:44:51,475] [INFO] - [ 7400/ 9800] | Cost: 0.5896767 | Accuracy: 0.8000000
[2026-01-16 08:47:53,208] [INFO] - [ 7500/ 9800] | Cost: 0.5631397 | Accuracy: 0.8600000
[2026-01-16 08:51:00,038] [INFO] - [ 7600/ 9800] | Cost: 0.5723014 | Accuracy: 0.8500000
[2026-01-16 08:53:59,982] [INFO] - [ 7700/ 9800] | Cost: 0.5666597 | Accuracy: 0.8800000
[2026-01-16 08:56:52,603] [INFO] - [ 7800/ 9800] | Cost: 0.5569580 | Accuracy: 0.9000000
[2026-01-16 09:00:08,939] [INFO] - [ 7900/ 9800] | Cost: 0.5556374 | Accuracy: 0.9200000
[2026-01-16 09:03:00,635] [INFO] - [ 8000/ 9800] | Cost: 0.5469159 | Accuracy: 0.9100000
[2026-01-16 09:06:01,647] [INFO] - [ 8100/ 9800] | Cost: 0.5595905 | Accuracy: 0.9000000
[2026-01-16 09:08:48,591] [INFO] - [ 8200/ 9800] | Cost: 0.5692475 | Accuracy: 0.9000000
[2026-01-16 09:11:49,273] [INFO] - [ 8300/ 9800] | Cost: 0.5461650 | Accuracy: 0.9500000
[2026-01-16 09:14:37,250] [INFO] - [ 8400/ 9800] | Cost: 0.5432250 | Accuracy: 0.9600000
[2026-01-16 09:17:27,031] [INFO] - [ 8500/ 9800] | Cost: 0.5636872 | Accuracy: 0.9000000
[2026-01-16 09:20:22,953] [INFO] - [ 8600/ 9800] | Cost: 0.5460094 | Accuracy: 0.9700000
[2026-01-16 09:23:33,084] [INFO] - [ 8700/ 9800] | Cost: 0.5415382 | Accuracy: 0.9600000
[2026-01-16 09:26:05,695] [INFO] - [ 8800/ 9800] | Cost: 0.5501441 | Accuracy: 0.8900000
[2026-01-16 09:29:16,834] [INFO] - [ 8900/ 9800] | Cost: 0.5576273 | Accuracy: 0.9100000
[2026-01-16 09:31:58,486] [INFO] - [ 9000/ 9800] | Cost: 0.5512334 | Accuracy: 0.9400000
[2026-01-16 09:35:05,481] [INFO] - [ 9100/ 9800] | Cost: 0.5532482 | Accuracy: 0.9200000
[2026-01-16 09:37:43,026] [INFO] - [ 9200/ 9800] | Cost: 0.5509433 | Accuracy: 0.9400000
[2026-01-16 09:40:38,995] [INFO] - [ 9300/ 9800] | Cost: 0.5412337 | Accuracy: 0.9500000
[2026-01-16 09:43:44,285] [INFO] - [ 9400/ 9800] | Cost: 0.5506711 | Accuracy: 0.9300000
[2026-01-16 09:46:49,181] [INFO] - [ 9500/ 9800] | Cost: 0.5379077 | Accuracy: 0.9300000
[2026-01-16 09:49:40,123] [INFO] - [ 9600/ 9800] | Cost: 0.5455916 | Accuracy: 0.9600000
[2026-01-16 09:52:43,459] [INFO] - [ 9700/ 9800] | Cost: 0.5644416 | Accuracy: 0.9000000
[2026-01-16 09:55:51,724] [INFO] - [ 9800/ 9800] | Cost: 0.5464526 | Accuracy: 0.9200000
