[2026-01-17 07:05:56,035] [INFO] - seed: 0
image_preprocessing: ContrastScaling
training:
  epochs: 1
  batch_size: 100
  image_width: 32
  lr: 0.05
model:
  num_layers: 3
dataset:
  num_classes: 2
  binary: true
  name: cxr8
  image_width_sweep: 2,4,8,16,32,64
  orig_width: 1024
embedding:
  name: NAQSS
  pca: false
  supports_color: false

[2026-01-17 07:05:56,037] [INFO] - Using cuda.
[2026-01-17 07:05:56,169] [INFO] - Dataset: cxr8 | Train Size: 2270 | Validation Size: 650 | Test Size: 324
[2026-01-17 07:05:56,172] [INFO] - Initiate model
[2026-01-17 07:05:56,174] [INFO] - Weights Shape: torch.Size([3, 19, 3])
[2026-01-17 07:05:56,175] [INFO] - Bias Shape: torch.Size([2])
[2026-01-17 07:16:06,207] [INFO] - [  100/ 2270] | Cost: 0.6931261 | Accuracy: 0.5000000
[2026-01-17 07:27:07,072] [INFO] - [  200/ 2270] | Cost: 0.6602034 | Accuracy: 0.8400000
[2026-01-17 07:37:35,527] [INFO] - [  300/ 2270] | Cost: 0.6273844 | Accuracy: 0.8500000
[2026-01-17 07:48:16,169] [INFO] - [  400/ 2270] | Cost: 0.6076133 | Accuracy: 0.8200000
[2026-01-17 07:58:46,916] [INFO] - [  500/ 2270] | Cost: 0.5523939 | Accuracy: 0.9000000
[2026-01-17 08:09:15,313] [INFO] - [  600/ 2270] | Cost: 0.5276101 | Accuracy: 0.8900000
[2026-01-17 08:19:47,630] [INFO] - [  700/ 2270] | Cost: 0.5383078 | Accuracy: 0.8300000
[2026-01-17 08:30:00,279] [INFO] - [  800/ 2270] | Cost: 0.5124365 | Accuracy: 0.8400000
[2026-01-17 08:39:41,467] [INFO] - [  900/ 2270] | Cost: 0.4816227 | Accuracy: 0.8600000
[2026-01-17 08:48:34,223] [INFO] - [ 1000/ 2270] | Cost: 0.4917868 | Accuracy: 0.8300000
[2026-01-17 08:56:37,469] [INFO] - [ 1100/ 2270] | Cost: 0.4433085 | Accuracy: 0.8700000
[2026-01-17 09:04:24,191] [INFO] - [ 1200/ 2270] | Cost: 0.4734998 | Accuracy: 0.8300000
[2026-01-17 09:12:12,832] [INFO] - [ 1300/ 2270] | Cost: 0.4448000 | Accuracy: 0.8500000
[2026-01-17 09:19:37,394] [INFO] - [ 1400/ 2270] | Cost: 0.5395097 | Accuracy: 0.7700000
[2026-01-17 09:26:59,988] [INFO] - [ 1500/ 2270] | Cost: 0.4491112 | Accuracy: 0.8400000
[2026-01-17 09:34:28,781] [INFO] - [ 1600/ 2270] | Cost: 0.4620225 | Accuracy: 0.8300000
[2026-01-17 09:41:50,750] [INFO] - [ 1700/ 2270] | Cost: 0.2813846 | Accuracy: 0.9500000
[2026-01-17 09:48:58,186] [INFO] - [ 1800/ 2270] | Cost: 0.2839222 | Accuracy: 0.9400000
[2026-01-17 09:56:19,967] [INFO] - [ 1900/ 2270] | Cost: 0.4069075 | Accuracy: 0.8600000
[2026-01-17 10:03:38,481] [INFO] - [ 2000/ 2270] | Cost: 0.4547713 | Accuracy: 0.8300000
[2026-01-17 10:10:38,212] [INFO] - [ 2100/ 2270] | Cost: 0.4723324 | Accuracy: 0.8200000
[2026-01-17 10:17:46,325] [INFO] - [ 2200/ 2270] | Cost: 0.3690725 | Accuracy: 0.8800000
[2026-01-17 10:22:56,370] [INFO] - [ 2300/ 2270] | Cost: 0.3814718 | Accuracy: 0.8714286
