[2026-01-17 05:40:33,196] [INFO] - seed: 0
image_preprocessing: HomomorphicFilter
training:
  epochs: 1
  batch_size: 100
  image_width: 32
  lr: 0.05
model:
  num_layers: 3
dataset:
  num_classes: 2
  binary: true
  name: stl10
  image_width_sweep: 2,4,8,16,32,64
  orig_width: 96
embedding:
  name: NEQR
  pca: false
  supports_color: true

[2026-01-17 05:40:33,198] [INFO] - Using cuda.
[2026-01-17 05:40:43,490] [INFO] - Dataset: stl10 | Train Size: 1819 | Validation Size: 521 | Test Size: 260
[2026-01-17 05:40:43,492] [INFO] - Initiate model
[2026-01-17 05:40:43,494] [INFO] - Weights Shape: torch.Size([3, 18, 3])
[2026-01-17 05:40:43,495] [INFO] - Bias Shape: torch.Size([2])
[2026-01-17 05:46:29,514] [INFO] - [  100/ 1819] | Cost: 0.6929059 | Accuracy: 0.6200000
[2026-01-17 05:52:11,378] [INFO] - [  200/ 1819] | Cost: 0.6951376 | Accuracy: 0.4900000
[2026-01-17 05:57:46,576] [INFO] - [  300/ 1819] | Cost: 0.6925900 | Accuracy: 0.5200000
[2026-01-17 06:03:17,144] [INFO] - [  400/ 1819] | Cost: 0.6904172 | Accuracy: 0.5600000
[2026-01-17 06:08:30,452] [INFO] - [  500/ 1819] | Cost: 0.6988632 | Accuracy: 0.4400000
[2026-01-17 06:14:00,320] [INFO] - [  600/ 1819] | Cost: 0.6941284 | Accuracy: 0.4900000
[2026-01-17 06:19:13,257] [INFO] - [  700/ 1819] | Cost: 0.6916020 | Accuracy: 0.5700000
[2026-01-17 06:24:42,914] [INFO] - [  800/ 1819] | Cost: 0.6951723 | Accuracy: 0.4300000
[2026-01-17 06:30:09,947] [INFO] - [  900/ 1819] | Cost: 0.6932011 | Accuracy: 0.4800000
[2026-01-17 06:35:23,261] [INFO] - [ 1000/ 1819] | Cost: 0.6937199 | Accuracy: 0.4700000
[2026-01-17 06:40:23,099] [INFO] - [ 1100/ 1819] | Cost: 0.6943138 | Accuracy: 0.4700000
[2026-01-17 06:45:35,962] [INFO] - [ 1200/ 1819] | Cost: 0.6924042 | Accuracy: 0.5300000
[2026-01-17 06:50:47,587] [INFO] - [ 1300/ 1819] | Cost: 0.6938679 | Accuracy: 0.4600000
[2026-01-17 06:56:16,301] [INFO] - [ 1400/ 1819] | Cost: 0.6942284 | Accuracy: 0.4400000
[2026-01-17 07:01:24,352] [INFO] - [ 1500/ 1819] | Cost: 0.6936610 | Accuracy: 0.4500000
[2026-01-17 07:06:56,442] [INFO] - [ 1600/ 1819] | Cost: 0.6920788 | Accuracy: 0.5500000
[2026-01-17 07:11:59,661] [INFO] - [ 1700/ 1819] | Cost: 0.6963248 | Accuracy: 0.4300000
[2026-01-17 07:17:40,061] [INFO] - [ 1800/ 1819] | Cost: 0.6931596 | Accuracy: 0.5000000
[2026-01-17 07:18:32,515] [INFO] - [ 1900/ 1819] | Cost: 0.6919780 | Accuracy: 0.5789474
