[2026-01-17 06:33:38,152] [INFO] - seed: 0
image_preprocessing: GaussianBlur
training:
  epochs: 1
  batch_size: 100
  image_width: 32
  lr: 0.05
model:
  num_layers: 3
dataset:
  num_classes: 2
  binary: true
  name: cxr8
  image_width_sweep: 2,4,8,16,32,64
  orig_width: 1024
embedding:
  name: OQIM
  pca: false
  supports_color: true

[2026-01-17 06:33:38,154] [INFO] - Using cuda.
[2026-01-17 06:33:38,279] [INFO] - Dataset: cxr8 | Train Size: 2270 | Validation Size: 650 | Test Size: 324
[2026-01-17 06:33:38,282] [INFO] - Initiate model
[2026-01-17 06:33:38,284] [INFO] - Weights Shape: torch.Size([3, 12, 3])
[2026-01-17 06:33:38,285] [INFO] - Bias Shape: torch.Size([2])
[2026-01-17 06:36:40,061] [INFO] - [  100/ 2270] | Cost: 0.7140355 | Accuracy: 0.1800000
[2026-01-17 06:39:16,542] [INFO] - [  200/ 2270] | Cost: 0.6622708 | Accuracy: 0.8400000
[2026-01-17 06:42:27,828] [INFO] - [  300/ 2270] | Cost: 0.6180738 | Accuracy: 0.8500000
[2026-01-17 06:45:15,099] [INFO] - [  400/ 2270] | Cost: 0.5922987 | Accuracy: 0.8200000
[2026-01-17 06:48:25,811] [INFO] - [  500/ 2270] | Cost: 0.5249972 | Accuracy: 0.9000000
[2026-01-17 06:51:04,568] [INFO] - [  600/ 2270] | Cost: 0.4956616 | Accuracy: 0.8900000
[2026-01-17 06:54:05,343] [INFO] - [  700/ 2270] | Cost: 0.5112967 | Accuracy: 0.8300000
[2026-01-17 06:56:46,195] [INFO] - [  800/ 2270] | Cost: 0.4840162 | Accuracy: 0.8400000
[2026-01-17 06:59:43,781] [INFO] - [  900/ 2270] | Cost: 0.4482363 | Accuracy: 0.8600000
[2026-01-17 07:02:27,516] [INFO] - [ 1000/ 2270] | Cost: 0.4688507 | Accuracy: 0.8300000
[2026-01-17 07:05:30,386] [INFO] - [ 1100/ 2270] | Cost: 0.4091499 | Accuracy: 0.8700000
[2026-01-17 07:08:09,497] [INFO] - [ 1200/ 2270] | Cost: 0.4575060 | Accuracy: 0.8300000
[2026-01-17 07:11:05,343] [INFO] - [ 1300/ 2270] | Cost: 0.4246179 | Accuracy: 0.8500000
[2026-01-17 07:13:49,797] [INFO] - [ 1400/ 2270] | Cost: 0.5530422 | Accuracy: 0.7700000
[2026-01-17 07:17:02,721] [INFO] - [ 1500/ 2270] | Cost: 0.4391079 | Accuracy: 0.8400000
[2026-01-17 07:20:03,229] [INFO] - [ 1600/ 2270] | Cost: 0.4573304 | Accuracy: 0.8300000
[2026-01-17 07:22:43,709] [INFO] - [ 1700/ 2270] | Cost: 0.2445595 | Accuracy: 0.9500000
[2026-01-17 07:25:41,963] [INFO] - [ 1800/ 2270] | Cost: 0.2584531 | Accuracy: 0.9400000
[2026-01-17 07:28:39,274] [INFO] - [ 1900/ 2270] | Cost: 0.4047921 | Accuracy: 0.8600000
[2026-01-17 07:31:25,012] [INFO] - [ 2000/ 2270] | Cost: 0.4645199 | Accuracy: 0.8300000
[2026-01-17 07:33:58,053] [INFO] - [ 2100/ 2270] | Cost: 0.4880191 | Accuracy: 0.8200000
[2026-01-17 07:36:43,595] [INFO] - [ 2200/ 2270] | Cost: 0.3669137 | Accuracy: 0.8800000
[2026-01-17 07:38:57,481] [INFO] - [ 2300/ 2270] | Cost: 0.3850198 | Accuracy: 0.8714286
