[2026-01-16 19:51:55,392] [INFO] - seed: 0
image_preprocessing: MedianBlur
training:
  epochs: 1
  batch_size: 100
  image_width: 32
  lr: 0.05
model:
  num_layers: 3
dataset:
  num_classes: 2
  binary: true
  name: eurosat_ms
  image_width_sweep: '64'
  orig_width: 64
embedding:
  name: FRQI
  pca: false
  supports_color: false

[2026-01-16 19:51:55,394] [INFO] - Using cuda.
[2026-01-16 19:51:55,431] [INFO] - Dataset: eurosat_ms | Train Size: 4200 | Validation Size: 1200 | Test Size: 600
[2026-01-16 19:51:55,433] [INFO] - Initiate model
[2026-01-16 19:51:55,435] [INFO] - Weights Shape: torch.Size([3, 11, 3])
[2026-01-16 19:51:55,436] [INFO] - Bias Shape: torch.Size([2])
