[2026-01-17 03:01:23,822] [INFO] - seed: 0
image_preprocessing: None
training:
  epochs: 1
  batch_size: 100
  image_width: 16
  lr: 0.05
model:
  num_layers: 3
dataset:
  num_classes: 2
  binary: true
  name: stl10
  image_width_sweep: 2,4,8,16,32,64
  orig_width: 96
embedding:
  name: OQIM
  pca: false
  supports_color: true

[2026-01-17 03:01:23,825] [INFO] - Using cuda.
[2026-01-17 03:01:34,171] [INFO] - Dataset: stl10 | Train Size: 1819 | Validation Size: 521 | Test Size: 260
[2026-01-17 03:01:34,174] [INFO] - Initiate model
[2026-01-17 03:01:34,176] [INFO] - Weights Shape: torch.Size([3, 10, 3])
[2026-01-17 03:01:34,177] [INFO] - Bias Shape: torch.Size([2])
[2026-01-17 03:02:50,790] [INFO] - [  100/ 1819] | Cost: 0.6937687 | Accuracy: 0.4800000
[2026-01-17 03:03:40,323] [INFO] - [  200/ 1819] | Cost: 0.6896846 | Accuracy: 0.4900000
[2026-01-17 03:04:56,887] [INFO] - [  300/ 1819] | Cost: 0.6844142 | Accuracy: 0.5200000
[2026-01-17 03:06:11,582] [INFO] - [  400/ 1819] | Cost: 0.6792140 | Accuracy: 0.6200000
[2026-01-17 03:07:16,892] [INFO] - [  500/ 1819] | Cost: 0.6936763 | Accuracy: 0.4800000
[2026-01-17 03:08:30,426] [INFO] - [  600/ 1819] | Cost: 0.6823750 | Accuracy: 0.5100000
[2026-01-17 03:09:26,442] [INFO] - [  700/ 1819] | Cost: 0.6770470 | Accuracy: 0.6100000
[2026-01-17 03:10:32,937] [INFO] - [  800/ 1819] | Cost: 0.6731051 | Accuracy: 0.6900000
[2026-01-17 03:11:55,433] [INFO] - [  900/ 1819] | Cost: 0.6801392 | Accuracy: 0.6200000
[2026-01-17 03:12:57,550] [INFO] - [ 1000/ 1819] | Cost: 0.6776047 | Accuracy: 0.6200000
[2026-01-17 03:14:11,457] [INFO] - [ 1100/ 1819] | Cost: 0.6811782 | Accuracy: 0.5800000
[2026-01-17 03:15:20,460] [INFO] - [ 1200/ 1819] | Cost: 0.6762522 | Accuracy: 0.5900000
[2026-01-17 03:16:28,205] [INFO] - [ 1300/ 1819] | Cost: 0.6809375 | Accuracy: 0.6200000
[2026-01-17 03:17:49,076] [INFO] - [ 1400/ 1819] | Cost: 0.6632988 | Accuracy: 0.7100000
[2026-01-17 03:19:00,439] [INFO] - [ 1500/ 1819] | Cost: 0.6722172 | Accuracy: 0.6400000
[2026-01-17 03:19:59,256] [INFO] - [ 1600/ 1819] | Cost: 0.6750706 | Accuracy: 0.5700000
[2026-01-17 03:21:09,875] [INFO] - [ 1700/ 1819] | Cost: 0.6850972 | Accuracy: 0.5100000
[2026-01-17 03:22:19,730] [INFO] - [ 1800/ 1819] | Cost: 0.6530942 | Accuracy: 0.6200000
[2026-01-17 03:22:33,451] [INFO] - [ 1900/ 1819] | Cost: 0.6693761 | Accuracy: 0.5789474
