[2026-01-17 08:23:41,140] [INFO] - seed: 0
image_preprocessing: HomomorphicFilter
training:
  epochs: 1
  batch_size: 100
  image_width: 16
  lr: 0.05
model:
  num_layers: 3
dataset:
  num_classes: 2
  binary: true
  name: cxr8
  image_width_sweep: 2,4,8,16,32,64
  orig_width: 1024
embedding:
  name: NAQSS
  pca: false
  supports_color: false

[2026-01-17 08:23:41,142] [INFO] - Using cuda.
[2026-01-17 08:23:41,256] [INFO] - Dataset: cxr8 | Train Size: 2270 | Validation Size: 650 | Test Size: 324
[2026-01-17 08:23:41,259] [INFO] - Initiate model
[2026-01-17 08:23:41,260] [INFO] - Weights Shape: torch.Size([3, 17, 3])
[2026-01-17 08:23:41,261] [INFO] - Bias Shape: torch.Size([2])
[2026-01-17 08:25:50,996] [INFO] - [  100/ 2270] | Cost: 0.6932439 | Accuracy: 0.4900000
[2026-01-17 08:28:14,996] [INFO] - [  200/ 2270] | Cost: 0.6604148 | Accuracy: 0.8400000
[2026-01-17 08:30:24,904] [INFO] - [  300/ 2270] | Cost: 0.6278959 | Accuracy: 0.8500000
[2026-01-17 08:32:33,669] [INFO] - [  400/ 2270] | Cost: 0.6083951 | Accuracy: 0.8200000
[2026-01-17 08:34:59,758] [INFO] - [  500/ 2270] | Cost: 0.5535919 | Accuracy: 0.9000000
[2026-01-17 08:37:01,271] [INFO] - [  600/ 2270] | Cost: 0.5301847 | Accuracy: 0.8900000
[2026-01-17 08:39:08,700] [INFO] - [  700/ 2270] | Cost: 0.5401213 | Accuracy: 0.8300000
[2026-01-17 08:40:42,887] [INFO] - [  800/ 2270] | Cost: 0.5167958 | Accuracy: 0.8400000
[2026-01-17 08:42:41,759] [INFO] - [  900/ 2270] | Cost: 0.4857678 | Accuracy: 0.8600000
[2026-01-17 08:44:36,516] [INFO] - [ 1000/ 2270] | Cost: 0.4971548 | Accuracy: 0.8300000
[2026-01-17 08:46:17,559] [INFO] - [ 1100/ 2270] | Cost: 0.4481699 | Accuracy: 0.8700000
[2026-01-17 08:47:40,816] [INFO] - [ 1200/ 2270] | Cost: 0.4786502 | Accuracy: 0.8300000
[2026-01-17 08:49:28,119] [INFO] - [ 1300/ 2270] | Cost: 0.4488824 | Accuracy: 0.8500000
[2026-01-17 08:50:54,838] [INFO] - [ 1400/ 2270] | Cost: 0.5391838 | Accuracy: 0.7700000
[2026-01-17 08:52:40,066] [INFO] - [ 1500/ 2270] | Cost: 0.4503055 | Accuracy: 0.8400000
[2026-01-17 08:54:18,634] [INFO] - [ 1600/ 2270] | Cost: 0.4600344 | Accuracy: 0.8300000
[2026-01-17 08:55:43,301] [INFO] - [ 1700/ 2270] | Cost: 0.2881116 | Accuracy: 0.9500000
[2026-01-17 08:57:10,029] [INFO] - [ 1800/ 2270] | Cost: 0.2940763 | Accuracy: 0.9400000
[2026-01-17 08:58:35,724] [INFO] - [ 1900/ 2270] | Cost: 0.4095903 | Accuracy: 0.8600000
[2026-01-17 08:59:56,128] [INFO] - [ 2000/ 2270] | Cost: 0.4558685 | Accuracy: 0.8300000
[2026-01-17 09:01:18,603] [INFO] - [ 2100/ 2270] | Cost: 0.4729548 | Accuracy: 0.8200000
[2026-01-17 09:02:50,637] [INFO] - [ 2200/ 2270] | Cost: 0.3711237 | Accuracy: 0.8800000
[2026-01-17 09:03:46,248] [INFO] - [ 2300/ 2270] | Cost: 0.3851347 | Accuracy: 0.8714286
