[2026-01-16 16:46:03,264] [INFO] - seed: 0
image_preprocessing: MedianBlur
training:
  epochs: 1
  batch_size: 100
  image_width: 16
  lr: 0.05
model:
  num_layers: 3
dataset:
  num_classes: 2
  binary: true
  name: eurosat_rgb
  image_width_sweep: '64'
  orig_width: 64
embedding:
  name: NAQSS
  pca: false
  supports_color: false

[2026-01-16 16:46:03,268] [INFO] - Using cuda.
[2026-01-16 16:46:03,310] [INFO] - Dataset: eurosat_rgb | Train Size: 4200 | Validation Size: 1200 | Test Size: 600
[2026-01-16 16:46:03,311] [INFO] - Initiate model
[2026-01-16 16:46:03,526] [INFO] - Weights Shape: torch.Size([3, 17, 3])
[2026-01-16 16:46:03,527] [INFO] - Bias Shape: torch.Size([2])
[2026-01-16 16:48:37,317] [INFO] - [  100/ 4200] | Cost: 0.6931462 | Accuracy: 0.4800000
[2026-01-16 16:51:36,825] [INFO] - [  200/ 4200] | Cost: 0.6875827 | Accuracy: 0.5700000
[2026-01-16 16:53:45,362] [INFO] - [  300/ 4200] | Cost: 0.7077113 | Accuracy: 0.4500000
[2026-01-16 16:56:52,050] [INFO] - [  400/ 4200] | Cost: 0.7030926 | Accuracy: 0.4700000
[2026-01-16 16:59:36,493] [INFO] - [  500/ 4200] | Cost: 0.6972873 | Accuracy: 0.4900000
[2026-01-16 17:02:39,280] [INFO] - [  600/ 4200] | Cost: 0.6885529 | Accuracy: 0.5500000
[2026-01-16 17:05:11,247] [INFO] - [  700/ 4200] | Cost: 0.6929648 | Accuracy: 0.5000000
[2026-01-16 17:08:10,599] [INFO] - [  800/ 4200] | Cost: 0.6938617 | Accuracy: 0.4600000
[2026-01-16 17:10:56,364] [INFO] - [  900/ 4200] | Cost: 0.6919162 | Accuracy: 0.7300000
[2026-01-16 17:13:51,208] [INFO] - [ 1000/ 4200] | Cost: 0.6889470 | Accuracy: 0.5500000
[2026-01-16 17:16:27,866] [INFO] - [ 1100/ 4200] | Cost: 0.6952130 | Accuracy: 0.4700000
[2026-01-16 17:19:30,329] [INFO] - [ 1200/ 4200] | Cost: 0.6951615 | Accuracy: 0.4800000
[2026-01-16 17:22:03,605] [INFO] - [ 1300/ 4200] | Cost: 0.7023824 | Accuracy: 0.4400000
[2026-01-16 17:25:03,036] [INFO] - [ 1400/ 4200] | Cost: 0.6842851 | Accuracy: 0.5400000
[2026-01-16 17:27:39,752] [INFO] - [ 1500/ 4200] | Cost: 0.6973561 | Accuracy: 0.4400000
[2026-01-16 17:30:32,616] [INFO] - [ 1600/ 4200] | Cost: 0.6779973 | Accuracy: 0.5800000
[2026-01-16 17:33:16,911] [INFO] - [ 1700/ 4200] | Cost: 0.6873814 | Accuracy: 0.4800000
[2026-01-16 17:36:02,790] [INFO] - [ 1800/ 4200] | Cost: 0.6810210 | Accuracy: 0.4800000
[2026-01-16 17:38:40,697] [INFO] - [ 1900/ 4200] | Cost: 0.6790153 | Accuracy: 0.4700000
[2026-01-16 17:41:42,010] [INFO] - [ 2000/ 4200] | Cost: 0.6729074 | Accuracy: 0.6200000
[2026-01-16 17:44:28,552] [INFO] - [ 2100/ 4200] | Cost: 0.6691197 | Accuracy: 0.9100000
[2026-01-16 17:47:04,745] [INFO] - [ 2200/ 4200] | Cost: 0.6712691 | Accuracy: 0.8700000
[2026-01-16 17:49:44,400] [INFO] - [ 2300/ 4200] | Cost: 0.6699108 | Accuracy: 0.8900000
[2026-01-16 17:52:24,799] [INFO] - [ 2400/ 4200] | Cost: 0.6682763 | Accuracy: 0.7500000
[2026-01-16 17:55:16,583] [INFO] - [ 2500/ 4200] | Cost: 0.6624393 | Accuracy: 0.7300000
[2026-01-16 17:57:46,305] [INFO] - [ 2600/ 4200] | Cost: 0.6643153 | Accuracy: 0.6500000
[2026-01-16 18:00:47,972] [INFO] - [ 2700/ 4200] | Cost: 0.6665093 | Accuracy: 0.5500000
[2026-01-16 18:03:38,734] [INFO] - [ 2800/ 4200] | Cost: 0.6532730 | Accuracy: 0.6400000
[2026-01-16 18:06:43,511] [INFO] - [ 2900/ 4200] | Cost: 0.6593144 | Accuracy: 0.5700000
[2026-01-16 18:09:34,078] [INFO] - [ 3000/ 4200] | Cost: 0.6746578 | Accuracy: 0.5100000
[2026-01-16 18:12:11,921] [INFO] - [ 3100/ 4200] | Cost: 0.6876049 | Accuracy: 0.4500000
[2026-01-16 18:15:09,258] [INFO] - [ 3200/ 4200] | Cost: 0.7039120 | Accuracy: 0.4000000
[2026-01-16 18:17:43,943] [INFO] - [ 3300/ 4200] | Cost: 0.6619495 | Accuracy: 0.5600000
[2026-01-16 18:20:20,094] [INFO] - [ 3400/ 4200] | Cost: 0.6697829 | Accuracy: 0.5100000
[2026-01-16 18:22:51,917] [INFO] - [ 3500/ 4200] | Cost: 0.6697734 | Accuracy: 0.5400000
[2026-01-16 18:25:32,062] [INFO] - [ 3600/ 4200] | Cost: 0.6582714 | Accuracy: 0.6000000
[2026-01-16 18:28:27,917] [INFO] - [ 3700/ 4200] | Cost: 0.6705244 | Accuracy: 0.5400000
[2026-01-16 18:31:16,815] [INFO] - [ 3800/ 4200] | Cost: 0.6647776 | Accuracy: 0.7200000
[2026-01-16 18:34:00,475] [INFO] - [ 3900/ 4200] | Cost: 0.6655334 | Accuracy: 0.8500000
[2026-01-16 18:36:50,632] [INFO] - [ 4000/ 4200] | Cost: 0.6628723 | Accuracy: 0.8900000
[2026-01-16 18:39:50,296] [INFO] - [ 4100/ 4200] | Cost: 0.6576478 | Accuracy: 0.6700000
[2026-01-16 18:42:34,144] [INFO] - [ 4200/ 4200] | Cost: 0.6603888 | Accuracy: 0.5800000
