[2026-01-18 23:04:09,139] [INFO] - seed: 0
image_preprocessing: ContrastScaling
training:
  epochs: 1
  batch_size: 100
  image_width: 4
  lr: 0.05
model:
  num_layers: 3
dataset:
  num_classes: 2
  binary: true
  name: cxr8
  image_width_sweep: 2,4,8,16,32
  orig_width: 1024
embedding:
  name: NAQSS
  pca: false
  supports_color: false

[2026-01-18 23:04:09,143] [INFO] - Using cuda.
[2026-01-18 23:04:09,279] [INFO] - Dataset: cxr8 | Train Size: 2270 | Validation Size: 650 | Test Size: 324
[2026-01-18 23:04:09,281] [INFO] - Initiate model
[2026-01-18 23:04:10,862] [INFO] - Weights Shape: torch.Size([3, 13, 3])
[2026-01-18 23:04:10,868] [INFO] - Bias Shape: torch.Size([2])
[2026-01-18 23:07:29,041] [INFO] - [  100/ 2270] | Cost: 0.6918477 | Accuracy: 0.5400000
[2026-01-18 23:10:55,573] [INFO] - [  200/ 2270] | Cost: 0.6608421 | Accuracy: 0.8400000
[2026-01-18 23:14:11,078] [INFO] - [  300/ 2270] | Cost: 0.6289685 | Accuracy: 0.8500000
[2026-01-18 23:20:08,139] [INFO] - [  400/ 2270] | Cost: 0.6087434 | Accuracy: 0.8200000
[2026-01-18 23:28:26,516] [INFO] - [  500/ 2270] | Cost: 0.5530715 | Accuracy: 0.9000000
[2026-01-18 23:36:56,753] [INFO] - [  600/ 2270] | Cost: 0.5290624 | Accuracy: 0.8900000
[2026-01-18 23:45:07,446] [INFO] - [  700/ 2270] | Cost: 0.5405037 | Accuracy: 0.8300000
[2026-01-18 23:53:35,747] [INFO] - [  800/ 2270] | Cost: 0.5168825 | Accuracy: 0.8400000
[2026-01-19 00:01:16,216] [INFO] - [  900/ 2270] | Cost: 0.4872680 | Accuracy: 0.8600000
[2026-01-19 00:09:58,445] [INFO] - [ 1000/ 2270] | Cost: 0.4970084 | Accuracy: 0.8300000
[2026-01-19 00:18:34,920] [INFO] - [ 1100/ 2270] | Cost: 0.4487399 | Accuracy: 0.8700000
[2026-01-19 00:26:45,550] [INFO] - [ 1200/ 2270] | Cost: 0.4788906 | Accuracy: 0.8300000
[2026-01-19 00:35:06,250] [INFO] - [ 1300/ 2270] | Cost: 0.4487830 | Accuracy: 0.8500000
[2026-01-19 00:43:25,452] [INFO] - [ 1400/ 2270] | Cost: 0.5399244 | Accuracy: 0.7700000
[2026-01-19 00:51:47,419] [INFO] - [ 1500/ 2270] | Cost: 0.4489922 | Accuracy: 0.8400000
[2026-01-19 00:59:47,949] [INFO] - [ 1600/ 2270] | Cost: 0.4593207 | Accuracy: 0.8300000
[2026-01-19 01:08:26,416] [INFO] - [ 1700/ 2270] | Cost: 0.2891650 | Accuracy: 0.9500000
[2026-01-19 01:16:28,241] [INFO] - [ 1800/ 2270] | Cost: 0.2928304 | Accuracy: 0.9400000
[2026-01-19 01:25:08,515] [INFO] - [ 1900/ 2270] | Cost: 0.4096824 | Accuracy: 0.8600000
[2026-01-19 01:33:00,128] [INFO] - [ 2000/ 2270] | Cost: 0.4555216 | Accuracy: 0.8300000
[2026-01-19 01:41:17,349] [INFO] - [ 2100/ 2270] | Cost: 0.4717696 | Accuracy: 0.8200000
[2026-01-19 01:49:58,941] [INFO] - [ 2200/ 2270] | Cost: 0.3721743 | Accuracy: 0.8800000
[2026-01-19 01:55:26,051] [INFO] - [ 2300/ 2270] | Cost: 0.3852850 | Accuracy: 0.8714286
