[2026-01-18 18:28:03,607] [INFO] - seed: 0
image_preprocessing: ContrastScaling
training:
  epochs: 1
  batch_size: 100
  image_width: 32
  lr: 0.05
model:
  num_layers: 3
dataset:
  num_classes: 2
  binary: true
  name: cifar10
  image_width_sweep: '32'
  orig_width: 32
embedding:
  name: OQIM
  pca: false
  supports_color: true

[2026-01-18 18:28:03,611] [INFO] - Using cuda.
[2026-01-18 18:28:05,065] [INFO] - Dataset: cifar10 | Train Size: 8400 | Validation Size: 2400 | Test Size: 1200
[2026-01-18 18:28:05,067] [INFO] - Initiate model
[2026-01-18 18:28:05,669] [INFO] - Weights Shape: torch.Size([3, 12, 3])
[2026-01-18 18:28:05,670] [INFO] - Bias Shape: torch.Size([2])
[2026-01-18 18:30:29,058] [INFO] - [  100/ 8400] | Cost: 0.6973277 | Accuracy: 0.4500000
[2026-01-18 18:33:30,499] [INFO] - [  200/ 8400] | Cost: 0.6855799 | Accuracy: 0.5900000
[2026-01-18 18:35:55,401] [INFO] - [  300/ 8400] | Cost: 0.6849988 | Accuracy: 0.5600000
[2026-01-18 18:38:39,455] [INFO] - [  400/ 8400] | Cost: 0.6952134 | Accuracy: 0.5300000
[2026-01-18 18:40:57,457] [INFO] - [  500/ 8400] | Cost: 0.7017522 | Accuracy: 0.5100000
[2026-01-18 18:43:26,181] [INFO] - [  600/ 8400] | Cost: 0.6991259 | Accuracy: 0.5100000
[2026-01-18 18:46:16,860] [INFO] - [  700/ 8400] | Cost: 0.7080027 | Accuracy: 0.4600000
[2026-01-18 18:48:45,421] [INFO] - [  800/ 8400] | Cost: 0.7089129 | Accuracy: 0.4100000
[2026-01-18 18:51:30,027] [INFO] - [  900/ 8400] | Cost: 0.6900957 | Accuracy: 0.4700000
[2026-01-18 18:54:08,383] [INFO] - [ 1000/ 8400] | Cost: 0.6827529 | Accuracy: 0.6900000
[2026-01-18 18:56:56,901] [INFO] - [ 1100/ 8400] | Cost: 0.6748508 | Accuracy: 0.7000000
[2026-01-18 18:59:14,797] [INFO] - [ 1200/ 8400] | Cost: 0.6768387 | Accuracy: 0.5800000
[2026-01-18 19:01:49,255] [INFO] - [ 1300/ 8400] | Cost: 0.6662554 | Accuracy: 0.6400000
[2026-01-18 19:04:06,304] [INFO] - [ 1400/ 8400] | Cost: 0.6675091 | Accuracy: 0.6000000
[2026-01-18 19:06:23,654] [INFO] - [ 1500/ 8400] | Cost: 0.6684725 | Accuracy: 0.6300000
[2026-01-18 19:08:41,505] [INFO] - [ 1600/ 8400] | Cost: 0.6634688 | Accuracy: 0.6600000
[2026-01-18 19:11:15,598] [INFO] - [ 1700/ 8400] | Cost: 0.6554514 | Accuracy: 0.6900000
[2026-01-18 19:13:37,401] [INFO] - [ 1800/ 8400] | Cost: 0.6463129 | Accuracy: 0.7300000
[2026-01-18 19:16:05,097] [INFO] - [ 1900/ 8400] | Cost: 0.6398385 | Accuracy: 0.7400000
[2026-01-18 19:18:20,088] [INFO] - [ 2000/ 8400] | Cost: 0.6574006 | Accuracy: 0.6500000
[2026-01-18 19:21:14,264] [INFO] - [ 2100/ 8400] | Cost: 0.6347233 | Accuracy: 0.6900000
[2026-01-18 19:23:30,014] [INFO] - [ 2200/ 8400] | Cost: 0.6340969 | Accuracy: 0.7200000
[2026-01-18 19:26:06,551] [INFO] - [ 2300/ 8400] | Cost: 0.6511173 | Accuracy: 0.6400000
[2026-01-18 19:28:50,099] [INFO] - [ 2400/ 8400] | Cost: 0.6288229 | Accuracy: 0.7400000
[2026-01-18 19:31:15,899] [INFO] - [ 2500/ 8400] | Cost: 0.6070142 | Accuracy: 0.7700000
[2026-01-18 19:33:49,767] [INFO] - [ 2600/ 8400] | Cost: 0.6405870 | Accuracy: 0.6700000
[2026-01-18 19:36:33,508] [INFO] - [ 2700/ 8400] | Cost: 0.6239669 | Accuracy: 0.7000000
[2026-01-18 19:39:08,687] [INFO] - [ 2800/ 8400] | Cost: 0.6180841 | Accuracy: 0.7300000
[2026-01-18 19:41:52,246] [INFO] - [ 2900/ 8400] | Cost: 0.6234959 | Accuracy: 0.6700000
[2026-01-18 19:44:19,730] [INFO] - [ 3000/ 8400] | Cost: 0.6083053 | Accuracy: 0.7400000
[2026-01-18 19:47:10,439] [INFO] - [ 3100/ 8400] | Cost: 0.5864010 | Accuracy: 0.7600000
[2026-01-18 19:49:39,806] [INFO] - [ 3200/ 8400] | Cost: 0.5918579 | Accuracy: 0.7400000
[2026-01-18 19:52:21,630] [INFO] - [ 3300/ 8400] | Cost: 0.5915151 | Accuracy: 0.7100000
[2026-01-18 19:54:57,845] [INFO] - [ 3400/ 8400] | Cost: 0.5715420 | Accuracy: 0.7100000
[2026-01-18 19:57:32,206] [INFO] - [ 3500/ 8400] | Cost: 0.6227707 | Accuracy: 0.6600000
[2026-01-18 20:00:06,561] [INFO] - [ 3600/ 8400] | Cost: 0.5825582 | Accuracy: 0.7100000
[2026-01-18 20:02:45,405] [INFO] - [ 3700/ 8400] | Cost: 0.6158801 | Accuracy: 0.6200000
[2026-01-18 20:05:18,891] [INFO] - [ 3800/ 8400] | Cost: 0.5878496 | Accuracy: 0.6900000
[2026-01-18 20:07:40,458] [INFO] - [ 3900/ 8400] | Cost: 0.5772471 | Accuracy: 0.7800000
[2026-01-18 20:10:10,434] [INFO] - [ 4000/ 8400] | Cost: 0.6056799 | Accuracy: 0.6700000
[2026-01-18 20:12:38,123] [INFO] - [ 4100/ 8400] | Cost: 0.6431730 | Accuracy: 0.6300000
[2026-01-18 20:15:04,543] [INFO] - [ 4200/ 8400] | Cost: 0.5974443 | Accuracy: 0.6800000
[2026-01-18 20:17:25,992] [INFO] - [ 4300/ 8400] | Cost: 0.5775502 | Accuracy: 0.7300000
[2026-01-18 20:19:57,341] [INFO] - [ 4400/ 8400] | Cost: 0.5470835 | Accuracy: 0.7500000
[2026-01-18 20:22:29,661] [INFO] - [ 4500/ 8400] | Cost: 0.5694979 | Accuracy: 0.7200000
[2026-01-18 20:24:55,945] [INFO] - [ 4600/ 8400] | Cost: 0.5592163 | Accuracy: 0.7500000
[2026-01-18 20:27:30,212] [INFO] - [ 4700/ 8400] | Cost: 0.5695378 | Accuracy: 0.7600000
[2026-01-18 20:29:56,890] [INFO] - [ 4800/ 8400] | Cost: 0.5869666 | Accuracy: 0.6900000
[2026-01-18 20:32:26,340] [INFO] - [ 4900/ 8400] | Cost: 0.5657068 | Accuracy: 0.7300000
[2026-01-18 20:34:48,424] [INFO] - [ 5000/ 8400] | Cost: 0.5542221 | Accuracy: 0.7400000
[2026-01-18 20:37:20,520] [INFO] - [ 5100/ 8400] | Cost: 0.6088799 | Accuracy: 0.6600000
[2026-01-18 20:39:55,058] [INFO] - [ 5200/ 8400] | Cost: 0.5593994 | Accuracy: 0.7300000
[2026-01-18 20:42:19,017] [INFO] - [ 5300/ 8400] | Cost: 0.5448079 | Accuracy: 0.8100000
[2026-01-18 20:45:08,728] [INFO] - [ 5400/ 8400] | Cost: 0.5598109 | Accuracy: 0.7100000
[2026-01-18 20:47:33,430] [INFO] - [ 5500/ 8400] | Cost: 0.5525346 | Accuracy: 0.7600000
[2026-01-18 20:50:04,010] [INFO] - [ 5600/ 8400] | Cost: 0.6144570 | Accuracy: 0.7000000
[2026-01-18 20:52:28,192] [INFO] - [ 5700/ 8400] | Cost: 0.5920695 | Accuracy: 0.7200000
[2026-01-18 20:55:02,636] [INFO] - [ 5800/ 8400] | Cost: 0.5600820 | Accuracy: 0.7500000
[2026-01-18 20:57:26,795] [INFO] - [ 5900/ 8400] | Cost: 0.5714867 | Accuracy: 0.7700000
[2026-01-18 20:59:52,201] [INFO] - [ 6000/ 8400] | Cost: 0.5846203 | Accuracy: 0.7200000
[2026-01-18 21:02:25,169] [INFO] - [ 6100/ 8400] | Cost: 0.5949032 | Accuracy: 0.7300000
[2026-01-18 21:04:54,573] [INFO] - [ 6200/ 8400] | Cost: 0.5709123 | Accuracy: 0.7500000
[2026-01-18 21:07:23,748] [INFO] - [ 6300/ 8400] | Cost: 0.5959198 | Accuracy: 0.7000000
[2026-01-18 21:09:43,135] [INFO] - [ 6400/ 8400] | Cost: 0.6126575 | Accuracy: 0.6900000
[2026-01-18 21:12:10,409] [INFO] - [ 6500/ 8400] | Cost: 0.5429224 | Accuracy: 0.7600000
[2026-01-18 21:14:36,775] [INFO] - [ 6600/ 8400] | Cost: 0.5954701 | Accuracy: 0.6800000
[2026-01-18 21:17:07,812] [INFO] - [ 6700/ 8400] | Cost: 0.5511940 | Accuracy: 0.7800000
[2026-01-18 21:19:28,422] [INFO] - [ 6800/ 8400] | Cost: 0.5885017 | Accuracy: 0.6900000
[2026-01-18 21:21:50,480] [INFO] - [ 6900/ 8400] | Cost: 0.5856940 | Accuracy: 0.6900000
[2026-01-18 21:24:09,189] [INFO] - [ 7000/ 8400] | Cost: 0.5936655 | Accuracy: 0.7300000
[2026-01-18 21:26:45,413] [INFO] - [ 7100/ 8400] | Cost: 0.5348279 | Accuracy: 0.7900000
[2026-01-18 21:29:05,065] [INFO] - [ 7200/ 8400] | Cost: 0.5429193 | Accuracy: 0.7600000
[2026-01-18 21:31:28,212] [INFO] - [ 7300/ 8400] | Cost: 0.5136192 | Accuracy: 0.8400000
[2026-01-18 21:33:51,908] [INFO] - [ 7400/ 8400] | Cost: 0.5749109 | Accuracy: 0.7300000
[2026-01-18 21:36:13,477] [INFO] - [ 7500/ 8400] | Cost: 0.5852877 | Accuracy: 0.7100000
[2026-01-18 21:38:37,663] [INFO] - [ 7600/ 8400] | Cost: 0.5515978 | Accuracy: 0.8300000
[2026-01-18 21:41:05,374] [INFO] - [ 7700/ 8400] | Cost: 0.5555619 | Accuracy: 0.7500000
[2026-01-18 21:43:35,549] [INFO] - [ 7800/ 8400] | Cost: 0.5864640 | Accuracy: 0.6500000
[2026-01-18 21:45:58,163] [INFO] - [ 7900/ 8400] | Cost: 0.5916873 | Accuracy: 0.7000000
[2026-01-18 21:48:16,133] [INFO] - [ 8000/ 8400] | Cost: 0.5888986 | Accuracy: 0.7100000
[2026-01-18 21:50:44,569] [INFO] - [ 8100/ 8400] | Cost: 0.5997025 | Accuracy: 0.6800000
[2026-01-18 21:53:02,729] [INFO] - [ 8200/ 8400] | Cost: 0.5715995 | Accuracy: 0.7300000
[2026-01-18 21:55:20,306] [INFO] - [ 8300/ 8400] | Cost: 0.6548399 | Accuracy: 0.6700000
[2026-01-18 21:57:36,704] [INFO] - [ 8400/ 8400] | Cost: 0.6097388 | Accuracy: 0.6600000
