[2026-01-18 23:15:55,718] [INFO] - seed: 0
image_preprocessing: ContrastScaling
training:
  epochs: 1
  batch_size: 100
  image_width: 32
  lr: 0.05
model:
  num_layers: 3
dataset:
  num_classes: 2
  binary: true
  name: cxr8
  image_width_sweep: 2,4,8,16,32
  orig_width: 1024
embedding:
  name: OQIM
  pca: false
  supports_color: true

[2026-01-18 23:15:55,722] [INFO] - Using cuda.
[2026-01-18 23:15:56,044] [INFO] - Dataset: cxr8 | Train Size: 2270 | Validation Size: 650 | Test Size: 324
[2026-01-18 23:15:56,048] [INFO] - Initiate model
[2026-01-18 23:15:58,817] [INFO] - Weights Shape: torch.Size([3, 12, 3])
[2026-01-18 23:15:58,818] [INFO] - Bias Shape: torch.Size([2])
[2026-01-18 23:28:32,046] [INFO] - [  100/ 2270] | Cost: 0.7160953 | Accuracy: 0.1800000
[2026-01-18 23:41:13,440] [INFO] - [  200/ 2270] | Cost: 0.6636432 | Accuracy: 0.8400000
[2026-01-18 23:54:34,950] [INFO] - [  300/ 2270] | Cost: 0.6192918 | Accuracy: 0.8500000
[2026-01-19 00:07:45,442] [INFO] - [  400/ 2270] | Cost: 0.5936315 | Accuracy: 0.8200000
[2026-01-19 00:20:27,121] [INFO] - [  500/ 2270] | Cost: 0.5272933 | Accuracy: 0.9000000
[2026-01-19 00:33:24,949] [INFO] - [  600/ 2270] | Cost: 0.4982141 | Accuracy: 0.8900000
[2026-01-19 00:46:49,515] [INFO] - [  700/ 2270] | Cost: 0.5131680 | Accuracy: 0.8300000
[2026-01-19 00:59:19,242] [INFO] - [  800/ 2270] | Cost: 0.4858009 | Accuracy: 0.8400000
[2026-01-19 01:12:36,144] [INFO] - [  900/ 2270] | Cost: 0.4497445 | Accuracy: 0.8600000
[2026-01-19 01:26:00,356] [INFO] - [ 1000/ 2270] | Cost: 0.4696160 | Accuracy: 0.8300000
[2026-01-19 01:38:32,550] [INFO] - [ 1100/ 2270] | Cost: 0.4096354 | Accuracy: 0.8700000
[2026-01-19 01:51:31,852] [INFO] - [ 1200/ 2270] | Cost: 0.4573734 | Accuracy: 0.8300000
[2026-01-19 02:04:23,343] [INFO] - [ 1300/ 2270] | Cost: 0.4241591 | Accuracy: 0.8500000
[2026-01-19 02:17:16,015] [INFO] - [ 1400/ 2270] | Cost: 0.5574334 | Accuracy: 0.7700000
[2026-01-19 02:30:16,844] [INFO] - [ 1500/ 2270] | Cost: 0.4400920 | Accuracy: 0.8400000
[2026-01-19 02:43:13,839] [INFO] - [ 1600/ 2270] | Cost: 0.4594203 | Accuracy: 0.8300000
[2026-01-19 02:56:34,937] [INFO] - [ 1700/ 2270] | Cost: 0.2384208 | Accuracy: 0.9500000
[2026-01-19 03:09:11,928] [INFO] - [ 1800/ 2270] | Cost: 0.2523741 | Accuracy: 0.9400000
[2026-01-19 03:22:25,216] [INFO] - [ 1900/ 2270] | Cost: 0.4068402 | Accuracy: 0.8600000
[2026-01-19 03:35:44,716] [INFO] - [ 2000/ 2270] | Cost: 0.4710972 | Accuracy: 0.8300000
[2026-01-19 03:48:01,956] [INFO] - [ 2100/ 2270] | Cost: 0.4948794 | Accuracy: 0.8200000
[2026-01-19 04:01:31,823] [INFO] - [ 2200/ 2270] | Cost: 0.3675897 | Accuracy: 0.8800000
[2026-01-19 04:10:12,247] [INFO] - [ 2300/ 2270] | Cost: 0.3856301 | Accuracy: 0.8714286
