[2026-01-17 18:09:58,778] [INFO] - seed: 0
image_preprocessing: MedianBlur
training:
  epochs: 1
  batch_size: 100
  image_width: 32
  lr: 0.05
model:
  num_layers: 3
dataset:
  num_classes: 2
  binary: true
  name: eurosat_ms
  image_width_sweep: '64'
  orig_width: 64
embedding:
  name: RMP
  pca: true
  supports_color: true

[2026-01-17 18:09:58,783] [INFO] - Using cuda.
[2026-01-17 18:09:58,824] [INFO] - Dataset: eurosat_ms | Train Size: 4200 | Validation Size: 1200 | Test Size: 600
[2026-01-17 18:09:58,826] [INFO] - Applying PCA Loader to the dataset
[2026-01-17 18:10:10,945] [INFO] - Initiate model
[2026-01-17 18:10:11,030] [INFO] - Weights Shape: torch.Size([3, 6, 3])
[2026-01-17 18:10:11,031] [INFO] - Bias Shape: torch.Size([2])
[2026-01-17 18:11:04,835] [INFO] - [  100/ 4200] | Cost: 0.6949075 | Accuracy: 0.5100000
[2026-01-17 18:11:58,292] [INFO] - [  200/ 4200] | Cost: 0.6861792 | Accuracy: 0.6300000
[2026-01-17 18:12:51,671] [INFO] - [  300/ 4200] | Cost: 0.6827003 | Accuracy: 0.5500000
[2026-01-17 18:13:45,109] [INFO] - [  400/ 4200] | Cost: 0.6916992 | Accuracy: 0.4800000
[2026-01-17 18:14:27,143] [INFO] - [  500/ 4200] | Cost: 0.6698257 | Accuracy: 0.5800000
[2026-01-17 18:15:16,386] [INFO] - [  600/ 4200] | Cost: 0.6726940 | Accuracy: 0.5500000
[2026-01-17 18:16:08,059] [INFO] - [  700/ 4200] | Cost: 0.6826170 | Accuracy: 0.5100000
[2026-01-17 18:17:01,468] [INFO] - [  800/ 4200] | Cost: 0.7032421 | Accuracy: 0.4200000
[2026-01-17 18:17:54,896] [INFO] - [  900/ 4200] | Cost: 0.6729910 | Accuracy: 0.5500000
[2026-01-17 18:18:48,107] [INFO] - [ 1000/ 4200] | Cost: 0.6764462 | Accuracy: 0.8500000
[2026-01-17 18:19:41,539] [INFO] - [ 1100/ 4200] | Cost: 0.6728739 | Accuracy: 0.5800000
[2026-01-17 18:20:34,957] [INFO] - [ 1200/ 4200] | Cost: 0.6762801 | Accuracy: 0.5100000
[2026-01-17 18:21:28,396] [INFO] - [ 1300/ 4200] | Cost: 0.6740997 | Accuracy: 0.5200000
[2026-01-17 18:22:21,587] [INFO] - [ 1400/ 4200] | Cost: 0.6832149 | Accuracy: 0.4800000
[2026-01-17 18:23:15,004] [INFO] - [ 1500/ 4200] | Cost: 0.6792221 | Accuracy: 0.4700000
[2026-01-17 18:24:08,460] [INFO] - [ 1600/ 4200] | Cost: 0.6772360 | Accuracy: 0.4600000
[2026-01-17 18:25:01,845] [INFO] - [ 1700/ 4200] | Cost: 0.6692200 | Accuracy: 0.8800000
[2026-01-17 18:25:55,027] [INFO] - [ 1800/ 4200] | Cost: 0.6627277 | Accuracy: 0.7800000
[2026-01-17 18:26:48,432] [INFO] - [ 1900/ 4200] | Cost: 0.6669470 | Accuracy: 0.5300000
[2026-01-17 18:27:41,792] [INFO] - [ 2000/ 4200] | Cost: 0.6864820 | Accuracy: 0.4600000
[2026-01-17 18:28:35,167] [INFO] - [ 2100/ 4200] | Cost: 0.6743109 | Accuracy: 0.5100000
[2026-01-17 18:29:28,366] [INFO] - [ 2200/ 4200] | Cost: 0.6812899 | Accuracy: 0.4700000
[2026-01-17 18:30:21,804] [INFO] - [ 2300/ 4200] | Cost: 0.6536473 | Accuracy: 0.5800000
[2026-01-17 18:31:15,173] [INFO] - [ 2400/ 4200] | Cost: 0.6555847 | Accuracy: 0.5800000
[2026-01-17 18:32:08,577] [INFO] - [ 2500/ 4200] | Cost: 0.6622344 | Accuracy: 0.5600000
[2026-01-17 18:33:01,947] [INFO] - [ 2600/ 4200] | Cost: 0.6627780 | Accuracy: 0.6200000
[2026-01-17 18:33:55,191] [INFO] - [ 2700/ 4200] | Cost: 0.6679273 | Accuracy: 0.6300000
[2026-01-17 18:34:48,639] [INFO] - [ 2800/ 4200] | Cost: 0.6626058 | Accuracy: 0.8700000
[2026-01-17 18:35:42,078] [INFO] - [ 2900/ 4200] | Cost: 0.6596497 | Accuracy: 0.9100000
[2026-01-17 18:36:35,508] [INFO] - [ 3000/ 4200] | Cost: 0.6586460 | Accuracy: 0.9300000
[2026-01-17 18:37:28,760] [INFO] - [ 3100/ 4200] | Cost: 0.6590630 | Accuracy: 0.8600000
[2026-01-17 18:38:22,161] [INFO] - [ 3200/ 4200] | Cost: 0.6621543 | Accuracy: 0.8400000
[2026-01-17 18:39:15,545] [INFO] - [ 3300/ 4200] | Cost: 0.6613953 | Accuracy: 0.8700000
[2026-01-17 18:40:08,899] [INFO] - [ 3400/ 4200] | Cost: 0.6526328 | Accuracy: 0.9300000
[2026-01-17 18:41:02,261] [INFO] - [ 3500/ 4200] | Cost: 0.6524005 | Accuracy: 0.9000000
[2026-01-17 18:41:55,491] [INFO] - [ 3600/ 4200] | Cost: 0.6522495 | Accuracy: 0.8800000
[2026-01-17 18:42:48,862] [INFO] - [ 3700/ 4200] | Cost: 0.6452277 | Accuracy: 0.9400000
[2026-01-17 18:43:42,280] [INFO] - [ 3800/ 4200] | Cost: 0.6643192 | Accuracy: 0.6200000
[2026-01-17 18:44:35,660] [INFO] - [ 3900/ 4200] | Cost: 0.6455773 | Accuracy: 0.5500000
[2026-01-17 18:45:28,890] [INFO] - [ 4000/ 4200] | Cost: 0.6409468 | Accuracy: 0.5600000
[2026-01-17 18:46:22,304] [INFO] - [ 4100/ 4200] | Cost: 0.6477389 | Accuracy: 0.5400000
[2026-01-17 18:47:15,530] [INFO] - [ 4200/ 4200] | Cost: 0.6428569 | Accuracy: 0.5400000
[2026-01-17 18:47:35,167] [INFO] - Model dict saved to /workspace/persistent/embedding_colosseum/multirun/2026-01-17/16-03-43/65/saved_models/model_epoch-0.pt
[2026-01-17 18:47:35,169] [INFO] - Validation for epoch   0 | Cost: 0.6406411 | Accuracy: 0.5066667
