[2026-01-17 04:27:58,937] [INFO] - seed: 0
image_preprocessing: ContrastScaling
training:
  epochs: 1
  batch_size: 100
  image_width: 32
  lr: 0.05
model:
  num_layers: 3
dataset:
  num_classes: 2
  binary: true
  name: stl10
  image_width_sweep: 2,4,8,16,32,64
  orig_width: 96
embedding:
  name: NAQSS
  pca: false
  supports_color: false

[2026-01-17 04:27:58,939] [INFO] - Using cuda.
[2026-01-17 04:28:09,164] [INFO] - Dataset: stl10 | Train Size: 1819 | Validation Size: 521 | Test Size: 260
[2026-01-17 04:28:09,167] [INFO] - Initiate model
[2026-01-17 04:28:09,169] [INFO] - Weights Shape: torch.Size([3, 19, 3])
[2026-01-17 04:28:09,170] [INFO] - Bias Shape: torch.Size([2])
[2026-01-17 04:38:42,017] [INFO] - [  100/ 1819] | Cost: 0.6930768 | Accuracy: 0.5000000
[2026-01-17 04:49:08,575] [INFO] - [  200/ 1819] | Cost: 0.6953537 | Accuracy: 0.4900000
[2026-01-17 04:59:25,991] [INFO] - [  300/ 1819] | Cost: 0.6922534 | Accuracy: 0.5200000
[2026-01-17 05:10:14,806] [INFO] - [  400/ 1819] | Cost: 0.6904880 | Accuracy: 0.5600000
[2026-01-17 05:20:23,987] [INFO] - [  500/ 1819] | Cost: 0.6991537 | Accuracy: 0.4400000
[2026-01-17 05:31:11,153] [INFO] - [  600/ 1819] | Cost: 0.6939934 | Accuracy: 0.4900000
[2026-01-17 05:41:48,021] [INFO] - [  700/ 1819] | Cost: 0.6917468 | Accuracy: 0.5700000
[2026-01-17 05:52:37,594] [INFO] - [  800/ 1819] | Cost: 0.6950687 | Accuracy: 0.4300000
[2026-01-17 06:03:19,211] [INFO] - [  900/ 1819] | Cost: 0.6928992 | Accuracy: 0.6200000
[2026-01-17 06:13:48,501] [INFO] - [ 1000/ 1819] | Cost: 0.6936294 | Accuracy: 0.4800000
[2026-01-17 06:24:17,503] [INFO] - [ 1100/ 1819] | Cost: 0.6940817 | Accuracy: 0.4700000
[2026-01-17 06:34:55,030] [INFO] - [ 1200/ 1819] | Cost: 0.6924298 | Accuracy: 0.5300000
[2026-01-17 06:45:26,932] [INFO] - [ 1300/ 1819] | Cost: 0.6943743 | Accuracy: 0.4600000
[2026-01-17 06:56:02,149] [INFO] - [ 1400/ 1819] | Cost: 0.6941135 | Accuracy: 0.4400000
[2026-01-17 07:06:55,007] [INFO] - [ 1500/ 1819] | Cost: 0.6935636 | Accuracy: 0.4500000
[2026-01-17 07:17:27,264] [INFO] - [ 1600/ 1819] | Cost: 0.6921651 | Accuracy: 0.5500000
[2026-01-17 07:28:33,924] [INFO] - [ 1700/ 1819] | Cost: 0.6961598 | Accuracy: 0.4300000
[2026-01-17 07:39:15,079] [INFO] - [ 1800/ 1819] | Cost: 0.6933330 | Accuracy: 0.5000000
[2026-01-17 07:41:15,910] [INFO] - [ 1900/ 1819] | Cost: 0.6908169 | Accuracy: 0.5789474
