[2026-01-18 23:15:57,424] [INFO] - seed: 0
image_preprocessing: ContrastScaling
training:
  epochs: 1
  batch_size: 100
  image_width: 32
  lr: 0.05
model:
  num_layers: 3
dataset:
  num_classes: 2
  binary: true
  name: mnist
  image_width_sweep: 16,32
  orig_width: 28
embedding:
  name: NEQR
  pca: false
  supports_color: true

[2026-01-18 23:15:57,428] [INFO] - Using cuda.
[2026-01-18 23:15:58,335] [INFO] - Dataset: mnist | Train Size: 10346 | Validation Size: 2956 | Test Size: 1478
[2026-01-18 23:15:58,337] [INFO] - Initiate model
[2026-01-18 23:16:02,114] [INFO] - Weights Shape: torch.Size([3, 18, 3])
[2026-01-18 23:16:02,116] [INFO] - Bias Shape: torch.Size([2])
[2026-01-18 23:35:04,615] [INFO] - [  100/10346] | Cost: 0.6937291 | Accuracy: 0.4900000
[2026-01-18 23:53:50,239] [INFO] - [  200/10346] | Cost: 0.6913477 | Accuracy: 0.5200000
[2026-01-19 00:12:54,235] [INFO] - [  300/10346] | Cost: 0.6950145 | Accuracy: 0.4900000
[2026-01-19 00:31:32,954] [INFO] - [  400/10346] | Cost: 0.6881393 | Accuracy: 0.5300000
[2026-01-19 00:50:32,747] [INFO] - [  500/10346] | Cost: 0.6868692 | Accuracy: 0.5300000
[2026-01-19 01:09:56,816] [INFO] - [  600/10346] | Cost: 0.6918492 | Accuracy: 0.4100000
[2026-01-19 01:29:07,021] [INFO] - [  700/10346] | Cost: 0.6843201 | Accuracy: 1.0000000
[2026-01-19 01:48:17,816] [INFO] - [  800/10346] | Cost: 0.6831245 | Accuracy: 0.4600000
[2026-01-19 02:07:10,452] [INFO] - [  900/10346] | Cost: 0.6829580 | Accuracy: 0.3800000
[2026-01-19 02:25:22,717] [INFO] - [ 1000/10346] | Cost: 0.6744098 | Accuracy: 1.0000000
[2026-01-19 02:43:55,845] [INFO] - [ 1100/10346] | Cost: 0.6702836 | Accuracy: 0.8700000
[2026-01-19 03:02:51,545] [INFO] - [ 1200/10346] | Cost: 0.6652836 | Accuracy: 0.7200000
[2026-01-19 03:22:07,015] [INFO] - [ 1300/10346] | Cost: 0.6585307 | Accuracy: 0.6000000
[2026-01-19 03:41:28,644] [INFO] - [ 1400/10346] | Cost: 0.6448959 | Accuracy: 0.5900000
[2026-01-19 04:00:10,551] [INFO] - [ 1500/10346] | Cost: 0.6495828 | Accuracy: 0.5400000
[2026-01-19 04:18:58,716] [INFO] - [ 1600/10346] | Cost: 0.6186230 | Accuracy: 0.6600000
[2026-01-19 04:37:09,516] [INFO] - [ 1700/10346] | Cost: 0.6327917 | Accuracy: 0.5800000
[2026-01-19 04:55:51,945] [INFO] - [ 1800/10346] | Cost: 0.6329423 | Accuracy: 0.5900000
[2026-01-19 05:15:16,950] [INFO] - [ 1900/10346] | Cost: 0.6462312 | Accuracy: 0.5500000
[2026-01-19 05:34:33,952] [INFO] - [ 2000/10346] | Cost: 0.6606333 | Accuracy: 0.5100000
[2026-01-19 05:53:51,038] [INFO] - [ 2100/10346] | Cost: 0.6529273 | Accuracy: 0.5200000
[2026-01-19 06:13:01,850] [INFO] - [ 2200/10346] | Cost: 0.6418932 | Accuracy: 0.5400000
[2026-01-19 06:31:57,743] [INFO] - [ 2300/10346] | Cost: 0.6731794 | Accuracy: 0.4400000
[2026-01-19 06:50:54,816] [INFO] - [ 2400/10346] | Cost: 0.6343263 | Accuracy: 0.5400000
[2026-01-19 07:09:52,246] [INFO] - [ 2500/10346] | Cost: 0.6277603 | Accuracy: 0.6000000
[2026-01-19 07:28:23,043] [INFO] - [ 2600/10346] | Cost: 0.6432890 | Accuracy: 0.6400000
[2026-01-19 07:46:12,316] [INFO] - [ 2700/10346] | Cost: 0.6156197 | Accuracy: 0.8600000
[2026-01-19 08:03:33,851] [INFO] - [ 2800/10346] | Cost: 0.6117408 | Accuracy: 0.9400000
[2026-01-19 08:21:07,316] [INFO] - [ 2900/10346] | Cost: 0.6024035 | Accuracy: 0.9600000
[2026-01-19 08:38:29,844] [INFO] - [ 3000/10346] | Cost: 0.6058930 | Accuracy: 0.9600000
[2026-01-19 08:55:43,720] [INFO] - [ 3100/10346] | Cost: 0.6060254 | Accuracy: 0.9400000
