[2026-01-18 23:04:04,627] [INFO] - seed: 0
image_preprocessing: None
training:
  epochs: 1
  batch_size: 100
  image_width: 8
  lr: 0.05
model:
  num_layers: 3
dataset:
  num_classes: 2
  binary: true
  name: cxr8
  image_width_sweep: 2,4,8,16,32
  orig_width: 1024
embedding:
  name: NEQR
  pca: false
  supports_color: true

[2026-01-18 23:04:04,634] [INFO] - Using cuda.
[2026-01-18 23:04:04,844] [INFO] - Dataset: cxr8 | Train Size: 2270 | Validation Size: 650 | Test Size: 324
[2026-01-18 23:04:04,849] [INFO] - Initiate model
[2026-01-18 23:04:05,152] [INFO] - Weights Shape: torch.Size([3, 14, 3])
[2026-01-18 23:04:05,153] [INFO] - Bias Shape: torch.Size([2])
[2026-01-18 23:07:34,128] [INFO] - [  100/ 2270] | Cost: 0.6931439 | Accuracy: 0.5100000
[2026-01-18 23:11:09,934] [INFO] - [  200/ 2270] | Cost: 0.6599874 | Accuracy: 0.8400000
[2026-01-18 23:14:30,936] [INFO] - [  300/ 2270] | Cost: 0.6285032 | Accuracy: 0.8500000
[2026-01-18 23:21:30,848] [INFO] - [  400/ 2270] | Cost: 0.6069721 | Accuracy: 0.8200000
[2026-01-18 23:30:18,948] [INFO] - [  500/ 2270] | Cost: 0.5544752 | Accuracy: 0.9000000
[2026-01-18 23:39:06,147] [INFO] - [  600/ 2270] | Cost: 0.5291797 | Accuracy: 0.8900000
[2026-01-18 23:47:10,515] [INFO] - [  700/ 2270] | Cost: 0.5406674 | Accuracy: 0.8300000
[2026-01-18 23:56:10,852] [INFO] - [  800/ 2270] | Cost: 0.5163245 | Accuracy: 0.8400000
[2026-01-19 00:04:33,015] [INFO] - [  900/ 2270] | Cost: 0.4863909 | Accuracy: 0.8600000
[2026-01-19 00:13:25,751] [INFO] - [ 1000/ 2270] | Cost: 0.4974935 | Accuracy: 0.8300000
[2026-01-19 00:22:10,722] [INFO] - [ 1100/ 2270] | Cost: 0.4489141 | Accuracy: 0.8700000
[2026-01-19 00:30:46,427] [INFO] - [ 1200/ 2270] | Cost: 0.4789336 | Accuracy: 0.8300000
[2026-01-19 00:39:05,120] [INFO] - [ 1300/ 2270] | Cost: 0.4487894 | Accuracy: 0.8500000
[2026-01-19 00:48:11,154] [INFO] - [ 1400/ 2270] | Cost: 0.5392671 | Accuracy: 0.7700000
[2026-01-19 00:56:02,235] [INFO] - [ 1500/ 2270] | Cost: 0.4505419 | Accuracy: 0.8400000
[2026-01-19 01:04:48,935] [INFO] - [ 1600/ 2270] | Cost: 0.4599499 | Accuracy: 0.8300000
[2026-01-19 01:13:55,651] [INFO] - [ 1700/ 2270] | Cost: 0.2881434 | Accuracy: 0.9500000
[2026-01-19 01:22:18,822] [INFO] - [ 1800/ 2270] | Cost: 0.2943406 | Accuracy: 0.9400000
[2026-01-19 01:30:54,938] [INFO] - [ 1900/ 2270] | Cost: 0.4094510 | Accuracy: 0.8600000
[2026-01-19 01:39:17,516] [INFO] - [ 2000/ 2270] | Cost: 0.4559947 | Accuracy: 0.8300000
[2026-01-19 01:48:19,516] [INFO] - [ 2100/ 2270] | Cost: 0.4725674 | Accuracy: 0.8200000
[2026-01-19 01:56:24,515] [INFO] - [ 2200/ 2270] | Cost: 0.3711538 | Accuracy: 0.8800000
[2026-01-19 02:02:12,516] [INFO] - [ 2300/ 2270] | Cost: 0.3850954 | Accuracy: 0.8714286
