[2026-01-19 01:30:42,543] [INFO] - seed: 0
image_preprocessing: BilateralFilter
training:
  epochs: 1
  batch_size: 100
  image_width: 4
  lr: 0.05
model:
  num_layers: 3
dataset:
  num_classes: 2
  binary: true
  name: cxr8
  image_width_sweep: 2,4,8,16,32
  orig_width: 1024
embedding:
  name: NAQSS
  pca: false
  supports_color: false

[2026-01-19 01:30:42,546] [INFO] - Using cuda.
[2026-01-19 01:30:42,856] [INFO] - Dataset: cxr8 | Train Size: 2270 | Validation Size: 650 | Test Size: 324
[2026-01-19 01:30:42,916] [INFO] - Initiate model
[2026-01-19 01:30:42,918] [INFO] - Weights Shape: torch.Size([3, 13, 3])
[2026-01-19 01:30:42,919] [INFO] - Bias Shape: torch.Size([2])
[2026-01-19 01:38:41,134] [INFO] - [  100/ 2270] | Cost: 0.6922275 | Accuracy: 0.5600000
[2026-01-19 01:47:17,142] [INFO] - [  200/ 2270] | Cost: 0.6590457 | Accuracy: 0.8400000
[2026-01-19 01:55:18,927] [INFO] - [  300/ 2270] | Cost: 0.6287644 | Accuracy: 0.8500000
[2026-01-19 02:03:21,215] [INFO] - [  400/ 2270] | Cost: 0.6090420 | Accuracy: 0.8200000
[2026-01-19 02:12:02,257] [INFO] - [  500/ 2270] | Cost: 0.5535159 | Accuracy: 0.9000000
[2026-01-19 02:20:26,952] [INFO] - [  600/ 2270] | Cost: 0.5304434 | Accuracy: 0.8900000
[2026-01-19 02:28:29,950] [INFO] - [  700/ 2270] | Cost: 0.5413151 | Accuracy: 0.8300000
[2026-01-19 02:36:44,054] [INFO] - [  800/ 2270] | Cost: 0.5180829 | Accuracy: 0.8400000
[2026-01-19 02:45:02,921] [INFO] - [  900/ 2270] | Cost: 0.4855055 | Accuracy: 0.8600000
[2026-01-19 02:53:01,733] [INFO] - [ 1000/ 2270] | Cost: 0.4980044 | Accuracy: 0.8300000
[2026-01-19 03:01:33,849] [INFO] - [ 1100/ 2270] | Cost: 0.4479930 | Accuracy: 0.8700000
[2026-01-19 03:09:41,646] [INFO] - [ 1200/ 2270] | Cost: 0.4782534 | Accuracy: 0.8300000
[2026-01-19 03:18:27,416] [INFO] - [ 1300/ 2270] | Cost: 0.4497412 | Accuracy: 0.8500000
[2026-01-19 03:26:31,146] [INFO] - [ 1400/ 2270] | Cost: 0.5392194 | Accuracy: 0.7700000
[2026-01-19 03:34:43,457] [INFO] - [ 1500/ 2270] | Cost: 0.4494366 | Accuracy: 0.8400000
[2026-01-19 03:43:14,715] [INFO] - [ 1600/ 2270] | Cost: 0.4616373 | Accuracy: 0.8300000
[2026-01-19 03:51:15,716] [INFO] - [ 1700/ 2270] | Cost: 0.2878001 | Accuracy: 0.9500000
[2026-01-19 03:59:41,853] [INFO] - [ 1800/ 2270] | Cost: 0.2939399 | Accuracy: 0.9400000
[2026-01-19 04:08:07,645] [INFO] - [ 1900/ 2270] | Cost: 0.4081039 | Accuracy: 0.8600000
[2026-01-19 04:16:22,051] [INFO] - [ 2000/ 2270] | Cost: 0.4550478 | Accuracy: 0.8300000
[2026-01-19 04:24:50,047] [INFO] - [ 2100/ 2270] | Cost: 0.4729939 | Accuracy: 0.8200000
[2026-01-19 04:32:57,135] [INFO] - [ 2200/ 2270] | Cost: 0.3702646 | Accuracy: 0.8800000
[2026-01-19 04:38:30,429] [INFO] - [ 2300/ 2270] | Cost: 0.3844141 | Accuracy: 0.8714286
