[2026-01-17 18:59:05,153] [INFO] - seed: 0
image_preprocessing: MedianBlur
training:
  epochs: 1
  batch_size: 100
  image_width: 32
  lr: 0.05
model:
  num_layers: 3
dataset:
  num_classes: 2
  binary: true
  name: stl10
  image_width_sweep: 2,4,8,16,32,64
  orig_width: 96
embedding:
  name: ZZFeatureMap
  pca: true
  supports_color: true

[2026-01-17 18:59:05,155] [INFO] - Using cuda.
[2026-01-17 18:59:15,691] [INFO] - Dataset: stl10 | Train Size: 1819 | Validation Size: 521 | Test Size: 260
[2026-01-17 18:59:15,694] [INFO] - Applying PCA Loader to the dataset
[2026-01-17 18:59:17,990] [INFO] - Initiate model
[2026-01-17 18:59:17,992] [INFO] - Weights Shape: torch.Size([3, 6, 3])
[2026-01-17 18:59:17,992] [INFO] - Bias Shape: torch.Size([2])
[2026-01-17 19:00:11,113] [INFO] - [  100/ 1819] | Cost: 0.7888955 | Accuracy: 0.3000000
[2026-01-17 19:01:04,554] [INFO] - [  200/ 1819] | Cost: 0.7331810 | Accuracy: 0.3800000
[2026-01-17 19:01:57,871] [INFO] - [  300/ 1819] | Cost: 0.7096906 | Accuracy: 0.4300000
[2026-01-17 19:02:51,319] [INFO] - [  400/ 1819] | Cost: 0.7021236 | Accuracy: 0.4900000
[2026-01-17 19:03:44,840] [INFO] - [  500/ 1819] | Cost: 0.6932285 | Accuracy: 0.4800000
[2026-01-17 19:04:32,384] [INFO] - [  600/ 1819] | Cost: 0.6744050 | Accuracy: 0.5400000
[2026-01-17 19:05:25,099] [INFO] - [  700/ 1819] | Cost: 0.6619678 | Accuracy: 0.6200000
[2026-01-17 19:06:18,359] [INFO] - [  800/ 1819] | Cost: 0.6631239 | Accuracy: 0.6600000
[2026-01-17 19:07:11,823] [INFO] - [  900/ 1819] | Cost: 0.6273730 | Accuracy: 0.6900000
[2026-01-17 19:08:05,272] [INFO] - [ 1000/ 1819] | Cost: 0.6665730 | Accuracy: 0.6000000
[2026-01-17 19:08:58,710] [INFO] - [ 1100/ 1819] | Cost: 0.6557506 | Accuracy: 0.6300000
[2026-01-17 19:09:52,144] [INFO] - [ 1200/ 1819] | Cost: 0.6582204 | Accuracy: 0.6600000
[2026-01-17 19:10:45,399] [INFO] - [ 1300/ 1819] | Cost: 0.6132405 | Accuracy: 0.7200000
[2026-01-17 19:11:38,858] [INFO] - [ 1400/ 1819] | Cost: 0.6122194 | Accuracy: 0.8100000
[2026-01-17 19:12:32,323] [INFO] - [ 1500/ 1819] | Cost: 0.6562282 | Accuracy: 0.6200000
[2026-01-17 19:13:25,793] [INFO] - [ 1600/ 1819] | Cost: 0.6372938 | Accuracy: 0.6900000
[2026-01-17 19:14:19,234] [INFO] - [ 1700/ 1819] | Cost: 0.6248161 | Accuracy: 0.7000000
[2026-01-17 19:15:12,739] [INFO] - [ 1800/ 1819] | Cost: 0.6317885 | Accuracy: 0.6900000
[2026-01-17 19:15:22,285] [INFO] - [ 1900/ 1819] | Cost: 0.6424817 | Accuracy: 0.6842105
[2026-01-17 19:15:31,217] [INFO] - Model dict saved to /workspace/persistent/embedding_colosseum/multirun/2026-01-17/16-03-43/99/saved_models/model_epoch-0.pt
[2026-01-17 19:15:31,218] [INFO] - Validation for epoch   0 | Cost: 0.6384321 | Accuracy: 0.6311111
