[2026-01-18 02:06:49,984] [INFO] - seed: 1
image_preprocessing: MedianBlur
training:
  epochs: 1
  batch_size: 100
  image_width: 32
  lr: 0.05
model:
  num_layers: 3
dataset:
  num_classes: 2
  binary: true
  name: mnist
  image_width_sweep: 16,32
  orig_width: 28
embedding:
  name: RMP
  pca: true
  supports_color: true

[2026-01-18 02:06:49,989] [INFO] - Using cuda.
[2026-01-18 02:06:50,431] [INFO] - Dataset: mnist | Train Size: 10346 | Validation Size: 2956 | Test Size: 1478
[2026-01-18 02:06:50,433] [INFO] - Applying PCA Loader to the dataset
[2026-01-18 02:06:54,011] [INFO] - Initiate model
[2026-01-18 02:06:54,065] [INFO] - Weights Shape: torch.Size([3, 6, 3])
[2026-01-18 02:06:54,066] [INFO] - Bias Shape: torch.Size([2])
[2026-01-18 02:07:27,814] [INFO] - [  100/10346] | Cost: 0.7185432 | Accuracy: 0.4400000
[2026-01-18 02:08:02,826] [INFO] - [  200/10346] | Cost: 0.6974689 | Accuracy: 0.4700000
[2026-01-18 02:08:37,842] [INFO] - [  300/10346] | Cost: 0.6871460 | Accuracy: 0.5800000
[2026-01-18 02:09:12,968] [INFO] - [  400/10346] | Cost: 0.6892592 | Accuracy: 0.5500000
[2026-01-18 02:09:47,970] [INFO] - [  500/10346] | Cost: 0.7147838 | Accuracy: 0.4800000
[2026-01-18 02:10:23,122] [INFO] - [  600/10346] | Cost: 0.6575565 | Accuracy: 0.6400000
[2026-01-18 02:10:58,263] [INFO] - [  700/10346] | Cost: 0.7032282 | Accuracy: 0.5100000
[2026-01-18 02:11:33,348] [INFO] - [  800/10346] | Cost: 0.6965948 | Accuracy: 0.5200000
[2026-01-18 02:12:08,288] [INFO] - [  900/10346] | Cost: 0.6867092 | Accuracy: 0.5400000
[2026-01-18 02:12:43,324] [INFO] - [ 1000/10346] | Cost: 0.6869442 | Accuracy: 0.5300000
[2026-01-18 02:13:18,366] [INFO] - [ 1100/10346] | Cost: 0.6735718 | Accuracy: 0.5900000
[2026-01-18 02:13:53,425] [INFO] - [ 1200/10346] | Cost: 0.6742824 | Accuracy: 0.5900000
[2026-01-18 02:14:28,361] [INFO] - [ 1300/10346] | Cost: 0.6769638 | Accuracy: 0.5600000
[2026-01-18 02:15:03,179] [INFO] - [ 1400/10346] | Cost: 0.6786314 | Accuracy: 0.5300000
[2026-01-18 02:15:38,088] [INFO] - [ 1500/10346] | Cost: 0.6546571 | Accuracy: 0.6700000
[2026-01-18 02:16:13,002] [INFO] - [ 1600/10346] | Cost: 0.6878330 | Accuracy: 0.4900000
[2026-01-18 02:16:47,968] [INFO] - [ 1700/10346] | Cost: 0.7115257 | Accuracy: 0.4200000
[2026-01-18 02:17:22,855] [INFO] - [ 1800/10346] | Cost: 0.6746683 | Accuracy: 0.5400000
[2026-01-18 02:17:57,739] [INFO] - [ 1900/10346] | Cost: 0.6617454 | Accuracy: 0.5900000
[2026-01-18 02:18:32,635] [INFO] - [ 2000/10346] | Cost: 0.6757371 | Accuracy: 0.5300000
[2026-01-18 02:19:07,532] [INFO] - [ 2100/10346] | Cost: 0.6612912 | Accuracy: 0.6000000
[2026-01-18 02:19:42,492] [INFO] - [ 2200/10346] | Cost: 0.6693169 | Accuracy: 0.5400000
[2026-01-18 02:20:17,297] [INFO] - [ 2300/10346] | Cost: 0.6782973 | Accuracy: 0.4700000
[2026-01-18 02:20:52,256] [INFO] - [ 2400/10346] | Cost: 0.6639922 | Accuracy: 0.5500000
[2026-01-18 02:21:27,192] [INFO] - [ 2500/10346] | Cost: 0.6620913 | Accuracy: 0.6000000
[2026-01-18 02:22:02,195] [INFO] - [ 2600/10346] | Cost: 0.6673159 | Accuracy: 0.5000000
[2026-01-18 02:22:36,994] [INFO] - [ 2700/10346] | Cost: 0.6697382 | Accuracy: 0.5100000
[2026-01-18 02:23:11,980] [INFO] - [ 2800/10346] | Cost: 0.6686050 | Accuracy: 0.5900000
[2026-01-18 02:23:46,897] [INFO] - [ 2900/10346] | Cost: 0.6636500 | Accuracy: 0.7700000
[2026-01-18 02:24:21,890] [INFO] - [ 3000/10346] | Cost: 0.6629252 | Accuracy: 0.9700000
[2026-01-18 02:24:56,637] [INFO] - [ 3100/10346] | Cost: 0.6625476 | Accuracy: 0.8500000
[2026-01-18 02:25:31,543] [INFO] - [ 3200/10346] | Cost: 0.6541746 | Accuracy: 0.8000000
[2026-01-18 02:26:06,463] [INFO] - [ 3300/10346] | Cost: 0.6642835 | Accuracy: 0.5600000
[2026-01-18 02:26:41,425] [INFO] - [ 3400/10346] | Cost: 0.6477081 | Accuracy: 0.6400000
[2026-01-18 02:27:16,174] [INFO] - [ 3500/10346] | Cost: 0.6387188 | Accuracy: 0.6200000
[2026-01-18 02:27:51,062] [INFO] - [ 3600/10346] | Cost: 0.6606836 | Accuracy: 0.4900000
[2026-01-18 02:28:25,960] [INFO] - [ 3700/10346] | Cost: 0.6650148 | Accuracy: 0.5000000
[2026-01-18 02:29:00,884] [INFO] - [ 3800/10346] | Cost: 0.6566835 | Accuracy: 0.5300000
[2026-01-18 02:29:35,842] [INFO] - [ 3900/10346] | Cost: 0.6559436 | Accuracy: 0.5600000
[2026-01-18 02:30:10,628] [INFO] - [ 4000/10346] | Cost: 0.6646467 | Accuracy: 0.4800000
[2026-01-18 02:30:45,522] [INFO] - [ 4100/10346] | Cost: 0.6529001 | Accuracy: 0.7800000
[2026-01-18 02:31:20,417] [INFO] - [ 4200/10346] | Cost: 0.6567495 | Accuracy: 0.9500000
[2026-01-18 02:31:55,293] [INFO] - [ 4300/10346] | Cost: 0.6517285 | Accuracy: 0.9800000
[2026-01-18 02:32:30,127] [INFO] - [ 4400/10346] | Cost: 0.6566762 | Accuracy: 0.7200000
[2026-01-18 02:33:05,046] [INFO] - [ 4500/10346] | Cost: 0.6535850 | Accuracy: 0.6700000
[2026-01-18 02:33:39,974] [INFO] - [ 4600/10346] | Cost: 0.6544632 | Accuracy: 0.6900000
[2026-01-18 02:34:14,903] [INFO] - [ 4700/10346] | Cost: 0.6568588 | Accuracy: 0.7500000
[2026-01-18 02:34:49,703] [INFO] - [ 4800/10346] | Cost: 0.6522156 | Accuracy: 0.9300000
[2026-01-18 02:35:24,633] [INFO] - [ 4900/10346] | Cost: 0.6568964 | Accuracy: 0.9700000
[2026-01-18 02:35:59,578] [INFO] - [ 5000/10346] | Cost: 0.6474615 | Accuracy: 0.8800000
[2026-01-18 02:36:34,516] [INFO] - [ 5100/10346] | Cost: 0.6406356 | Accuracy: 0.7300000
[2026-01-18 02:37:09,441] [INFO] - [ 5200/10346] | Cost: 0.6418036 | Accuracy: 0.5800000
[2026-01-18 02:37:44,237] [INFO] - [ 5300/10346] | Cost: 0.6431113 | Accuracy: 0.5700000
[2026-01-18 02:38:19,184] [INFO] - [ 5400/10346] | Cost: 0.6774390 | Accuracy: 0.5000000
[2026-01-18 02:38:54,087] [INFO] - [ 5500/10346] | Cost: 0.6473421 | Accuracy: 0.5700000
[2026-01-18 02:39:29,037] [INFO] - [ 5600/10346] | Cost: 0.6471345 | Accuracy: 0.5700000
[2026-01-18 02:40:03,831] [INFO] - [ 5700/10346] | Cost: 0.7064395 | Accuracy: 0.4200000
[2026-01-18 02:40:38,831] [INFO] - [ 5800/10346] | Cost: 0.6566759 | Accuracy: 0.5100000
[2026-01-18 02:41:13,755] [INFO] - [ 5900/10346] | Cost: 0.6490142 | Accuracy: 0.5800000
[2026-01-18 02:41:48,710] [INFO] - [ 6000/10346] | Cost: 0.6543108 | Accuracy: 0.8500000
[2026-01-18 02:42:23,484] [INFO] - [ 6100/10346] | Cost: 0.6598611 | Accuracy: 0.6700000
[2026-01-18 02:42:58,534] [INFO] - [ 6200/10346] | Cost: 0.6608595 | Accuracy: 0.4500000
[2026-01-18 02:43:33,468] [INFO] - [ 6300/10346] | Cost: 0.6663600 | Accuracy: 0.4100000
[2026-01-18 02:44:08,398] [INFO] - [ 6400/10346] | Cost: 0.6625000 | Accuracy: 0.6300000
[2026-01-18 02:44:43,175] [INFO] - [ 6500/10346] | Cost: 0.6481324 | Accuracy: 0.9900000
[2026-01-18 02:45:18,222] [INFO] - [ 6600/10346] | Cost: 0.6487381 | Accuracy: 0.8500000
[2026-01-18 02:45:53,192] [INFO] - [ 6700/10346] | Cost: 0.6498506 | Accuracy: 0.6500000
[2026-01-18 02:46:28,160] [INFO] - [ 6800/10346] | Cost: 0.6381509 | Accuracy: 0.6000000
[2026-01-18 02:47:03,101] [INFO] - [ 6900/10346] | Cost: 0.6402657 | Accuracy: 0.5700000
[2026-01-18 02:47:37,923] [INFO] - [ 7000/10346] | Cost: 0.6539980 | Accuracy: 0.5300000
[2026-01-18 02:48:12,899] [INFO] - [ 7100/10346] | Cost: 0.6769516 | Accuracy: 0.4700000
[2026-01-18 02:48:47,905] [INFO] - [ 7200/10346] | Cost: 0.6416709 | Accuracy: 0.5800000
[2026-01-18 02:49:22,863] [INFO] - [ 7300/10346] | Cost: 0.6372359 | Accuracy: 0.5700000
[2026-01-18 02:49:57,886] [INFO] - [ 7400/10346] | Cost: 0.6593825 | Accuracy: 0.5000000
[2026-01-18 02:50:32,657] [INFO] - [ 7500/10346] | Cost: 0.6484712 | Accuracy: 0.5700000
[2026-01-18 02:51:07,597] [INFO] - [ 7600/10346] | Cost: 0.6422468 | Accuracy: 0.6300000
[2026-01-18 02:51:42,528] [INFO] - [ 7700/10346] | Cost: 0.6333502 | Accuracy: 0.7700000
[2026-01-18 02:52:17,529] [INFO] - [ 7800/10346] | Cost: 0.6659660 | Accuracy: 0.5400000
[2026-01-18 02:52:52,337] [INFO] - [ 7900/10346] | Cost: 0.6506372 | Accuracy: 0.7100000
[2026-01-18 02:53:27,282] [INFO] - [ 8000/10346] | Cost: 0.6510952 | Accuracy: 0.7400000
[2026-01-18 02:54:02,218] [INFO] - [ 8100/10346] | Cost: 0.6518042 | Accuracy: 0.8400000
[2026-01-18 02:54:37,205] [INFO] - [ 8200/10346] | Cost: 0.6465089 | Accuracy: 0.9000000
[2026-01-18 02:55:12,019] [INFO] - [ 8300/10346] | Cost: 0.6519533 | Accuracy: 0.8100000
[2026-01-18 02:55:46,986] [INFO] - [ 8400/10346] | Cost: 0.6578208 | Accuracy: 0.7500000
[2026-01-18 02:56:21,942] [INFO] - [ 8500/10346] | Cost: 0.6561177 | Accuracy: 0.7100000
[2026-01-18 02:56:56,934] [INFO] - [ 8600/10346] | Cost: 0.6556693 | Accuracy: 0.7200000
[2026-01-18 02:57:31,718] [INFO] - [ 8700/10346] | Cost: 0.6454378 | Accuracy: 0.8600000
[2026-01-18 02:58:06,711] [INFO] - [ 8800/10346] | Cost: 0.6525419 | Accuracy: 0.7800000
[2026-01-18 02:58:41,679] [INFO] - [ 8900/10346] | Cost: 0.6478662 | Accuracy: 0.8700000
[2026-01-18 02:59:16,680] [INFO] - [ 9000/10346] | Cost: 0.6444089 | Accuracy: 0.8700000
[2026-01-18 02:59:51,490] [INFO] - [ 9100/10346] | Cost: 0.6425898 | Accuracy: 0.7700000
[2026-01-18 03:00:26,548] [INFO] - [ 9200/10346] | Cost: 0.6482878 | Accuracy: 0.6400000
[2026-01-18 03:01:01,499] [INFO] - [ 9300/10346] | Cost: 0.6711851 | Accuracy: 0.4400000
[2026-01-18 03:01:36,484] [INFO] - [ 9400/10346] | Cost: 0.6433054 | Accuracy: 0.5700000
[2026-01-18 03:02:11,465] [INFO] - [ 9500/10346] | Cost: 0.6491818 | Accuracy: 0.5700000
[2026-01-18 03:02:46,282] [INFO] - [ 9600/10346] | Cost: 0.6405850 | Accuracy: 0.6400000
[2026-01-18 03:03:21,268] [INFO] - [ 9700/10346] | Cost: 0.6624202 | Accuracy: 0.5400000
[2026-01-18 03:03:56,238] [INFO] - [ 9800/10346] | Cost: 0.6703398 | Accuracy: 0.5500000
[2026-01-18 03:04:29,318] [INFO] - [ 9900/10346] | Cost: 0.6474541 | Accuracy: 0.8600000
[2026-01-18 03:05:02,947] [INFO] - [10000/10346] | Cost: 0.6534492 | Accuracy: 0.9200000
[2026-01-18 03:05:37,894] [INFO] - [10100/10346] | Cost: 0.6490291 | Accuracy: 0.9400000
[2026-01-18 03:06:12,828] [INFO] - [10200/10346] | Cost: 0.6578472 | Accuracy: 0.7300000
[2026-01-18 03:06:47,835] [INFO] - [10300/10346] | Cost: 0.6524823 | Accuracy: 0.8100000
[2026-01-18 03:07:03,803] [INFO] - [10400/10346] | Cost: 0.6481388 | Accuracy: 0.9347826
[2026-01-18 03:07:33,467] [INFO] - Model dict saved to /workspace/persistent/embedding_colosseum/multirun/2026-01-18/02-06-25/11/saved_models/model_epoch-0.pt
[2026-01-18 03:07:33,468] [INFO] - Validation for epoch   0 | Cost: 0.6495438 | Accuracy: 0.9547381
