[2026-01-16 15:16:03,100] [INFO] - seed: 0
image_preprocessing: ContrastScaling
training:
  epochs: 1
  batch_size: 100
  image_width: 16
  lr: 0.05
model:
  num_layers: 3
dataset:
  num_classes: 2
  binary: true
  name: eurosat_rgb
  image_width_sweep: '64'
  orig_width: 64
embedding:
  name: NEQR
  pca: false
  supports_color: true

[2026-01-16 15:16:03,102] [INFO] - Using cuda.
[2026-01-16 15:16:03,152] [INFO] - Dataset: eurosat_rgb | Train Size: 4200 | Validation Size: 1200 | Test Size: 600
[2026-01-16 15:16:03,155] [INFO] - Initiate model
[2026-01-16 15:16:03,157] [INFO] - Weights Shape: torch.Size([3, 16, 3])
[2026-01-16 15:16:03,158] [INFO] - Bias Shape: torch.Size([2])
[2026-01-16 15:17:26,939] [INFO] - [  100/ 4200] | Cost: 0.6928877 | Accuracy: 0.5500000
[2026-01-16 15:19:13,858] [INFO] - [  200/ 4200] | Cost: 0.6865056 | Accuracy: 0.5700000
[2026-01-16 15:21:04,238] [INFO] - [  300/ 4200] | Cost: 0.7070286 | Accuracy: 0.4500000
[2026-01-16 15:22:39,813] [INFO] - [  400/ 4200] | Cost: 0.7032890 | Accuracy: 0.4700000
[2026-01-16 15:24:23,296] [INFO] - [  500/ 4200] | Cost: 0.6978381 | Accuracy: 0.4900000
[2026-01-16 15:25:53,073] [INFO] - [  600/ 4200] | Cost: 0.6877438 | Accuracy: 0.5500000
[2026-01-16 15:27:30,912] [INFO] - [  700/ 4200] | Cost: 0.6921368 | Accuracy: 0.5000000
[2026-01-16 15:29:16,603] [INFO] - [  800/ 4200] | Cost: 0.6929294 | Accuracy: 0.4600000
[2026-01-16 15:31:02,684] [INFO] - [  900/ 4200] | Cost: 0.6918536 | Accuracy: 0.6300000
[2026-01-16 15:32:42,511] [INFO] - [ 1000/ 4200] | Cost: 0.6875522 | Accuracy: 0.5400000
[2026-01-16 15:34:29,681] [INFO] - [ 1100/ 4200] | Cost: 0.6945719 | Accuracy: 0.4700000
[2026-01-16 15:36:13,019] [INFO] - [ 1200/ 4200] | Cost: 0.6941272 | Accuracy: 0.4800000
[2026-01-16 15:37:56,961] [INFO] - [ 1300/ 4200] | Cost: 0.7023558 | Accuracy: 0.4400000
[2026-01-16 15:39:44,599] [INFO] - [ 1400/ 4200] | Cost: 0.6824963 | Accuracy: 0.5400000
[2026-01-16 15:41:15,785] [INFO] - [ 1500/ 4200] | Cost: 0.6975499 | Accuracy: 0.4400000
[2026-01-16 15:43:14,001] [INFO] - [ 1600/ 4200] | Cost: 0.6739171 | Accuracy: 0.5800000
[2026-01-16 15:44:52,653] [INFO] - [ 1700/ 4200] | Cost: 0.6913831 | Accuracy: 0.4800000
[2026-01-16 15:46:29,356] [INFO] - [ 1800/ 4200] | Cost: 0.6831975 | Accuracy: 0.4700000
[2026-01-16 15:48:24,575] [INFO] - [ 1900/ 4200] | Cost: 0.6850724 | Accuracy: 0.4100000
[2026-01-16 15:49:58,983] [INFO] - [ 2000/ 4200] | Cost: 0.6808513 | Accuracy: 0.5100000
[2026-01-16 15:51:43,650] [INFO] - [ 2100/ 4200] | Cost: 0.6793244 | Accuracy: 0.7900000
[2026-01-16 15:53:41,672] [INFO] - [ 2200/ 4200] | Cost: 0.6763843 | Accuracy: 0.8300000
[2026-01-16 15:55:27,970] [INFO] - [ 2300/ 4200] | Cost: 0.6700972 | Accuracy: 0.8400000
[2026-01-16 15:57:01,789] [INFO] - [ 2400/ 4200] | Cost: 0.6715375 | Accuracy: 0.7600000
[2026-01-16 15:58:35,066] [INFO] - [ 2500/ 4200] | Cost: 0.6662631 | Accuracy: 0.7100000
[2026-01-16 16:00:21,322] [INFO] - [ 2600/ 4200] | Cost: 0.6741034 | Accuracy: 0.6200000
[2026-01-16 16:02:10,161] [INFO] - [ 2700/ 4200] | Cost: 0.6656439 | Accuracy: 0.6300000
[2026-01-16 16:03:59,063] [INFO] - [ 2800/ 4200] | Cost: 0.6441807 | Accuracy: 0.6800000
[2026-01-16 16:06:00,592] [INFO] - [ 2900/ 4200] | Cost: 0.6544951 | Accuracy: 0.6100000
[2026-01-16 16:07:41,393] [INFO] - [ 3000/ 4200] | Cost: 0.6631382 | Accuracy: 0.5400000
[2026-01-16 16:09:18,652] [INFO] - [ 3100/ 4200] | Cost: 0.6964657 | Accuracy: 0.4600000
[2026-01-16 16:11:00,510] [INFO] - [ 3200/ 4200] | Cost: 0.7014959 | Accuracy: 0.4300000
[2026-01-16 16:13:01,897] [INFO] - [ 3300/ 4200] | Cost: 0.6655235 | Accuracy: 0.5500000
[2026-01-16 16:14:45,086] [INFO] - [ 3400/ 4200] | Cost: 0.6672579 | Accuracy: 0.5400000
[2026-01-16 16:16:45,410] [INFO] - [ 3500/ 4200] | Cost: 0.6604397 | Accuracy: 0.6500000
[2026-01-16 16:18:40,793] [INFO] - [ 3600/ 4200] | Cost: 0.6494533 | Accuracy: 0.7100000
[2026-01-16 16:20:04,992] [INFO] - [ 3700/ 4200] | Cost: 0.6691409 | Accuracy: 0.6100000
[2026-01-16 16:21:55,739] [INFO] - [ 3800/ 4200] | Cost: 0.6691075 | Accuracy: 0.7000000
[2026-01-16 16:23:44,448] [INFO] - [ 3900/ 4200] | Cost: 0.6596325 | Accuracy: 0.8300000
[2026-01-16 16:25:29,349] [INFO] - [ 4000/ 4200] | Cost: 0.6518359 | Accuracy: 0.8500000
[2026-01-16 16:27:12,697] [INFO] - [ 4100/ 4200] | Cost: 0.6559636 | Accuracy: 0.6300000
[2026-01-16 16:29:00,673] [INFO] - [ 4200/ 4200] | Cost: 0.6526871 | Accuracy: 0.5900000
