[2026-01-19 03:03:40,322] [INFO] - seed: 0
image_preprocessing: None
training:
  epochs: 1
  batch_size: 100
  image_width: 16
  lr: 0.05
model:
  num_layers: 3
dataset:
  num_classes: 2
  binary: true
  name: mnist
  image_width_sweep: 16,32
  orig_width: 28
embedding:
  name: OQIM
  pca: false
  supports_color: true

[2026-01-19 03:03:40,324] [INFO] - Using cuda.
[2026-01-19 03:03:41,332] [INFO] - Dataset: mnist | Train Size: 10346 | Validation Size: 2956 | Test Size: 1478
[2026-01-19 03:03:41,336] [INFO] - Initiate model
[2026-01-19 03:03:41,339] [INFO] - Weights Shape: torch.Size([3, 10, 3])
[2026-01-19 03:03:41,340] [INFO] - Bias Shape: torch.Size([2])
[2026-01-19 03:10:56,150] [INFO] - [  100/10346] | Cost: 0.6920441 | Accuracy: 0.5100000
[2026-01-19 03:18:17,646] [INFO] - [  200/10346] | Cost: 0.6843693 | Accuracy: 0.5200000
[2026-01-19 03:25:20,145] [INFO] - [  300/10346] | Cost: 0.6795694 | Accuracy: 0.6400000
[2026-01-19 03:32:08,046] [INFO] - [  400/10346] | Cost: 0.6749284 | Accuracy: 0.6300000
[2026-01-19 03:39:39,137] [INFO] - [  500/10346] | Cost: 0.6672699 | Accuracy: 0.9300000
[2026-01-19 03:46:34,355] [INFO] - [  600/10346] | Cost: 0.6675231 | Accuracy: 0.7100000
[2026-01-19 03:53:32,424] [INFO] - [  700/10346] | Cost: 0.6507058 | Accuracy: 0.9300000
[2026-01-19 04:00:57,835] [INFO] - [  800/10346] | Cost: 0.6506231 | Accuracy: 0.9200000
[2026-01-19 04:07:56,654] [INFO] - [  900/10346] | Cost: 0.6378254 | Accuracy: 0.9700000
[2026-01-19 04:15:09,034] [INFO] - [ 1000/10346] | Cost: 0.6366147 | Accuracy: 0.8200000
[2026-01-19 04:22:25,339] [INFO] - [ 1100/10346] | Cost: 0.6334976 | Accuracy: 0.7200000
[2026-01-19 04:29:41,054] [INFO] - [ 1200/10346] | Cost: 0.6210230 | Accuracy: 0.6900000
[2026-01-19 04:36:25,051] [INFO] - [ 1300/10346] | Cost: 0.6183488 | Accuracy: 0.7200000
[2026-01-19 04:43:36,846] [INFO] - [ 1400/10346] | Cost: 0.5977538 | Accuracy: 0.7000000
[2026-01-19 04:50:55,734] [INFO] - [ 1500/10346] | Cost: 0.6141036 | Accuracy: 0.6200000
[2026-01-19 04:57:52,254] [INFO] - [ 1600/10346] | Cost: 0.5739097 | Accuracy: 0.7600000
[2026-01-19 05:05:01,144] [INFO] - [ 1700/10346] | Cost: 0.5992931 | Accuracy: 0.6100000
[2026-01-19 05:12:30,549] [INFO] - [ 1800/10346] | Cost: 0.5975157 | Accuracy: 0.6300000
[2026-01-19 05:19:22,542] [INFO] - [ 1900/10346] | Cost: 0.6029114 | Accuracy: 0.5800000
[2026-01-19 05:26:36,115] [INFO] - [ 2000/10346] | Cost: 0.5976363 | Accuracy: 0.6500000
[2026-01-19 05:34:00,624] [INFO] - [ 2100/10346] | Cost: 0.5838460 | Accuracy: 0.7500000
[2026-01-19 05:40:51,639] [INFO] - [ 2200/10346] | Cost: 0.5736877 | Accuracy: 0.9000000
[2026-01-19 05:48:07,022] [INFO] - [ 2300/10346] | Cost: 0.5901869 | Accuracy: 0.9000000
[2026-01-19 05:55:28,445] [INFO] - [ 2400/10346] | Cost: 0.5824711 | Accuracy: 0.9600000
[2026-01-19 06:02:29,055] [INFO] - [ 2500/10346] | Cost: 0.5696073 | Accuracy: 0.9400000
[2026-01-19 06:09:31,023] [INFO] - [ 2600/10346] | Cost: 0.5747708 | Accuracy: 0.9300000
[2026-01-19 06:16:59,543] [INFO] - [ 2700/10346] | Cost: 0.5655738 | Accuracy: 0.8800000
[2026-01-19 06:24:00,147] [INFO] - [ 2800/10346] | Cost: 0.5530783 | Accuracy: 0.9200000
[2026-01-19 06:31:17,236] [INFO] - [ 2900/10346] | Cost: 0.5470357 | Accuracy: 0.8700000
[2026-01-19 06:38:21,315] [INFO] - [ 3000/10346] | Cost: 0.5712196 | Accuracy: 0.7300000
[2026-01-19 06:45:38,916] [INFO] - [ 3100/10346] | Cost: 0.5672975 | Accuracy: 0.7100000
[2026-01-19 06:52:46,848] [INFO] - [ 3200/10346] | Cost: 0.5445727 | Accuracy: 0.8400000
[2026-01-19 06:59:56,516] [INFO] - [ 3300/10346] | Cost: 0.5465890 | Accuracy: 0.8600000
[2026-01-19 07:07:14,241] [INFO] - [ 3400/10346] | Cost: 0.5666451 | Accuracy: 0.7800000
[2026-01-19 07:13:58,415] [INFO] - [ 3500/10346] | Cost: 0.5567060 | Accuracy: 0.9000000
[2026-01-19 07:21:07,457] [INFO] - [ 3600/10346] | Cost: 0.5643446 | Accuracy: 0.9200000
[2026-01-19 07:28:09,451] [INFO] - [ 3700/10346] | Cost: 0.5607241 | Accuracy: 0.9400000
[2026-01-19 07:34:37,153] [INFO] - [ 3800/10346] | Cost: 0.5493086 | Accuracy: 0.9400000
[2026-01-19 07:41:19,650] [INFO] - [ 3900/10346] | Cost: 0.5513713 | Accuracy: 0.9600000
[2026-01-19 07:48:11,458] [INFO] - [ 4000/10346] | Cost: 0.5499489 | Accuracy: 1.0000000
[2026-01-19 07:54:35,821] [INFO] - [ 4100/10346] | Cost: 0.5447323 | Accuracy: 0.9400000
[2026-01-19 08:01:23,140] [INFO] - [ 4200/10346] | Cost: 0.5420824 | Accuracy: 0.9500000
[2026-01-19 08:07:48,824] [INFO] - [ 4300/10346] | Cost: 0.5385357 | Accuracy: 0.9600000
[2026-01-19 08:14:23,754] [INFO] - [ 4400/10346] | Cost: 0.5412503 | Accuracy: 0.9100000
[2026-01-19 08:21:14,150] [INFO] - [ 4500/10346] | Cost: 0.5315564 | Accuracy: 0.8600000
[2026-01-19 08:27:29,246] [INFO] - [ 4600/10346] | Cost: 0.5307512 | Accuracy: 0.8100000
[2026-01-19 08:34:14,516] [INFO] - [ 4700/10346] | Cost: 0.5634524 | Accuracy: 0.6900000
[2026-01-19 08:40:46,253] [INFO] - [ 4800/10346] | Cost: 0.5748873 | Accuracy: 0.7500000
[2026-01-19 08:47:25,117] [INFO] - [ 4900/10346] | Cost: 0.5761073 | Accuracy: 0.6900000
[2026-01-19 08:54:00,448] [INFO] - [ 5000/10346] | Cost: 0.5394130 | Accuracy: 0.9000000
