[2026-01-19 00:42:40,847] [INFO] - seed: 0
image_preprocessing: BilateralFilter
training:
  epochs: 1
  batch_size: 100
  image_width: 4
  lr: 0.05
model:
  num_layers: 3
dataset:
  num_classes: 2
  binary: true
  name: cxr8
  image_width_sweep: 2,4,8,16,32
  orig_width: 1024
embedding:
  name: NEQR
  pca: false
  supports_color: true

[2026-01-19 00:42:40,849] [INFO] - Using cuda.
[2026-01-19 00:42:41,144] [INFO] - Dataset: cxr8 | Train Size: 2270 | Validation Size: 650 | Test Size: 324
[2026-01-19 00:42:41,146] [INFO] - Initiate model
[2026-01-19 00:42:41,148] [INFO] - Weights Shape: torch.Size([3, 12, 3])
[2026-01-19 00:42:41,149] [INFO] - Bias Shape: torch.Size([2])
[2026-01-19 00:50:01,036] [INFO] - [  100/ 2270] | Cost: 0.6908109 | Accuracy: 0.5600000
[2026-01-19 00:56:32,747] [INFO] - [  200/ 2270] | Cost: 0.6603352 | Accuracy: 0.8400000
[2026-01-19 01:03:59,655] [INFO] - [  300/ 2270] | Cost: 0.6266620 | Accuracy: 0.8500000
[2026-01-19 01:11:41,532] [INFO] - [  400/ 2270] | Cost: 0.6089843 | Accuracy: 0.8200000
[2026-01-19 01:18:13,451] [INFO] - [  500/ 2270] | Cost: 0.5501860 | Accuracy: 0.9000000
[2026-01-19 01:26:04,219] [INFO] - [  600/ 2270] | Cost: 0.5258370 | Accuracy: 0.8900000
[2026-01-19 01:32:45,529] [INFO] - [  700/ 2270] | Cost: 0.5396637 | Accuracy: 0.8300000
[2026-01-19 01:39:51,343] [INFO] - [  800/ 2270] | Cost: 0.5154474 | Accuracy: 0.8400000
[2026-01-19 01:47:18,150] [INFO] - [  900/ 2270] | Cost: 0.4718220 | Accuracy: 0.8600000
[2026-01-19 01:54:20,121] [INFO] - [ 1000/ 2270] | Cost: 0.4893880 | Accuracy: 0.8300000
[2026-01-19 02:00:58,623] [INFO] - [ 1100/ 2270] | Cost: 0.4411727 | Accuracy: 0.8700000
[2026-01-19 02:08:42,451] [INFO] - [ 1200/ 2270] | Cost: 0.4667876 | Accuracy: 0.8300000
[2026-01-19 02:16:04,416] [INFO] - [ 1300/ 2270] | Cost: 0.4552320 | Accuracy: 0.8500000
[2026-01-19 02:22:54,547] [INFO] - [ 1400/ 2270] | Cost: 0.5541064 | Accuracy: 0.7700000
[2026-01-19 02:30:13,249] [INFO] - [ 1500/ 2270] | Cost: 0.4399506 | Accuracy: 0.8400000
[2026-01-19 02:37:16,115] [INFO] - [ 1600/ 2270] | Cost: 0.4518101 | Accuracy: 0.8300000
[2026-01-19 02:44:30,053] [INFO] - [ 1700/ 2270] | Cost: 0.2749295 | Accuracy: 0.9500000
[2026-01-19 02:51:16,143] [INFO] - [ 1800/ 2270] | Cost: 0.2956899 | Accuracy: 0.9400000
[2026-01-19 02:58:53,816] [INFO] - [ 1900/ 2270] | Cost: 0.4093630 | Accuracy: 0.8600000
[2026-01-19 03:05:40,727] [INFO] - [ 2000/ 2270] | Cost: 0.4523430 | Accuracy: 0.8300000
[2026-01-19 03:13:14,415] [INFO] - [ 2100/ 2270] | Cost: 0.4803101 | Accuracy: 0.8200000
[2026-01-19 03:20:51,216] [INFO] - [ 2200/ 2270] | Cost: 0.3767707 | Accuracy: 0.8800000
[2026-01-19 03:25:41,919] [INFO] - [ 2300/ 2270] | Cost: 0.3957531 | Accuracy: 0.8714286
