[2026-01-17 18:14:27,546] [INFO] - seed: 0
image_preprocessing: MedianBlur
training:
  epochs: 1
  batch_size: 100
  image_width: 32
  lr: 0.05
model:
  num_layers: 3
dataset:
  num_classes: 2
  binary: true
  name: cifar10
  image_width_sweep: '32'
  orig_width: 32
embedding:
  name: RMP
  pca: true
  supports_color: true

[2026-01-17 18:14:27,551] [INFO] - Using cuda.
[2026-01-17 18:14:28,950] [INFO] - Dataset: cifar10 | Train Size: 8400 | Validation Size: 2400 | Test Size: 1200
[2026-01-17 18:14:28,953] [INFO] - Applying PCA Loader to the dataset
[2026-01-17 18:14:32,211] [INFO] - Initiate model
[2026-01-17 18:14:32,279] [INFO] - Weights Shape: torch.Size([3, 6, 3])
[2026-01-17 18:14:32,280] [INFO] - Bias Shape: torch.Size([2])
[2026-01-17 18:15:20,728] [INFO] - [  100/ 8400] | Cost: 0.6980017 | Accuracy: 0.5100000
[2026-01-17 18:16:13,438] [INFO] - [  200/ 8400] | Cost: 0.6895733 | Accuracy: 0.5900000
[2026-01-17 18:17:06,817] [INFO] - [  300/ 8400] | Cost: 0.6907204 | Accuracy: 0.5300000
[2026-01-17 18:18:00,226] [INFO] - [  400/ 8400] | Cost: 0.6939706 | Accuracy: 0.4900000
[2026-01-17 18:18:53,413] [INFO] - [  500/ 8400] | Cost: 0.6928967 | Accuracy: 0.4600000
[2026-01-17 18:19:46,821] [INFO] - [  600/ 8400] | Cost: 0.6897156 | Accuracy: 0.5100000
[2026-01-17 18:20:40,228] [INFO] - [  700/ 8400] | Cost: 0.6985140 | Accuracy: 0.3700000
[2026-01-17 18:21:33,680] [INFO] - [  800/ 8400] | Cost: 0.6937547 | Accuracy: 0.4800000
[2026-01-17 18:22:27,112] [INFO] - [  900/ 8400] | Cost: 0.6882370 | Accuracy: 0.6300000
[2026-01-17 18:23:20,288] [INFO] - [ 1000/ 8400] | Cost: 0.6877351 | Accuracy: 0.7100000
[2026-01-17 18:24:13,723] [INFO] - [ 1100/ 8400] | Cost: 0.6877725 | Accuracy: 0.6500000
[2026-01-17 18:25:07,166] [INFO] - [ 1200/ 8400] | Cost: 0.6870109 | Accuracy: 0.7100000
[2026-01-17 18:26:00,535] [INFO] - [ 1300/ 8400] | Cost: 0.6906014 | Accuracy: 0.5400000
[2026-01-17 18:26:53,775] [INFO] - [ 1400/ 8400] | Cost: 0.6865093 | Accuracy: 0.5800000
[2026-01-17 18:27:47,130] [INFO] - [ 1500/ 8400] | Cost: 0.6844780 | Accuracy: 0.5400000
[2026-01-17 18:28:40,534] [INFO] - [ 1600/ 8400] | Cost: 0.6848536 | Accuracy: 0.5400000
[2026-01-17 18:29:33,927] [INFO] - [ 1700/ 8400] | Cost: 0.6858585 | Accuracy: 0.5200000
[2026-01-17 18:30:27,108] [INFO] - [ 1800/ 8400] | Cost: 0.6844454 | Accuracy: 0.5400000
[2026-01-17 18:31:20,436] [INFO] - [ 1900/ 8400] | Cost: 0.6887352 | Accuracy: 0.5100000
[2026-01-17 18:32:13,759] [INFO] - [ 2000/ 8400] | Cost: 0.6948752 | Accuracy: 0.4900000
[2026-01-17 18:33:07,112] [INFO] - [ 2100/ 8400] | Cost: 0.6966395 | Accuracy: 0.4600000
[2026-01-17 18:34:00,321] [INFO] - [ 2200/ 8400] | Cost: 0.6936058 | Accuracy: 0.4200000
[2026-01-17 18:34:53,663] [INFO] - [ 2300/ 8400] | Cost: 0.6872630 | Accuracy: 0.5700000
[2026-01-17 18:35:47,027] [INFO] - [ 2400/ 8400] | Cost: 0.6865529 | Accuracy: 0.5200000
[2026-01-17 18:36:40,423] [INFO] - [ 2500/ 8400] | Cost: 0.6730130 | Accuracy: 0.6000000
[2026-01-17 18:37:33,648] [INFO] - [ 2600/ 8400] | Cost: 0.6878365 | Accuracy: 0.5400000
[2026-01-17 18:38:27,010] [INFO] - [ 2700/ 8400] | Cost: 0.6915147 | Accuracy: 0.5400000
[2026-01-17 18:39:20,398] [INFO] - [ 2800/ 8400] | Cost: 0.6988909 | Accuracy: 0.5200000
[2026-01-17 18:40:13,862] [INFO] - [ 2900/ 8400] | Cost: 0.6818885 | Accuracy: 0.5600000
[2026-01-17 18:41:07,314] [INFO] - [ 3000/ 8400] | Cost: 0.7014377 | Accuracy: 0.5000000
[2026-01-17 18:42:00,546] [INFO] - [ 3100/ 8400] | Cost: 0.6913556 | Accuracy: 0.5100000
[2026-01-17 18:42:53,916] [INFO] - [ 3200/ 8400] | Cost: 0.6903961 | Accuracy: 0.4900000
[2026-01-17 18:43:47,364] [INFO] - [ 3300/ 8400] | Cost: 0.6860527 | Accuracy: 0.6100000
[2026-01-17 18:44:40,697] [INFO] - [ 3400/ 8400] | Cost: 0.6850099 | Accuracy: 0.5300000
[2026-01-17 18:45:33,909] [INFO] - [ 3500/ 8400] | Cost: 0.6775268 | Accuracy: 0.5800000
[2026-01-17 18:46:27,239] [INFO] - [ 3600/ 8400] | Cost: 0.6815991 | Accuracy: 0.5400000
[2026-01-17 18:47:20,006] [INFO] - [ 3700/ 8400] | Cost: 0.7165585 | Accuracy: 0.4400000
[2026-01-17 18:48:04,566] [INFO] - [ 3800/ 8400] | Cost: 0.6628948 | Accuracy: 0.6000000
[2026-01-17 18:48:57,752] [INFO] - [ 3900/ 8400] | Cost: 0.6938579 | Accuracy: 0.5100000
[2026-01-17 18:49:51,096] [INFO] - [ 4000/ 8400] | Cost: 0.6688734 | Accuracy: 0.5800000
[2026-01-17 18:50:44,442] [INFO] - [ 4100/ 8400] | Cost: 0.7108138 | Accuracy: 0.4400000
[2026-01-17 18:51:37,818] [INFO] - [ 4200/ 8400] | Cost: 0.6797578 | Accuracy: 0.5500000
[2026-01-17 18:52:31,045] [INFO] - [ 4300/ 8400] | Cost: 0.6807406 | Accuracy: 0.5800000
[2026-01-17 18:53:24,401] [INFO] - [ 4400/ 8400] | Cost: 0.6917465 | Accuracy: 0.4600000
[2026-01-17 18:54:17,733] [INFO] - [ 4500/ 8400] | Cost: 0.6854839 | Accuracy: 0.5800000
[2026-01-17 18:55:11,079] [INFO] - [ 4600/ 8400] | Cost: 0.6851243 | Accuracy: 0.6300000
[2026-01-17 18:56:04,447] [INFO] - [ 4700/ 8400] | Cost: 0.6823016 | Accuracy: 0.6100000
[2026-01-17 18:56:57,676] [INFO] - [ 4800/ 8400] | Cost: 0.6867038 | Accuracy: 0.4900000
[2026-01-17 18:57:51,036] [INFO] - [ 4900/ 8400] | Cost: 0.6911564 | Accuracy: 0.5000000
[2026-01-17 18:58:41,508] [INFO] - [ 5000/ 8400] | Cost: 0.6916935 | Accuracy: 0.4800000
[2026-01-17 18:59:29,004] [INFO] - [ 5100/ 8400] | Cost: 0.6784424 | Accuracy: 0.5400000
[2026-01-17 19:00:22,249] [INFO] - [ 5200/ 8400] | Cost: 0.6791995 | Accuracy: 0.5800000
[2026-01-17 19:01:15,670] [INFO] - [ 5300/ 8400] | Cost: 0.6785214 | Accuracy: 0.6100000
[2026-01-17 19:02:09,156] [INFO] - [ 5400/ 8400] | Cost: 0.6782829 | Accuracy: 0.5600000
[2026-01-17 19:03:02,509] [INFO] - [ 5500/ 8400] | Cost: 0.6877682 | Accuracy: 0.4900000
[2026-01-17 19:03:55,848] [INFO] - [ 5600/ 8400] | Cost: 0.6791883 | Accuracy: 0.5700000
[2026-01-17 19:04:42,119] [INFO] - [ 5700/ 8400] | Cost: 0.6895921 | Accuracy: 0.4900000
[2026-01-17 19:05:35,425] [INFO] - [ 5800/ 8400] | Cost: 0.6854839 | Accuracy: 0.5600000
[2026-01-17 19:06:28,757] [INFO] - [ 5900/ 8400] | Cost: 0.6828598 | Accuracy: 0.6300000
[2026-01-17 19:07:21,891] [INFO] - [ 6000/ 8400] | Cost: 0.6809157 | Accuracy: 0.6700000
[2026-01-17 19:08:15,243] [INFO] - [ 6100/ 8400] | Cost: 0.6821630 | Accuracy: 0.6300000
[2026-01-17 19:09:08,511] [INFO] - [ 6200/ 8400] | Cost: 0.6829268 | Accuracy: 0.6900000
[2026-01-17 19:10:01,844] [INFO] - [ 6300/ 8400] | Cost: 0.6855530 | Accuracy: 0.6700000
[2026-01-17 19:10:55,194] [INFO] - [ 6400/ 8400] | Cost: 0.6798134 | Accuracy: 0.7200000
[2026-01-17 19:11:48,394] [INFO] - [ 6500/ 8400] | Cost: 0.6815845 | Accuracy: 0.6300000
[2026-01-17 19:12:41,714] [INFO] - [ 6600/ 8400] | Cost: 0.6867102 | Accuracy: 0.6000000
[2026-01-17 19:13:35,049] [INFO] - [ 6700/ 8400] | Cost: 0.6743202 | Accuracy: 0.7500000
[2026-01-17 19:14:28,385] [INFO] - [ 6800/ 8400] | Cost: 0.6826595 | Accuracy: 0.6200000
[2026-01-17 19:15:21,296] [INFO] - [ 6900/ 8400] | Cost: 0.6872272 | Accuracy: 0.5000000
[2026-01-17 19:16:04,714] [INFO] - [ 7000/ 8400] | Cost: 0.6857345 | Accuracy: 0.5300000
[2026-01-17 19:16:47,109] [INFO] - [ 7100/ 8400] | Cost: 0.6791243 | Accuracy: 0.6100000
[2026-01-17 19:17:29,465] [INFO] - [ 7200/ 8400] | Cost: 0.6793605 | Accuracy: 0.7100000
[2026-01-17 19:18:11,798] [INFO] - [ 7300/ 8400] | Cost: 0.6877316 | Accuracy: 0.6200000
[2026-01-17 19:19:05,233] [INFO] - [ 7400/ 8400] | Cost: 0.6788458 | Accuracy: 0.5300000
[2026-01-17 19:19:58,837] [INFO] - [ 7500/ 8400] | Cost: 0.6755802 | Accuracy: 0.5200000
[2026-01-17 19:20:43,392] [INFO] - [ 7600/ 8400] | Cost: 0.6869547 | Accuracy: 0.4900000
[2026-01-17 19:21:29,689] [INFO] - [ 7700/ 8400] | Cost: 0.6857518 | Accuracy: 0.5000000
