[2026-01-19 01:33:28,216] [INFO] - seed: 0
image_preprocessing: HomomorphicFilter
training:
  epochs: 1
  batch_size: 100
  image_width: 8
  lr: 0.05
model:
  num_layers: 3
dataset:
  num_classes: 2
  binary: true
  name: cxr8
  image_width_sweep: 2,4,8,16,32
  orig_width: 1024
embedding:
  name: NEQR
  pca: false
  supports_color: true

[2026-01-19 01:33:28,218] [INFO] - Using cuda.
[2026-01-19 01:33:28,517] [INFO] - Dataset: cxr8 | Train Size: 2270 | Validation Size: 650 | Test Size: 324
[2026-01-19 01:33:28,519] [INFO] - Initiate model
[2026-01-19 01:33:28,521] [INFO] - Weights Shape: torch.Size([3, 14, 3])
[2026-01-19 01:33:28,523] [INFO] - Bias Shape: torch.Size([2])
[2026-01-19 01:42:07,650] [INFO] - [  100/ 2270] | Cost: 0.6934649 | Accuracy: 0.4600000
[2026-01-19 01:51:07,550] [INFO] - [  200/ 2270] | Cost: 0.6613988 | Accuracy: 0.8400000
[2026-01-19 01:59:06,842] [INFO] - [  300/ 2270] | Cost: 0.6281570 | Accuracy: 0.8500000
[2026-01-19 02:08:13,547] [INFO] - [  400/ 2270] | Cost: 0.6101152 | Accuracy: 0.8200000
[2026-01-19 02:17:09,042] [INFO] - [  500/ 2270] | Cost: 0.5528447 | Accuracy: 0.9000000
[2026-01-19 02:25:21,541] [INFO] - [  600/ 2270] | Cost: 0.5301179 | Accuracy: 0.8900000
[2026-01-19 02:34:19,251] [INFO] - [  700/ 2270] | Cost: 0.5406010 | Accuracy: 0.8300000
[2026-01-19 02:43:00,216] [INFO] - [  800/ 2270] | Cost: 0.5159717 | Accuracy: 0.8400000
[2026-01-19 02:51:19,750] [INFO] - [  900/ 2270] | Cost: 0.4863577 | Accuracy: 0.8600000
[2026-01-19 03:00:21,445] [INFO] - [ 1000/ 2270] | Cost: 0.4961070 | Accuracy: 0.8300000
[2026-01-19 03:08:44,746] [INFO] - [ 1100/ 2270] | Cost: 0.4484370 | Accuracy: 0.8700000
[2026-01-19 03:17:51,016] [INFO] - [ 1200/ 2270] | Cost: 0.4781768 | Accuracy: 0.8300000
[2026-01-19 03:26:21,322] [INFO] - [ 1300/ 2270] | Cost: 0.4488534 | Accuracy: 0.8500000
[2026-01-19 03:34:57,550] [INFO] - [ 1400/ 2270] | Cost: 0.5397988 | Accuracy: 0.7700000
[2026-01-19 03:43:52,553] [INFO] - [ 1500/ 2270] | Cost: 0.4496379 | Accuracy: 0.8400000
[2026-01-19 03:52:22,752] [INFO] - [ 1600/ 2270] | Cost: 0.4603770 | Accuracy: 0.8300000
[2026-01-19 04:01:19,744] [INFO] - [ 1700/ 2270] | Cost: 0.2878877 | Accuracy: 0.9500000
[2026-01-19 04:09:46,545] [INFO] - [ 1800/ 2270] | Cost: 0.2936610 | Accuracy: 0.9400000
[2026-01-19 04:18:38,136] [INFO] - [ 1900/ 2270] | Cost: 0.4096597 | Accuracy: 0.8600000
[2026-01-19 04:27:34,235] [INFO] - [ 2000/ 2270] | Cost: 0.4559251 | Accuracy: 0.8300000
[2026-01-19 04:35:51,448] [INFO] - [ 2100/ 2270] | Cost: 0.4734097 | Accuracy: 0.8200000
[2026-01-19 04:44:42,336] [INFO] - [ 2200/ 2270] | Cost: 0.3707729 | Accuracy: 0.8800000
[2026-01-19 04:50:54,748] [INFO] - [ 2300/ 2270] | Cost: 0.3852712 | Accuracy: 0.8714286
