[2026-01-15 22:05:19,766] [INFO] - seed: 0
image_preprocessing: ContrastScaling
training:
  epochs: 2
  batch_size: 100
  image_width: 16
  lr: 0.05
model:
  num_layers: 3
dataset:
  num_classes: 2
  binary: true
  name: mnist
  image_width_sweep: 16,32
  orig_width: 28
embedding:
  name: NAQSS
  pca: false
  supports_color: false

[2026-01-15 22:05:19,770] [INFO] - Using cuda.
[2026-01-15 22:05:20,207] [INFO] - Dataset: mnist | Train Size: 10346 | Validation Size: 2956 | Test Size: 1478
[2026-01-15 22:05:20,209] [INFO] - Initiate model
[2026-01-15 22:05:21,525] [INFO] - Weights Shape: torch.Size([3, 17, 3])
[2026-01-15 22:05:21,526] [INFO] - Bias Shape: torch.Size([2])
[2026-01-15 22:08:20,573] [INFO] - [  100/10346] | Cost: 0.6924419 | Accuracy: 0.5300000
[2026-01-15 22:11:54,199] [INFO] - [  200/10346] | Cost: 0.6894551 | Accuracy: 0.5200000
[2026-01-15 22:15:20,481] [INFO] - [  300/10346] | Cost: 0.6907789 | Accuracy: 0.4900000
[2026-01-15 22:18:49,340] [INFO] - [  400/10346] | Cost: 0.6845360 | Accuracy: 0.5300000
[2026-01-15 22:22:15,093] [INFO] - [  500/10346] | Cost: 0.6817139 | Accuracy: 0.5300000
[2026-01-15 22:25:31,786] [INFO] - [  600/10346] | Cost: 0.6840892 | Accuracy: 0.4100000
[2026-01-15 22:29:14,363] [INFO] - [  700/10346] | Cost: 0.6717830 | Accuracy: 0.9800000
[2026-01-15 22:32:22,074] [INFO] - [  800/10346] | Cost: 0.6673093 | Accuracy: 0.9400000
[2026-01-15 22:35:51,127] [INFO] - [  900/10346] | Cost: 0.6578372 | Accuracy: 0.9700000
[2026-01-15 22:39:27,031] [INFO] - [ 1000/10346] | Cost: 0.6531821 | Accuracy: 0.7300000
[2026-01-15 22:42:44,538] [INFO] - [ 1100/10346] | Cost: 0.6474110 | Accuracy: 0.6400000
[2026-01-15 22:46:15,596] [INFO] - [ 1200/10346] | Cost: 0.6292778 | Accuracy: 0.5900000
[2026-01-15 22:49:42,682] [INFO] - [ 1300/10346] | Cost: 0.6229091 | Accuracy: 0.5700000
[2026-01-15 22:53:16,597] [INFO] - [ 1400/10346] | Cost: 0.5957928 | Accuracy: 0.6500000
[2026-01-15 22:56:44,456] [INFO] - [ 1500/10346] | Cost: 0.6062243 | Accuracy: 0.5800000
[2026-01-15 23:00:08,502] [INFO] - [ 1600/10346] | Cost: 0.5646998 | Accuracy: 0.7400000
[2026-01-15 23:03:46,286] [INFO] - [ 1700/10346] | Cost: 0.5840429 | Accuracy: 0.5900000
[2026-01-15 23:07:12,310] [INFO] - [ 1800/10346] | Cost: 0.5845452 | Accuracy: 0.6400000
[2026-01-15 23:10:43,507] [INFO] - [ 1900/10346] | Cost: 0.5892537 | Accuracy: 0.5800000
[2026-01-15 23:14:09,060] [INFO] - [ 2000/10346] | Cost: 0.5892344 | Accuracy: 0.6400000
[2026-01-15 23:17:40,088] [INFO] - [ 2100/10346] | Cost: 0.5835221 | Accuracy: 0.6600000
[2026-01-15 23:21:04,981] [INFO] - [ 2200/10346] | Cost: 0.5699149 | Accuracy: 0.8200000
[2026-01-15 23:24:39,424] [INFO] - [ 2300/10346] | Cost: 0.5904874 | Accuracy: 0.8000000
[2026-01-15 23:28:12,005] [INFO] - [ 2400/10346] | Cost: 0.5606235 | Accuracy: 0.9300000
[2026-01-15 23:31:46,224] [INFO] - [ 2500/10346] | Cost: 0.5496041 | Accuracy: 0.9800000
[2026-01-15 23:35:06,769] [INFO] - [ 2600/10346] | Cost: 0.5577512 | Accuracy: 0.9800000
[2026-01-15 23:38:36,743] [INFO] - [ 2700/10346] | Cost: 0.5465956 | Accuracy: 0.9800000
[2026-01-15 23:42:08,346] [INFO] - [ 2800/10346] | Cost: 0.5489606 | Accuracy: 1.0000000
[2026-01-15 23:45:32,747] [INFO] - [ 2900/10346] | Cost: 0.5454871 | Accuracy: 1.0000000
[2026-01-15 23:48:56,405] [INFO] - [ 3000/10346] | Cost: 0.5409086 | Accuracy: 1.0000000
[2026-01-15 23:52:27,712] [INFO] - [ 3100/10346] | Cost: 0.5398523 | Accuracy: 0.9800000
[2026-01-15 23:56:01,547] [INFO] - [ 3200/10346] | Cost: 0.5356713 | Accuracy: 1.0000000
[2026-01-15 23:59:23,802] [INFO] - [ 3300/10346] | Cost: 0.5370246 | Accuracy: 0.9800000
[2026-01-16 00:02:19,017] [INFO] - [ 3400/10346] | Cost: 0.5418956 | Accuracy: 0.9600000
[2026-01-16 00:04:56,994] [INFO] - [ 3500/10346] | Cost: 0.5368391 | Accuracy: 1.0000000
[2026-01-16 00:08:01,465] [INFO] - [ 3600/10346] | Cost: 0.5420334 | Accuracy: 0.9600000
[2026-01-16 00:11:23,884] [INFO] - [ 3700/10346] | Cost: 0.5385453 | Accuracy: 0.9700000
[2026-01-16 00:14:46,987] [INFO] - [ 3800/10346] | Cost: 0.5290120 | Accuracy: 0.9700000
[2026-01-16 00:18:11,877] [INFO] - [ 3900/10346] | Cost: 0.5427922 | Accuracy: 0.9400000
[2026-01-16 00:21:48,012] [INFO] - [ 4000/10346] | Cost: 0.5249712 | Accuracy: 0.9700000
[2026-01-16 00:25:19,805] [INFO] - [ 4100/10346] | Cost: 0.5239785 | Accuracy: 0.9900000
[2026-01-16 00:28:35,717] [INFO] - [ 4200/10346] | Cost: 0.5313677 | Accuracy: 0.9700000
[2026-01-16 00:31:57,393] [INFO] - [ 4300/10346] | Cost: 0.5190833 | Accuracy: 0.9800000
[2026-01-16 00:35:26,018] [INFO] - [ 4400/10346] | Cost: 0.5231115 | Accuracy: 0.9800000
[2026-01-16 00:38:36,115] [INFO] - [ 4500/10346] | Cost: 0.5140542 | Accuracy: 0.9900000
[2026-01-16 00:41:43,084] [INFO] - [ 4600/10346] | Cost: 0.5126988 | Accuracy: 1.0000000
[2026-01-16 00:45:20,772] [INFO] - [ 4700/10346] | Cost: 0.5281487 | Accuracy: 0.9800000
[2026-01-16 00:48:32,103] [INFO] - [ 4800/10346] | Cost: 0.5333884 | Accuracy: 0.9400000
[2026-01-16 00:51:31,774] [INFO] - [ 4900/10346] | Cost: 0.5320371 | Accuracy: 0.9600000
[2026-01-16 00:55:10,076] [INFO] - [ 5000/10346] | Cost: 0.5133075 | Accuracy: 0.9800000
[2026-01-16 00:58:25,092] [INFO] - [ 5100/10346] | Cost: 0.5296467 | Accuracy: 0.9900000
[2026-01-16 01:01:41,070] [INFO] - [ 5200/10346] | Cost: 0.5383176 | Accuracy: 0.9500000
[2026-01-16 01:04:51,103] [INFO] - [ 5300/10346] | Cost: 0.5164000 | Accuracy: 0.9900000
[2026-01-16 01:08:30,441] [INFO] - [ 5400/10346] | Cost: 0.5208487 | Accuracy: 1.0000000
[2026-01-16 01:11:42,397] [INFO] - [ 5500/10346] | Cost: 0.5186650 | Accuracy: 0.9900000
[2026-01-16 01:14:50,664] [INFO] - [ 5600/10346] | Cost: 0.5227514 | Accuracy: 0.9700000
[2026-01-16 01:18:21,481] [INFO] - [ 5700/10346] | Cost: 0.5143234 | Accuracy: 1.0000000
[2026-01-16 01:21:37,399] [INFO] - [ 5800/10346] | Cost: 0.5190701 | Accuracy: 0.9700000
[2026-01-16 01:24:30,587] [INFO] - [ 5900/10346] | Cost: 0.5298200 | Accuracy: 0.9500000
[2026-01-16 01:27:45,586] [INFO] - [ 6000/10346] | Cost: 0.5324757 | Accuracy: 0.9700000
[2026-01-16 01:31:04,603] [INFO] - [ 6100/10346] | Cost: 0.5168579 | Accuracy: 0.9800000
[2026-01-16 01:34:07,508] [INFO] - [ 6200/10346] | Cost: 0.5180822 | Accuracy: 0.9800000
[2026-01-16 01:37:09,977] [INFO] - [ 6300/10346] | Cost: 0.5326908 | Accuracy: 0.9500000
[2026-01-16 01:40:17,474] [INFO] - [ 6400/10346] | Cost: 0.5142497 | Accuracy: 0.9500000
[2026-01-16 01:43:38,521] [INFO] - [ 6500/10346] | Cost: 0.5107650 | Accuracy: 0.9800000
[2026-01-16 01:46:36,295] [INFO] - [ 6600/10346] | Cost: 0.5283566 | Accuracy: 0.9600000
[2026-01-16 01:49:40,970] [INFO] - [ 6700/10346] | Cost: 0.5212845 | Accuracy: 0.9700000
[2026-01-16 01:52:58,927] [INFO] - [ 6800/10346] | Cost: 0.5270663 | Accuracy: 0.9800000
[2026-01-16 01:55:59,585] [INFO] - [ 6900/10346] | Cost: 0.5138947 | Accuracy: 1.0000000
[2026-01-16 01:58:25,507] [INFO] - [ 7000/10346] | Cost: 0.5204055 | Accuracy: 0.9700000
[2026-01-16 02:00:56,425] [INFO] - [ 7100/10346] | Cost: 0.5263121 | Accuracy: 0.9900000
[2026-01-16 02:03:29,252] [INFO] - [ 7200/10346] | Cost: 0.5148854 | Accuracy: 1.0000000
[2026-01-16 02:05:53,700] [INFO] - [ 7300/10346] | Cost: 0.5229008 | Accuracy: 0.9800000
[2026-01-16 02:08:29,617] [INFO] - [ 7400/10346] | Cost: 0.5128849 | Accuracy: 0.9900000
[2026-01-16 02:11:05,417] [INFO] - [ 7500/10346] | Cost: 0.5156038 | Accuracy: 0.9800000
[2026-01-16 02:13:56,533] [INFO] - [ 7600/10346] | Cost: 0.5100927 | Accuracy: 0.9800000
[2026-01-16 02:16:31,778] [INFO] - [ 7700/10346] | Cost: 0.5172417 | Accuracy: 0.9700000
[2026-01-16 02:18:54,554] [INFO] - [ 7800/10346] | Cost: 0.5217621 | Accuracy: 0.9800000
[2026-01-16 02:21:34,713] [INFO] - [ 7900/10346] | Cost: 0.5150173 | Accuracy: 0.9800000
[2026-01-16 02:24:20,842] [INFO] - [ 8000/10346] | Cost: 0.5415118 | Accuracy: 0.9400000
[2026-01-16 02:26:46,443] [INFO] - [ 8100/10346] | Cost: 0.5330620 | Accuracy: 0.9500000
[2026-01-16 02:29:29,158] [INFO] - [ 8200/10346] | Cost: 0.5248720 | Accuracy: 0.9700000
[2026-01-16 02:32:04,378] [INFO] - [ 8300/10346] | Cost: 0.5203468 | Accuracy: 0.9600000
[2026-01-16 02:34:56,858] [INFO] - [ 8400/10346] | Cost: 0.5193838 | Accuracy: 1.0000000
[2026-01-16 02:37:37,425] [INFO] - [ 8500/10346] | Cost: 0.5140612 | Accuracy: 0.9900000
[2026-01-16 02:40:20,615] [INFO] - [ 8600/10346] | Cost: 0.5187616 | Accuracy: 0.9700000
[2026-01-16 02:43:19,108] [INFO] - [ 8700/10346] | Cost: 0.5178471 | Accuracy: 0.9800000
[2026-01-16 02:46:38,092] [INFO] - [ 8800/10346] | Cost: 0.5266448 | Accuracy: 0.9700000
[2026-01-16 02:49:27,376] [INFO] - [ 8900/10346] | Cost: 0.5172801 | Accuracy: 0.9800000
[2026-01-16 02:52:29,654] [INFO] - [ 9000/10346] | Cost: 0.5256248 | Accuracy: 1.0000000
[2026-01-16 02:55:25,563] [INFO] - [ 9100/10346] | Cost: 0.5254444 | Accuracy: 0.9700000
[2026-01-16 02:58:32,176] [INFO] - [ 9200/10346] | Cost: 0.5209010 | Accuracy: 0.9900000
[2026-01-16 03:01:36,280] [INFO] - [ 9300/10346] | Cost: 0.5235089 | Accuracy: 0.9900000
[2026-01-16 03:04:23,796] [INFO] - [ 9400/10346] | Cost: 0.5236073 | Accuracy: 1.0000000
[2026-01-16 03:07:34,440] [INFO] - [ 9500/10346] | Cost: 0.5196873 | Accuracy: 1.0000000
[2026-01-16 03:10:46,583] [INFO] - [ 9600/10346] | Cost: 0.5191583 | Accuracy: 1.0000000
[2026-01-16 03:13:36,214] [INFO] - [ 9700/10346] | Cost: 0.5147485 | Accuracy: 0.9900000
[2026-01-16 03:16:42,282] [INFO] - [ 9800/10346] | Cost: 0.5177720 | Accuracy: 0.9900000
[2026-01-16 03:20:03,396] [INFO] - [ 9900/10346] | Cost: 0.5412791 | Accuracy: 0.9400000
[2026-01-16 03:22:55,171] [INFO] - [10000/10346] | Cost: 0.5153563 | Accuracy: 0.9700000
[2026-01-16 03:25:58,233] [INFO] - [10100/10346] | Cost: 0.5212801 | Accuracy: 0.9700000
[2026-01-16 03:28:57,465] [INFO] - [10200/10346] | Cost: 0.5219629 | Accuracy: 0.9600000
[2026-01-16 03:32:00,859] [INFO] - [10300/10346] | Cost: 0.5287474 | Accuracy: 0.9500000
[2026-01-16 03:33:26,889] [INFO] - [10400/10346] | Cost: 0.5063859 | Accuracy: 1.0000000
