[2026-01-19 04:14:25,440] [INFO] - seed: 0
image_preprocessing: GaussianBlur
training:
  epochs: 1
  batch_size: 100
  image_width: 4
  lr: 0.05
model:
  num_layers: 3
dataset:
  num_classes: 2
  binary: true
  name: mnist
  image_width_sweep: 16,32
  orig_width: 28
embedding:
  name: NAQSS
  pca: false
  supports_color: false

[2026-01-19 04:14:25,445] [INFO] - Using cuda.
[2026-01-19 04:14:26,533] [INFO] - Dataset: mnist | Train Size: 10346 | Validation Size: 2956 | Test Size: 1478
[2026-01-19 04:14:26,536] [INFO] - Initiate model
[2026-01-19 04:14:27,428] [INFO] - Weights Shape: torch.Size([3, 13, 3])
[2026-01-19 04:14:27,429] [INFO] - Bias Shape: torch.Size([2])
[2026-01-19 04:22:51,353] [INFO] - [  100/10346] | Cost: 0.6922001 | Accuracy: 0.5300000
[2026-01-19 04:31:04,315] [INFO] - [  200/10346] | Cost: 0.6948317 | Accuracy: 0.5200000
[2026-01-19 04:38:50,819] [INFO] - [  300/10346] | Cost: 0.6960747 | Accuracy: 0.4900000
[2026-01-19 04:47:19,740] [INFO] - [  400/10346] | Cost: 0.6902016 | Accuracy: 0.5400000
[2026-01-19 04:55:27,338] [INFO] - [  500/10346] | Cost: 0.6907125 | Accuracy: 0.5300000
[2026-01-19 05:03:28,440] [INFO] - [  600/10346] | Cost: 0.6901817 | Accuracy: 0.4800000
[2026-01-19 05:12:19,248] [INFO] - [  700/10346] | Cost: 0.6807060 | Accuracy: 0.6800000
[2026-01-19 05:20:17,416] [INFO] - [  800/10346] | Cost: 0.6892409 | Accuracy: 0.5200000
[2026-01-19 05:28:37,641] [INFO] - [  900/10346] | Cost: 0.6793499 | Accuracy: 0.6200000
[2026-01-19 05:37:03,445] [INFO] - [ 1000/10346] | Cost: 0.6743417 | Accuracy: 0.6600000
[2026-01-19 05:44:46,448] [INFO] - [ 1100/10346] | Cost: 0.6659939 | Accuracy: 0.6800000
[2026-01-19 05:53:25,016] [INFO] - [ 1200/10346] | Cost: 0.6491114 | Accuracy: 0.7000000
[2026-01-19 06:01:27,317] [INFO] - [ 1300/10346] | Cost: 0.6672730 | Accuracy: 0.6100000
[2026-01-19 06:09:38,718] [INFO] - [ 1400/10346] | Cost: 0.6546080 | Accuracy: 0.6900000
[2026-01-19 06:18:14,925] [INFO] - [ 1500/10346] | Cost: 0.6375992 | Accuracy: 0.7100000
[2026-01-19 06:26:21,350] [INFO] - [ 1600/10346] | Cost: 0.6226114 | Accuracy: 0.7100000
[2026-01-19 06:34:37,736] [INFO] - [ 1700/10346] | Cost: 0.6404986 | Accuracy: 0.6400000
[2026-01-19 06:42:55,316] [INFO] - [ 1800/10346] | Cost: 0.6327085 | Accuracy: 0.6800000
[2026-01-19 06:51:10,516] [INFO] - [ 1900/10346] | Cost: 0.6502206 | Accuracy: 0.5900000
[2026-01-19 06:59:30,547] [INFO] - [ 2000/10346] | Cost: 0.6764969 | Accuracy: 0.5900000
[2026-01-19 07:07:54,054] [INFO] - [ 2100/10346] | Cost: 0.6935499 | Accuracy: 0.5700000
[2026-01-19 07:15:33,143] [INFO] - [ 2200/10346] | Cost: 0.6460081 | Accuracy: 0.6000000
[2026-01-19 07:23:49,815] [INFO] - [ 2300/10346] | Cost: 0.6969575 | Accuracy: 0.5300000
[2026-01-19 07:31:34,634] [INFO] - [ 2400/10346] | Cost: 0.6421540 | Accuracy: 0.6300000
[2026-01-19 07:38:58,916] [INFO] - [ 2500/10346] | Cost: 0.6588359 | Accuracy: 0.5700000
[2026-01-19 07:46:59,152] [INFO] - [ 2600/10346] | Cost: 0.6907462 | Accuracy: 0.4900000
[2026-01-19 07:54:28,715] [INFO] - [ 2700/10346] | Cost: 0.6452796 | Accuracy: 0.6400000
[2026-01-19 08:02:18,046] [INFO] - [ 2800/10346] | Cost: 0.6796107 | Accuracy: 0.6600000
[2026-01-19 08:09:46,715] [INFO] - [ 2900/10346] | Cost: 0.6307524 | Accuracy: 0.7400000
[2026-01-19 08:17:27,139] [INFO] - [ 3000/10346] | Cost: 0.6750101 | Accuracy: 0.6500000
[2026-01-19 08:25:11,449] [INFO] - [ 3100/10346] | Cost: 0.6406130 | Accuracy: 0.6800000
[2026-01-19 08:32:37,318] [INFO] - [ 3200/10346] | Cost: 0.6680815 | Accuracy: 0.6900000
[2026-01-19 08:40:12,053] [INFO] - [ 3300/10346] | Cost: 0.6400495 | Accuracy: 0.7700000
[2026-01-19 08:47:57,352] [INFO] - [ 3400/10346] | Cost: 0.6501260 | Accuracy: 0.6800000
[2026-01-19 08:55:37,516] [INFO] - [ 3500/10346] | Cost: 0.6858727 | Accuracy: 0.5700000
