[2026-01-17 05:07:31,761] [INFO] - seed: 0
image_preprocessing: BilateralFilter
training:
  epochs: 1
  batch_size: 100
  image_width: 16
  lr: 0.05
model:
  num_layers: 3
dataset:
  num_classes: 2
  binary: true
  name: stl10
  image_width_sweep: 2,4,8,16,32,64
  orig_width: 96
embedding:
  name: FRQI
  pca: false
  supports_color: false

[2026-01-17 05:07:31,763] [INFO] - Using cuda.
[2026-01-17 05:07:42,040] [INFO] - Dataset: stl10 | Train Size: 1819 | Validation Size: 521 | Test Size: 260
[2026-01-17 05:07:42,043] [INFO] - Initiate model
[2026-01-17 05:07:42,045] [INFO] - Weights Shape: torch.Size([3, 9, 3])
[2026-01-17 05:07:42,046] [INFO] - Bias Shape: torch.Size([2])
[2026-01-17 05:08:22,769] [INFO] - [  100/ 1819] | Cost: 0.6946898 | Accuracy: 0.5200000
[2026-01-17 05:09:12,678] [INFO] - [  200/ 1819] | Cost: 0.6904733 | Accuracy: 0.5400000
[2026-01-17 05:10:15,837] [INFO] - [  300/ 1819] | Cost: 0.6919006 | Accuracy: 0.4800000
[2026-01-17 05:11:17,225] [INFO] - [  400/ 1819] | Cost: 0.6916289 | Accuracy: 0.4500000
[2026-01-17 05:12:03,319] [INFO] - [  500/ 1819] | Cost: 0.6905900 | Accuracy: 0.5100000
[2026-01-17 05:12:52,433] [INFO] - [  600/ 1819] | Cost: 0.6863368 | Accuracy: 0.5600000
[2026-01-17 05:13:45,657] [INFO] - [  700/ 1819] | Cost: 0.6795940 | Accuracy: 0.6100000
[2026-01-17 05:14:22,800] [INFO] - [  800/ 1819] | Cost: 0.6844562 | Accuracy: 0.5300000
[2026-01-17 05:14:49,403] [INFO] - [  900/ 1819] | Cost: 0.6795126 | Accuracy: 0.6100000
[2026-01-17 05:15:31,071] [INFO] - [ 1000/ 1819] | Cost: 0.6752216 | Accuracy: 0.6600000
[2026-01-17 05:16:26,698] [INFO] - [ 1100/ 1819] | Cost: 0.6735651 | Accuracy: 0.6200000
[2026-01-17 05:17:18,793] [INFO] - [ 1200/ 1819] | Cost: 0.6664622 | Accuracy: 0.6300000
[2026-01-17 05:17:52,207] [INFO] - [ 1300/ 1819] | Cost: 0.6746055 | Accuracy: 0.6200000
[2026-01-17 05:18:39,988] [INFO] - [ 1400/ 1819] | Cost: 0.6549231 | Accuracy: 0.6700000
[2026-01-17 05:19:30,294] [INFO] - [ 1500/ 1819] | Cost: 0.6565998 | Accuracy: 0.6300000
[2026-01-17 05:20:15,448] [INFO] - [ 1600/ 1819] | Cost: 0.6774780 | Accuracy: 0.5700000
[2026-01-17 05:21:00,033] [INFO] - [ 1700/ 1819] | Cost: 0.6749923 | Accuracy: 0.6000000
[2026-01-17 05:22:01,940] [INFO] - [ 1800/ 1819] | Cost: 0.6789453 | Accuracy: 0.5400000
[2026-01-17 05:22:14,481] [INFO] - [ 1900/ 1819] | Cost: 0.6486244 | Accuracy: 0.6315789
[2026-01-17 05:23:41,119] [INFO] - Model dict saved to /workspace/persistent/embedding_colosseum/multirun/2026-01-15/22-04-31/272/saved_models/model_epoch-0.pt
[2026-01-17 05:23:41,120] [INFO] - Validation for epoch   0 | Cost: 0.6582543 | Accuracy: 0.6085714
