[2026-01-16 14:13:23,569] [INFO] - seed: 0
image_preprocessing: GaussianBlur
training:
  epochs: 1
  batch_size: 100
  image_width: 32
  lr: 0.05
model:
  num_layers: 3
dataset:
  num_classes: 2
  binary: true
  name: eurosat_rgb
  image_width_sweep: '64'
  orig_width: 64
embedding:
  name: NEQR
  pca: false
  supports_color: true

[2026-01-16 14:13:23,571] [INFO] - Using cuda.
[2026-01-16 14:13:23,611] [INFO] - Dataset: eurosat_rgb | Train Size: 4200 | Validation Size: 1200 | Test Size: 600
[2026-01-16 14:13:23,614] [INFO] - Initiate model
[2026-01-16 14:13:23,616] [INFO] - Weights Shape: torch.Size([3, 18, 3])
[2026-01-16 14:13:23,618] [INFO] - Bias Shape: torch.Size([2])
[2026-01-16 14:18:22,562] [INFO] - [  100/ 4200] | Cost: 0.6932139 | Accuracy: 0.4700000
[2026-01-16 14:23:28,157] [INFO] - [  200/ 4200] | Cost: 0.6868482 | Accuracy: 0.5700000
[2026-01-16 14:28:25,215] [INFO] - [  300/ 4200] | Cost: 0.7073157 | Accuracy: 0.4500000
[2026-01-16 14:33:44,168] [INFO] - [  400/ 4200] | Cost: 0.7015073 | Accuracy: 0.4700000
[2026-01-16 14:38:54,936] [INFO] - [  500/ 4200] | Cost: 0.6967250 | Accuracy: 0.4900000
[2026-01-16 14:44:15,826] [INFO] - [  600/ 4200] | Cost: 0.6866378 | Accuracy: 0.5500000
[2026-01-16 14:49:21,138] [INFO] - [  700/ 4200] | Cost: 0.6911510 | Accuracy: 0.5000000
[2026-01-16 14:54:36,367] [INFO] - [  800/ 4200] | Cost: 0.6911006 | Accuracy: 0.5000000
[2026-01-16 14:59:51,524] [INFO] - [  900/ 4200] | Cost: 0.6878765 | Accuracy: 0.7400000
[2026-01-16 15:05:12,041] [INFO] - [ 1000/ 4200] | Cost: 0.6861874 | Accuracy: 0.5300000
[2026-01-16 15:10:44,544] [INFO] - [ 1100/ 4200] | Cost: 0.6913207 | Accuracy: 0.4700000
[2026-01-16 15:16:11,717] [INFO] - [ 1200/ 4200] | Cost: 0.6911890 | Accuracy: 0.4800000
[2026-01-16 15:21:35,483] [INFO] - [ 1300/ 4200] | Cost: 0.7012677 | Accuracy: 0.4400000
[2026-01-16 15:26:51,184] [INFO] - [ 1400/ 4200] | Cost: 0.6832756 | Accuracy: 0.5400000
[2026-01-16 15:32:15,133] [INFO] - [ 1500/ 4200] | Cost: 0.6944882 | Accuracy: 0.4400000
[2026-01-16 15:37:35,516] [INFO] - [ 1600/ 4200] | Cost: 0.6748309 | Accuracy: 0.5700000
[2026-01-16 15:43:11,377] [INFO] - [ 1700/ 4200] | Cost: 0.6894163 | Accuracy: 0.4700000
[2026-01-16 15:48:53,749] [INFO] - [ 1800/ 4200] | Cost: 0.6829271 | Accuracy: 0.4700000
[2026-01-16 15:54:44,024] [INFO] - [ 1900/ 4200] | Cost: 0.6843176 | Accuracy: 0.4500000
[2026-01-16 16:00:12,818] [INFO] - [ 2000/ 4200] | Cost: 0.6788191 | Accuracy: 0.5700000
[2026-01-16 16:05:32,754] [INFO] - [ 2100/ 4200] | Cost: 0.6778963 | Accuracy: 0.7200000
[2026-01-16 16:10:52,428] [INFO] - [ 2200/ 4200] | Cost: 0.6767156 | Accuracy: 0.7300000
[2026-01-16 16:16:21,333] [INFO] - [ 2300/ 4200] | Cost: 0.6729044 | Accuracy: 0.7700000
[2026-01-16 16:21:38,028] [INFO] - [ 2400/ 4200] | Cost: 0.6681755 | Accuracy: 0.7400000
[2026-01-16 16:26:46,150] [INFO] - [ 2500/ 4200] | Cost: 0.6682533 | Accuracy: 0.7000000
[2026-01-16 16:31:42,771] [INFO] - [ 2600/ 4200] | Cost: 0.6769202 | Accuracy: 0.5800000
[2026-01-16 16:37:00,298] [INFO] - [ 2700/ 4200] | Cost: 0.6701311 | Accuracy: 0.6100000
[2026-01-16 16:42:08,088] [INFO] - [ 2800/ 4200] | Cost: 0.6527767 | Accuracy: 0.6500000
[2026-01-16 16:47:11,721] [INFO] - [ 2900/ 4200] | Cost: 0.6640346 | Accuracy: 0.6000000
[2026-01-16 16:52:14,633] [INFO] - [ 3000/ 4200] | Cost: 0.6757274 | Accuracy: 0.5300000
[2026-01-16 16:57:41,285] [INFO] - [ 3100/ 4200] | Cost: 0.6936899 | Accuracy: 0.4700000
[2026-01-16 17:02:53,760] [INFO] - [ 3200/ 4200] | Cost: 0.7117737 | Accuracy: 0.4300000
[2026-01-16 17:08:24,017] [INFO] - [ 3300/ 4200] | Cost: 0.6744501 | Accuracy: 0.5600000
[2026-01-16 17:13:44,171] [INFO] - [ 3400/ 4200] | Cost: 0.6774902 | Accuracy: 0.5100000
[2026-01-16 17:18:59,524] [INFO] - [ 3500/ 4200] | Cost: 0.6723992 | Accuracy: 0.5500000
[2026-01-16 17:24:22,451] [INFO] - [ 3600/ 4200] | Cost: 0.6637875 | Accuracy: 0.6400000
[2026-01-16 17:29:08,222] [INFO] - [ 3700/ 4200] | Cost: 0.6771643 | Accuracy: 0.5900000
[2026-01-16 17:34:24,455] [INFO] - [ 3800/ 4200] | Cost: 0.6785439 | Accuracy: 0.6400000
[2026-01-16 17:39:39,959] [INFO] - [ 3900/ 4200] | Cost: 0.6686965 | Accuracy: 0.8100000
[2026-01-16 17:44:56,082] [INFO] - [ 4000/ 4200] | Cost: 0.6647157 | Accuracy: 0.8700000
[2026-01-16 17:49:58,954] [INFO] - [ 4100/ 4200] | Cost: 0.6675116 | Accuracy: 0.5600000
[2026-01-16 17:55:07,405] [INFO] - [ 4200/ 4200] | Cost: 0.6607475 | Accuracy: 0.5700000
