[2026-01-18 04:04:47,420] [INFO] - seed: 1
image_preprocessing: HomomorphicFilter
training:
  epochs: 1
  batch_size: 100
  image_width: 32
  lr: 0.05
model:
  num_layers: 3
dataset:
  num_classes: 2
  binary: true
  name: eurosat_rgb
  image_width_sweep: '64'
  orig_width: 64
embedding:
  name: ZZFeatureMap
  pca: true
  supports_color: true

[2026-01-18 04:04:47,422] [INFO] - Using cuda.
[2026-01-18 04:04:47,464] [INFO] - Dataset: eurosat_rgb | Train Size: 4200 | Validation Size: 1200 | Test Size: 600
[2026-01-18 04:04:47,466] [INFO] - Applying PCA Loader to the dataset
[2026-01-18 04:04:52,882] [INFO] - Initiate model
[2026-01-18 04:04:52,885] [INFO] - Weights Shape: torch.Size([3, 6, 3])
[2026-01-18 04:04:52,885] [INFO] - Bias Shape: torch.Size([2])
[2026-01-18 04:05:11,848] [INFO] - [  100/ 4200] | Cost: 0.8421822 | Accuracy: 0.3600000
[2026-01-18 04:05:29,255] [INFO] - [  200/ 4200] | Cost: 0.7622079 | Accuracy: 0.3500000
[2026-01-18 04:05:51,355] [INFO] - [  300/ 4200] | Cost: 0.7461678 | Accuracy: 0.2500000
[2026-01-18 04:06:26,095] [INFO] - [  400/ 4200] | Cost: 0.7151740 | Accuracy: 0.5500000
[2026-01-18 04:07:01,024] [INFO] - [  500/ 4200] | Cost: 0.7247220 | Accuracy: 0.4700000
[2026-01-18 04:07:35,740] [INFO] - [  600/ 4200] | Cost: 0.6959804 | Accuracy: 0.5300000
[2026-01-18 04:08:10,760] [INFO] - [  700/ 4200] | Cost: 0.7067062 | Accuracy: 0.5000000
[2026-01-18 04:08:45,775] [INFO] - [  800/ 4200] | Cost: 0.7070836 | Accuracy: 0.4800000
[2026-01-18 04:09:20,851] [INFO] - [  900/ 4200] | Cost: 0.6813640 | Accuracy: 0.5500000
[2026-01-18 04:09:55,867] [INFO] - [ 1000/ 4200] | Cost: 0.6771289 | Accuracy: 0.5700000
[2026-01-18 04:10:30,892] [INFO] - [ 1100/ 4200] | Cost: 0.6890019 | Accuracy: 0.5600000
[2026-01-18 04:11:05,768] [INFO] - [ 1200/ 4200] | Cost: 0.6759497 | Accuracy: 0.6700000
[2026-01-18 04:11:40,826] [INFO] - [ 1300/ 4200] | Cost: 0.6749502 | Accuracy: 0.6400000
[2026-01-18 04:12:15,890] [INFO] - [ 1400/ 4200] | Cost: 0.6687106 | Accuracy: 0.7200000
[2026-01-18 04:12:50,950] [INFO] - [ 1500/ 4200] | Cost: 0.6663007 | Accuracy: 0.5900000
[2026-01-18 04:13:26,056] [INFO] - [ 1600/ 4200] | Cost: 0.6647664 | Accuracy: 0.6600000
[2026-01-18 04:14:01,069] [INFO] - [ 1700/ 4200] | Cost: 0.6519008 | Accuracy: 0.7000000
[2026-01-18 04:14:35,946] [INFO] - [ 1800/ 4200] | Cost: 0.6522803 | Accuracy: 0.7200000
[2026-01-18 04:15:10,950] [INFO] - [ 1900/ 4200] | Cost: 0.6309538 | Accuracy: 0.7500000
[2026-01-18 04:15:46,027] [INFO] - [ 2000/ 4200] | Cost: 0.6571401 | Accuracy: 0.6400000
[2026-01-18 04:16:21,149] [INFO] - [ 2100/ 4200] | Cost: 0.6374701 | Accuracy: 0.7500000
[2026-01-18 04:16:56,241] [INFO] - [ 2200/ 4200] | Cost: 0.6218354 | Accuracy: 0.8000000
[2026-01-18 04:17:31,090] [INFO] - [ 2300/ 4200] | Cost: 0.6211120 | Accuracy: 0.7700000
[2026-01-18 04:18:06,210] [INFO] - [ 2400/ 4200] | Cost: 0.6322871 | Accuracy: 0.7300000
[2026-01-18 04:18:41,288] [INFO] - [ 2500/ 4200] | Cost: 0.6280344 | Accuracy: 0.7700000
[2026-01-18 04:19:16,331] [INFO] - [ 2600/ 4200] | Cost: 0.6305193 | Accuracy: 0.7400000
[2026-01-18 04:19:51,384] [INFO] - [ 2700/ 4200] | Cost: 0.6193436 | Accuracy: 0.7300000
[2026-01-18 04:20:26,217] [INFO] - [ 2800/ 4200] | Cost: 0.6144353 | Accuracy: 0.7500000
[2026-01-18 04:21:01,073] [INFO] - [ 2900/ 4200] | Cost: 0.6395530 | Accuracy: 0.6800000
[2026-01-18 04:21:32,108] [INFO] - [ 3000/ 4200] | Cost: 0.6127389 | Accuracy: 0.6800000
[2026-01-18 04:22:07,109] [INFO] - [ 3100/ 4200] | Cost: 0.6324652 | Accuracy: 0.7200000
[2026-01-18 04:22:42,176] [INFO] - [ 3200/ 4200] | Cost: 0.6266442 | Accuracy: 0.7100000
[2026-01-18 04:23:17,038] [INFO] - [ 3300/ 4200] | Cost: 0.6135968 | Accuracy: 0.7400000
[2026-01-18 04:23:51,516] [INFO] - [ 3400/ 4200] | Cost: 0.6162008 | Accuracy: 0.7300000
[2026-01-18 04:24:24,661] [INFO] - [ 3500/ 4200] | Cost: 0.6293889 | Accuracy: 0.7000000
[2026-01-18 04:24:59,734] [INFO] - [ 3600/ 4200] | Cost: 0.6143854 | Accuracy: 0.7500000
[2026-01-18 04:25:34,782] [INFO] - [ 3700/ 4200] | Cost: 0.6051570 | Accuracy: 0.7400000
[2026-01-18 04:26:09,843] [INFO] - [ 3800/ 4200] | Cost: 0.5846413 | Accuracy: 0.7800000
[2026-01-18 04:26:44,734] [INFO] - [ 3900/ 4200] | Cost: 0.6031173 | Accuracy: 0.7900000
[2026-01-18 04:27:19,832] [INFO] - [ 4000/ 4200] | Cost: 0.5884483 | Accuracy: 0.7600000
[2026-01-18 04:27:54,963] [INFO] - [ 4100/ 4200] | Cost: 0.5963540 | Accuracy: 0.8200000
[2026-01-18 04:28:29,786] [INFO] - [ 4200/ 4200] | Cost: 0.5957204 | Accuracy: 0.7600000
[2026-01-18 04:28:47,316] [INFO] - Model dict saved to /workspace/persistent/embedding_colosseum/multirun/2026-01-18/02-06-25/51/saved_models/model_epoch-0.pt
[2026-01-18 04:28:47,317] [INFO] - Validation for epoch   0 | Cost: 0.5685271 | Accuracy: 0.7975000
