[2026-01-17 19:15:28,383] [INFO] - seed: 0
image_preprocessing: None
training:
  epochs: 1
  batch_size: 100
  image_width: 32
  lr: 0.05
model:
  num_layers: 3
dataset:
  num_classes: 2
  binary: true
  name: cxr8
  image_width_sweep: 2,4,8,16,32,64
  orig_width: 1024
embedding:
  name: AngleEncoding
  pca: true
  supports_color: true

[2026-01-17 19:15:28,387] [INFO] - Using cuda.
[2026-01-17 19:15:28,508] [INFO] - Dataset: cxr8 | Train Size: 2270 | Validation Size: 650 | Test Size: 324
[2026-01-17 19:15:28,511] [INFO] - Applying PCA Loader to the dataset
[2026-01-17 19:18:10,048] [INFO] - Initiate model
[2026-01-17 19:18:10,441] [INFO] - Weights Shape: torch.Size([3, 6, 3])
[2026-01-17 19:18:10,442] [INFO] - Bias Shape: torch.Size([2])
[2026-01-17 19:19:03,810] [INFO] - [  100/ 2270] | Cost: 0.7471662 | Accuracy: 0.1700000
[2026-01-17 19:19:57,509] [INFO] - [  200/ 2270] | Cost: 0.6615729 | Accuracy: 0.7400000
[2026-01-17 19:20:42,485] [INFO] - [  300/ 2270] | Cost: 0.6029491 | Accuracy: 0.8700000
