[2026-01-17 18:15:14,257] [INFO] - seed: 0
image_preprocessing: BilateralFilter
training:
  epochs: 1
  batch_size: 100
  image_width: 32
  lr: 0.05
model:
  num_layers: 3
dataset:
  num_classes: 2
  binary: true
  name: cifar10
  image_width_sweep: '32'
  orig_width: 32
embedding:
  name: AngleEncoding
  pca: true
  supports_color: true

[2026-01-17 18:15:14,262] [INFO] - Using cuda.
[2026-01-17 18:15:15,705] [INFO] - Dataset: cifar10 | Train Size: 8400 | Validation Size: 2400 | Test Size: 1200
[2026-01-17 18:15:15,709] [INFO] - Applying PCA Loader to the dataset
[2026-01-17 18:15:20,626] [INFO] - Initiate model
[2026-01-17 18:15:20,710] [INFO] - Weights Shape: torch.Size([3, 6, 3])
[2026-01-17 18:15:20,711] [INFO] - Bias Shape: torch.Size([2])
[2026-01-17 18:16:13,716] [INFO] - [  100/ 8400] | Cost: 0.7045828 | Accuracy: 0.3800000
[2026-01-17 18:17:07,195] [INFO] - [  200/ 8400] | Cost: 0.6827263 | Accuracy: 0.5900000
[2026-01-17 18:18:00,695] [INFO] - [  300/ 8400] | Cost: 0.6893147 | Accuracy: 0.5300000
[2026-01-17 18:18:54,111] [INFO] - [  400/ 8400] | Cost: 0.6970652 | Accuracy: 0.4900000
[2026-01-17 18:19:47,336] [INFO] - [  500/ 8400] | Cost: 0.6891501 | Accuracy: 0.4700000
[2026-01-17 18:20:40,754] [INFO] - [  600/ 8400] | Cost: 0.6695421 | Accuracy: 0.6800000
[2026-01-17 18:21:34,153] [INFO] - [  700/ 8400] | Cost: 0.6797662 | Accuracy: 0.5800000
[2026-01-17 18:22:27,567] [INFO] - [  800/ 8400] | Cost: 0.6783826 | Accuracy: 0.5700000
[2026-01-17 18:23:20,953] [INFO] - [  900/ 8400] | Cost: 0.6641390 | Accuracy: 0.6700000
[2026-01-17 18:24:14,174] [INFO] - [ 1000/ 8400] | Cost: 0.6475204 | Accuracy: 0.7700000
[2026-01-17 18:25:07,616] [INFO] - [ 1100/ 8400] | Cost: 0.6581531 | Accuracy: 0.6800000
[2026-01-17 18:26:00,998] [INFO] - [ 1200/ 8400] | Cost: 0.6420316 | Accuracy: 0.7200000
[2026-01-17 18:26:54,402] [INFO] - [ 1300/ 8400] | Cost: 0.6666667 | Accuracy: 0.6400000
[2026-01-17 18:27:47,820] [INFO] - [ 1400/ 8400] | Cost: 0.6391571 | Accuracy: 0.7200000
[2026-01-17 18:28:41,065] [INFO] - [ 1500/ 8400] | Cost: 0.6363218 | Accuracy: 0.6700000
[2026-01-17 18:29:34,478] [INFO] - [ 1600/ 8400] | Cost: 0.6486064 | Accuracy: 0.6400000
[2026-01-17 18:30:27,933] [INFO] - [ 1700/ 8400] | Cost: 0.6379026 | Accuracy: 0.7500000
[2026-01-17 18:31:21,359] [INFO] - [ 1800/ 8400] | Cost: 0.6458182 | Accuracy: 0.7000000
[2026-01-17 18:32:14,555] [INFO] - [ 1900/ 8400] | Cost: 0.6345196 | Accuracy: 0.6800000
[2026-01-17 18:33:07,984] [INFO] - [ 2000/ 8400] | Cost: 0.6520361 | Accuracy: 0.6700000
[2026-01-17 18:34:01,441] [INFO] - [ 2100/ 8400] | Cost: 0.6441646 | Accuracy: 0.6800000
[2026-01-17 18:34:54,810] [INFO] - [ 2200/ 8400] | Cost: 0.6514258 | Accuracy: 0.6700000
[2026-01-17 18:35:47,981] [INFO] - [ 2300/ 8400] | Cost: 0.6440803 | Accuracy: 0.7100000
[2026-01-17 18:36:41,389] [INFO] - [ 2400/ 8400] | Cost: 0.6282606 | Accuracy: 0.6700000
[2026-01-17 18:37:34,779] [INFO] - [ 2500/ 8400] | Cost: 0.6356796 | Accuracy: 0.6700000
[2026-01-17 18:38:28,130] [INFO] - [ 2600/ 8400] | Cost: 0.6279494 | Accuracy: 0.6300000
[2026-01-17 18:39:21,519] [INFO] - [ 2700/ 8400] | Cost: 0.6315268 | Accuracy: 0.6200000
[2026-01-17 18:40:14,723] [INFO] - [ 2800/ 8400] | Cost: 0.6129960 | Accuracy: 0.6700000
[2026-01-17 18:41:08,114] [INFO] - [ 2900/ 8400] | Cost: 0.6142190 | Accuracy: 0.7200000
[2026-01-17 18:42:01,582] [INFO] - [ 3000/ 8400] | Cost: 0.6363871 | Accuracy: 0.6300000
[2026-01-17 18:42:54,973] [INFO] - [ 3100/ 8400] | Cost: 0.6224048 | Accuracy: 0.7200000
[2026-01-17 18:43:48,200] [INFO] - [ 3200/ 8400] | Cost: 0.6385337 | Accuracy: 0.7000000
[2026-01-17 18:44:41,617] [INFO] - [ 3300/ 8400] | Cost: 0.6476508 | Accuracy: 0.6900000
[2026-01-17 18:45:35,082] [INFO] - [ 3400/ 8400] | Cost: 0.6418830 | Accuracy: 0.6800000
[2026-01-17 18:46:28,475] [INFO] - [ 3500/ 8400] | Cost: 0.6363010 | Accuracy: 0.7000000
[2026-01-17 18:47:21,135] [INFO] - [ 3600/ 8400] | Cost: 0.5973597 | Accuracy: 0.7500000
[2026-01-17 18:48:05,686] [INFO] - [ 3700/ 8400] | Cost: 0.6101832 | Accuracy: 0.7400000
[2026-01-17 18:48:59,085] [INFO] - [ 3800/ 8400] | Cost: 0.5845412 | Accuracy: 0.7700000
[2026-01-17 18:49:52,483] [INFO] - [ 3900/ 8400] | Cost: 0.6141673 | Accuracy: 0.6900000
[2026-01-17 18:50:45,839] [INFO] - [ 4000/ 8400] | Cost: 0.6059496 | Accuracy: 0.6800000
[2026-01-17 18:51:39,065] [INFO] - [ 4100/ 8400] | Cost: 0.6432553 | Accuracy: 0.6700000
[2026-01-17 18:52:32,442] [INFO] - [ 4200/ 8400] | Cost: 0.6207432 | Accuracy: 0.7200000
[2026-01-17 18:53:25,798] [INFO] - [ 4300/ 8400] | Cost: 0.6488103 | Accuracy: 0.6300000
[2026-01-17 18:54:19,134] [INFO] - [ 4400/ 8400] | Cost: 0.6519266 | Accuracy: 0.5800000
[2026-01-17 18:55:12,287] [INFO] - [ 4500/ 8400] | Cost: 0.6347696 | Accuracy: 0.6600000
[2026-01-17 18:56:05,677] [INFO] - [ 4600/ 8400] | Cost: 0.6146463 | Accuracy: 0.6700000
[2026-01-17 18:56:59,088] [INFO] - [ 4700/ 8400] | Cost: 0.6340401 | Accuracy: 0.6700000
[2026-01-17 18:57:52,456] [INFO] - [ 4800/ 8400] | Cost: 0.6063898 | Accuracy: 0.7200000
[2026-01-17 18:58:42,533] [INFO] - [ 4900/ 8400] | Cost: 0.6140866 | Accuracy: 0.6900000
[2026-01-17 18:59:30,086] [INFO] - [ 5000/ 8400] | Cost: 0.6252780 | Accuracy: 0.6600000
[2026-01-17 19:00:23,521] [INFO] - [ 5100/ 8400] | Cost: 0.5921047 | Accuracy: 0.7200000
[2026-01-17 19:01:16,890] [INFO] - [ 5200/ 8400] | Cost: 0.6017933 | Accuracy: 0.6900000
[2026-01-17 19:02:10,099] [INFO] - [ 5300/ 8400] | Cost: 0.5934193 | Accuracy: 0.7100000
[2026-01-17 19:03:03,520] [INFO] - [ 5400/ 8400] | Cost: 0.5716630 | Accuracy: 0.7600000
[2026-01-17 19:03:57,110] [INFO] - [ 5500/ 8400] | Cost: 0.6309001 | Accuracy: 0.6800000
[2026-01-17 19:04:43,357] [INFO] - [ 5600/ 8400] | Cost: 0.6057319 | Accuracy: 0.6900000
[2026-01-17 19:05:36,536] [INFO] - [ 5700/ 8400] | Cost: 0.6071273 | Accuracy: 0.6900000
[2026-01-17 19:06:29,951] [INFO] - [ 5800/ 8400] | Cost: 0.6211333 | Accuracy: 0.6800000
[2026-01-17 19:07:23,331] [INFO] - [ 5900/ 8400] | Cost: 0.6363914 | Accuracy: 0.6800000
[2026-01-17 19:08:16,701] [INFO] - [ 6000/ 8400] | Cost: 0.5908051 | Accuracy: 0.6800000
[2026-01-17 19:09:10,021] [INFO] - [ 6100/ 8400] | Cost: 0.6209542 | Accuracy: 0.6900000
[2026-01-17 19:10:03,209] [INFO] - [ 6200/ 8400] | Cost: 0.6182966 | Accuracy: 0.7000000
[2026-01-17 19:10:56,605] [INFO] - [ 6300/ 8400] | Cost: 0.6306984 | Accuracy: 0.6700000
[2026-01-17 19:11:49,996] [INFO] - [ 6400/ 8400] | Cost: 0.5870097 | Accuracy: 0.7100000
[2026-01-17 19:12:43,430] [INFO] - [ 6500/ 8400] | Cost: 0.5990165 | Accuracy: 0.7300000
[2026-01-17 19:13:36,646] [INFO] - [ 6600/ 8400] | Cost: 0.6306415 | Accuracy: 0.6700000
[2026-01-17 19:14:30,097] [INFO] - [ 6700/ 8400] | Cost: 0.5509963 | Accuracy: 0.7600000
[2026-01-17 19:15:23,073] [INFO] - [ 6800/ 8400] | Cost: 0.6221340 | Accuracy: 0.6700000
[2026-01-17 19:16:06,322] [INFO] - [ 6900/ 8400] | Cost: 0.6299566 | Accuracy: 0.6700000
[2026-01-17 19:16:48,487] [INFO] - [ 7000/ 8400] | Cost: 0.6410605 | Accuracy: 0.6300000
[2026-01-17 19:17:30,882] [INFO] - [ 7100/ 8400] | Cost: 0.5858737 | Accuracy: 0.7100000
[2026-01-17 19:18:13,704] [INFO] - [ 7200/ 8400] | Cost: 0.5582912 | Accuracy: 0.7300000
[2026-01-17 19:19:07,110] [INFO] - [ 7300/ 8400] | Cost: 0.6539751 | Accuracy: 0.6500000
[2026-01-17 19:20:00,467] [INFO] - [ 7400/ 8400] | Cost: 0.5794206 | Accuracy: 0.7300000
[2026-01-17 19:20:44,601] [INFO] - [ 7500/ 8400] | Cost: 0.5667937 | Accuracy: 0.7600000
[2026-01-17 19:21:30,634] [INFO] - [ 7600/ 8400] | Cost: 0.6014053 | Accuracy: 0.6800000
