[2026-01-16 18:52:38,901] [INFO] - seed: 0
image_preprocessing: GaussianBlur
training:
  epochs: 1
  batch_size: 100
  image_width: 16
  lr: 0.05
model:
  num_layers: 3
dataset:
  num_classes: 2
  binary: true
  name: eurosat_ms
  image_width_sweep: '64'
  orig_width: 64
embedding:
  name: NEQR
  pca: false
  supports_color: true

[2026-01-16 18:52:38,903] [INFO] - Using cuda.
[2026-01-16 18:52:38,951] [INFO] - Dataset: eurosat_ms | Train Size: 4200 | Validation Size: 1200 | Test Size: 600
[2026-01-16 18:52:38,953] [INFO] - Initiate model
[2026-01-16 18:52:38,955] [INFO] - Weights Shape: torch.Size([3, 16, 3])
[2026-01-16 18:52:38,956] [INFO] - Bias Shape: torch.Size([2])
[2026-01-16 18:54:20,614] [INFO] - [  100/ 4200] | Cost: 0.6935971 | Accuracy: 0.3900000
[2026-01-16 18:55:54,467] [INFO] - [  200/ 4200] | Cost: 0.6874517 | Accuracy: 0.5700000
[2026-01-16 18:57:28,000] [INFO] - [  300/ 4200] | Cost: 0.7083769 | Accuracy: 0.4500000
[2026-01-16 18:59:11,735] [INFO] - [  400/ 4200] | Cost: 0.7026455 | Accuracy: 0.4700000
[2026-01-16 19:01:02,373] [INFO] - [  500/ 4200] | Cost: 0.6969355 | Accuracy: 0.4900000
[2026-01-16 19:02:44,719] [INFO] - [  600/ 4200] | Cost: 0.6876819 | Accuracy: 0.5500000
[2026-01-16 19:04:17,424] [INFO] - [  700/ 4200] | Cost: 0.6914629 | Accuracy: 0.5000000
[2026-01-16 19:06:01,165] [INFO] - [  800/ 4200] | Cost: 0.6909903 | Accuracy: 0.4600000
[2026-01-16 19:07:31,914] [INFO] - [  900/ 4200] | Cost: 0.6840984 | Accuracy: 0.8500000
[2026-01-16 19:09:08,557] [INFO] - [ 1000/ 4200] | Cost: 0.6797712 | Accuracy: 0.5400000
[2026-01-16 19:11:00,353] [INFO] - [ 1100/ 4200] | Cost: 0.6843635 | Accuracy: 0.4700000
[2026-01-16 19:12:46,040] [INFO] - [ 1200/ 4200] | Cost: 0.6839121 | Accuracy: 0.4800000
[2026-01-16 19:14:21,269] [INFO] - [ 1300/ 4200] | Cost: 0.6873804 | Accuracy: 0.4400000
[2026-01-16 19:16:01,168] [INFO] - [ 1400/ 4200] | Cost: 0.6484487 | Accuracy: 0.5300000
[2026-01-16 19:17:49,621] [INFO] - [ 1500/ 4200] | Cost: 0.6719192 | Accuracy: 0.4200000
[2026-01-16 19:19:18,446] [INFO] - [ 1600/ 4200] | Cost: 0.6361845 | Accuracy: 0.5400000
[2026-01-16 19:21:12,554] [INFO] - [ 1700/ 4200] | Cost: 0.6553522 | Accuracy: 0.4800000
[2026-01-16 19:23:10,137] [INFO] - [ 1800/ 4200] | Cost: 0.6283125 | Accuracy: 0.5000000
[2026-01-16 19:24:52,529] [INFO] - [ 1900/ 4200] | Cost: 0.6349578 | Accuracy: 0.5000000
[2026-01-16 19:26:41,028] [INFO] - [ 2000/ 4200] | Cost: 0.6008059 | Accuracy: 0.7600000
[2026-01-16 19:28:11,481] [INFO] - [ 2100/ 4200] | Cost: 0.5905991 | Accuracy: 0.8600000
[2026-01-16 19:29:38,141] [INFO] - [ 2200/ 4200] | Cost: 0.5902155 | Accuracy: 0.8700000
[2026-01-16 19:31:12,070] [INFO] - [ 2300/ 4200] | Cost: 0.6182280 | Accuracy: 0.8900000
[2026-01-16 19:33:08,367] [INFO] - [ 2400/ 4200] | Cost: 0.5920675 | Accuracy: 0.9200000
[2026-01-16 19:34:48,781] [INFO] - [ 2500/ 4200] | Cost: 0.5858907 | Accuracy: 0.9200000
[2026-01-16 19:36:31,547] [INFO] - [ 2600/ 4200] | Cost: 0.6046624 | Accuracy: 0.8700000
[2026-01-16 19:38:09,291] [INFO] - [ 2700/ 4200] | Cost: 0.5906149 | Accuracy: 0.8400000
[2026-01-16 19:39:41,373] [INFO] - [ 2800/ 4200] | Cost: 0.5875812 | Accuracy: 0.8500000
[2026-01-16 19:41:08,206] [INFO] - [ 2900/ 4200] | Cost: 0.5978033 | Accuracy: 0.6900000
[2026-01-16 19:42:51,327] [INFO] - [ 3000/ 4200] | Cost: 0.6106538 | Accuracy: 0.6800000
[2026-01-16 19:44:41,773] [INFO] - [ 3100/ 4200] | Cost: 0.6318871 | Accuracy: 0.5900000
[2026-01-16 19:46:20,917] [INFO] - [ 3200/ 4200] | Cost: 0.6631232 | Accuracy: 0.4800000
[2026-01-16 19:48:09,080] [INFO] - [ 3300/ 4200] | Cost: 0.6061910 | Accuracy: 0.6700000
[2026-01-16 19:49:38,116] [INFO] - [ 3400/ 4200] | Cost: 0.6066535 | Accuracy: 0.7600000
[2026-01-16 19:51:19,229] [INFO] - [ 3500/ 4200] | Cost: 0.6032265 | Accuracy: 0.7400000
[2026-01-16 19:52:38,145] [INFO] - [ 3600/ 4200] | Cost: 0.6024238 | Accuracy: 0.8000000
[2026-01-16 19:54:37,182] [INFO] - [ 3700/ 4200] | Cost: 0.6153976 | Accuracy: 0.8200000
[2026-01-16 19:56:25,701] [INFO] - [ 3800/ 4200] | Cost: 0.6046216 | Accuracy: 0.9000000
[2026-01-16 19:57:55,878] [INFO] - [ 3900/ 4200] | Cost: 0.5955577 | Accuracy: 0.8800000
[2026-01-16 19:59:51,385] [INFO] - [ 4000/ 4200] | Cost: 0.5927262 | Accuracy: 0.9100000
[2026-01-16 20:01:18,530] [INFO] - [ 4100/ 4200] | Cost: 0.5771797 | Accuracy: 0.9400000
[2026-01-16 20:02:42,451] [INFO] - [ 4200/ 4200] | Cost: 0.5769387 | Accuracy: 0.9100000
