[2026-01-18 23:15:57,361] [INFO] - seed: 0
image_preprocessing: ContrastScaling
training:
  epochs: 1
  batch_size: 100
  image_width: 32
  lr: 0.05
model:
  num_layers: 3
dataset:
  num_classes: 2
  binary: true
  name: mnist
  image_width_sweep: 16,32
  orig_width: 28
embedding:
  name: NAQSS
  pca: false
  supports_color: false

[2026-01-18 23:15:57,418] [INFO] - Using cuda.
[2026-01-18 23:15:58,261] [INFO] - Dataset: mnist | Train Size: 10346 | Validation Size: 2956 | Test Size: 1478
[2026-01-18 23:15:58,263] [INFO] - Initiate model
[2026-01-18 23:16:02,526] [INFO] - Weights Shape: torch.Size([3, 19, 3])
[2026-01-18 23:16:02,528] [INFO] - Bias Shape: torch.Size([2])
[2026-01-19 00:14:27,526] [INFO] - [  100/10346] | Cost: 0.6942156 | Accuracy: 0.1300000
[2026-01-19 01:13:27,015] [INFO] - [  200/10346] | Cost: 0.6920379 | Accuracy: 0.5200000
[2026-01-19 02:12:05,545] [INFO] - [  300/10346] | Cost: 0.6948187 | Accuracy: 0.4900000
[2026-01-19 03:10:17,545] [INFO] - [  400/10346] | Cost: 0.6895670 | Accuracy: 0.5300000
[2026-01-19 04:09:21,916] [INFO] - [  500/10346] | Cost: 0.6891283 | Accuracy: 0.5300000
[2026-01-19 05:08:28,616] [INFO] - [  600/10346] | Cost: 0.6932022 | Accuracy: 0.4100000
[2026-01-19 06:06:51,716] [INFO] - [  700/10346] | Cost: 0.6875032 | Accuracy: 1.0000000
[2026-01-19 07:06:06,047] [INFO] - [  800/10346] | Cost: 0.6870771 | Accuracy: 0.4600000
[2026-01-19 08:01:24,147] [INFO] - [  900/10346] | Cost: 0.6847786 | Accuracy: 0.9400000
[2026-01-19 08:55:28,416] [INFO] - [ 1000/10346] | Cost: 0.6798776 | Accuracy: 0.6100000
