[2026-01-17 07:18:43,986] [INFO] - seed: 0
image_preprocessing: MedianBlur
training:
  epochs: 1
  batch_size: 100
  image_width: 16
  lr: 0.05
model:
  num_layers: 3
dataset:
  num_classes: 2
  binary: true
  name: cxr8
  image_width_sweep: 2,4,8,16,32,64
  orig_width: 1024
embedding:
  name: NEQR
  pca: false
  supports_color: true

[2026-01-17 07:18:43,990] [INFO] - Using cuda.
[2026-01-17 07:18:44,114] [INFO] - Dataset: cxr8 | Train Size: 2270 | Validation Size: 650 | Test Size: 324
[2026-01-17 07:18:44,116] [INFO] - Initiate model
[2026-01-17 07:18:44,280] [INFO] - Weights Shape: torch.Size([3, 16, 3])
[2026-01-17 07:18:44,282] [INFO] - Bias Shape: torch.Size([2])
[2026-01-17 07:20:39,324] [INFO] - [  100/ 2270] | Cost: 0.6928678 | Accuracy: 0.5300000
[2026-01-17 07:22:30,511] [INFO] - [  200/ 2270] | Cost: 0.6608499 | Accuracy: 0.8400000
[2026-01-17 07:24:03,407] [INFO] - [  300/ 2270] | Cost: 0.6282788 | Accuracy: 0.8500000
[2026-01-17 07:25:51,763] [INFO] - [  400/ 2270] | Cost: 0.6081367 | Accuracy: 0.8200000
[2026-01-17 07:27:49,449] [INFO] - [  500/ 2270] | Cost: 0.5534264 | Accuracy: 0.9000000
[2026-01-17 07:29:21,358] [INFO] - [  600/ 2270] | Cost: 0.5296060 | Accuracy: 0.8900000
[2026-01-17 07:31:01,947] [INFO] - [  700/ 2270] | Cost: 0.5404444 | Accuracy: 0.8300000
[2026-01-17 07:32:54,362] [INFO] - [  800/ 2270] | Cost: 0.5168173 | Accuracy: 0.8400000
[2026-01-17 07:34:21,780] [INFO] - [  900/ 2270] | Cost: 0.4861974 | Accuracy: 0.8600000
[2026-01-17 07:36:07,208] [INFO] - [ 1000/ 2270] | Cost: 0.4970382 | Accuracy: 0.8300000
[2026-01-17 07:37:51,614] [INFO] - [ 1100/ 2270] | Cost: 0.4482766 | Accuracy: 0.8700000
[2026-01-17 07:39:41,233] [INFO] - [ 1200/ 2270] | Cost: 0.4786075 | Accuracy: 0.8300000
[2026-01-17 07:41:24,498] [INFO] - [ 1300/ 2270] | Cost: 0.4489870 | Accuracy: 0.8500000
[2026-01-17 07:42:56,284] [INFO] - [ 1400/ 2270] | Cost: 0.5393173 | Accuracy: 0.7700000
[2026-01-17 07:44:41,047] [INFO] - [ 1500/ 2270] | Cost: 0.4499585 | Accuracy: 0.8400000
[2026-01-17 07:46:20,068] [INFO] - [ 1600/ 2270] | Cost: 0.4598666 | Accuracy: 0.8300000
[2026-01-17 07:47:57,771] [INFO] - [ 1700/ 2270] | Cost: 0.2883058 | Accuracy: 0.9500000
[2026-01-17 07:49:56,893] [INFO] - [ 1800/ 2270] | Cost: 0.2937790 | Accuracy: 0.9400000
[2026-01-17 07:51:41,263] [INFO] - [ 1900/ 2270] | Cost: 0.4093878 | Accuracy: 0.8600000
[2026-01-17 07:53:06,647] [INFO] - [ 2000/ 2270] | Cost: 0.4558123 | Accuracy: 0.8300000
[2026-01-17 07:54:43,907] [INFO] - [ 2100/ 2270] | Cost: 0.4728214 | Accuracy: 0.8200000
[2026-01-17 07:56:11,858] [INFO] - [ 2200/ 2270] | Cost: 0.3710939 | Accuracy: 0.8800000
[2026-01-17 07:57:24,426] [INFO] - [ 2300/ 2270] | Cost: 0.3850213 | Accuracy: 0.8714286
