[2026-01-17 17:32:18,827] [INFO] - seed: 0
image_preprocessing: HomomorphicFilter
training:
  epochs: 1
  batch_size: 100
  image_width: 32
  lr: 0.05
model:
  num_layers: 3
dataset:
  num_classes: 2
  binary: true
  name: fashion
  image_width_sweep: 16,32
  orig_width: 28
embedding:
  name: RMP
  pca: true
  supports_color: true

[2026-01-17 17:32:18,829] [INFO] - Using cuda.
[2026-01-17 17:32:19,252] [INFO] - Dataset: fashion | Train Size: 9800 | Validation Size: 2800 | Test Size: 1400
[2026-01-17 17:32:19,255] [INFO] - Applying PCA Loader to the dataset
[2026-01-17 17:32:25,852] [INFO] - Initiate model
[2026-01-17 17:32:25,854] [INFO] - Weights Shape: torch.Size([3, 6, 3])
[2026-01-17 17:32:25,855] [INFO] - Bias Shape: torch.Size([2])
[2026-01-17 17:33:15,408] [INFO] - [  100/ 9800] | Cost: 0.7052158 | Accuracy: 0.4700000
[2026-01-17 17:34:08,822] [INFO] - [  200/ 9800] | Cost: 0.6887855 | Accuracy: 0.6000000
[2026-01-17 17:35:02,203] [INFO] - [  300/ 9800] | Cost: 0.6853003 | Accuracy: 0.5400000
[2026-01-17 17:35:55,819] [INFO] - [  400/ 9800] | Cost: 0.6872337 | Accuracy: 0.5000000
[2026-01-17 17:36:35,580] [INFO] - [  500/ 9800] | Cost: 0.6899152 | Accuracy: 0.4600000
[2026-01-17 17:37:11,781] [INFO] - [  600/ 9800] | Cost: 0.6843905 | Accuracy: 0.4600000
[2026-01-17 17:37:56,368] [INFO] - [  700/ 9800] | Cost: 0.6787984 | Accuracy: 0.7500000
[2026-01-17 17:38:49,799] [INFO] - [  800/ 9800] | Cost: 0.6713991 | Accuracy: 0.5800000
[2026-01-17 17:39:42,968] [INFO] - [  900/ 9800] | Cost: 0.6770867 | Accuracy: 0.5100000
[2026-01-17 17:40:36,298] [INFO] - [ 1000/ 9800] | Cost: 0.6773278 | Accuracy: 0.5200000
[2026-01-17 17:41:29,679] [INFO] - [ 1100/ 9800] | Cost: 0.6893104 | Accuracy: 0.4800000
[2026-01-17 17:42:23,108] [INFO] - [ 1200/ 9800] | Cost: 0.6783164 | Accuracy: 0.5000000
[2026-01-17 17:43:16,484] [INFO] - [ 1300/ 9800] | Cost: 0.6805817 | Accuracy: 0.4500000
[2026-01-17 17:44:09,672] [INFO] - [ 1400/ 9800] | Cost: 0.6653807 | Accuracy: 0.8800000
[2026-01-17 17:45:03,064] [INFO] - [ 1500/ 9800] | Cost: 0.6650725 | Accuracy: 0.6700000
[2026-01-17 17:45:56,467] [INFO] - [ 1600/ 9800] | Cost: 0.6720297 | Accuracy: 0.4300000
[2026-01-17 17:46:49,890] [INFO] - [ 1700/ 9800] | Cost: 0.6523923 | Accuracy: 0.6100000
[2026-01-17 17:47:43,133] [INFO] - [ 1800/ 9800] | Cost: 0.6539301 | Accuracy: 0.5300000
[2026-01-17 17:48:36,560] [INFO] - [ 1900/ 9800] | Cost: 0.6541408 | Accuracy: 0.5200000
[2026-01-17 17:49:29,960] [INFO] - [ 2000/ 9800] | Cost: 0.6528953 | Accuracy: 0.5200000
[2026-01-17 17:50:23,400] [INFO] - [ 2100/ 9800] | Cost: 0.6540172 | Accuracy: 0.5000000
[2026-01-17 17:51:16,657] [INFO] - [ 2200/ 9800] | Cost: 0.6485642 | Accuracy: 0.6300000
[2026-01-17 17:52:10,079] [INFO] - [ 2300/ 9800] | Cost: 0.6491517 | Accuracy: 0.9200000
[2026-01-17 17:53:03,489] [INFO] - [ 2400/ 9800] | Cost: 0.6496699 | Accuracy: 0.8900000
[2026-01-17 17:53:56,903] [INFO] - [ 2500/ 9800] | Cost: 0.6483200 | Accuracy: 0.8100000
[2026-01-17 17:54:50,271] [INFO] - [ 2600/ 9800] | Cost: 0.6436238 | Accuracy: 0.7000000
[2026-01-17 17:55:43,499] [INFO] - [ 2700/ 9800] | Cost: 0.6600391 | Accuracy: 0.4600000
[2026-01-17 17:56:36,931] [INFO] - [ 2800/ 9800] | Cost: 0.6495460 | Accuracy: 0.6400000
[2026-01-17 17:57:30,302] [INFO] - [ 2900/ 9800] | Cost: 0.6400409 | Accuracy: 0.8600000
[2026-01-17 17:58:23,678] [INFO] - [ 3000/ 9800] | Cost: 0.6381440 | Accuracy: 0.9500000
[2026-01-17 17:59:16,888] [INFO] - [ 3100/ 9800] | Cost: 0.6407259 | Accuracy: 0.9500000
[2026-01-17 18:00:10,307] [INFO] - [ 3200/ 9800] | Cost: 0.6390040 | Accuracy: 0.9700000
[2026-01-17 18:01:03,707] [INFO] - [ 3300/ 9800] | Cost: 0.6334888 | Accuracy: 0.9400000
[2026-01-17 18:01:57,115] [INFO] - [ 3400/ 9800] | Cost: 0.6361321 | Accuracy: 0.9800000
[2026-01-17 18:02:50,343] [INFO] - [ 3500/ 9800] | Cost: 0.6324589 | Accuracy: 0.9500000
[2026-01-17 18:03:43,696] [INFO] - [ 3600/ 9800] | Cost: 0.6331313 | Accuracy: 0.9100000
[2026-01-17 18:04:37,075] [INFO] - [ 3700/ 9800] | Cost: 0.6436244 | Accuracy: 0.8100000
[2026-01-17 18:05:30,474] [INFO] - [ 3800/ 9800] | Cost: 0.6264040 | Accuracy: 0.9400000
[2026-01-17 18:06:23,705] [INFO] - [ 3900/ 9800] | Cost: 0.6384476 | Accuracy: 0.7900000
[2026-01-17 18:07:17,058] [INFO] - [ 4000/ 9800] | Cost: 0.6285040 | Accuracy: 0.8200000
[2026-01-17 18:08:10,448] [INFO] - [ 4100/ 9800] | Cost: 0.6367708 | Accuracy: 0.7600000
[2026-01-17 18:09:03,825] [INFO] - [ 4200/ 9800] | Cost: 0.6281363 | Accuracy: 0.7100000
[2026-01-17 18:09:53,228] [INFO] - [ 4300/ 9800] | Cost: 0.6371908 | Accuracy: 0.6700000
[2026-01-17 18:10:43,175] [INFO] - [ 4400/ 9800] | Cost: 0.6482035 | Accuracy: 0.7300000
[2026-01-17 18:11:36,586] [INFO] - [ 4500/ 9800] | Cost: 0.6289641 | Accuracy: 0.9100000
[2026-01-17 18:12:29,916] [INFO] - [ 4600/ 9800] | Cost: 0.6304882 | Accuracy: 0.9200000
[2026-01-17 18:13:23,508] [INFO] - [ 4700/ 9800] | Cost: 0.6307843 | Accuracy: 0.9600000
[2026-01-17 18:14:12,129] [INFO] - [ 4800/ 9800] | Cost: 0.6338450 | Accuracy: 0.9500000
[2026-01-17 18:14:58,386] [INFO] - [ 4900/ 9800] | Cost: 0.6271813 | Accuracy: 0.9500000
[2026-01-17 18:15:46,688] [INFO] - [ 5000/ 9800] | Cost: 0.6290630 | Accuracy: 0.9400000
[2026-01-17 18:16:40,041] [INFO] - [ 5100/ 9800] | Cost: 0.6235310 | Accuracy: 0.9300000
[2026-01-17 18:17:33,198] [INFO] - [ 5200/ 9800] | Cost: 0.6291716 | Accuracy: 0.8700000
[2026-01-17 18:18:26,659] [INFO] - [ 5300/ 9800] | Cost: 0.6335650 | Accuracy: 0.7300000
[2026-01-17 18:19:20,014] [INFO] - [ 5400/ 9800] | Cost: 0.6424752 | Accuracy: 0.6600000
[2026-01-17 18:20:13,406] [INFO] - [ 5500/ 9800] | Cost: 0.6260927 | Accuracy: 0.7800000
[2026-01-17 18:21:06,607] [INFO] - [ 5600/ 9800] | Cost: 0.6286309 | Accuracy: 0.8000000
[2026-01-17 18:22:00,027] [INFO] - [ 5700/ 9800] | Cost: 0.6314726 | Accuracy: 0.7500000
[2026-01-17 18:22:53,395] [INFO] - [ 5800/ 9800] | Cost: 0.6293215 | Accuracy: 0.7900000
[2026-01-17 18:23:46,776] [INFO] - [ 5900/ 9800] | Cost: 0.6316065 | Accuracy: 0.8300000
[2026-01-17 18:24:39,968] [INFO] - [ 6000/ 9800] | Cost: 0.6276747 | Accuracy: 0.9300000
[2026-01-17 18:25:33,419] [INFO] - [ 6100/ 9800] | Cost: 0.6287341 | Accuracy: 0.8400000
[2026-01-17 18:26:26,877] [INFO] - [ 6200/ 9800] | Cost: 0.6301824 | Accuracy: 0.8700000
[2026-01-17 18:27:20,318] [INFO] - [ 6300/ 9800] | Cost: 0.6510799 | Accuracy: 0.7400000
[2026-01-17 18:28:13,779] [INFO] - [ 6400/ 9800] | Cost: 0.6229035 | Accuracy: 0.9200000
[2026-01-17 18:29:07,066] [INFO] - [ 6500/ 9800] | Cost: 0.6330902 | Accuracy: 0.9000000
[2026-01-17 18:30:00,500] [INFO] - [ 6600/ 9800] | Cost: 0.6345574 | Accuracy: 0.9300000
[2026-01-17 18:30:53,955] [INFO] - [ 6700/ 9800] | Cost: 0.6294311 | Accuracy: 0.9500000
[2026-01-17 18:31:47,356] [INFO] - [ 6800/ 9800] | Cost: 0.6250305 | Accuracy: 0.9400000
[2026-01-17 18:32:40,517] [INFO] - [ 6900/ 9800] | Cost: 0.6330560 | Accuracy: 0.8300000
[2026-01-17 18:33:33,933] [INFO] - [ 7000/ 9800] | Cost: 0.6173112 | Accuracy: 0.8500000
[2026-01-17 18:34:27,359] [INFO] - [ 7100/ 9800] | Cost: 0.6409234 | Accuracy: 0.6500000
[2026-01-17 18:35:20,760] [INFO] - [ 7200/ 9800] | Cost: 0.6321468 | Accuracy: 0.5600000
[2026-01-17 18:36:13,931] [INFO] - [ 7300/ 9800] | Cost: 0.6332406 | Accuracy: 0.6000000
[2026-01-17 18:37:07,341] [INFO] - [ 7400/ 9800] | Cost: 0.6390640 | Accuracy: 0.4900000
[2026-01-17 18:38:00,729] [INFO] - [ 7500/ 9800] | Cost: 0.6385490 | Accuracy: 0.6000000
[2026-01-17 18:38:54,153] [INFO] - [ 7600/ 9800] | Cost: 0.6373353 | Accuracy: 0.7900000
[2026-01-17 18:39:47,340] [INFO] - [ 7700/ 9800] | Cost: 0.6352136 | Accuracy: 0.9300000
[2026-01-17 18:40:40,726] [INFO] - [ 7800/ 9800] | Cost: 0.6341150 | Accuracy: 0.9100000
[2026-01-17 18:41:34,164] [INFO] - [ 7900/ 9800] | Cost: 0.6339040 | Accuracy: 0.7000000
[2026-01-17 18:42:27,611] [INFO] - [ 8000/ 9800] | Cost: 0.6354874 | Accuracy: 0.5600000
[2026-01-17 18:43:20,801] [INFO] - [ 8100/ 9800] | Cost: 0.6240563 | Accuracy: 0.5800000
[2026-01-17 18:44:14,210] [INFO] - [ 8200/ 9800] | Cost: 0.6391680 | Accuracy: 0.5000000
[2026-01-17 18:45:07,646] [INFO] - [ 8300/ 9800] | Cost: 0.6378264 | Accuracy: 0.5100000
[2026-01-17 18:46:01,105] [INFO] - [ 8400/ 9800] | Cost: 0.6370074 | Accuracy: 0.5500000
[2026-01-17 18:46:54,278] [INFO] - [ 8500/ 9800] | Cost: 0.6296241 | Accuracy: 0.7300000
[2026-01-17 18:47:43,040] [INFO] - [ 8600/ 9800] | Cost: 0.6290078 | Accuracy: 0.9100000
[2026-01-17 18:48:31,804] [INFO] - [ 8700/ 9800] | Cost: 0.6296351 | Accuracy: 0.9000000
[2026-01-17 18:49:25,262] [INFO] - [ 8800/ 9800] | Cost: 0.6387269 | Accuracy: 0.8400000
[2026-01-17 18:50:18,422] [INFO] - [ 8900/ 9800] | Cost: 0.6400304 | Accuracy: 0.5900000
[2026-01-17 18:51:11,801] [INFO] - [ 9000/ 9800] | Cost: 0.6017867 | Accuracy: 0.6900000
[2026-01-17 18:52:05,214] [INFO] - [ 9100/ 9800] | Cost: 0.6259009 | Accuracy: 0.5300000
[2026-01-17 18:52:58,668] [INFO] - [ 9200/ 9800] | Cost: 0.6712988 | Accuracy: 0.4100000
[2026-01-17 18:53:51,835] [INFO] - [ 9300/ 9800] | Cost: 0.6692318 | Accuracy: 0.4200000
[2026-01-17 18:54:45,276] [INFO] - [ 9400/ 9800] | Cost: 0.6322484 | Accuracy: 0.5500000
[2026-01-17 18:55:38,711] [INFO] - [ 9500/ 9800] | Cost: 0.6303284 | Accuracy: 0.9000000
[2026-01-17 18:56:32,255] [INFO] - [ 9600/ 9800] | Cost: 0.6310605 | Accuracy: 0.9300000
[2026-01-17 18:57:25,497] [INFO] - [ 9700/ 9800] | Cost: 0.6132038 | Accuracy: 0.9300000
[2026-01-17 18:58:18,956] [INFO] - [ 9800/ 9800] | Cost: 0.6468421 | Accuracy: 0.4700000
[2026-01-17 18:59:06,707] [INFO] - Model dict saved to /workspace/persistent/embedding_colosseum/multirun/2026-01-17/16-03-43/35/saved_models/model_epoch-0.pt
[2026-01-17 18:59:06,709] [INFO] - Validation for epoch   0 | Cost: 0.6373751 | Accuracy: 0.4921429
