[2026-01-17 06:04:07,094] [INFO] - seed: 0
image_preprocessing: None
training:
  epochs: 1
  batch_size: 100
  image_width: 16
  lr: 0.05
model:
  num_layers: 3
dataset:
  num_classes: 2
  binary: true
  name: cxr8
  image_width_sweep: 2,4,8,16,32,64
  orig_width: 1024
embedding:
  name: NEQR
  pca: false
  supports_color: true

[2026-01-17 06:04:07,096] [INFO] - Using cuda.
[2026-01-17 06:04:07,221] [INFO] - Dataset: cxr8 | Train Size: 2270 | Validation Size: 650 | Test Size: 324
[2026-01-17 06:04:07,224] [INFO] - Initiate model
[2026-01-17 06:04:07,226] [INFO] - Weights Shape: torch.Size([3, 16, 3])
[2026-01-17 06:04:07,227] [INFO] - Bias Shape: torch.Size([2])
[2026-01-17 06:05:28,828] [INFO] - [  100/ 2270] | Cost: 0.6932722 | Accuracy: 0.4500000
[2026-01-17 06:07:04,014] [INFO] - [  200/ 2270] | Cost: 0.6597339 | Accuracy: 0.8400000
[2026-01-17 06:08:39,532] [INFO] - [  300/ 2270] | Cost: 0.6282406 | Accuracy: 0.8500000
[2026-01-17 06:10:29,019] [INFO] - [  400/ 2270] | Cost: 0.6083913 | Accuracy: 0.8200000
[2026-01-17 06:11:55,659] [INFO] - [  500/ 2270] | Cost: 0.5533295 | Accuracy: 0.9000000
[2026-01-17 06:13:44,807] [INFO] - [  600/ 2270] | Cost: 0.5298484 | Accuracy: 0.8900000
[2026-01-17 06:15:31,373] [INFO] - [  700/ 2270] | Cost: 0.5402387 | Accuracy: 0.8300000
[2026-01-17 06:16:48,082] [INFO] - [  800/ 2270] | Cost: 0.5165085 | Accuracy: 0.8400000
[2026-01-17 06:18:22,386] [INFO] - [  900/ 2270] | Cost: 0.4857073 | Accuracy: 0.8600000
[2026-01-17 06:20:08,907] [INFO] - [ 1000/ 2270] | Cost: 0.4969160 | Accuracy: 0.8300000
[2026-01-17 06:21:46,964] [INFO] - [ 1100/ 2270] | Cost: 0.4486219 | Accuracy: 0.8700000
[2026-01-17 06:23:03,700] [INFO] - [ 1200/ 2270] | Cost: 0.4782456 | Accuracy: 0.8300000
[2026-01-17 06:24:51,803] [INFO] - [ 1300/ 2270] | Cost: 0.4488930 | Accuracy: 0.8500000
[2026-01-17 06:26:37,982] [INFO] - [ 1400/ 2270] | Cost: 0.5391608 | Accuracy: 0.7700000
[2026-01-17 06:28:18,273] [INFO] - [ 1500/ 2270] | Cost: 0.4498800 | Accuracy: 0.8400000
[2026-01-17 06:30:03,879] [INFO] - [ 1600/ 2270] | Cost: 0.4598740 | Accuracy: 0.8300000
[2026-01-17 06:31:51,495] [INFO] - [ 1700/ 2270] | Cost: 0.2881186 | Accuracy: 0.9500000
[2026-01-17 06:33:24,181] [INFO] - [ 1800/ 2270] | Cost: 0.2939223 | Accuracy: 0.9400000
[2026-01-17 06:35:02,307] [INFO] - [ 1900/ 2270] | Cost: 0.4099136 | Accuracy: 0.8600000
[2026-01-17 06:36:59,168] [INFO] - [ 2000/ 2270] | Cost: 0.4557826 | Accuracy: 0.8300000
[2026-01-17 06:38:35,607] [INFO] - [ 2100/ 2270] | Cost: 0.4728663 | Accuracy: 0.8200000
[2026-01-17 06:40:08,646] [INFO] - [ 2200/ 2270] | Cost: 0.3712966 | Accuracy: 0.8800000
[2026-01-17 06:41:03,948] [INFO] - [ 2300/ 2270] | Cost: 0.3848335 | Accuracy: 0.8714286
