[2026-01-18 23:15:56,755] [INFO] - seed: 0
image_preprocessing: HomomorphicFilter
training:
  epochs: 1
  batch_size: 100
  image_width: 32
  lr: 0.05
model:
  num_layers: 3
dataset:
  num_classes: 2
  binary: true
  name: cxr8
  image_width_sweep: 2,4,8,16,32
  orig_width: 1024
embedding:
  name: OQIM
  pca: false
  supports_color: true

[2026-01-18 23:15:56,759] [INFO] - Using cuda.
[2026-01-18 23:15:57,042] [INFO] - Dataset: cxr8 | Train Size: 2270 | Validation Size: 650 | Test Size: 324
[2026-01-18 23:15:57,045] [INFO] - Initiate model
[2026-01-18 23:16:00,716] [INFO] - Weights Shape: torch.Size([3, 12, 3])
[2026-01-18 23:16:00,717] [INFO] - Bias Shape: torch.Size([2])
[2026-01-18 23:28:45,136] [INFO] - [  100/ 2270] | Cost: 0.7145474 | Accuracy: 0.1800000
[2026-01-18 23:41:23,315] [INFO] - [  200/ 2270] | Cost: 0.6623706 | Accuracy: 0.8400000
[2026-01-18 23:54:38,653] [INFO] - [  300/ 2270] | Cost: 0.6179357 | Accuracy: 0.8500000
[2026-01-19 00:08:04,255] [INFO] - [  400/ 2270] | Cost: 0.5920899 | Accuracy: 0.8200000
[2026-01-19 00:20:42,651] [INFO] - [  500/ 2270] | Cost: 0.5243743 | Accuracy: 0.9000000
[2026-01-19 00:33:44,949] [INFO] - [  600/ 2270] | Cost: 0.4950010 | Accuracy: 0.8900000
[2026-01-19 00:47:04,326] [INFO] - [  700/ 2270] | Cost: 0.5107923 | Accuracy: 0.8300000
[2026-01-19 00:59:48,754] [INFO] - [  800/ 2270] | Cost: 0.4837786 | Accuracy: 0.8400000
[2026-01-19 01:13:03,543] [INFO] - [  900/ 2270] | Cost: 0.4476409 | Accuracy: 0.8600000
[2026-01-19 01:26:31,347] [INFO] - [ 1000/ 2270] | Cost: 0.4690016 | Accuracy: 0.8300000
[2026-01-19 01:39:24,652] [INFO] - [ 1100/ 2270] | Cost: 0.4092654 | Accuracy: 0.8700000
[2026-01-19 01:52:30,239] [INFO] - [ 1200/ 2270] | Cost: 0.4577040 | Accuracy: 0.8300000
[2026-01-19 02:05:55,249] [INFO] - [ 1300/ 2270] | Cost: 0.4250168 | Accuracy: 0.8500000
[2026-01-19 02:18:51,937] [INFO] - [ 1400/ 2270] | Cost: 0.5531645 | Accuracy: 0.7700000
[2026-01-19 02:32:12,715] [INFO] - [ 1500/ 2270] | Cost: 0.4392365 | Accuracy: 0.8400000
[2026-01-19 02:45:11,132] [INFO] - [ 1600/ 2270] | Cost: 0.4573128 | Accuracy: 0.8300000
[2026-01-19 02:58:30,245] [INFO] - [ 1700/ 2270] | Cost: 0.2454357 | Accuracy: 0.9500000
[2026-01-19 03:11:46,851] [INFO] - [ 1800/ 2270] | Cost: 0.2590605 | Accuracy: 0.9400000
[2026-01-19 03:24:48,534] [INFO] - [ 1900/ 2270] | Cost: 0.4050369 | Accuracy: 0.8600000
[2026-01-19 03:38:28,415] [INFO] - [ 2000/ 2270] | Cost: 0.4648434 | Accuracy: 0.8300000
[2026-01-19 03:51:04,934] [INFO] - [ 2100/ 2270] | Cost: 0.4885992 | Accuracy: 0.8200000
[2026-01-19 04:04:39,615] [INFO] - [ 2200/ 2270] | Cost: 0.3670979 | Accuracy: 0.8800000
[2026-01-19 04:13:47,847] [INFO] - [ 2300/ 2270] | Cost: 0.3854142 | Accuracy: 0.8714286
