[2026-01-18 23:04:08,627] [INFO] - seed: 0
image_preprocessing: None
training:
  epochs: 1
  batch_size: 100
  image_width: 4
  lr: 0.05
model:
  num_layers: 3
dataset:
  num_classes: 2
  binary: true
  name: cxr8
  image_width_sweep: 2,4,8,16,32
  orig_width: 1024
embedding:
  name: OQIM
  pca: false
  supports_color: true

[2026-01-18 23:04:08,631] [INFO] - Using cuda.
[2026-01-18 23:04:08,783] [INFO] - Dataset: cxr8 | Train Size: 2270 | Validation Size: 650 | Test Size: 324
[2026-01-18 23:04:08,786] [INFO] - Initiate model
[2026-01-18 23:04:09,053] [INFO] - Weights Shape: torch.Size([3, 6, 3])
[2026-01-18 23:04:09,054] [INFO] - Bias Shape: torch.Size([2])
[2026-01-18 23:05:22,974] [INFO] - [  100/ 2270] | Cost: 0.6848089 | Accuracy: 0.6100000
[2026-01-18 23:06:59,416] [INFO] - [  200/ 2270] | Cost: 0.6157163 | Accuracy: 0.8400000
[2026-01-18 23:08:35,429] [INFO] - [  300/ 2270] | Cost: 0.5617131 | Accuracy: 0.8500000
[2026-01-18 23:10:05,733] [INFO] - [  400/ 2270] | Cost: 0.5358458 | Accuracy: 0.8200000
[2026-01-18 23:11:37,062] [INFO] - [  500/ 2270] | Cost: 0.4467848 | Accuracy: 0.9000000
[2026-01-18 23:13:09,262] [INFO] - [  600/ 2270] | Cost: 0.4195548 | Accuracy: 0.8900000
[2026-01-18 23:14:28,815] [INFO] - [  700/ 2270] | Cost: 0.4659984 | Accuracy: 0.8300000
[2026-01-18 23:17:01,735] [INFO] - [  800/ 2270] | Cost: 0.4450106 | Accuracy: 0.8400000
[2026-01-18 23:20:22,235] [INFO] - [  900/ 2270] | Cost: 0.4125832 | Accuracy: 0.8600000
[2026-01-18 23:23:57,033] [INFO] - [ 1000/ 2270] | Cost: 0.4541081 | Accuracy: 0.8300000
[2026-01-18 23:27:59,615] [INFO] - [ 1100/ 2270] | Cost: 0.3855747 | Accuracy: 0.8700000
[2026-01-18 23:31:48,233] [INFO] - [ 1200/ 2270] | Cost: 0.4592555 | Accuracy: 0.8300000
[2026-01-18 23:35:36,022] [INFO] - [ 1300/ 2270] | Cost: 0.4230151 | Accuracy: 0.8500000
[2026-01-18 23:39:29,248] [INFO] - [ 1400/ 2270] | Cost: 0.5829971 | Accuracy: 0.7700000
[2026-01-18 23:43:09,015] [INFO] - [ 1500/ 2270] | Cost: 0.4455988 | Accuracy: 0.8400000
[2026-01-18 23:46:38,538] [INFO] - [ 1600/ 2270] | Cost: 0.4672515 | Accuracy: 0.8300000
[2026-01-18 23:50:33,719] [INFO] - [ 1700/ 2270] | Cost: 0.2243139 | Accuracy: 0.9500000
[2026-01-18 23:54:35,644] [INFO] - [ 1800/ 2270] | Cost: 0.2454989 | Accuracy: 0.9400000
[2026-01-18 23:58:00,445] [INFO] - [ 1900/ 2270] | Cost: 0.4079484 | Accuracy: 0.8600000
[2026-01-19 00:01:33,043] [INFO] - [ 2000/ 2270] | Cost: 0.4703379 | Accuracy: 0.8300000
[2026-01-19 00:05:40,745] [INFO] - [ 2100/ 2270] | Cost: 0.4917849 | Accuracy: 0.8200000
[2026-01-19 00:09:33,245] [INFO] - [ 2200/ 2270] | Cost: 0.3666496 | Accuracy: 0.8800000
[2026-01-19 00:12:19,035] [INFO] - [ 2300/ 2270] | Cost: 0.3852127 | Accuracy: 0.8714286
