[2026-01-19 04:15:00,625] [INFO] - seed: 0
image_preprocessing: None
training:
  epochs: 1
  batch_size: 100
  image_width: 32
  lr: 0.05
model:
  num_layers: 3
dataset:
  num_classes: 2
  binary: true
  name: fashion
  image_width_sweep: 16,32
  orig_width: 28
embedding:
  name: OQIM
  pca: false
  supports_color: true

[2026-01-19 04:15:00,627] [INFO] - Using cuda.
[2026-01-19 04:15:01,720] [INFO] - Dataset: fashion | Train Size: 9800 | Validation Size: 2800 | Test Size: 1400
[2026-01-19 04:15:01,724] [INFO] - Initiate model
[2026-01-19 04:15:01,727] [INFO] - Weights Shape: torch.Size([3, 12, 3])
[2026-01-19 04:15:01,728] [INFO] - Bias Shape: torch.Size([2])
[2026-01-19 04:27:33,556] [INFO] - [  100/ 9800] | Cost: 0.6917819 | Accuracy: 0.5600000
[2026-01-19 04:40:02,624] [INFO] - [  200/ 9800] | Cost: 0.6746886 | Accuracy: 0.6100000
[2026-01-19 04:53:00,115] [INFO] - [  300/ 9800] | Cost: 0.7074291 | Accuracy: 0.5000000
[2026-01-19 05:05:51,935] [INFO] - [  400/ 9800] | Cost: 0.7350342 | Accuracy: 0.4100000
[2026-01-19 05:18:20,133] [INFO] - [  500/ 9800] | Cost: 0.7008702 | Accuracy: 0.4800000
[2026-01-19 05:31:26,748] [INFO] - [  600/ 9800] | Cost: 0.6921718 | Accuracy: 0.4800000
[2026-01-19 05:43:57,116] [INFO] - [  700/ 9800] | Cost: 0.6856390 | Accuracy: 0.4800000
[2026-01-19 05:56:46,919] [INFO] - [  800/ 9800] | Cost: 0.6847247 | Accuracy: 0.5000000
[2026-01-19 06:09:29,148] [INFO] - [  900/ 9800] | Cost: 0.6747336 | Accuracy: 0.5600000
[2026-01-19 06:21:59,752] [INFO] - [ 1000/ 9800] | Cost: 0.6810381 | Accuracy: 0.4700000
[2026-01-19 06:34:57,746] [INFO] - [ 1100/ 9800] | Cost: 0.6827785 | Accuracy: 0.4600000
[2026-01-19 06:48:11,350] [INFO] - [ 1200/ 9800] | Cost: 0.6416448 | Accuracy: 0.6700000
[2026-01-19 07:01:07,247] [INFO] - [ 1300/ 9800] | Cost: 0.6692846 | Accuracy: 0.5000000
[2026-01-19 07:13:22,149] [INFO] - [ 1400/ 9800] | Cost: 0.6695364 | Accuracy: 0.4700000
[2026-01-19 07:25:58,416] [INFO] - [ 1500/ 9800] | Cost: 0.6486481 | Accuracy: 0.5400000
[2026-01-19 07:37:51,515] [INFO] - [ 1600/ 9800] | Cost: 0.6614522 | Accuracy: 0.5800000
[2026-01-19 07:49:46,015] [INFO] - [ 1700/ 9800] | Cost: 0.6489511 | Accuracy: 0.8600000
[2026-01-19 08:01:47,524] [INFO] - [ 1800/ 9800] | Cost: 0.6462082 | Accuracy: 0.8800000
[2026-01-19 08:13:19,345] [INFO] - [ 1900/ 9800] | Cost: 0.6401258 | Accuracy: 0.8300000
[2026-01-19 08:25:00,246] [INFO] - [ 2000/ 9800] | Cost: 0.6233234 | Accuracy: 0.8700000
[2026-01-19 08:37:13,744] [INFO] - [ 2100/ 9800] | Cost: 0.6231712 | Accuracy: 0.8500000
[2026-01-19 08:49:03,458] [INFO] - [ 2200/ 9800] | Cost: 0.6245894 | Accuracy: 0.8600000
