[2026-01-18 05:17:51,598] [INFO] - seed: 1
image_preprocessing: MedianBlur
training:
  epochs: 1
  batch_size: 100
  image_width: 32
  lr: 0.05
model:
  num_layers: 3
dataset:
  num_classes: 2
  binary: true
  name: stl10
  image_width_sweep: 2,4,8,16,32,64
  orig_width: 96
embedding:
  name: RMP
  pca: true
  supports_color: true

[2026-01-18 05:17:51,600] [INFO] - Using cuda.
[2026-01-18 05:18:02,531] [INFO] - Dataset: stl10 | Train Size: 1819 | Validation Size: 521 | Test Size: 260
[2026-01-18 05:18:02,534] [INFO] - Applying PCA Loader to the dataset
[2026-01-18 05:18:04,930] [INFO] - Initiate model
[2026-01-18 05:18:04,933] [INFO] - Weights Shape: torch.Size([3, 6, 3])
[2026-01-18 05:18:04,933] [INFO] - Bias Shape: torch.Size([2])
[2026-01-18 05:18:38,353] [INFO] - [  100/ 1819] | Cost: 0.7030988 | Accuracy: 0.4800000
[2026-01-18 05:19:09,492] [INFO] - [  200/ 1819] | Cost: 0.6905240 | Accuracy: 0.5300000
[2026-01-18 05:19:32,299] [INFO] - [  300/ 1819] | Cost: 0.6848428 | Accuracy: 0.5500000
[2026-01-18 05:19:52,482] [INFO] - [  400/ 1819] | Cost: 0.6967929 | Accuracy: 0.5100000
[2026-01-18 05:20:13,110] [INFO] - [  500/ 1819] | Cost: 0.6656593 | Accuracy: 0.6100000
[2026-01-18 05:20:31,023] [INFO] - [  600/ 1819] | Cost: 0.7154163 | Accuracy: 0.4700000
[2026-01-18 05:20:48,286] [INFO] - [  700/ 1819] | Cost: 0.6813886 | Accuracy: 0.5500000
[2026-01-18 05:21:05,323] [INFO] - [  800/ 1819] | Cost: 0.7159228 | Accuracy: 0.4000000
[2026-01-18 05:21:17,440] [INFO] - [  900/ 1819] | Cost: 0.6940179 | Accuracy: 0.4400000
