[2026-01-18 23:04:09,082] [INFO] - seed: 0
image_preprocessing: GaussianBlur
training:
  epochs: 1
  batch_size: 100
  image_width: 16
  lr: 0.05
model:
  num_layers: 3
dataset:
  num_classes: 2
  binary: true
  name: cxr8
  image_width_sweep: 2,4,8,16,32
  orig_width: 1024
embedding:
  name: NAQSS
  pca: false
  supports_color: false

[2026-01-18 23:04:09,086] [INFO] - Using cuda.
[2026-01-18 23:04:09,251] [INFO] - Dataset: cxr8 | Train Size: 2270 | Validation Size: 650 | Test Size: 324
[2026-01-18 23:04:09,254] [INFO] - Initiate model
[2026-01-18 23:04:10,757] [INFO] - Weights Shape: torch.Size([3, 17, 3])
[2026-01-18 23:04:10,759] [INFO] - Bias Shape: torch.Size([2])
[2026-01-18 23:12:27,280] [INFO] - [  100/ 2270] | Cost: 0.6929007 | Accuracy: 0.5300000
[2026-01-18 23:27:51,315] [INFO] - [  200/ 2270] | Cost: 0.6606331 | Accuracy: 0.8400000
[2026-01-18 23:47:36,242] [INFO] - [  300/ 2270] | Cost: 0.6280386 | Accuracy: 0.8500000
[2026-01-19 00:08:01,626] [INFO] - [  400/ 2270] | Cost: 0.6082978 | Accuracy: 0.8200000
[2026-01-19 00:28:10,416] [INFO] - [  500/ 2270] | Cost: 0.5535276 | Accuracy: 0.9000000
[2026-01-19 00:48:28,434] [INFO] - [  600/ 2270] | Cost: 0.5300060 | Accuracy: 0.8900000
[2026-01-19 01:08:25,521] [INFO] - [  700/ 2270] | Cost: 0.5404754 | Accuracy: 0.8300000
[2026-01-19 01:28:34,537] [INFO] - [  800/ 2270] | Cost: 0.5168717 | Accuracy: 0.8400000
[2026-01-19 01:48:47,116] [INFO] - [  900/ 2270] | Cost: 0.4861014 | Accuracy: 0.8600000
[2026-01-19 02:08:42,654] [INFO] - [ 1000/ 2270] | Cost: 0.4969878 | Accuracy: 0.8300000
[2026-01-19 02:28:33,916] [INFO] - [ 1100/ 2270] | Cost: 0.4483536 | Accuracy: 0.8700000
[2026-01-19 02:48:25,653] [INFO] - [ 1200/ 2270] | Cost: 0.4787926 | Accuracy: 0.8300000
[2026-01-19 03:08:24,316] [INFO] - [ 1300/ 2270] | Cost: 0.4490170 | Accuracy: 0.8500000
[2026-01-19 03:28:21,553] [INFO] - [ 1400/ 2270] | Cost: 0.5391912 | Accuracy: 0.7700000
[2026-01-19 03:48:30,022] [INFO] - [ 1500/ 2270] | Cost: 0.4498814 | Accuracy: 0.8400000
[2026-01-19 04:08:40,616] [INFO] - [ 1600/ 2270] | Cost: 0.4598836 | Accuracy: 0.8300000
[2026-01-19 04:29:09,153] [INFO] - [ 1700/ 2270] | Cost: 0.2881718 | Accuracy: 0.9500000
[2026-01-19 04:49:17,616] [INFO] - [ 1800/ 2270] | Cost: 0.2937630 | Accuracy: 0.9400000
[2026-01-19 05:09:33,716] [INFO] - [ 1900/ 2270] | Cost: 0.4097739 | Accuracy: 0.8600000
[2026-01-19 05:29:43,041] [INFO] - [ 2000/ 2270] | Cost: 0.4557144 | Accuracy: 0.8300000
[2026-01-19 05:49:54,216] [INFO] - [ 2100/ 2270] | Cost: 0.4729042 | Accuracy: 0.8200000
[2026-01-19 06:09:58,816] [INFO] - [ 2200/ 2270] | Cost: 0.3711085 | Accuracy: 0.8800000
[2026-01-19 06:24:14,416] [INFO] - [ 2300/ 2270] | Cost: 0.3850052 | Accuracy: 0.8714286
