[2026-01-17 05:45:00,150] [INFO] - seed: 0
image_preprocessing: HomomorphicFilter
training:
  epochs: 1
  batch_size: 100
  image_width: 32
  lr: 0.05
model:
  num_layers: 3
dataset:
  num_classes: 2
  binary: true
  name: stl10
  image_width_sweep: 2,4,8,16,32,64
  orig_width: 96
embedding:
  name: OQIM
  pca: false
  supports_color: true

[2026-01-17 05:45:00,153] [INFO] - Using cuda.
[2026-01-17 05:45:12,125] [INFO] - Dataset: stl10 | Train Size: 1819 | Validation Size: 521 | Test Size: 260
[2026-01-17 05:45:12,128] [INFO] - Initiate model
[2026-01-17 05:45:12,130] [INFO] - Weights Shape: torch.Size([3, 12, 3])
[2026-01-17 05:45:12,131] [INFO] - Bias Shape: torch.Size([2])
[2026-01-17 05:47:32,491] [INFO] - [  100/ 1819] | Cost: 0.6947393 | Accuracy: 0.4800000
[2026-01-17 05:50:10,102] [INFO] - [  200/ 1819] | Cost: 0.6940182 | Accuracy: 0.4900000
[2026-01-17 05:52:58,353] [INFO] - [  300/ 1819] | Cost: 0.6903234 | Accuracy: 0.5200000
[2026-01-17 05:55:46,507] [INFO] - [  400/ 1819] | Cost: 0.6859668 | Accuracy: 0.5600000
[2026-01-17 05:58:39,730] [INFO] - [  500/ 1819] | Cost: 0.7005954 | Accuracy: 0.4400000
[2026-01-17 06:01:30,813] [INFO] - [  600/ 1819] | Cost: 0.6908411 | Accuracy: 0.4900000
[2026-01-17 06:04:28,754] [INFO] - [  700/ 1819] | Cost: 0.6837166 | Accuracy: 0.6700000
[2026-01-17 06:07:19,000] [INFO] - [  800/ 1819] | Cost: 0.6848152 | Accuracy: 0.6500000
[2026-01-17 06:10:18,121] [INFO] - [  900/ 1819] | Cost: 0.6852330 | Accuracy: 0.6300000
[2026-01-17 06:13:14,720] [INFO] - [ 1000/ 1819] | Cost: 0.6858035 | Accuracy: 0.5900000
[2026-01-17 06:15:59,205] [INFO] - [ 1100/ 1819] | Cost: 0.6863620 | Accuracy: 0.5400000
[2026-01-17 06:18:42,598] [INFO] - [ 1200/ 1819] | Cost: 0.6770715 | Accuracy: 0.6300000
[2026-01-17 06:21:32,706] [INFO] - [ 1300/ 1819] | Cost: 0.6805873 | Accuracy: 0.6200000
[2026-01-17 06:24:36,080] [INFO] - [ 1400/ 1819] | Cost: 0.6745976 | Accuracy: 0.6200000
[2026-01-17 06:27:11,920] [INFO] - [ 1500/ 1819] | Cost: 0.6771967 | Accuracy: 0.6300000
[2026-01-17 06:30:11,419] [INFO] - [ 1600/ 1819] | Cost: 0.6766990 | Accuracy: 0.5800000
[2026-01-17 06:33:04,885] [INFO] - [ 1700/ 1819] | Cost: 0.6867402 | Accuracy: 0.5400000
[2026-01-17 06:35:59,735] [INFO] - [ 1800/ 1819] | Cost: 0.6592613 | Accuracy: 0.6000000
[2026-01-17 06:36:35,736] [INFO] - [ 1900/ 1819] | Cost: 0.6760667 | Accuracy: 0.5789474
