[2026-01-17 05:15:48,644] [INFO] - seed: 0
image_preprocessing: BilateralFilter
training:
  epochs: 1
  batch_size: 100
  image_width: 16
  lr: 0.05
model:
  num_layers: 3
dataset:
  num_classes: 2
  binary: true
  name: stl10
  image_width_sweep: 2,4,8,16,32,64
  orig_width: 96
embedding:
  name: OQIM
  pca: false
  supports_color: true

[2026-01-17 05:15:48,648] [INFO] - Using cuda.
[2026-01-17 05:16:00,583] [INFO] - Dataset: stl10 | Train Size: 1819 | Validation Size: 521 | Test Size: 260
[2026-01-17 05:16:00,586] [INFO] - Initiate model
[2026-01-17 05:16:01,087] [INFO] - Weights Shape: torch.Size([3, 10, 3])
[2026-01-17 05:16:01,088] [INFO] - Bias Shape: torch.Size([2])
[2026-01-17 05:17:14,086] [INFO] - [  100/ 1819] | Cost: 0.6936371 | Accuracy: 0.4800000
[2026-01-17 05:18:02,777] [INFO] - [  200/ 1819] | Cost: 0.6895729 | Accuracy: 0.4900000
[2026-01-17 05:19:08,593] [INFO] - [  300/ 1819] | Cost: 0.6846551 | Accuracy: 0.5200000
[2026-01-17 05:20:07,432] [INFO] - [  400/ 1819] | Cost: 0.6794876 | Accuracy: 0.6200000
[2026-01-17 05:21:09,082] [INFO] - [  500/ 1819] | Cost: 0.6938864 | Accuracy: 0.4800000
[2026-01-17 05:22:30,612] [INFO] - [  600/ 1819] | Cost: 0.6829981 | Accuracy: 0.5100000
[2026-01-17 05:23:28,444] [INFO] - [  700/ 1819] | Cost: 0.6772369 | Accuracy: 0.6100000
[2026-01-17 05:24:44,573] [INFO] - [  800/ 1819] | Cost: 0.6741235 | Accuracy: 0.6900000
[2026-01-17 05:25:45,423] [INFO] - [  900/ 1819] | Cost: 0.6808502 | Accuracy: 0.6100000
[2026-01-17 05:26:34,377] [INFO] - [ 1000/ 1819] | Cost: 0.6785867 | Accuracy: 0.5900000
[2026-01-17 05:27:55,346] [INFO] - [ 1100/ 1819] | Cost: 0.6826054 | Accuracy: 0.5500000
[2026-01-17 05:29:02,141] [INFO] - [ 1200/ 1819] | Cost: 0.6780420 | Accuracy: 0.6000000
[2026-01-17 05:30:15,530] [INFO] - [ 1300/ 1819] | Cost: 0.6823913 | Accuracy: 0.6100000
[2026-01-17 05:31:27,663] [INFO] - [ 1400/ 1819] | Cost: 0.6637448 | Accuracy: 0.7000000
[2026-01-17 05:32:23,097] [INFO] - [ 1500/ 1819] | Cost: 0.6738197 | Accuracy: 0.6500000
[2026-01-17 05:33:38,365] [INFO] - [ 1600/ 1819] | Cost: 0.6762853 | Accuracy: 0.5500000
[2026-01-17 05:34:53,828] [INFO] - [ 1700/ 1819] | Cost: 0.6882792 | Accuracy: 0.5300000
[2026-01-17 05:36:02,064] [INFO] - [ 1800/ 1819] | Cost: 0.6540070 | Accuracy: 0.6600000
[2026-01-17 05:36:14,874] [INFO] - [ 1900/ 1819] | Cost: 0.6707631 | Accuracy: 0.5789474
