[2026-01-19 06:28:06,429] [INFO] - seed: 0
image_preprocessing: MedianBlur
training:
  epochs: 1
  batch_size: 100
  image_width: 4
  lr: 0.05
model:
  num_layers: 3
dataset:
  num_classes: 2
  binary: true
  name: mnist
  image_width_sweep: 16,32
  orig_width: 28
embedding:
  name: NEQR
  pca: false
  supports_color: true

[2026-01-19 06:28:06,431] [INFO] - Using cuda.
[2026-01-19 06:28:07,430] [INFO] - Dataset: mnist | Train Size: 10346 | Validation Size: 2956 | Test Size: 1478
[2026-01-19 06:28:07,433] [INFO] - Initiate model
[2026-01-19 06:28:07,435] [INFO] - Weights Shape: torch.Size([3, 12, 3])
[2026-01-19 06:28:07,436] [INFO] - Bias Shape: torch.Size([2])
[2026-01-19 06:35:11,748] [INFO] - [  100/10346] | Cost: 0.6948025 | Accuracy: 0.4600000
[2026-01-19 06:42:23,416] [INFO] - [  200/10346] | Cost: 0.6904060 | Accuracy: 0.5200000
[2026-01-19 06:49:27,537] [INFO] - [  300/10346] | Cost: 0.6913144 | Accuracy: 0.4900000
[2026-01-19 06:56:45,224] [INFO] - [  400/10346] | Cost: 0.6835166 | Accuracy: 0.5300000
[2026-01-19 07:03:51,916] [INFO] - [  500/10346] | Cost: 0.6829849 | Accuracy: 0.5500000
[2026-01-19 07:11:04,735] [INFO] - [  600/10346] | Cost: 0.6853901 | Accuracy: 0.5200000
[2026-01-19 07:17:33,950] [INFO] - [  700/10346] | Cost: 0.6788167 | Accuracy: 0.8000000
[2026-01-19 07:24:51,025] [INFO] - [  800/10346] | Cost: 0.6721494 | Accuracy: 0.9200000
[2026-01-19 07:31:27,050] [INFO] - [  900/10346] | Cost: 0.6736758 | Accuracy: 0.7700000
[2026-01-19 07:37:49,215] [INFO] - [ 1000/10346] | Cost: 0.6638930 | Accuracy: 0.8100000
[2026-01-19 07:44:41,651] [INFO] - [ 1100/10346] | Cost: 0.6625270 | Accuracy: 0.8000000
[2026-01-19 07:51:19,140] [INFO] - [ 1200/10346] | Cost: 0.6502488 | Accuracy: 0.7500000
[2026-01-19 07:58:00,250] [INFO] - [ 1300/10346] | Cost: 0.6453192 | Accuracy: 0.5800000
[2026-01-19 08:04:33,747] [INFO] - [ 1400/10346] | Cost: 0.6333800 | Accuracy: 0.6000000
[2026-01-19 08:11:05,215] [INFO] - [ 1500/10346] | Cost: 0.6298746 | Accuracy: 0.5700000
[2026-01-19 08:17:45,252] [INFO] - [ 1600/10346] | Cost: 0.6014109 | Accuracy: 0.6600000
[2026-01-19 08:24:29,815] [INFO] - [ 1700/10346] | Cost: 0.6192545 | Accuracy: 0.5900000
[2026-01-19 08:30:43,825] [INFO] - [ 1800/10346] | Cost: 0.6091730 | Accuracy: 0.5900000
[2026-01-19 08:37:30,244] [INFO] - [ 1900/10346] | Cost: 0.6163903 | Accuracy: 0.5500000
[2026-01-19 08:44:00,455] [INFO] - [ 2000/10346] | Cost: 0.6179594 | Accuracy: 0.5100000
[2026-01-19 08:50:39,851] [INFO] - [ 2100/10346] | Cost: 0.6234486 | Accuracy: 0.5200000
[2026-01-19 08:57:23,644] [INFO] - [ 2200/10346] | Cost: 0.6108546 | Accuracy: 0.5500000
