[2026-01-16 13:31:29,026] [INFO] - seed: 0
image_preprocessing: None
training:
  epochs: 1
  batch_size: 100
  image_width: 16
  lr: 0.05
model:
  num_layers: 3
dataset:
  num_classes: 2
  binary: true
  name: eurosat_rgb
  image_width_sweep: '64'
  orig_width: 64
embedding:
  name: OQIM
  pca: false
  supports_color: true

[2026-01-16 13:31:29,028] [INFO] - Using cuda.
[2026-01-16 13:31:29,078] [INFO] - Dataset: eurosat_rgb | Train Size: 4200 | Validation Size: 1200 | Test Size: 600
[2026-01-16 13:31:29,080] [INFO] - Initiate model
[2026-01-16 13:31:29,081] [INFO] - Weights Shape: torch.Size([3, 10, 3])
[2026-01-16 13:31:29,083] [INFO] - Bias Shape: torch.Size([2])
[2026-01-16 13:32:38,172] [INFO] - [  100/ 4200] | Cost: 0.6963574 | Accuracy: 0.4400000
[2026-01-16 13:33:51,849] [INFO] - [  200/ 4200] | Cost: 0.6761258 | Accuracy: 0.5700000
[2026-01-16 13:35:00,447] [INFO] - [  300/ 4200] | Cost: 0.6909544 | Accuracy: 0.4500000
[2026-01-16 13:36:05,201] [INFO] - [  400/ 4200] | Cost: 0.6790382 | Accuracy: 0.4700000
[2026-01-16 13:37:28,142] [INFO] - [  500/ 4200] | Cost: 0.6695839 | Accuracy: 0.4900000
[2026-01-16 13:38:43,339] [INFO] - [  600/ 4200] | Cost: 0.6511992 | Accuracy: 0.8500000
[2026-01-16 13:40:01,911] [INFO] - [  700/ 4200] | Cost: 0.6517543 | Accuracy: 0.9300000
[2026-01-16 13:41:04,437] [INFO] - [  800/ 4200] | Cost: 0.6457282 | Accuracy: 0.9300000
[2026-01-16 13:42:15,449] [INFO] - [  900/ 4200] | Cost: 0.6471667 | Accuracy: 0.7800000
[2026-01-16 13:43:30,013] [INFO] - [ 1000/ 4200] | Cost: 0.6373165 | Accuracy: 0.8200000
[2026-01-16 13:44:39,989] [INFO] - [ 1100/ 4200] | Cost: 0.6367604 | Accuracy: 0.7100000
[2026-01-16 13:45:42,103] [INFO] - [ 1200/ 4200] | Cost: 0.6397647 | Accuracy: 0.6500000
[2026-01-16 13:46:57,220] [INFO] - [ 1300/ 4200] | Cost: 0.6351712 | Accuracy: 0.7100000
[2026-01-16 13:48:05,807] [INFO] - [ 1400/ 4200] | Cost: 0.6132652 | Accuracy: 0.8000000
[2026-01-16 13:49:23,391] [INFO] - [ 1500/ 4200] | Cost: 0.6146827 | Accuracy: 0.8600000
[2026-01-16 13:50:38,961] [INFO] - [ 1600/ 4200] | Cost: 0.6067272 | Accuracy: 0.8600000
[2026-01-16 13:51:47,582] [INFO] - [ 1700/ 4200] | Cost: 0.6039632 | Accuracy: 0.9000000
[2026-01-16 13:53:04,130] [INFO] - [ 1800/ 4200] | Cost: 0.5859844 | Accuracy: 0.9300000
[2026-01-16 13:54:05,671] [INFO] - [ 1900/ 4200] | Cost: 0.5833966 | Accuracy: 0.9000000
[2026-01-16 13:55:12,614] [INFO] - [ 2000/ 4200] | Cost: 0.5640108 | Accuracy: 0.9300000
[2026-01-16 13:56:28,709] [INFO] - [ 2100/ 4200] | Cost: 0.5668988 | Accuracy: 0.9800000
[2026-01-16 13:57:33,789] [INFO] - [ 2200/ 4200] | Cost: 0.5594385 | Accuracy: 0.9700000
[2026-01-16 13:58:45,649] [INFO] - [ 2300/ 4200] | Cost: 0.5504778 | Accuracy: 0.9700000
[2026-01-16 13:59:58,807] [INFO] - [ 2400/ 4200] | Cost: 0.5255688 | Accuracy: 0.9700000
[2026-01-16 14:01:13,470] [INFO] - [ 2500/ 4200] | Cost: 0.5202906 | Accuracy: 0.9600000
[2026-01-16 14:02:30,537] [INFO] - [ 2600/ 4200] | Cost: 0.5343338 | Accuracy: 0.9600000
[2026-01-16 14:03:25,981] [INFO] - [ 2700/ 4200] | Cost: 0.5160868 | Accuracy: 0.9600000
[2026-01-16 14:04:33,193] [INFO] - [ 2800/ 4200] | Cost: 0.4939438 | Accuracy: 0.9700000
[2026-01-16 14:05:48,700] [INFO] - [ 2900/ 4200] | Cost: 0.4999064 | Accuracy: 0.9600000
[2026-01-16 14:06:54,672] [INFO] - [ 3000/ 4200] | Cost: 0.4819874 | Accuracy: 0.9700000
[2026-01-16 14:08:04,407] [INFO] - [ 3100/ 4200] | Cost: 0.5046593 | Accuracy: 0.9500000
[2026-01-16 14:09:06,341] [INFO] - [ 3200/ 4200] | Cost: 0.4918008 | Accuracy: 0.9600000
[2026-01-16 14:10:26,601] [INFO] - [ 3300/ 4200] | Cost: 0.4741396 | Accuracy: 0.9500000
[2026-01-16 14:11:42,249] [INFO] - [ 3400/ 4200] | Cost: 0.4746471 | Accuracy: 0.9000000
[2026-01-16 14:12:48,711] [INFO] - [ 3500/ 4200] | Cost: 0.4799137 | Accuracy: 0.8900000
[2026-01-16 14:13:58,707] [INFO] - [ 3600/ 4200] | Cost: 0.4662971 | Accuracy: 0.9100000
[2026-01-16 14:15:08,386] [INFO] - [ 3700/ 4200] | Cost: 0.4383086 | Accuracy: 0.9400000
[2026-01-16 14:16:16,792] [INFO] - [ 3800/ 4200] | Cost: 0.4783283 | Accuracy: 0.8800000
[2026-01-16 14:17:27,238] [INFO] - [ 3900/ 4200] | Cost: 0.4676905 | Accuracy: 0.8700000
[2026-01-16 14:18:34,422] [INFO] - [ 4000/ 4200] | Cost: 0.4332756 | Accuracy: 0.9300000
[2026-01-16 14:19:44,022] [INFO] - [ 4100/ 4200] | Cost: 0.4287942 | Accuracy: 0.9800000
[2026-01-16 14:20:51,658] [INFO] - [ 4200/ 4200] | Cost: 0.4556071 | Accuracy: 0.9000000
