[2026-01-16 20:11:29,662] [INFO] - seed: 0
image_preprocessing: MedianBlur
training:
  epochs: 1
  batch_size: 100
  image_width: 32
  lr: 0.05
model:
  num_layers: 3
dataset:
  num_classes: 2
  binary: true
  name: eurosat_ms
  image_width_sweep: '64'
  orig_width: 64
embedding:
  name: NAQSS
  pca: false
  supports_color: false

[2026-01-16 20:11:29,664] [INFO] - Using cuda.
[2026-01-16 20:11:29,713] [INFO] - Dataset: eurosat_ms | Train Size: 4200 | Validation Size: 1200 | Test Size: 600
[2026-01-16 20:11:29,716] [INFO] - Initiate model
[2026-01-16 20:11:29,717] [INFO] - Weights Shape: torch.Size([3, 19, 3])
[2026-01-16 20:11:29,718] [INFO] - Bias Shape: torch.Size([2])
