[2026-01-18 23:15:55,835] [INFO] - seed: 0
image_preprocessing: MedianBlur
training:
  epochs: 1
  batch_size: 100
  image_width: 32
  lr: 0.05
model:
  num_layers: 3
dataset:
  num_classes: 2
  binary: true
  name: cxr8
  image_width_sweep: 2,4,8,16,32
  orig_width: 1024
embedding:
  name: NEQR
  pca: false
  supports_color: true

[2026-01-18 23:15:55,839] [INFO] - Using cuda.
[2026-01-18 23:15:56,146] [INFO] - Dataset: cxr8 | Train Size: 2270 | Validation Size: 650 | Test Size: 324
[2026-01-18 23:15:56,148] [INFO] - Initiate model
[2026-01-18 23:15:58,746] [INFO] - Weights Shape: torch.Size([3, 18, 3])
[2026-01-18 23:15:58,747] [INFO] - Bias Shape: torch.Size([2])
[2026-01-18 23:37:57,416] [INFO] - [  100/ 2270] | Cost: 0.6927611 | Accuracy: 0.6600000
[2026-01-18 23:59:28,716] [INFO] - [  200/ 2270] | Cost: 0.6604979 | Accuracy: 0.8400000
[2026-01-19 00:21:23,645] [INFO] - [  300/ 2270] | Cost: 0.6282213 | Accuracy: 0.8500000
[2026-01-19 00:42:46,649] [INFO] - [  400/ 2270] | Cost: 0.6082667 | Accuracy: 0.8200000
[2026-01-19 01:04:55,415] [INFO] - [  500/ 2270] | Cost: 0.5537457 | Accuracy: 0.9000000
[2026-01-19 01:27:00,024] [INFO] - [  600/ 2270] | Cost: 0.5297785 | Accuracy: 0.8900000
[2026-01-19 01:49:17,346] [INFO] - [  700/ 2270] | Cost: 0.5404378 | Accuracy: 0.8300000
[2026-01-19 02:11:45,148] [INFO] - [  800/ 2270] | Cost: 0.5167157 | Accuracy: 0.8400000
[2026-01-19 02:33:41,441] [INFO] - [  900/ 2270] | Cost: 0.4857096 | Accuracy: 0.8600000
[2026-01-19 02:55:44,034] [INFO] - [ 1000/ 2270] | Cost: 0.4969557 | Accuracy: 0.8300000
[2026-01-19 03:17:49,448] [INFO] - [ 1100/ 2270] | Cost: 0.4484045 | Accuracy: 0.8700000
[2026-01-19 03:40:01,416] [INFO] - [ 1200/ 2270] | Cost: 0.4785520 | Accuracy: 0.8300000
[2026-01-19 04:02:08,315] [INFO] - [ 1300/ 2270] | Cost: 0.4489813 | Accuracy: 0.8500000
[2026-01-19 04:24:13,916] [INFO] - [ 1400/ 2270] | Cost: 0.5394462 | Accuracy: 0.7700000
[2026-01-19 04:46:05,345] [INFO] - [ 1500/ 2270] | Cost: 0.4497012 | Accuracy: 0.8400000
[2026-01-19 05:08:02,737] [INFO] - [ 1600/ 2270] | Cost: 0.4600267 | Accuracy: 0.8300000
[2026-01-19 05:29:46,045] [INFO] - [ 1700/ 2270] | Cost: 0.2881768 | Accuracy: 0.9500000
[2026-01-19 05:51:55,150] [INFO] - [ 1800/ 2270] | Cost: 0.2937071 | Accuracy: 0.9400000
[2026-01-19 06:13:48,054] [INFO] - [ 1900/ 2270] | Cost: 0.4096552 | Accuracy: 0.8600000
[2026-01-19 06:35:44,148] [INFO] - [ 2000/ 2270] | Cost: 0.4558432 | Accuracy: 0.8300000
[2026-01-19 06:57:21,637] [INFO] - [ 2100/ 2270] | Cost: 0.4728894 | Accuracy: 0.8200000
[2026-01-19 07:18:37,747] [INFO] - [ 2200/ 2270] | Cost: 0.3712911 | Accuracy: 0.8800000
[2026-01-19 07:32:34,117] [INFO] - [ 2300/ 2270] | Cost: 0.3850671 | Accuracy: 0.8714286
