[2026-01-18 23:04:09,250] [INFO] - seed: 0
image_preprocessing: MedianBlur
training:
  epochs: 1
  batch_size: 100
  image_width: 8
  lr: 0.05
model:
  num_layers: 3
dataset:
  num_classes: 2
  binary: true
  name: cxr8
  image_width_sweep: 2,4,8,16,32
  orig_width: 1024
embedding:
  name: OQIM
  pca: false
  supports_color: true

[2026-01-18 23:04:09,254] [INFO] - Using cuda.
[2026-01-18 23:04:09,392] [INFO] - Dataset: cxr8 | Train Size: 2270 | Validation Size: 650 | Test Size: 324
[2026-01-18 23:04:09,395] [INFO] - Initiate model
[2026-01-18 23:04:10,822] [INFO] - Weights Shape: torch.Size([3, 8, 3])
[2026-01-18 23:04:10,824] [INFO] - Bias Shape: torch.Size([2])
[2026-01-18 23:06:11,516] [INFO] - [  100/ 2270] | Cost: 0.6522681 | Accuracy: 0.8200000
[2026-01-18 23:08:23,363] [INFO] - [  200/ 2270] | Cost: 0.5914814 | Accuracy: 0.8400000
[2026-01-18 23:10:28,169] [INFO] - [  300/ 2270] | Cost: 0.5412728 | Accuracy: 0.8500000
[2026-01-18 23:12:34,333] [INFO] - [  400/ 2270] | Cost: 0.5266432 | Accuracy: 0.8200000
[2026-01-18 23:14:27,825] [INFO] - [  500/ 2270] | Cost: 0.4348482 | Accuracy: 0.9000000
[2026-01-18 23:18:08,650] [INFO] - [  600/ 2270] | Cost: 0.4139996 | Accuracy: 0.8900000
[2026-01-18 23:22:51,819] [INFO] - [  700/ 2270] | Cost: 0.4653341 | Accuracy: 0.8300000
[2026-01-18 23:28:10,043] [INFO] - [  800/ 2270] | Cost: 0.4444783 | Accuracy: 0.8400000
[2026-01-18 23:33:17,949] [INFO] - [  900/ 2270] | Cost: 0.4113504 | Accuracy: 0.8600000
[2026-01-18 23:38:34,216] [INFO] - [ 1000/ 2270] | Cost: 0.4549506 | Accuracy: 0.8300000
[2026-01-18 23:43:32,542] [INFO] - [ 1100/ 2270] | Cost: 0.3868232 | Accuracy: 0.8700000
[2026-01-18 23:48:21,922] [INFO] - [ 1200/ 2270] | Cost: 0.4604159 | Accuracy: 0.8300000
[2026-01-18 23:53:49,947] [INFO] - [ 1300/ 2270] | Cost: 0.4238383 | Accuracy: 0.8500000
[2026-01-18 23:58:30,246] [INFO] - [ 1400/ 2270] | Cost: 0.5760118 | Accuracy: 0.7700000
[2026-01-19 00:03:32,249] [INFO] - [ 1500/ 2270] | Cost: 0.4408672 | Accuracy: 0.8400000
[2026-01-19 00:08:54,515] [INFO] - [ 1600/ 2270] | Cost: 0.4587114 | Accuracy: 0.8300000
[2026-01-19 00:14:05,415] [INFO] - [ 1700/ 2270] | Cost: 0.2541947 | Accuracy: 0.9500000
[2026-01-19 00:19:17,337] [INFO] - [ 1800/ 2270] | Cost: 0.2700754 | Accuracy: 0.9400000
[2026-01-19 00:24:14,748] [INFO] - [ 1900/ 2270] | Cost: 0.4025465 | Accuracy: 0.8600000
[2026-01-19 00:29:33,816] [INFO] - [ 2000/ 2270] | Cost: 0.4559695 | Accuracy: 0.8300000
[2026-01-19 00:34:35,841] [INFO] - [ 2100/ 2270] | Cost: 0.4775308 | Accuracy: 0.8200000
[2026-01-19 00:39:25,139] [INFO] - [ 2200/ 2270] | Cost: 0.3664467 | Accuracy: 0.8800000
[2026-01-19 00:43:12,116] [INFO] - [ 2300/ 2270] | Cost: 0.3816203 | Accuracy: 0.8714286
