[2026-01-18 05:18:40,226] [INFO] - seed: 1
image_preprocessing: HomomorphicFilter
training:
  epochs: 1
  batch_size: 100
  image_width: 32
  lr: 0.05
model:
  num_layers: 3
dataset:
  num_classes: 2
  binary: true
  name: stl10
  image_width_sweep: 2,4,8,16,32,64
  orig_width: 96
embedding:
  name: ZZFeatureMap
  pca: true
  supports_color: true

[2026-01-18 05:18:40,228] [INFO] - Using cuda.
[2026-01-18 05:18:51,244] [INFO] - Dataset: stl10 | Train Size: 1819 | Validation Size: 521 | Test Size: 260
[2026-01-18 05:18:51,247] [INFO] - Applying PCA Loader to the dataset
[2026-01-18 05:18:54,085] [INFO] - Initiate model
[2026-01-18 05:18:54,087] [INFO] - Weights Shape: torch.Size([3, 6, 3])
[2026-01-18 05:18:54,088] [INFO] - Bias Shape: torch.Size([2])
[2026-01-18 05:19:21,135] [INFO] - [  100/ 1819] | Cost: 0.7157213 | Accuracy: 0.3100000
[2026-01-18 05:19:41,527] [INFO] - [  200/ 1819] | Cost: 0.6974895 | Accuracy: 0.4800000
[2026-01-18 05:20:02,473] [INFO] - [  300/ 1819] | Cost: 0.6875487 | Accuracy: 0.5900000
[2026-01-18 05:20:22,262] [INFO] - [  400/ 1819] | Cost: 0.6849484 | Accuracy: 0.5600000
[2026-01-18 05:20:39,733] [INFO] - [  500/ 1819] | Cost: 0.6670536 | Accuracy: 0.6200000
