[2026-01-16 17:38:55,655] [INFO] - seed: 0
image_preprocessing: HomomorphicFilter
training:
  epochs: 1
  batch_size: 100
  image_width: 16
  lr: 0.05
model:
  num_layers: 3
dataset:
  num_classes: 2
  binary: true
  name: eurosat_rgb
  image_width_sweep: '64'
  orig_width: 64
embedding:
  name: FRQI
  pca: false
  supports_color: false

[2026-01-16 17:38:55,658] [INFO] - Using cuda.
[2026-01-16 17:38:55,704] [INFO] - Dataset: eurosat_rgb | Train Size: 4200 | Validation Size: 1200 | Test Size: 600
[2026-01-16 17:38:55,707] [INFO] - Initiate model
[2026-01-16 17:38:55,708] [INFO] - Weights Shape: torch.Size([3, 9, 3])
[2026-01-16 17:38:55,710] [INFO] - Bias Shape: torch.Size([2])
[2026-01-16 17:39:48,393] [INFO] - [  100/ 4200] | Cost: 0.6887366 | Accuracy: 0.5500000
[2026-01-16 17:40:37,829] [INFO] - [  200/ 4200] | Cost: 0.6855186 | Accuracy: 0.5700000
[2026-01-16 17:41:45,060] [INFO] - [  300/ 4200] | Cost: 0.7126361 | Accuracy: 0.4500000
[2026-01-16 17:42:38,780] [INFO] - [  400/ 4200] | Cost: 0.7020085 | Accuracy: 0.4700000
[2026-01-16 17:43:30,026] [INFO] - [  500/ 4200] | Cost: 0.6908891 | Accuracy: 0.4900000
[2026-01-16 17:44:19,985] [INFO] - [  600/ 4200] | Cost: 0.6825122 | Accuracy: 0.6300000
[2026-01-16 17:45:15,851] [INFO] - [  700/ 4200] | Cost: 0.6852521 | Accuracy: 0.6300000
[2026-01-16 17:46:08,420] [INFO] - [  800/ 4200] | Cost: 0.6808992 | Accuracy: 0.6400000
[2026-01-16 17:46:54,557] [INFO] - [  900/ 4200] | Cost: 0.6793922 | Accuracy: 0.6100000
[2026-01-16 17:47:46,521] [INFO] - [ 1000/ 4200] | Cost: 0.6846023 | Accuracy: 0.5500000
[2026-01-16 17:48:46,963] [INFO] - [ 1100/ 4200] | Cost: 0.6954904 | Accuracy: 0.4700000
[2026-01-16 17:49:36,887] [INFO] - [ 1200/ 4200] | Cost: 0.7013123 | Accuracy: 0.4800000
[2026-01-16 17:50:24,385] [INFO] - [ 1300/ 4200] | Cost: 0.7019647 | Accuracy: 0.4400000
[2026-01-16 17:51:09,687] [INFO] - [ 1400/ 4200] | Cost: 0.6759892 | Accuracy: 0.5400000
[2026-01-16 17:52:07,034] [INFO] - [ 1500/ 4200] | Cost: 0.6897340 | Accuracy: 0.4900000
[2026-01-16 17:53:05,329] [INFO] - [ 1600/ 4200] | Cost: 0.6757278 | Accuracy: 0.6200000
[2026-01-16 17:53:59,145] [INFO] - [ 1700/ 4200] | Cost: 0.6827278 | Accuracy: 0.5700000
[2026-01-16 17:54:48,546] [INFO] - [ 1800/ 4200] | Cost: 0.6797935 | Accuracy: 0.5600000
[2026-01-16 17:55:39,146] [INFO] - [ 1900/ 4200] | Cost: 0.6711727 | Accuracy: 0.6400000
[2026-01-16 17:56:32,373] [INFO] - [ 2000/ 4200] | Cost: 0.6626186 | Accuracy: 0.6400000
[2026-01-16 17:57:24,727] [INFO] - [ 2100/ 4200] | Cost: 0.6681526 | Accuracy: 0.6400000
[2026-01-16 17:58:12,899] [INFO] - [ 2200/ 4200] | Cost: 0.6565474 | Accuracy: 0.6500000
[2026-01-16 17:59:09,983] [INFO] - [ 2300/ 4200] | Cost: 0.6603813 | Accuracy: 0.5900000
[2026-01-16 18:00:09,675] [INFO] - [ 2400/ 4200] | Cost: 0.6451713 | Accuracy: 0.6100000
[2026-01-16 18:01:01,341] [INFO] - [ 2500/ 4200] | Cost: 0.6223763 | Accuracy: 0.7400000
[2026-01-16 18:01:45,381] [INFO] - [ 2600/ 4200] | Cost: 0.6654638 | Accuracy: 0.6200000
[2026-01-16 18:02:38,541] [INFO] - [ 2700/ 4200] | Cost: 0.6397541 | Accuracy: 0.6800000
[2026-01-16 18:03:42,272] [INFO] - [ 2800/ 4200] | Cost: 0.6342282 | Accuracy: 0.6800000
[2026-01-16 18:04:44,011] [INFO] - [ 2900/ 4200] | Cost: 0.6298024 | Accuracy: 0.6600000
[2026-01-16 18:05:38,328] [INFO] - [ 3000/ 4200] | Cost: 0.6458961 | Accuracy: 0.6000000
[2026-01-16 18:06:36,248] [INFO] - [ 3100/ 4200] | Cost: 0.6709180 | Accuracy: 0.5900000
[2026-01-16 18:07:26,752] [INFO] - [ 3200/ 4200] | Cost: 0.6552020 | Accuracy: 0.6400000
[2026-01-16 18:08:16,698] [INFO] - [ 3300/ 4200] | Cost: 0.6598094 | Accuracy: 0.6300000
[2026-01-16 18:09:12,694] [INFO] - [ 3400/ 4200] | Cost: 0.6403734 | Accuracy: 0.6500000
[2026-01-16 18:10:06,636] [INFO] - [ 3500/ 4200] | Cost: 0.6593819 | Accuracy: 0.6500000
[2026-01-16 18:11:07,655] [INFO] - [ 3600/ 4200] | Cost: 0.6408499 | Accuracy: 0.6700000
[2026-01-16 18:11:51,797] [INFO] - [ 3700/ 4200] | Cost: 0.6286973 | Accuracy: 0.7200000
[2026-01-16 18:12:37,001] [INFO] - [ 3800/ 4200] | Cost: 0.6493486 | Accuracy: 0.6400000
[2026-01-16 18:13:26,206] [INFO] - [ 3900/ 4200] | Cost: 0.6463032 | Accuracy: 0.6500000
[2026-01-16 18:14:20,106] [INFO] - [ 4000/ 4200] | Cost: 0.6084787 | Accuracy: 0.7500000
[2026-01-16 18:15:20,144] [INFO] - [ 4100/ 4200] | Cost: 0.6285131 | Accuracy: 0.7000000
[2026-01-16 18:16:19,087] [INFO] - [ 4200/ 4200] | Cost: 0.6349300 | Accuracy: 0.6700000
[2026-01-16 18:19:46,866] [INFO] - Model dict saved to /workspace/persistent/embedding_colosseum/multirun/2026-01-15/22-04-31/136/saved_models/model_epoch-0.pt
[2026-01-16 18:19:46,867] [INFO] - Validation for epoch   0 | Cost: 0.6351725 | Accuracy: 0.6591667
