[2026-01-18 23:04:08,752] [INFO] - seed: 0
image_preprocessing: None
training:
  epochs: 1
  batch_size: 100
  image_width: 4
  lr: 0.05
model:
  num_layers: 3
dataset:
  num_classes: 2
  binary: true
  name: cxr8
  image_width_sweep: 2,4,8,16,32
  orig_width: 1024
embedding:
  name: NAQSS
  pca: false
  supports_color: false

[2026-01-18 23:04:08,756] [INFO] - Using cuda.
[2026-01-18 23:04:08,942] [INFO] - Dataset: cxr8 | Train Size: 2270 | Validation Size: 650 | Test Size: 324
[2026-01-18 23:04:08,944] [INFO] - Initiate model
[2026-01-18 23:04:10,302] [INFO] - Weights Shape: torch.Size([3, 13, 3])
[2026-01-18 23:04:10,303] [INFO] - Bias Shape: torch.Size([2])
[2026-01-18 23:07:27,326] [INFO] - [  100/ 2270] | Cost: 0.6932437 | Accuracy: 0.5100000
[2026-01-18 23:10:54,881] [INFO] - [  200/ 2270] | Cost: 0.6603745 | Accuracy: 0.8400000
[2026-01-18 23:14:11,933] [INFO] - [  300/ 2270] | Cost: 0.6280643 | Accuracy: 0.8500000
[2026-01-18 23:20:11,715] [INFO] - [  400/ 2270] | Cost: 0.6090394 | Accuracy: 0.8200000
[2026-01-18 23:28:36,938] [INFO] - [  500/ 2270] | Cost: 0.5542125 | Accuracy: 0.9000000
[2026-01-18 23:37:06,216] [INFO] - [  600/ 2270] | Cost: 0.5295421 | Accuracy: 0.8900000
[2026-01-18 23:45:15,851] [INFO] - [  700/ 2270] | Cost: 0.5418055 | Accuracy: 0.8300000
[2026-01-18 23:53:50,844] [INFO] - [  800/ 2270] | Cost: 0.5144798 | Accuracy: 0.8400000
[2026-01-19 00:01:32,816] [INFO] - [  900/ 2270] | Cost: 0.4836250 | Accuracy: 0.8600000
[2026-01-19 00:10:18,652] [INFO] - [ 1000/ 2270] | Cost: 0.4966640 | Accuracy: 0.8300000
[2026-01-19 00:18:58,616] [INFO] - [ 1100/ 2270] | Cost: 0.4473248 | Accuracy: 0.8700000
[2026-01-19 00:27:08,334] [INFO] - [ 1200/ 2270] | Cost: 0.4784331 | Accuracy: 0.8300000
[2026-01-19 00:35:28,338] [INFO] - [ 1300/ 2270] | Cost: 0.4459611 | Accuracy: 0.8500000
[2026-01-19 00:43:51,946] [INFO] - [ 1400/ 2270] | Cost: 0.5386416 | Accuracy: 0.7700000
[2026-01-19 00:52:05,418] [INFO] - [ 1500/ 2270] | Cost: 0.4471802 | Accuracy: 0.8400000
[2026-01-19 01:00:13,549] [INFO] - [ 1600/ 2270] | Cost: 0.4576522 | Accuracy: 0.8300000
[2026-01-19 01:08:56,016] [INFO] - [ 1700/ 2270] | Cost: 0.2892569 | Accuracy: 0.9500000
[2026-01-19 01:16:53,716] [INFO] - [ 1800/ 2270] | Cost: 0.2962892 | Accuracy: 0.9400000
[2026-01-19 01:25:44,254] [INFO] - [ 1900/ 2270] | Cost: 0.4121496 | Accuracy: 0.8600000
[2026-01-19 01:33:32,415] [INFO] - [ 2000/ 2270] | Cost: 0.4600798 | Accuracy: 0.8300000
[2026-01-19 01:41:51,427] [INFO] - [ 2100/ 2270] | Cost: 0.4730918 | Accuracy: 0.8200000
[2026-01-19 01:50:33,744] [INFO] - [ 2200/ 2270] | Cost: 0.3712073 | Accuracy: 0.8800000
[2026-01-19 01:55:55,941] [INFO] - [ 2300/ 2270] | Cost: 0.3871058 | Accuracy: 0.8714286
