[2026-01-18 04:45:52,006] [INFO] - seed: 1
image_preprocessing: None
training:
  epochs: 1
  batch_size: 100
  image_width: 32
  lr: 0.05
model:
  num_layers: 3
dataset:
  num_classes: 2
  binary: true
  name: stl10
  image_width_sweep: 2,4,8,16,32,64
  orig_width: 96
embedding:
  name: AngleEncoding
  pca: true
  supports_color: true

[2026-01-18 04:45:52,011] [INFO] - Using cuda.
[2026-01-18 04:46:08,566] [INFO] - Dataset: stl10 | Train Size: 1819 | Validation Size: 521 | Test Size: 260
[2026-01-18 04:46:08,572] [INFO] - Applying PCA Loader to the dataset
[2026-01-18 04:46:10,905] [INFO] - Initiate model
[2026-01-18 04:46:10,987] [INFO] - Weights Shape: torch.Size([3, 6, 3])
[2026-01-18 04:46:10,989] [INFO] - Bias Shape: torch.Size([2])
[2026-01-18 04:46:46,622] [INFO] - [  100/ 1819] | Cost: 0.6878945 | Accuracy: 0.5200000
[2026-01-18 04:47:21,755] [INFO] - [  200/ 1819] | Cost: 0.6816308 | Accuracy: 0.6100000
[2026-01-18 04:47:56,942] [INFO] - [  300/ 1819] | Cost: 0.6702778 | Accuracy: 0.7400000
[2026-01-18 04:48:32,083] [INFO] - [  400/ 1819] | Cost: 0.6655486 | Accuracy: 0.7400000
[2026-01-18 04:49:07,044] [INFO] - [  500/ 1819] | Cost: 0.6481808 | Accuracy: 0.7000000
[2026-01-18 04:49:42,171] [INFO] - [  600/ 1819] | Cost: 0.6542249 | Accuracy: 0.6600000
[2026-01-18 04:50:17,286] [INFO] - [  700/ 1819] | Cost: 0.6228062 | Accuracy: 0.7000000
[2026-01-18 04:50:52,386] [INFO] - [  800/ 1819] | Cost: 0.6516241 | Accuracy: 0.6700000
[2026-01-18 04:51:27,254] [INFO] - [  900/ 1819] | Cost: 0.6517806 | Accuracy: 0.6800000
[2026-01-18 04:52:02,294] [INFO] - [ 1000/ 1819] | Cost: 0.6369059 | Accuracy: 0.7800000
[2026-01-18 04:52:37,387] [INFO] - [ 1100/ 1819] | Cost: 0.6725399 | Accuracy: 0.6300000
[2026-01-18 04:53:12,476] [INFO] - [ 1200/ 1819] | Cost: 0.6329220 | Accuracy: 0.7200000
[2026-01-18 04:53:47,325] [INFO] - [ 1300/ 1819] | Cost: 0.6309897 | Accuracy: 0.7000000
[2026-01-18 04:54:22,348] [INFO] - [ 1400/ 1819] | Cost: 0.6597554 | Accuracy: 0.5900000
[2026-01-18 04:54:57,360] [INFO] - [ 1500/ 1819] | Cost: 0.6696178 | Accuracy: 0.6000000
[2026-01-18 04:55:32,394] [INFO] - [ 1600/ 1819] | Cost: 0.6099558 | Accuracy: 0.7300000
[2026-01-18 04:56:07,289] [INFO] - [ 1700/ 1819] | Cost: 0.6291350 | Accuracy: 0.7400000
[2026-01-18 04:56:42,296] [INFO] - [ 1800/ 1819] | Cost: 0.6310081 | Accuracy: 0.6900000
[2026-01-18 04:56:48,840] [INFO] - [ 1900/ 1819] | Cost: 0.6586973 | Accuracy: 0.6315789
[2026-01-18 04:56:56,097] [INFO] - Model dict saved to /workspace/persistent/embedding_colosseum/multirun/2026-01-18/02-06-25/91/saved_models/model_epoch-0.pt
[2026-01-18 04:56:56,098] [INFO] - Validation for epoch   0 | Cost: 0.6326481 | Accuracy: 0.6715079
