[2026-01-18 04:05:04,741] [INFO] - seed: 1
image_preprocessing: ContrastScaling
training:
  epochs: 1
  batch_size: 100
  image_width: 32
  lr: 0.05
model:
  num_layers: 3
dataset:
  num_classes: 2
  binary: true
  name: eurosat_ms
  image_width_sweep: '64'
  orig_width: 64
embedding:
  name: RMP
  pca: true
  supports_color: true

[2026-01-18 04:05:04,743] [INFO] - Using cuda.
[2026-01-18 04:05:04,793] [INFO] - Dataset: eurosat_ms | Train Size: 4200 | Validation Size: 1200 | Test Size: 600
[2026-01-18 04:05:04,795] [INFO] - Applying PCA Loader to the dataset
[2026-01-18 04:05:41,554] [INFO] - Initiate model
[2026-01-18 04:05:41,559] [INFO] - Weights Shape: torch.Size([3, 6, 3])
[2026-01-18 04:05:41,560] [INFO] - Bias Shape: torch.Size([2])
[2026-01-18 04:06:16,886] [INFO] - [  100/ 4200] | Cost: 0.7113515 | Accuracy: 0.4400000
[2026-01-18 04:06:52,168] [INFO] - [  200/ 4200] | Cost: 0.6872984 | Accuracy: 0.5200000
[2026-01-18 04:07:27,363] [INFO] - [  300/ 4200] | Cost: 0.6921924 | Accuracy: 0.4700000
[2026-01-18 04:08:02,542] [INFO] - [  400/ 4200] | Cost: 0.6763609 | Accuracy: 0.5600000
[2026-01-18 04:08:37,374] [INFO] - [  500/ 4200] | Cost: 0.7009127 | Accuracy: 0.4500000
[2026-01-18 04:09:12,455] [INFO] - [  600/ 4200] | Cost: 0.6816635 | Accuracy: 0.5300000
[2026-01-18 04:09:47,421] [INFO] - [  700/ 4200] | Cost: 0.6876243 | Accuracy: 0.4700000
[2026-01-18 04:10:22,436] [INFO] - [  800/ 4200] | Cost: 0.6839288 | Accuracy: 0.5100000
[2026-01-18 04:10:57,442] [INFO] - [  900/ 4200] | Cost: 0.6797702 | Accuracy: 0.5200000
[2026-01-18 04:11:32,299] [INFO] - [ 1000/ 4200] | Cost: 0.6760423 | Accuracy: 0.5400000
[2026-01-18 04:12:07,352] [INFO] - [ 1100/ 4200] | Cost: 0.6812504 | Accuracy: 0.5100000
[2026-01-18 04:12:42,388] [INFO] - [ 1200/ 4200] | Cost: 0.6922286 | Accuracy: 0.4600000
[2026-01-18 04:13:17,407] [INFO] - [ 1300/ 4200] | Cost: 0.6723120 | Accuracy: 0.5500000
[2026-01-18 04:13:52,281] [INFO] - [ 1400/ 4200] | Cost: 0.6710532 | Accuracy: 0.5400000
[2026-01-18 04:14:27,364] [INFO] - [ 1500/ 4200] | Cost: 0.6618167 | Accuracy: 0.6200000
[2026-01-18 04:15:02,351] [INFO] - [ 1600/ 4200] | Cost: 0.6687372 | Accuracy: 0.5600000
[2026-01-18 04:15:37,397] [INFO] - [ 1700/ 4200] | Cost: 0.6694844 | Accuracy: 0.5500000
[2026-01-18 04:16:12,254] [INFO] - [ 1800/ 4200] | Cost: 0.6841698 | Accuracy: 0.4600000
[2026-01-18 04:16:47,313] [INFO] - [ 1900/ 4200] | Cost: 0.6645039 | Accuracy: 0.5800000
[2026-01-18 04:17:22,348] [INFO] - [ 2000/ 4200] | Cost: 0.6869328 | Accuracy: 0.4300000
[2026-01-18 04:17:57,363] [INFO] - [ 2100/ 4200] | Cost: 0.6757308 | Accuracy: 0.4600000
[2026-01-18 04:18:32,412] [INFO] - [ 2200/ 4200] | Cost: 0.6716175 | Accuracy: 0.8800000
[2026-01-18 04:19:07,218] [INFO] - [ 2300/ 4200] | Cost: 0.6690420 | Accuracy: 0.6600000
[2026-01-18 04:19:42,251] [INFO] - [ 2400/ 4200] | Cost: 0.6757820 | Accuracy: 0.4700000
[2026-01-18 04:20:17,258] [INFO] - [ 2500/ 4200] | Cost: 0.6592537 | Accuracy: 0.5700000
[2026-01-18 04:20:52,235] [INFO] - [ 2600/ 4200] | Cost: 0.6798848 | Accuracy: 0.4800000
[2026-01-18 04:21:22,910] [INFO] - [ 2700/ 4200] | Cost: 0.6669252 | Accuracy: 0.5300000
[2026-01-18 04:21:57,776] [INFO] - [ 2800/ 4200] | Cost: 0.6570275 | Accuracy: 0.5600000
[2026-01-18 04:22:32,861] [INFO] - [ 2900/ 4200] | Cost: 0.6667943 | Accuracy: 0.5000000
[2026-01-18 04:23:07,952] [INFO] - [ 3000/ 4200] | Cost: 0.6738643 | Accuracy: 0.4700000
[2026-01-18 04:23:42,701] [INFO] - [ 3100/ 4200] | Cost: 0.6696668 | Accuracy: 0.5800000
[2026-01-18 04:24:15,945] [INFO] - [ 3200/ 4200] | Cost: 0.6615072 | Accuracy: 0.8500000
[2026-01-18 04:24:50,575] [INFO] - [ 3300/ 4200] | Cost: 0.6703264 | Accuracy: 0.4400000
[2026-01-18 04:25:25,622] [INFO] - [ 3400/ 4200] | Cost: 0.6713512 | Accuracy: 0.4500000
[2026-01-18 04:26:00,696] [INFO] - [ 3500/ 4200] | Cost: 0.6538879 | Accuracy: 0.5600000
[2026-01-18 04:26:35,613] [INFO] - [ 3600/ 4200] | Cost: 0.6727363 | Accuracy: 0.4300000
[2026-01-18 04:27:10,681] [INFO] - [ 3700/ 4200] | Cost: 0.6504481 | Accuracy: 0.7000000
[2026-01-18 04:27:45,720] [INFO] - [ 3800/ 4200] | Cost: 0.6505103 | Accuracy: 0.9100000
[2026-01-18 04:28:20,806] [INFO] - [ 3900/ 4200] | Cost: 0.6539421 | Accuracy: 0.8400000
[2026-01-18 04:28:51,470] [INFO] - [ 4000/ 4200] | Cost: 0.6482221 | Accuracy: 0.9600000
[2026-01-18 04:29:26,467] [INFO] - [ 4100/ 4200] | Cost: 0.6468077 | Accuracy: 0.9400000
[2026-01-18 04:30:01,284] [INFO] - [ 4200/ 4200] | Cost: 0.6514328 | Accuracy: 0.9600000
[2026-01-18 04:30:15,719] [INFO] - Model dict saved to /workspace/persistent/embedding_colosseum/multirun/2026-01-18/02-06-25/62/saved_models/model_epoch-0.pt
[2026-01-18 04:30:15,720] [INFO] - Validation for epoch   0 | Cost: 0.6466848 | Accuracy: 0.9208333
