[2026-01-18 23:04:08,826] [INFO] - seed: 0
image_preprocessing: GaussianBlur
training:
  epochs: 1
  batch_size: 100
  image_width: 16
  lr: 0.05
model:
  num_layers: 3
dataset:
  num_classes: 2
  binary: true
  name: cxr8
  image_width_sweep: 2,4,8,16,32
  orig_width: 1024
embedding:
  name: OQIM
  pca: false
  supports_color: true

[2026-01-18 23:04:08,830] [INFO] - Using cuda.
[2026-01-18 23:04:08,984] [INFO] - Dataset: cxr8 | Train Size: 2270 | Validation Size: 650 | Test Size: 324
[2026-01-18 23:04:08,987] [INFO] - Initiate model
[2026-01-18 23:04:10,542] [INFO] - Weights Shape: torch.Size([3, 10, 3])
[2026-01-18 23:04:10,543] [INFO] - Bias Shape: torch.Size([2])
[2026-01-18 23:07:18,071] [INFO] - [  100/ 2270] | Cost: 0.7036655 | Accuracy: 0.1800000
[2026-01-18 23:10:22,865] [INFO] - [  200/ 2270] | Cost: 0.6422643 | Accuracy: 0.8400000
[2026-01-18 23:13:24,570] [INFO] - [  300/ 2270] | Cost: 0.5900010 | Accuracy: 0.8500000
[2026-01-18 23:17:33,420] [INFO] - [  400/ 2270] | Cost: 0.5643425 | Accuracy: 0.8200000
[2026-01-18 23:24:21,525] [INFO] - [  500/ 2270] | Cost: 0.4883401 | Accuracy: 0.9000000
[2026-01-18 23:31:49,726] [INFO] - [  600/ 2270] | Cost: 0.4642207 | Accuracy: 0.8900000
[2026-01-18 23:39:12,926] [INFO] - [  700/ 2270] | Cost: 0.4945767 | Accuracy: 0.8300000
[2026-01-18 23:46:08,152] [INFO] - [  800/ 2270] | Cost: 0.4714314 | Accuracy: 0.8400000
[2026-01-18 23:53:48,116] [INFO] - [  900/ 2270] | Cost: 0.4369480 | Accuracy: 0.8600000
[2026-01-19 00:00:23,617] [INFO] - [ 1000/ 2270] | Cost: 0.4657280 | Accuracy: 0.8300000
[2026-01-19 00:08:09,416] [INFO] - [ 1100/ 2270] | Cost: 0.4062514 | Accuracy: 0.8700000
[2026-01-19 00:15:27,550] [INFO] - [ 1200/ 2270] | Cost: 0.4568679 | Accuracy: 0.8300000
[2026-01-19 00:22:41,938] [INFO] - [ 1300/ 2270] | Cost: 0.4285094 | Accuracy: 0.8500000
[2026-01-19 00:30:04,542] [INFO] - [ 1400/ 2270] | Cost: 0.5630418 | Accuracy: 0.7700000
[2026-01-19 00:37:07,054] [INFO] - [ 1500/ 2270] | Cost: 0.4426946 | Accuracy: 0.8400000
[2026-01-19 00:44:37,548] [INFO] - [ 1600/ 2270] | Cost: 0.4598407 | Accuracy: 0.8300000
[2026-01-19 00:51:41,731] [INFO] - [ 1700/ 2270] | Cost: 0.2450456 | Accuracy: 0.9500000
[2026-01-19 00:58:51,954] [INFO] - [ 1800/ 2270] | Cost: 0.2571516 | Accuracy: 0.9400000
[2026-01-19 01:06:09,715] [INFO] - [ 1900/ 2270] | Cost: 0.4028403 | Accuracy: 0.8600000
[2026-01-19 01:13:39,334] [INFO] - [ 2000/ 2270] | Cost: 0.4602740 | Accuracy: 0.8300000
[2026-01-19 01:20:34,416] [INFO] - [ 2100/ 2270] | Cost: 0.4827102 | Accuracy: 0.8200000
[2026-01-19 01:28:04,947] [INFO] - [ 2200/ 2270] | Cost: 0.3666660 | Accuracy: 0.8800000
[2026-01-19 01:32:47,447] [INFO] - [ 2300/ 2270] | Cost: 0.3809171 | Accuracy: 0.8714286
