[2026-01-18 23:15:55,416] [INFO] - seed: 0
image_preprocessing: None
training:
  epochs: 1
  batch_size: 100
  image_width: 32
  lr: 0.05
model:
  num_layers: 3
dataset:
  num_classes: 2
  binary: true
  name: cxr8
  image_width_sweep: 2,4,8,16,32
  orig_width: 1024
embedding:
  name: NEQR
  pca: false
  supports_color: true

[2026-01-18 23:15:55,421] [INFO] - Using cuda.
[2026-01-18 23:15:55,732] [INFO] - Dataset: cxr8 | Train Size: 2270 | Validation Size: 650 | Test Size: 324
[2026-01-18 23:15:55,735] [INFO] - Initiate model
[2026-01-18 23:15:58,235] [INFO] - Weights Shape: torch.Size([3, 18, 3])
[2026-01-18 23:15:58,237] [INFO] - Bias Shape: torch.Size([2])
[2026-01-18 23:37:51,044] [INFO] - [  100/ 2270] | Cost: 0.6927881 | Accuracy: 0.5500000
[2026-01-18 23:59:28,248] [INFO] - [  200/ 2270] | Cost: 0.6603479 | Accuracy: 0.8400000
[2026-01-19 00:21:02,817] [INFO] - [  300/ 2270] | Cost: 0.6280751 | Accuracy: 0.8500000
[2026-01-19 00:42:29,552] [INFO] - [  400/ 2270] | Cost: 0.6082340 | Accuracy: 0.8200000
[2026-01-19 01:04:26,515] [INFO] - [  500/ 2270] | Cost: 0.5533107 | Accuracy: 0.9000000
[2026-01-19 01:26:22,415] [INFO] - [  600/ 2270] | Cost: 0.5298882 | Accuracy: 0.8900000
[2026-01-19 01:48:23,416] [INFO] - [  700/ 2270] | Cost: 0.5404500 | Accuracy: 0.8300000
[2026-01-19 02:10:24,251] [INFO] - [  800/ 2270] | Cost: 0.5165421 | Accuracy: 0.8400000
[2026-01-19 02:31:42,454] [INFO] - [  900/ 2270] | Cost: 0.4861131 | Accuracy: 0.8600000
[2026-01-19 02:53:10,616] [INFO] - [ 1000/ 2270] | Cost: 0.4969496 | Accuracy: 0.8300000
[2026-01-19 03:14:55,815] [INFO] - [ 1100/ 2270] | Cost: 0.4482223 | Accuracy: 0.8700000
[2026-01-19 03:36:46,345] [INFO] - [ 1200/ 2270] | Cost: 0.4784949 | Accuracy: 0.8300000
[2026-01-19 03:58:19,616] [INFO] - [ 1300/ 2270] | Cost: 0.4491166 | Accuracy: 0.8500000
[2026-01-19 04:20:03,416] [INFO] - [ 1400/ 2270] | Cost: 0.5393832 | Accuracy: 0.7700000
[2026-01-19 04:41:37,947] [INFO] - [ 1500/ 2270] | Cost: 0.4499995 | Accuracy: 0.8400000
[2026-01-19 05:02:28,652] [INFO] - [ 1600/ 2270] | Cost: 0.4600749 | Accuracy: 0.8300000
[2026-01-19 05:23:36,340] [INFO] - [ 1700/ 2270] | Cost: 0.2880371 | Accuracy: 0.9500000
[2026-01-19 05:44:55,217] [INFO] - [ 1800/ 2270] | Cost: 0.2937620 | Accuracy: 0.9400000
[2026-01-19 06:06:10,942] [INFO] - [ 1900/ 2270] | Cost: 0.4096305 | Accuracy: 0.8600000
[2026-01-19 06:27:54,519] [INFO] - [ 2000/ 2270] | Cost: 0.4557524 | Accuracy: 0.8300000
[2026-01-19 06:49:43,717] [INFO] - [ 2100/ 2270] | Cost: 0.4730160 | Accuracy: 0.8200000
[2026-01-19 07:11:27,517] [INFO] - [ 2200/ 2270] | Cost: 0.3713423 | Accuracy: 0.8800000
[2026-01-19 07:26:41,721] [INFO] - [ 2300/ 2270] | Cost: 0.3852417 | Accuracy: 0.8714286
