[2026-01-18 23:15:56,722] [INFO] - seed: 0
image_preprocessing: BilateralFilter
training:
  epochs: 1
  batch_size: 100
  image_width: 32
  lr: 0.05
model:
  num_layers: 3
dataset:
  num_classes: 2
  binary: true
  name: mnist
  image_width_sweep: 16,32
  orig_width: 28
embedding:
  name: OQIM
  pca: false
  supports_color: true

[2026-01-18 23:15:56,726] [INFO] - Using cuda.
[2026-01-18 23:15:57,921] [INFO] - Dataset: mnist | Train Size: 10346 | Validation Size: 2956 | Test Size: 1478
[2026-01-18 23:15:57,923] [INFO] - Initiate model
[2026-01-18 23:16:01,945] [INFO] - Weights Shape: torch.Size([3, 12, 3])
[2026-01-18 23:16:01,946] [INFO] - Bias Shape: torch.Size([2])
[2026-01-18 23:29:02,815] [INFO] - [  100/10346] | Cost: 0.6951962 | Accuracy: 0.5100000
[2026-01-18 23:41:47,542] [INFO] - [  200/10346] | Cost: 0.6951681 | Accuracy: 0.4800000
[2026-01-18 23:55:22,716] [INFO] - [  300/10346] | Cost: 0.6920252 | Accuracy: 0.4900000
[2026-01-19 00:08:45,249] [INFO] - [  400/10346] | Cost: 0.6889750 | Accuracy: 0.5300000
[2026-01-19 00:21:44,042] [INFO] - [  500/10346] | Cost: 0.6871829 | Accuracy: 0.5300000
[2026-01-19 00:34:37,943] [INFO] - [  600/10346] | Cost: 0.7027730 | Accuracy: 0.4100000
[2026-01-19 00:48:04,215] [INFO] - [  700/10346] | Cost: 0.6833597 | Accuracy: 0.5300000
[2026-01-19 01:01:05,151] [INFO] - [  800/10346] | Cost: 0.6829504 | Accuracy: 0.7700000
[2026-01-19 01:14:05,346] [INFO] - [  900/10346] | Cost: 0.6800204 | Accuracy: 0.9700000
[2026-01-19 01:27:53,416] [INFO] - [ 1000/10346] | Cost: 0.6777088 | Accuracy: 0.8500000
[2026-01-19 01:40:45,140] [INFO] - [ 1100/10346] | Cost: 0.6756056 | Accuracy: 0.7100000
[2026-01-19 01:53:41,846] [INFO] - [ 1200/10346] | Cost: 0.6686317 | Accuracy: 0.7200000
[2026-01-19 02:07:05,548] [INFO] - [ 1300/10346] | Cost: 0.6648626 | Accuracy: 0.7500000
[2026-01-19 02:20:06,051] [INFO] - [ 1400/10346] | Cost: 0.6535375 | Accuracy: 0.7300000
[2026-01-19 02:33:07,619] [INFO] - [ 1500/10346] | Cost: 0.6555046 | Accuracy: 0.6800000
[2026-01-19 02:45:56,939] [INFO] - [ 1600/10346] | Cost: 0.6333101 | Accuracy: 0.8100000
[2026-01-19 02:59:24,547] [INFO] - [ 1700/10346] | Cost: 0.6399205 | Accuracy: 0.6000000
[2026-01-19 03:12:33,316] [INFO] - [ 1800/10346] | Cost: 0.6328697 | Accuracy: 0.5900000
[2026-01-19 03:25:26,846] [INFO] - [ 1900/10346] | Cost: 0.6338185 | Accuracy: 0.5500000
[2026-01-19 03:39:06,415] [INFO] - [ 2000/10346] | Cost: 0.6333626 | Accuracy: 0.5700000
[2026-01-19 03:51:59,417] [INFO] - [ 2100/10346] | Cost: 0.6224098 | Accuracy: 0.6100000
[2026-01-19 04:05:26,415] [INFO] - [ 2200/10346] | Cost: 0.6103876 | Accuracy: 0.7400000
[2026-01-19 04:18:37,952] [INFO] - [ 2300/10346] | Cost: 0.6301404 | Accuracy: 0.7400000
[2026-01-19 04:31:38,152] [INFO] - [ 2400/10346] | Cost: 0.6055448 | Accuracy: 0.8500000
[2026-01-19 04:44:47,845] [INFO] - [ 2500/10346] | Cost: 0.5949738 | Accuracy: 0.9300000
[2026-01-19 04:57:52,336] [INFO] - [ 2600/10346] | Cost: 0.6087803 | Accuracy: 0.8500000
[2026-01-19 05:11:23,449] [INFO] - [ 2700/10346] | Cost: 0.5964758 | Accuracy: 0.8800000
[2026-01-19 05:24:15,952] [INFO] - [ 2800/10346] | Cost: 0.5852829 | Accuracy: 0.9000000
[2026-01-19 05:37:15,325] [INFO] - [ 2900/10346] | Cost: 0.5779789 | Accuracy: 0.8900000
[2026-01-19 05:50:48,452] [INFO] - [ 3000/10346] | Cost: 0.5875643 | Accuracy: 0.8200000
[2026-01-19 06:03:40,051] [INFO] - [ 3100/10346] | Cost: 0.5805469 | Accuracy: 0.7600000
[2026-01-19 06:17:09,531] [INFO] - [ 3200/10346] | Cost: 0.5609282 | Accuracy: 0.8400000
[2026-01-19 06:30:15,236] [INFO] - [ 3300/10346] | Cost: 0.5570732 | Accuracy: 0.8600000
[2026-01-19 06:43:47,823] [INFO] - [ 3400/10346] | Cost: 0.5772570 | Accuracy: 0.7800000
[2026-01-19 06:56:57,821] [INFO] - [ 3500/10346] | Cost: 0.5603362 | Accuracy: 0.8900000
[2026-01-19 07:10:06,542] [INFO] - [ 3600/10346] | Cost: 0.5632796 | Accuracy: 0.8700000
[2026-01-19 07:23:00,548] [INFO] - [ 3700/10346] | Cost: 0.5574980 | Accuracy: 0.9000000
[2026-01-19 07:34:42,743] [INFO] - [ 3800/10346] | Cost: 0.5386325 | Accuracy: 0.9300000
[2026-01-19 07:46:55,815] [INFO] - [ 3900/10346] | Cost: 0.5427978 | Accuracy: 0.9200000
[2026-01-19 07:58:47,246] [INFO] - [ 4000/10346] | Cost: 0.5309339 | Accuracy: 0.9700000
[2026-01-19 08:10:44,838] [INFO] - [ 4100/10346] | Cost: 0.5343965 | Accuracy: 0.9400000
[2026-01-19 08:22:46,853] [INFO] - [ 4200/10346] | Cost: 0.5286276 | Accuracy: 0.9400000
[2026-01-19 08:34:42,216] [INFO] - [ 4300/10346] | Cost: 0.5258275 | Accuracy: 0.9600000
[2026-01-19 08:46:34,526] [INFO] - [ 4400/10346] | Cost: 0.5286331 | Accuracy: 0.9200000
[2026-01-19 08:58:25,746] [INFO] - [ 4500/10346] | Cost: 0.5170980 | Accuracy: 0.9000000
