[2026-01-18 23:15:54,842] [INFO] - seed: 0
image_preprocessing: GaussianBlur
training:
  epochs: 1
  batch_size: 100
  image_width: 32
  lr: 0.05
model:
  num_layers: 3
dataset:
  num_classes: 2
  binary: true
  name: cxr8
  image_width_sweep: 2,4,8,16,32
  orig_width: 1024
embedding:
  name: NEQR
  pca: false
  supports_color: true

[2026-01-18 23:15:54,851] [INFO] - Using cuda.
[2026-01-18 23:15:55,224] [INFO] - Dataset: cxr8 | Train Size: 2270 | Validation Size: 650 | Test Size: 324
[2026-01-18 23:15:55,228] [INFO] - Initiate model
[2026-01-18 23:15:56,338] [INFO] - Weights Shape: torch.Size([3, 18, 3])
[2026-01-18 23:15:56,339] [INFO] - Bias Shape: torch.Size([2])
[2026-01-18 23:37:39,343] [INFO] - [  100/ 2270] | Cost: 0.6929640 | Accuracy: 0.4900000
[2026-01-18 23:59:03,115] [INFO] - [  200/ 2270] | Cost: 0.6604559 | Accuracy: 0.8400000
[2026-01-19 00:20:40,024] [INFO] - [  300/ 2270] | Cost: 0.6279764 | Accuracy: 0.8500000
[2026-01-19 00:42:16,240] [INFO] - [  400/ 2270] | Cost: 0.6082830 | Accuracy: 0.8200000
[2026-01-19 01:04:11,133] [INFO] - [  500/ 2270] | Cost: 0.5537637 | Accuracy: 0.9000000
[2026-01-19 01:25:39,716] [INFO] - [  600/ 2270] | Cost: 0.5300420 | Accuracy: 0.8900000
[2026-01-19 01:47:56,016] [INFO] - [  700/ 2270] | Cost: 0.5402782 | Accuracy: 0.8300000
[2026-01-19 02:09:55,853] [INFO] - [  800/ 2270] | Cost: 0.5169676 | Accuracy: 0.8400000
[2026-01-19 02:31:26,529] [INFO] - [  900/ 2270] | Cost: 0.4861430 | Accuracy: 0.8600000
[2026-01-19 02:52:47,141] [INFO] - [ 1000/ 2270] | Cost: 0.4969296 | Accuracy: 0.8300000
[2026-01-19 03:14:47,115] [INFO] - [ 1100/ 2270] | Cost: 0.4483344 | Accuracy: 0.8700000
[2026-01-19 03:36:09,716] [INFO] - [ 1200/ 2270] | Cost: 0.4785637 | Accuracy: 0.8300000
[2026-01-19 03:57:54,645] [INFO] - [ 1300/ 2270] | Cost: 0.4492165 | Accuracy: 0.8500000
[2026-01-19 04:19:30,515] [INFO] - [ 1400/ 2270] | Cost: 0.5393271 | Accuracy: 0.7700000
[2026-01-19 04:40:39,439] [INFO] - [ 1500/ 2270] | Cost: 0.4499638 | Accuracy: 0.8400000
[2026-01-19 05:01:48,536] [INFO] - [ 1600/ 2270] | Cost: 0.4599698 | Accuracy: 0.8300000
[2026-01-19 05:23:08,046] [INFO] - [ 1700/ 2270] | Cost: 0.2882210 | Accuracy: 0.9500000
[2026-01-19 05:43:57,315] [INFO] - [ 1800/ 2270] | Cost: 0.2936800 | Accuracy: 0.9400000
[2026-01-19 06:05:19,244] [INFO] - [ 1900/ 2270] | Cost: 0.4095002 | Accuracy: 0.8600000
[2026-01-19 06:27:03,941] [INFO] - [ 2000/ 2270] | Cost: 0.4558313 | Accuracy: 0.8300000
[2026-01-19 06:48:53,948] [INFO] - [ 2100/ 2270] | Cost: 0.4729364 | Accuracy: 0.8200000
[2026-01-19 07:10:42,916] [INFO] - [ 2200/ 2270] | Cost: 0.3711928 | Accuracy: 0.8800000
[2026-01-19 07:25:50,328] [INFO] - [ 2300/ 2270] | Cost: 0.3850697 | Accuracy: 0.8714286
