[2026-01-17 05:16:24,472] [INFO] - seed: 0
image_preprocessing: BilateralFilter
training:
  epochs: 1
  batch_size: 100
  image_width: 32
  lr: 0.05
model:
  num_layers: 3
dataset:
  num_classes: 2
  binary: true
  name: stl10
  image_width_sweep: 2,4,8,16,32,64
  orig_width: 96
embedding:
  name: OQIM
  pca: false
  supports_color: true

[2026-01-17 05:16:24,475] [INFO] - Using cuda.
[2026-01-17 05:16:34,853] [INFO] - Dataset: stl10 | Train Size: 1819 | Validation Size: 521 | Test Size: 260
[2026-01-17 05:16:34,856] [INFO] - Initiate model
[2026-01-17 05:16:34,860] [INFO] - Weights Shape: torch.Size([3, 12, 3])
[2026-01-17 05:16:34,861] [INFO] - Bias Shape: torch.Size([2])
[2026-01-17 05:19:18,866] [INFO] - [  100/ 1819] | Cost: 0.6959210 | Accuracy: 0.4800000
[2026-01-17 05:22:27,764] [INFO] - [  200/ 1819] | Cost: 0.6958591 | Accuracy: 0.4900000
[2026-01-17 05:25:19,374] [INFO] - [  300/ 1819] | Cost: 0.6919412 | Accuracy: 0.5200000
[2026-01-17 05:28:29,928] [INFO] - [  400/ 1819] | Cost: 0.6874492 | Accuracy: 0.5600000
[2026-01-17 05:31:28,970] [INFO] - [  500/ 1819] | Cost: 0.7018930 | Accuracy: 0.4400000
[2026-01-17 05:34:38,944] [INFO] - [  600/ 1819] | Cost: 0.6927297 | Accuracy: 0.4900000
[2026-01-17 05:37:10,150] [INFO] - [  700/ 1819] | Cost: 0.6865208 | Accuracy: 0.5700000
[2026-01-17 05:40:20,135] [INFO] - [  800/ 1819] | Cost: 0.6904599 | Accuracy: 0.4600000
[2026-01-17 05:43:06,490] [INFO] - [  900/ 1819] | Cost: 0.6880150 | Accuracy: 0.6400000
[2026-01-17 05:46:27,681] [INFO] - [ 1000/ 1819] | Cost: 0.6862934 | Accuracy: 0.6100000
[2026-01-17 05:49:13,501] [INFO] - [ 1100/ 1819] | Cost: 0.6867796 | Accuracy: 0.5900000
[2026-01-17 05:52:24,865] [INFO] - [ 1200/ 1819] | Cost: 0.6829766 | Accuracy: 0.5900000
[2026-01-17 05:55:08,778] [INFO] - [ 1300/ 1819] | Cost: 0.6839932 | Accuracy: 0.6300000
[2026-01-17 05:58:10,557] [INFO] - [ 1400/ 1819] | Cost: 0.6686745 | Accuracy: 0.6800000
[2026-01-17 06:01:06,238] [INFO] - [ 1500/ 1819] | Cost: 0.6790410 | Accuracy: 0.6100000
[2026-01-17 06:04:05,578] [INFO] - [ 1600/ 1819] | Cost: 0.6773865 | Accuracy: 0.6000000
[2026-01-17 06:06:59,127] [INFO] - [ 1700/ 1819] | Cost: 0.6891607 | Accuracy: 0.5100000
[2026-01-17 06:10:04,230] [INFO] - [ 1800/ 1819] | Cost: 0.6549770 | Accuracy: 0.6500000
[2026-01-17 06:10:31,837] [INFO] - [ 1900/ 1819] | Cost: 0.6723665 | Accuracy: 0.5789474
