[2026-01-18 03:57:54,219] [INFO] - seed: 1
image_preprocessing: MedianBlur
training:
  epochs: 1
  batch_size: 100
  image_width: 32
  lr: 0.05
model:
  num_layers: 3
dataset:
  num_classes: 2
  binary: true
  name: eurosat_rgb
  image_width_sweep: '64'
  orig_width: 64
embedding:
  name: RMP
  pca: true
  supports_color: true

[2026-01-18 03:57:54,221] [INFO] - Using cuda.
[2026-01-18 03:57:54,258] [INFO] - Dataset: eurosat_rgb | Train Size: 4200 | Validation Size: 1200 | Test Size: 600
[2026-01-18 03:57:54,260] [INFO] - Applying PCA Loader to the dataset
[2026-01-18 03:57:57,935] [INFO] - Initiate model
[2026-01-18 03:57:57,937] [INFO] - Weights Shape: torch.Size([3, 6, 3])
[2026-01-18 03:57:57,938] [INFO] - Bias Shape: torch.Size([2])
[2026-01-18 03:58:32,784] [INFO] - [  100/ 4200] | Cost: 0.7082489 | Accuracy: 0.4400000
[2026-01-18 03:59:07,733] [INFO] - [  200/ 4200] | Cost: 0.6810346 | Accuracy: 0.9200000
[2026-01-18 03:59:42,661] [INFO] - [  300/ 4200] | Cost: 0.6822150 | Accuracy: 0.4700000
[2026-01-18 04:00:16,122] [INFO] - [  400/ 4200] | Cost: 0.6644275 | Accuracy: 0.5600000
[2026-01-18 04:00:49,231] [INFO] - [  500/ 4200] | Cost: 0.6867104 | Accuracy: 0.4500000
[2026-01-18 04:01:24,183] [INFO] - [  600/ 4200] | Cost: 0.6673567 | Accuracy: 0.5300000
[2026-01-18 04:01:59,140] [INFO] - [  700/ 4200] | Cost: 0.6710770 | Accuracy: 0.4700000
[2026-01-18 04:02:34,134] [INFO] - [  800/ 4200] | Cost: 0.6652981 | Accuracy: 0.5800000
[2026-01-18 04:03:09,097] [INFO] - [  900/ 4200] | Cost: 0.6602537 | Accuracy: 0.9100000
[2026-01-18 04:03:43,835] [INFO] - [ 1000/ 4200] | Cost: 0.6512480 | Accuracy: 0.7800000
[2026-01-18 04:04:18,369] [INFO] - [ 1100/ 4200] | Cost: 0.6543683 | Accuracy: 0.5200000
[2026-01-18 04:04:40,068] [INFO] - [ 1200/ 4200] | Cost: 0.6618720 | Accuracy: 0.4600000
[2026-01-18 04:04:56,168] [INFO] - [ 1300/ 4200] | Cost: 0.6450640 | Accuracy: 0.5500000
[2026-01-18 04:05:14,411] [INFO] - [ 1400/ 4200] | Cost: 0.6449692 | Accuracy: 0.5900000
[2026-01-18 04:05:31,726] [INFO] - [ 1500/ 4200] | Cost: 0.6289741 | Accuracy: 0.8100000
[2026-01-18 04:05:56,842] [INFO] - [ 1600/ 4200] | Cost: 0.6344528 | Accuracy: 0.6900000
[2026-01-18 04:06:31,557] [INFO] - [ 1700/ 4200] | Cost: 0.6283504 | Accuracy: 0.6700000
[2026-01-18 04:07:06,263] [INFO] - [ 1800/ 4200] | Cost: 0.6423827 | Accuracy: 0.6000000
[2026-01-18 04:07:41,131] [INFO] - [ 1900/ 4200] | Cost: 0.6191853 | Accuracy: 0.8600000
[2026-01-18 04:08:16,029] [INFO] - [ 2000/ 4200] | Cost: 0.6296061 | Accuracy: 0.9400000
[2026-01-18 04:08:50,936] [INFO] - [ 2100/ 4200] | Cost: 0.6212116 | Accuracy: 0.9600000
[2026-01-18 04:09:25,673] [INFO] - [ 2200/ 4200] | Cost: 0.6111281 | Accuracy: 0.9200000
[2026-01-18 04:10:00,656] [INFO] - [ 2300/ 4200] | Cost: 0.6110256 | Accuracy: 0.7900000
[2026-01-18 04:10:35,637] [INFO] - [ 2400/ 4200] | Cost: 0.6255586 | Accuracy: 0.5900000
[2026-01-18 04:11:10,573] [INFO] - [ 2500/ 4200] | Cost: 0.5969782 | Accuracy: 0.7000000
[2026-01-18 04:11:45,488] [INFO] - [ 2600/ 4200] | Cost: 0.6130219 | Accuracy: 0.6400000
[2026-01-18 04:12:20,216] [INFO] - [ 2700/ 4200] | Cost: 0.6021516 | Accuracy: 0.7400000
[2026-01-18 04:12:55,169] [INFO] - [ 2800/ 4200] | Cost: 0.5860698 | Accuracy: 0.8900000
[2026-01-18 04:13:30,188] [INFO] - [ 2900/ 4200] | Cost: 0.5921230 | Accuracy: 0.9000000
[2026-01-18 04:14:05,107] [INFO] - [ 3000/ 4200] | Cost: 0.5955095 | Accuracy: 0.9100000
[2026-01-18 04:14:39,851] [INFO] - [ 3100/ 4200] | Cost: 0.5849376 | Accuracy: 0.9600000
[2026-01-18 04:15:14,801] [INFO] - [ 3200/ 4200] | Cost: 0.5798666 | Accuracy: 0.9600000
[2026-01-18 04:15:49,804] [INFO] - [ 3300/ 4200] | Cost: 0.5996100 | Accuracy: 0.7300000
[2026-01-18 04:16:24,554] [INFO] - [ 3400/ 4200] | Cost: 0.5928714 | Accuracy: 0.7500000
[2026-01-18 04:16:59,511] [INFO] - [ 3500/ 4200] | Cost: 0.5786063 | Accuracy: 0.8300000
[2026-01-18 04:17:34,426] [INFO] - [ 3600/ 4200] | Cost: 0.5872705 | Accuracy: 0.8300000
[2026-01-18 04:18:09,394] [INFO] - [ 3700/ 4200] | Cost: 0.5713328 | Accuracy: 0.9800000
[2026-01-18 04:18:44,145] [INFO] - [ 3800/ 4200] | Cost: 0.5742370 | Accuracy: 0.9800000
[2026-01-18 04:19:19,091] [INFO] - [ 3900/ 4200] | Cost: 0.5804526 | Accuracy: 0.9900000
[2026-01-18 04:19:54,061] [INFO] - [ 4000/ 4200] | Cost: 0.5854926 | Accuracy: 0.9900000
[2026-01-18 04:20:28,946] [INFO] - [ 4100/ 4200] | Cost: 0.5724297 | Accuracy: 0.9800000
[2026-01-18 04:21:03,414] [INFO] - [ 4200/ 4200] | Cost: 0.5835282 | Accuracy: 0.9800000
[2026-01-18 04:21:19,246] [INFO] - Model dict saved to /workspace/persistent/embedding_colosseum/multirun/2026-01-18/02-06-25/47/saved_models/model_epoch-0.pt
[2026-01-18 04:21:19,247] [INFO] - Validation for epoch   0 | Cost: 0.5767548 | Accuracy: 0.9750000
