[2026-01-16 18:27:18,121] [INFO] - seed: 0
image_preprocessing: None
training:
  epochs: 1
  batch_size: 100
  image_width: 16
  lr: 0.05
model:
  num_layers: 3
dataset:
  num_classes: 2
  binary: true
  name: eurosat_ms
  image_width_sweep: '64'
  orig_width: 64
embedding:
  name: NEQR
  pca: false
  supports_color: true

[2026-01-16 18:27:18,123] [INFO] - Using cuda.
[2026-01-16 18:27:18,173] [INFO] - Dataset: eurosat_ms | Train Size: 4200 | Validation Size: 1200 | Test Size: 600
[2026-01-16 18:27:18,175] [INFO] - Initiate model
[2026-01-16 18:27:18,177] [INFO] - Weights Shape: torch.Size([3, 16, 3])
[2026-01-16 18:27:18,178] [INFO] - Bias Shape: torch.Size([2])
[2026-01-16 18:29:00,588] [INFO] - [  100/ 4200] | Cost: 0.6934059 | Accuracy: 0.4600000
[2026-01-16 18:30:54,820] [INFO] - [  200/ 4200] | Cost: 0.6869981 | Accuracy: 0.5700000
[2026-01-16 18:32:49,844] [INFO] - [  300/ 4200] | Cost: 0.7082809 | Accuracy: 0.4500000
[2026-01-16 18:34:27,178] [INFO] - [  400/ 4200] | Cost: 0.7023897 | Accuracy: 0.4700000
[2026-01-16 18:36:18,647] [INFO] - [  500/ 4200] | Cost: 0.6964664 | Accuracy: 0.4900000
[2026-01-16 18:37:57,216] [INFO] - [  600/ 4200] | Cost: 0.6874083 | Accuracy: 0.5500000
[2026-01-16 18:39:46,513] [INFO] - [  700/ 4200] | Cost: 0.6914775 | Accuracy: 0.5000000
[2026-01-16 18:41:39,686] [INFO] - [  800/ 4200] | Cost: 0.6904579 | Accuracy: 0.4700000
[2026-01-16 18:43:23,782] [INFO] - [  900/ 4200] | Cost: 0.6825432 | Accuracy: 0.8700000
[2026-01-16 18:45:07,397] [INFO] - [ 1000/ 4200] | Cost: 0.6771274 | Accuracy: 0.5300000
[2026-01-16 18:46:44,800] [INFO] - [ 1100/ 4200] | Cost: 0.6818472 | Accuracy: 0.4700000
[2026-01-16 18:48:28,219] [INFO] - [ 1200/ 4200] | Cost: 0.6823652 | Accuracy: 0.4700000
[2026-01-16 18:50:17,022] [INFO] - [ 1300/ 4200] | Cost: 0.6845198 | Accuracy: 0.4300000
[2026-01-16 18:51:58,191] [INFO] - [ 1400/ 4200] | Cost: 0.6449413 | Accuracy: 0.5300000
[2026-01-16 18:53:39,205] [INFO] - [ 1500/ 4200] | Cost: 0.6679648 | Accuracy: 0.4200000
[2026-01-16 18:55:22,246] [INFO] - [ 1600/ 4200] | Cost: 0.6322320 | Accuracy: 0.5400000
[2026-01-16 18:56:58,475] [INFO] - [ 1700/ 4200] | Cost: 0.6523557 | Accuracy: 0.4900000
[2026-01-16 18:58:33,800] [INFO] - [ 1800/ 4200] | Cost: 0.6280470 | Accuracy: 0.5200000
[2026-01-16 19:00:27,577] [INFO] - [ 1900/ 4200] | Cost: 0.6339714 | Accuracy: 0.5100000
[2026-01-16 19:02:12,329] [INFO] - [ 2000/ 4200] | Cost: 0.6037657 | Accuracy: 0.8100000
[2026-01-16 19:03:45,281] [INFO] - [ 2100/ 4200] | Cost: 0.5940704 | Accuracy: 0.8900000
[2026-01-16 19:05:35,526] [INFO] - [ 2200/ 4200] | Cost: 0.5930433 | Accuracy: 0.8900000
[2026-01-16 19:07:10,402] [INFO] - [ 2300/ 4200] | Cost: 0.6168299 | Accuracy: 0.8900000
[2026-01-16 19:08:40,256] [INFO] - [ 2400/ 4200] | Cost: 0.5932370 | Accuracy: 0.9100000
[2026-01-16 19:10:25,482] [INFO] - [ 2500/ 4200] | Cost: 0.5886207 | Accuracy: 0.9200000
[2026-01-16 19:12:23,419] [INFO] - [ 2600/ 4200] | Cost: 0.6062756 | Accuracy: 0.8700000
[2026-01-16 19:13:54,049] [INFO] - [ 2700/ 4200] | Cost: 0.5958235 | Accuracy: 0.8400000
[2026-01-16 19:15:30,417] [INFO] - [ 2800/ 4200] | Cost: 0.5922009 | Accuracy: 0.8000000
[2026-01-16 19:17:06,850] [INFO] - [ 2900/ 4200] | Cost: 0.6013796 | Accuracy: 0.6900000
[2026-01-16 19:18:29,344] [INFO] - [ 3000/ 4200] | Cost: 0.6141927 | Accuracy: 0.6700000
[2026-01-16 19:20:03,009] [INFO] - [ 3100/ 4200] | Cost: 0.6353691 | Accuracy: 0.6000000
[2026-01-16 19:22:00,154] [INFO] - [ 3200/ 4200] | Cost: 0.6647443 | Accuracy: 0.4800000
[2026-01-16 19:23:56,512] [INFO] - [ 3300/ 4200] | Cost: 0.6079417 | Accuracy: 0.7000000
[2026-01-16 19:25:36,906] [INFO] - [ 3400/ 4200] | Cost: 0.6115749 | Accuracy: 0.7600000
[2026-01-16 19:27:19,483] [INFO] - [ 3500/ 4200] | Cost: 0.6071835 | Accuracy: 0.7300000
[2026-01-16 19:28:53,857] [INFO] - [ 3600/ 4200] | Cost: 0.6051564 | Accuracy: 0.7900000
[2026-01-16 19:30:24,131] [INFO] - [ 3700/ 4200] | Cost: 0.6154917 | Accuracy: 0.8400000
[2026-01-16 19:32:12,336] [INFO] - [ 3800/ 4200] | Cost: 0.6042886 | Accuracy: 0.8800000
[2026-01-16 19:34:03,141] [INFO] - [ 3900/ 4200] | Cost: 0.5990421 | Accuracy: 0.8800000
[2026-01-16 19:35:49,425] [INFO] - [ 4000/ 4200] | Cost: 0.5928288 | Accuracy: 0.9100000
[2026-01-16 19:37:35,237] [INFO] - [ 4100/ 4200] | Cost: 0.5804651 | Accuracy: 0.9200000
[2026-01-16 19:39:14,635] [INFO] - [ 4200/ 4200] | Cost: 0.5828352 | Accuracy: 0.9100000
