[2026-01-17 06:31:00,249] [INFO] - seed: 0
image_preprocessing: GaussianBlur
training:
  epochs: 1
  batch_size: 100
  image_width: 16
  lr: 0.05
model:
  num_layers: 3
dataset:
  num_classes: 2
  binary: true
  name: cxr8
  image_width_sweep: 2,4,8,16,32,64
  orig_width: 1024
embedding:
  name: OQIM
  pca: false
  supports_color: true

[2026-01-17 06:31:00,251] [INFO] - Using cuda.
[2026-01-17 06:31:00,385] [INFO] - Dataset: cxr8 | Train Size: 2270 | Validation Size: 650 | Test Size: 324
[2026-01-17 06:31:00,388] [INFO] - Initiate model
[2026-01-17 06:31:00,390] [INFO] - Weights Shape: torch.Size([3, 10, 3])
[2026-01-17 06:31:00,391] [INFO] - Bias Shape: torch.Size([2])
[2026-01-17 06:32:11,773] [INFO] - [  100/ 2270] | Cost: 0.7036655 | Accuracy: 0.1800000
[2026-01-17 06:33:13,998] [INFO] - [  200/ 2270] | Cost: 0.6422643 | Accuracy: 0.8400000
[2026-01-17 06:34:22,710] [INFO] - [  300/ 2270] | Cost: 0.5900010 | Accuracy: 0.8500000
[2026-01-17 06:35:28,419] [INFO] - [  400/ 2270] | Cost: 0.5643425 | Accuracy: 0.8200000
[2026-01-17 06:36:49,134] [INFO] - [  500/ 2270] | Cost: 0.4883401 | Accuracy: 0.9000000
[2026-01-17 06:37:55,092] [INFO] - [  600/ 2270] | Cost: 0.4642207 | Accuracy: 0.8900000
[2026-01-17 06:38:52,069] [INFO] - [  700/ 2270] | Cost: 0.4945767 | Accuracy: 0.8300000
[2026-01-17 06:39:58,373] [INFO] - [  800/ 2270] | Cost: 0.4714314 | Accuracy: 0.8400000
[2026-01-17 06:40:51,666] [INFO] - [  900/ 2270] | Cost: 0.4369480 | Accuracy: 0.8600000
[2026-01-17 06:42:11,038] [INFO] - [ 1000/ 2270] | Cost: 0.4657280 | Accuracy: 0.8300000
[2026-01-17 06:43:12,535] [INFO] - [ 1100/ 2270] | Cost: 0.4062514 | Accuracy: 0.8700000
[2026-01-17 06:44:12,125] [INFO] - [ 1200/ 2270] | Cost: 0.4568679 | Accuracy: 0.8300000
[2026-01-17 06:45:19,023] [INFO] - [ 1300/ 2270] | Cost: 0.4285094 | Accuracy: 0.8500000
[2026-01-17 06:46:21,266] [INFO] - [ 1400/ 2270] | Cost: 0.5630418 | Accuracy: 0.7700000
[2026-01-17 06:47:37,630] [INFO] - [ 1500/ 2270] | Cost: 0.4426946 | Accuracy: 0.8400000
[2026-01-17 06:48:49,911] [INFO] - [ 1600/ 2270] | Cost: 0.4598407 | Accuracy: 0.8300000
[2026-01-17 06:49:51,250] [INFO] - [ 1700/ 2270] | Cost: 0.2450456 | Accuracy: 0.9500000
[2026-01-17 06:50:56,453] [INFO] - [ 1800/ 2270] | Cost: 0.2571516 | Accuracy: 0.9400000
[2026-01-17 06:51:50,016] [INFO] - [ 1900/ 2270] | Cost: 0.4028403 | Accuracy: 0.8600000
[2026-01-17 06:53:02,293] [INFO] - [ 2000/ 2270] | Cost: 0.4602740 | Accuracy: 0.8300000
[2026-01-17 06:54:24,224] [INFO] - [ 2100/ 2270] | Cost: 0.4827102 | Accuracy: 0.8200000
[2026-01-17 06:55:30,188] [INFO] - [ 2200/ 2270] | Cost: 0.3666660 | Accuracy: 0.8800000
[2026-01-17 06:56:20,822] [INFO] - [ 2300/ 2270] | Cost: 0.3809171 | Accuracy: 0.8714286
