[2026-01-17 05:23:41,521] [INFO] - seed: 0
image_preprocessing: HomomorphicFilter
training:
  epochs: 1
  batch_size: 100
  image_width: 16
  lr: 0.05
model:
  num_layers: 3
dataset:
  num_classes: 2
  binary: true
  name: stl10
  image_width_sweep: 2,4,8,16,32,64
  orig_width: 96
embedding:
  name: FRQI
  pca: false
  supports_color: false

[2026-01-17 05:23:41,523] [INFO] - Using cuda.
[2026-01-17 05:23:51,865] [INFO] - Dataset: stl10 | Train Size: 1819 | Validation Size: 521 | Test Size: 260
[2026-01-17 05:23:51,868] [INFO] - Initiate model
[2026-01-17 05:23:51,870] [INFO] - Weights Shape: torch.Size([3, 9, 3])
[2026-01-17 05:23:51,871] [INFO] - Bias Shape: torch.Size([2])
[2026-01-17 05:24:49,662] [INFO] - [  100/ 1819] | Cost: 0.6970400 | Accuracy: 0.5200000
[2026-01-17 05:25:38,270] [INFO] - [  200/ 1819] | Cost: 0.6920337 | Accuracy: 0.4800000
[2026-01-17 05:26:19,211] [INFO] - [  300/ 1819] | Cost: 0.6911873 | Accuracy: 0.4800000
[2026-01-17 05:26:56,756] [INFO] - [  400/ 1819] | Cost: 0.6936384 | Accuracy: 0.4800000
[2026-01-17 05:28:04,325] [INFO] - [  500/ 1819] | Cost: 0.6889186 | Accuracy: 0.5700000
[2026-01-17 05:28:56,979] [INFO] - [  600/ 1819] | Cost: 0.6823658 | Accuracy: 0.5900000
[2026-01-17 05:29:41,302] [INFO] - [  700/ 1819] | Cost: 0.6720209 | Accuracy: 0.6000000
[2026-01-17 05:30:38,993] [INFO] - [  800/ 1819] | Cost: 0.6853321 | Accuracy: 0.5000000
[2026-01-17 05:31:33,154] [INFO] - [  900/ 1819] | Cost: 0.6772181 | Accuracy: 0.5500000
[2026-01-17 05:32:16,216] [INFO] - [ 1000/ 1819] | Cost: 0.6732315 | Accuracy: 0.6300000
[2026-01-17 05:33:05,873] [INFO] - [ 1100/ 1819] | Cost: 0.6609731 | Accuracy: 0.6800000
[2026-01-17 05:34:11,874] [INFO] - [ 1200/ 1819] | Cost: 0.6535029 | Accuracy: 0.6200000
[2026-01-17 05:35:04,481] [INFO] - [ 1300/ 1819] | Cost: 0.6651140 | Accuracy: 0.6900000
[2026-01-17 05:35:55,910] [INFO] - [ 1400/ 1819] | Cost: 0.6529536 | Accuracy: 0.6400000
[2026-01-17 05:36:40,713] [INFO] - [ 1500/ 1819] | Cost: 0.6437647 | Accuracy: 0.6900000
[2026-01-17 05:37:19,148] [INFO] - [ 1600/ 1819] | Cost: 0.6723485 | Accuracy: 0.6200000
[2026-01-17 05:38:10,449] [INFO] - [ 1700/ 1819] | Cost: 0.6537233 | Accuracy: 0.6500000
[2026-01-17 05:38:55,113] [INFO] - [ 1800/ 1819] | Cost: 0.6272812 | Accuracy: 0.6300000
[2026-01-17 05:39:06,003] [INFO] - [ 1900/ 1819] | Cost: 0.7182737 | Accuracy: 0.4210526
[2026-01-17 05:40:33,044] [INFO] - Model dict saved to /workspace/persistent/embedding_colosseum/multirun/2026-01-15/22-04-31/280/saved_models/model_epoch-0.pt
[2026-01-17 05:40:33,045] [INFO] - Validation for epoch   0 | Cost: 0.6520163 | Accuracy: 0.6365079
