[2026-01-17 18:15:12,880] [INFO] - seed: 0
image_preprocessing: BilateralFilter
training:
  epochs: 1
  batch_size: 100
  image_width: 32
  lr: 0.05
model:
  num_layers: 3
dataset:
  num_classes: 2
  binary: true
  name: cifar10
  image_width_sweep: '32'
  orig_width: 32
embedding:
  name: ZZFeatureMap
  pca: true
  supports_color: true

[2026-01-17 18:15:12,885] [INFO] - Using cuda.
[2026-01-17 18:15:14,272] [INFO] - Dataset: cifar10 | Train Size: 8400 | Validation Size: 2400 | Test Size: 1200
[2026-01-17 18:15:14,274] [INFO] - Applying PCA Loader to the dataset
[2026-01-17 18:15:19,461] [INFO] - Initiate model
[2026-01-17 18:15:19,538] [INFO] - Weights Shape: torch.Size([3, 6, 3])
[2026-01-17 18:15:19,539] [INFO] - Bias Shape: torch.Size([2])
[2026-01-17 18:16:12,366] [INFO] - [  100/ 8400] | Cost: 0.6965660 | Accuracy: 0.4600000
[2026-01-17 18:17:05,790] [INFO] - [  200/ 8400] | Cost: 0.7058918 | Accuracy: 0.4700000
[2026-01-17 18:17:59,301] [INFO] - [  300/ 8400] | Cost: 0.6811877 | Accuracy: 0.5300000
[2026-01-17 18:18:52,760] [INFO] - [  400/ 8400] | Cost: 0.6862648 | Accuracy: 0.5400000
[2026-01-17 18:19:46,250] [INFO] - [  500/ 8400] | Cost: 0.6647636 | Accuracy: 0.6600000
[2026-01-17 18:20:39,505] [INFO] - [  600/ 8400] | Cost: 0.6647912 | Accuracy: 0.6400000
[2026-01-17 18:21:33,004] [INFO] - [  700/ 8400] | Cost: 0.6655598 | Accuracy: 0.6100000
[2026-01-17 18:22:26,471] [INFO] - [  800/ 8400] | Cost: 0.6686485 | Accuracy: 0.5900000
[2026-01-17 18:23:19,887] [INFO] - [  900/ 8400] | Cost: 0.6397294 | Accuracy: 0.6100000
[2026-01-17 18:24:13,406] [INFO] - [ 1000/ 8400] | Cost: 0.6074396 | Accuracy: 0.7900000
[2026-01-17 18:25:06,941] [INFO] - [ 1100/ 8400] | Cost: 0.6204038 | Accuracy: 0.7300000
[2026-01-17 18:26:00,378] [INFO] - [ 1200/ 8400] | Cost: 0.6340026 | Accuracy: 0.6500000
[2026-01-17 18:26:53,701] [INFO] - [ 1300/ 8400] | Cost: 0.6301059 | Accuracy: 0.6600000
[2026-01-17 18:27:47,236] [INFO] - [ 1400/ 8400] | Cost: 0.5976143 | Accuracy: 0.7500000
[2026-01-17 18:28:40,783] [INFO] - [ 1500/ 8400] | Cost: 0.6067692 | Accuracy: 0.6700000
[2026-01-17 18:29:34,291] [INFO] - [ 1600/ 8400] | Cost: 0.6131605 | Accuracy: 0.7100000
[2026-01-17 18:30:27,776] [INFO] - [ 1700/ 8400] | Cost: 0.5925707 | Accuracy: 0.6900000
[2026-01-17 18:31:21,099] [INFO] - [ 1800/ 8400] | Cost: 0.6055698 | Accuracy: 0.7000000
[2026-01-17 18:32:14,622] [INFO] - [ 1900/ 8400] | Cost: 0.5915906 | Accuracy: 0.7200000
[2026-01-17 18:33:08,125] [INFO] - [ 2000/ 8400] | Cost: 0.6066611 | Accuracy: 0.6700000
[2026-01-17 18:34:01,648] [INFO] - [ 2100/ 8400] | Cost: 0.6010307 | Accuracy: 0.6900000
[2026-01-17 18:34:55,168] [INFO] - [ 2200/ 8400] | Cost: 0.6442911 | Accuracy: 0.5900000
[2026-01-17 18:35:48,664] [INFO] - [ 2300/ 8400] | Cost: 0.5931348 | Accuracy: 0.7300000
[2026-01-17 18:36:42,154] [INFO] - [ 2400/ 8400] | Cost: 0.5836941 | Accuracy: 0.6800000
[2026-01-17 18:37:35,458] [INFO] - [ 2500/ 8400] | Cost: 0.6364548 | Accuracy: 0.6600000
[2026-01-17 18:38:28,951] [INFO] - [ 2600/ 8400] | Cost: 0.5696909 | Accuracy: 0.7000000
[2026-01-17 18:39:22,438] [INFO] - [ 2700/ 8400] | Cost: 0.5922371 | Accuracy: 0.7100000
[2026-01-17 18:40:15,895] [INFO] - [ 2800/ 8400] | Cost: 0.5632116 | Accuracy: 0.7700000
[2026-01-17 18:41:09,413] [INFO] - [ 2900/ 8400] | Cost: 0.5664881 | Accuracy: 0.7500000
[2026-01-17 18:42:02,725] [INFO] - [ 3000/ 8400] | Cost: 0.6161022 | Accuracy: 0.7400000
[2026-01-17 18:42:56,188] [INFO] - [ 3100/ 8400] | Cost: 0.6013438 | Accuracy: 0.7200000
[2026-01-17 18:43:49,661] [INFO] - [ 3200/ 8400] | Cost: 0.6024961 | Accuracy: 0.6600000
[2026-01-17 18:44:43,122] [INFO] - [ 3300/ 8400] | Cost: 0.6322498 | Accuracy: 0.6300000
[2026-01-17 18:45:36,625] [INFO] - [ 3400/ 8400] | Cost: 0.6219439 | Accuracy: 0.7000000
[2026-01-17 18:46:30,069] [INFO] - [ 3500/ 8400] | Cost: 0.6295778 | Accuracy: 0.6900000
[2026-01-17 18:47:22,451] [INFO] - [ 3600/ 8400] | Cost: 0.5803139 | Accuracy: 0.7000000
[2026-01-17 18:48:07,485] [INFO] - [ 3700/ 8400] | Cost: 0.5772665 | Accuracy: 0.6900000
[2026-01-17 18:49:00,974] [INFO] - [ 3800/ 8400] | Cost: 0.5302987 | Accuracy: 0.7900000
[2026-01-17 18:49:54,426] [INFO] - [ 3900/ 8400] | Cost: 0.5628290 | Accuracy: 0.7400000
[2026-01-17 18:50:47,879] [INFO] - [ 4000/ 8400] | Cost: 0.5702704 | Accuracy: 0.7000000
[2026-01-17 18:51:41,360] [INFO] - [ 4100/ 8400] | Cost: 0.6026354 | Accuracy: 0.6900000
[2026-01-17 18:52:34,670] [INFO] - [ 4200/ 8400] | Cost: 0.5874520 | Accuracy: 0.7100000
[2026-01-17 18:53:28,188] [INFO] - [ 4300/ 8400] | Cost: 0.6573091 | Accuracy: 0.6200000
[2026-01-17 18:54:21,648] [INFO] - [ 4400/ 8400] | Cost: 0.6582252 | Accuracy: 0.6200000
[2026-01-17 18:55:15,079] [INFO] - [ 4500/ 8400] | Cost: 0.6303617 | Accuracy: 0.6700000
[2026-01-17 18:56:08,589] [INFO] - [ 4600/ 8400] | Cost: 0.6194875 | Accuracy: 0.6500000
[2026-01-17 18:57:02,128] [INFO] - [ 4700/ 8400] | Cost: 0.5972800 | Accuracy: 0.6700000
[2026-01-17 18:57:55,397] [INFO] - [ 4800/ 8400] | Cost: 0.5882552 | Accuracy: 0.7000000
[2026-01-17 18:58:45,433] [INFO] - [ 4900/ 8400] | Cost: 0.6084336 | Accuracy: 0.6800000
[2026-01-17 18:59:33,519] [INFO] - [ 5000/ 8400] | Cost: 0.5781455 | Accuracy: 0.6900000
[2026-01-17 19:00:27,021] [INFO] - [ 5100/ 8400] | Cost: 0.5496104 | Accuracy: 0.7400000
[2026-01-17 19:01:20,522] [INFO] - [ 5200/ 8400] | Cost: 0.5646575 | Accuracy: 0.7100000
[2026-01-17 19:02:13,794] [INFO] - [ 5300/ 8400] | Cost: 0.5984915 | Accuracy: 0.6900000
[2026-01-17 19:03:07,322] [INFO] - [ 5400/ 8400] | Cost: 0.5604773 | Accuracy: 0.7300000
[2026-01-17 19:04:01,051] [INFO] - [ 5500/ 8400] | Cost: 0.6255348 | Accuracy: 0.7100000
[2026-01-17 19:04:47,490] [INFO] - [ 5600/ 8400] | Cost: 0.5970192 | Accuracy: 0.6700000
[2026-01-17 19:05:40,719] [INFO] - [ 5700/ 8400] | Cost: 0.5908592 | Accuracy: 0.6700000
[2026-01-17 19:06:34,212] [INFO] - [ 5800/ 8400] | Cost: 0.5800042 | Accuracy: 0.7000000
[2026-01-17 19:07:27,634] [INFO] - [ 5900/ 8400] | Cost: 0.5962123 | Accuracy: 0.7000000
[2026-01-17 19:08:21,164] [INFO] - [ 6000/ 8400] | Cost: 0.5617586 | Accuracy: 0.7100000
[2026-01-17 19:09:14,633] [INFO] - [ 6100/ 8400] | Cost: 0.5991769 | Accuracy: 0.6700000
[2026-01-17 19:10:08,185] [INFO] - [ 6200/ 8400] | Cost: 0.6117718 | Accuracy: 0.6800000
[2026-01-17 19:11:01,508] [INFO] - [ 6300/ 8400] | Cost: 0.6154990 | Accuracy: 0.7500000
[2026-01-17 19:11:55,082] [INFO] - [ 6400/ 8400] | Cost: 0.5693675 | Accuracy: 0.7500000
[2026-01-17 19:12:48,605] [INFO] - [ 6500/ 8400] | Cost: 0.5861440 | Accuracy: 0.7400000
[2026-01-17 19:13:42,068] [INFO] - [ 6600/ 8400] | Cost: 0.6102788 | Accuracy: 0.7000000
[2026-01-17 19:14:35,583] [INFO] - [ 6700/ 8400] | Cost: 0.5162876 | Accuracy: 0.7600000
[2026-01-17 19:15:27,944] [INFO] - [ 6800/ 8400] | Cost: 0.6296661 | Accuracy: 0.6300000
[2026-01-17 19:16:10,585] [INFO] - [ 6900/ 8400] | Cost: 0.6071599 | Accuracy: 0.7000000
[2026-01-17 19:16:53,119] [INFO] - [ 7000/ 8400] | Cost: 0.6366049 | Accuracy: 0.6600000
[2026-01-17 19:17:35,586] [INFO] - [ 7100/ 8400] | Cost: 0.5564570 | Accuracy: 0.7300000
[2026-01-17 19:18:19,835] [INFO] - [ 7200/ 8400] | Cost: 0.5388504 | Accuracy: 0.7800000
[2026-01-17 19:19:13,310] [INFO] - [ 7300/ 8400] | Cost: 0.6417094 | Accuracy: 0.6200000
[2026-01-17 19:20:06,507] [INFO] - [ 7400/ 8400] | Cost: 0.5448177 | Accuracy: 0.7500000
[2026-01-17 19:20:49,728] [INFO] - [ 7500/ 8400] | Cost: 0.5460293 | Accuracy: 0.7600000
[2026-01-17 19:21:34,525] [INFO] - [ 7600/ 8400] | Cost: 0.5528293 | Accuracy: 0.7300000
