[2026-01-17 19:15:26,080] [INFO] - seed: 0
image_preprocessing: None
training:
  epochs: 1
  batch_size: 100
  image_width: 32
  lr: 0.05
model:
  num_layers: 3
dataset:
  num_classes: 2
  binary: true
  name: cxr8
  image_width_sweep: 2,4,8,16,32,64
  orig_width: 1024
embedding:
  name: ZZFeatureMap
  pca: true
  supports_color: true

[2026-01-17 19:15:26,085] [INFO] - Using cuda.
[2026-01-17 19:15:26,544] [INFO] - Dataset: cxr8 | Train Size: 2270 | Validation Size: 650 | Test Size: 324
[2026-01-17 19:15:26,546] [INFO] - Applying PCA Loader to the dataset
[2026-01-17 19:18:09,945] [INFO] - Initiate model
[2026-01-17 19:18:10,036] [INFO] - Weights Shape: torch.Size([3, 6, 3])
[2026-01-17 19:18:10,037] [INFO] - Bias Shape: torch.Size([2])
[2026-01-17 19:19:03,986] [INFO] - [  100/ 2270] | Cost: 0.6315898 | Accuracy: 0.6500000
[2026-01-17 19:19:57,794] [INFO] - [  200/ 2270] | Cost: 0.5994766 | Accuracy: 0.8000000
[2026-01-17 19:20:42,767] [INFO] - [  300/ 2270] | Cost: 0.5324277 | Accuracy: 0.8600000
[2026-01-17 19:21:29,397] [INFO] - [  400/ 2270] | Cost: 0.4840479 | Accuracy: 0.8800000
