[2026-01-19 03:04:07,634] [INFO] - seed: 0
image_preprocessing: None
training:
  epochs: 1
  batch_size: 100
  image_width: 8
  lr: 0.05
model:
  num_layers: 3
dataset:
  num_classes: 2
  binary: true
  name: mnist
  image_width_sweep: 16,32
  orig_width: 28
embedding:
  name: NAQSS
  pca: false
  supports_color: false

[2026-01-19 03:04:07,636] [INFO] - Using cuda.
[2026-01-19 03:04:08,648] [INFO] - Dataset: mnist | Train Size: 10346 | Validation Size: 2956 | Test Size: 1478
[2026-01-19 03:04:08,651] [INFO] - Initiate model
[2026-01-19 03:04:08,715] [INFO] - Weights Shape: torch.Size([3, 15, 3])
[2026-01-19 03:04:08,716] [INFO] - Bias Shape: torch.Size([2])
[2026-01-19 03:15:39,415] [INFO] - [  100/10346] | Cost: 0.6934449 | Accuracy: 0.4600000
[2026-01-19 03:26:40,915] [INFO] - [  200/10346] | Cost: 0.6899450 | Accuracy: 0.5200000
[2026-01-19 03:38:01,822] [INFO] - [  300/10346] | Cost: 0.6903564 | Accuracy: 0.4900000
[2026-01-19 03:48:56,819] [INFO] - [  400/10346] | Cost: 0.6795179 | Accuracy: 0.5300000
[2026-01-19 04:00:17,345] [INFO] - [  500/10346] | Cost: 0.6753874 | Accuracy: 0.5300000
[2026-01-19 04:11:13,535] [INFO] - [  600/10346] | Cost: 0.6832713 | Accuracy: 0.4100000
[2026-01-19 04:22:45,415] [INFO] - [  700/10346] | Cost: 0.6653941 | Accuracy: 0.6400000
[2026-01-19 04:33:47,849] [INFO] - [  800/10346] | Cost: 0.6548874 | Accuracy: 0.7400000
[2026-01-19 04:45:00,516] [INFO] - [  900/10346] | Cost: 0.6430816 | Accuracy: 0.8500000
[2026-01-19 04:56:14,516] [INFO] - [ 1000/10346] | Cost: 0.6514481 | Accuracy: 0.6000000
[2026-01-19 05:07:31,019] [INFO] - [ 1100/10346] | Cost: 0.6501192 | Accuracy: 0.5600000
[2026-01-19 05:18:43,753] [INFO] - [ 1200/10346] | Cost: 0.6319207 | Accuracy: 0.6200000
[2026-01-19 05:30:04,015] [INFO] - [ 1300/10346] | Cost: 0.6384844 | Accuracy: 0.5700000
[2026-01-19 05:41:01,434] [INFO] - [ 1400/10346] | Cost: 0.6096686 | Accuracy: 0.6700000
[2026-01-19 05:52:31,416] [INFO] - [ 1500/10346] | Cost: 0.6230583 | Accuracy: 0.5800000
[2026-01-19 06:03:38,149] [INFO] - [ 1600/10346] | Cost: 0.5874473 | Accuracy: 0.7000000
[2026-01-19 06:15:09,216] [INFO] - [ 1700/10346] | Cost: 0.6025748 | Accuracy: 0.6200000
[2026-01-19 06:26:17,626] [INFO] - [ 1800/10346] | Cost: 0.6064165 | Accuracy: 0.6000000
[2026-01-19 06:37:34,616] [INFO] - [ 1900/10346] | Cost: 0.5988593 | Accuracy: 0.6100000
[2026-01-19 06:48:53,715] [INFO] - [ 2000/10346] | Cost: 0.6031301 | Accuracy: 0.5500000
[2026-01-19 07:00:18,542] [INFO] - [ 2100/10346] | Cost: 0.6042773 | Accuracy: 0.6000000
[2026-01-19 07:11:35,742] [INFO] - [ 2200/10346] | Cost: 0.5823300 | Accuracy: 0.6300000
[2026-01-19 07:22:22,452] [INFO] - [ 2300/10346] | Cost: 0.6107973 | Accuracy: 0.5600000
[2026-01-19 07:33:02,748] [INFO] - [ 2400/10346] | Cost: 0.5780448 | Accuracy: 0.7900000
[2026-01-19 07:43:33,315] [INFO] - [ 2500/10346] | Cost: 0.5683144 | Accuracy: 0.8400000
[2026-01-19 07:54:01,915] [INFO] - [ 2600/10346] | Cost: 0.5828910 | Accuracy: 0.8700000
[2026-01-19 08:04:32,937] [INFO] - [ 2700/10346] | Cost: 0.5633085 | Accuracy: 0.9400000
[2026-01-19 08:14:55,148] [INFO] - [ 2800/10346] | Cost: 0.5579252 | Accuracy: 0.9700000
[2026-01-19 08:25:30,816] [INFO] - [ 2900/10346] | Cost: 0.5535625 | Accuracy: 0.9800000
[2026-01-19 08:35:52,049] [INFO] - [ 3000/10346] | Cost: 0.5503833 | Accuracy: 0.9900000
[2026-01-19 08:46:17,815] [INFO] - [ 3100/10346] | Cost: 0.5492848 | Accuracy: 0.9600000
[2026-01-19 08:56:46,749] [INFO] - [ 3200/10346] | Cost: 0.5503272 | Accuracy: 0.9600000
