[2026-01-17 04:53:21,273] [INFO] - seed: 0
image_preprocessing: MedianBlur
training:
  epochs: 1
  batch_size: 100
  image_width: 32
  lr: 0.05
model:
  num_layers: 3
dataset:
  num_classes: 2
  binary: true
  name: stl10
  image_width_sweep: 2,4,8,16,32,64
  orig_width: 96
embedding:
  name: NEQR
  pca: false
  supports_color: true

[2026-01-17 04:53:21,276] [INFO] - Using cuda.
[2026-01-17 04:53:33,235] [INFO] - Dataset: stl10 | Train Size: 1819 | Validation Size: 521 | Test Size: 260
[2026-01-17 04:53:33,239] [INFO] - Initiate model
[2026-01-17 04:53:33,241] [INFO] - Weights Shape: torch.Size([3, 18, 3])
[2026-01-17 04:53:33,242] [INFO] - Bias Shape: torch.Size([2])
[2026-01-17 04:58:50,636] [INFO] - [  100/ 1819] | Cost: 0.6929686 | Accuracy: 0.5400000
[2026-01-17 05:04:03,911] [INFO] - [  200/ 1819] | Cost: 0.6953030 | Accuracy: 0.4900000
[2026-01-17 05:09:09,118] [INFO] - [  300/ 1819] | Cost: 0.6921605 | Accuracy: 0.5200000
[2026-01-17 05:14:17,028] [INFO] - [  400/ 1819] | Cost: 0.6904686 | Accuracy: 0.5600000
[2026-01-17 05:19:30,399] [INFO] - [  500/ 1819] | Cost: 0.6988276 | Accuracy: 0.4400000
[2026-01-17 05:24:45,538] [INFO] - [  600/ 1819] | Cost: 0.6940901 | Accuracy: 0.4900000
[2026-01-17 05:29:38,377] [INFO] - [  700/ 1819] | Cost: 0.6917909 | Accuracy: 0.5700000
[2026-01-17 05:35:06,789] [INFO] - [  800/ 1819] | Cost: 0.6945282 | Accuracy: 0.4300000
[2026-01-17 05:40:40,350] [INFO] - [  900/ 1819] | Cost: 0.6930176 | Accuracy: 0.5800000
[2026-01-17 05:46:21,813] [INFO] - [ 1000/ 1819] | Cost: 0.6934659 | Accuracy: 0.4800000
[2026-01-17 05:51:57,702] [INFO] - [ 1100/ 1819] | Cost: 0.6936304 | Accuracy: 0.4700000
[2026-01-17 05:57:27,852] [INFO] - [ 1200/ 1819] | Cost: 0.6920924 | Accuracy: 0.5300000
[2026-01-17 06:02:51,913] [INFO] - [ 1300/ 1819] | Cost: 0.6945352 | Accuracy: 0.4700000
[2026-01-17 06:07:58,652] [INFO] - [ 1400/ 1819] | Cost: 0.6935475 | Accuracy: 0.4700000
[2026-01-17 06:13:05,726] [INFO] - [ 1500/ 1819] | Cost: 0.6929529 | Accuracy: 0.4500000
[2026-01-17 06:18:07,684] [INFO] - [ 1600/ 1819] | Cost: 0.6923698 | Accuracy: 0.5300000
[2026-01-17 06:22:55,057] [INFO] - [ 1700/ 1819] | Cost: 0.6953188 | Accuracy: 0.4300000
[2026-01-17 06:28:13,724] [INFO] - [ 1800/ 1819] | Cost: 0.6924114 | Accuracy: 0.4900000
[2026-01-17 06:29:12,297] [INFO] - [ 1900/ 1819] | Cost: 0.6860843 | Accuracy: 0.6315789
