[2026-01-16 19:21:36,671] [INFO] - seed: 0
image_preprocessing: ContrastScaling
training:
  epochs: 1
  batch_size: 100
  image_width: 16
  lr: 0.05
model:
  num_layers: 3
dataset:
  num_classes: 2
  binary: true
  name: eurosat_ms
  image_width_sweep: '64'
  orig_width: 64
embedding:
  name: NEQR
  pca: false
  supports_color: true

[2026-01-16 19:21:36,673] [INFO] - Using cuda.
[2026-01-16 19:21:36,710] [INFO] - Dataset: eurosat_ms | Train Size: 4200 | Validation Size: 1200 | Test Size: 600
[2026-01-16 19:21:36,713] [INFO] - Initiate model
[2026-01-16 19:21:36,714] [INFO] - Weights Shape: torch.Size([3, 16, 3])
[2026-01-16 19:21:36,715] [INFO] - Bias Shape: torch.Size([2])
[2026-01-16 19:23:33,018] [INFO] - [  100/ 4200] | Cost: 0.6934546 | Accuracy: 0.4900000
[2026-01-16 19:25:14,375] [INFO] - [  200/ 4200] | Cost: 0.6877983 | Accuracy: 0.5700000
[2026-01-16 19:27:04,656] [INFO] - [  300/ 4200] | Cost: 0.7080898 | Accuracy: 0.4500000
[2026-01-16 19:28:40,185] [INFO] - [  400/ 4200] | Cost: 0.7029799 | Accuracy: 0.4700000
[2026-01-16 19:30:14,283] [INFO] - [  500/ 4200] | Cost: 0.6968718 | Accuracy: 0.4900000
[2026-01-16 19:32:00,788] [INFO] - [  600/ 4200] | Cost: 0.6883249 | Accuracy: 0.5500000
[2026-01-16 19:33:51,148] [INFO] - [  700/ 4200] | Cost: 0.6928932 | Accuracy: 0.5000000
[2026-01-16 19:35:37,011] [INFO] - [  800/ 4200] | Cost: 0.6934688 | Accuracy: 0.4600000
[2026-01-16 19:37:21,030] [INFO] - [  900/ 4200] | Cost: 0.6887872 | Accuracy: 0.7900000
[2026-01-16 19:38:55,866] [INFO] - [ 1000/ 4200] | Cost: 0.6853262 | Accuracy: 0.5500000
[2026-01-16 19:40:20,016] [INFO] - [ 1100/ 4200] | Cost: 0.6913612 | Accuracy: 0.4700000
[2026-01-16 19:42:01,378] [INFO] - [ 1200/ 4200] | Cost: 0.6895245 | Accuracy: 0.4800000
[2026-01-16 19:43:47,812] [INFO] - [ 1300/ 4200] | Cost: 0.6951060 | Accuracy: 0.4400000
[2026-01-16 19:45:34,410] [INFO] - [ 1400/ 4200] | Cost: 0.6624816 | Accuracy: 0.5200000
[2026-01-16 19:47:10,300] [INFO] - [ 1500/ 4200] | Cost: 0.6813065 | Accuracy: 0.4100000
[2026-01-16 19:48:48,960] [INFO] - [ 1600/ 4200] | Cost: 0.6486277 | Accuracy: 0.5300000
[2026-01-16 19:50:23,319] [INFO] - [ 1700/ 4200] | Cost: 0.6624898 | Accuracy: 0.4300000
[2026-01-16 19:51:52,938] [INFO] - [ 1800/ 4200] | Cost: 0.6499586 | Accuracy: 0.4600000
[2026-01-16 19:53:44,814] [INFO] - [ 1900/ 4200] | Cost: 0.6404204 | Accuracy: 0.5000000
[2026-01-16 19:55:40,807] [INFO] - [ 2000/ 4200] | Cost: 0.6286323 | Accuracy: 0.6900000
[2026-01-16 19:57:27,668] [INFO] - [ 2100/ 4200] | Cost: 0.6215882 | Accuracy: 0.8100000
[2026-01-16 19:59:17,598] [INFO] - [ 2200/ 4200] | Cost: 0.6146849 | Accuracy: 0.8600000
[2026-01-16 20:00:51,900] [INFO] - [ 2300/ 4200] | Cost: 0.6428689 | Accuracy: 0.8600000
[2026-01-16 20:02:23,871] [INFO] - [ 2400/ 4200] | Cost: 0.6108605 | Accuracy: 0.9000000
[2026-01-16 20:03:58,396] [INFO] - [ 2500/ 4200] | Cost: 0.6044329 | Accuracy: 0.8900000
[2026-01-16 20:05:56,875] [INFO] - [ 2600/ 4200] | Cost: 0.6176524 | Accuracy: 0.8800000
[2026-01-16 20:07:38,035] [INFO] - [ 2700/ 4200] | Cost: 0.6188346 | Accuracy: 0.8100000
[2026-01-16 20:09:14,303] [INFO] - [ 2800/ 4200] | Cost: 0.6088440 | Accuracy: 0.8300000
[2026-01-16 20:10:59,171] [INFO] - [ 2900/ 4200] | Cost: 0.6217421 | Accuracy: 0.7400000
[2026-01-16 20:12:42,597] [INFO] - [ 3000/ 4200] | Cost: 0.6360689 | Accuracy: 0.7100000
[2026-01-16 20:14:18,153] [INFO] - [ 3100/ 4200] | Cost: 0.6491582 | Accuracy: 0.6600000
[2026-01-16 20:16:07,584] [INFO] - [ 3200/ 4200] | Cost: 0.6748825 | Accuracy: 0.5100000
[2026-01-16 20:18:01,978] [INFO] - [ 3300/ 4200] | Cost: 0.6135913 | Accuracy: 0.7400000
[2026-01-16 20:19:41,216] [INFO] - [ 3400/ 4200] | Cost: 0.6197989 | Accuracy: 0.7600000
[2026-01-16 20:21:29,645] [INFO] - [ 3500/ 4200] | Cost: 0.6290368 | Accuracy: 0.7100000
[2026-01-16 20:23:07,507] [INFO] - [ 3600/ 4200] | Cost: 0.6383201 | Accuracy: 0.7800000
[2026-01-16 20:24:39,466] [INFO] - [ 3700/ 4200] | Cost: 0.6348941 | Accuracy: 0.8100000
[2026-01-16 20:26:18,970] [INFO] - [ 3800/ 4200] | Cost: 0.6120321 | Accuracy: 0.8500000
[2026-01-16 20:28:17,440] [INFO] - [ 3900/ 4200] | Cost: 0.6008092 | Accuracy: 0.9000000
[2026-01-16 20:29:57,851] [INFO] - [ 4000/ 4200] | Cost: 0.6186814 | Accuracy: 0.8800000
[2026-01-16 20:31:45,252] [INFO] - [ 4100/ 4200] | Cost: 0.6040279 | Accuracy: 0.8800000
[2026-01-16 20:33:27,735] [INFO] - [ 4200/ 4200] | Cost: 0.6032679 | Accuracy: 0.8500000
