[2026-01-16 16:48:51,027] [INFO] - seed: 0
image_preprocessing: BilateralFilter
training:
  epochs: 1
  batch_size: 100
  image_width: 16
  lr: 0.05
model:
  num_layers: 3
dataset:
  num_classes: 2
  binary: true
  name: eurosat_rgb
  image_width_sweep: '64'
  orig_width: 64
embedding:
  name: FRQI
  pca: false
  supports_color: false

[2026-01-16 16:48:51,031] [INFO] - Using cuda.
[2026-01-16 16:48:51,073] [INFO] - Dataset: eurosat_rgb | Train Size: 4200 | Validation Size: 1200 | Test Size: 600
[2026-01-16 16:48:51,076] [INFO] - Initiate model
[2026-01-16 16:48:51,278] [INFO] - Weights Shape: torch.Size([3, 9, 3])
[2026-01-16 16:48:51,279] [INFO] - Bias Shape: torch.Size([2])
[2026-01-16 16:49:49,194] [INFO] - [  100/ 4200] | Cost: 0.6839573 | Accuracy: 0.5600000
[2026-01-16 16:50:52,750] [INFO] - [  200/ 4200] | Cost: 0.6709095 | Accuracy: 0.5700000
[2026-01-16 16:51:45,282] [INFO] - [  300/ 4200] | Cost: 0.7017183 | Accuracy: 0.4500000
[2026-01-16 16:52:31,674] [INFO] - [  400/ 4200] | Cost: 0.6831976 | Accuracy: 0.4700000
[2026-01-16 16:53:14,643] [INFO] - [  500/ 4200] | Cost: 0.6723012 | Accuracy: 0.4900000
[2026-01-16 16:54:01,979] [INFO] - [  600/ 4200] | Cost: 0.6563110 | Accuracy: 0.9400000
[2026-01-16 16:54:50,646] [INFO] - [  700/ 4200] | Cost: 0.6557566 | Accuracy: 0.8800000
[2026-01-16 16:55:49,725] [INFO] - [  800/ 4200] | Cost: 0.6448354 | Accuracy: 0.8000000
[2026-01-16 16:56:56,736] [INFO] - [  900/ 4200] | Cost: 0.6412069 | Accuracy: 0.7100000
[2026-01-16 16:57:49,613] [INFO] - [ 1000/ 4200] | Cost: 0.6288931 | Accuracy: 0.7200000
[2026-01-16 16:58:44,067] [INFO] - [ 1100/ 4200] | Cost: 0.6278906 | Accuracy: 0.6400000
[2026-01-16 16:59:32,724] [INFO] - [ 1200/ 4200] | Cost: 0.6199387 | Accuracy: 0.6800000
[2026-01-16 17:00:21,836] [INFO] - [ 1300/ 4200] | Cost: 0.6007167 | Accuracy: 0.7200000
[2026-01-16 17:01:30,348] [INFO] - [ 1400/ 4200] | Cost: 0.5648962 | Accuracy: 0.8500000
[2026-01-16 17:02:25,878] [INFO] - [ 1500/ 4200] | Cost: 0.5555649 | Accuracy: 0.8700000
[2026-01-16 17:03:16,410] [INFO] - [ 1600/ 4200] | Cost: 0.5460712 | Accuracy: 0.9200000
[2026-01-16 17:03:44,115] [INFO] - [ 1700/ 4200] | Cost: 0.5405713 | Accuracy: 0.9100000
[2026-01-16 17:04:33,626] [INFO] - [ 1800/ 4200] | Cost: 0.5099074 | Accuracy: 0.9300000
[2026-01-16 17:05:28,708] [INFO] - [ 1900/ 4200] | Cost: 0.5014297 | Accuracy: 0.9200000
[2026-01-16 17:06:25,184] [INFO] - [ 2000/ 4200] | Cost: 0.4786386 | Accuracy: 0.9500000
[2026-01-16 17:07:27,678] [INFO] - [ 2100/ 4200] | Cost: 0.4652012 | Accuracy: 0.9700000
[2026-01-16 17:08:27,122] [INFO] - [ 2200/ 4200] | Cost: 0.4729287 | Accuracy: 0.9500000
[2026-01-16 17:09:16,805] [INFO] - [ 2300/ 4200] | Cost: 0.4745752 | Accuracy: 0.9200000
[2026-01-16 17:10:08,213] [INFO] - [ 2400/ 4200] | Cost: 0.4237345 | Accuracy: 0.9700000
[2026-01-16 17:10:58,685] [INFO] - [ 2500/ 4200] | Cost: 0.4263399 | Accuracy: 0.9300000
[2026-01-16 17:11:53,929] [INFO] - [ 2600/ 4200] | Cost: 0.4514171 | Accuracy: 0.9800000
[2026-01-16 17:12:55,950] [INFO] - [ 2700/ 4200] | Cost: 0.4278460 | Accuracy: 0.9600000
[2026-01-16 17:13:48,167] [INFO] - [ 2800/ 4200] | Cost: 0.4137418 | Accuracy: 0.9500000
[2026-01-16 17:14:26,978] [INFO] - [ 2900/ 4200] | Cost: 0.4325500 | Accuracy: 0.9500000
[2026-01-16 17:15:18,516] [INFO] - [ 3000/ 4200] | Cost: 0.4102080 | Accuracy: 0.9900000
[2026-01-16 17:16:15,792] [INFO] - [ 3100/ 4200] | Cost: 0.4398321 | Accuracy: 0.9800000
[2026-01-16 17:17:15,549] [INFO] - [ 3200/ 4200] | Cost: 0.4326684 | Accuracy: 0.9900000
[2026-01-16 17:18:03,867] [INFO] - [ 3300/ 4200] | Cost: 0.4112137 | Accuracy: 0.9600000
[2026-01-16 17:19:04,498] [INFO] - [ 3400/ 4200] | Cost: 0.4309932 | Accuracy: 0.9100000
[2026-01-16 17:20:01,266] [INFO] - [ 3500/ 4200] | Cost: 0.4272792 | Accuracy: 0.9500000
[2026-01-16 17:20:58,175] [INFO] - [ 3600/ 4200] | Cost: 0.4137355 | Accuracy: 0.9400000
[2026-01-16 17:21:36,512] [INFO] - [ 3700/ 4200] | Cost: 0.4037215 | Accuracy: 0.9500000
[2026-01-16 17:22:36,154] [INFO] - [ 3800/ 4200] | Cost: 0.4417369 | Accuracy: 0.8800000
[2026-01-16 17:23:35,427] [INFO] - [ 3900/ 4200] | Cost: 0.4310564 | Accuracy: 0.8900000
[2026-01-16 17:24:30,619] [INFO] - [ 4000/ 4200] | Cost: 0.3959816 | Accuracy: 0.9500000
[2026-01-16 17:25:20,727] [INFO] - [ 4100/ 4200] | Cost: 0.4051252 | Accuracy: 0.9700000
[2026-01-16 17:26:08,122] [INFO] - [ 4200/ 4200] | Cost: 0.4321266 | Accuracy: 0.9300000
[2026-01-16 17:29:35,352] [INFO] - Model dict saved to /workspace/persistent/embedding_colosseum/multirun/2026-01-15/22-04-31/128/saved_models/model_epoch-0.pt
[2026-01-16 17:29:35,353] [INFO] - Validation for epoch   0 | Cost: 0.4070906 | Accuracy: 0.9291667
