[2026-01-19 03:04:05,622] [INFO] - seed: 0
image_preprocessing: None
training:
  epochs: 1
  batch_size: 100
  image_width: 4
  lr: 0.05
model:
  num_layers: 3
dataset:
  num_classes: 2
  binary: true
  name: mnist
  image_width_sweep: 16,32
  orig_width: 28
embedding:
  name: NAQSS
  pca: false
  supports_color: false

[2026-01-19 03:04:05,625] [INFO] - Using cuda.
[2026-01-19 03:04:06,624] [INFO] - Dataset: mnist | Train Size: 10346 | Validation Size: 2956 | Test Size: 1478
[2026-01-19 03:04:06,627] [INFO] - Initiate model
[2026-01-19 03:04:06,629] [INFO] - Weights Shape: torch.Size([3, 13, 3])
[2026-01-19 03:04:06,630] [INFO] - Bias Shape: torch.Size([2])
[2026-01-19 03:12:33,946] [INFO] - [  100/10346] | Cost: 0.6926275 | Accuracy: 0.4800000
[2026-01-19 03:21:16,044] [INFO] - [  200/10346] | Cost: 0.6855687 | Accuracy: 0.5200000
[2026-01-19 03:28:46,140] [INFO] - [  300/10346] | Cost: 0.6860935 | Accuracy: 0.4900000
[2026-01-19 03:37:23,123] [INFO] - [  400/10346] | Cost: 0.6779287 | Accuracy: 0.5600000
[2026-01-19 03:45:38,716] [INFO] - [  500/10346] | Cost: 0.6699906 | Accuracy: 0.7600000
[2026-01-19 03:53:38,529] [INFO] - [  600/10346] | Cost: 0.6762323 | Accuracy: 0.7000000
[2026-01-19 04:02:19,850] [INFO] - [  700/10346] | Cost: 0.6570096 | Accuracy: 0.8600000
[2026-01-19 04:10:19,016] [INFO] - [  800/10346] | Cost: 0.6560685 | Accuracy: 0.9100000
[2026-01-19 04:18:47,516] [INFO] - [  900/10346] | Cost: 0.6460347 | Accuracy: 0.8600000
[2026-01-19 04:27:16,638] [INFO] - [ 1000/10346] | Cost: 0.6414594 | Accuracy: 0.8100000
[2026-01-19 04:35:14,649] [INFO] - [ 1100/10346] | Cost: 0.6343521 | Accuracy: 0.7300000
[2026-01-19 04:43:35,441] [INFO] - [ 1200/10346] | Cost: 0.6226891 | Accuracy: 0.7800000
[2026-01-19 04:52:04,940] [INFO] - [ 1300/10346] | Cost: 0.6247272 | Accuracy: 0.7000000
[2026-01-19 05:00:02,330] [INFO] - [ 1400/10346] | Cost: 0.6088855 | Accuracy: 0.7300000
[2026-01-19 05:08:40,448] [INFO] - [ 1500/10346] | Cost: 0.6067170 | Accuracy: 0.7700000
[2026-01-19 05:17:04,548] [INFO] - [ 1600/10346] | Cost: 0.5883091 | Accuracy: 0.7500000
[2026-01-19 05:25:18,315] [INFO] - [ 1700/10346] | Cost: 0.6040540 | Accuracy: 0.6400000
[2026-01-19 05:33:56,536] [INFO] - [ 1800/10346] | Cost: 0.6002390 | Accuracy: 0.6400000
[2026-01-19 05:41:45,815] [INFO] - [ 1900/10346] | Cost: 0.6090460 | Accuracy: 0.5900000
[2026-01-19 05:50:19,615] [INFO] - [ 2000/10346] | Cost: 0.6187491 | Accuracy: 0.5600000
[2026-01-19 05:58:42,816] [INFO] - [ 2100/10346] | Cost: 0.6165254 | Accuracy: 0.5700000
[2026-01-19 06:06:47,416] [INFO] - [ 2200/10346] | Cost: 0.6051126 | Accuracy: 0.6000000
[2026-01-19 06:15:26,352] [INFO] - [ 2300/10346] | Cost: 0.6337463 | Accuracy: 0.5200000
[2026-01-19 06:23:40,048] [INFO] - [ 2400/10346] | Cost: 0.6059051 | Accuracy: 0.6600000
[2026-01-19 06:32:07,216] [INFO] - [ 2500/10346] | Cost: 0.6011055 | Accuracy: 0.7500000
[2026-01-19 06:40:23,724] [INFO] - [ 2600/10346] | Cost: 0.6044345 | Accuracy: 0.7900000
[2026-01-19 06:48:47,636] [INFO] - [ 2700/10346] | Cost: 0.5937524 | Accuracy: 0.8900000
[2026-01-19 06:57:16,051] [INFO] - [ 2800/10346] | Cost: 0.5943320 | Accuracy: 0.8800000
[2026-01-19 07:05:36,553] [INFO] - [ 2900/10346] | Cost: 0.5807722 | Accuracy: 0.9800000
[2026-01-19 07:13:36,847] [INFO] - [ 3000/10346] | Cost: 0.5795828 | Accuracy: 0.9600000
[2026-01-19 07:21:44,243] [INFO] - [ 3100/10346] | Cost: 0.5788242 | Accuracy: 0.9900000
[2026-01-19 07:29:49,247] [INFO] - [ 3200/10346] | Cost: 0.5824559 | Accuracy: 0.9600000
[2026-01-19 07:37:19,930] [INFO] - [ 3300/10346] | Cost: 0.5869528 | Accuracy: 0.9500000
[2026-01-19 07:45:28,945] [INFO] - [ 3400/10346] | Cost: 0.5644515 | Accuracy: 0.9800000
[2026-01-19 07:53:03,348] [INFO] - [ 3500/10346] | Cost: 0.5613677 | Accuracy: 0.9700000
[2026-01-19 08:01:00,346] [INFO] - [ 3600/10346] | Cost: 0.5655043 | Accuracy: 0.9200000
[2026-01-19 08:08:31,754] [INFO] - [ 3700/10346] | Cost: 0.5511628 | Accuracy: 0.9700000
[2026-01-19 08:16:13,349] [INFO] - [ 3800/10346] | Cost: 0.5437642 | Accuracy: 0.9900000
[2026-01-19 08:24:11,346] [INFO] - [ 3900/10346] | Cost: 0.5487423 | Accuracy: 0.9700000
[2026-01-19 08:31:38,016] [INFO] - [ 4000/10346] | Cost: 0.5235624 | Accuracy: 1.0000000
[2026-01-19 08:39:23,761] [INFO] - [ 4100/10346] | Cost: 0.5311447 | Accuracy: 0.9900000
[2026-01-19 08:47:10,645] [INFO] - [ 4200/10346] | Cost: 0.5304002 | Accuracy: 0.9600000
[2026-01-19 08:54:57,435] [INFO] - [ 4300/10346] | Cost: 0.5165784 | Accuracy: 0.9800000
