[2026-01-19 02:03:33,230] [INFO] - seed: 0
image_preprocessing: HomomorphicFilter
training:
  epochs: 1
  batch_size: 100
  image_width: 4
  lr: 0.05
model:
  num_layers: 3
dataset:
  num_classes: 2
  binary: true
  name: cxr8
  image_width_sweep: 2,4,8,16,32
  orig_width: 1024
embedding:
  name: NAQSS
  pca: false
  supports_color: false

[2026-01-19 02:03:33,232] [INFO] - Using cuda.
[2026-01-19 02:03:33,533] [INFO] - Dataset: cxr8 | Train Size: 2270 | Validation Size: 650 | Test Size: 324
[2026-01-19 02:03:33,536] [INFO] - Initiate model
[2026-01-19 02:03:33,541] [INFO] - Weights Shape: torch.Size([3, 13, 3])
[2026-01-19 02:03:33,542] [INFO] - Bias Shape: torch.Size([2])
[2026-01-19 02:12:08,631] [INFO] - [  100/ 2270] | Cost: 0.6925667 | Accuracy: 0.5500000
[2026-01-19 02:20:32,636] [INFO] - [  200/ 2270] | Cost: 0.6589172 | Accuracy: 0.8400000
[2026-01-19 02:28:37,038] [INFO] - [  300/ 2270] | Cost: 0.6277927 | Accuracy: 0.8500000
[2026-01-19 02:36:52,242] [INFO] - [  400/ 2270] | Cost: 0.6108832 | Accuracy: 0.8200000
[2026-01-19 02:45:14,743] [INFO] - [  500/ 2270] | Cost: 0.5534042 | Accuracy: 0.9000000
[2026-01-19 02:53:20,047] [INFO] - [  600/ 2270] | Cost: 0.5287498 | Accuracy: 0.8900000
[2026-01-19 03:01:47,348] [INFO] - [  700/ 2270] | Cost: 0.5381196 | Accuracy: 0.8300000
[2026-01-19 03:09:52,748] [INFO] - [  800/ 2270] | Cost: 0.5152353 | Accuracy: 0.8400000
[2026-01-19 03:18:40,833] [INFO] - [  900/ 2270] | Cost: 0.4835790 | Accuracy: 0.8600000
[2026-01-19 03:26:41,258] [INFO] - [ 1000/ 2270] | Cost: 0.4948601 | Accuracy: 0.8300000
[2026-01-19 03:34:53,721] [INFO] - [ 1100/ 2270] | Cost: 0.4463557 | Accuracy: 0.8700000
[2026-01-19 03:43:25,833] [INFO] - [ 1200/ 2270] | Cost: 0.4780363 | Accuracy: 0.8300000
[2026-01-19 03:51:30,844] [INFO] - [ 1300/ 2270] | Cost: 0.4485716 | Accuracy: 0.8500000
[2026-01-19 03:59:55,638] [INFO] - [ 1400/ 2270] | Cost: 0.5396265 | Accuracy: 0.7700000
[2026-01-19 04:08:15,744] [INFO] - [ 1500/ 2270] | Cost: 0.4513518 | Accuracy: 0.8400000
[2026-01-19 04:16:31,616] [INFO] - [ 1600/ 2270] | Cost: 0.4589040 | Accuracy: 0.8300000
[2026-01-19 04:25:05,342] [INFO] - [ 1700/ 2270] | Cost: 0.2844564 | Accuracy: 0.9500000
[2026-01-19 04:33:13,122] [INFO] - [ 1800/ 2270] | Cost: 0.2913194 | Accuracy: 0.9400000
[2026-01-19 04:41:22,433] [INFO] - [ 1900/ 2270] | Cost: 0.4093472 | Accuracy: 0.8600000
[2026-01-19 04:49:58,645] [INFO] - [ 2000/ 2270] | Cost: 0.4568727 | Accuracy: 0.8300000
[2026-01-19 04:58:04,116] [INFO] - [ 2100/ 2270] | Cost: 0.4717833 | Accuracy: 0.8200000
[2026-01-19 05:06:26,422] [INFO] - [ 2200/ 2270] | Cost: 0.3716774 | Accuracy: 0.8800000
[2026-01-19 05:12:35,640] [INFO] - [ 2300/ 2270] | Cost: 0.3841636 | Accuracy: 0.8714286
