[2026-01-19 01:55:03,247] [INFO] - seed: 0
image_preprocessing: HomomorphicFilter
training:
  epochs: 1
  batch_size: 100
  image_width: 16
  lr: 0.05
model:
  num_layers: 3
dataset:
  num_classes: 2
  binary: true
  name: cxr8
  image_width_sweep: 2,4,8,16,32
  orig_width: 1024
embedding:
  name: NEQR
  pca: false
  supports_color: true

[2026-01-19 01:55:03,249] [INFO] - Using cuda.
[2026-01-19 01:55:03,544] [INFO] - Dataset: cxr8 | Train Size: 2270 | Validation Size: 650 | Test Size: 324
[2026-01-19 01:55:03,547] [INFO] - Initiate model
[2026-01-19 01:55:03,549] [INFO] - Weights Shape: torch.Size([3, 16, 3])
[2026-01-19 01:55:03,550] [INFO] - Bias Shape: torch.Size([2])
[2026-01-19 02:06:21,553] [INFO] - [  100/ 2270] | Cost: 0.6934240 | Accuracy: 0.5000000
[2026-01-19 02:17:44,415] [INFO] - [  200/ 2270] | Cost: 0.6607451 | Accuracy: 0.8400000
[2026-01-19 02:28:24,926] [INFO] - [  300/ 2270] | Cost: 0.6282114 | Accuracy: 0.8500000
[2026-01-19 02:39:25,856] [INFO] - [  400/ 2270] | Cost: 0.6084912 | Accuracy: 0.8200000
[2026-01-19 02:50:02,245] [INFO] - [  500/ 2270] | Cost: 0.5534587 | Accuracy: 0.9000000
[2026-01-19 03:01:28,337] [INFO] - [  600/ 2270] | Cost: 0.5297434 | Accuracy: 0.8900000
[2026-01-19 03:12:48,351] [INFO] - [  700/ 2270] | Cost: 0.5404497 | Accuracy: 0.8300000
[2026-01-19 03:24:18,651] [INFO] - [  800/ 2270] | Cost: 0.5166253 | Accuracy: 0.8400000
[2026-01-19 03:35:09,816] [INFO] - [  900/ 2270] | Cost: 0.4860212 | Accuracy: 0.8600000
[2026-01-19 03:46:12,318] [INFO] - [ 1000/ 2270] | Cost: 0.4970288 | Accuracy: 0.8300000
[2026-01-19 03:57:10,316] [INFO] - [ 1100/ 2270] | Cost: 0.4482334 | Accuracy: 0.8700000
[2026-01-19 04:08:26,355] [INFO] - [ 1200/ 2270] | Cost: 0.4786921 | Accuracy: 0.8300000
[2026-01-19 04:19:49,739] [INFO] - [ 1300/ 2270] | Cost: 0.4494485 | Accuracy: 0.8500000
[2026-01-19 04:30:57,944] [INFO] - [ 1400/ 2270] | Cost: 0.5393398 | Accuracy: 0.7700000
[2026-01-19 04:41:53,240] [INFO] - [ 1500/ 2270] | Cost: 0.4501543 | Accuracy: 0.8400000
[2026-01-19 04:53:14,250] [INFO] - [ 1600/ 2270] | Cost: 0.4598696 | Accuracy: 0.8300000
[2026-01-19 05:04:11,829] [INFO] - [ 1700/ 2270] | Cost: 0.2882773 | Accuracy: 0.9500000
[2026-01-19 05:15:42,839] [INFO] - [ 1800/ 2270] | Cost: 0.2935656 | Accuracy: 0.9400000
[2026-01-19 05:26:50,816] [INFO] - [ 1900/ 2270] | Cost: 0.4093899 | Accuracy: 0.8600000
[2026-01-19 05:38:10,832] [INFO] - [ 2000/ 2270] | Cost: 0.4560119 | Accuracy: 0.8300000
[2026-01-19 05:49:16,015] [INFO] - [ 2100/ 2270] | Cost: 0.4726933 | Accuracy: 0.8200000
[2026-01-19 06:00:26,448] [INFO] - [ 2200/ 2270] | Cost: 0.3712033 | Accuracy: 0.8800000
[2026-01-19 06:08:07,950] [INFO] - [ 2300/ 2270] | Cost: 0.3846768 | Accuracy: 0.8714286
