[2026-01-17 17:36:45,768] [INFO] - seed: 0
image_preprocessing: ContrastScaling
training:
  epochs: 1
  batch_size: 100
  image_width: 32
  lr: 0.05
model:
  num_layers: 3
dataset:
  num_classes: 2
  binary: true
  name: eurosat_rgb
  image_width_sweep: '64'
  orig_width: 64
embedding:
  name: ZZFeatureMap
  pca: true
  supports_color: true

[2026-01-17 17:36:45,770] [INFO] - Using cuda.
[2026-01-17 17:36:45,806] [INFO] - Dataset: eurosat_rgb | Train Size: 4200 | Validation Size: 1200 | Test Size: 600
[2026-01-17 17:36:45,808] [INFO] - Applying PCA Loader to the dataset
[2026-01-17 17:36:49,255] [INFO] - Initiate model
[2026-01-17 17:36:49,257] [INFO] - Weights Shape: torch.Size([3, 6, 3])
[2026-01-17 17:36:49,258] [INFO] - Bias Shape: torch.Size([2])
[2026-01-17 17:37:29,976] [INFO] - [  100/ 4200] | Cost: 0.8019676 | Accuracy: 0.4300000
[2026-01-17 17:38:19,311] [INFO] - [  200/ 4200] | Cost: 0.7448238 | Accuracy: 0.3600000
[2026-01-17 17:39:12,807] [INFO] - [  300/ 4200] | Cost: 0.7228774 | Accuracy: 0.0900000
[2026-01-17 17:40:06,263] [INFO] - [  400/ 4200] | Cost: 0.7140996 | Accuracy: 0.4900000
[2026-01-17 17:40:59,699] [INFO] - [  500/ 4200] | Cost: 0.6737763 | Accuracy: 0.5800000
[2026-01-17 17:41:53,187] [INFO] - [  600/ 4200] | Cost: 0.6715752 | Accuracy: 0.5500000
[2026-01-17 17:42:46,527] [INFO] - [  700/ 4200] | Cost: 0.6713022 | Accuracy: 0.5100000
[2026-01-17 17:43:40,045] [INFO] - [  800/ 4200] | Cost: 0.6796420 | Accuracy: 0.4200000
[2026-01-17 17:44:33,522] [INFO] - [  900/ 4200] | Cost: 0.6373413 | Accuracy: 0.5500000
[2026-01-17 17:45:27,077] [INFO] - [ 1000/ 4200] | Cost: 0.6316983 | Accuracy: 0.6000000
[2026-01-17 17:46:20,449] [INFO] - [ 1100/ 4200] | Cost: 0.6126812 | Accuracy: 0.7700000
[2026-01-17 17:47:13,985] [INFO] - [ 1200/ 4200] | Cost: 0.5896928 | Accuracy: 0.8900000
[2026-01-17 17:48:07,482] [INFO] - [ 1300/ 4200] | Cost: 0.5644193 | Accuracy: 0.9300000
[2026-01-17 17:49:01,003] [INFO] - [ 1400/ 4200] | Cost: 0.5652469 | Accuracy: 0.9500000
[2026-01-17 17:49:54,511] [INFO] - [ 1500/ 4200] | Cost: 0.5444210 | Accuracy: 0.9500000
[2026-01-17 17:50:48,052] [INFO] - [ 1600/ 4200] | Cost: 0.5247831 | Accuracy: 0.9600000
[2026-01-17 17:51:41,401] [INFO] - [ 1700/ 4200] | Cost: 0.5003514 | Accuracy: 0.9700000
[2026-01-17 17:52:34,928] [INFO] - [ 1800/ 4200] | Cost: 0.5188880 | Accuracy: 0.9800000
[2026-01-17 17:53:28,445] [INFO] - [ 1900/ 4200] | Cost: 0.4757713 | Accuracy: 0.9700000
[2026-01-17 17:54:21,959] [INFO] - [ 2000/ 4200] | Cost: 0.4903249 | Accuracy: 0.9200000
[2026-01-17 17:55:15,449] [INFO] - [ 2100/ 4200] | Cost: 0.4749991 | Accuracy: 0.9200000
[2026-01-17 17:56:08,978] [INFO] - [ 2200/ 4200] | Cost: 0.4731199 | Accuracy: 0.8700000
[2026-01-17 17:57:02,336] [INFO] - [ 2300/ 4200] | Cost: 0.4399740 | Accuracy: 0.9100000
[2026-01-17 17:57:55,897] [INFO] - [ 2400/ 4200] | Cost: 0.4297233 | Accuracy: 0.9000000
[2026-01-17 17:58:49,451] [INFO] - [ 2500/ 4200] | Cost: 0.4702362 | Accuracy: 0.8300000
[2026-01-17 17:59:42,966] [INFO] - [ 2600/ 4200] | Cost: 0.4283764 | Accuracy: 0.9100000
[2026-01-17 18:00:36,492] [INFO] - [ 2700/ 4200] | Cost: 0.4531643 | Accuracy: 0.8700000
[2026-01-17 18:01:30,034] [INFO] - [ 2800/ 4200] | Cost: 0.4412553 | Accuracy: 0.8600000
[2026-01-17 18:02:23,357] [INFO] - [ 2900/ 4200] | Cost: 0.3957170 | Accuracy: 0.9300000
[2026-01-17 18:03:16,886] [INFO] - [ 3000/ 4200] | Cost: 0.4059648 | Accuracy: 0.9200000
[2026-01-17 18:04:10,393] [INFO] - [ 3100/ 4200] | Cost: 0.4148824 | Accuracy: 0.8700000
[2026-01-17 18:05:03,895] [INFO] - [ 3200/ 4200] | Cost: 0.4011636 | Accuracy: 0.9200000
[2026-01-17 18:05:57,402] [INFO] - [ 3300/ 4200] | Cost: 0.3916498 | Accuracy: 0.9500000
[2026-01-17 18:06:50,934] [INFO] - [ 3400/ 4200] | Cost: 0.4171700 | Accuracy: 0.9400000
[2026-01-17 18:07:44,224] [INFO] - [ 3500/ 4200] | Cost: 0.3888744 | Accuracy: 0.9700000
[2026-01-17 18:08:37,737] [INFO] - [ 3600/ 4200] | Cost: 0.3754511 | Accuracy: 0.9600000
[2026-01-17 18:09:30,909] [INFO] - [ 3700/ 4200] | Cost: 0.3863972 | Accuracy: 0.9000000
[2026-01-17 18:10:17,096] [INFO] - [ 3800/ 4200] | Cost: 0.4104462 | Accuracy: 0.9500000
[2026-01-17 18:11:10,527] [INFO] - [ 3900/ 4200] | Cost: 0.3949638 | Accuracy: 0.9700000
[2026-01-17 18:12:03,999] [INFO] - [ 4000/ 4200] | Cost: 0.3591325 | Accuracy: 0.9800000
[2026-01-17 18:12:57,230] [INFO] - [ 4100/ 4200] | Cost: 0.4021918 | Accuracy: 0.9300000
[2026-01-17 18:13:50,649] [INFO] - [ 4200/ 4200] | Cost: 0.3963746 | Accuracy: 0.9300000
[2026-01-17 18:14:10,888] [INFO] - Model dict saved to /workspace/persistent/embedding_colosseum/multirun/2026-01-17/16-03-43/42/saved_models/model_epoch-0.pt
[2026-01-17 18:14:10,889] [INFO] - Validation for epoch   0 | Cost: 0.4870505 | Accuracy: 0.9700000
