[2026-01-18 18:28:03,453] [INFO] - seed: 0
image_preprocessing: ContrastScaling
training:
  epochs: 1
  batch_size: 100
  image_width: 32
  lr: 0.05
model:
  num_layers: 3
dataset:
  num_classes: 2
  binary: true
  name: cifar10
  image_width_sweep: '32'
  orig_width: 32
embedding:
  name: NAQSS
  pca: false
  supports_color: false

[2026-01-18 18:28:03,457] [INFO] - Using cuda.
[2026-01-18 18:28:04,901] [INFO] - Dataset: cifar10 | Train Size: 8400 | Validation Size: 2400 | Test Size: 1200
[2026-01-18 18:28:04,904] [INFO] - Initiate model
[2026-01-18 18:28:05,155] [INFO] - Weights Shape: torch.Size([3, 19, 3])
[2026-01-18 18:28:05,156] [INFO] - Bias Shape: torch.Size([2])
[2026-01-18 18:36:59,387] [INFO] - [  100/ 8400] | Cost: 0.6928782 | Accuracy: 0.6500000
[2026-01-18 18:45:37,222] [INFO] - [  200/ 8400] | Cost: 0.6853279 | Accuracy: 0.5900000
[2026-01-18 18:54:16,378] [INFO] - [  300/ 8400] | Cost: 0.6861300 | Accuracy: 0.5600000
[2026-01-18 19:03:04,295] [INFO] - [  400/ 8400] | Cost: 0.6943507 | Accuracy: 0.5300000
[2026-01-18 19:11:47,461] [INFO] - [  500/ 8400] | Cost: 0.7027490 | Accuracy: 0.5100000
[2026-01-18 19:20:34,028] [INFO] - [  600/ 8400] | Cost: 0.7020020 | Accuracy: 0.5100000
[2026-01-18 19:29:13,200] [INFO] - [  700/ 8400] | Cost: 0.7139247 | Accuracy: 0.4600000
[2026-01-18 19:37:31,864] [INFO] - [  800/ 8400] | Cost: 0.7196572 | Accuracy: 0.4100000
[2026-01-18 19:45:57,963] [INFO] - [  900/ 8400] | Cost: 0.7007583 | Accuracy: 0.4700000
[2026-01-18 19:54:21,272] [INFO] - [ 1000/ 8400] | Cost: 0.6952651 | Accuracy: 0.4800000
[2026-01-18 20:02:55,525] [INFO] - [ 1100/ 8400] | Cost: 0.6930476 | Accuracy: 0.5000000
[2026-01-18 20:11:27,466] [INFO] - [ 1200/ 8400] | Cost: 0.6949596 | Accuracy: 0.4600000
[2026-01-18 20:19:50,037] [INFO] - [ 1300/ 8400] | Cost: 0.6888161 | Accuracy: 0.5500000
[2026-01-18 20:28:10,169] [INFO] - [ 1400/ 8400] | Cost: 0.6995975 | Accuracy: 0.4700000
[2026-01-18 20:36:44,345] [INFO] - [ 1500/ 8400] | Cost: 0.6965408 | Accuracy: 0.5000000
[2026-01-18 20:45:29,602] [INFO] - [ 1600/ 8400] | Cost: 0.6952212 | Accuracy: 0.5100000
[2026-01-18 20:53:20,741] [INFO] - [ 1700/ 8400] | Cost: 0.6849478 | Accuracy: 0.5600000
[2026-01-18 21:01:07,730] [INFO] - [ 1800/ 8400] | Cost: 0.7034381 | Accuracy: 0.4700000
[2026-01-18 21:09:15,308] [INFO] - [ 1900/ 8400] | Cost: 0.6823474 | Accuracy: 0.5700000
[2026-01-18 21:17:23,804] [INFO] - [ 2000/ 8400] | Cost: 0.7070964 | Accuracy: 0.4500000
[2026-01-18 21:25:26,378] [INFO] - [ 2100/ 8400] | Cost: 0.6974151 | Accuracy: 0.4900000
[2026-01-18 21:33:18,792] [INFO] - [ 2200/ 8400] | Cost: 0.7005357 | Accuracy: 0.4600000
[2026-01-18 21:41:12,682] [INFO] - [ 2300/ 8400] | Cost: 0.7053474 | Accuracy: 0.4100000
[2026-01-18 21:49:14,867] [INFO] - [ 2400/ 8400] | Cost: 0.6925389 | Accuracy: 0.5100000
[2026-01-18 21:57:09,970] [INFO] - [ 2500/ 8400] | Cost: 0.6897924 | Accuracy: 0.5300000
[2026-01-18 22:04:14,477] [INFO] - [ 2600/ 8400] | Cost: 0.6899346 | Accuracy: 0.5900000
[2026-01-18 22:11:25,646] [INFO] - [ 2700/ 8400] | Cost: 0.6894763 | Accuracy: 0.5300000
[2026-01-18 22:18:25,114] [INFO] - [ 2800/ 8400] | Cost: 0.6880013 | Accuracy: 0.5200000
[2026-01-18 22:25:21,639] [INFO] - [ 2900/ 8400] | Cost: 0.6981903 | Accuracy: 0.4300000
[2026-01-18 22:32:23,242] [INFO] - [ 3000/ 8400] | Cost: 0.6882382 | Accuracy: 0.5200000
[2026-01-18 22:39:36,753] [INFO] - [ 3100/ 8400] | Cost: 0.7009079 | Accuracy: 0.4400000
[2026-01-18 22:46:47,491] [INFO] - [ 3200/ 8400] | Cost: 0.6932294 | Accuracy: 0.4400000
[2026-01-18 22:53:48,841] [INFO] - [ 3300/ 8400] | Cost: 0.6900272 | Accuracy: 0.4700000
[2026-01-18 23:02:14,775] [INFO] - [ 3400/ 8400] | Cost: 0.6825177 | Accuracy: 0.5400000
[2026-01-18 23:38:11,737] [INFO] - [ 3500/ 8400] | Cost: 0.6868873 | Accuracy: 0.5000000
[2026-01-19 00:39:15,655] [INFO] - [ 3600/ 8400] | Cost: 0.6806577 | Accuracy: 0.5400000
[2026-01-19 01:39:56,334] [INFO] - [ 3700/ 8400] | Cost: 0.6834944 | Accuracy: 0.5600000
[2026-01-19 02:41:10,847] [INFO] - [ 3800/ 8400] | Cost: 0.6805246 | Accuracy: 0.6500000
[2026-01-19 03:42:19,147] [INFO] - [ 3900/ 8400] | Cost: 0.6846067 | Accuracy: 0.5700000
[2026-01-19 04:43:15,817] [INFO] - [ 4000/ 8400] | Cost: 0.6828618 | Accuracy: 0.5800000
[2026-01-19 05:43:35,536] [INFO] - [ 4100/ 8400] | Cost: 0.6942040 | Accuracy: 0.5800000
[2026-01-19 06:45:00,240] [INFO] - [ 4200/ 8400] | Cost: 0.6824959 | Accuracy: 0.6200000
[2026-01-19 07:43:28,557] [INFO] - [ 4300/ 8400] | Cost: 0.6768488 | Accuracy: 0.7800000
[2026-01-19 08:38:46,622] [INFO] - [ 4400/ 8400] | Cost: 0.6784907 | Accuracy: 0.7400000
