[2026-01-18 04:45:45,443] [INFO] - seed: 1
image_preprocessing: None
training:
  epochs: 1
  batch_size: 100
  image_width: 32
  lr: 0.05
model:
  num_layers: 3
dataset:
  num_classes: 2
  binary: true
  name: stl10
  image_width_sweep: 2,4,8,16,32,64
  orig_width: 96
embedding:
  name: ZZFeatureMap
  pca: true
  supports_color: true

[2026-01-18 04:45:45,449] [INFO] - Using cuda.
[2026-01-18 04:46:08,397] [INFO] - Dataset: stl10 | Train Size: 1819 | Validation Size: 521 | Test Size: 260
[2026-01-18 04:46:08,402] [INFO] - Applying PCA Loader to the dataset
[2026-01-18 04:46:10,550] [INFO] - Initiate model
[2026-01-18 04:46:10,618] [INFO] - Weights Shape: torch.Size([3, 6, 3])
[2026-01-18 04:46:10,620] [INFO] - Bias Shape: torch.Size([2])
[2026-01-18 04:46:46,067] [INFO] - [  100/ 1819] | Cost: 0.7626986 | Accuracy: 0.3900000
[2026-01-18 04:47:21,252] [INFO] - [  200/ 1819] | Cost: 0.7148964 | Accuracy: 0.4600000
[2026-01-18 04:47:56,513] [INFO] - [  300/ 1819] | Cost: 0.6949866 | Accuracy: 0.5500000
[2026-01-18 04:48:31,716] [INFO] - [  400/ 1819] | Cost: 0.6986706 | Accuracy: 0.5000000
[2026-01-18 04:49:06,961] [INFO] - [  500/ 1819] | Cost: 0.6472532 | Accuracy: 0.6500000
[2026-01-18 04:49:42,172] [INFO] - [  600/ 1819] | Cost: 0.7002295 | Accuracy: 0.4900000
[2026-01-18 04:50:17,392] [INFO] - [  700/ 1819] | Cost: 0.6382890 | Accuracy: 0.5900000
[2026-01-18 04:50:52,355] [INFO] - [  800/ 1819] | Cost: 0.6883680 | Accuracy: 0.4800000
[2026-01-18 04:51:27,506] [INFO] - [  900/ 1819] | Cost: 0.6608412 | Accuracy: 0.6000000
[2026-01-18 04:52:02,625] [INFO] - [ 1000/ 1819] | Cost: 0.6380602 | Accuracy: 0.6900000
[2026-01-18 04:52:37,795] [INFO] - [ 1100/ 1819] | Cost: 0.6686218 | Accuracy: 0.6000000
[2026-01-18 04:53:12,961] [INFO] - [ 1200/ 1819] | Cost: 0.6121262 | Accuracy: 0.7800000
[2026-01-18 04:53:47,897] [INFO] - [ 1300/ 1819] | Cost: 0.6159246 | Accuracy: 0.7000000
[2026-01-18 04:54:23,007] [INFO] - [ 1400/ 1819] | Cost: 0.6651422 | Accuracy: 0.6700000
[2026-01-18 04:54:58,155] [INFO] - [ 1500/ 1819] | Cost: 0.6650123 | Accuracy: 0.6200000
[2026-01-18 04:55:33,284] [INFO] - [ 1600/ 1819] | Cost: 0.6192968 | Accuracy: 0.7200000
[2026-01-18 04:56:08,442] [INFO] - [ 1700/ 1819] | Cost: 0.6335562 | Accuracy: 0.7100000
[2026-01-18 04:56:43,566] [INFO] - [ 1800/ 1819] | Cost: 0.6320478 | Accuracy: 0.6900000
[2026-01-18 04:56:50,090] [INFO] - [ 1900/ 1819] | Cost: 0.6138655 | Accuracy: 0.6842105
[2026-01-18 04:56:57,820] [INFO] - Model dict saved to /workspace/persistent/embedding_colosseum/multirun/2026-01-18/02-06-25/90/saved_models/model_epoch-0.pt
[2026-01-18 04:56:57,821] [INFO] - Validation for epoch   0 | Cost: 0.6268072 | Accuracy: 0.7086508
