[2026-01-18 05:18:35,853] [INFO] - seed: 1
image_preprocessing: BilateralFilter
training:
  epochs: 1
  batch_size: 100
  image_width: 32
  lr: 0.05
model:
  num_layers: 3
dataset:
  num_classes: 2
  binary: true
  name: stl10
  image_width_sweep: 2,4,8,16,32,64
  orig_width: 96
embedding:
  name: RMP
  pca: true
  supports_color: true

[2026-01-18 05:18:35,855] [INFO] - Using cuda.
[2026-01-18 05:18:46,869] [INFO] - Dataset: stl10 | Train Size: 1819 | Validation Size: 521 | Test Size: 260
[2026-01-18 05:18:46,872] [INFO] - Applying PCA Loader to the dataset
[2026-01-18 05:18:51,607] [INFO] - Initiate model
[2026-01-18 05:18:51,609] [INFO] - Weights Shape: torch.Size([3, 6, 3])
[2026-01-18 05:18:51,610] [INFO] - Bias Shape: torch.Size([2])
[2026-01-18 05:19:19,509] [INFO] - [  100/ 1819] | Cost: 0.7031152 | Accuracy: 0.4800000
[2026-01-18 05:19:40,086] [INFO] - [  200/ 1819] | Cost: 0.6905487 | Accuracy: 0.5300000
[2026-01-18 05:20:01,172] [INFO] - [  300/ 1819] | Cost: 0.6848578 | Accuracy: 0.5500000
[2026-01-18 05:20:21,287] [INFO] - [  400/ 1819] | Cost: 0.6968166 | Accuracy: 0.5100000
[2026-01-18 05:20:38,745] [INFO] - [  500/ 1819] | Cost: 0.6656612 | Accuracy: 0.6100000
