[2026-01-16 16:07:34,207] [INFO] - seed: 0
image_preprocessing: MedianBlur
training:
  epochs: 1
  batch_size: 100
  image_width: 16
  lr: 0.05
model:
  num_layers: 3
dataset:
  num_classes: 2
  binary: true
  name: eurosat_rgb
  image_width_sweep: '64'
  orig_width: 64
embedding:
  name: FRQI
  pca: false
  supports_color: false

[2026-01-16 16:07:34,211] [INFO] - Using cuda.
[2026-01-16 16:07:34,253] [INFO] - Dataset: eurosat_rgb | Train Size: 4200 | Validation Size: 1200 | Test Size: 600
[2026-01-16 16:07:34,255] [INFO] - Initiate model
[2026-01-16 16:07:34,444] [INFO] - Weights Shape: torch.Size([3, 9, 3])
[2026-01-16 16:07:34,446] [INFO] - Bias Shape: torch.Size([2])
[2026-01-16 16:08:24,544] [INFO] - [  100/ 4200] | Cost: 0.6839373 | Accuracy: 0.5600000
[2026-01-16 16:09:14,855] [INFO] - [  200/ 4200] | Cost: 0.6714516 | Accuracy: 0.5700000
[2026-01-16 16:10:12,279] [INFO] - [  300/ 4200] | Cost: 0.7019759 | Accuracy: 0.4500000
[2026-01-16 16:11:02,691] [INFO] - [  400/ 4200] | Cost: 0.6835964 | Accuracy: 0.4700000
[2026-01-16 16:11:59,115] [INFO] - [  500/ 4200] | Cost: 0.6727526 | Accuracy: 0.4900000
[2026-01-16 16:13:03,129] [INFO] - [  600/ 4200] | Cost: 0.6564928 | Accuracy: 0.8600000
[2026-01-16 16:13:55,990] [INFO] - [  700/ 4200] | Cost: 0.6561336 | Accuracy: 0.9000000
[2026-01-16 16:14:48,259] [INFO] - [  800/ 4200] | Cost: 0.6461385 | Accuracy: 0.8000000
[2026-01-16 16:15:51,665] [INFO] - [  900/ 4200] | Cost: 0.6426912 | Accuracy: 0.7100000
[2026-01-16 16:16:53,049] [INFO] - [ 1000/ 4200] | Cost: 0.6302390 | Accuracy: 0.6800000
[2026-01-16 16:17:53,051] [INFO] - [ 1100/ 4200] | Cost: 0.6303441 | Accuracy: 0.6100000
[2026-01-16 16:18:51,550] [INFO] - [ 1200/ 4200] | Cost: 0.6226971 | Accuracy: 0.6400000
[2026-01-16 16:19:33,076] [INFO] - [ 1300/ 4200] | Cost: 0.6043864 | Accuracy: 0.7200000
[2026-01-16 16:20:26,069] [INFO] - [ 1400/ 4200] | Cost: 0.5664095 | Accuracy: 0.8400000
[2026-01-16 16:21:26,125] [INFO] - [ 1500/ 4200] | Cost: 0.5589908 | Accuracy: 0.8600000
[2026-01-16 16:22:16,176] [INFO] - [ 1600/ 4200] | Cost: 0.5456881 | Accuracy: 0.9200000
[2026-01-16 16:23:12,395] [INFO] - [ 1700/ 4200] | Cost: 0.5411443 | Accuracy: 0.9000000
[2026-01-16 16:24:07,818] [INFO] - [ 1800/ 4200] | Cost: 0.5113586 | Accuracy: 0.9300000
[2026-01-16 16:25:02,152] [INFO] - [ 1900/ 4200] | Cost: 0.5029995 | Accuracy: 0.9200000
[2026-01-16 16:25:53,817] [INFO] - [ 2000/ 4200] | Cost: 0.4804238 | Accuracy: 0.9500000
[2026-01-16 16:26:44,965] [INFO] - [ 2100/ 4200] | Cost: 0.4686797 | Accuracy: 0.9800000
[2026-01-16 16:27:52,294] [INFO] - [ 2200/ 4200] | Cost: 0.4747928 | Accuracy: 0.9500000
[2026-01-16 16:28:49,685] [INFO] - [ 2300/ 4200] | Cost: 0.4738144 | Accuracy: 0.9300000
[2026-01-16 16:29:35,981] [INFO] - [ 2400/ 4200] | Cost: 0.4253551 | Accuracy: 0.9700000
[2026-01-16 16:30:27,622] [INFO] - [ 2500/ 4200] | Cost: 0.4270295 | Accuracy: 0.9500000
[2026-01-16 16:31:17,654] [INFO] - [ 2600/ 4200] | Cost: 0.4523780 | Accuracy: 0.9800000
[2026-01-16 16:32:03,341] [INFO] - [ 2700/ 4200] | Cost: 0.4295162 | Accuracy: 0.9700000
[2026-01-16 16:32:51,395] [INFO] - [ 2800/ 4200] | Cost: 0.4159964 | Accuracy: 0.9500000
[2026-01-16 16:33:46,500] [INFO] - [ 2900/ 4200] | Cost: 0.4346153 | Accuracy: 0.9500000
[2026-01-16 16:34:38,309] [INFO] - [ 3000/ 4200] | Cost: 0.4116377 | Accuracy: 0.9900000
[2026-01-16 16:35:30,217] [INFO] - [ 3100/ 4200] | Cost: 0.4400938 | Accuracy: 0.9700000
[2026-01-16 16:36:21,384] [INFO] - [ 3200/ 4200] | Cost: 0.4328025 | Accuracy: 0.9900000
[2026-01-16 16:37:13,462] [INFO] - [ 3300/ 4200] | Cost: 0.4134600 | Accuracy: 0.9600000
[2026-01-16 16:38:02,159] [INFO] - [ 3400/ 4200] | Cost: 0.4331078 | Accuracy: 0.9100000
[2026-01-16 16:38:59,039] [INFO] - [ 3500/ 4200] | Cost: 0.4291897 | Accuracy: 0.9400000
[2026-01-16 16:39:55,831] [INFO] - [ 3600/ 4200] | Cost: 0.4150976 | Accuracy: 0.9400000
[2026-01-16 16:40:38,302] [INFO] - [ 3700/ 4200] | Cost: 0.4046841 | Accuracy: 0.9500000
[2026-01-16 16:41:28,350] [INFO] - [ 3800/ 4200] | Cost: 0.4425432 | Accuracy: 0.8800000
[2026-01-16 16:42:13,384] [INFO] - [ 3900/ 4200] | Cost: 0.4312727 | Accuracy: 0.8900000
[2026-01-16 16:43:00,507] [INFO] - [ 4000/ 4200] | Cost: 0.3966044 | Accuracy: 0.9500000
[2026-01-16 16:43:37,134] [INFO] - [ 4100/ 4200] | Cost: 0.4064311 | Accuracy: 0.9700000
[2026-01-16 16:44:33,225] [INFO] - [ 4200/ 4200] | Cost: 0.4333859 | Accuracy: 0.9300000
[2026-01-16 16:48:01,472] [INFO] - Model dict saved to /workspace/persistent/embedding_colosseum/multirun/2026-01-15/22-04-31/120/saved_models/model_epoch-0.pt
[2026-01-16 16:48:01,473] [INFO] - Validation for epoch   0 | Cost: 0.4078833 | Accuracy: 0.9300000
