[2026-01-19 00:43:18,252] [INFO] - seed: 0
image_preprocessing: BilateralFilter
training:
  epochs: 1
  batch_size: 100
  image_width: 4
  lr: 0.05
model:
  num_layers: 3
dataset:
  num_classes: 2
  binary: true
  name: cxr8
  image_width_sweep: 2,4,8,16,32
  orig_width: 1024
embedding:
  name: OQIM
  pca: false
  supports_color: true

[2026-01-19 00:43:18,318] [INFO] - Using cuda.
[2026-01-19 00:43:18,646] [INFO] - Dataset: cxr8 | Train Size: 2270 | Validation Size: 650 | Test Size: 324
[2026-01-19 00:43:18,649] [INFO] - Initiate model
[2026-01-19 00:43:18,652] [INFO] - Weights Shape: torch.Size([3, 6, 3])
[2026-01-19 00:43:18,653] [INFO] - Bias Shape: torch.Size([2])
[2026-01-19 00:47:13,851] [INFO] - [  100/ 2270] | Cost: 0.6697977 | Accuracy: 0.8100000
[2026-01-19 00:50:50,743] [INFO] - [  200/ 2270] | Cost: 0.6009695 | Accuracy: 0.8400000
[2026-01-19 00:53:55,431] [INFO] - [  300/ 2270] | Cost: 0.5462136 | Accuracy: 0.8500000
[2026-01-19 00:57:41,045] [INFO] - [  400/ 2270] | Cost: 0.5241436 | Accuracy: 0.8200000
[2026-01-19 01:01:30,946] [INFO] - [  500/ 2270] | Cost: 0.4303539 | Accuracy: 0.9000000
[2026-01-19 01:05:17,833] [INFO] - [  600/ 2270] | Cost: 0.4065887 | Accuracy: 0.8900000
[2026-01-19 01:09:15,842] [INFO] - [  700/ 2270] | Cost: 0.4609541 | Accuracy: 0.8300000
[2026-01-19 01:13:08,939] [INFO] - [  800/ 2270] | Cost: 0.4404332 | Accuracy: 0.8400000
[2026-01-19 01:16:20,836] [INFO] - [  900/ 2270] | Cost: 0.4092049 | Accuracy: 0.8600000
[2026-01-19 01:19:58,840] [INFO] - [ 1000/ 2270] | Cost: 0.4551215 | Accuracy: 0.8300000
[2026-01-19 01:24:00,146] [INFO] - [ 1100/ 2270] | Cost: 0.3842354 | Accuracy: 0.8700000
[2026-01-19 01:27:50,849] [INFO] - [ 1200/ 2270] | Cost: 0.4642857 | Accuracy: 0.8300000
[2026-01-19 01:31:15,433] [INFO] - [ 1300/ 2270] | Cost: 0.4236415 | Accuracy: 0.8500000
[2026-01-19 01:34:49,116] [INFO] - [ 1400/ 2270] | Cost: 0.5909945 | Accuracy: 0.7700000
[2026-01-19 01:38:27,431] [INFO] - [ 1500/ 2270] | Cost: 0.4480639 | Accuracy: 0.8400000
[2026-01-19 01:42:12,815] [INFO] - [ 1600/ 2270] | Cost: 0.4705457 | Accuracy: 0.8300000
[2026-01-19 01:46:04,139] [INFO] - [ 1700/ 2270] | Cost: 0.2221893 | Accuracy: 0.9500000
[2026-01-19 01:49:59,531] [INFO] - [ 1800/ 2270] | Cost: 0.2443873 | Accuracy: 0.9400000
[2026-01-19 01:53:32,816] [INFO] - [ 1900/ 2270] | Cost: 0.4037656 | Accuracy: 0.8600000
[2026-01-19 01:56:51,141] [INFO] - [ 2000/ 2270] | Cost: 0.4623113 | Accuracy: 0.8300000
[2026-01-19 02:00:19,319] [INFO] - [ 2100/ 2270] | Cost: 0.4838802 | Accuracy: 0.8200000
[2026-01-19 02:04:17,656] [INFO] - [ 2200/ 2270] | Cost: 0.3660002 | Accuracy: 0.8800000
[2026-01-19 02:07:02,716] [INFO] - [ 2300/ 2270] | Cost: 0.3826765 | Accuracy: 0.8714286
