[2026-01-17 18:14:14,240] [INFO] - seed: 0
image_preprocessing: None
training:
  epochs: 1
  batch_size: 100
  image_width: 32
  lr: 0.05
model:
  num_layers: 3
dataset:
  num_classes: 2
  binary: true
  name: cifar10
  image_width_sweep: '32'
  orig_width: 32
embedding:
  name: AngleEncoding
  pca: true
  supports_color: true

[2026-01-17 18:14:14,243] [INFO] - Using cuda.
[2026-01-17 18:14:15,727] [INFO] - Dataset: cifar10 | Train Size: 8400 | Validation Size: 2400 | Test Size: 1200
[2026-01-17 18:14:15,731] [INFO] - Applying PCA Loader to the dataset
[2026-01-17 18:14:18,128] [INFO] - Initiate model
[2026-01-17 18:14:18,201] [INFO] - Weights Shape: torch.Size([3, 6, 3])
[2026-01-17 18:14:18,202] [INFO] - Bias Shape: torch.Size([2])
[2026-01-17 18:15:06,658] [INFO] - [  100/ 8400] | Cost: 0.7016762 | Accuracy: 0.4100000
[2026-01-17 18:15:55,749] [INFO] - [  200/ 8400] | Cost: 0.6783670 | Accuracy: 0.5800000
[2026-01-17 18:16:49,210] [INFO] - [  300/ 8400] | Cost: 0.6870995 | Accuracy: 0.5300000
[2026-01-17 18:17:42,583] [INFO] - [  400/ 8400] | Cost: 0.6965860 | Accuracy: 0.4900000
[2026-01-17 18:18:36,018] [INFO] - [  500/ 8400] | Cost: 0.6899142 | Accuracy: 0.4600000
[2026-01-17 18:19:29,398] [INFO] - [  600/ 8400] | Cost: 0.6624310 | Accuracy: 0.6400000
[2026-01-17 18:20:22,584] [INFO] - [  700/ 8400] | Cost: 0.6677049 | Accuracy: 0.6200000
[2026-01-17 18:21:15,956] [INFO] - [  800/ 8400] | Cost: 0.6738576 | Accuracy: 0.6000000
[2026-01-17 18:22:09,317] [INFO] - [  900/ 8400] | Cost: 0.6563392 | Accuracy: 0.7300000
[2026-01-17 18:23:02,750] [INFO] - [ 1000/ 8400] | Cost: 0.6408798 | Accuracy: 0.8100000
[2026-01-17 18:23:55,936] [INFO] - [ 1100/ 8400] | Cost: 0.6520108 | Accuracy: 0.6800000
[2026-01-17 18:24:49,299] [INFO] - [ 1200/ 8400] | Cost: 0.6346097 | Accuracy: 0.7300000
[2026-01-17 18:25:42,732] [INFO] - [ 1300/ 8400] | Cost: 0.6633132 | Accuracy: 0.6400000
[2026-01-17 18:26:36,157] [INFO] - [ 1400/ 8400] | Cost: 0.6333120 | Accuracy: 0.7000000
[2026-01-17 18:27:29,351] [INFO] - [ 1500/ 8400] | Cost: 0.6288736 | Accuracy: 0.7100000
[2026-01-17 18:28:22,683] [INFO] - [ 1600/ 8400] | Cost: 0.6443009 | Accuracy: 0.6600000
[2026-01-17 18:29:16,068] [INFO] - [ 1700/ 8400] | Cost: 0.6330906 | Accuracy: 0.7400000
[2026-01-17 18:30:09,515] [INFO] - [ 1800/ 8400] | Cost: 0.6454718 | Accuracy: 0.6900000
[2026-01-17 18:31:02,727] [INFO] - [ 1900/ 8400] | Cost: 0.6323000 | Accuracy: 0.7200000
[2026-01-17 18:31:56,106] [INFO] - [ 2000/ 8400] | Cost: 0.6496702 | Accuracy: 0.6600000
[2026-01-17 18:32:49,464] [INFO] - [ 2100/ 8400] | Cost: 0.6475772 | Accuracy: 0.6800000
[2026-01-17 18:33:42,682] [INFO] - [ 2200/ 8400] | Cost: 0.6575040 | Accuracy: 0.6200000
[2026-01-17 18:34:36,103] [INFO] - [ 2300/ 8400] | Cost: 0.6508576 | Accuracy: 0.6900000
[2026-01-17 18:35:29,475] [INFO] - [ 2400/ 8400] | Cost: 0.6287531 | Accuracy: 0.6600000
[2026-01-17 18:36:22,817] [INFO] - [ 2500/ 8400] | Cost: 0.6492268 | Accuracy: 0.6200000
[2026-01-17 18:37:16,243] [INFO] - [ 2600/ 8400] | Cost: 0.6256520 | Accuracy: 0.6800000
[2026-01-17 18:38:09,439] [INFO] - [ 2700/ 8400] | Cost: 0.6305330 | Accuracy: 0.6200000
[2026-01-17 18:39:02,855] [INFO] - [ 2800/ 8400] | Cost: 0.6177910 | Accuracy: 0.6700000
[2026-01-17 18:39:56,206] [INFO] - [ 2900/ 8400] | Cost: 0.6185173 | Accuracy: 0.7200000
[2026-01-17 18:40:49,644] [INFO] - [ 3000/ 8400] | Cost: 0.6456275 | Accuracy: 0.6200000
[2026-01-17 18:41:43,123] [INFO] - [ 3100/ 8400] | Cost: 0.6373003 | Accuracy: 0.6300000
[2026-01-17 18:42:36,329] [INFO] - [ 3200/ 8400] | Cost: 0.6498945 | Accuracy: 0.6600000
[2026-01-17 18:43:29,715] [INFO] - [ 3300/ 8400] | Cost: 0.6460337 | Accuracy: 0.6200000
[2026-01-17 18:44:23,184] [INFO] - [ 3400/ 8400] | Cost: 0.6513222 | Accuracy: 0.7000000
[2026-01-17 18:45:16,672] [INFO] - [ 3500/ 8400] | Cost: 0.6520364 | Accuracy: 0.6700000
[2026-01-17 18:46:09,885] [INFO] - [ 3600/ 8400] | Cost: 0.6090431 | Accuracy: 0.7700000
[2026-01-17 18:47:03,282] [INFO] - [ 3700/ 8400] | Cost: 0.6153135 | Accuracy: 0.7500000
[2026-01-17 18:47:50,177] [INFO] - [ 3800/ 8400] | Cost: 0.5994658 | Accuracy: 0.7700000
[2026-01-17 18:48:40,810] [INFO] - [ 3900/ 8400] | Cost: 0.6265378 | Accuracy: 0.6900000
[2026-01-17 18:49:34,034] [INFO] - [ 4000/ 8400] | Cost: 0.6136255 | Accuracy: 0.6700000
[2026-01-17 18:50:27,349] [INFO] - [ 4100/ 8400] | Cost: 0.6678104 | Accuracy: 0.5800000
[2026-01-17 18:51:20,725] [INFO] - [ 4200/ 8400] | Cost: 0.6307649 | Accuracy: 0.6700000
[2026-01-17 18:52:14,111] [INFO] - [ 4300/ 8400] | Cost: 0.6437694 | Accuracy: 0.6600000
[2026-01-17 18:53:07,347] [INFO] - [ 4400/ 8400] | Cost: 0.6667809 | Accuracy: 0.5800000
[2026-01-17 18:54:00,678] [INFO] - [ 4500/ 8400] | Cost: 0.6350434 | Accuracy: 0.6400000
[2026-01-17 18:54:54,045] [INFO] - [ 4600/ 8400] | Cost: 0.6299544 | Accuracy: 0.6500000
[2026-01-17 18:55:47,391] [INFO] - [ 4700/ 8400] | Cost: 0.6403770 | Accuracy: 0.6400000
[2026-01-17 18:56:40,799] [INFO] - [ 4800/ 8400] | Cost: 0.6150256 | Accuracy: 0.7300000
[2026-01-17 18:57:33,962] [INFO] - [ 4900/ 8400] | Cost: 0.6257799 | Accuracy: 0.7000000
[2026-01-17 18:58:26,325] [INFO] - [ 5000/ 8400] | Cost: 0.6356635 | Accuracy: 0.6400000
[2026-01-17 18:59:13,096] [INFO] - [ 5100/ 8400] | Cost: 0.6024026 | Accuracy: 0.7400000
[2026-01-17 19:00:05,472] [INFO] - [ 5200/ 8400] | Cost: 0.6050734 | Accuracy: 0.6500000
[2026-01-17 19:00:58,630] [INFO] - [ 5300/ 8400] | Cost: 0.6033471 | Accuracy: 0.7300000
[2026-01-17 19:01:52,009] [INFO] - [ 5400/ 8400] | Cost: 0.5802068 | Accuracy: 0.7500000
[2026-01-17 19:02:45,346] [INFO] - [ 5500/ 8400] | Cost: 0.6434512 | Accuracy: 0.6900000
[2026-01-17 19:03:38,777] [INFO] - [ 5600/ 8400] | Cost: 0.5994582 | Accuracy: 0.6800000
[2026-01-17 19:04:27,316] [INFO] - [ 5700/ 8400] | Cost: 0.6128155 | Accuracy: 0.6800000
[2026-01-17 19:05:18,577] [INFO] - [ 5800/ 8400] | Cost: 0.6258848 | Accuracy: 0.6500000
[2026-01-17 19:06:11,961] [INFO] - [ 5900/ 8400] | Cost: 0.6353570 | Accuracy: 0.6800000
[2026-01-17 19:07:05,359] [INFO] - [ 6000/ 8400] | Cost: 0.6003728 | Accuracy: 0.7000000
[2026-01-17 19:07:58,561] [INFO] - [ 6100/ 8400] | Cost: 0.6234645 | Accuracy: 0.6400000
[2026-01-17 19:08:51,949] [INFO] - [ 6200/ 8400] | Cost: 0.6231728 | Accuracy: 0.7000000
[2026-01-17 19:09:45,329] [INFO] - [ 6300/ 8400] | Cost: 0.6365127 | Accuracy: 0.7100000
[2026-01-17 19:10:38,748] [INFO] - [ 6400/ 8400] | Cost: 0.5912825 | Accuracy: 0.6800000
[2026-01-17 19:11:32,169] [INFO] - [ 6500/ 8400] | Cost: 0.5970404 | Accuracy: 0.7400000
[2026-01-17 19:12:25,322] [INFO] - [ 6600/ 8400] | Cost: 0.6304965 | Accuracy: 0.6900000
[2026-01-17 19:13:18,696] [INFO] - [ 6700/ 8400] | Cost: 0.5443467 | Accuracy: 0.7200000
[2026-01-17 19:14:12,076] [INFO] - [ 6800/ 8400] | Cost: 0.6266926 | Accuracy: 0.6700000
[2026-01-17 19:15:05,546] [INFO] - [ 6900/ 8400] | Cost: 0.6282046 | Accuracy: 0.7200000
[2026-01-17 19:15:51,862] [INFO] - [ 7000/ 8400] | Cost: 0.6459452 | Accuracy: 0.6200000
[2026-01-17 19:16:34,307] [INFO] - [ 7100/ 8400] | Cost: 0.5829773 | Accuracy: 0.7400000
[2026-01-17 19:17:16,671] [INFO] - [ 7200/ 8400] | Cost: 0.5522347 | Accuracy: 0.7300000
[2026-01-17 19:17:58,914] [INFO] - [ 7300/ 8400] | Cost: 0.6602347 | Accuracy: 0.6400000
[2026-01-17 19:18:49,096] [INFO] - [ 7400/ 8400] | Cost: 0.5857960 | Accuracy: 0.7000000
[2026-01-17 19:19:42,460] [INFO] - [ 7500/ 8400] | Cost: 0.5538480 | Accuracy: 0.7500000
[2026-01-17 19:20:30,512] [INFO] - [ 7600/ 8400] | Cost: 0.5890089 | Accuracy: 0.6800000
[2026-01-17 19:21:19,090] [INFO] - [ 7700/ 8400] | Cost: 0.6143272 | Accuracy: 0.6700000
[2026-01-17 19:21:51,564] [INFO] - [ 7800/ 8400] | Cost: 0.6401137 | Accuracy: 0.6600000
