[2026-01-17 18:59:13,060] [INFO] - seed: 0
image_preprocessing: MedianBlur
training:
  epochs: 1
  batch_size: 100
  image_width: 32
  lr: 0.05
model:
  num_layers: 3
dataset:
  num_classes: 2
  binary: true
  name: stl10
  image_width_sweep: 2,4,8,16,32,64
  orig_width: 96
embedding:
  name: RMP
  pca: true
  supports_color: true

[2026-01-17 18:59:13,062] [INFO] - Using cuda.
[2026-01-17 18:59:24,631] [INFO] - Dataset: stl10 | Train Size: 1819 | Validation Size: 521 | Test Size: 260
[2026-01-17 18:59:24,634] [INFO] - Applying PCA Loader to the dataset
[2026-01-17 18:59:26,971] [INFO] - Initiate model
[2026-01-17 18:59:26,974] [INFO] - Weights Shape: torch.Size([3, 6, 3])
[2026-01-17 18:59:26,974] [INFO] - Bias Shape: torch.Size([2])
[2026-01-17 19:00:20,217] [INFO] - [  100/ 1819] | Cost: 0.7092474 | Accuracy: 0.4500000
[2026-01-17 19:01:13,586] [INFO] - [  200/ 1819] | Cost: 0.6895224 | Accuracy: 0.5400000
[2026-01-17 19:02:06,948] [INFO] - [  300/ 1819] | Cost: 0.6896191 | Accuracy: 0.5100000
[2026-01-17 19:03:00,303] [INFO] - [  400/ 1819] | Cost: 0.6893732 | Accuracy: 0.5100000
[2026-01-17 19:03:53,734] [INFO] - [  500/ 1819] | Cost: 0.6937906 | Accuracy: 0.4900000
[2026-01-17 19:04:39,825] [INFO] - [  600/ 1819] | Cost: 0.6925979 | Accuracy: 0.4800000
[2026-01-17 19:05:33,158] [INFO] - [  700/ 1819] | Cost: 0.6881880 | Accuracy: 0.4900000
[2026-01-17 19:06:26,489] [INFO] - [  800/ 1819] | Cost: 0.6885036 | Accuracy: 0.4800000
[2026-01-17 19:07:19,957] [INFO] - [  900/ 1819] | Cost: 0.6837060 | Accuracy: 0.5200000
[2026-01-17 19:08:13,155] [INFO] - [ 1000/ 1819] | Cost: 0.6960219 | Accuracy: 0.4700000
[2026-01-17 19:09:06,459] [INFO] - [ 1100/ 1819] | Cost: 0.6768689 | Accuracy: 0.5900000
[2026-01-17 19:09:59,805] [INFO] - [ 1200/ 1819] | Cost: 0.6867728 | Accuracy: 0.5200000
[2026-01-17 19:10:53,173] [INFO] - [ 1300/ 1819] | Cost: 0.6734045 | Accuracy: 0.5900000
[2026-01-17 19:11:46,386] [INFO] - [ 1400/ 1819] | Cost: 0.6893765 | Accuracy: 0.4800000
[2026-01-17 19:12:39,724] [INFO] - [ 1500/ 1819] | Cost: 0.6885085 | Accuracy: 0.5100000
[2026-01-17 19:13:33,097] [INFO] - [ 1600/ 1819] | Cost: 0.6873238 | Accuracy: 0.5100000
[2026-01-17 19:14:26,493] [INFO] - [ 1700/ 1819] | Cost: 0.6898009 | Accuracy: 0.4600000
[2026-01-17 19:15:19,709] [INFO] - [ 1800/ 1819] | Cost: 0.6836278 | Accuracy: 0.6600000
[2026-01-17 19:15:28,749] [INFO] - [ 1900/ 1819] | Cost: 0.6679397 | Accuracy: 0.7368421
[2026-01-17 19:15:37,219] [INFO] - Model dict saved to /workspace/persistent/embedding_colosseum/multirun/2026-01-17/16-03-43/101/saved_models/model_epoch-0.pt
[2026-01-17 19:15:37,220] [INFO] - Validation for epoch   0 | Cost: 0.6870224 | Accuracy: 0.5064286
