[2026-01-16 15:01:08,514] [INFO] - seed: 0
image_preprocessing: ContrastScaling
training:
  epochs: 1
  batch_size: 100
  image_width: 16
  lr: 0.05
model:
  num_layers: 3
dataset:
  num_classes: 2
  binary: true
  name: eurosat_rgb
  image_width_sweep: '64'
  orig_width: 64
embedding:
  name: FRQI
  pca: false
  supports_color: false

[2026-01-16 15:01:08,516] [INFO] - Using cuda.
[2026-01-16 15:01:08,570] [INFO] - Dataset: eurosat_rgb | Train Size: 4200 | Validation Size: 1200 | Test Size: 600
[2026-01-16 15:01:08,572] [INFO] - Initiate model
[2026-01-16 15:01:08,574] [INFO] - Weights Shape: torch.Size([3, 9, 3])
[2026-01-16 15:01:08,575] [INFO] - Bias Shape: torch.Size([2])
[2026-01-16 15:02:02,093] [INFO] - [  100/ 4200] | Cost: 0.6846809 | Accuracy: 0.5500000
[2026-01-16 15:02:57,060] [INFO] - [  200/ 4200] | Cost: 0.6723575 | Accuracy: 0.5700000
[2026-01-16 15:03:56,952] [INFO] - [  300/ 4200] | Cost: 0.7031618 | Accuracy: 0.4500000
[2026-01-16 15:04:54,318] [INFO] - [  400/ 4200] | Cost: 0.6848388 | Accuracy: 0.4700000
[2026-01-16 15:05:49,650] [INFO] - [  500/ 4200] | Cost: 0.6738996 | Accuracy: 0.4900000
[2026-01-16 15:06:46,187] [INFO] - [  600/ 4200] | Cost: 0.6583771 | Accuracy: 0.7000000
[2026-01-16 15:07:38,910] [INFO] - [  700/ 4200] | Cost: 0.6588582 | Accuracy: 0.9000000
[2026-01-16 15:08:43,504] [INFO] - [  800/ 4200] | Cost: 0.6514714 | Accuracy: 0.7900000
[2026-01-16 15:09:48,360] [INFO] - [  900/ 4200] | Cost: 0.6497344 | Accuracy: 0.6700000
[2026-01-16 15:10:44,282] [INFO] - [ 1000/ 4200] | Cost: 0.6403866 | Accuracy: 0.6000000
[2026-01-16 15:11:22,224] [INFO] - [ 1100/ 4200] | Cost: 0.6455808 | Accuracy: 0.5800000
[2026-01-16 15:12:19,310] [INFO] - [ 1200/ 4200] | Cost: 0.6400694 | Accuracy: 0.5600000
[2026-01-16 15:13:10,780] [INFO] - [ 1300/ 4200] | Cost: 0.6268818 | Accuracy: 0.6300000
[2026-01-16 15:14:01,198] [INFO] - [ 1400/ 4200] | Cost: 0.5864055 | Accuracy: 0.7500000
[2026-01-16 15:14:59,918] [INFO] - [ 1500/ 4200] | Cost: 0.5849719 | Accuracy: 0.8100000
[2026-01-16 15:16:01,030] [INFO] - [ 1600/ 4200] | Cost: 0.5605654 | Accuracy: 0.8900000
[2026-01-16 15:16:38,491] [INFO] - [ 1700/ 4200] | Cost: 0.5592954 | Accuracy: 0.8700000
[2026-01-16 15:17:24,802] [INFO] - [ 1800/ 4200] | Cost: 0.5291184 | Accuracy: 0.9000000
[2026-01-16 15:18:22,811] [INFO] - [ 1900/ 4200] | Cost: 0.5180646 | Accuracy: 0.9200000
[2026-01-16 15:19:19,893] [INFO] - [ 2000/ 4200] | Cost: 0.4948336 | Accuracy: 0.9400000
[2026-01-16 15:20:16,395] [INFO] - [ 2100/ 4200] | Cost: 0.4862612 | Accuracy: 0.9900000
[2026-01-16 15:21:13,497] [INFO] - [ 2200/ 4200] | Cost: 0.4884691 | Accuracy: 0.9700000
[2026-01-16 15:22:03,550] [INFO] - [ 2300/ 4200] | Cost: 0.4826034 | Accuracy: 0.9500000
[2026-01-16 15:22:53,294] [INFO] - [ 2400/ 4200] | Cost: 0.4393391 | Accuracy: 0.9800000
[2026-01-16 15:23:46,856] [INFO] - [ 2500/ 4200] | Cost: 0.4396386 | Accuracy: 0.9600000
[2026-01-16 15:24:42,583] [INFO] - [ 2600/ 4200] | Cost: 0.4617107 | Accuracy: 0.9900000
[2026-01-16 15:25:29,570] [INFO] - [ 2700/ 4200] | Cost: 0.4397281 | Accuracy: 0.9700000
[2026-01-16 15:26:21,752] [INFO] - [ 2800/ 4200] | Cost: 0.4234044 | Accuracy: 0.9500000
[2026-01-16 15:27:12,457] [INFO] - [ 2900/ 4200] | Cost: 0.4397708 | Accuracy: 0.9500000
[2026-01-16 15:28:01,344] [INFO] - [ 3000/ 4200] | Cost: 0.4140629 | Accuracy: 0.9800000
[2026-01-16 15:28:56,282] [INFO] - [ 3100/ 4200] | Cost: 0.4402314 | Accuracy: 0.9700000
[2026-01-16 15:29:55,362] [INFO] - [ 3200/ 4200] | Cost: 0.4328733 | Accuracy: 0.9800000
[2026-01-16 15:30:52,868] [INFO] - [ 3300/ 4200] | Cost: 0.4157631 | Accuracy: 0.9600000
[2026-01-16 15:31:47,353] [INFO] - [ 3400/ 4200] | Cost: 0.4357005 | Accuracy: 0.9100000
[2026-01-16 15:32:38,334] [INFO] - [ 3500/ 4200] | Cost: 0.4329401 | Accuracy: 0.9400000
[2026-01-16 15:33:39,779] [INFO] - [ 3600/ 4200] | Cost: 0.4189360 | Accuracy: 0.9400000
[2026-01-16 15:34:29,539] [INFO] - [ 3700/ 4200] | Cost: 0.4084212 | Accuracy: 0.9500000
[2026-01-16 15:35:07,824] [INFO] - [ 3800/ 4200] | Cost: 0.4441346 | Accuracy: 0.8800000
[2026-01-16 15:36:06,414] [INFO] - [ 3900/ 4200] | Cost: 0.4331168 | Accuracy: 0.8900000
[2026-01-16 15:37:04,071] [INFO] - [ 4000/ 4200] | Cost: 0.3991427 | Accuracy: 0.9500000
[2026-01-16 15:37:58,653] [INFO] - [ 4100/ 4200] | Cost: 0.4082147 | Accuracy: 0.9700000
[2026-01-16 15:38:52,598] [INFO] - [ 4200/ 4200] | Cost: 0.4342124 | Accuracy: 0.9300000
[2026-01-16 15:42:18,475] [INFO] - Model dict saved to /workspace/persistent/embedding_colosseum/multirun/2026-01-15/22-04-31/112/saved_models/model_epoch-0.pt
[2026-01-16 15:42:18,477] [INFO] - Validation for epoch   0 | Cost: 0.4096117 | Accuracy: 0.9350000
