[2026-01-17 03:26:25,054] [INFO] - seed: 0
image_preprocessing: GaussianBlur
training:
  epochs: 1
  batch_size: 100
  image_width: 16
  lr: 0.05
model:
  num_layers: 3
dataset:
  num_classes: 2
  binary: true
  name: stl10
  image_width_sweep: 2,4,8,16,32,64
  orig_width: 96
embedding:
  name: FRQI
  pca: false
  supports_color: false

[2026-01-17 03:26:25,056] [INFO] - Using cuda.
[2026-01-17 03:26:37,165] [INFO] - Dataset: stl10 | Train Size: 1819 | Validation Size: 521 | Test Size: 260
[2026-01-17 03:26:37,169] [INFO] - Initiate model
[2026-01-17 03:26:37,171] [INFO] - Weights Shape: torch.Size([3, 9, 3])
[2026-01-17 03:26:37,172] [INFO] - Bias Shape: torch.Size([2])
[2026-01-17 03:27:30,941] [INFO] - [  100/ 1819] | Cost: 0.6943954 | Accuracy: 0.5200000
[2026-01-17 03:28:17,600] [INFO] - [  200/ 1819] | Cost: 0.6906076 | Accuracy: 0.5200000
[2026-01-17 03:29:14,361] [INFO] - [  300/ 1819] | Cost: 0.6925286 | Accuracy: 0.4800000
[2026-01-17 03:30:11,409] [INFO] - [  400/ 1819] | Cost: 0.6924973 | Accuracy: 0.4500000
[2026-01-17 03:30:44,882] [INFO] - [  500/ 1819] | Cost: 0.6906090 | Accuracy: 0.5300000
[2026-01-17 03:31:36,420] [INFO] - [  600/ 1819] | Cost: 0.6864148 | Accuracy: 0.5700000
[2026-01-17 03:32:19,647] [INFO] - [  700/ 1819] | Cost: 0.6815417 | Accuracy: 0.6300000
[2026-01-17 03:33:21,876] [INFO] - [  800/ 1819] | Cost: 0.6856024 | Accuracy: 0.5500000
[2026-01-17 03:34:16,966] [INFO] - [  900/ 1819] | Cost: 0.6814209 | Accuracy: 0.5900000
[2026-01-17 03:35:11,790] [INFO] - [ 1000/ 1819] | Cost: 0.6774175 | Accuracy: 0.6800000
[2026-01-17 03:36:05,941] [INFO] - [ 1100/ 1819] | Cost: 0.6759159 | Accuracy: 0.6100000
[2026-01-17 03:36:56,328] [INFO] - [ 1200/ 1819] | Cost: 0.6678867 | Accuracy: 0.6300000
[2026-01-17 03:37:39,531] [INFO] - [ 1300/ 1819] | Cost: 0.6770060 | Accuracy: 0.6200000
[2026-01-17 03:38:30,385] [INFO] - [ 1400/ 1819] | Cost: 0.6590562 | Accuracy: 0.6600000
[2026-01-17 03:39:25,484] [INFO] - [ 1500/ 1819] | Cost: 0.6614227 | Accuracy: 0.6200000
[2026-01-17 03:40:24,318] [INFO] - [ 1600/ 1819] | Cost: 0.6764791 | Accuracy: 0.5500000
[2026-01-17 03:41:13,878] [INFO] - [ 1700/ 1819] | Cost: 0.6767242 | Accuracy: 0.5900000
[2026-01-17 03:42:08,717] [INFO] - [ 1800/ 1819] | Cost: 0.6790913 | Accuracy: 0.5300000
[2026-01-17 03:42:19,268] [INFO] - [ 1900/ 1819] | Cost: 0.6486670 | Accuracy: 0.6315789
[2026-01-17 03:43:45,378] [INFO] - Model dict saved to /workspace/persistent/embedding_colosseum/multirun/2026-01-15/22-04-31/248/saved_models/model_epoch-0.pt
[2026-01-17 03:43:45,379] [INFO] - Validation for epoch   0 | Cost: 0.6621003 | Accuracy: 0.6119048
