[2026-01-17 04:09:26,501] [INFO] - seed: 0
image_preprocessing: GaussianBlur
training:
  epochs: 1
  batch_size: 100
  image_width: 32
  lr: 0.05
model:
  num_layers: 3
dataset:
  num_classes: 2
  binary: true
  name: stl10
  image_width_sweep: 2,4,8,16,32,64
  orig_width: 96
embedding:
  name: NAQSS
  pca: false
  supports_color: false

[2026-01-17 04:09:26,503] [INFO] - Using cuda.
[2026-01-17 04:09:38,473] [INFO] - Dataset: stl10 | Train Size: 1819 | Validation Size: 521 | Test Size: 260
[2026-01-17 04:09:38,476] [INFO] - Initiate model
[2026-01-17 04:09:38,478] [INFO] - Weights Shape: torch.Size([3, 19, 3])
[2026-01-17 04:09:38,479] [INFO] - Bias Shape: torch.Size([2])
[2026-01-17 04:20:34,615] [INFO] - [  100/ 1819] | Cost: 0.6931503 | Accuracy: 0.5400000
[2026-01-17 04:31:21,735] [INFO] - [  200/ 1819] | Cost: 0.6954877 | Accuracy: 0.4900000
[2026-01-17 04:41:44,911] [INFO] - [  300/ 1819] | Cost: 0.6923506 | Accuracy: 0.5200000
[2026-01-17 04:52:00,972] [INFO] - [  400/ 1819] | Cost: 0.6903484 | Accuracy: 0.5600000
[2026-01-17 05:02:03,084] [INFO] - [  500/ 1819] | Cost: 0.6990840 | Accuracy: 0.4400000
[2026-01-17 05:12:41,437] [INFO] - [  600/ 1819] | Cost: 0.6940550 | Accuracy: 0.4900000
[2026-01-17 05:23:02,585] [INFO] - [  700/ 1819] | Cost: 0.6915486 | Accuracy: 0.5700000
[2026-01-17 05:33:47,148] [INFO] - [  800/ 1819] | Cost: 0.6948988 | Accuracy: 0.4300000
[2026-01-17 05:44:04,337] [INFO] - [  900/ 1819] | Cost: 0.6932715 | Accuracy: 0.4800000
[2026-01-17 05:54:25,368] [INFO] - [ 1000/ 1819] | Cost: 0.6932635 | Accuracy: 0.4800000
[2026-01-17 06:04:59,628] [INFO] - [ 1100/ 1819] | Cost: 0.6940578 | Accuracy: 0.4700000
[2026-01-17 06:15:30,272] [INFO] - [ 1200/ 1819] | Cost: 0.6925027 | Accuracy: 0.5300000
[2026-01-17 06:26:00,855] [INFO] - [ 1300/ 1819] | Cost: 0.6944313 | Accuracy: 0.4600000
[2026-01-17 06:36:46,283] [INFO] - [ 1400/ 1819] | Cost: 0.6940303 | Accuracy: 0.4400000
[2026-01-17 06:46:53,219] [INFO] - [ 1500/ 1819] | Cost: 0.6938605 | Accuracy: 0.4500000
[2026-01-17 06:57:20,030] [INFO] - [ 1600/ 1819] | Cost: 0.6920567 | Accuracy: 0.5500000
[2026-01-17 07:07:52,396] [INFO] - [ 1700/ 1819] | Cost: 0.6962117 | Accuracy: 0.4300000
[2026-01-17 07:18:22,564] [INFO] - [ 1800/ 1819] | Cost: 0.6933618 | Accuracy: 0.5000000
[2026-01-17 07:20:30,184] [INFO] - [ 1900/ 1819] | Cost: 0.6909298 | Accuracy: 0.5789474
