[2026-01-17 08:16:21,745] [INFO] - seed: 0
image_preprocessing: HomomorphicFilter
training:
  epochs: 1
  batch_size: 100
  image_width: 32
  lr: 0.05
model:
  num_layers: 3
dataset:
  num_classes: 2
  binary: true
  name: cxr8
  image_width_sweep: 2,4,8,16,32,64
  orig_width: 1024
embedding:
  name: OQIM
  pca: false
  supports_color: true

[2026-01-17 08:16:21,748] [INFO] - Using cuda.
[2026-01-17 08:16:21,869] [INFO] - Dataset: cxr8 | Train Size: 2270 | Validation Size: 650 | Test Size: 324
[2026-01-17 08:16:21,872] [INFO] - Initiate model
[2026-01-17 08:16:21,873] [INFO] - Weights Shape: torch.Size([3, 12, 3])
[2026-01-17 08:16:21,874] [INFO] - Bias Shape: torch.Size([2])
[2026-01-17 08:19:09,060] [INFO] - [  100/ 2270] | Cost: 0.7145474 | Accuracy: 0.1800000
[2026-01-17 08:22:15,595] [INFO] - [  200/ 2270] | Cost: 0.6623706 | Accuracy: 0.8400000
[2026-01-17 08:24:50,896] [INFO] - [  300/ 2270] | Cost: 0.6179357 | Accuracy: 0.8500000
[2026-01-17 08:27:42,791] [INFO] - [  400/ 2270] | Cost: 0.5920899 | Accuracy: 0.8200000
[2026-01-17 08:30:18,406] [INFO] - [  500/ 2270] | Cost: 0.5243743 | Accuracy: 0.9000000
[2026-01-17 08:33:24,821] [INFO] - [  600/ 2270] | Cost: 0.4950010 | Accuracy: 0.8900000
[2026-01-17 08:35:36,571] [INFO] - [  700/ 2270] | Cost: 0.5107923 | Accuracy: 0.8300000
[2026-01-17 08:38:11,172] [INFO] - [  800/ 2270] | Cost: 0.4837786 | Accuracy: 0.8400000
[2026-01-17 08:40:31,854] [INFO] - [  900/ 2270] | Cost: 0.4476409 | Accuracy: 0.8600000
[2026-01-17 08:43:23,869] [INFO] - [ 1000/ 2270] | Cost: 0.4690016 | Accuracy: 0.8300000
[2026-01-17 08:46:03,144] [INFO] - [ 1100/ 2270] | Cost: 0.4092654 | Accuracy: 0.8700000
[2026-01-17 08:48:33,652] [INFO] - [ 1200/ 2270] | Cost: 0.4577040 | Accuracy: 0.8300000
[2026-01-17 08:50:57,350] [INFO] - [ 1300/ 2270] | Cost: 0.4250168 | Accuracy: 0.8500000
[2026-01-17 08:53:18,313] [INFO] - [ 1400/ 2270] | Cost: 0.5531645 | Accuracy: 0.7700000
[2026-01-17 08:55:42,726] [INFO] - [ 1500/ 2270] | Cost: 0.4392365 | Accuracy: 0.8400000
[2026-01-17 08:58:10,766] [INFO] - [ 1600/ 2270] | Cost: 0.4573128 | Accuracy: 0.8300000
[2026-01-17 09:00:36,887] [INFO] - [ 1700/ 2270] | Cost: 0.2454357 | Accuracy: 0.9500000
[2026-01-17 09:03:05,625] [INFO] - [ 1800/ 2270] | Cost: 0.2590605 | Accuracy: 0.9400000
[2026-01-17 09:05:26,842] [INFO] - [ 1900/ 2270] | Cost: 0.4050369 | Accuracy: 0.8600000
[2026-01-17 09:07:43,138] [INFO] - [ 2000/ 2270] | Cost: 0.4648434 | Accuracy: 0.8300000
[2026-01-17 09:09:59,396] [INFO] - [ 2100/ 2270] | Cost: 0.4885992 | Accuracy: 0.8200000
[2026-01-17 09:12:15,312] [INFO] - [ 2200/ 2270] | Cost: 0.3670979 | Accuracy: 0.8800000
[2026-01-17 09:13:51,563] [INFO] - [ 2300/ 2270] | Cost: 0.3854142 | Accuracy: 0.8714286
