[2026-01-18 23:15:57,460] [INFO] - seed: 0
image_preprocessing: MedianBlur
training:
  epochs: 1
  batch_size: 100
  image_width: 32
  lr: 0.05
model:
  num_layers: 3
dataset:
  num_classes: 2
  binary: true
  name: mnist
  image_width_sweep: 16,32
  orig_width: 28
embedding:
  name: OQIM
  pca: false
  supports_color: true

[2026-01-18 23:15:57,516] [INFO] - Using cuda.
[2026-01-18 23:15:58,436] [INFO] - Dataset: mnist | Train Size: 10346 | Validation Size: 2956 | Test Size: 1478
[2026-01-18 23:15:58,439] [INFO] - Initiate model
[2026-01-18 23:16:02,228] [INFO] - Weights Shape: torch.Size([3, 12, 3])
[2026-01-18 23:16:02,229] [INFO] - Bias Shape: torch.Size([2])
[2026-01-18 23:28:43,249] [INFO] - [  100/10346] | Cost: 0.6953543 | Accuracy: 0.5100000
[2026-01-18 23:41:51,016] [INFO] - [  200/10346] | Cost: 0.6950450 | Accuracy: 0.4800000
[2026-01-18 23:55:17,149] [INFO] - [  300/10346] | Cost: 0.6919684 | Accuracy: 0.4900000
[2026-01-19 00:08:41,443] [INFO] - [  400/10346] | Cost: 0.6888336 | Accuracy: 0.5300000
[2026-01-19 00:21:33,916] [INFO] - [  500/10346] | Cost: 0.6870186 | Accuracy: 0.5300000
[2026-01-19 00:34:18,050] [INFO] - [  600/10346] | Cost: 0.7023778 | Accuracy: 0.4100000
[2026-01-19 00:47:45,654] [INFO] - [  700/10346] | Cost: 0.6828687 | Accuracy: 0.5300000
[2026-01-19 01:00:47,016] [INFO] - [  800/10346] | Cost: 0.6822363 | Accuracy: 0.7900000
[2026-01-19 01:13:44,547] [INFO] - [  900/10346] | Cost: 0.6796297 | Accuracy: 0.9400000
[2026-01-19 01:27:26,316] [INFO] - [ 1000/10346] | Cost: 0.6760193 | Accuracy: 0.8800000
[2026-01-19 01:40:11,547] [INFO] - [ 1100/10346] | Cost: 0.6737063 | Accuracy: 0.7400000
[2026-01-19 01:53:18,650] [INFO] - [ 1200/10346] | Cost: 0.6657465 | Accuracy: 0.7600000
[2026-01-19 02:06:36,052] [INFO] - [ 1300/10346] | Cost: 0.6613077 | Accuracy: 0.7800000
[2026-01-19 02:19:48,016] [INFO] - [ 1400/10346] | Cost: 0.6498752 | Accuracy: 0.8000000
[2026-01-19 02:32:53,355] [INFO] - [ 1500/10346] | Cost: 0.6513116 | Accuracy: 0.7000000
[2026-01-19 02:45:48,342] [INFO] - [ 1600/10346] | Cost: 0.6288583 | Accuracy: 0.8200000
[2026-01-19 02:59:26,749] [INFO] - [ 1700/10346] | Cost: 0.6353514 | Accuracy: 0.6300000
[2026-01-19 03:12:37,848] [INFO] - [ 1800/10346] | Cost: 0.6285909 | Accuracy: 0.6300000
[2026-01-19 03:25:27,247] [INFO] - [ 1900/10346] | Cost: 0.6287966 | Accuracy: 0.5700000
[2026-01-19 03:39:05,848] [INFO] - [ 2000/10346] | Cost: 0.6266389 | Accuracy: 0.6300000
[2026-01-19 03:52:02,337] [INFO] - [ 2100/10346] | Cost: 0.6157234 | Accuracy: 0.6800000
[2026-01-19 04:05:31,150] [INFO] - [ 2200/10346] | Cost: 0.6049505 | Accuracy: 0.7700000
[2026-01-19 04:18:38,753] [INFO] - [ 2300/10346] | Cost: 0.6273043 | Accuracy: 0.7200000
[2026-01-19 04:31:32,949] [INFO] - [ 2400/10346] | Cost: 0.6003219 | Accuracy: 0.8300000
[2026-01-19 04:44:47,015] [INFO] - [ 2500/10346] | Cost: 0.5882723 | Accuracy: 0.9400000
[2026-01-19 04:57:32,840] [INFO] - [ 2600/10346] | Cost: 0.6069070 | Accuracy: 0.8100000
[2026-01-19 05:11:05,424] [INFO] - [ 2700/10346] | Cost: 0.5914955 | Accuracy: 0.8800000
[2026-01-19 05:24:10,950] [INFO] - [ 2800/10346] | Cost: 0.5805922 | Accuracy: 0.9300000
[2026-01-19 05:37:15,819] [INFO] - [ 2900/10346] | Cost: 0.5762128 | Accuracy: 0.9000000
[2026-01-19 05:50:52,955] [INFO] - [ 3000/10346] | Cost: 0.5838289 | Accuracy: 0.8200000
[2026-01-19 06:03:42,741] [INFO] - [ 3100/10346] | Cost: 0.5775688 | Accuracy: 0.8000000
[2026-01-19 06:17:12,651] [INFO] - [ 3200/10346] | Cost: 0.5589054 | Accuracy: 0.8400000
[2026-01-19 06:30:35,143] [INFO] - [ 3300/10346] | Cost: 0.5569599 | Accuracy: 0.8700000
[2026-01-19 06:43:49,816] [INFO] - [ 3400/10346] | Cost: 0.5774980 | Accuracy: 0.7800000
[2026-01-19 06:56:58,755] [INFO] - [ 3500/10346] | Cost: 0.5614573 | Accuracy: 0.8800000
[2026-01-19 07:10:05,617] [INFO] - [ 3600/10346] | Cost: 0.5688502 | Accuracy: 0.8200000
[2026-01-19 07:23:15,639] [INFO] - [ 3700/10346] | Cost: 0.5620459 | Accuracy: 0.8700000
[2026-01-19 07:35:01,057] [INFO] - [ 3800/10346] | Cost: 0.5427446 | Accuracy: 0.9200000
[2026-01-19 07:47:46,446] [INFO] - [ 3900/10346] | Cost: 0.5487467 | Accuracy: 0.8700000
[2026-01-19 07:59:36,045] [INFO] - [ 4000/10346] | Cost: 0.5356503 | Accuracy: 0.9700000
[2026-01-19 08:11:35,515] [INFO] - [ 4100/10346] | Cost: 0.5362452 | Accuracy: 0.9400000
[2026-01-19 08:23:51,715] [INFO] - [ 4200/10346] | Cost: 0.5314710 | Accuracy: 0.9500000
[2026-01-19 08:36:04,850] [INFO] - [ 4300/10346] | Cost: 0.5310423 | Accuracy: 0.9700000
[2026-01-19 08:48:00,044] [INFO] - [ 4400/10346] | Cost: 0.5342055 | Accuracy: 0.9000000
