[2026-01-18 02:06:49,761] [INFO] - seed: 1
image_preprocessing: ContrastScaling
training:
  epochs: 1
  batch_size: 100
  image_width: 32
  lr: 0.05
model:
  num_layers: 3
dataset:
  num_classes: 2
  binary: true
  name: mnist
  image_width_sweep: 16,32
  orig_width: 28
embedding:
  name: ZZFeatureMap
  pca: true
  supports_color: true

[2026-01-18 02:06:49,766] [INFO] - Using cuda.
[2026-01-18 02:06:50,195] [INFO] - Dataset: mnist | Train Size: 10346 | Validation Size: 2956 | Test Size: 1478
[2026-01-18 02:06:50,198] [INFO] - Applying PCA Loader to the dataset
[2026-01-18 02:06:53,129] [INFO] - Initiate model
[2026-01-18 02:06:53,277] [INFO] - Weights Shape: torch.Size([3, 6, 3])
[2026-01-18 02:06:53,278] [INFO] - Bias Shape: torch.Size([2])
[2026-01-18 02:07:26,836] [INFO] - [  100/10346] | Cost: 0.7246753 | Accuracy: 0.3000000
[2026-01-18 02:08:02,032] [INFO] - [  200/10346] | Cost: 0.6917865 | Accuracy: 0.6000000
[2026-01-18 02:08:37,194] [INFO] - [  300/10346] | Cost: 0.6672775 | Accuracy: 0.6700000
[2026-01-18 02:09:12,326] [INFO] - [  400/10346] | Cost: 0.6516699 | Accuracy: 0.6500000
[2026-01-18 02:09:47,582] [INFO] - [  500/10346] | Cost: 0.6550484 | Accuracy: 0.6100000
[2026-01-18 02:10:22,739] [INFO] - [  600/10346] | Cost: 0.5832481 | Accuracy: 0.7300000
[2026-01-18 02:10:57,671] [INFO] - [  700/10346] | Cost: 0.6395111 | Accuracy: 0.6100000
[2026-01-18 02:11:32,730] [INFO] - [  800/10346] | Cost: 0.6382877 | Accuracy: 0.6300000
[2026-01-18 02:12:07,884] [INFO] - [  900/10346] | Cost: 0.5997106 | Accuracy: 0.6900000
[2026-01-18 02:12:42,990] [INFO] - [ 1000/10346] | Cost: 0.5813843 | Accuracy: 0.7300000
[2026-01-18 02:13:17,874] [INFO] - [ 1100/10346] | Cost: 0.5869474 | Accuracy: 0.7100000
[2026-01-18 02:13:52,908] [INFO] - [ 1200/10346] | Cost: 0.5620186 | Accuracy: 0.8000000
[2026-01-18 02:14:27,863] [INFO] - [ 1300/10346] | Cost: 0.5491903 | Accuracy: 0.8600000
[2026-01-18 02:15:02,965] [INFO] - [ 1400/10346] | Cost: 0.5698711 | Accuracy: 0.8400000
[2026-01-18 02:15:38,010] [INFO] - [ 1500/10346] | Cost: 0.5452957 | Accuracy: 0.9100000
[2026-01-18 02:16:13,061] [INFO] - [ 1600/10346] | Cost: 0.5684369 | Accuracy: 0.8300000
[2026-01-18 02:16:47,933] [INFO] - [ 1700/10346] | Cost: 0.5760211 | Accuracy: 0.7900000
[2026-01-18 02:17:23,078] [INFO] - [ 1800/10346] | Cost: 0.5638748 | Accuracy: 0.8600000
[2026-01-18 02:17:58,121] [INFO] - [ 1900/10346] | Cost: 0.5551929 | Accuracy: 0.8800000
[2026-01-18 02:18:33,194] [INFO] - [ 2000/10346] | Cost: 0.5681313 | Accuracy: 0.8600000
[2026-01-18 02:19:08,277] [INFO] - [ 2100/10346] | Cost: 0.5289713 | Accuracy: 0.9500000
[2026-01-18 02:19:43,207] [INFO] - [ 2200/10346] | Cost: 0.5548162 | Accuracy: 0.8500000
[2026-01-18 02:20:18,290] [INFO] - [ 2300/10346] | Cost: 0.5371289 | Accuracy: 0.9100000
[2026-01-18 02:20:53,375] [INFO] - [ 2400/10346] | Cost: 0.5262765 | Accuracy: 0.9300000
[2026-01-18 02:21:28,433] [INFO] - [ 2500/10346] | Cost: 0.5381058 | Accuracy: 0.8800000
[2026-01-18 02:22:03,530] [INFO] - [ 2600/10346] | Cost: 0.5268009 | Accuracy: 0.8900000
[2026-01-18 02:22:38,559] [INFO] - [ 2700/10346] | Cost: 0.5161936 | Accuracy: 0.9300000
[2026-01-18 02:23:13,645] [INFO] - [ 2800/10346] | Cost: 0.5165116 | Accuracy: 0.9300000
[2026-01-18 02:23:48,491] [INFO] - [ 2900/10346] | Cost: 0.4998187 | Accuracy: 0.9200000
[2026-01-18 02:24:23,576] [INFO] - [ 3000/10346] | Cost: 0.4873685 | Accuracy: 0.9600000
[2026-01-18 02:24:58,593] [INFO] - [ 3100/10346] | Cost: 0.4926351 | Accuracy: 0.9300000
[2026-01-18 02:25:33,648] [INFO] - [ 3200/10346] | Cost: 0.4738855 | Accuracy: 0.9700000
[2026-01-18 02:26:08,707] [INFO] - [ 3300/10346] | Cost: 0.4744282 | Accuracy: 0.9300000
[2026-01-18 02:26:43,662] [INFO] - [ 3400/10346] | Cost: 0.4762409 | Accuracy: 0.9400000
[2026-01-18 02:27:18,714] [INFO] - [ 3500/10346] | Cost: 0.4585491 | Accuracy: 0.9700000
[2026-01-18 02:27:53,751] [INFO] - [ 3600/10346] | Cost: 0.4721522 | Accuracy: 0.9200000
[2026-01-18 02:28:28,838] [INFO] - [ 3700/10346] | Cost: 0.4622574 | Accuracy: 0.9200000
[2026-01-18 02:29:03,938] [INFO] - [ 3800/10346] | Cost: 0.4440764 | Accuracy: 0.9700000
[2026-01-18 02:29:39,095] [INFO] - [ 3900/10346] | Cost: 0.4413749 | Accuracy: 0.9700000
[2026-01-18 02:30:14,061] [INFO] - [ 4000/10346] | Cost: 0.4449368 | Accuracy: 0.9800000
[2026-01-18 02:30:49,133] [INFO] - [ 4100/10346] | Cost: 0.4199078 | Accuracy: 1.0000000
[2026-01-18 02:31:24,212] [INFO] - [ 4200/10346] | Cost: 0.4104882 | Accuracy: 1.0000000
[2026-01-18 02:31:59,304] [INFO] - [ 4300/10346] | Cost: 0.4193968 | Accuracy: 0.9700000
[2026-01-18 02:32:34,436] [INFO] - [ 4400/10346] | Cost: 0.4179378 | Accuracy: 1.0000000
[2026-01-18 02:33:09,309] [INFO] - [ 4500/10346] | Cost: 0.4167283 | Accuracy: 0.9900000
[2026-01-18 02:33:44,395] [INFO] - [ 4600/10346] | Cost: 0.4340298 | Accuracy: 0.9800000
[2026-01-18 02:34:19,524] [INFO] - [ 4700/10346] | Cost: 0.4174241 | Accuracy: 0.9900000
[2026-01-18 02:34:54,628] [INFO] - [ 4800/10346] | Cost: 0.4290886 | Accuracy: 0.9900000
[2026-01-18 02:35:29,653] [INFO] - [ 4900/10346] | Cost: 0.4107027 | Accuracy: 1.0000000
[2026-01-18 02:36:04,678] [INFO] - [ 5000/10346] | Cost: 0.4174860 | Accuracy: 1.0000000
[2026-01-18 02:36:39,551] [INFO] - [ 5100/10346] | Cost: 0.4138614 | Accuracy: 1.0000000
[2026-01-18 02:37:14,611] [INFO] - [ 5200/10346] | Cost: 0.4049224 | Accuracy: 0.9900000
[2026-01-18 02:37:49,646] [INFO] - [ 5300/10346] | Cost: 0.4029512 | Accuracy: 1.0000000
[2026-01-18 02:38:24,710] [INFO] - [ 5400/10346] | Cost: 0.4186689 | Accuracy: 0.9600000
[2026-01-18 02:38:59,726] [INFO] - [ 5500/10346] | Cost: 0.4140035 | Accuracy: 0.9700000
[2026-01-18 02:39:34,821] [INFO] - [ 5600/10346] | Cost: 0.4089859 | Accuracy: 0.9500000
[2026-01-18 02:40:09,656] [INFO] - [ 5700/10346] | Cost: 0.4204989 | Accuracy: 0.9500000
[2026-01-18 02:40:44,716] [INFO] - [ 5800/10346] | Cost: 0.3977131 | Accuracy: 0.9800000
[2026-01-18 02:41:19,788] [INFO] - [ 5900/10346] | Cost: 0.4026733 | Accuracy: 0.9600000
[2026-01-18 02:41:54,927] [INFO] - [ 6000/10346] | Cost: 0.4255333 | Accuracy: 0.9500000
[2026-01-18 02:42:29,984] [INFO] - [ 6100/10346] | Cost: 0.3831924 | Accuracy: 0.9800000
[2026-01-18 02:43:05,059] [INFO] - [ 6200/10346] | Cost: 0.3935402 | Accuracy: 0.9800000
[2026-01-18 02:43:39,915] [INFO] - [ 6300/10346] | Cost: 0.3950301 | Accuracy: 0.9600000
[2026-01-18 02:44:14,999] [INFO] - [ 6400/10346] | Cost: 0.4001494 | Accuracy: 1.0000000
[2026-01-18 02:44:50,055] [INFO] - [ 6500/10346] | Cost: 0.4156365 | Accuracy: 0.9500000
[2026-01-18 02:45:25,092] [INFO] - [ 6600/10346] | Cost: 0.3873176 | Accuracy: 1.0000000
[2026-01-18 02:46:00,124] [INFO] - [ 6700/10346] | Cost: 0.3949959 | Accuracy: 0.9500000
[2026-01-18 02:46:35,021] [INFO] - [ 6800/10346] | Cost: 0.4131714 | Accuracy: 0.9700000
[2026-01-18 02:47:10,072] [INFO] - [ 6900/10346] | Cost: 0.3988219 | Accuracy: 0.9800000
[2026-01-18 02:47:45,164] [INFO] - [ 7000/10346] | Cost: 0.4108083 | Accuracy: 0.9600000
[2026-01-18 02:48:20,178] [INFO] - [ 7100/10346] | Cost: 0.3994533 | Accuracy: 0.9700000
[2026-01-18 02:48:55,246] [INFO] - [ 7200/10346] | Cost: 0.3887499 | Accuracy: 0.9700000
[2026-01-18 02:49:30,300] [INFO] - [ 7300/10346] | Cost: 0.4007684 | Accuracy: 0.9800000
[2026-01-18 02:50:05,214] [INFO] - [ 7400/10346] | Cost: 0.4183668 | Accuracy: 0.9500000
[2026-01-18 02:50:40,230] [INFO] - [ 7500/10346] | Cost: 0.4089745 | Accuracy: 0.9600000
[2026-01-18 02:51:15,253] [INFO] - [ 7600/10346] | Cost: 0.3784775 | Accuracy: 0.9900000
[2026-01-18 02:51:50,333] [INFO] - [ 7700/10346] | Cost: 0.4022644 | Accuracy: 0.9600000
[2026-01-18 02:52:25,402] [INFO] - [ 7800/10346] | Cost: 0.3986785 | Accuracy: 0.9800000
[2026-01-18 02:53:00,294] [INFO] - [ 7900/10346] | Cost: 0.4137624 | Accuracy: 0.9500000
[2026-01-18 02:53:35,313] [INFO] - [ 8000/10346] | Cost: 0.4084242 | Accuracy: 0.9600000
[2026-01-18 02:54:10,339] [INFO] - [ 8100/10346] | Cost: 0.4048615 | Accuracy: 0.9900000
[2026-01-18 02:54:45,404] [INFO] - [ 8200/10346] | Cost: 0.3985066 | Accuracy: 0.9400000
[2026-01-18 02:55:20,476] [INFO] - [ 8300/10346] | Cost: 0.4208705 | Accuracy: 0.9600000
[2026-01-18 02:55:55,349] [INFO] - [ 8400/10346] | Cost: 0.4048307 | Accuracy: 0.9700000
[2026-01-18 02:56:30,408] [INFO] - [ 8500/10346] | Cost: 0.4079710 | Accuracy: 0.9900000
[2026-01-18 02:57:05,473] [INFO] - [ 8600/10346] | Cost: 0.3955775 | Accuracy: 1.0000000
[2026-01-18 02:57:40,541] [INFO] - [ 8700/10346] | Cost: 0.3936164 | Accuracy: 0.9800000
[2026-01-18 02:58:15,576] [INFO] - [ 8800/10346] | Cost: 0.3858279 | Accuracy: 0.9800000
[2026-01-18 02:58:50,465] [INFO] - [ 8900/10346] | Cost: 0.4023761 | Accuracy: 0.9700000
[2026-01-18 02:59:25,508] [INFO] - [ 9000/10346] | Cost: 0.4167683 | Accuracy: 0.9600000
[2026-01-18 03:00:00,588] [INFO] - [ 9100/10346] | Cost: 0.3955588 | Accuracy: 1.0000000
[2026-01-18 03:00:35,633] [INFO] - [ 9200/10346] | Cost: 0.4091474 | Accuracy: 0.9700000
[2026-01-18 03:01:10,673] [INFO] - [ 9300/10346] | Cost: 0.4067180 | Accuracy: 0.9900000
[2026-01-18 03:01:45,732] [INFO] - [ 9400/10346] | Cost: 0.3916045 | Accuracy: 0.9900000
[2026-01-18 03:02:20,632] [INFO] - [ 9500/10346] | Cost: 0.4037496 | Accuracy: 0.9900000
[2026-01-18 03:02:55,696] [INFO] - [ 9600/10346] | Cost: 0.3911040 | Accuracy: 0.9900000
[2026-01-18 03:03:30,728] [INFO] - [ 9700/10346] | Cost: 0.3908674 | Accuracy: 1.0000000
[2026-01-18 03:04:05,419] [INFO] - [ 9800/10346] | Cost: 0.4064456 | Accuracy: 0.9700000
[2026-01-18 03:04:38,096] [INFO] - [ 9900/10346] | Cost: 0.3884489 | Accuracy: 0.9800000
[2026-01-18 03:05:12,593] [INFO] - [10000/10346] | Cost: 0.4101862 | Accuracy: 0.9500000
[2026-01-18 03:05:47,606] [INFO] - [10100/10346] | Cost: 0.4083969 | Accuracy: 0.9700000
[2026-01-18 03:06:22,638] [INFO] - [10200/10346] | Cost: 0.3859681 | Accuracy: 1.0000000
[2026-01-18 03:06:57,972] [INFO] - [10300/10346] | Cost: 0.4042406 | Accuracy: 0.9700000
[2026-01-18 03:07:10,810] [INFO] - [10400/10346] | Cost: 0.4416341 | Accuracy: 0.9347826
[2026-01-18 03:07:43,615] [INFO] - Model dict saved to /workspace/persistent/embedding_colosseum/multirun/2026-01-18/02-06-25/6/saved_models/model_epoch-0.pt
[2026-01-18 03:07:43,616] [INFO] - Validation for epoch   0 | Cost: 0.4019325 | Accuracy: 0.9846667
