[2026-01-19 04:44:12,443] [INFO] - seed: 0
image_preprocessing: ContrastScaling
training:
  epochs: 1
  batch_size: 100
  image_width: 8
  lr: 0.05
model:
  num_layers: 3
dataset:
  num_classes: 2
  binary: true
  name: mnist
  image_width_sweep: 16,32
  orig_width: 28
embedding:
  name: NEQR
  pca: false
  supports_color: true

[2026-01-19 04:44:12,448] [INFO] - Using cuda.
[2026-01-19 04:44:13,721] [INFO] - Dataset: mnist | Train Size: 10346 | Validation Size: 2956 | Test Size: 1478
[2026-01-19 04:44:13,724] [INFO] - Initiate model
[2026-01-19 04:44:14,742] [INFO] - Weights Shape: torch.Size([3, 14, 3])
[2026-01-19 04:44:14,743] [INFO] - Bias Shape: torch.Size([2])
[2026-01-19 04:52:40,853] [INFO] - [  100/10346] | Cost: 0.6954355 | Accuracy: 0.4200000
[2026-01-19 05:00:40,446] [INFO] - [  200/10346] | Cost: 0.6884743 | Accuracy: 0.5200000
[2026-01-19 05:09:31,215] [INFO] - [  300/10346] | Cost: 0.6897946 | Accuracy: 0.4900000
[2026-01-19 05:17:48,344] [INFO] - [  400/10346] | Cost: 0.6787814 | Accuracy: 0.5300000
[2026-01-19 05:26:05,247] [INFO] - [  500/10346] | Cost: 0.6748893 | Accuracy: 0.5300000
[2026-01-19 05:34:42,948] [INFO] - [  600/10346] | Cost: 0.6806842 | Accuracy: 0.4100000
[2026-01-19 05:42:30,041] [INFO] - [  700/10346] | Cost: 0.6647679 | Accuracy: 0.8500000
[2026-01-19 05:51:12,416] [INFO] - [  800/10346] | Cost: 0.6571791 | Accuracy: 0.9000000
[2026-01-19 05:59:28,451] [INFO] - [  900/10346] | Cost: 0.6540384 | Accuracy: 0.9000000
[2026-01-19 06:07:45,744] [INFO] - [ 1000/10346] | Cost: 0.6504595 | Accuracy: 0.9000000
[2026-01-19 06:16:28,550] [INFO] - [ 1100/10346] | Cost: 0.6533353 | Accuracy: 0.7500000
[2026-01-19 06:24:40,047] [INFO] - [ 1200/10346] | Cost: 0.6449500 | Accuracy: 0.6800000
[2026-01-19 06:33:08,346] [INFO] - [ 1300/10346] | Cost: 0.6411638 | Accuracy: 0.5800000
[2026-01-19 06:41:27,454] [INFO] - [ 1400/10346] | Cost: 0.6206115 | Accuracy: 0.6500000
[2026-01-19 06:49:50,817] [INFO] - [ 1500/10346] | Cost: 0.6322833 | Accuracy: 0.5400000
[2026-01-19 06:58:18,844] [INFO] - [ 1600/10346] | Cost: 0.6008733 | Accuracy: 0.6700000
[2026-01-19 07:06:49,438] [INFO] - [ 1700/10346] | Cost: 0.6194609 | Accuracy: 0.5800000
[2026-01-19 07:14:48,916] [INFO] - [ 1800/10346] | Cost: 0.6184839 | Accuracy: 0.5900000
[2026-01-19 07:23:15,519] [INFO] - [ 1900/10346] | Cost: 0.6245515 | Accuracy: 0.5500000
[2026-01-19 07:31:11,445] [INFO] - [ 2000/10346] | Cost: 0.6303904 | Accuracy: 0.5100000
[2026-01-19 07:38:45,445] [INFO] - [ 2100/10346] | Cost: 0.6222286 | Accuracy: 0.5200000
[2026-01-19 07:46:51,816] [INFO] - [ 2200/10346] | Cost: 0.6126456 | Accuracy: 0.5400000
[2026-01-19 07:54:25,750] [INFO] - [ 2300/10346] | Cost: 0.6362008 | Accuracy: 0.4400000
[2026-01-19 08:02:17,342] [INFO] - [ 2400/10346] | Cost: 0.6007125 | Accuracy: 0.6700000
[2026-01-19 08:09:47,946] [INFO] - [ 2500/10346] | Cost: 0.5962071 | Accuracy: 0.8600000
[2026-01-19 08:17:28,545] [INFO] - [ 2600/10346] | Cost: 0.6047963 | Accuracy: 0.8500000
[2026-01-19 08:25:14,954] [INFO] - [ 2700/10346] | Cost: 0.5859833 | Accuracy: 0.9800000
[2026-01-19 08:32:46,947] [INFO] - [ 2800/10346] | Cost: 0.5843633 | Accuracy: 0.9200000
[2026-01-19 08:40:25,753] [INFO] - [ 2900/10346] | Cost: 0.5854749 | Accuracy: 0.9500000
[2026-01-19 08:48:14,753] [INFO] - [ 3000/10346] | Cost: 0.5765242 | Accuracy: 0.9700000
[2026-01-19 08:55:57,921] [INFO] - [ 3100/10346] | Cost: 0.5860239 | Accuracy: 0.9600000
