[2026-01-17 06:29:16,136] [INFO] - seed: 0
image_preprocessing: GaussianBlur
training:
  epochs: 1
  batch_size: 100
  image_width: 32
  lr: 0.05
model:
  num_layers: 3
dataset:
  num_classes: 2
  binary: true
  name: cxr8
  image_width_sweep: 2,4,8,16,32,64
  orig_width: 1024
embedding:
  name: NEQR
  pca: false
  supports_color: true

[2026-01-17 06:29:16,138] [INFO] - Using cuda.
[2026-01-17 06:29:16,271] [INFO] - Dataset: cxr8 | Train Size: 2270 | Validation Size: 650 | Test Size: 324
[2026-01-17 06:29:16,273] [INFO] - Initiate model
[2026-01-17 06:29:16,275] [INFO] - Weights Shape: torch.Size([3, 18, 3])
[2026-01-17 06:29:16,276] [INFO] - Bias Shape: torch.Size([2])
[2026-01-17 06:34:10,811] [INFO] - [  100/ 2270] | Cost: 0.6929640 | Accuracy: 0.4900000
[2026-01-17 06:39:09,591] [INFO] - [  200/ 2270] | Cost: 0.6604559 | Accuracy: 0.8400000
[2026-01-17 06:44:08,877] [INFO] - [  300/ 2270] | Cost: 0.6279764 | Accuracy: 0.8500000
[2026-01-17 06:49:19,794] [INFO] - [  400/ 2270] | Cost: 0.6082830 | Accuracy: 0.8200000
[2026-01-17 06:54:48,870] [INFO] - [  500/ 2270] | Cost: 0.5537637 | Accuracy: 0.9000000
[2026-01-17 07:00:09,352] [INFO] - [  600/ 2270] | Cost: 0.5300420 | Accuracy: 0.8900000
[2026-01-17 07:05:40,105] [INFO] - [  700/ 2270] | Cost: 0.5402782 | Accuracy: 0.8300000
[2026-01-17 07:11:01,957] [INFO] - [  800/ 2270] | Cost: 0.5169676 | Accuracy: 0.8400000
[2026-01-17 07:16:34,756] [INFO] - [  900/ 2270] | Cost: 0.4861430 | Accuracy: 0.8600000
[2026-01-17 07:22:05,748] [INFO] - [ 1000/ 2270] | Cost: 0.4969296 | Accuracy: 0.8300000
[2026-01-17 07:27:41,767] [INFO] - [ 1100/ 2270] | Cost: 0.4483344 | Accuracy: 0.8700000
[2026-01-17 07:33:07,957] [INFO] - [ 1200/ 2270] | Cost: 0.4785637 | Accuracy: 0.8300000
[2026-01-17 07:39:01,635] [INFO] - [ 1300/ 2270] | Cost: 0.4492165 | Accuracy: 0.8500000
[2026-01-17 07:44:28,482] [INFO] - [ 1400/ 2270] | Cost: 0.5393271 | Accuracy: 0.7700000
[2026-01-17 07:50:12,393] [INFO] - [ 1500/ 2270] | Cost: 0.4499638 | Accuracy: 0.8400000
[2026-01-17 07:55:27,886] [INFO] - [ 1600/ 2270] | Cost: 0.4599698 | Accuracy: 0.8300000
[2026-01-17 08:01:00,870] [INFO] - [ 1700/ 2270] | Cost: 0.2882210 | Accuracy: 0.9500000
[2026-01-17 08:06:24,539] [INFO] - [ 1800/ 2270] | Cost: 0.2936800 | Accuracy: 0.9400000
[2026-01-17 08:12:09,280] [INFO] - [ 1900/ 2270] | Cost: 0.4095002 | Accuracy: 0.8600000
[2026-01-17 08:17:28,807] [INFO] - [ 2000/ 2270] | Cost: 0.4558313 | Accuracy: 0.8300000
[2026-01-17 08:23:12,669] [INFO] - [ 2100/ 2270] | Cost: 0.4729364 | Accuracy: 0.8200000
[2026-01-17 08:28:24,583] [INFO] - [ 2200/ 2270] | Cost: 0.3711928 | Accuracy: 0.8800000
[2026-01-17 08:31:54,593] [INFO] - [ 2300/ 2270] | Cost: 0.3850697 | Accuracy: 0.8714286
