[2026-01-19 01:30:24,947] [INFO] - seed: 0
image_preprocessing: BilateralFilter
training:
  epochs: 1
  batch_size: 100
  image_width: 8
  lr: 0.05
model:
  num_layers: 3
dataset:
  num_classes: 2
  binary: true
  name: cxr8
  image_width_sweep: 2,4,8,16,32
  orig_width: 1024
embedding:
  name: OQIM
  pca: false
  supports_color: true

[2026-01-19 01:30:24,949] [INFO] - Using cuda.
[2026-01-19 01:30:25,249] [INFO] - Dataset: cxr8 | Train Size: 2270 | Validation Size: 650 | Test Size: 324
[2026-01-19 01:30:25,252] [INFO] - Initiate model
[2026-01-19 01:30:25,315] [INFO] - Weights Shape: torch.Size([3, 8, 3])
[2026-01-19 01:30:25,316] [INFO] - Bias Shape: torch.Size([2])
[2026-01-19 01:35:10,441] [INFO] - [  100/ 2270] | Cost: 0.6483170 | Accuracy: 0.8200000
[2026-01-19 01:40:09,716] [INFO] - [  200/ 2270] | Cost: 0.5863158 | Accuracy: 0.8400000
[2026-01-19 01:45:19,243] [INFO] - [  300/ 2270] | Cost: 0.5363905 | Accuracy: 0.8500000
[2026-01-19 01:50:35,843] [INFO] - [  400/ 2270] | Cost: 0.5224181 | Accuracy: 0.8200000
[2026-01-19 01:55:18,316] [INFO] - [  500/ 2270] | Cost: 0.4281622 | Accuracy: 0.9000000
[2026-01-19 01:59:55,245] [INFO] - [  600/ 2270] | Cost: 0.4091265 | Accuracy: 0.8900000
[2026-01-19 02:05:22,025] [INFO] - [  700/ 2270] | Cost: 0.4638003 | Accuracy: 0.8300000
[2026-01-19 02:10:32,649] [INFO] - [  800/ 2270] | Cost: 0.4435305 | Accuracy: 0.8400000
[2026-01-19 02:15:37,716] [INFO] - [  900/ 2270] | Cost: 0.4098764 | Accuracy: 0.8600000
[2026-01-19 02:20:38,444] [INFO] - [ 1000/ 2270] | Cost: 0.4561150 | Accuracy: 0.8300000
[2026-01-19 02:25:20,616] [INFO] - [ 1100/ 2270] | Cost: 0.3867330 | Accuracy: 0.8700000
[2026-01-19 02:30:36,954] [INFO] - [ 1200/ 2270] | Cost: 0.4608578 | Accuracy: 0.8300000
[2026-01-19 02:35:33,951] [INFO] - [ 1300/ 2270] | Cost: 0.4233288 | Accuracy: 0.8500000
[2026-01-19 02:40:40,645] [INFO] - [ 1400/ 2270] | Cost: 0.5767857 | Accuracy: 0.7700000
[2026-01-19 02:45:35,451] [INFO] - [ 1500/ 2270] | Cost: 0.4412042 | Accuracy: 0.8400000
[2026-01-19 02:50:22,150] [INFO] - [ 1600/ 2270] | Cost: 0.4588683 | Accuracy: 0.8300000
[2026-01-19 02:55:44,252] [INFO] - [ 1700/ 2270] | Cost: 0.2516714 | Accuracy: 0.9500000
[2026-01-19 03:00:46,649] [INFO] - [ 1800/ 2270] | Cost: 0.2686377 | Accuracy: 0.9400000
[2026-01-19 03:05:29,235] [INFO] - [ 1900/ 2270] | Cost: 0.4026402 | Accuracy: 0.8600000
[2026-01-19 03:10:42,851] [INFO] - [ 2000/ 2270] | Cost: 0.4558345 | Accuracy: 0.8300000
[2026-01-19 03:16:02,231] [INFO] - [ 2100/ 2270] | Cost: 0.4769634 | Accuracy: 0.8200000
[2026-01-19 03:21:22,453] [INFO] - [ 2200/ 2270] | Cost: 0.3668517 | Accuracy: 0.8800000
[2026-01-19 03:24:50,636] [INFO] - [ 2300/ 2270] | Cost: 0.3822640 | Accuracy: 0.8714286
