[2026-01-19 02:02:18,327] [INFO] - seed: 0
image_preprocessing: HomomorphicFilter
training:
  epochs: 1
  batch_size: 100
  image_width: 16
  lr: 0.05
model:
  num_layers: 3
dataset:
  num_classes: 2
  binary: true
  name: cxr8
  image_width_sweep: 2,4,8,16,32
  orig_width: 1024
embedding:
  name: OQIM
  pca: false
  supports_color: true

[2026-01-19 02:02:18,329] [INFO] - Using cuda.
[2026-01-19 02:02:18,630] [INFO] - Dataset: cxr8 | Train Size: 2270 | Validation Size: 650 | Test Size: 324
[2026-01-19 02:02:18,633] [INFO] - Initiate model
[2026-01-19 02:02:18,635] [INFO] - Weights Shape: torch.Size([3, 10, 3])
[2026-01-19 02:02:18,636] [INFO] - Bias Shape: torch.Size([2])
[2026-01-19 02:09:42,242] [INFO] - [  100/ 2270] | Cost: 0.7006924 | Accuracy: 0.1800000
[2026-01-19 02:16:53,915] [INFO] - [  200/ 2270] | Cost: 0.6391204 | Accuracy: 0.8400000
[2026-01-19 02:23:28,741] [INFO] - [  300/ 2270] | Cost: 0.5868921 | Accuracy: 0.8500000
[2026-01-19 02:30:51,522] [INFO] - [  400/ 2270] | Cost: 0.5618564 | Accuracy: 0.8200000
[2026-01-19 02:37:39,916] [INFO] - [  500/ 2270] | Cost: 0.4849645 | Accuracy: 0.9000000
[2026-01-19 02:44:49,643] [INFO] - [  600/ 2270] | Cost: 0.4611215 | Accuracy: 0.8900000
[2026-01-19 02:51:46,846] [INFO] - [  700/ 2270] | Cost: 0.4917149 | Accuracy: 0.8300000
[2026-01-19 02:59:11,151] [INFO] - [  800/ 2270] | Cost: 0.4682595 | Accuracy: 0.8400000
[2026-01-19 03:05:54,247] [INFO] - [  900/ 2270] | Cost: 0.4338075 | Accuracy: 0.8600000
[2026-01-19 03:13:19,915] [INFO] - [ 1000/ 2270] | Cost: 0.4625463 | Accuracy: 0.8300000
[2026-01-19 03:20:47,345] [INFO] - [ 1100/ 2270] | Cost: 0.4015915 | Accuracy: 0.8700000
[2026-01-19 03:27:24,031] [INFO] - [ 1200/ 2270] | Cost: 0.4563691 | Accuracy: 0.8300000
[2026-01-19 03:34:42,315] [INFO] - [ 1300/ 2270] | Cost: 0.4250043 | Accuracy: 0.8500000
[2026-01-19 03:42:02,415] [INFO] - [ 1400/ 2270] | Cost: 0.5662234 | Accuracy: 0.7700000
[2026-01-19 03:48:55,027] [INFO] - [ 1500/ 2270] | Cost: 0.4425881 | Accuracy: 0.8400000
[2026-01-19 03:55:51,938] [INFO] - [ 1600/ 2270] | Cost: 0.4605349 | Accuracy: 0.8300000
[2026-01-19 04:03:31,316] [INFO] - [ 1700/ 2270] | Cost: 0.2415485 | Accuracy: 0.9500000
[2026-01-19 04:10:16,149] [INFO] - [ 1800/ 2270] | Cost: 0.2567151 | Accuracy: 0.9400000
[2026-01-19 04:17:34,152] [INFO] - [ 1900/ 2270] | Cost: 0.4041996 | Accuracy: 0.8600000
[2026-01-19 04:24:48,233] [INFO] - [ 2000/ 2270] | Cost: 0.4618671 | Accuracy: 0.8300000
[2026-01-19 04:31:52,145] [INFO] - [ 2100/ 2270] | Cost: 0.4865662 | Accuracy: 0.8200000
[2026-01-19 04:38:42,855] [INFO] - [ 2200/ 2270] | Cost: 0.3664926 | Accuracy: 0.8800000
[2026-01-19 04:43:50,335] [INFO] - [ 2300/ 2270] | Cost: 0.3844388 | Accuracy: 0.8714286
