[2026-01-16 13:44:50,089] [INFO] - seed: 0
image_preprocessing: GaussianBlur
training:
  epochs: 1
  batch_size: 100
  image_width: 32
  lr: 0.05
model:
  num_layers: 3
dataset:
  num_classes: 2
  binary: true
  name: eurosat_rgb
  image_width_sweep: '64'
  orig_width: 64
embedding:
  name: FRQI
  pca: false
  supports_color: false

[2026-01-16 13:44:50,091] [INFO] - Using cuda.
[2026-01-16 13:44:50,130] [INFO] - Dataset: eurosat_rgb | Train Size: 4200 | Validation Size: 1200 | Test Size: 600
[2026-01-16 13:44:50,132] [INFO] - Initiate model
[2026-01-16 13:44:50,134] [INFO] - Weights Shape: torch.Size([3, 11, 3])
[2026-01-16 13:44:50,135] [INFO] - Bias Shape: torch.Size([2])
[2026-01-16 13:46:54,394] [INFO] - [  100/ 4200] | Cost: 0.7055190 | Accuracy: 0.0300000
[2026-01-16 13:48:49,871] [INFO] - [  200/ 4200] | Cost: 0.6904910 | Accuracy: 0.5700000
[2026-01-16 13:50:54,401] [INFO] - [  300/ 4200] | Cost: 0.7087445 | Accuracy: 0.4500000
[2026-01-16 13:52:58,355] [INFO] - [  400/ 4200] | Cost: 0.6998376 | Accuracy: 0.4700000
[2026-01-16 13:54:55,361] [INFO] - [  500/ 4200] | Cost: 0.6919914 | Accuracy: 0.4900000
[2026-01-16 13:56:57,770] [INFO] - [  600/ 4200] | Cost: 0.6812041 | Accuracy: 0.5500000
[2026-01-16 13:59:02,338] [INFO] - [  700/ 4200] | Cost: 0.6827720 | Accuracy: 0.5000000
[2026-01-16 14:01:05,653] [INFO] - [  800/ 4200] | Cost: 0.6798341 | Accuracy: 0.9600000
[2026-01-16 14:03:00,562] [INFO] - [  900/ 4200] | Cost: 0.6764795 | Accuracy: 0.7700000
[2026-01-16 14:05:13,444] [INFO] - [ 1000/ 4200] | Cost: 0.6694537 | Accuracy: 0.6600000
[2026-01-16 14:07:15,713] [INFO] - [ 1100/ 4200] | Cost: 0.6703874 | Accuracy: 0.5800000
[2026-01-16 14:09:02,819] [INFO] - [ 1200/ 4200] | Cost: 0.6682105 | Accuracy: 0.5700000
[2026-01-16 14:11:18,576] [INFO] - [ 1300/ 4200] | Cost: 0.6633362 | Accuracy: 0.6100000
[2026-01-16 14:13:21,353] [INFO] - [ 1400/ 4200] | Cost: 0.6474985 | Accuracy: 0.8400000
[2026-01-16 14:15:22,262] [INFO] - [ 1500/ 4200] | Cost: 0.6448514 | Accuracy: 0.8600000
[2026-01-16 14:17:23,439] [INFO] - [ 1600/ 4200] | Cost: 0.6437819 | Accuracy: 0.9500000
[2026-01-16 14:19:26,415] [INFO] - [ 1700/ 4200] | Cost: 0.6351855 | Accuracy: 0.9600000
[2026-01-16 14:21:36,375] [INFO] - [ 1800/ 4200] | Cost: 0.6200293 | Accuracy: 0.9700000
[2026-01-16 14:23:34,182] [INFO] - [ 1900/ 4200] | Cost: 0.6147771 | Accuracy: 0.9800000
[2026-01-16 14:25:28,763] [INFO] - [ 2000/ 4200] | Cost: 0.6030492 | Accuracy: 0.9500000
[2026-01-16 14:27:29,014] [INFO] - [ 2100/ 4200] | Cost: 0.5943307 | Accuracy: 0.9800000
[2026-01-16 14:29:32,951] [INFO] - [ 2200/ 4200] | Cost: 0.5948256 | Accuracy: 0.9000000
[2026-01-16 14:31:29,255] [INFO] - [ 2300/ 4200] | Cost: 0.6008556 | Accuracy: 0.8000000
[2026-01-16 14:33:32,385] [INFO] - [ 2400/ 4200] | Cost: 0.5624807 | Accuracy: 0.9100000
[2026-01-16 14:35:44,175] [INFO] - [ 2500/ 4200] | Cost: 0.5602635 | Accuracy: 0.9200000
[2026-01-16 14:37:45,774] [INFO] - [ 2600/ 4200] | Cost: 0.5723943 | Accuracy: 0.9700000
[2026-01-16 14:39:48,544] [INFO] - [ 2700/ 4200] | Cost: 0.5522631 | Accuracy: 0.9600000
[2026-01-16 14:41:47,352] [INFO] - [ 2800/ 4200] | Cost: 0.5377466 | Accuracy: 0.9700000
[2026-01-16 14:43:52,206] [INFO] - [ 2900/ 4200] | Cost: 0.5498735 | Accuracy: 0.9700000
[2026-01-16 14:45:58,041] [INFO] - [ 3000/ 4200] | Cost: 0.5415630 | Accuracy: 0.9200000
[2026-01-16 14:47:54,438] [INFO] - [ 3100/ 4200] | Cost: 0.5633897 | Accuracy: 0.9100000
[2026-01-16 14:49:58,487] [INFO] - [ 3200/ 4200] | Cost: 0.5612877 | Accuracy: 0.9700000
[2026-01-16 14:52:01,955] [INFO] - [ 3300/ 4200] | Cost: 0.5340105 | Accuracy: 0.9800000
[2026-01-16 14:54:10,128] [INFO] - [ 3400/ 4200] | Cost: 0.5449771 | Accuracy: 0.9100000
[2026-01-16 14:56:10,365] [INFO] - [ 3500/ 4200] | Cost: 0.5470656 | Accuracy: 0.9500000
[2026-01-16 14:58:12,616] [INFO] - [ 3600/ 4200] | Cost: 0.5397702 | Accuracy: 0.9400000
[2026-01-16 15:00:13,751] [INFO] - [ 3700/ 4200] | Cost: 0.5353868 | Accuracy: 0.9500000
[2026-01-16 15:02:11,881] [INFO] - [ 3800/ 4200] | Cost: 0.5547163 | Accuracy: 0.8800000
[2026-01-16 15:04:19,499] [INFO] - [ 3900/ 4200] | Cost: 0.5483401 | Accuracy: 0.8800000
[2026-01-16 15:06:26,804] [INFO] - [ 4000/ 4200] | Cost: 0.5262847 | Accuracy: 0.9300000
[2026-01-16 15:08:38,236] [INFO] - [ 4100/ 4200] | Cost: 0.5317020 | Accuracy: 0.9100000
[2026-01-16 15:10:42,514] [INFO] - [ 4200/ 4200] | Cost: 0.5455323 | Accuracy: 0.8400000
[2026-01-16 15:25:58,280] [INFO] - Model dict saved to /workspace/persistent/embedding_colosseum/multirun/2026-01-15/22-04-31/105/saved_models/model_epoch-0.pt
[2026-01-16 15:25:58,287] [INFO] - Validation for epoch   0 | Cost: 0.5353136 | Accuracy: 0.8766667
