[2026-01-16 13:48:01,819] [INFO] - seed: 0
image_preprocessing: GaussianBlur
training:
  epochs: 1
  batch_size: 100
  image_width: 16
  lr: 0.05
model:
  num_layers: 3
dataset:
  num_classes: 2
  binary: true
  name: eurosat_rgb
  image_width_sweep: '64'
  orig_width: 64
embedding:
  name: NEQR
  pca: false
  supports_color: true

[2026-01-16 13:48:01,822] [INFO] - Using cuda.
[2026-01-16 13:48:01,874] [INFO] - Dataset: eurosat_rgb | Train Size: 4200 | Validation Size: 1200 | Test Size: 600
[2026-01-16 13:48:01,877] [INFO] - Initiate model
[2026-01-16 13:48:01,881] [INFO] - Weights Shape: torch.Size([3, 16, 3])
[2026-01-16 13:48:01,883] [INFO] - Bias Shape: torch.Size([2])
[2026-01-16 13:49:57,047] [INFO] - [  100/ 4200] | Cost: 0.6930708 | Accuracy: 0.4900000
[2026-01-16 13:51:43,329] [INFO] - [  200/ 4200] | Cost: 0.6874834 | Accuracy: 0.5700000
[2026-01-16 13:53:29,266] [INFO] - [  300/ 4200] | Cost: 0.7083257 | Accuracy: 0.4500000
[2026-01-16 13:55:05,311] [INFO] - [  400/ 4200] | Cost: 0.7037646 | Accuracy: 0.4700000
[2026-01-16 13:56:55,281] [INFO] - [  500/ 4200] | Cost: 0.6977310 | Accuracy: 0.4900000
[2026-01-16 13:58:33,330] [INFO] - [  600/ 4200] | Cost: 0.6882204 | Accuracy: 0.5500000
[2026-01-16 14:00:21,255] [INFO] - [  700/ 4200] | Cost: 0.6930496 | Accuracy: 0.5000000
[2026-01-16 14:02:14,595] [INFO] - [  800/ 4200] | Cost: 0.6951457 | Accuracy: 0.4600000
[2026-01-16 14:03:35,452] [INFO] - [  900/ 4200] | Cost: 0.6923084 | Accuracy: 0.5700000
[2026-01-16 14:05:34,385] [INFO] - [ 1000/ 4200] | Cost: 0.6898841 | Accuracy: 0.5500000
[2026-01-16 14:07:11,256] [INFO] - [ 1100/ 4200] | Cost: 0.6971787 | Accuracy: 0.4700000
[2026-01-16 14:08:42,827] [INFO] - [ 1200/ 4200] | Cost: 0.6966492 | Accuracy: 0.4800000
[2026-01-16 14:10:40,301] [INFO] - [ 1300/ 4200] | Cost: 0.7042953 | Accuracy: 0.4400000
[2026-01-16 14:12:20,116] [INFO] - [ 1400/ 4200] | Cost: 0.6862990 | Accuracy: 0.5400000
[2026-01-16 14:14:03,977] [INFO] - [ 1500/ 4200] | Cost: 0.7003186 | Accuracy: 0.4400000
[2026-01-16 14:15:47,071] [INFO] - [ 1600/ 4200] | Cost: 0.6787168 | Accuracy: 0.5800000
[2026-01-16 14:17:30,623] [INFO] - [ 1700/ 4200] | Cost: 0.6921757 | Accuracy: 0.4800000
[2026-01-16 14:19:13,188] [INFO] - [ 1800/ 4200] | Cost: 0.6854714 | Accuracy: 0.4800000
[2026-01-16 14:20:49,310] [INFO] - [ 1900/ 4200] | Cost: 0.6833748 | Accuracy: 0.4700000
[2026-01-16 14:22:34,458] [INFO] - [ 2000/ 4200] | Cost: 0.6714676 | Accuracy: 0.5200000
[2026-01-16 14:24:21,752] [INFO] - [ 2100/ 4200] | Cost: 0.6633202 | Accuracy: 0.9000000
[2026-01-16 14:25:50,190] [INFO] - [ 2200/ 4200] | Cost: 0.6573294 | Accuracy: 0.8600000
[2026-01-16 14:27:29,775] [INFO] - [ 2300/ 4200] | Cost: 0.6488951 | Accuracy: 0.9000000
[2026-01-16 14:29:17,102] [INFO] - [ 2400/ 4200] | Cost: 0.6447304 | Accuracy: 0.8600000
[2026-01-16 14:30:48,051] [INFO] - [ 2500/ 4200] | Cost: 0.6398627 | Accuracy: 0.8000000
[2026-01-16 14:32:30,024] [INFO] - [ 2600/ 4200] | Cost: 0.6453795 | Accuracy: 0.7400000
[2026-01-16 14:34:18,326] [INFO] - [ 2700/ 4200] | Cost: 0.6443359 | Accuracy: 0.7200000
[2026-01-16 14:36:15,621] [INFO] - [ 2800/ 4200] | Cost: 0.6208284 | Accuracy: 0.8000000
[2026-01-16 14:38:00,965] [INFO] - [ 2900/ 4200] | Cost: 0.6251515 | Accuracy: 0.7300000
[2026-01-16 14:39:44,959] [INFO] - [ 3000/ 4200] | Cost: 0.6277499 | Accuracy: 0.6900000
[2026-01-16 14:41:29,074] [INFO] - [ 3100/ 4200] | Cost: 0.6729677 | Accuracy: 0.5600000
[2026-01-16 14:43:18,413] [INFO] - [ 3200/ 4200] | Cost: 0.6809339 | Accuracy: 0.5500000
[2026-01-16 14:45:03,613] [INFO] - [ 3300/ 4200] | Cost: 0.6461017 | Accuracy: 0.6700000
[2026-01-16 14:46:59,400] [INFO] - [ 3400/ 4200] | Cost: 0.6437617 | Accuracy: 0.6000000
[2026-01-16 14:48:36,030] [INFO] - [ 3500/ 4200] | Cost: 0.6280984 | Accuracy: 0.7100000
[2026-01-16 14:50:26,772] [INFO] - [ 3600/ 4200] | Cost: 0.6262751 | Accuracy: 0.7400000
[2026-01-16 14:52:10,546] [INFO] - [ 3700/ 4200] | Cost: 0.6402957 | Accuracy: 0.6900000
[2026-01-16 14:54:03,429] [INFO] - [ 3800/ 4200] | Cost: 0.6503389 | Accuracy: 0.6700000
[2026-01-16 14:55:44,425] [INFO] - [ 3900/ 4200] | Cost: 0.6303505 | Accuracy: 0.7500000
[2026-01-16 14:57:43,203] [INFO] - [ 4000/ 4200] | Cost: 0.6347674 | Accuracy: 0.8100000
[2026-01-16 14:59:23,158] [INFO] - [ 4100/ 4200] | Cost: 0.6321117 | Accuracy: 0.7800000
[2026-01-16 15:01:07,894] [INFO] - [ 4200/ 4200] | Cost: 0.6113970 | Accuracy: 0.8800000
