[2026-01-16 19:59:19,389] [INFO] - seed: 0
image_preprocessing: MedianBlur
training:
  epochs: 1
  batch_size: 100
  image_width: 32
  lr: 0.05
model:
  num_layers: 3
dataset:
  num_classes: 2
  binary: true
  name: eurosat_ms
  image_width_sweep: '64'
  orig_width: 64
embedding:
  name: NEQR
  pca: false
  supports_color: true

[2026-01-16 19:59:19,391] [INFO] - Using cuda.
[2026-01-16 19:59:19,430] [INFO] - Dataset: eurosat_ms | Train Size: 4200 | Validation Size: 1200 | Test Size: 600
[2026-01-16 19:59:19,432] [INFO] - Initiate model
[2026-01-16 19:59:19,433] [INFO] - Weights Shape: torch.Size([3, 18, 3])
[2026-01-16 19:59:19,434] [INFO] - Bias Shape: torch.Size([2])
[2026-01-16 20:04:26,680] [INFO] - [  100/ 4200] | Cost: 0.6928447 | Accuracy: 0.5000000
[2026-01-16 20:09:27,514] [INFO] - [  200/ 4200] | Cost: 0.6874840 | Accuracy: 0.5700000
[2026-01-16 20:14:25,344] [INFO] - [  300/ 4200] | Cost: 0.7070096 | Accuracy: 0.4500000
[2026-01-16 20:19:38,394] [INFO] - [  400/ 4200] | Cost: 0.7042453 | Accuracy: 0.4700000
[2026-01-16 20:24:41,643] [INFO] - [  500/ 4200] | Cost: 0.6966209 | Accuracy: 0.4900000
[2026-01-16 20:29:57,560] [INFO] - [  600/ 4200] | Cost: 0.6890212 | Accuracy: 0.5500000
[2026-01-16 20:34:51,345] [INFO] - [  700/ 4200] | Cost: 0.6945375 | Accuracy: 0.5000000
[2026-01-16 20:40:11,392] [INFO] - [  800/ 4200] | Cost: 0.6946967 | Accuracy: 0.4600000
[2026-01-16 20:45:26,595] [INFO] - [  900/ 4200] | Cost: 0.6936128 | Accuracy: 0.5300000
[2026-01-16 20:50:37,160] [INFO] - [ 1000/ 4200] | Cost: 0.6910191 | Accuracy: 0.5500000
[2026-01-16 20:55:53,324] [INFO] - [ 1100/ 4200] | Cost: 0.6970509 | Accuracy: 0.4700000
[2026-01-16 21:01:20,383] [INFO] - [ 1200/ 4200] | Cost: 0.6979781 | Accuracy: 0.4800000
[2026-01-16 21:06:28,750] [INFO] - [ 1300/ 4200] | Cost: 0.7037755 | Accuracy: 0.4400000
[2026-01-16 21:11:44,954] [INFO] - [ 1400/ 4200] | Cost: 0.6882225 | Accuracy: 0.5400000
[2026-01-16 21:17:03,077] [INFO] - [ 1500/ 4200] | Cost: 0.7042093 | Accuracy: 0.4400000
[2026-01-16 21:22:31,817] [INFO] - [ 1600/ 4200] | Cost: 0.6846932 | Accuracy: 0.5800000
[2026-01-16 21:27:18,637] [INFO] - [ 1700/ 4200] | Cost: 0.6935169 | Accuracy: 0.4700000
[2026-01-16 21:32:09,085] [INFO] - [ 1800/ 4200] | Cost: 0.6913908 | Accuracy: 0.4600000
[2026-01-16 21:37:09,930] [INFO] - [ 1900/ 4200] | Cost: 0.6883690 | Accuracy: 0.3800000
[2026-01-16 21:42:17,650] [INFO] - [ 2000/ 4200] | Cost: 0.6939218 | Accuracy: 0.3400000
[2026-01-16 21:47:35,788] [INFO] - [ 2100/ 4200] | Cost: 0.6861086 | Accuracy: 0.5800000
[2026-01-16 21:52:57,565] [INFO] - [ 2200/ 4200] | Cost: 0.6917096 | Accuracy: 0.6200000
[2026-01-16 21:58:25,911] [INFO] - [ 2300/ 4200] | Cost: 0.6892720 | Accuracy: 0.6800000
[2026-01-16 22:03:47,561] [INFO] - [ 2400/ 4200] | Cost: 0.6822591 | Accuracy: 0.7500000
[2026-01-16 22:09:22,653] [INFO] - [ 2500/ 4200] | Cost: 0.6976371 | Accuracy: 0.7000000
[2026-01-16 22:14:44,460] [INFO] - [ 2600/ 4200] | Cost: 0.6873335 | Accuracy: 0.7200000
[2026-01-16 22:20:19,048] [INFO] - [ 2700/ 4200] | Cost: 0.6766235 | Accuracy: 0.8000000
[2026-01-16 22:25:41,997] [INFO] - [ 2800/ 4200] | Cost: 0.6872000 | Accuracy: 0.7400000
[2026-01-16 22:31:17,232] [INFO] - [ 2900/ 4200] | Cost: 0.6964245 | Accuracy: 0.6400000
[2026-01-16 22:36:50,109] [INFO] - [ 3000/ 4200] | Cost: 0.6968486 | Accuracy: 0.5300000
[2026-01-16 22:42:22,764] [INFO] - [ 3100/ 4200] | Cost: 0.7081880 | Accuracy: 0.4600000
[2026-01-16 22:47:45,353] [INFO] - [ 3200/ 4200] | Cost: 0.7316778 | Accuracy: 0.3900000
[2026-01-16 22:53:12,131] [INFO] - [ 3300/ 4200] | Cost: 0.6984708 | Accuracy: 0.5300000
[2026-01-16 22:58:33,586] [INFO] - [ 3400/ 4200] | Cost: 0.6986603 | Accuracy: 0.5100000
[2026-01-16 23:04:08,398] [INFO] - [ 3500/ 4200] | Cost: 0.7026525 | Accuracy: 0.4900000
[2026-01-16 23:09:25,558] [INFO] - [ 3600/ 4200] | Cost: 0.6823393 | Accuracy: 0.5600000
[2026-01-16 23:14:55,162] [INFO] - [ 3700/ 4200] | Cost: 0.7002881 | Accuracy: 0.4500000
[2026-01-16 23:20:05,155] [INFO] - [ 3800/ 4200] | Cost: 0.6845821 | Accuracy: 0.7200000
[2026-01-16 23:25:26,895] [INFO] - [ 3900/ 4200] | Cost: 0.6788393 | Accuracy: 0.6900000
[2026-01-16 23:30:41,283] [INFO] - [ 4000/ 4200] | Cost: 0.6742371 | Accuracy: 0.5200000
[2026-01-16 23:36:04,616] [INFO] - [ 4100/ 4200] | Cost: 0.6558132 | Accuracy: 0.5700000
[2026-01-16 23:41:22,509] [INFO] - [ 4200/ 4200] | Cost: 0.6453473 | Accuracy: 0.5600000
