[2026-01-18 23:04:08,942] [INFO] - seed: 0
image_preprocessing: ContrastScaling
training:
  epochs: 1
  batch_size: 100
  image_width: 4
  lr: 0.05
model:
  num_layers: 3
dataset:
  num_classes: 2
  binary: true
  name: cxr8
  image_width_sweep: 2,4,8,16,32
  orig_width: 1024
embedding:
  name: NEQR
  pca: false
  supports_color: true

[2026-01-18 23:04:08,946] [INFO] - Using cuda.
[2026-01-18 23:04:09,093] [INFO] - Dataset: cxr8 | Train Size: 2270 | Validation Size: 650 | Test Size: 324
[2026-01-18 23:04:09,117] [INFO] - Initiate model
[2026-01-18 23:04:10,692] [INFO] - Weights Shape: torch.Size([3, 12, 3])
[2026-01-18 23:04:10,693] [INFO] - Bias Shape: torch.Size([2])
[2026-01-18 23:06:59,975] [INFO] - [  100/ 2270] | Cost: 0.6948802 | Accuracy: 0.4000000
[2026-01-18 23:10:01,341] [INFO] - [  200/ 2270] | Cost: 0.6604913 | Accuracy: 0.8400000
[2026-01-18 23:12:59,645] [INFO] - [  300/ 2270] | Cost: 0.6265862 | Accuracy: 0.8500000
[2026-01-18 23:16:17,415] [INFO] - [  400/ 2270] | Cost: 0.6085074 | Accuracy: 0.8200000
[2026-01-18 23:22:47,343] [INFO] - [  500/ 2270] | Cost: 0.5549050 | Accuracy: 0.9000000
[2026-01-18 23:30:18,628] [INFO] - [  600/ 2270] | Cost: 0.5303522 | Accuracy: 0.8900000
[2026-01-18 23:37:40,216] [INFO] - [  700/ 2270] | Cost: 0.5381253 | Accuracy: 0.8300000
[2026-01-18 23:44:42,616] [INFO] - [  800/ 2270] | Cost: 0.5126617 | Accuracy: 0.8400000
[2026-01-18 23:51:57,855] [INFO] - [  900/ 2270] | Cost: 0.4861823 | Accuracy: 0.8600000
[2026-01-18 23:58:49,039] [INFO] - [ 1000/ 2270] | Cost: 0.4976435 | Accuracy: 0.8300000
[2026-01-19 00:06:10,755] [INFO] - [ 1100/ 2270] | Cost: 0.4464178 | Accuracy: 0.8700000
[2026-01-19 00:13:33,215] [INFO] - [ 1200/ 2270] | Cost: 0.4773124 | Accuracy: 0.8300000
[2026-01-19 00:20:54,019] [INFO] - [ 1300/ 2270] | Cost: 0.4479687 | Accuracy: 0.8500000
[2026-01-19 00:27:58,050] [INFO] - [ 1400/ 2270] | Cost: 0.5391654 | Accuracy: 0.7700000
[2026-01-19 00:35:07,828] [INFO] - [ 1500/ 2270] | Cost: 0.4489459 | Accuracy: 0.8400000
[2026-01-19 00:42:13,655] [INFO] - [ 1600/ 2270] | Cost: 0.4620320 | Accuracy: 0.8300000
[2026-01-19 00:49:38,637] [INFO] - [ 1700/ 2270] | Cost: 0.2878233 | Accuracy: 0.9500000
[2026-01-19 00:56:08,517] [INFO] - [ 1800/ 2270] | Cost: 0.2926458 | Accuracy: 0.9400000
[2026-01-19 01:03:35,316] [INFO] - [ 1900/ 2270] | Cost: 0.4094409 | Accuracy: 0.8600000
[2026-01-19 01:11:12,247] [INFO] - [ 2000/ 2270] | Cost: 0.4554675 | Accuracy: 0.8300000
[2026-01-19 01:17:47,834] [INFO] - [ 2100/ 2270] | Cost: 0.4687841 | Accuracy: 0.8200000
[2026-01-19 01:25:31,716] [INFO] - [ 2200/ 2270] | Cost: 0.3671415 | Accuracy: 0.8800000
[2026-01-19 01:30:19,352] [INFO] - [ 2300/ 2270] | Cost: 0.3831716 | Accuracy: 0.8714286
