[2026-01-17 07:57:27,555] [INFO] - seed: 0
image_preprocessing: BilateralFilter
training:
  epochs: 1
  batch_size: 100
  image_width: 16
  lr: 0.05
model:
  num_layers: 3
dataset:
  num_classes: 2
  binary: true
  name: cxr8
  image_width_sweep: 2,4,8,16,32,64
  orig_width: 1024
embedding:
  name: NAQSS
  pca: false
  supports_color: false

[2026-01-17 07:57:27,557] [INFO] - Using cuda.
[2026-01-17 07:57:27,676] [INFO] - Dataset: cxr8 | Train Size: 2270 | Validation Size: 650 | Test Size: 324
[2026-01-17 07:57:27,679] [INFO] - Initiate model
[2026-01-17 07:57:27,681] [INFO] - Weights Shape: torch.Size([3, 17, 3])
[2026-01-17 07:57:27,682] [INFO] - Bias Shape: torch.Size([2])
[2026-01-17 07:59:55,354] [INFO] - [  100/ 2270] | Cost: 0.6929782 | Accuracy: 0.5200000
[2026-01-17 08:02:50,285] [INFO] - [  200/ 2270] | Cost: 0.6599794 | Accuracy: 0.8400000
[2026-01-17 08:05:03,714] [INFO] - [  300/ 2270] | Cost: 0.6277751 | Accuracy: 0.8500000
[2026-01-17 08:07:35,467] [INFO] - [  400/ 2270] | Cost: 0.6084517 | Accuracy: 0.8200000
[2026-01-17 08:09:56,138] [INFO] - [  500/ 2270] | Cost: 0.5537944 | Accuracy: 0.9000000
[2026-01-17 08:12:59,005] [INFO] - [  600/ 2270] | Cost: 0.5299647 | Accuracy: 0.8900000
[2026-01-17 08:15:10,085] [INFO] - [  700/ 2270] | Cost: 0.5403258 | Accuracy: 0.8300000
[2026-01-17 08:17:53,325] [INFO] - [  800/ 2270] | Cost: 0.5171124 | Accuracy: 0.8400000
[2026-01-17 08:20:02,604] [INFO] - [  900/ 2270] | Cost: 0.4854223 | Accuracy: 0.8600000
[2026-01-17 08:22:54,370] [INFO] - [ 1000/ 2270] | Cost: 0.4970453 | Accuracy: 0.8300000
[2026-01-17 08:25:00,576] [INFO] - [ 1100/ 2270] | Cost: 0.4484096 | Accuracy: 0.8700000
[2026-01-17 08:27:18,669] [INFO] - [ 1200/ 2270] | Cost: 0.4783524 | Accuracy: 0.8300000
[2026-01-17 08:29:39,847] [INFO] - [ 1300/ 2270] | Cost: 0.4493610 | Accuracy: 0.8500000
[2026-01-17 08:31:40,834] [INFO] - [ 1400/ 2270] | Cost: 0.5392112 | Accuracy: 0.7700000
[2026-01-17 08:34:22,220] [INFO] - [ 1500/ 2270] | Cost: 0.4498019 | Accuracy: 0.8400000
[2026-01-17 08:36:01,495] [INFO] - [ 1600/ 2270] | Cost: 0.4601189 | Accuracy: 0.8300000
[2026-01-17 08:37:50,914] [INFO] - [ 1700/ 2270] | Cost: 0.2881251 | Accuracy: 0.9500000
[2026-01-17 08:39:51,325] [INFO] - [ 1800/ 2270] | Cost: 0.2937791 | Accuracy: 0.9400000
[2026-01-17 08:41:27,002] [INFO] - [ 1900/ 2270] | Cost: 0.4092392 | Accuracy: 0.8600000
[2026-01-17 08:43:50,850] [INFO] - [ 2000/ 2270] | Cost: 0.4558012 | Accuracy: 0.8300000
[2026-01-17 08:45:25,288] [INFO] - [ 2100/ 2270] | Cost: 0.4732771 | Accuracy: 0.8200000
[2026-01-17 08:46:52,119] [INFO] - [ 2200/ 2270] | Cost: 0.3714442 | Accuracy: 0.8800000
[2026-01-17 08:47:55,262] [INFO] - [ 2300/ 2270] | Cost: 0.3852102 | Accuracy: 0.8714286
