[2026-01-19 01:56:02,028] [INFO] - seed: 0
image_preprocessing: HomomorphicFilter
training:
  epochs: 1
  batch_size: 100
  image_width: 8
  lr: 0.05
model:
  num_layers: 3
dataset:
  num_classes: 2
  binary: true
  name: cxr8
  image_width_sweep: 2,4,8,16,32
  orig_width: 1024
embedding:
  name: OQIM
  pca: false
  supports_color: true

[2026-01-19 01:56:02,030] [INFO] - Using cuda.
[2026-01-19 01:56:02,323] [INFO] - Dataset: cxr8 | Train Size: 2270 | Validation Size: 650 | Test Size: 324
[2026-01-19 01:56:02,326] [INFO] - Initiate model
[2026-01-19 01:56:02,327] [INFO] - Weights Shape: torch.Size([3, 8, 3])
[2026-01-19 01:56:02,328] [INFO] - Bias Shape: torch.Size([2])
[2026-01-19 02:00:46,846] [INFO] - [  100/ 2270] | Cost: 0.6554666 | Accuracy: 0.8200000
[2026-01-19 02:06:17,241] [INFO] - [  200/ 2270] | Cost: 0.5954722 | Accuracy: 0.8400000
[2026-01-19 02:11:26,430] [INFO] - [  300/ 2270] | Cost: 0.5450547 | Accuracy: 0.8500000
[2026-01-19 02:16:39,431] [INFO] - [  400/ 2270] | Cost: 0.5299137 | Accuracy: 0.8200000
[2026-01-19 02:21:28,839] [INFO] - [  500/ 2270] | Cost: 0.4379109 | Accuracy: 0.9000000
[2026-01-19 02:26:22,653] [INFO] - [  600/ 2270] | Cost: 0.4166158 | Accuracy: 0.8900000
[2026-01-19 02:31:43,724] [INFO] - [  700/ 2270] | Cost: 0.4658888 | Accuracy: 0.8300000
[2026-01-19 02:36:32,323] [INFO] - [  800/ 2270] | Cost: 0.4447172 | Accuracy: 0.8400000
[2026-01-19 02:41:39,916] [INFO] - [  900/ 2270] | Cost: 0.4092511 | Accuracy: 0.8600000
[2026-01-19 02:46:28,420] [INFO] - [ 1000/ 2270] | Cost: 0.4571393 | Accuracy: 0.8300000
[2026-01-19 02:51:22,536] [INFO] - [ 1100/ 2270] | Cost: 0.3870755 | Accuracy: 0.8700000
[2026-01-19 02:56:51,231] [INFO] - [ 1200/ 2270] | Cost: 0.4651762 | Accuracy: 0.8300000
[2026-01-19 03:01:52,415] [INFO] - [ 1300/ 2270] | Cost: 0.4270245 | Accuracy: 0.8500000
[2026-01-19 03:06:39,642] [INFO] - [ 1400/ 2270] | Cost: 0.5894502 | Accuracy: 0.7700000
[2026-01-19 03:12:02,340] [INFO] - [ 1500/ 2270] | Cost: 0.4456548 | Accuracy: 0.8400000
[2026-01-19 03:17:18,841] [INFO] - [ 1600/ 2270] | Cost: 0.4618551 | Accuracy: 0.8300000
[2026-01-19 03:22:38,917] [INFO] - [ 1700/ 2270] | Cost: 0.2462056 | Accuracy: 0.9500000
[2026-01-19 03:27:07,336] [INFO] - [ 1800/ 2270] | Cost: 0.2652005 | Accuracy: 0.9400000
[2026-01-19 03:31:59,844] [INFO] - [ 1900/ 2270] | Cost: 0.4046382 | Accuracy: 0.8600000
[2026-01-19 03:37:27,715] [INFO] - [ 2000/ 2270] | Cost: 0.4595686 | Accuracy: 0.8300000
[2026-01-19 03:42:35,344] [INFO] - [ 2100/ 2270] | Cost: 0.4794813 | Accuracy: 0.8200000
[2026-01-19 03:47:29,430] [INFO] - [ 2200/ 2270] | Cost: 0.3685442 | Accuracy: 0.8800000
[2026-01-19 03:51:00,234] [INFO] - [ 2300/ 2270] | Cost: 0.3839186 | Accuracy: 0.8714286
