[2026-01-19 02:04:39,627] [INFO] - seed: 0
image_preprocessing: HomomorphicFilter
training:
  epochs: 1
  batch_size: 100
  image_width: 16
  lr: 0.05
model:
  num_layers: 3
dataset:
  num_classes: 2
  binary: true
  name: cxr8
  image_width_sweep: 2,4,8,16,32
  orig_width: 1024
embedding:
  name: NAQSS
  pca: false
  supports_color: false

[2026-01-19 02:04:39,629] [INFO] - Using cuda.
[2026-01-19 02:04:39,923] [INFO] - Dataset: cxr8 | Train Size: 2270 | Validation Size: 650 | Test Size: 324
[2026-01-19 02:04:39,926] [INFO] - Initiate model
[2026-01-19 02:04:39,928] [INFO] - Weights Shape: torch.Size([3, 17, 3])
[2026-01-19 02:04:39,929] [INFO] - Bias Shape: torch.Size([2])
[2026-01-19 02:24:35,136] [INFO] - [  100/ 2270] | Cost: 0.6932439 | Accuracy: 0.4900000
[2026-01-19 02:44:57,816] [INFO] - [  200/ 2270] | Cost: 0.6604148 | Accuracy: 0.8400000
[2026-01-19 03:04:47,520] [INFO] - [  300/ 2270] | Cost: 0.6278959 | Accuracy: 0.8500000
[2026-01-19 03:25:32,241] [INFO] - [  400/ 2270] | Cost: 0.6083951 | Accuracy: 0.8200000
[2026-01-19 03:45:32,616] [INFO] - [  500/ 2270] | Cost: 0.5535919 | Accuracy: 0.9000000
[2026-01-19 04:06:04,832] [INFO] - [  600/ 2270] | Cost: 0.5301847 | Accuracy: 0.8900000
[2026-01-19 04:26:26,315] [INFO] - [  700/ 2270] | Cost: 0.5401213 | Accuracy: 0.8300000
[2026-01-19 04:46:35,440] [INFO] - [  800/ 2270] | Cost: 0.5167958 | Accuracy: 0.8400000
[2026-01-19 05:06:48,049] [INFO] - [  900/ 2270] | Cost: 0.4857678 | Accuracy: 0.8600000
[2026-01-19 05:27:10,941] [INFO] - [ 1000/ 2270] | Cost: 0.4971548 | Accuracy: 0.8300000
[2026-01-19 05:47:16,516] [INFO] - [ 1100/ 2270] | Cost: 0.4481699 | Accuracy: 0.8700000
[2026-01-19 06:07:31,652] [INFO] - [ 1200/ 2270] | Cost: 0.4786502 | Accuracy: 0.8300000
[2026-01-19 06:28:08,446] [INFO] - [ 1300/ 2270] | Cost: 0.4488824 | Accuracy: 0.8500000
[2026-01-19 06:48:33,647] [INFO] - [ 1400/ 2270] | Cost: 0.5391838 | Accuracy: 0.7700000
[2026-01-19 07:09:07,616] [INFO] - [ 1500/ 2270] | Cost: 0.4503055 | Accuracy: 0.8400000
[2026-01-19 07:28:54,845] [INFO] - [ 1600/ 2270] | Cost: 0.4600344 | Accuracy: 0.8300000
[2026-01-19 07:47:58,116] [INFO] - [ 1700/ 2270] | Cost: 0.2881116 | Accuracy: 0.9500000
[2026-01-19 08:06:28,759] [INFO] - [ 1800/ 2270] | Cost: 0.2940763 | Accuracy: 0.9400000
[2026-01-19 08:25:15,345] [INFO] - [ 1900/ 2270] | Cost: 0.4095903 | Accuracy: 0.8600000
[2026-01-19 08:43:51,236] [INFO] - [ 2000/ 2270] | Cost: 0.4558685 | Accuracy: 0.8300000
