[2026-01-16 17:03:35,694] [INFO] - seed: 0
image_preprocessing: BilateralFilter
training:
  epochs: 1
  batch_size: 100
  image_width: 16
  lr: 0.05
model:
  num_layers: 3
dataset:
  num_classes: 2
  binary: true
  name: eurosat_rgb
  image_width_sweep: '64'
  orig_width: 64
embedding:
  name: NEQR
  pca: false
  supports_color: true

[2026-01-16 17:03:35,696] [INFO] - Using cuda.
[2026-01-16 17:03:35,746] [INFO] - Dataset: eurosat_rgb | Train Size: 4200 | Validation Size: 1200 | Test Size: 600
[2026-01-16 17:03:35,749] [INFO] - Initiate model
[2026-01-16 17:03:35,752] [INFO] - Weights Shape: torch.Size([3, 16, 3])
[2026-01-16 17:03:35,753] [INFO] - Bias Shape: torch.Size([2])
[2026-01-16 17:05:22,619] [INFO] - [  100/ 4200] | Cost: 0.6924634 | Accuracy: 0.6000000
[2026-01-16 17:07:17,241] [INFO] - [  200/ 4200] | Cost: 0.6876535 | Accuracy: 0.5700000
[2026-01-16 17:09:03,996] [INFO] - [  300/ 4200] | Cost: 0.7075748 | Accuracy: 0.4500000
[2026-01-16 17:10:47,032] [INFO] - [  400/ 4200] | Cost: 0.7028345 | Accuracy: 0.4700000
[2026-01-16 17:12:43,261] [INFO] - [  500/ 4200] | Cost: 0.6973007 | Accuracy: 0.4900000
[2026-01-16 17:14:14,646] [INFO] - [  600/ 4200] | Cost: 0.6883501 | Accuracy: 0.5500000
[2026-01-16 17:15:54,758] [INFO] - [  700/ 4200] | Cost: 0.6924883 | Accuracy: 0.5000000
[2026-01-16 17:17:42,874] [INFO] - [  800/ 4200] | Cost: 0.6924613 | Accuracy: 0.4600000
[2026-01-16 17:19:37,225] [INFO] - [  900/ 4200] | Cost: 0.6898990 | Accuracy: 0.6500000
[2026-01-16 17:21:19,001] [INFO] - [ 1000/ 4200] | Cost: 0.6866592 | Accuracy: 0.5200000
[2026-01-16 17:23:13,094] [INFO] - [ 1100/ 4200] | Cost: 0.6920076 | Accuracy: 0.4700000
[2026-01-16 17:24:57,386] [INFO] - [ 1200/ 4200] | Cost: 0.6877035 | Accuracy: 0.4800000
[2026-01-16 17:26:26,776] [INFO] - [ 1300/ 4200] | Cost: 0.6962318 | Accuracy: 0.4500000
[2026-01-16 17:28:12,104] [INFO] - [ 1400/ 4200] | Cost: 0.6702349 | Accuracy: 0.5300000
[2026-01-16 17:29:58,045] [INFO] - [ 1500/ 4200] | Cost: 0.6794912 | Accuracy: 0.4300000
[2026-01-16 17:31:35,617] [INFO] - [ 1600/ 4200] | Cost: 0.6437291 | Accuracy: 0.5600000
[2026-01-16 17:33:21,549] [INFO] - [ 1700/ 4200] | Cost: 0.6709834 | Accuracy: 0.4400000
[2026-01-16 17:35:12,657] [INFO] - [ 1800/ 4200] | Cost: 0.6591983 | Accuracy: 0.4100000
[2026-01-16 17:36:33,285] [INFO] - [ 1900/ 4200] | Cost: 0.6664476 | Accuracy: 0.4200000
[2026-01-16 17:38:18,282] [INFO] - [ 2000/ 4200] | Cost: 0.6377583 | Accuracy: 0.7500000
[2026-01-16 17:39:56,759] [INFO] - [ 2100/ 4200] | Cost: 0.6242222 | Accuracy: 0.7900000
[2026-01-16 17:41:55,453] [INFO] - [ 2200/ 4200] | Cost: 0.6165388 | Accuracy: 0.7800000
[2026-01-16 17:43:37,396] [INFO] - [ 2300/ 4200] | Cost: 0.6169718 | Accuracy: 0.8300000
[2026-01-16 17:45:22,235] [INFO] - [ 2400/ 4200] | Cost: 0.6051965 | Accuracy: 0.7700000
[2026-01-16 17:46:54,624] [INFO] - [ 2500/ 4200] | Cost: 0.6000704 | Accuracy: 0.8100000
[2026-01-16 17:48:42,576] [INFO] - [ 2600/ 4200] | Cost: 0.6183585 | Accuracy: 0.7600000
[2026-01-16 17:50:13,883] [INFO] - [ 2700/ 4200] | Cost: 0.6154068 | Accuracy: 0.7200000
[2026-01-16 17:51:59,343] [INFO] - [ 2800/ 4200] | Cost: 0.5843971 | Accuracy: 0.8200000
[2026-01-16 17:53:51,838] [INFO] - [ 2900/ 4200] | Cost: 0.5904571 | Accuracy: 0.7300000
[2026-01-16 17:55:30,609] [INFO] - [ 3000/ 4200] | Cost: 0.5899411 | Accuracy: 0.7700000
[2026-01-16 17:57:11,423] [INFO] - [ 3100/ 4200] | Cost: 0.6497781 | Accuracy: 0.5900000
[2026-01-16 17:58:54,367] [INFO] - [ 3200/ 4200] | Cost: 0.6569209 | Accuracy: 0.6000000
[2026-01-16 18:00:46,652] [INFO] - [ 3300/ 4200] | Cost: 0.6208662 | Accuracy: 0.6800000
[2026-01-16 18:02:27,061] [INFO] - [ 3400/ 4200] | Cost: 0.6198522 | Accuracy: 0.6700000
[2026-01-16 18:04:27,956] [INFO] - [ 3500/ 4200] | Cost: 0.5918322 | Accuracy: 0.7500000
[2026-01-16 18:06:19,422] [INFO] - [ 3600/ 4200] | Cost: 0.5970941 | Accuracy: 0.7700000
[2026-01-16 18:07:59,280] [INFO] - [ 3700/ 4200] | Cost: 0.6099873 | Accuracy: 0.7000000
[2026-01-16 18:09:47,716] [INFO] - [ 3800/ 4200] | Cost: 0.6238417 | Accuracy: 0.7000000
[2026-01-16 18:11:33,780] [INFO] - [ 3900/ 4200] | Cost: 0.5965183 | Accuracy: 0.7600000
[2026-01-16 18:13:05,496] [INFO] - [ 4000/ 4200] | Cost: 0.6063631 | Accuracy: 0.7700000
[2026-01-16 18:14:58,694] [INFO] - [ 4100/ 4200] | Cost: 0.6042469 | Accuracy: 0.7800000
[2026-01-16 18:16:49,782] [INFO] - [ 4200/ 4200] | Cost: 0.5842083 | Accuracy: 0.7900000
