[2026-01-19 02:04:27,539] [INFO] - seed: 0
image_preprocessing: HomomorphicFilter
training:
  epochs: 1
  batch_size: 100
  image_width: 8
  lr: 0.05
model:
  num_layers: 3
dataset:
  num_classes: 2
  binary: true
  name: cxr8
  image_width_sweep: 2,4,8,16,32
  orig_width: 1024
embedding:
  name: NAQSS
  pca: false
  supports_color: false

[2026-01-19 02:04:27,541] [INFO] - Using cuda.
[2026-01-19 02:04:27,832] [INFO] - Dataset: cxr8 | Train Size: 2270 | Validation Size: 650 | Test Size: 324
[2026-01-19 02:04:27,835] [INFO] - Initiate model
[2026-01-19 02:04:27,837] [INFO] - Weights Shape: torch.Size([3, 15, 3])
[2026-01-19 02:04:27,838] [INFO] - Bias Shape: torch.Size([2])
[2026-01-19 02:16:06,254] [INFO] - [  100/ 2270] | Cost: 0.6929414 | Accuracy: 0.5600000
[2026-01-19 02:27:04,036] [INFO] - [  200/ 2270] | Cost: 0.6601622 | Accuracy: 0.8400000
[2026-01-19 02:38:24,838] [INFO] - [  300/ 2270] | Cost: 0.6284590 | Accuracy: 0.8500000
[2026-01-19 02:49:23,943] [INFO] - [  400/ 2270] | Cost: 0.6082906 | Accuracy: 0.8200000
[2026-01-19 03:01:03,151] [INFO] - [  500/ 2270] | Cost: 0.5531039 | Accuracy: 0.9000000
[2026-01-19 03:12:24,454] [INFO] - [  600/ 2270] | Cost: 0.5295114 | Accuracy: 0.8900000
[2026-01-19 03:24:13,418] [INFO] - [  700/ 2270] | Cost: 0.5390841 | Accuracy: 0.8300000
[2026-01-19 03:35:08,716] [INFO] - [  800/ 2270] | Cost: 0.5154911 | Accuracy: 0.8400000
[2026-01-19 03:46:35,324] [INFO] - [  900/ 2270] | Cost: 0.4851518 | Accuracy: 0.8600000
[2026-01-19 03:57:44,242] [INFO] - [ 1000/ 2270] | Cost: 0.4965925 | Accuracy: 0.8300000
[2026-01-19 04:09:15,915] [INFO] - [ 1100/ 2270] | Cost: 0.4479938 | Accuracy: 0.8700000
[2026-01-19 04:20:53,121] [INFO] - [ 1200/ 2270] | Cost: 0.4775084 | Accuracy: 0.8300000
[2026-01-19 04:32:15,348] [INFO] - [ 1300/ 2270] | Cost: 0.4482201 | Accuracy: 0.8500000
[2026-01-19 04:43:31,416] [INFO] - [ 1400/ 2270] | Cost: 0.5380614 | Accuracy: 0.7700000
[2026-01-19 04:55:01,041] [INFO] - [ 1500/ 2270] | Cost: 0.4485551 | Accuracy: 0.8400000
[2026-01-19 05:06:28,036] [INFO] - [ 1600/ 2270] | Cost: 0.4617248 | Accuracy: 0.8300000
[2026-01-19 05:18:00,421] [INFO] - [ 1700/ 2270] | Cost: 0.2852497 | Accuracy: 0.9500000
[2026-01-19 05:29:24,516] [INFO] - [ 1800/ 2270] | Cost: 0.2902653 | Accuracy: 0.9400000
[2026-01-19 05:40:37,648] [INFO] - [ 1900/ 2270] | Cost: 0.4100063 | Accuracy: 0.8600000
[2026-01-19 05:52:22,138] [INFO] - [ 2000/ 2270] | Cost: 0.4527021 | Accuracy: 0.8300000
[2026-01-19 06:03:37,834] [INFO] - [ 2100/ 2270] | Cost: 0.4758122 | Accuracy: 0.8200000
[2026-01-19 06:15:21,916] [INFO] - [ 2200/ 2270] | Cost: 0.3725338 | Accuracy: 0.8800000
[2026-01-19 06:23:11,739] [INFO] - [ 2300/ 2270] | Cost: 0.3854350 | Accuracy: 0.8714286
