[2026-01-17 07:46:29,579] [INFO] - seed: 0
image_preprocessing: BilateralFilter
training:
  epochs: 1
  batch_size: 100
  image_width: 16
  lr: 0.05
model:
  num_layers: 3
dataset:
  num_classes: 2
  binary: true
  name: cxr8
  image_width_sweep: 2,4,8,16,32,64
  orig_width: 1024
embedding:
  name: OQIM
  pca: false
  supports_color: true

[2026-01-17 07:46:29,581] [INFO] - Using cuda.
[2026-01-17 07:46:29,705] [INFO] - Dataset: cxr8 | Train Size: 2270 | Validation Size: 650 | Test Size: 324
[2026-01-17 07:46:29,707] [INFO] - Initiate model
[2026-01-17 07:46:29,709] [INFO] - Weights Shape: torch.Size([3, 10, 3])
[2026-01-17 07:46:29,711] [INFO] - Bias Shape: torch.Size([2])
[2026-01-17 07:47:34,634] [INFO] - [  100/ 2270] | Cost: 0.7043837 | Accuracy: 0.1800000
[2026-01-17 07:48:29,904] [INFO] - [  200/ 2270] | Cost: 0.6416277 | Accuracy: 0.8400000
[2026-01-17 07:49:51,787] [INFO] - [  300/ 2270] | Cost: 0.5897142 | Accuracy: 0.8500000
[2026-01-17 07:51:00,361] [INFO] - [  400/ 2270] | Cost: 0.5647246 | Accuracy: 0.8200000
[2026-01-17 07:52:12,956] [INFO] - [  500/ 2270] | Cost: 0.4902812 | Accuracy: 0.9000000
[2026-01-17 07:53:15,090] [INFO] - [  600/ 2270] | Cost: 0.4663966 | Accuracy: 0.8900000
[2026-01-17 07:54:20,101] [INFO] - [  700/ 2270] | Cost: 0.4961139 | Accuracy: 0.8300000
[2026-01-17 07:55:24,232] [INFO] - [  800/ 2270] | Cost: 0.4730442 | Accuracy: 0.8400000
[2026-01-17 07:56:19,714] [INFO] - [  900/ 2270] | Cost: 0.4394232 | Accuracy: 0.8600000
[2026-01-17 07:57:29,812] [INFO] - [ 1000/ 2270] | Cost: 0.4671594 | Accuracy: 0.8300000
[2026-01-17 07:58:32,654] [INFO] - [ 1100/ 2270] | Cost: 0.4095395 | Accuracy: 0.8700000
[2026-01-17 07:59:38,691] [INFO] - [ 1200/ 2270] | Cost: 0.4582097 | Accuracy: 0.8300000
[2026-01-17 08:00:57,112] [INFO] - [ 1300/ 2270] | Cost: 0.4292096 | Accuracy: 0.8500000
[2026-01-17 08:02:11,061] [INFO] - [ 1400/ 2270] | Cost: 0.5548475 | Accuracy: 0.7700000
[2026-01-17 08:03:10,967] [INFO] - [ 1500/ 2270] | Cost: 0.4411477 | Accuracy: 0.8400000
[2026-01-17 08:04:03,353] [INFO] - [ 1600/ 2270] | Cost: 0.4580012 | Accuracy: 0.8300000
[2026-01-17 08:05:11,277] [INFO] - [ 1700/ 2270] | Cost: 0.2516363 | Accuracy: 0.9500000
[2026-01-17 08:06:19,826] [INFO] - [ 1800/ 2270] | Cost: 0.2626134 | Accuracy: 0.9400000
[2026-01-17 08:07:26,496] [INFO] - [ 1900/ 2270] | Cost: 0.4027206 | Accuracy: 0.8600000
[2026-01-17 08:08:28,731] [INFO] - [ 2000/ 2270] | Cost: 0.4586430 | Accuracy: 0.8300000
[2026-01-17 08:09:32,318] [INFO] - [ 2100/ 2270] | Cost: 0.4815724 | Accuracy: 0.8200000
[2026-01-17 08:10:30,838] [INFO] - [ 2200/ 2270] | Cost: 0.3669494 | Accuracy: 0.8800000
[2026-01-17 08:11:30,989] [INFO] - [ 2300/ 2270] | Cost: 0.3817461 | Accuracy: 0.8714286
