[2026-01-18 23:15:56,823] [INFO] - seed: 0
image_preprocessing: BilateralFilter
training:
  epochs: 1
  batch_size: 100
  image_width: 32
  lr: 0.05
model:
  num_layers: 3
dataset:
  num_classes: 2
  binary: true
  name: cxr8
  image_width_sweep: 2,4,8,16,32
  orig_width: 1024
embedding:
  name: OQIM
  pca: false
  supports_color: true

[2026-01-18 23:15:56,827] [INFO] - Using cuda.
[2026-01-18 23:15:57,122] [INFO] - Dataset: cxr8 | Train Size: 2270 | Validation Size: 650 | Test Size: 324
[2026-01-18 23:15:57,125] [INFO] - Initiate model
[2026-01-18 23:16:00,859] [INFO] - Weights Shape: torch.Size([3, 12, 3])
[2026-01-18 23:16:00,861] [INFO] - Bias Shape: torch.Size([2])
[2026-01-18 23:28:58,142] [INFO] - [  100/ 2270] | Cost: 0.7136372 | Accuracy: 0.1800000
[2026-01-18 23:41:53,133] [INFO] - [  200/ 2270] | Cost: 0.6622495 | Accuracy: 0.8400000
[2026-01-18 23:55:06,933] [INFO] - [  300/ 2270] | Cost: 0.6182434 | Accuracy: 0.8500000
[2026-01-19 00:08:14,250] [INFO] - [  400/ 2270] | Cost: 0.5925417 | Accuracy: 0.8200000
[2026-01-19 00:20:56,115] [INFO] - [  500/ 2270] | Cost: 0.5254692 | Accuracy: 0.9000000
[2026-01-19 00:34:00,917] [INFO] - [  600/ 2270] | Cost: 0.4961774 | Accuracy: 0.8900000
[2026-01-19 00:46:55,845] [INFO] - [  700/ 2270] | Cost: 0.5116640 | Accuracy: 0.8300000
[2026-01-19 00:59:46,352] [INFO] - [  800/ 2270] | Cost: 0.4843810 | Accuracy: 0.8400000
[2026-01-19 01:13:03,515] [INFO] - [  900/ 2270] | Cost: 0.4487540 | Accuracy: 0.8600000
[2026-01-19 01:26:25,816] [INFO] - [ 1000/ 2270] | Cost: 0.4688944 | Accuracy: 0.8300000
[2026-01-19 01:39:08,837] [INFO] - [ 1100/ 2270] | Cost: 0.4092789 | Accuracy: 0.8700000
[2026-01-19 01:52:25,616] [INFO] - [ 1200/ 2270] | Cost: 0.4573839 | Accuracy: 0.8300000
[2026-01-19 02:05:43,154] [INFO] - [ 1300/ 2270] | Cost: 0.4244761 | Accuracy: 0.8500000
[2026-01-19 02:18:34,015] [INFO] - [ 1400/ 2270] | Cost: 0.5537888 | Accuracy: 0.7700000
[2026-01-19 02:31:42,039] [INFO] - [ 1500/ 2270] | Cost: 0.4393278 | Accuracy: 0.8400000
[2026-01-19 02:44:38,042] [INFO] - [ 1600/ 2270] | Cost: 0.4576788 | Accuracy: 0.8300000
[2026-01-19 02:57:58,137] [INFO] - [ 1700/ 2270] | Cost: 0.2433376 | Accuracy: 0.9500000
[2026-01-19 03:11:03,353] [INFO] - [ 1800/ 2270] | Cost: 0.2571436 | Accuracy: 0.9400000
[2026-01-19 03:24:07,944] [INFO] - [ 1900/ 2270] | Cost: 0.4051149 | Accuracy: 0.8600000
[2026-01-19 03:37:48,516] [INFO] - [ 2000/ 2270] | Cost: 0.4658912 | Accuracy: 0.8300000
[2026-01-19 03:50:26,415] [INFO] - [ 2100/ 2270] | Cost: 0.4893985 | Accuracy: 0.8200000
[2026-01-19 04:03:36,734] [INFO] - [ 2200/ 2270] | Cost: 0.3670225 | Accuracy: 0.8800000
[2026-01-19 04:12:26,349] [INFO] - [ 2300/ 2270] | Cost: 0.3851495 | Accuracy: 0.8714286
