[2026-01-17 05:02:26,954] [INFO] - seed: 0
image_preprocessing: MedianBlur
training:
  epochs: 1
  batch_size: 100
  image_width: 32
  lr: 0.05
model:
  num_layers: 3
dataset:
  num_classes: 2
  binary: true
  name: stl10
  image_width_sweep: 2,4,8,16,32,64
  orig_width: 96
embedding:
  name: NAQSS
  pca: false
  supports_color: false

[2026-01-17 05:02:26,957] [INFO] - Using cuda.
[2026-01-17 05:02:37,247] [INFO] - Dataset: stl10 | Train Size: 1819 | Validation Size: 521 | Test Size: 260
[2026-01-17 05:02:37,250] [INFO] - Initiate model
[2026-01-17 05:02:37,252] [INFO] - Weights Shape: torch.Size([3, 19, 3])
[2026-01-17 05:02:37,253] [INFO] - Bias Shape: torch.Size([2])
[2026-01-17 05:13:07,614] [INFO] - [  100/ 1819] | Cost: 0.6932442 | Accuracy: 0.4600000
[2026-01-17 05:23:25,383] [INFO] - [  200/ 1819] | Cost: 0.6954161 | Accuracy: 0.4900000
[2026-01-17 05:34:37,379] [INFO] - [  300/ 1819] | Cost: 0.6923615 | Accuracy: 0.5200000
[2026-01-17 05:44:42,318] [INFO] - [  400/ 1819] | Cost: 0.6904604 | Accuracy: 0.5600000
[2026-01-17 05:55:07,122] [INFO] - [  500/ 1819] | Cost: 0.6989370 | Accuracy: 0.4400000
[2026-01-17 06:05:31,929] [INFO] - [  600/ 1819] | Cost: 0.6941556 | Accuracy: 0.4900000
[2026-01-17 06:16:05,193] [INFO] - [  700/ 1819] | Cost: 0.6914428 | Accuracy: 0.5700000
[2026-01-17 06:26:48,146] [INFO] - [  800/ 1819] | Cost: 0.6950678 | Accuracy: 0.4300000
[2026-01-17 06:37:32,789] [INFO] - [  900/ 1819] | Cost: 0.6930439 | Accuracy: 0.5700000
[2026-01-17 06:48:22,667] [INFO] - [ 1000/ 1819] | Cost: 0.6940016 | Accuracy: 0.4800000
[2026-01-17 06:58:52,055] [INFO] - [ 1100/ 1819] | Cost: 0.6941463 | Accuracy: 0.4700000
[2026-01-17 07:09:29,167] [INFO] - [ 1200/ 1819] | Cost: 0.6924230 | Accuracy: 0.5300000
[2026-01-17 07:19:44,047] [INFO] - [ 1300/ 1819] | Cost: 0.6940567 | Accuracy: 0.4600000
[2026-01-17 07:30:44,689] [INFO] - [ 1400/ 1819] | Cost: 0.6941316 | Accuracy: 0.4400000
[2026-01-17 07:41:20,083] [INFO] - [ 1500/ 1819] | Cost: 0.6937213 | Accuracy: 0.4500000
[2026-01-17 07:52:11,564] [INFO] - [ 1600/ 1819] | Cost: 0.6922477 | Accuracy: 0.5500000
[2026-01-17 08:02:56,190] [INFO] - [ 1700/ 1819] | Cost: 0.6963850 | Accuracy: 0.4300000
[2026-01-17 08:13:29,860] [INFO] - [ 1800/ 1819] | Cost: 0.6934320 | Accuracy: 0.5000000
[2026-01-17 08:15:22,054] [INFO] - [ 1900/ 1819] | Cost: 0.6912586 | Accuracy: 0.5789474
