[2026-01-16 17:39:48,839] [INFO] - seed: 0
image_preprocessing: HomomorphicFilter
training:
  epochs: 1
  batch_size: 100
  image_width: 32
  lr: 0.05
model:
  num_layers: 3
dataset:
  num_classes: 2
  binary: true
  name: eurosat_rgb
  image_width_sweep: '64'
  orig_width: 64
embedding:
  name: FRQI
  pca: false
  supports_color: false

[2026-01-16 17:39:48,841] [INFO] - Using cuda.
[2026-01-16 17:39:48,890] [INFO] - Dataset: eurosat_rgb | Train Size: 4200 | Validation Size: 1200 | Test Size: 600
[2026-01-16 17:39:48,892] [INFO] - Initiate model
[2026-01-16 17:39:48,894] [INFO] - Weights Shape: torch.Size([3, 11, 3])
[2026-01-16 17:39:48,895] [INFO] - Bias Shape: torch.Size([2])
[2026-01-16 17:41:56,701] [INFO] - [  100/ 4200] | Cost: 0.6991136 | Accuracy: 0.4400000
[2026-01-16 17:43:52,098] [INFO] - [  200/ 4200] | Cost: 0.6881034 | Accuracy: 0.5700000
[2026-01-16 17:45:53,497] [INFO] - [  300/ 4200] | Cost: 0.7109144 | Accuracy: 0.4500000
[2026-01-16 17:47:44,062] [INFO] - [  400/ 4200] | Cost: 0.7028166 | Accuracy: 0.4700000
[2026-01-16 17:49:36,549] [INFO] - [  500/ 4200] | Cost: 0.6958179 | Accuracy: 0.4900000
[2026-01-16 17:51:30,718] [INFO] - [  600/ 4200] | Cost: 0.6860738 | Accuracy: 0.5500000
[2026-01-16 17:53:37,790] [INFO] - [  700/ 4200] | Cost: 0.6892332 | Accuracy: 0.5300000
[2026-01-16 17:55:32,434] [INFO] - [  800/ 4200] | Cost: 0.6877190 | Accuracy: 0.6700000
[2026-01-16 17:57:28,402] [INFO] - [  900/ 4200] | Cost: 0.6847129 | Accuracy: 0.6300000
[2026-01-16 17:59:23,137] [INFO] - [ 1000/ 4200] | Cost: 0.6825796 | Accuracy: 0.5700000
[2026-01-16 18:01:14,713] [INFO] - [ 1100/ 4200] | Cost: 0.6925122 | Accuracy: 0.4700000
[2026-01-16 18:03:11,807] [INFO] - [ 1200/ 4200] | Cost: 0.6945572 | Accuracy: 0.4800000
[2026-01-16 18:05:10,252] [INFO] - [ 1300/ 4200] | Cost: 0.6946234 | Accuracy: 0.4400000
[2026-01-16 18:07:03,339] [INFO] - [ 1400/ 4200] | Cost: 0.6765877 | Accuracy: 0.6100000
[2026-01-16 18:08:57,665] [INFO] - [ 1500/ 4200] | Cost: 0.6819330 | Accuracy: 0.5800000
[2026-01-16 18:11:05,158] [INFO] - [ 1600/ 4200] | Cost: 0.6892185 | Accuracy: 0.5400000
[2026-01-16 18:12:57,970] [INFO] - [ 1700/ 4200] | Cost: 0.6813599 | Accuracy: 0.5700000
[2026-01-16 18:15:07,460] [INFO] - [ 1800/ 4200] | Cost: 0.6769104 | Accuracy: 0.6000000
[2026-01-16 18:17:05,626] [INFO] - [ 1900/ 4200] | Cost: 0.6751204 | Accuracy: 0.6100000
[2026-01-16 18:19:00,709] [INFO] - [ 2000/ 4200] | Cost: 0.6696495 | Accuracy: 0.6100000
[2026-01-16 18:20:52,822] [INFO] - [ 2100/ 4200] | Cost: 0.6626689 | Accuracy: 0.7100000
[2026-01-16 18:22:41,554] [INFO] - [ 2200/ 4200] | Cost: 0.6656323 | Accuracy: 0.6400000
[2026-01-16 18:24:40,847] [INFO] - [ 2300/ 4200] | Cost: 0.6691693 | Accuracy: 0.6100000
[2026-01-16 18:26:46,182] [INFO] - [ 2400/ 4200] | Cost: 0.6549814 | Accuracy: 0.6900000
[2026-01-16 18:28:47,226] [INFO] - [ 2500/ 4200] | Cost: 0.6405388 | Accuracy: 0.7400000
[2026-01-16 18:30:56,646] [INFO] - [ 2600/ 4200] | Cost: 0.6669173 | Accuracy: 0.6500000
[2026-01-16 18:33:07,850] [INFO] - [ 2700/ 4200] | Cost: 0.6497705 | Accuracy: 0.6900000
[2026-01-16 18:34:57,054] [INFO] - [ 2800/ 4200] | Cost: 0.6376096 | Accuracy: 0.7000000
[2026-01-16 18:36:57,697] [INFO] - [ 2900/ 4200] | Cost: 0.6419606 | Accuracy: 0.7100000
[2026-01-16 18:39:05,170] [INFO] - [ 3000/ 4200] | Cost: 0.6571658 | Accuracy: 0.5700000
[2026-01-16 18:41:04,574] [INFO] - [ 3100/ 4200] | Cost: 0.6661749 | Accuracy: 0.5700000
[2026-01-16 18:43:00,480] [INFO] - [ 3200/ 4200] | Cost: 0.6596834 | Accuracy: 0.6200000
[2026-01-16 18:45:05,351] [INFO] - [ 3300/ 4200] | Cost: 0.6505646 | Accuracy: 0.6800000
[2026-01-16 18:47:08,517] [INFO] - [ 3400/ 4200] | Cost: 0.6324781 | Accuracy: 0.7100000
[2026-01-16 18:49:11,978] [INFO] - [ 3500/ 4200] | Cost: 0.6491885 | Accuracy: 0.6800000
[2026-01-16 18:51:10,235] [INFO] - [ 3600/ 4200] | Cost: 0.6465321 | Accuracy: 0.6200000
[2026-01-16 18:53:04,865] [INFO] - [ 3700/ 4200] | Cost: 0.6156726 | Accuracy: 0.7400000
[2026-01-16 18:55:05,750] [INFO] - [ 3800/ 4200] | Cost: 0.6465624 | Accuracy: 0.6200000
[2026-01-16 18:57:03,248] [INFO] - [ 3900/ 4200] | Cost: 0.6426533 | Accuracy: 0.6500000
[2026-01-16 18:59:07,086] [INFO] - [ 4000/ 4200] | Cost: 0.5982742 | Accuracy: 0.7800000
[2026-01-16 19:01:10,852] [INFO] - [ 4100/ 4200] | Cost: 0.6117852 | Accuracy: 0.7200000
[2026-01-16 19:03:08,326] [INFO] - [ 4200/ 4200] | Cost: 0.6291743 | Accuracy: 0.6800000
[2026-01-16 19:18:14,897] [INFO] - Model dict saved to /workspace/persistent/embedding_colosseum/multirun/2026-01-15/22-04-31/137/saved_models/model_epoch-0.pt
[2026-01-16 19:18:14,913] [INFO] - Validation for epoch   0 | Cost: 0.6274374 | Accuracy: 0.6933333
