[2026-01-17 06:36:43,568] [INFO] - seed: 0
image_preprocessing: GaussianBlur
training:
  epochs: 1
  batch_size: 100
  image_width: 32
  lr: 0.05
model:
  num_layers: 3
dataset:
  num_classes: 2
  binary: true
  name: cxr8
  image_width_sweep: 2,4,8,16,32,64
  orig_width: 1024
embedding:
  name: NAQSS
  pca: false
  supports_color: false

[2026-01-17 06:36:43,572] [INFO] - Using cuda.
[2026-01-17 06:36:43,696] [INFO] - Dataset: cxr8 | Train Size: 2270 | Validation Size: 650 | Test Size: 324
[2026-01-17 06:36:43,698] [INFO] - Initiate model
[2026-01-17 06:36:43,912] [INFO] - Weights Shape: torch.Size([3, 19, 3])
[2026-01-17 06:36:43,913] [INFO] - Bias Shape: torch.Size([2])
[2026-01-17 06:46:44,046] [INFO] - [  100/ 2270] | Cost: 0.6930771 | Accuracy: 0.5200000
[2026-01-17 06:57:01,129] [INFO] - [  200/ 2270] | Cost: 0.6603206 | Accuracy: 0.8400000
[2026-01-17 07:07:32,911] [INFO] - [  300/ 2270] | Cost: 0.6282346 | Accuracy: 0.8500000
[2026-01-17 07:18:02,117] [INFO] - [  400/ 2270] | Cost: 0.6084969 | Accuracy: 0.8200000
[2026-01-17 07:29:02,391] [INFO] - [  500/ 2270] | Cost: 0.5535538 | Accuracy: 0.9000000
[2026-01-17 07:39:43,310] [INFO] - [  600/ 2270] | Cost: 0.5300905 | Accuracy: 0.8900000
[2026-01-17 07:50:48,355] [INFO] - [  700/ 2270] | Cost: 0.5404803 | Accuracy: 0.8300000
[2026-01-17 08:01:40,165] [INFO] - [  800/ 2270] | Cost: 0.5168328 | Accuracy: 0.8400000
[2026-01-17 08:12:31,619] [INFO] - [  900/ 2270] | Cost: 0.4859037 | Accuracy: 0.8600000
[2026-01-17 08:23:16,508] [INFO] - [ 1000/ 2270] | Cost: 0.4972149 | Accuracy: 0.8300000
[2026-01-17 08:33:35,394] [INFO] - [ 1100/ 2270] | Cost: 0.4482407 | Accuracy: 0.8700000
[2026-01-17 08:43:03,404] [INFO] - [ 1200/ 2270] | Cost: 0.4784558 | Accuracy: 0.8300000
[2026-01-17 08:51:36,434] [INFO] - [ 1300/ 2270] | Cost: 0.4489735 | Accuracy: 0.8500000
[2026-01-17 08:59:33,827] [INFO] - [ 1400/ 2270] | Cost: 0.5393715 | Accuracy: 0.7700000
[2026-01-17 09:07:20,531] [INFO] - [ 1500/ 2270] | Cost: 0.4499426 | Accuracy: 0.8400000
[2026-01-17 09:15:10,487] [INFO] - [ 1600/ 2270] | Cost: 0.4601069 | Accuracy: 0.8300000
[2026-01-17 09:22:36,868] [INFO] - [ 1700/ 2270] | Cost: 0.2882383 | Accuracy: 0.9500000
[2026-01-17 09:29:58,223] [INFO] - [ 1800/ 2270] | Cost: 0.2938246 | Accuracy: 0.9400000
[2026-01-17 09:37:34,482] [INFO] - [ 1900/ 2270] | Cost: 0.4096297 | Accuracy: 0.8600000
[2026-01-17 09:44:44,567] [INFO] - [ 2000/ 2270] | Cost: 0.4559496 | Accuracy: 0.8300000
[2026-01-17 09:51:55,373] [INFO] - [ 2100/ 2270] | Cost: 0.4729688 | Accuracy: 0.8200000
[2026-01-17 09:59:14,766] [INFO] - [ 2200/ 2270] | Cost: 0.3712473 | Accuracy: 0.8800000
[2026-01-17 10:04:18,902] [INFO] - [ 2300/ 2270] | Cost: 0.3849171 | Accuracy: 0.8714286
