[2026-01-17 06:07:18,027] [INFO] - seed: 0
image_preprocessing: None
training:
  epochs: 1
  batch_size: 100
  image_width: 16
  lr: 0.05
model:
  num_layers: 3
dataset:
  num_classes: 2
  binary: true
  name: cxr8
  image_width_sweep: 2,4,8,16,32,64
  orig_width: 1024
embedding:
  name: NAQSS
  pca: false
  supports_color: false

[2026-01-17 06:07:18,029] [INFO] - Using cuda.
[2026-01-17 06:07:18,150] [INFO] - Dataset: cxr8 | Train Size: 2270 | Validation Size: 650 | Test Size: 324
[2026-01-17 06:07:18,152] [INFO] - Initiate model
[2026-01-17 06:07:18,154] [INFO] - Weights Shape: torch.Size([3, 17, 3])
[2026-01-17 06:07:18,155] [INFO] - Bias Shape: torch.Size([2])
[2026-01-17 06:09:55,712] [INFO] - [  100/ 2270] | Cost: 0.6929999 | Accuracy: 0.5600000
[2026-01-17 06:12:16,369] [INFO] - [  200/ 2270] | Cost: 0.6605493 | Accuracy: 0.8400000
[2026-01-17 06:15:06,419] [INFO] - [  300/ 2270] | Cost: 0.6280832 | Accuracy: 0.8500000
[2026-01-17 06:17:11,287] [INFO] - [  400/ 2270] | Cost: 0.6084524 | Accuracy: 0.8200000
[2026-01-17 06:19:46,342] [INFO] - [  500/ 2270] | Cost: 0.5537124 | Accuracy: 0.9000000
[2026-01-17 06:22:21,156] [INFO] - [  600/ 2270] | Cost: 0.5298231 | Accuracy: 0.8900000
[2026-01-17 06:24:54,980] [INFO] - [  700/ 2270] | Cost: 0.5404835 | Accuracy: 0.8300000
[2026-01-17 06:27:28,466] [INFO] - [  800/ 2270] | Cost: 0.5168789 | Accuracy: 0.8400000
[2026-01-17 06:29:56,239] [INFO] - [  900/ 2270] | Cost: 0.4860074 | Accuracy: 0.8600000
[2026-01-17 06:32:43,273] [INFO] - [ 1000/ 2270] | Cost: 0.4970260 | Accuracy: 0.8300000
[2026-01-17 06:35:13,774] [INFO] - [ 1100/ 2270] | Cost: 0.4483131 | Accuracy: 0.8700000
[2026-01-17 06:37:59,973] [INFO] - [ 1200/ 2270] | Cost: 0.4786622 | Accuracy: 0.8300000
[2026-01-17 06:40:19,879] [INFO] - [ 1300/ 2270] | Cost: 0.4491003 | Accuracy: 0.8500000
[2026-01-17 06:43:00,496] [INFO] - [ 1400/ 2270] | Cost: 0.5391481 | Accuracy: 0.7700000
[2026-01-17 06:45:27,439] [INFO] - [ 1500/ 2270] | Cost: 0.4497399 | Accuracy: 0.8400000
[2026-01-17 06:48:22,840] [INFO] - [ 1600/ 2270] | Cost: 0.4596683 | Accuracy: 0.8300000
[2026-01-17 06:50:54,776] [INFO] - [ 1700/ 2270] | Cost: 0.2882625 | Accuracy: 0.9500000
[2026-01-17 06:53:25,181] [INFO] - [ 1800/ 2270] | Cost: 0.2938539 | Accuracy: 0.9400000
[2026-01-17 06:56:20,975] [INFO] - [ 1900/ 2270] | Cost: 0.4095182 | Accuracy: 0.8600000
[2026-01-17 06:58:53,282] [INFO] - [ 2000/ 2270] | Cost: 0.4558744 | Accuracy: 0.8300000
[2026-01-17 07:01:27,611] [INFO] - [ 2100/ 2270] | Cost: 0.4730375 | Accuracy: 0.8200000
[2026-01-17 07:03:46,854] [INFO] - [ 2200/ 2270] | Cost: 0.3712912 | Accuracy: 0.8800000
[2026-01-17 07:05:53,686] [INFO] - [ 2300/ 2270] | Cost: 0.3848966 | Accuracy: 0.8714286
