[2026-01-17 06:26:30,825] [INFO] - seed: 0
image_preprocessing: GaussianBlur
training:
  epochs: 1
  batch_size: 100
  image_width: 16
  lr: 0.05
model:
  num_layers: 3
dataset:
  num_classes: 2
  binary: true
  name: cxr8
  image_width_sweep: 2,4,8,16,32,64
  orig_width: 1024
embedding:
  name: NEQR
  pca: false
  supports_color: true

[2026-01-17 06:26:30,827] [INFO] - Using cuda.
[2026-01-17 06:26:30,971] [INFO] - Dataset: cxr8 | Train Size: 2270 | Validation Size: 650 | Test Size: 324
[2026-01-17 06:26:30,974] [INFO] - Initiate model
[2026-01-17 06:26:30,976] [INFO] - Weights Shape: torch.Size([3, 16, 3])
[2026-01-17 06:26:30,977] [INFO] - Bias Shape: torch.Size([2])
[2026-01-17 06:28:09,534] [INFO] - [  100/ 2270] | Cost: 0.6928003 | Accuracy: 0.5700000
[2026-01-17 06:29:44,369] [INFO] - [  200/ 2270] | Cost: 0.6603476 | Accuracy: 0.8400000
[2026-01-17 06:31:29,222] [INFO] - [  300/ 2270] | Cost: 0.6285341 | Accuracy: 0.8500000
[2026-01-17 06:33:04,365] [INFO] - [  400/ 2270] | Cost: 0.6087846 | Accuracy: 0.8200000
[2026-01-17 06:34:44,631] [INFO] - [  500/ 2270] | Cost: 0.5534390 | Accuracy: 0.9000000
[2026-01-17 06:36:43,711] [INFO] - [  600/ 2270] | Cost: 0.5295950 | Accuracy: 0.8900000
[2026-01-17 06:38:22,189] [INFO] - [  700/ 2270] | Cost: 0.5403275 | Accuracy: 0.8300000
[2026-01-17 06:39:56,035] [INFO] - [  800/ 2270] | Cost: 0.5163003 | Accuracy: 0.8400000
[2026-01-17 06:41:18,764] [INFO] - [  900/ 2270] | Cost: 0.4856086 | Accuracy: 0.8600000
[2026-01-17 06:43:04,341] [INFO] - [ 1000/ 2270] | Cost: 0.4969152 | Accuracy: 0.8300000
[2026-01-17 06:44:35,477] [INFO] - [ 1100/ 2270] | Cost: 0.4481753 | Accuracy: 0.8700000
[2026-01-17 06:46:06,422] [INFO] - [ 1200/ 2270] | Cost: 0.4790044 | Accuracy: 0.8300000
[2026-01-17 06:48:04,434] [INFO] - [ 1300/ 2270] | Cost: 0.4484949 | Accuracy: 0.8500000
[2026-01-17 06:49:34,837] [INFO] - [ 1400/ 2270] | Cost: 0.5391632 | Accuracy: 0.7700000
[2026-01-17 06:51:03,949] [INFO] - [ 1500/ 2270] | Cost: 0.4498894 | Accuracy: 0.8400000
[2026-01-17 06:52:49,973] [INFO] - [ 1600/ 2270] | Cost: 0.4595679 | Accuracy: 0.8300000
[2026-01-17 06:54:48,242] [INFO] - [ 1700/ 2270] | Cost: 0.2884355 | Accuracy: 0.9500000
[2026-01-17 06:56:33,267] [INFO] - [ 1800/ 2270] | Cost: 0.2936240 | Accuracy: 0.9400000
[2026-01-17 06:58:05,199] [INFO] - [ 1900/ 2270] | Cost: 0.4093166 | Accuracy: 0.8600000
[2026-01-17 06:59:52,404] [INFO] - [ 2000/ 2270] | Cost: 0.4557486 | Accuracy: 0.8300000
[2026-01-17 07:01:22,983] [INFO] - [ 2100/ 2270] | Cost: 0.4731606 | Accuracy: 0.8200000
[2026-01-17 07:02:58,150] [INFO] - [ 2200/ 2270] | Cost: 0.3713244 | Accuracy: 0.8800000
[2026-01-17 07:04:11,567] [INFO] - [ 2300/ 2270] | Cost: 0.3851783 | Accuracy: 0.8714286
