[2026-01-17 05:43:49,898] [INFO] - seed: 0
image_preprocessing: HomomorphicFilter
training:
  epochs: 1
  batch_size: 100
  image_width: 16
  lr: 0.05
model:
  num_layers: 3
dataset:
  num_classes: 2
  binary: true
  name: stl10
  image_width_sweep: 2,4,8,16,32,64
  orig_width: 96
embedding:
  name: OQIM
  pca: false
  supports_color: true

[2026-01-17 05:43:49,901] [INFO] - Using cuda.
[2026-01-17 05:44:01,202] [INFO] - Dataset: stl10 | Train Size: 1819 | Validation Size: 521 | Test Size: 260
[2026-01-17 05:44:01,206] [INFO] - Initiate model
[2026-01-17 05:44:01,208] [INFO] - Weights Shape: torch.Size([3, 10, 3])
[2026-01-17 05:44:01,209] [INFO] - Bias Shape: torch.Size([2])
[2026-01-17 05:45:00,789] [INFO] - [  100/ 1819] | Cost: 0.6906232 | Accuracy: 0.5500000
[2026-01-17 05:46:29,216] [INFO] - [  200/ 1819] | Cost: 0.6871101 | Accuracy: 0.4900000
[2026-01-17 05:47:14,944] [INFO] - [  300/ 1819] | Cost: 0.6802423 | Accuracy: 0.5400000
[2026-01-17 05:48:14,454] [INFO] - [  400/ 1819] | Cost: 0.6782207 | Accuracy: 0.6400000
[2026-01-17 05:49:14,136] [INFO] - [  500/ 1819] | Cost: 0.6894695 | Accuracy: 0.5000000
[2026-01-17 05:50:16,981] [INFO] - [  600/ 1819] | Cost: 0.6792050 | Accuracy: 0.6300000
[2026-01-17 05:51:33,197] [INFO] - [  700/ 1819] | Cost: 0.6735444 | Accuracy: 0.6600000
[2026-01-17 05:52:46,898] [INFO] - [  800/ 1819] | Cost: 0.6747860 | Accuracy: 0.6600000
[2026-01-17 05:53:39,982] [INFO] - [  900/ 1819] | Cost: 0.6791129 | Accuracy: 0.6400000
[2026-01-17 05:54:38,796] [INFO] - [ 1000/ 1819] | Cost: 0.6812031 | Accuracy: 0.5600000
[2026-01-17 05:55:45,758] [INFO] - [ 1100/ 1819] | Cost: 0.6801594 | Accuracy: 0.5600000
[2026-01-17 05:57:00,617] [INFO] - [ 1200/ 1819] | Cost: 0.6727019 | Accuracy: 0.6000000
[2026-01-17 05:58:13,209] [INFO] - [ 1300/ 1819] | Cost: 0.6754444 | Accuracy: 0.6900000
[2026-01-17 05:59:12,061] [INFO] - [ 1400/ 1819] | Cost: 0.6715475 | Accuracy: 0.6200000
[2026-01-17 06:00:12,884] [INFO] - [ 1500/ 1819] | Cost: 0.6720172 | Accuracy: 0.6300000
[2026-01-17 06:01:22,171] [INFO] - [ 1600/ 1819] | Cost: 0.6744158 | Accuracy: 0.5700000
[2026-01-17 06:02:36,520] [INFO] - [ 1700/ 1819] | Cost: 0.6819627 | Accuracy: 0.5900000
[2026-01-17 06:03:53,262] [INFO] - [ 1800/ 1819] | Cost: 0.6502147 | Accuracy: 0.6100000
[2026-01-17 06:04:06,136] [INFO] - [ 1900/ 1819] | Cost: 0.7038887 | Accuracy: 0.4736842
