[2026-01-18 23:15:57,449] [INFO] - seed: 0
image_preprocessing: BilateralFilter
training:
  epochs: 1
  batch_size: 100
  image_width: 32
  lr: 0.05
model:
  num_layers: 3
dataset:
  num_classes: 2
  binary: true
  name: cxr8
  image_width_sweep: 2,4,8,16,32
  orig_width: 1024
embedding:
  name: NAQSS
  pca: false
  supports_color: false

[2026-01-18 23:15:57,516] [INFO] - Using cuda.
[2026-01-18 23:15:57,739] [INFO] - Dataset: cxr8 | Train Size: 2270 | Validation Size: 650 | Test Size: 324
[2026-01-18 23:15:57,742] [INFO] - Initiate model
[2026-01-18 23:16:01,622] [INFO] - Weights Shape: torch.Size([3, 19, 3])
[2026-01-18 23:16:01,624] [INFO] - Bias Shape: torch.Size([2])
[2026-01-19 00:17:31,643] [INFO] - [  100/ 2270] | Cost: 0.6930196 | Accuracy: 0.5500000
[2026-01-19 01:18:20,138] [INFO] - [  200/ 2270] | Cost: 0.6603532 | Accuracy: 0.8400000
[2026-01-19 02:19:56,341] [INFO] - [  300/ 2270] | Cost: 0.6280699 | Accuracy: 0.8500000
[2026-01-19 03:21:42,223] [INFO] - [  400/ 2270] | Cost: 0.6083115 | Accuracy: 0.8200000
[2026-01-19 04:23:52,224] [INFO] - [  500/ 2270] | Cost: 0.5536579 | Accuracy: 0.9000000
[2026-01-19 05:25:24,052] [INFO] - [  600/ 2270] | Cost: 0.5299770 | Accuracy: 0.8900000
[2026-01-19 06:27:33,616] [INFO] - [  700/ 2270] | Cost: 0.5403916 | Accuracy: 0.8300000
[2026-01-19 07:28:52,060] [INFO] - [  800/ 2270] | Cost: 0.5168783 | Accuracy: 0.8400000
[2026-01-19 08:25:42,539] [INFO] - [  900/ 2270] | Cost: 0.4857092 | Accuracy: 0.8600000
