[2026-01-17 03:04:38,031] [INFO] - seed: 0
image_preprocessing: None
training:
  epochs: 1
  batch_size: 100
  image_width: 32
  lr: 0.05
model:
  num_layers: 3
dataset:
  num_classes: 2
  binary: true
  name: stl10
  image_width_sweep: 2,4,8,16,32,64
  orig_width: 96
embedding:
  name: OQIM
  pca: false
  supports_color: true

[2026-01-17 03:04:38,033] [INFO] - Using cuda.
[2026-01-17 03:04:48,336] [INFO] - Dataset: stl10 | Train Size: 1819 | Validation Size: 521 | Test Size: 260
[2026-01-17 03:04:48,339] [INFO] - Initiate model
[2026-01-17 03:04:48,341] [INFO] - Weights Shape: torch.Size([3, 12, 3])
[2026-01-17 03:04:48,342] [INFO] - Bias Shape: torch.Size([2])
[2026-01-17 03:07:38,125] [INFO] - [  100/ 1819] | Cost: 0.6958835 | Accuracy: 0.4800000
[2026-01-17 03:10:23,400] [INFO] - [  200/ 1819] | Cost: 0.6958560 | Accuracy: 0.4900000
[2026-01-17 03:13:01,567] [INFO] - [  300/ 1819] | Cost: 0.6919024 | Accuracy: 0.5200000
[2026-01-17 03:15:47,775] [INFO] - [  400/ 1819] | Cost: 0.6874122 | Accuracy: 0.5600000
[2026-01-17 03:18:35,849] [INFO] - [  500/ 1819] | Cost: 0.7018647 | Accuracy: 0.4400000
[2026-01-17 03:21:28,007] [INFO] - [  600/ 1819] | Cost: 0.6925659 | Accuracy: 0.4900000
[2026-01-17 03:24:31,094] [INFO] - [  700/ 1819] | Cost: 0.6863284 | Accuracy: 0.5700000
[2026-01-17 03:27:26,097] [INFO] - [  800/ 1819] | Cost: 0.6901634 | Accuracy: 0.4600000
[2026-01-17 03:30:20,849] [INFO] - [  900/ 1819] | Cost: 0.6876212 | Accuracy: 0.6400000
[2026-01-17 03:33:26,048] [INFO] - [ 1000/ 1819] | Cost: 0.6856908 | Accuracy: 0.6200000
[2026-01-17 03:36:20,642] [INFO] - [ 1100/ 1819] | Cost: 0.6860172 | Accuracy: 0.5900000
[2026-01-17 03:39:17,218] [INFO] - [ 1200/ 1819] | Cost: 0.6818143 | Accuracy: 0.6100000
[2026-01-17 03:42:10,114] [INFO] - [ 1300/ 1819] | Cost: 0.6830776 | Accuracy: 0.6000000
[2026-01-17 03:45:09,443] [INFO] - [ 1400/ 1819] | Cost: 0.6677396 | Accuracy: 0.7000000
[2026-01-17 03:47:47,312] [INFO] - [ 1500/ 1819] | Cost: 0.6774373 | Accuracy: 0.6500000
[2026-01-17 03:50:42,596] [INFO] - [ 1600/ 1819] | Cost: 0.6757756 | Accuracy: 0.6000000
[2026-01-17 03:53:10,547] [INFO] - [ 1700/ 1819] | Cost: 0.6867801 | Accuracy: 0.5200000
[2026-01-17 03:55:50,294] [INFO] - [ 1800/ 1819] | Cost: 0.6532650 | Accuracy: 0.6400000
[2026-01-17 03:56:24,989] [INFO] - [ 1900/ 1819] | Cost: 0.6706612 | Accuracy: 0.5789474
