[2026-01-17 05:13:57,119] [INFO] - seed: 0
image_preprocessing: BilateralFilter
training:
  epochs: 1
  batch_size: 100
  image_width: 16
  lr: 0.05
model:
  num_layers: 3
dataset:
  num_classes: 2
  binary: true
  name: stl10
  image_width_sweep: 2,4,8,16,32,64
  orig_width: 96
embedding:
  name: NEQR
  pca: false
  supports_color: true

[2026-01-17 05:13:57,121] [INFO] - Using cuda.
[2026-01-17 05:14:08,905] [INFO] - Dataset: stl10 | Train Size: 1819 | Validation Size: 521 | Test Size: 260
[2026-01-17 05:14:08,908] [INFO] - Initiate model
[2026-01-17 05:14:08,911] [INFO] - Weights Shape: torch.Size([3, 16, 3])
[2026-01-17 05:14:08,912] [INFO] - Bias Shape: torch.Size([2])
[2026-01-17 05:15:22,128] [INFO] - [  100/ 1819] | Cost: 0.6929286 | Accuracy: 0.5500000
[2026-01-17 05:17:13,850] [INFO] - [  200/ 1819] | Cost: 0.6954584 | Accuracy: 0.4900000
[2026-01-17 05:18:42,014] [INFO] - [  300/ 1819] | Cost: 0.6928356 | Accuracy: 0.5200000
[2026-01-17 05:20:11,502] [INFO] - [  400/ 1819] | Cost: 0.6905698 | Accuracy: 0.5600000
[2026-01-17 05:21:57,583] [INFO] - [  500/ 1819] | Cost: 0.6990544 | Accuracy: 0.4400000
[2026-01-17 05:23:28,278] [INFO] - [  600/ 1819] | Cost: 0.6943055 | Accuracy: 0.4900000
[2026-01-17 05:25:16,934] [INFO] - [  700/ 1819] | Cost: 0.6917371 | Accuracy: 0.5700000
[2026-01-17 05:26:32,521] [INFO] - [  800/ 1819] | Cost: 0.6948071 | Accuracy: 0.4300000
[2026-01-17 05:28:37,458] [INFO] - [  900/ 1819] | Cost: 0.6932675 | Accuracy: 0.5000000
[2026-01-17 05:30:19,156] [INFO] - [ 1000/ 1819] | Cost: 0.6933973 | Accuracy: 0.4800000
[2026-01-17 05:31:55,504] [INFO] - [ 1100/ 1819] | Cost: 0.6939794 | Accuracy: 0.4700000
[2026-01-17 05:33:45,870] [INFO] - [ 1200/ 1819] | Cost: 0.6926515 | Accuracy: 0.5300000
[2026-01-17 05:35:25,072] [INFO] - [ 1300/ 1819] | Cost: 0.6953131 | Accuracy: 0.4600000
[2026-01-17 05:36:53,500] [INFO] - [ 1400/ 1819] | Cost: 0.6946883 | Accuracy: 0.4400000
[2026-01-17 05:38:26,045] [INFO] - [ 1500/ 1819] | Cost: 0.6932943 | Accuracy: 0.4700000
[2026-01-17 05:40:24,639] [INFO] - [ 1600/ 1819] | Cost: 0.6922029 | Accuracy: 0.5500000
[2026-01-17 05:42:01,508] [INFO] - [ 1700/ 1819] | Cost: 0.6956008 | Accuracy: 0.4300000
[2026-01-17 05:43:30,600] [INFO] - [ 1800/ 1819] | Cost: 0.6932423 | Accuracy: 0.5000000
[2026-01-17 05:43:48,952] [INFO] - [ 1900/ 1819] | Cost: 0.6900250 | Accuracy: 0.5789474
