[2026-01-19 07:39:47,842] [INFO] - seed: 0
image_preprocessing: ContrastScaling
training:
  epochs: 1
  batch_size: 100
  image_width: 32
  lr: 0.05
model:
  num_layers: 3
dataset:
  num_classes: 2
  binary: true
  name: fashion
  image_width_sweep: 16,32
  orig_width: 28
embedding:
  name: OQIM
  pca: false
  supports_color: true

[2026-01-19 07:39:47,844] [INFO] - Using cuda.
[2026-01-19 07:39:48,824] [INFO] - Dataset: fashion | Train Size: 9800 | Validation Size: 2800 | Test Size: 1400
[2026-01-19 07:39:48,828] [INFO] - Initiate model
[2026-01-19 07:39:48,831] [INFO] - Weights Shape: torch.Size([3, 12, 3])
[2026-01-19 07:39:48,832] [INFO] - Bias Shape: torch.Size([2])
[2026-01-19 07:50:53,746] [INFO] - [  100/ 9800] | Cost: 0.6919035 | Accuracy: 0.5600000
[2026-01-19 08:02:28,443] [INFO] - [  200/ 9800] | Cost: 0.6739206 | Accuracy: 0.6100000
[2026-01-19 08:13:42,923] [INFO] - [  300/ 9800] | Cost: 0.7086534 | Accuracy: 0.5000000
[2026-01-19 08:25:14,059] [INFO] - [  400/ 9800] | Cost: 0.7361357 | Accuracy: 0.4100000
[2026-01-19 08:36:46,620] [INFO] - [  500/ 9800] | Cost: 0.7004116 | Accuracy: 0.4800000
[2026-01-19 08:48:10,315] [INFO] - [  600/ 9800] | Cost: 0.6916655 | Accuracy: 0.4800000
[2026-01-19 08:59:29,848] [INFO] - [  700/ 9800] | Cost: 0.6854370 | Accuracy: 0.4800000
