[2026-01-17 19:04:22,517] [INFO] - seed: 0
image_preprocessing: HomomorphicFilter
training:
  epochs: 1
  batch_size: 100
  image_width: 32
  lr: 0.05
model:
  num_layers: 3
dataset:
  num_classes: 2
  binary: true
  name: stl10
  image_width_sweep: 2,4,8,16,32,64
  orig_width: 96
embedding:
  name: AngleEncoding
  pca: true
  supports_color: true

[2026-01-17 19:04:22,522] [INFO] - Using cuda.
[2026-01-17 19:04:32,851] [INFO] - Dataset: stl10 | Train Size: 1819 | Validation Size: 521 | Test Size: 260
[2026-01-17 19:04:32,857] [INFO] - Applying PCA Loader to the dataset
[2026-01-17 19:04:35,902] [INFO] - Initiate model
[2026-01-17 19:04:35,973] [INFO] - Weights Shape: torch.Size([3, 6, 3])
[2026-01-17 19:04:35,974] [INFO] - Bias Shape: torch.Size([2])
[2026-01-17 19:05:29,620] [INFO] - [  100/ 1819] | Cost: 0.6868354 | Accuracy: 0.5600000
[2026-01-17 19:06:23,072] [INFO] - [  200/ 1819] | Cost: 0.6976779 | Accuracy: 0.4600000
[2026-01-17 19:07:16,502] [INFO] - [  300/ 1819] | Cost: 0.6819890 | Accuracy: 0.5200000
[2026-01-17 19:08:09,871] [INFO] - [  400/ 1819] | Cost: 0.6745650 | Accuracy: 0.6300000
[2026-01-17 19:09:03,054] [INFO] - [  500/ 1819] | Cost: 0.6788786 | Accuracy: 0.6200000
[2026-01-17 19:09:56,447] [INFO] - [  600/ 1819] | Cost: 0.6677464 | Accuracy: 0.6600000
[2026-01-17 19:10:49,875] [INFO] - [  700/ 1819] | Cost: 0.6603852 | Accuracy: 0.6400000
[2026-01-17 19:11:43,284] [INFO] - [  800/ 1819] | Cost: 0.6691017 | Accuracy: 0.6000000
[2026-01-17 19:12:36,457] [INFO] - [  900/ 1819] | Cost: 0.6505747 | Accuracy: 0.6300000
[2026-01-17 19:13:29,840] [INFO] - [ 1000/ 1819] | Cost: 0.6835134 | Accuracy: 0.5400000
[2026-01-17 19:14:23,223] [INFO] - [ 1100/ 1819] | Cost: 0.6563959 | Accuracy: 0.6700000
[2026-01-17 19:15:16,618] [INFO] - [ 1200/ 1819] | Cost: 0.6671927 | Accuracy: 0.6100000
[2026-01-17 19:16:00,809] [INFO] - [ 1300/ 1819] | Cost: 0.6642861 | Accuracy: 0.6400000
[2026-01-17 19:16:43,235] [INFO] - [ 1400/ 1819] | Cost: 0.6319382 | Accuracy: 0.7100000
[2026-01-17 19:17:25,648] [INFO] - [ 1500/ 1819] | Cost: 0.6706429 | Accuracy: 0.5800000
[2026-01-17 19:18:08,192] [INFO] - [ 1600/ 1819] | Cost: 0.6538024 | Accuracy: 0.6000000
[2026-01-17 19:19:00,711] [INFO] - [ 1700/ 1819] | Cost: 0.6594443 | Accuracy: 0.6100000
[2026-01-17 19:19:54,205] [INFO] - [ 1800/ 1819] | Cost: 0.6686006 | Accuracy: 0.5700000
[2026-01-17 19:20:04,180] [INFO] - [ 1900/ 1819] | Cost: 0.6673469 | Accuracy: 0.6315789
[2026-01-17 19:20:12,830] [INFO] - Model dict saved to /workspace/persistent/embedding_colosseum/multirun/2026-01-17/16-03-43/106/saved_models/model_epoch-0.pt
[2026-01-17 19:20:12,831] [INFO] - Validation for epoch   0 | Cost: 0.6494761 | Accuracy: 0.6690476
