[2026-01-18 23:04:09,246] [INFO] - seed: 0
image_preprocessing: ContrastScaling
training:
  epochs: 1
  batch_size: 100
  image_width: 16
  lr: 0.05
model:
  num_layers: 3
dataset:
  num_classes: 2
  binary: true
  name: cxr8
  image_width_sweep: 2,4,8,16,32
  orig_width: 1024
embedding:
  name: NAQSS
  pca: false
  supports_color: false

[2026-01-18 23:04:09,251] [INFO] - Using cuda.
[2026-01-18 23:04:09,381] [INFO] - Dataset: cxr8 | Train Size: 2270 | Validation Size: 650 | Test Size: 324
[2026-01-18 23:04:09,383] [INFO] - Initiate model
[2026-01-18 23:04:10,782] [INFO] - Weights Shape: torch.Size([3, 17, 3])
[2026-01-18 23:04:10,784] [INFO] - Bias Shape: torch.Size([2])
[2026-01-18 23:12:28,281] [INFO] - [  100/ 2270] | Cost: 0.6930788 | Accuracy: 0.5000000
[2026-01-18 23:28:04,619] [INFO] - [  200/ 2270] | Cost: 0.6597206 | Accuracy: 0.8400000
[2026-01-18 23:48:07,016] [INFO] - [  300/ 2270] | Cost: 0.6277252 | Accuracy: 0.8500000
[2026-01-19 00:08:44,154] [INFO] - [  400/ 2270] | Cost: 0.6075403 | Accuracy: 0.8200000
[2026-01-19 00:29:06,422] [INFO] - [  500/ 2270] | Cost: 0.5525276 | Accuracy: 0.9000000
[2026-01-19 00:49:41,349] [INFO] - [  600/ 2270] | Cost: 0.5289252 | Accuracy: 0.8900000
[2026-01-19 01:10:02,055] [INFO] - [  700/ 2270] | Cost: 0.5389937 | Accuracy: 0.8300000
[2026-01-19 01:30:15,036] [INFO] - [  800/ 2270] | Cost: 0.5143902 | Accuracy: 0.8400000
[2026-01-19 01:50:47,456] [INFO] - [  900/ 2270] | Cost: 0.4833738 | Accuracy: 0.8600000
[2026-01-19 02:11:05,216] [INFO] - [ 1000/ 2270] | Cost: 0.4935879 | Accuracy: 0.8300000
[2026-01-19 02:31:26,016] [INFO] - [ 1100/ 2270] | Cost: 0.4457690 | Accuracy: 0.8700000
[2026-01-19 02:51:12,946] [INFO] - [ 1200/ 2270] | Cost: 0.4750042 | Accuracy: 0.8300000
[2026-01-19 03:11:41,916] [INFO] - [ 1300/ 2270] | Cost: 0.4467096 | Accuracy: 0.8500000
[2026-01-19 03:31:38,039] [INFO] - [ 1400/ 2270] | Cost: 0.5398526 | Accuracy: 0.7700000
[2026-01-19 03:52:12,416] [INFO] - [ 1500/ 2270] | Cost: 0.4495537 | Accuracy: 0.8400000
[2026-01-19 04:12:24,339] [INFO] - [ 1600/ 2270] | Cost: 0.4624145 | Accuracy: 0.8300000
[2026-01-19 04:33:00,952] [INFO] - [ 1700/ 2270] | Cost: 0.2844393 | Accuracy: 0.9500000
[2026-01-19 04:53:33,855] [INFO] - [ 1800/ 2270] | Cost: 0.2875406 | Accuracy: 0.9400000
[2026-01-19 05:14:14,433] [INFO] - [ 1900/ 2270] | Cost: 0.4080163 | Accuracy: 0.8600000
[2026-01-19 05:34:56,019] [INFO] - [ 2000/ 2270] | Cost: 0.4555140 | Accuracy: 0.8300000
[2026-01-19 05:55:24,322] [INFO] - [ 2100/ 2270] | Cost: 0.4734973 | Accuracy: 0.8200000
[2026-01-19 06:16:06,555] [INFO] - [ 2200/ 2270] | Cost: 0.3698363 | Accuracy: 0.8800000
[2026-01-19 06:30:24,021] [INFO] - [ 2300/ 2270] | Cost: 0.3828121 | Accuracy: 0.8714286
