[2026-01-18 23:04:09,135] [INFO] - seed: 0
image_preprocessing: ContrastScaling
training:
  epochs: 1
  batch_size: 100
  image_width: 8
  lr: 0.05
model:
  num_layers: 3
dataset:
  num_classes: 2
  binary: true
  name: cxr8
  image_width_sweep: 2,4,8,16,32
  orig_width: 1024
embedding:
  name: OQIM
  pca: false
  supports_color: true

[2026-01-18 23:04:09,141] [INFO] - Using cuda.
[2026-01-18 23:04:09,303] [INFO] - Dataset: cxr8 | Train Size: 2270 | Validation Size: 650 | Test Size: 324
[2026-01-18 23:04:09,317] [INFO] - Initiate model
[2026-01-18 23:04:10,773] [INFO] - Weights Shape: torch.Size([3, 8, 3])
[2026-01-18 23:04:10,774] [INFO] - Bias Shape: torch.Size([2])
[2026-01-18 23:06:11,436] [INFO] - [  100/ 2270] | Cost: 0.6535268 | Accuracy: 0.8200000
[2026-01-18 23:08:22,538] [INFO] - [  200/ 2270] | Cost: 0.5939773 | Accuracy: 0.8400000
[2026-01-18 23:10:27,675] [INFO] - [  300/ 2270] | Cost: 0.5432065 | Accuracy: 0.8500000
[2026-01-18 23:12:33,859] [INFO] - [  400/ 2270] | Cost: 0.5292425 | Accuracy: 0.8200000
[2026-01-18 23:14:27,255] [INFO] - [  500/ 2270] | Cost: 0.4382646 | Accuracy: 0.9000000
[2026-01-18 23:18:06,720] [INFO] - [  600/ 2270] | Cost: 0.4190686 | Accuracy: 0.8900000
[2026-01-18 23:22:48,138] [INFO] - [  700/ 2270] | Cost: 0.4679736 | Accuracy: 0.8300000
[2026-01-18 23:28:04,047] [INFO] - [  800/ 2270] | Cost: 0.4464001 | Accuracy: 0.8400000
[2026-01-18 23:33:12,729] [INFO] - [  900/ 2270] | Cost: 0.4112222 | Accuracy: 0.8600000
[2026-01-18 23:38:27,021] [INFO] - [ 1000/ 2270] | Cost: 0.4556993 | Accuracy: 0.8300000
[2026-01-18 23:43:23,816] [INFO] - [ 1100/ 2270] | Cost: 0.3867692 | Accuracy: 0.8700000
[2026-01-18 23:48:11,029] [INFO] - [ 1200/ 2270] | Cost: 0.4619004 | Accuracy: 0.8300000
[2026-01-18 23:53:37,616] [INFO] - [ 1300/ 2270] | Cost: 0.4245495 | Accuracy: 0.8500000
[2026-01-18 23:58:15,640] [INFO] - [ 1400/ 2270] | Cost: 0.5834970 | Accuracy: 0.7700000
[2026-01-19 00:03:14,622] [INFO] - [ 1500/ 2270] | Cost: 0.4433329 | Accuracy: 0.8400000
[2026-01-19 00:08:39,543] [INFO] - [ 1600/ 2270] | Cost: 0.4624146 | Accuracy: 0.8300000
[2026-01-19 00:13:46,647] [INFO] - [ 1700/ 2270] | Cost: 0.2396718 | Accuracy: 0.9500000
[2026-01-19 00:18:59,750] [INFO] - [ 1800/ 2270] | Cost: 0.2603534 | Accuracy: 0.9400000
[2026-01-19 00:23:57,123] [INFO] - [ 1900/ 2270] | Cost: 0.4024419 | Accuracy: 0.8600000
[2026-01-19 00:29:11,116] [INFO] - [ 2000/ 2270] | Cost: 0.4573463 | Accuracy: 0.8300000
[2026-01-19 00:34:09,650] [INFO] - [ 2100/ 2270] | Cost: 0.4779812 | Accuracy: 0.8200000
[2026-01-19 00:38:56,553] [INFO] - [ 2200/ 2270] | Cost: 0.3668893 | Accuracy: 0.8800000
[2026-01-19 00:42:41,816] [INFO] - [ 2300/ 2270] | Cost: 0.3840972 | Accuracy: 0.8714286
