[2026-01-17 18:09:51,558] [INFO] - seed: 0
image_preprocessing: ContrastScaling
training:
  epochs: 1
  batch_size: 100
  image_width: 32
  lr: 0.05
model:
  num_layers: 3
dataset:
  num_classes: 2
  binary: true
  name: eurosat_ms
  image_width_sweep: '64'
  orig_width: 64
embedding:
  name: ZZFeatureMap
  pca: true
  supports_color: true

[2026-01-17 18:09:51,563] [INFO] - Using cuda.
[2026-01-17 18:09:51,605] [INFO] - Dataset: eurosat_ms | Train Size: 4200 | Validation Size: 1200 | Test Size: 600
[2026-01-17 18:09:51,608] [INFO] - Applying PCA Loader to the dataset
[2026-01-17 18:10:03,508] [INFO] - Initiate model
[2026-01-17 18:10:03,580] [INFO] - Weights Shape: torch.Size([3, 6, 3])
[2026-01-17 18:10:03,582] [INFO] - Bias Shape: torch.Size([2])
[2026-01-17 18:10:56,556] [INFO] - [  100/ 4200] | Cost: 0.8408993 | Accuracy: 0.2800000
[2026-01-17 18:11:50,073] [INFO] - [  200/ 4200] | Cost: 0.7834687 | Accuracy: 0.1800000
[2026-01-17 18:12:43,544] [INFO] - [  300/ 4200] | Cost: 0.7441765 | Accuracy: 0.2700000
[2026-01-17 18:13:37,027] [INFO] - [  400/ 4200] | Cost: 0.7166451 | Accuracy: 0.4600000
[2026-01-17 18:14:21,487] [INFO] - [  500/ 4200] | Cost: 0.6741952 | Accuracy: 0.6400000
[2026-01-17 18:15:10,705] [INFO] - [  600/ 4200] | Cost: 0.6480572 | Accuracy: 0.6500000
[2026-01-17 18:16:00,684] [INFO] - [  700/ 4200] | Cost: 0.6429545 | Accuracy: 0.5900000
[2026-01-17 18:16:54,172] [INFO] - [  800/ 4200] | Cost: 0.6737711 | Accuracy: 0.4900000
[2026-01-17 18:17:47,630] [INFO] - [  900/ 4200] | Cost: 0.6152713 | Accuracy: 0.6900000
[2026-01-17 18:18:41,161] [INFO] - [ 1000/ 4200] | Cost: 0.6058430 | Accuracy: 0.7200000
[2026-01-17 18:19:34,691] [INFO] - [ 1100/ 4200] | Cost: 0.5977005 | Accuracy: 0.7600000
[2026-01-17 18:20:27,957] [INFO] - [ 1200/ 4200] | Cost: 0.5668389 | Accuracy: 0.8400000
[2026-01-17 18:21:21,455] [INFO] - [ 1300/ 4200] | Cost: 0.5493011 | Accuracy: 0.8700000
[2026-01-17 18:22:14,896] [INFO] - [ 1400/ 4200] | Cost: 0.5448173 | Accuracy: 0.9200000
[2026-01-17 18:23:08,430] [INFO] - [ 1500/ 4200] | Cost: 0.5162902 | Accuracy: 0.9400000
[2026-01-17 18:24:01,907] [INFO] - [ 1600/ 4200] | Cost: 0.5392056 | Accuracy: 0.9100000
[2026-01-17 18:24:55,402] [INFO] - [ 1700/ 4200] | Cost: 0.5097765 | Accuracy: 0.9100000
[2026-01-17 18:25:48,735] [INFO] - [ 1800/ 4200] | Cost: 0.5518373 | Accuracy: 0.9200000
[2026-01-17 18:26:42,287] [INFO] - [ 1900/ 4200] | Cost: 0.5203255 | Accuracy: 0.8900000
[2026-01-17 18:27:35,790] [INFO] - [ 2000/ 4200] | Cost: 0.5099624 | Accuracy: 0.9300000
[2026-01-17 18:28:29,257] [INFO] - [ 2100/ 4200] | Cost: 0.5105082 | Accuracy: 0.8700000
[2026-01-17 18:29:22,797] [INFO] - [ 2200/ 4200] | Cost: 0.4923014 | Accuracy: 0.8900000
[2026-01-17 18:30:16,133] [INFO] - [ 2300/ 4200] | Cost: 0.4698878 | Accuracy: 0.9200000
[2026-01-17 18:31:09,696] [INFO] - [ 2400/ 4200] | Cost: 0.4705903 | Accuracy: 0.9100000
[2026-01-17 18:32:03,196] [INFO] - [ 2500/ 4200] | Cost: 0.4520901 | Accuracy: 0.9200000
[2026-01-17 18:32:56,712] [INFO] - [ 2600/ 4200] | Cost: 0.4556468 | Accuracy: 0.8800000
[2026-01-17 18:33:50,264] [INFO] - [ 2700/ 4200] | Cost: 0.4475798 | Accuracy: 0.8900000
[2026-01-17 18:34:43,612] [INFO] - [ 2800/ 4200] | Cost: 0.4334627 | Accuracy: 0.9000000
[2026-01-17 18:35:37,152] [INFO] - [ 2900/ 4200] | Cost: 0.4075408 | Accuracy: 0.9000000
[2026-01-17 18:36:30,708] [INFO] - [ 3000/ 4200] | Cost: 0.4277558 | Accuracy: 0.8800000
[2026-01-17 18:37:24,235] [INFO] - [ 3100/ 4200] | Cost: 0.4618313 | Accuracy: 0.8400000
[2026-01-17 18:38:17,775] [INFO] - [ 3200/ 4200] | Cost: 0.4828156 | Accuracy: 0.8200000
[2026-01-17 18:39:11,280] [INFO] - [ 3300/ 4200] | Cost: 0.4534899 | Accuracy: 0.8600000
[2026-01-17 18:40:04,599] [INFO] - [ 3400/ 4200] | Cost: 0.4192919 | Accuracy: 0.9200000
[2026-01-17 18:40:58,132] [INFO] - [ 3500/ 4200] | Cost: 0.4049186 | Accuracy: 0.9400000
[2026-01-17 18:41:51,646] [INFO] - [ 3600/ 4200] | Cost: 0.4295824 | Accuracy: 0.8600000
[2026-01-17 18:42:45,147] [INFO] - [ 3700/ 4200] | Cost: 0.4028984 | Accuracy: 0.9300000
[2026-01-17 18:43:38,650] [INFO] - [ 3800/ 4200] | Cost: 0.4766023 | Accuracy: 0.8500000
[2026-01-17 18:44:32,133] [INFO] - [ 3900/ 4200] | Cost: 0.4180718 | Accuracy: 0.8600000
[2026-01-17 18:45:25,469] [INFO] - [ 4000/ 4200] | Cost: 0.4184586 | Accuracy: 0.8900000
[2026-01-17 18:46:18,985] [INFO] - [ 4100/ 4200] | Cost: 0.4362518 | Accuracy: 0.9000000
[2026-01-17 18:47:12,461] [INFO] - [ 4200/ 4200] | Cost: 0.4108099 | Accuracy: 0.8900000
[2026-01-17 18:47:33,582] [INFO] - Model dict saved to /workspace/persistent/embedding_colosseum/multirun/2026-01-17/16-03-43/60/saved_models/model_epoch-0.pt
[2026-01-17 18:47:33,583] [INFO] - Validation for epoch   0 | Cost: 0.4046989 | Accuracy: 0.8991667
