[2026-01-18 23:15:55,545] [INFO] - seed: 0
image_preprocessing: ContrastScaling
training:
  epochs: 1
  batch_size: 100
  image_width: 32
  lr: 0.05
model:
  num_layers: 3
dataset:
  num_classes: 2
  binary: true
  name: cxr8
  image_width_sweep: 2,4,8,16,32
  orig_width: 1024
embedding:
  name: NEQR
  pca: false
  supports_color: true

[2026-01-18 23:15:55,550] [INFO] - Using cuda.
[2026-01-18 23:15:55,922] [INFO] - Dataset: cxr8 | Train Size: 2270 | Validation Size: 650 | Test Size: 324
[2026-01-18 23:15:55,925] [INFO] - Initiate model
[2026-01-18 23:15:58,819] [INFO] - Weights Shape: torch.Size([3, 18, 3])
[2026-01-18 23:15:58,820] [INFO] - Bias Shape: torch.Size([2])
[2026-01-18 23:37:49,444] [INFO] - [  100/ 2270] | Cost: 0.6930139 | Accuracy: 0.5400000
[2026-01-18 23:59:19,742] [INFO] - [  200/ 2270] | Cost: 0.6599609 | Accuracy: 0.8400000
[2026-01-19 00:21:08,315] [INFO] - [  300/ 2270] | Cost: 0.6276612 | Accuracy: 0.8500000
[2026-01-19 00:42:44,017] [INFO] - [  400/ 2270] | Cost: 0.6072971 | Accuracy: 0.8200000
[2026-01-19 01:04:37,616] [INFO] - [  500/ 2270] | Cost: 0.5512346 | Accuracy: 0.9000000
[2026-01-19 01:26:24,417] [INFO] - [  600/ 2270] | Cost: 0.5270419 | Accuracy: 0.8900000
[2026-01-19 01:48:38,316] [INFO] - [  700/ 2270] | Cost: 0.5369368 | Accuracy: 0.8300000
[2026-01-19 02:10:49,741] [INFO] - [  800/ 2270] | Cost: 0.5113412 | Accuracy: 0.8400000
[2026-01-19 02:32:42,315] [INFO] - [  900/ 2270] | Cost: 0.4797494 | Accuracy: 0.8600000
[2026-01-19 02:54:15,552] [INFO] - [ 1000/ 2270] | Cost: 0.4890884 | Accuracy: 0.8300000
[2026-01-19 03:16:17,751] [INFO] - [ 1100/ 2270] | Cost: 0.4413674 | Accuracy: 0.8700000
[2026-01-19 03:38:16,516] [INFO] - [ 1200/ 2270] | Cost: 0.4705850 | Accuracy: 0.8300000
[2026-01-19 04:00:22,916] [INFO] - [ 1300/ 2270] | Cost: 0.4411772 | Accuracy: 0.8500000
[2026-01-19 04:22:33,133] [INFO] - [ 1400/ 2270] | Cost: 0.5434897 | Accuracy: 0.7700000
[2026-01-19 04:44:07,039] [INFO] - [ 1500/ 2270] | Cost: 0.4479315 | Accuracy: 0.8400000
[2026-01-19 05:05:29,338] [INFO] - [ 1600/ 2270] | Cost: 0.4619384 | Accuracy: 0.8300000
[2026-01-19 05:26:53,819] [INFO] - [ 1700/ 2270] | Cost: 0.2750468 | Accuracy: 0.9500000
[2026-01-19 05:48:32,635] [INFO] - [ 1800/ 2270] | Cost: 0.2779647 | Accuracy: 0.9400000
[2026-01-19 06:10:12,015] [INFO] - [ 1900/ 2270] | Cost: 0.4058157 | Accuracy: 0.8600000
[2026-01-19 06:31:50,232] [INFO] - [ 2000/ 2270] | Cost: 0.4594349 | Accuracy: 0.8300000
[2026-01-19 06:53:37,315] [INFO] - [ 2100/ 2270] | Cost: 0.4749977 | Accuracy: 0.8200000
[2026-01-19 07:14:57,049] [INFO] - [ 2200/ 2270] | Cost: 0.3686298 | Accuracy: 0.8800000
[2026-01-19 07:29:22,137] [INFO] - [ 2300/ 2270] | Cost: 0.3819576 | Accuracy: 0.8714286
