[2026-01-17 07:34:12,411] [INFO] - seed: 0
image_preprocessing: BilateralFilter
training:
  epochs: 1
  batch_size: 100
  image_width: 32
  lr: 0.05
model:
  num_layers: 3
dataset:
  num_classes: 2
  binary: true
  name: cxr8
  image_width_sweep: 2,4,8,16,32,64
  orig_width: 1024
embedding:
  name: FRQI
  pca: false
  supports_color: false

[2026-01-17 07:34:12,413] [INFO] - Using cuda.
[2026-01-17 07:34:12,541] [INFO] - Dataset: cxr8 | Train Size: 2270 | Validation Size: 650 | Test Size: 324
[2026-01-17 07:34:12,544] [INFO] - Initiate model
[2026-01-17 07:34:12,546] [INFO] - Weights Shape: torch.Size([3, 11, 3])
[2026-01-17 07:34:12,547] [INFO] - Bias Shape: torch.Size([2])
[2026-01-17 07:36:06,953] [INFO] - [  100/ 2270] | Cost: 0.6937653 | Accuracy: 0.4500000
[2026-01-17 07:38:13,837] [INFO] - [  200/ 2270] | Cost: 0.6464997 | Accuracy: 0.8400000
[2026-01-17 07:40:06,839] [INFO] - [  300/ 2270] | Cost: 0.6011949 | Accuracy: 0.8500000
[2026-01-17 07:41:49,473] [INFO] - [  400/ 2270] | Cost: 0.5769390 | Accuracy: 0.8200000
[2026-01-17 07:43:58,766] [INFO] - [  500/ 2270] | Cost: 0.5018721 | Accuracy: 0.9000000
[2026-01-17 07:45:46,131] [INFO] - [  600/ 2270] | Cost: 0.4723562 | Accuracy: 0.8900000
[2026-01-17 07:47:43,650] [INFO] - [  700/ 2270] | Cost: 0.4956686 | Accuracy: 0.8300000
[2026-01-17 07:49:58,029] [INFO] - [  800/ 2270] | Cost: 0.4690953 | Accuracy: 0.8400000
[2026-01-17 07:52:03,551] [INFO] - [  900/ 2270] | Cost: 0.4341707 | Accuracy: 0.8600000
[2026-01-17 07:53:53,777] [INFO] - [ 1000/ 2270] | Cost: 0.4603108 | Accuracy: 0.8300000
[2026-01-17 07:55:49,122] [INFO] - [ 1100/ 2270] | Cost: 0.3996796 | Accuracy: 0.8700000
[2026-01-17 07:57:47,007] [INFO] - [ 1200/ 2270] | Cost: 0.4559035 | Accuracy: 0.8300000
[2026-01-17 07:59:45,158] [INFO] - [ 1300/ 2270] | Cost: 0.4202973 | Accuracy: 0.8500000
[2026-01-17 08:01:51,225] [INFO] - [ 1400/ 2270] | Cost: 0.5634177 | Accuracy: 0.7700000
[2026-01-17 08:03:40,954] [INFO] - [ 1500/ 2270] | Cost: 0.4419406 | Accuracy: 0.8400000
[2026-01-17 08:05:41,752] [INFO] - [ 1600/ 2270] | Cost: 0.4603896 | Accuracy: 0.8300000
[2026-01-17 08:07:35,576] [INFO] - [ 1700/ 2270] | Cost: 0.2392979 | Accuracy: 0.9500000
[2026-01-17 08:09:27,683] [INFO] - [ 1800/ 2270] | Cost: 0.2545973 | Accuracy: 0.9400000
[2026-01-17 08:11:44,182] [INFO] - [ 1900/ 2270] | Cost: 0.4053540 | Accuracy: 0.8600000
[2026-01-17 08:13:35,672] [INFO] - [ 2000/ 2270] | Cost: 0.4626720 | Accuracy: 0.8300000
[2026-01-17 08:15:27,777] [INFO] - [ 2100/ 2270] | Cost: 0.4858279 | Accuracy: 0.8200000
[2026-01-17 08:17:24,862] [INFO] - [ 2200/ 2270] | Cost: 0.3648322 | Accuracy: 0.8800000
[2026-01-17 08:18:50,422] [INFO] - [ 2300/ 2270] | Cost: 0.3821092 | Accuracy: 0.8714286
[2026-01-17 08:27:12,358] [INFO] - Model dict saved to /workspace/persistent/embedding_colosseum/multirun/2026-01-15/22-04-31/321/saved_models/model_epoch-0.pt
[2026-01-17 08:27:12,363] [INFO] - Validation for epoch   0 | Cost: 0.4441092 | Accuracy: 0.8400000
