[2026-01-18 03:32:55,987] [INFO] - seed: 1
image_preprocessing: GaussianBlur
training:
  epochs: 1
  batch_size: 100
  image_width: 32
  lr: 0.05
model:
  num_layers: 3
dataset:
  num_classes: 2
  binary: true
  name: eurosat_rgb
  image_width_sweep: '64'
  orig_width: 64
embedding:
  name: RMP
  pca: true
  supports_color: true

[2026-01-18 03:32:55,991] [INFO] - Using cuda.
[2026-01-18 03:32:56,031] [INFO] - Dataset: eurosat_rgb | Train Size: 4200 | Validation Size: 1200 | Test Size: 600
[2026-01-18 03:32:56,033] [INFO] - Applying PCA Loader to the dataset
[2026-01-18 03:33:01,434] [INFO] - Initiate model
[2026-01-18 03:33:01,496] [INFO] - Weights Shape: torch.Size([3, 6, 3])
[2026-01-18 03:33:01,497] [INFO] - Bias Shape: torch.Size([2])
[2026-01-18 03:33:36,462] [INFO] - [  100/ 4200] | Cost: 0.7082546 | Accuracy: 0.4400000
[2026-01-18 03:34:11,502] [INFO] - [  200/ 4200] | Cost: 0.6810461 | Accuracy: 0.9100000
[2026-01-18 03:34:46,522] [INFO] - [  300/ 4200] | Cost: 0.6822250 | Accuracy: 0.4700000
[2026-01-18 03:35:21,553] [INFO] - [  400/ 4200] | Cost: 0.6644607 | Accuracy: 0.5600000
[2026-01-18 03:35:56,364] [INFO] - [  500/ 4200] | Cost: 0.6867414 | Accuracy: 0.4500000
[2026-01-18 03:36:31,374] [INFO] - [  600/ 4200] | Cost: 0.6673967 | Accuracy: 0.5300000
[2026-01-18 03:37:06,355] [INFO] - [  700/ 4200] | Cost: 0.6711131 | Accuracy: 0.4700000
[2026-01-18 03:37:41,381] [INFO] - [  800/ 4200] | Cost: 0.6653328 | Accuracy: 0.5800000
[2026-01-18 03:38:16,162] [INFO] - [  900/ 4200] | Cost: 0.6602955 | Accuracy: 0.9100000
[2026-01-18 03:38:51,152] [INFO] - [ 1000/ 4200] | Cost: 0.6512835 | Accuracy: 0.7800000
[2026-01-18 03:39:26,113] [INFO] - [ 1100/ 4200] | Cost: 0.6544077 | Accuracy: 0.5200000
[2026-01-18 03:40:01,117] [INFO] - [ 1200/ 4200] | Cost: 0.6619278 | Accuracy: 0.4600000
[2026-01-18 03:40:35,892] [INFO] - [ 1300/ 4200] | Cost: 0.6451182 | Accuracy: 0.5500000
[2026-01-18 03:41:10,897] [INFO] - [ 1400/ 4200] | Cost: 0.6450008 | Accuracy: 0.5900000
[2026-01-18 03:41:45,818] [INFO] - [ 1500/ 4200] | Cost: 0.6290035 | Accuracy: 0.8100000
[2026-01-18 03:42:20,767] [INFO] - [ 1600/ 4200] | Cost: 0.6344879 | Accuracy: 0.6900000
[2026-01-18 03:42:55,724] [INFO] - [ 1700/ 4200] | Cost: 0.6284017 | Accuracy: 0.6700000
[2026-01-18 03:43:30,512] [INFO] - [ 1800/ 4200] | Cost: 0.6424610 | Accuracy: 0.6000000
[2026-01-18 03:44:05,415] [INFO] - [ 1900/ 4200] | Cost: 0.6192512 | Accuracy: 0.8600000
[2026-01-18 03:44:40,353] [INFO] - [ 2000/ 4200] | Cost: 0.6296984 | Accuracy: 0.9400000
[2026-01-18 03:45:15,305] [INFO] - [ 2100/ 4200] | Cost: 0.6212901 | Accuracy: 0.9600000
[2026-01-18 03:45:50,100] [INFO] - [ 2200/ 4200] | Cost: 0.6112053 | Accuracy: 0.9200000
[2026-01-18 03:46:25,086] [INFO] - [ 2300/ 4200] | Cost: 0.6111381 | Accuracy: 0.7900000
[2026-01-18 03:47:00,047] [INFO] - [ 2400/ 4200] | Cost: 0.6256759 | Accuracy: 0.5900000
[2026-01-18 03:47:35,026] [INFO] - [ 2500/ 4200] | Cost: 0.5970850 | Accuracy: 0.7000000
[2026-01-18 03:48:09,838] [INFO] - [ 2600/ 4200] | Cost: 0.6131322 | Accuracy: 0.6100000
[2026-01-18 03:48:44,838] [INFO] - [ 2700/ 4200] | Cost: 0.6022649 | Accuracy: 0.7400000
[2026-01-18 03:49:19,814] [INFO] - [ 2800/ 4200] | Cost: 0.5861542 | Accuracy: 0.8900000
[2026-01-18 03:49:54,798] [INFO] - [ 2900/ 4200] | Cost: 0.5922351 | Accuracy: 0.9000000
[2026-01-18 03:50:29,612] [INFO] - [ 3000/ 4200] | Cost: 0.5956687 | Accuracy: 0.9100000
[2026-01-18 03:51:04,586] [INFO] - [ 3100/ 4200] | Cost: 0.5851018 | Accuracy: 0.9600000
[2026-01-18 03:51:39,574] [INFO] - [ 3200/ 4200] | Cost: 0.5799819 | Accuracy: 0.9600000
[2026-01-18 03:52:14,543] [INFO] - [ 3300/ 4200] | Cost: 0.5996863 | Accuracy: 0.7300000
[2026-01-18 03:52:49,379] [INFO] - [ 3400/ 4200] | Cost: 0.5929536 | Accuracy: 0.7500000
[2026-01-18 03:53:24,323] [INFO] - [ 3500/ 4200] | Cost: 0.5786625 | Accuracy: 0.8300000
[2026-01-18 03:53:59,330] [INFO] - [ 3600/ 4200] | Cost: 0.5873948 | Accuracy: 0.8300000
[2026-01-18 03:54:34,321] [INFO] - [ 3700/ 4200] | Cost: 0.5715123 | Accuracy: 0.9800000
[2026-01-18 03:55:09,113] [INFO] - [ 3800/ 4200] | Cost: 0.5743250 | Accuracy: 0.9800000
[2026-01-18 03:55:44,104] [INFO] - [ 3900/ 4200] | Cost: 0.5805863 | Accuracy: 0.9900000
[2026-01-18 03:56:19,076] [INFO] - [ 4000/ 4200] | Cost: 0.5855709 | Accuracy: 0.9900000
[2026-01-18 03:56:54,072] [INFO] - [ 4100/ 4200] | Cost: 0.5725083 | Accuracy: 0.9800000
[2026-01-18 03:57:29,079] [INFO] - [ 4200/ 4200] | Cost: 0.5836838 | Accuracy: 0.9800000
[2026-01-18 03:57:45,111] [INFO] - Model dict saved to /workspace/persistent/embedding_colosseum/multirun/2026-01-18/02-06-25/41/saved_models/model_epoch-0.pt
[2026-01-18 03:57:45,112] [INFO] - Validation for epoch   0 | Cost: 0.5766316 | Accuracy: 0.9750000
