[2026-01-18 03:57:44,679] [INFO] - seed: 1
image_preprocessing: ContrastScaling
training:
  epochs: 1
  batch_size: 100
  image_width: 32
  lr: 0.05
model:
  num_layers: 3
dataset:
  num_classes: 2
  binary: true
  name: eurosat_rgb
  image_width_sweep: '64'
  orig_width: 64
embedding:
  name: RMP
  pca: true
  supports_color: true

[2026-01-18 03:57:44,681] [INFO] - Using cuda.
[2026-01-18 03:57:44,717] [INFO] - Dataset: eurosat_rgb | Train Size: 4200 | Validation Size: 1200 | Test Size: 600
[2026-01-18 03:57:44,719] [INFO] - Applying PCA Loader to the dataset
[2026-01-18 03:57:47,942] [INFO] - Initiate model
[2026-01-18 03:57:47,944] [INFO] - Weights Shape: torch.Size([3, 6, 3])
[2026-01-18 03:57:47,945] [INFO] - Bias Shape: torch.Size([2])
[2026-01-18 03:58:22,084] [INFO] - [  100/ 4200] | Cost: 0.7098210 | Accuracy: 0.4400000
[2026-01-18 03:58:57,077] [INFO] - [  200/ 4200] | Cost: 0.6837018 | Accuracy: 0.8500000
[2026-01-18 03:59:32,058] [INFO] - [  300/ 4200] | Cost: 0.6864823 | Accuracy: 0.4700000
[2026-01-18 04:00:06,086] [INFO] - [  400/ 4200] | Cost: 0.6702751 | Accuracy: 0.5600000
[2026-01-18 04:00:38,972] [INFO] - [  500/ 4200] | Cost: 0.6937852 | Accuracy: 0.4500000
[2026-01-18 04:01:13,456] [INFO] - [  600/ 4200] | Cost: 0.6740012 | Accuracy: 0.5300000
[2026-01-18 04:01:48,444] [INFO] - [  700/ 4200] | Cost: 0.6787522 | Accuracy: 0.4700000
[2026-01-18 04:02:23,428] [INFO] - [  800/ 4200] | Cost: 0.6740246 | Accuracy: 0.5600000
[2026-01-18 04:02:58,406] [INFO] - [  900/ 4200] | Cost: 0.6698434 | Accuracy: 0.9400000
[2026-01-18 04:03:33,189] [INFO] - [ 1000/ 4200] | Cost: 0.6622837 | Accuracy: 0.5400000
[2026-01-18 04:04:08,119] [INFO] - [ 1100/ 4200] | Cost: 0.6675632 | Accuracy: 0.5100000
[2026-01-18 04:04:35,207] [INFO] - [ 1200/ 4200] | Cost: 0.6766347 | Accuracy: 0.4600000
[2026-01-18 04:04:51,414] [INFO] - [ 1300/ 4200] | Cost: 0.6582242 | Accuracy: 0.5500000
[2026-01-18 04:05:09,764] [INFO] - [ 1400/ 4200] | Cost: 0.6595277 | Accuracy: 0.5400000
[2026-01-18 04:05:27,008] [INFO] - [ 1500/ 4200] | Cost: 0.6448370 | Accuracy: 0.6200000
[2026-01-18 04:05:46,331] [INFO] - [ 1600/ 4200] | Cost: 0.6513460 | Accuracy: 0.5600000
[2026-01-18 04:06:20,999] [INFO] - [ 1700/ 4200] | Cost: 0.6483639 | Accuracy: 0.5500000
[2026-01-18 04:06:55,686] [INFO] - [ 1800/ 4200] | Cost: 0.6646946 | Accuracy: 0.4600000
[2026-01-18 04:07:30,492] [INFO] - [ 1900/ 4200] | Cost: 0.6401537 | Accuracy: 0.5800000
[2026-01-18 04:08:05,417] [INFO] - [ 2000/ 4200] | Cost: 0.6577765 | Accuracy: 0.5000000
[2026-01-18 04:08:40,284] [INFO] - [ 2100/ 4200] | Cost: 0.6476079 | Accuracy: 0.9300000
[2026-01-18 04:09:15,042] [INFO] - [ 2200/ 4200] | Cost: 0.6381863 | Accuracy: 0.9100000
[2026-01-18 04:09:49,929] [INFO] - [ 2300/ 4200] | Cost: 0.6399597 | Accuracy: 0.6600000
[2026-01-18 04:10:24,850] [INFO] - [ 2400/ 4200] | Cost: 0.6540748 | Accuracy: 0.4800000
[2026-01-18 04:10:59,780] [INFO] - [ 2500/ 4200] | Cost: 0.6278405 | Accuracy: 0.6000000
[2026-01-18 04:11:34,714] [INFO] - [ 2600/ 4200] | Cost: 0.6497241 | Accuracy: 0.4800000
[2026-01-18 04:12:09,531] [INFO] - [ 2700/ 4200] | Cost: 0.6363289 | Accuracy: 0.5500000
[2026-01-18 04:12:44,521] [INFO] - [ 2800/ 4200] | Cost: 0.6242333 | Accuracy: 0.6500000
[2026-01-18 04:13:19,553] [INFO] - [ 2900/ 4200] | Cost: 0.6347981 | Accuracy: 0.7300000
[2026-01-18 04:13:54,618] [INFO] - [ 3000/ 4200] | Cost: 0.6397252 | Accuracy: 0.7900000
[2026-01-18 04:14:29,548] [INFO] - [ 3100/ 4200] | Cost: 0.6326882 | Accuracy: 0.9200000
[2026-01-18 04:15:04,644] [INFO] - [ 3200/ 4200] | Cost: 0.6275730 | Accuracy: 0.9700000
[2026-01-18 04:15:39,763] [INFO] - [ 3300/ 4200] | Cost: 0.6426866 | Accuracy: 0.5300000
[2026-01-18 04:16:14,647] [INFO] - [ 3400/ 4200] | Cost: 0.6414470 | Accuracy: 0.4900000
[2026-01-18 04:16:49,699] [INFO] - [ 3500/ 4200] | Cost: 0.6262698 | Accuracy: 0.6500000
[2026-01-18 04:17:24,743] [INFO] - [ 3600/ 4200] | Cost: 0.6346409 | Accuracy: 0.6400000
[2026-01-18 04:17:59,754] [INFO] - [ 3700/ 4200] | Cost: 0.6196858 | Accuracy: 0.9800000
[2026-01-18 04:18:34,562] [INFO] - [ 3800/ 4200] | Cost: 0.6192934 | Accuracy: 0.9800000
[2026-01-18 04:19:09,520] [INFO] - [ 3900/ 4200] | Cost: 0.6239764 | Accuracy: 0.9800000
[2026-01-18 04:19:44,485] [INFO] - [ 4000/ 4200] | Cost: 0.6251943 | Accuracy: 0.9900000
[2026-01-18 04:20:19,452] [INFO] - [ 4100/ 4200] | Cost: 0.6129631 | Accuracy: 0.9800000
[2026-01-18 04:20:54,451] [INFO] - [ 4200/ 4200] | Cost: 0.6272413 | Accuracy: 0.9700000
[2026-01-18 04:21:10,545] [INFO] - Model dict saved to /workspace/persistent/embedding_colosseum/multirun/2026-01-18/02-06-25/44/saved_models/model_epoch-0.pt
[2026-01-18 04:21:10,546] [INFO] - Validation for epoch   0 | Cost: 0.6090866 | Accuracy: 0.9791667
