[2026-01-19 03:03:32,619] [INFO] - seed: 0
image_preprocessing: None
training:
  epochs: 1
  batch_size: 100
  image_width: 8
  lr: 0.05
model:
  num_layers: 3
dataset:
  num_classes: 2
  binary: true
  name: mnist
  image_width_sweep: 16,32
  orig_width: 28
embedding:
  name: OQIM
  pca: false
  supports_color: true

[2026-01-19 03:03:32,621] [INFO] - Using cuda.
[2026-01-19 03:03:33,727] [INFO] - Dataset: mnist | Train Size: 10346 | Validation Size: 2956 | Test Size: 1478
[2026-01-19 03:03:33,730] [INFO] - Initiate model
[2026-01-19 03:03:33,732] [INFO] - Weights Shape: torch.Size([3, 8, 3])
[2026-01-19 03:03:33,733] [INFO] - Bias Shape: torch.Size([2])
[2026-01-19 03:08:29,756] [INFO] - [  100/10346] | Cost: 0.6888553 | Accuracy: 0.4900000
[2026-01-19 03:13:42,438] [INFO] - [  200/10346] | Cost: 0.6776186 | Accuracy: 0.6500000
[2026-01-19 03:18:58,940] [INFO] - [  300/10346] | Cost: 0.6778125 | Accuracy: 0.4900000
[2026-01-19 03:24:07,516] [INFO] - [  400/10346] | Cost: 0.6665213 | Accuracy: 0.5300000
[2026-01-19 03:28:26,716] [INFO] - [  500/10346] | Cost: 0.6630186 | Accuracy: 0.5300000
[2026-01-19 03:33:30,215] [INFO] - [  600/10346] | Cost: 0.6714771 | Accuracy: 0.5100000
[2026-01-19 03:38:50,544] [INFO] - [  700/10346] | Cost: 0.6592489 | Accuracy: 0.9900000
[2026-01-19 03:43:45,945] [INFO] - [  800/10346] | Cost: 0.6617513 | Accuracy: 0.6200000
[2026-01-19 03:48:36,143] [INFO] - [  900/10346] | Cost: 0.6643729 | Accuracy: 0.4900000
[2026-01-19 03:53:30,833] [INFO] - [ 1000/10346] | Cost: 0.6507501 | Accuracy: 0.9900000
[2026-01-19 03:58:34,720] [INFO] - [ 1100/10346] | Cost: 0.6481838 | Accuracy: 0.9100000
[2026-01-19 04:03:55,816] [INFO] - [ 1200/10346] | Cost: 0.6400522 | Accuracy: 0.6900000
[2026-01-19 04:08:42,237] [INFO] - [ 1300/10346] | Cost: 0.6392711 | Accuracy: 0.6100000
[2026-01-19 04:13:37,915] [INFO] - [ 1400/10346] | Cost: 0.6216615 | Accuracy: 0.6300000
[2026-01-19 04:18:46,543] [INFO] - [ 1500/10346] | Cost: 0.6365409 | Accuracy: 0.5500000
[2026-01-19 04:23:53,549] [INFO] - [ 1600/10346] | Cost: 0.5981004 | Accuracy: 0.6900000
[2026-01-19 04:29:01,552] [INFO] - [ 1700/10346] | Cost: 0.6239448 | Accuracy: 0.5800000
[2026-01-19 04:33:45,243] [INFO] - [ 1800/10346] | Cost: 0.6215624 | Accuracy: 0.5900000
[2026-01-19 04:38:35,350] [INFO] - [ 1900/10346] | Cost: 0.6321936 | Accuracy: 0.5500000
[2026-01-19 04:43:48,344] [INFO] - [ 2000/10346] | Cost: 0.6327921 | Accuracy: 0.5400000
[2026-01-19 04:49:00,115] [INFO] - [ 2100/10346] | Cost: 0.6233227 | Accuracy: 0.6200000
[2026-01-19 04:53:55,721] [INFO] - [ 2200/10346] | Cost: 0.6159446 | Accuracy: 0.8500000
[2026-01-19 04:58:44,847] [INFO] - [ 2300/10346] | Cost: 0.6276042 | Accuracy: 0.9000000
[2026-01-19 05:03:41,936] [INFO] - [ 2400/10346] | Cost: 0.6260593 | Accuracy: 0.9200000
[2026-01-19 05:09:02,422] [INFO] - [ 2500/10346] | Cost: 0.6235725 | Accuracy: 0.8400000
[2026-01-19 05:14:11,526] [INFO] - [ 2600/10346] | Cost: 0.6188674 | Accuracy: 0.9100000
[2026-01-19 05:19:01,917] [INFO] - [ 2700/10346] | Cost: 0.6213714 | Accuracy: 0.9200000
[2026-01-19 05:24:01,347] [INFO] - [ 2800/10346] | Cost: 0.6142678 | Accuracy: 0.9100000
[2026-01-19 05:29:06,349] [INFO] - [ 2900/10346] | Cost: 0.6080749 | Accuracy: 0.8900000
[2026-01-19 05:34:20,146] [INFO] - [ 3000/10346] | Cost: 0.6212230 | Accuracy: 0.6500000
[2026-01-19 05:39:08,215] [INFO] - [ 3100/10346] | Cost: 0.6196270 | Accuracy: 0.6100000
[2026-01-19 05:43:49,816] [INFO] - [ 3200/10346] | Cost: 0.5977666 | Accuracy: 0.7000000
[2026-01-19 05:49:04,641] [INFO] - [ 3300/10346] | Cost: 0.5977498 | Accuracy: 0.6500000
[2026-01-19 05:54:18,945] [INFO] - [ 3400/10346] | Cost: 0.6259849 | Accuracy: 0.6200000
[2026-01-19 05:59:15,816] [INFO] - [ 3500/10346] | Cost: 0.6058158 | Accuracy: 0.7700000
[2026-01-19 06:04:11,715] [INFO] - [ 3600/10346] | Cost: 0.6115256 | Accuracy: 0.7800000
[2026-01-19 06:09:07,224] [INFO] - [ 3700/10346] | Cost: 0.6065372 | Accuracy: 0.9500000
[2026-01-19 06:14:25,516] [INFO] - [ 3800/10346] | Cost: 0.5999962 | Accuracy: 0.9500000
[2026-01-19 06:19:33,153] [INFO] - [ 3900/10346] | Cost: 0.5978849 | Accuracy: 0.9800000
[2026-01-19 06:24:26,048] [INFO] - [ 4000/10346] | Cost: 0.5994175 | Accuracy: 1.0000000
[2026-01-19 06:29:35,148] [INFO] - [ 4100/10346] | Cost: 0.5934749 | Accuracy: 0.9400000
[2026-01-19 06:34:33,553] [INFO] - [ 4200/10346] | Cost: 0.5935974 | Accuracy: 0.9500000
[2026-01-19 06:39:34,936] [INFO] - [ 4300/10346] | Cost: 0.5879972 | Accuracy: 0.9300000
[2026-01-19 06:44:45,741] [INFO] - [ 4400/10346] | Cost: 0.5881168 | Accuracy: 0.8600000
[2026-01-19 06:49:45,644] [INFO] - [ 4500/10346] | Cost: 0.5815855 | Accuracy: 0.7700000
[2026-01-19 06:54:48,847] [INFO] - [ 4600/10346] | Cost: 0.5815955 | Accuracy: 0.7000000
[2026-01-19 06:59:53,715] [INFO] - [ 4700/10346] | Cost: 0.6032639 | Accuracy: 0.6100000
[2026-01-19 07:04:57,356] [INFO] - [ 4800/10346] | Cost: 0.6165182 | Accuracy: 0.5800000
[2026-01-19 07:10:05,749] [INFO] - [ 4900/10346] | Cost: 0.6129447 | Accuracy: 0.6700000
[2026-01-19 07:14:41,016] [INFO] - [ 5000/10346] | Cost: 0.5864831 | Accuracy: 0.8900000
[2026-01-19 07:19:36,916] [INFO] - [ 5100/10346] | Cost: 0.5919279 | Accuracy: 0.9500000
[2026-01-19 07:24:47,854] [INFO] - [ 5200/10346] | Cost: 0.5936176 | Accuracy: 0.9600000
[2026-01-19 07:29:34,343] [INFO] - [ 5300/10346] | Cost: 0.5938756 | Accuracy: 0.9300000
[2026-01-19 07:34:10,647] [INFO] - [ 5400/10346] | Cost: 0.5897250 | Accuracy: 0.9500000
[2026-01-19 07:38:49,642] [INFO] - [ 5500/10346] | Cost: 0.5912329 | Accuracy: 0.9400000
[2026-01-19 07:43:44,225] [INFO] - [ 5600/10346] | Cost: 0.5916862 | Accuracy: 0.9200000
[2026-01-19 07:48:37,447] [INFO] - [ 5700/10346] | Cost: 0.5714269 | Accuracy: 0.9400000
[2026-01-19 07:53:04,232] [INFO] - [ 5800/10346] | Cost: 0.5783980 | Accuracy: 0.7600000
[2026-01-19 07:57:51,416] [INFO] - [ 5900/10346] | Cost: 0.6017879 | Accuracy: 0.6100000
[2026-01-19 08:02:31,030] [INFO] - [ 6000/10346] | Cost: 0.6238153 | Accuracy: 0.5500000
[2026-01-19 08:07:02,715] [INFO] - [ 6100/10346] | Cost: 0.5966523 | Accuracy: 0.6000000
[2026-01-19 08:11:38,720] [INFO] - [ 6200/10346] | Cost: 0.5883636 | Accuracy: 0.6900000
[2026-01-19 08:16:18,435] [INFO] - [ 6300/10346] | Cost: 0.5990164 | Accuracy: 0.8100000
[2026-01-19 08:21:13,937] [INFO] - [ 6400/10346] | Cost: 0.5879576 | Accuracy: 0.9400000
[2026-01-19 08:25:43,049] [INFO] - [ 6500/10346] | Cost: 0.5854073 | Accuracy: 0.9200000
[2026-01-19 08:30:11,653] [INFO] - [ 6600/10346] | Cost: 0.5848113 | Accuracy: 0.9300000
[2026-01-19 08:35:01,142] [INFO] - [ 6700/10346] | Cost: 0.5739808 | Accuracy: 0.9700000
[2026-01-19 08:39:36,662] [INFO] - [ 6800/10346] | Cost: 0.5892959 | Accuracy: 0.9000000
[2026-01-19 08:44:13,426] [INFO] - [ 6900/10346] | Cost: 0.5757069 | Accuracy: 0.9100000
[2026-01-19 08:48:50,147] [INFO] - [ 7000/10346] | Cost: 0.5723101 | Accuracy: 0.9000000
[2026-01-19 08:53:30,140] [INFO] - [ 7100/10346] | Cost: 0.5791228 | Accuracy: 0.8200000
[2026-01-19 08:58:10,649] [INFO] - [ 7200/10346] | Cost: 0.5776649 | Accuracy: 0.7400000
