[2026-01-18 23:04:08,771] [INFO] - seed: 0
image_preprocessing: GaussianBlur
training:
  epochs: 1
  batch_size: 100
  image_width: 8
  lr: 0.05
model:
  num_layers: 3
dataset:
  num_classes: 2
  binary: true
  name: cxr8
  image_width_sweep: 2,4,8,16,32
  orig_width: 1024
embedding:
  name: NEQR
  pca: false
  supports_color: true

[2026-01-18 23:04:08,779] [INFO] - Using cuda.
[2026-01-18 23:04:08,971] [INFO] - Dataset: cxr8 | Train Size: 2270 | Validation Size: 650 | Test Size: 324
[2026-01-18 23:04:08,974] [INFO] - Initiate model
[2026-01-18 23:04:10,485] [INFO] - Weights Shape: torch.Size([3, 14, 3])
[2026-01-18 23:04:10,489] [INFO] - Bias Shape: torch.Size([2])
[2026-01-18 23:07:45,015] [INFO] - [  100/ 2270] | Cost: 0.6943657 | Accuracy: 0.4900000
[2026-01-18 23:11:21,761] [INFO] - [  200/ 2270] | Cost: 0.6611900 | Accuracy: 0.8400000
[2026-01-18 23:14:40,731] [INFO] - [  300/ 2270] | Cost: 0.6282414 | Accuracy: 0.8500000
[2026-01-18 23:22:02,538] [INFO] - [  400/ 2270] | Cost: 0.6080320 | Accuracy: 0.8200000
[2026-01-18 23:30:59,115] [INFO] - [  500/ 2270] | Cost: 0.5526579 | Accuracy: 0.9000000
[2026-01-18 23:39:48,115] [INFO] - [  600/ 2270] | Cost: 0.5298569 | Accuracy: 0.8900000
[2026-01-18 23:48:02,540] [INFO] - [  700/ 2270] | Cost: 0.5401118 | Accuracy: 0.8300000
[2026-01-18 23:56:57,144] [INFO] - [  800/ 2270] | Cost: 0.5165203 | Accuracy: 0.8400000
[2026-01-19 00:05:36,415] [INFO] - [  900/ 2270] | Cost: 0.4859740 | Accuracy: 0.8600000
[2026-01-19 00:14:32,515] [INFO] - [ 1000/ 2270] | Cost: 0.4969478 | Accuracy: 0.8300000
[2026-01-19 00:23:15,755] [INFO] - [ 1100/ 2270] | Cost: 0.4482674 | Accuracy: 0.8700000
[2026-01-19 00:31:59,946] [INFO] - [ 1200/ 2270] | Cost: 0.4776159 | Accuracy: 0.8300000
[2026-01-19 00:40:26,016] [INFO] - [ 1300/ 2270] | Cost: 0.4492074 | Accuracy: 0.8500000
[2026-01-19 00:49:29,441] [INFO] - [ 1400/ 2270] | Cost: 0.5393878 | Accuracy: 0.7700000
[2026-01-19 00:57:31,750] [INFO] - [ 1500/ 2270] | Cost: 0.4491155 | Accuracy: 0.8400000
[2026-01-19 01:06:25,916] [INFO] - [ 1600/ 2270] | Cost: 0.4603510 | Accuracy: 0.8300000
[2026-01-19 01:15:14,546] [INFO] - [ 1700/ 2270] | Cost: 0.2880335 | Accuracy: 0.9500000
[2026-01-19 01:24:06,852] [INFO] - [ 1800/ 2270] | Cost: 0.2937742 | Accuracy: 0.9400000
[2026-01-19 01:32:25,248] [INFO] - [ 1900/ 2270] | Cost: 0.4089455 | Accuracy: 0.8600000
[2026-01-19 01:41:03,943] [INFO] - [ 2000/ 2270] | Cost: 0.4560485 | Accuracy: 0.8300000
[2026-01-19 01:50:08,332] [INFO] - [ 2100/ 2270] | Cost: 0.4724403 | Accuracy: 0.8200000
[2026-01-19 01:58:03,047] [INFO] - [ 2200/ 2270] | Cost: 0.3717559 | Accuracy: 0.8800000
[2026-01-19 02:04:21,836] [INFO] - [ 2300/ 2270] | Cost: 0.3840464 | Accuracy: 0.8714286
