[2026-01-19 03:04:32,927] [INFO] - seed: 0
image_preprocessing: None
training:
  epochs: 1
  batch_size: 100
  image_width: 16
  lr: 0.05
model:
  num_layers: 3
dataset:
  num_classes: 2
  binary: true
  name: mnist
  image_width_sweep: 16,32
  orig_width: 28
embedding:
  name: NAQSS
  pca: false
  supports_color: false

[2026-01-19 03:04:32,929] [INFO] - Using cuda.
[2026-01-19 03:04:33,941] [INFO] - Dataset: mnist | Train Size: 10346 | Validation Size: 2956 | Test Size: 1478
[2026-01-19 03:04:33,944] [INFO] - Initiate model
[2026-01-19 03:04:33,947] [INFO] - Weights Shape: torch.Size([3, 17, 3])
[2026-01-19 03:04:33,948] [INFO] - Bias Shape: torch.Size([2])
[2026-01-19 03:24:44,515] [INFO] - [  100/10346] | Cost: 0.6919755 | Accuracy: 0.6000000
[2026-01-19 03:44:09,548] [INFO] - [  200/10346] | Cost: 0.6888357 | Accuracy: 0.5200000
[2026-01-19 04:04:02,151] [INFO] - [  300/10346] | Cost: 0.6896616 | Accuracy: 0.4900000
[2026-01-19 04:23:39,522] [INFO] - [  400/10346] | Cost: 0.6826310 | Accuracy: 0.5300000
[2026-01-19 04:43:03,341] [INFO] - [  500/10346] | Cost: 0.6790584 | Accuracy: 0.5400000
[2026-01-19 05:02:31,717] [INFO] - [  600/10346] | Cost: 0.6809607 | Accuracy: 0.4100000
[2026-01-19 05:22:22,954] [INFO] - [  700/10346] | Cost: 0.6671394 | Accuracy: 1.0000000
[2026-01-19 05:41:47,916] [INFO] - [  800/10346] | Cost: 0.6613034 | Accuracy: 0.9700000
[2026-01-19 06:01:33,054] [INFO] - [  900/10346] | Cost: 0.6503667 | Accuracy: 0.9700000
[2026-01-19 06:21:25,615] [INFO] - [ 1000/10346] | Cost: 0.6445067 | Accuracy: 0.7900000
[2026-01-19 06:41:05,716] [INFO] - [ 1100/10346] | Cost: 0.6391874 | Accuracy: 0.7200000
[2026-01-19 07:00:52,947] [INFO] - [ 1200/10346] | Cost: 0.6219610 | Accuracy: 0.6200000
[2026-01-19 07:20:04,018] [INFO] - [ 1300/10346] | Cost: 0.6137601 | Accuracy: 0.5700000
[2026-01-19 07:38:42,416] [INFO] - [ 1400/10346] | Cost: 0.5871319 | Accuracy: 0.6500000
[2026-01-19 07:57:02,216] [INFO] - [ 1500/10346] | Cost: 0.5970483 | Accuracy: 0.6000000
[2026-01-19 08:15:00,455] [INFO] - [ 1600/10346] | Cost: 0.5582026 | Accuracy: 0.7200000
[2026-01-19 08:33:11,255] [INFO] - [ 1700/10346] | Cost: 0.5734619 | Accuracy: 0.6400000
[2026-01-19 08:51:14,016] [INFO] - [ 1800/10346] | Cost: 0.5766323 | Accuracy: 0.6500000
