[2026-01-18 05:17:53,403] [INFO] - seed: 1
image_preprocessing: BilateralFilter
training:
  epochs: 1
  batch_size: 100
  image_width: 32
  lr: 0.05
model:
  num_layers: 3
dataset:
  num_classes: 2
  binary: true
  name: stl10
  image_width_sweep: 2,4,8,16,32,64
  orig_width: 96
embedding:
  name: ZZFeatureMap
  pca: true
  supports_color: true

[2026-01-18 05:17:53,405] [INFO] - Using cuda.
[2026-01-18 05:18:04,321] [INFO] - Dataset: stl10 | Train Size: 1819 | Validation Size: 521 | Test Size: 260
[2026-01-18 05:18:04,324] [INFO] - Applying PCA Loader to the dataset
[2026-01-18 05:18:09,229] [INFO] - Initiate model
[2026-01-18 05:18:09,232] [INFO] - Weights Shape: torch.Size([3, 6, 3])
[2026-01-18 05:18:09,233] [INFO] - Bias Shape: torch.Size([2])
[2026-01-18 05:18:42,883] [INFO] - [  100/ 1819] | Cost: 0.7621928 | Accuracy: 0.3900000
[2026-01-18 05:19:13,176] [INFO] - [  200/ 1819] | Cost: 0.7147461 | Accuracy: 0.4600000
[2026-01-18 05:19:35,214] [INFO] - [  300/ 1819] | Cost: 0.6948010 | Accuracy: 0.5600000
[2026-01-18 05:19:55,514] [INFO] - [  400/ 1819] | Cost: 0.6986616 | Accuracy: 0.5000000
[2026-01-18 05:20:16,251] [INFO] - [  500/ 1819] | Cost: 0.6471986 | Accuracy: 0.6500000
[2026-01-18 05:20:33,904] [INFO] - [  600/ 1819] | Cost: 0.7003154 | Accuracy: 0.4900000
[2026-01-18 05:20:54,212] [INFO] - [  700/ 1819] | Cost: 0.6383781 | Accuracy: 0.5900000
[2026-01-18 05:21:07,425] [INFO] - [  800/ 1819] | Cost: 0.6884250 | Accuracy: 0.4700000
[2026-01-18 05:21:19,717] [INFO] - [  900/ 1819] | Cost: 0.6605698 | Accuracy: 0.6000000
