[2026-01-17 08:15:36,878] [INFO] - seed: 0
image_preprocessing: HomomorphicFilter
training:
  epochs: 1
  batch_size: 100
  image_width: 16
  lr: 0.05
model:
  num_layers: 3
dataset:
  num_classes: 2
  binary: true
  name: cxr8
  image_width_sweep: 2,4,8,16,32,64
  orig_width: 1024
embedding:
  name: OQIM
  pca: false
  supports_color: true

[2026-01-17 08:15:36,882] [INFO] - Using cuda.
[2026-01-17 08:15:37,003] [INFO] - Dataset: cxr8 | Train Size: 2270 | Validation Size: 650 | Test Size: 324
[2026-01-17 08:15:37,006] [INFO] - Initiate model
[2026-01-17 08:15:37,358] [INFO] - Weights Shape: torch.Size([3, 10, 3])
[2026-01-17 08:15:37,360] [INFO] - Bias Shape: torch.Size([2])
[2026-01-17 08:16:44,507] [INFO] - [  100/ 2270] | Cost: 0.7006924 | Accuracy: 0.1800000
[2026-01-17 08:17:51,727] [INFO] - [  200/ 2270] | Cost: 0.6391204 | Accuracy: 0.8400000
[2026-01-17 08:18:59,657] [INFO] - [  300/ 2270] | Cost: 0.5868921 | Accuracy: 0.8500000
[2026-01-17 08:19:56,713] [INFO] - [  400/ 2270] | Cost: 0.5618564 | Accuracy: 0.8200000
[2026-01-17 08:20:55,252] [INFO] - [  500/ 2270] | Cost: 0.4849645 | Accuracy: 0.9000000
[2026-01-17 08:22:18,223] [INFO] - [  600/ 2270] | Cost: 0.4611215 | Accuracy: 0.8900000
[2026-01-17 08:23:28,601] [INFO] - [  700/ 2270] | Cost: 0.4917149 | Accuracy: 0.8300000
[2026-01-17 08:24:31,577] [INFO] - [  800/ 2270] | Cost: 0.4682595 | Accuracy: 0.8400000
[2026-01-17 08:25:24,612] [INFO] - [  900/ 2270] | Cost: 0.4338075 | Accuracy: 0.8600000
[2026-01-17 08:26:21,714] [INFO] - [ 1000/ 2270] | Cost: 0.4625463 | Accuracy: 0.8300000
[2026-01-17 08:27:30,154] [INFO] - [ 1100/ 2270] | Cost: 0.4015915 | Accuracy: 0.8700000
[2026-01-17 08:28:31,683] [INFO] - [ 1200/ 2270] | Cost: 0.4563691 | Accuracy: 0.8300000
[2026-01-17 08:29:33,168] [INFO] - [ 1300/ 2270] | Cost: 0.4250043 | Accuracy: 0.8500000
[2026-01-17 08:30:26,655] [INFO] - [ 1400/ 2270] | Cost: 0.5662234 | Accuracy: 0.7700000
[2026-01-17 08:31:21,902] [INFO] - [ 1500/ 2270] | Cost: 0.4425881 | Accuracy: 0.8400000
[2026-01-17 08:32:20,273] [INFO] - [ 1600/ 2270] | Cost: 0.4605349 | Accuracy: 0.8300000
[2026-01-17 08:33:41,864] [INFO] - [ 1700/ 2270] | Cost: 0.2415485 | Accuracy: 0.9500000
[2026-01-17 08:34:37,700] [INFO] - [ 1800/ 2270] | Cost: 0.2567151 | Accuracy: 0.9400000
[2026-01-17 08:35:25,961] [INFO] - [ 1900/ 2270] | Cost: 0.4041996 | Accuracy: 0.8600000
[2026-01-17 08:36:19,259] [INFO] - [ 2000/ 2270] | Cost: 0.4618671 | Accuracy: 0.8300000
[2026-01-17 08:37:09,343] [INFO] - [ 2100/ 2270] | Cost: 0.4865662 | Accuracy: 0.8200000
[2026-01-17 08:38:01,408] [INFO] - [ 2200/ 2270] | Cost: 0.3664926 | Accuracy: 0.8800000
[2026-01-17 08:38:47,397] [INFO] - [ 2300/ 2270] | Cost: 0.3844388 | Accuracy: 0.8714286
