[2026-01-19 01:55:32,248] [INFO] - seed: 0
image_preprocessing: HomomorphicFilter
training:
  epochs: 1
  batch_size: 100
  image_width: 4
  lr: 0.05
model:
  num_layers: 3
dataset:
  num_classes: 2
  binary: true
  name: cxr8
  image_width_sweep: 2,4,8,16,32
  orig_width: 1024
embedding:
  name: OQIM
  pca: false
  supports_color: true

[2026-01-19 01:55:32,251] [INFO] - Using cuda.
[2026-01-19 01:55:32,642] [INFO] - Dataset: cxr8 | Train Size: 2270 | Validation Size: 650 | Test Size: 324
[2026-01-19 01:55:32,645] [INFO] - Initiate model
[2026-01-19 01:55:32,647] [INFO] - Weights Shape: torch.Size([3, 6, 3])
[2026-01-19 01:55:32,648] [INFO] - Bias Shape: torch.Size([2])
[2026-01-19 01:58:51,535] [INFO] - [  100/ 2270] | Cost: 0.7093618 | Accuracy: 0.2600000
[2026-01-19 02:02:39,316] [INFO] - [  200/ 2270] | Cost: 0.6401546 | Accuracy: 0.8400000
[2026-01-19 02:06:38,953] [INFO] - [  300/ 2270] | Cost: 0.5770910 | Accuracy: 0.8500000
[2026-01-19 02:10:27,523] [INFO] - [  400/ 2270] | Cost: 0.5475664 | Accuracy: 0.8200000
[2026-01-19 02:14:09,142] [INFO] - [  500/ 2270] | Cost: 0.4591372 | Accuracy: 0.9000000
[2026-01-19 02:18:00,917] [INFO] - [  600/ 2270] | Cost: 0.4329523 | Accuracy: 0.8900000
[2026-01-19 02:21:27,716] [INFO] - [  700/ 2270] | Cost: 0.4749210 | Accuracy: 0.8300000
[2026-01-19 02:24:54,941] [INFO] - [  800/ 2270] | Cost: 0.4523125 | Accuracy: 0.8400000
[2026-01-19 02:28:46,252] [INFO] - [  900/ 2270] | Cost: 0.4174407 | Accuracy: 0.8600000
[2026-01-19 02:32:39,832] [INFO] - [ 1000/ 2270] | Cost: 0.4569020 | Accuracy: 0.8300000
[2026-01-19 02:36:07,448] [INFO] - [ 1100/ 2270] | Cost: 0.3935185 | Accuracy: 0.8700000
[2026-01-19 02:39:54,645] [INFO] - [ 1200/ 2270] | Cost: 0.4565841 | Accuracy: 0.8300000
[2026-01-19 02:43:36,846] [INFO] - [ 1300/ 2270] | Cost: 0.4222150 | Accuracy: 0.8500000
[2026-01-19 02:47:02,349] [INFO] - [ 1400/ 2270] | Cost: 0.5701288 | Accuracy: 0.7700000
[2026-01-19 02:50:37,247] [INFO] - [ 1500/ 2270] | Cost: 0.4429443 | Accuracy: 0.8400000
[2026-01-19 02:54:31,842] [INFO] - [ 1600/ 2270] | Cost: 0.4615609 | Accuracy: 0.8300000
[2026-01-19 02:58:22,548] [INFO] - [ 1700/ 2270] | Cost: 0.2344238 | Accuracy: 0.9500000
[2026-01-19 03:01:59,244] [INFO] - [ 1800/ 2270] | Cost: 0.2510350 | Accuracy: 0.9400000
[2026-01-19 03:05:22,739] [INFO] - [ 1900/ 2270] | Cost: 0.4069502 | Accuracy: 0.8600000
[2026-01-19 03:09:10,720] [INFO] - [ 2000/ 2270] | Cost: 0.4675969 | Accuracy: 0.8300000
[2026-01-19 03:13:04,536] [INFO] - [ 2100/ 2270] | Cost: 0.4865618 | Accuracy: 0.8200000
[2026-01-19 03:16:57,942] [INFO] - [ 2200/ 2270] | Cost: 0.3652491 | Accuracy: 0.8800000
[2026-01-19 03:19:44,416] [INFO] - [ 2300/ 2270] | Cost: 0.3845752 | Accuracy: 0.8714286
