[2026-01-16 16:30:02,562] [INFO] - seed: 0
image_preprocessing: MedianBlur
training:
  epochs: 1
  batch_size: 100
  image_width: 32
  lr: 0.05
model:
  num_layers: 3
dataset:
  num_classes: 2
  binary: true
  name: eurosat_rgb
  image_width_sweep: '64'
  orig_width: 64
embedding:
  name: NEQR
  pca: false
  supports_color: true

[2026-01-16 16:30:02,568] [INFO] - Using cuda.
[2026-01-16 16:30:02,615] [INFO] - Dataset: eurosat_rgb | Train Size: 4200 | Validation Size: 1200 | Test Size: 600
[2026-01-16 16:30:02,619] [INFO] - Initiate model
[2026-01-16 16:30:02,850] [INFO] - Weights Shape: torch.Size([3, 18, 3])
[2026-01-16 16:30:02,852] [INFO] - Bias Shape: torch.Size([2])
[2026-01-16 16:35:03,624] [INFO] - [  100/ 4200] | Cost: 0.6928703 | Accuracy: 0.5600000
[2026-01-16 16:40:14,217] [INFO] - [  200/ 4200] | Cost: 0.6869866 | Accuracy: 0.5700000
[2026-01-16 16:45:20,724] [INFO] - [  300/ 4200] | Cost: 0.7071129 | Accuracy: 0.4500000
[2026-01-16 16:50:51,044] [INFO] - [  400/ 4200] | Cost: 0.7024765 | Accuracy: 0.4700000
[2026-01-16 16:56:17,355] [INFO] - [  500/ 4200] | Cost: 0.6963838 | Accuracy: 0.4900000
[2026-01-16 17:01:47,740] [INFO] - [  600/ 4200] | Cost: 0.6867937 | Accuracy: 0.5500000
[2026-01-16 17:07:00,933] [INFO] - [  700/ 4200] | Cost: 0.6917236 | Accuracy: 0.5000000
[2026-01-16 17:12:14,585] [INFO] - [  800/ 4200] | Cost: 0.6914947 | Accuracy: 0.4700000
[2026-01-16 17:17:33,900] [INFO] - [  900/ 4200] | Cost: 0.6877423 | Accuracy: 0.7600000
[2026-01-16 17:22:34,962] [INFO] - [ 1000/ 4200] | Cost: 0.6872633 | Accuracy: 0.5300000
[2026-01-16 17:27:45,508] [INFO] - [ 1100/ 4200] | Cost: 0.6911180 | Accuracy: 0.4700000
[2026-01-16 17:32:45,812] [INFO] - [ 1200/ 4200] | Cost: 0.6913577 | Accuracy: 0.4800000
[2026-01-16 17:37:56,380] [INFO] - [ 1300/ 4200] | Cost: 0.7016629 | Accuracy: 0.4400000
[2026-01-16 17:43:06,587] [INFO] - [ 1400/ 4200] | Cost: 0.6835977 | Accuracy: 0.5300000
[2026-01-16 17:48:25,693] [INFO] - [ 1500/ 4200] | Cost: 0.6937544 | Accuracy: 0.4400000
[2026-01-16 17:53:42,825] [INFO] - [ 1600/ 4200] | Cost: 0.6759933 | Accuracy: 0.5800000
[2026-01-16 17:59:00,288] [INFO] - [ 1700/ 4200] | Cost: 0.6914344 | Accuracy: 0.4800000
[2026-01-16 18:04:40,700] [INFO] - [ 1800/ 4200] | Cost: 0.6856452 | Accuracy: 0.4800000
[2026-01-16 18:10:06,345] [INFO] - [ 1900/ 4200] | Cost: 0.6863249 | Accuracy: 0.4300000
[2026-01-16 18:15:31,293] [INFO] - [ 2000/ 4200] | Cost: 0.6825521 | Accuracy: 0.4900000
[2026-01-16 18:20:31,345] [INFO] - [ 2100/ 4200] | Cost: 0.6838311 | Accuracy: 0.7700000
[2026-01-16 18:25:42,371] [INFO] - [ 2200/ 4200] | Cost: 0.6820983 | Accuracy: 0.7600000
[2026-01-16 18:31:08,874] [INFO] - [ 2300/ 4200] | Cost: 0.6757944 | Accuracy: 0.8100000
[2026-01-16 18:36:29,318] [INFO] - [ 2400/ 4200] | Cost: 0.6759708 | Accuracy: 0.7300000
[2026-01-16 18:41:55,220] [INFO] - [ 2500/ 4200] | Cost: 0.6742666 | Accuracy: 0.6500000
[2026-01-16 18:47:20,465] [INFO] - [ 2600/ 4200] | Cost: 0.6816617 | Accuracy: 0.5900000
[2026-01-16 18:52:32,628] [INFO] - [ 2700/ 4200] | Cost: 0.6744908 | Accuracy: 0.5800000
[2026-01-16 18:57:38,606] [INFO] - [ 2800/ 4200] | Cost: 0.6573164 | Accuracy: 0.6400000
[2026-01-16 19:02:54,448] [INFO] - [ 2900/ 4200] | Cost: 0.6665426 | Accuracy: 0.5900000
[2026-01-16 19:07:46,013] [INFO] - [ 3000/ 4200] | Cost: 0.6806001 | Accuracy: 0.5200000
[2026-01-16 19:12:59,300] [INFO] - [ 3100/ 4200] | Cost: 0.6973476 | Accuracy: 0.4600000
[2026-01-16 19:18:08,210] [INFO] - [ 3200/ 4200] | Cost: 0.7125462 | Accuracy: 0.4000000
[2026-01-16 19:23:46,501] [INFO] - [ 3300/ 4200] | Cost: 0.6756042 | Accuracy: 0.5500000
[2026-01-16 19:28:58,053] [INFO] - [ 3400/ 4200] | Cost: 0.6786129 | Accuracy: 0.5200000
[2026-01-16 19:34:16,852] [INFO] - [ 3500/ 4200] | Cost: 0.6788264 | Accuracy: 0.5200000
[2026-01-16 19:39:28,377] [INFO] - [ 3600/ 4200] | Cost: 0.6674186 | Accuracy: 0.6400000
[2026-01-16 19:44:48,621] [INFO] - [ 3700/ 4200] | Cost: 0.6795389 | Accuracy: 0.5500000
[2026-01-16 19:49:57,198] [INFO] - [ 3800/ 4200] | Cost: 0.6797341 | Accuracy: 0.6800000
[2026-01-16 19:55:30,916] [INFO] - [ 3900/ 4200] | Cost: 0.6695278 | Accuracy: 0.8300000
[2026-01-16 20:00:37,998] [INFO] - [ 4000/ 4200] | Cost: 0.6631247 | Accuracy: 0.7100000
[2026-01-16 20:06:09,853] [INFO] - [ 4100/ 4200] | Cost: 0.6680423 | Accuracy: 0.5800000
[2026-01-16 20:11:22,138] [INFO] - [ 4200/ 4200] | Cost: 0.6633676 | Accuracy: 0.5400000
