[2026-01-17 06:04:37,584] [INFO] - seed: 0
image_preprocessing: None
training:
  epochs: 1
  batch_size: 100
  image_width: 32
  lr: 0.05
model:
  num_layers: 3
dataset:
  num_classes: 2
  binary: true
  name: cxr8
  image_width_sweep: 2,4,8,16,32,64
  orig_width: 1024
embedding:
  name: NEQR
  pca: false
  supports_color: true

[2026-01-17 06:04:37,586] [INFO] - Using cuda.
[2026-01-17 06:04:37,732] [INFO] - Dataset: cxr8 | Train Size: 2270 | Validation Size: 650 | Test Size: 324
[2026-01-17 06:04:37,734] [INFO] - Initiate model
[2026-01-17 06:04:37,736] [INFO] - Weights Shape: torch.Size([3, 18, 3])
[2026-01-17 06:04:37,737] [INFO] - Bias Shape: torch.Size([2])
[2026-01-17 06:09:54,678] [INFO] - [  100/ 2270] | Cost: 0.6927881 | Accuracy: 0.5500000
[2026-01-17 06:15:17,832] [INFO] - [  200/ 2270] | Cost: 0.6603479 | Accuracy: 0.8400000
[2026-01-17 06:20:39,238] [INFO] - [  300/ 2270] | Cost: 0.6280751 | Accuracy: 0.8500000
[2026-01-17 06:26:14,399] [INFO] - [  400/ 2270] | Cost: 0.6082340 | Accuracy: 0.8200000
[2026-01-17 06:31:36,510] [INFO] - [  500/ 2270] | Cost: 0.5533107 | Accuracy: 0.9000000
[2026-01-17 06:37:06,389] [INFO] - [  600/ 2270] | Cost: 0.5298882 | Accuracy: 0.8900000
[2026-01-17 06:42:42,877] [INFO] - [  700/ 2270] | Cost: 0.5404500 | Accuracy: 0.8300000
[2026-01-17 06:48:19,983] [INFO] - [  800/ 2270] | Cost: 0.5165421 | Accuracy: 0.8400000
[2026-01-17 06:53:39,406] [INFO] - [  900/ 2270] | Cost: 0.4861131 | Accuracy: 0.8600000
[2026-01-17 06:59:07,290] [INFO] - [ 1000/ 2270] | Cost: 0.4969496 | Accuracy: 0.8300000
[2026-01-17 07:04:23,308] [INFO] - [ 1100/ 2270] | Cost: 0.4482223 | Accuracy: 0.8700000
[2026-01-17 07:09:39,753] [INFO] - [ 1200/ 2270] | Cost: 0.4784949 | Accuracy: 0.8300000
[2026-01-17 07:14:54,251] [INFO] - [ 1300/ 2270] | Cost: 0.4491166 | Accuracy: 0.8500000
[2026-01-17 07:20:08,516] [INFO] - [ 1400/ 2270] | Cost: 0.5393832 | Accuracy: 0.7700000
[2026-01-17 07:25:19,979] [INFO] - [ 1500/ 2270] | Cost: 0.4499995 | Accuracy: 0.8400000
[2026-01-17 07:30:39,830] [INFO] - [ 1600/ 2270] | Cost: 0.4600749 | Accuracy: 0.8300000
[2026-01-17 07:35:57,883] [INFO] - [ 1700/ 2270] | Cost: 0.2880371 | Accuracy: 0.9500000
[2026-01-17 07:41:21,224] [INFO] - [ 1800/ 2270] | Cost: 0.2937620 | Accuracy: 0.9400000
[2026-01-17 07:46:44,721] [INFO] - [ 1900/ 2270] | Cost: 0.4096305 | Accuracy: 0.8600000
[2026-01-17 07:52:09,314] [INFO] - [ 2000/ 2270] | Cost: 0.4557524 | Accuracy: 0.8300000
[2026-01-17 07:57:35,387] [INFO] - [ 2100/ 2270] | Cost: 0.4730160 | Accuracy: 0.8200000
[2026-01-17 08:02:52,399] [INFO] - [ 2200/ 2270] | Cost: 0.3713423 | Accuracy: 0.8800000
[2026-01-17 08:06:28,373] [INFO] - [ 2300/ 2270] | Cost: 0.3852417 | Accuracy: 0.8714286
