[2026-01-18 23:15:57,132] [INFO] - seed: 0
image_preprocessing: GaussianBlur
training:
  epochs: 1
  batch_size: 100
  image_width: 32
  lr: 0.05
model:
  num_layers: 3
dataset:
  num_classes: 2
  binary: true
  name: mnist
  image_width_sweep: 16,32
  orig_width: 28
embedding:
  name: OQIM
  pca: false
  supports_color: true

[2026-01-18 23:15:57,136] [INFO] - Using cuda.
[2026-01-18 23:15:58,031] [INFO] - Dataset: mnist | Train Size: 10346 | Validation Size: 2956 | Test Size: 1478
[2026-01-18 23:15:58,034] [INFO] - Initiate model
[2026-01-18 23:16:02,357] [INFO] - Weights Shape: torch.Size([3, 12, 3])
[2026-01-18 23:16:02,416] [INFO] - Bias Shape: torch.Size([2])
[2026-01-18 23:28:53,615] [INFO] - [  100/10346] | Cost: 0.6950653 | Accuracy: 0.5100000
[2026-01-18 23:41:24,315] [INFO] - [  200/10346] | Cost: 0.6950318 | Accuracy: 0.4800000
[2026-01-18 23:54:50,538] [INFO] - [  300/10346] | Cost: 0.6920208 | Accuracy: 0.4900000
[2026-01-19 00:08:18,321] [INFO] - [  400/10346] | Cost: 0.6890932 | Accuracy: 0.5300000
[2026-01-19 00:20:55,545] [INFO] - [  500/10346] | Cost: 0.6872886 | Accuracy: 0.5300000
[2026-01-19 00:33:43,934] [INFO] - [  600/10346] | Cost: 0.7035116 | Accuracy: 0.4100000
[2026-01-19 00:47:11,922] [INFO] - [  700/10346] | Cost: 0.6837369 | Accuracy: 0.5300000
[2026-01-19 01:00:00,448] [INFO] - [  800/10346] | Cost: 0.6835495 | Accuracy: 0.7900000
[2026-01-19 01:13:09,342] [INFO] - [  900/10346] | Cost: 0.6831354 | Accuracy: 0.9000000
[2026-01-19 01:27:00,854] [INFO] - [ 1000/10346] | Cost: 0.6794837 | Accuracy: 0.9000000
[2026-01-19 01:39:48,529] [INFO] - [ 1100/10346] | Cost: 0.6775596 | Accuracy: 0.7100000
[2026-01-19 01:52:53,151] [INFO] - [ 1200/10346] | Cost: 0.6722106 | Accuracy: 0.6100000
[2026-01-19 02:06:08,049] [INFO] - [ 1300/10346] | Cost: 0.6701540 | Accuracy: 0.5800000
[2026-01-19 02:18:56,648] [INFO] - [ 1400/10346] | Cost: 0.6588078 | Accuracy: 0.6200000
[2026-01-19 02:32:14,615] [INFO] - [ 1500/10346] | Cost: 0.6627799 | Accuracy: 0.5500000
[2026-01-19 02:45:21,639] [INFO] - [ 1600/10346] | Cost: 0.6365073 | Accuracy: 0.6700000
[2026-01-19 02:58:44,355] [INFO] - [ 1700/10346] | Cost: 0.6472571 | Accuracy: 0.5800000
[2026-01-19 03:11:59,433] [INFO] - [ 1800/10346] | Cost: 0.6425933 | Accuracy: 0.5900000
[2026-01-19 03:24:58,234] [INFO] - [ 1900/10346] | Cost: 0.6491994 | Accuracy: 0.5500000
[2026-01-19 03:38:46,718] [INFO] - [ 2000/10346] | Cost: 0.6548239 | Accuracy: 0.5100000
[2026-01-19 03:51:22,149] [INFO] - [ 2100/10346] | Cost: 0.6466920 | Accuracy: 0.5200000
[2026-01-19 04:04:42,816] [INFO] - [ 2200/10346] | Cost: 0.6346051 | Accuracy: 0.5400000
[2026-01-19 04:17:59,949] [INFO] - [ 2300/10346] | Cost: 0.6548117 | Accuracy: 0.5000000
[2026-01-19 04:30:53,015] [INFO] - [ 2400/10346] | Cost: 0.6277788 | Accuracy: 0.7900000
[2026-01-19 04:43:53,244] [INFO] - [ 2500/10346] | Cost: 0.6202551 | Accuracy: 0.9500000
[2026-01-19 04:56:51,215] [INFO] - [ 2600/10346] | Cost: 0.6252710 | Accuracy: 0.9400000
[2026-01-19 05:10:18,348] [INFO] - [ 2700/10346] | Cost: 0.6201987 | Accuracy: 0.9300000
[2026-01-19 05:23:13,715] [INFO] - [ 2800/10346] | Cost: 0.6157501 | Accuracy: 0.9000000
[2026-01-19 05:36:42,947] [INFO] - [ 2900/10346] | Cost: 0.6163895 | Accuracy: 0.9400000
[2026-01-19 05:50:05,015] [INFO] - [ 3000/10346] | Cost: 0.5978048 | Accuracy: 0.9700000
[2026-01-19 06:02:48,315] [INFO] - [ 3100/10346] | Cost: 0.5899454 | Accuracy: 0.9900000
[2026-01-19 06:16:17,952] [INFO] - [ 3200/10346] | Cost: 0.5789394 | Accuracy: 0.9700000
[2026-01-19 06:29:32,717] [INFO] - [ 3300/10346] | Cost: 0.5706628 | Accuracy: 0.9400000
[2026-01-19 06:42:18,216] [INFO] - [ 3400/10346] | Cost: 0.5803327 | Accuracy: 0.7800000
[2026-01-19 06:55:30,951] [INFO] - [ 3500/10346] | Cost: 0.5693562 | Accuracy: 0.8500000
[2026-01-19 07:08:52,552] [INFO] - [ 3600/10346] | Cost: 0.5759200 | Accuracy: 0.7400000
[2026-01-19 07:21:29,917] [INFO] - [ 3700/10346] | Cost: 0.5721945 | Accuracy: 0.8000000
[2026-01-19 07:33:11,650] [INFO] - [ 3800/10346] | Cost: 0.5539497 | Accuracy: 0.8600000
[2026-01-19 07:45:28,446] [INFO] - [ 3900/10346] | Cost: 0.5670125 | Accuracy: 0.8000000
[2026-01-19 07:57:18,846] [INFO] - [ 4000/10346] | Cost: 0.5469688 | Accuracy: 0.9400000
[2026-01-19 08:09:01,929] [INFO] - [ 4100/10346] | Cost: 0.5468391 | Accuracy: 0.9300000
[2026-01-19 08:21:07,157] [INFO] - [ 4200/10346] | Cost: 0.5474069 | Accuracy: 0.9400000
[2026-01-19 08:32:49,255] [INFO] - [ 4300/10346] | Cost: 0.5435764 | Accuracy: 0.9600000
[2026-01-19 08:44:20,156] [INFO] - [ 4400/10346] | Cost: 0.5472222 | Accuracy: 0.9200000
[2026-01-19 08:56:01,154] [INFO] - [ 4500/10346] | Cost: 0.5362102 | Accuracy: 0.9300000
