[2026-01-16 16:33:09,468] [INFO] - seed: 0
image_preprocessing: MedianBlur
training:
  epochs: 1
  batch_size: 100
  image_width: 32
  lr: 0.05
model:
  num_layers: 3
dataset:
  num_classes: 2
  binary: true
  name: eurosat_rgb
  image_width_sweep: '64'
  orig_width: 64
embedding:
  name: OQIM
  pca: false
  supports_color: true

[2026-01-16 16:33:09,470] [INFO] - Using cuda.
[2026-01-16 16:33:09,518] [INFO] - Dataset: eurosat_rgb | Train Size: 4200 | Validation Size: 1200 | Test Size: 600
[2026-01-16 16:33:09,520] [INFO] - Initiate model
[2026-01-16 16:33:09,522] [INFO] - Weights Shape: torch.Size([3, 12, 3])
[2026-01-16 16:33:09,524] [INFO] - Bias Shape: torch.Size([2])
[2026-01-16 16:35:50,953] [INFO] - [  100/ 4200] | Cost: 0.6986482 | Accuracy: 0.4400000
[2026-01-16 16:38:44,432] [INFO] - [  200/ 4200] | Cost: 0.6874507 | Accuracy: 0.5700000
[2026-01-16 16:41:30,619] [INFO] - [  300/ 4200] | Cost: 0.7091786 | Accuracy: 0.4500000
[2026-01-16 16:44:21,923] [INFO] - [  400/ 4200] | Cost: 0.7026216 | Accuracy: 0.4700000
[2026-01-16 16:47:00,708] [INFO] - [  500/ 4200] | Cost: 0.6943360 | Accuracy: 0.4900000
[2026-01-16 16:50:05,429] [INFO] - [  600/ 4200] | Cost: 0.6791095 | Accuracy: 0.5500000
[2026-01-16 16:52:45,547] [INFO] - [  700/ 4200] | Cost: 0.6811043 | Accuracy: 0.5000000
[2026-01-16 16:55:48,407] [INFO] - [  800/ 4200] | Cost: 0.6770336 | Accuracy: 0.4600000
[2026-01-16 16:58:44,639] [INFO] - [  900/ 4200] | Cost: 0.6727017 | Accuracy: 0.9400000
[2026-01-16 17:01:59,563] [INFO] - [ 1000/ 4200] | Cost: 0.6590853 | Accuracy: 0.8600000
[2026-01-16 17:04:59,560] [INFO] - [ 1100/ 4200] | Cost: 0.6495469 | Accuracy: 0.7800000
[2026-01-16 17:07:57,942] [INFO] - [ 1200/ 4200] | Cost: 0.6469586 | Accuracy: 0.7100000
[2026-01-16 17:10:54,258] [INFO] - [ 1300/ 4200] | Cost: 0.6375457 | Accuracy: 0.7400000
[2026-01-16 17:13:47,466] [INFO] - [ 1400/ 4200] | Cost: 0.6206641 | Accuracy: 0.8800000
[2026-01-16 17:16:48,348] [INFO] - [ 1500/ 4200] | Cost: 0.6165234 | Accuracy: 0.8800000
[2026-01-16 17:19:49,955] [INFO] - [ 1600/ 4200] | Cost: 0.6147246 | Accuracy: 0.9100000
[2026-01-16 17:22:49,712] [INFO] - [ 1700/ 4200] | Cost: 0.6078591 | Accuracy: 0.9100000
[2026-01-16 17:25:37,413] [INFO] - [ 1800/ 4200] | Cost: 0.5910197 | Accuracy: 0.9400000
[2026-01-16 17:28:21,421] [INFO] - [ 1900/ 4200] | Cost: 0.5877399 | Accuracy: 0.9000000
[2026-01-16 17:31:19,971] [INFO] - [ 2000/ 4200] | Cost: 0.5651724 | Accuracy: 0.9300000
[2026-01-16 17:34:20,228] [INFO] - [ 2100/ 4200] | Cost: 0.5615742 | Accuracy: 0.9600000
[2026-01-16 17:37:05,404] [INFO] - [ 2200/ 4200] | Cost: 0.5520401 | Accuracy: 0.9500000
[2026-01-16 17:39:59,228] [INFO] - [ 2300/ 4200] | Cost: 0.5488949 | Accuracy: 0.9000000
[2026-01-16 17:42:51,859] [INFO] - [ 2400/ 4200] | Cost: 0.5066549 | Accuracy: 0.9300000
[2026-01-16 17:45:53,941] [INFO] - [ 2500/ 4200] | Cost: 0.5041302 | Accuracy: 0.9400000
[2026-01-16 17:48:51,806] [INFO] - [ 2600/ 4200] | Cost: 0.5247727 | Accuracy: 0.9500000
[2026-01-16 17:51:46,994] [INFO] - [ 2700/ 4200] | Cost: 0.5040186 | Accuracy: 0.9300000
[2026-01-16 17:54:37,487] [INFO] - [ 2800/ 4200] | Cost: 0.4905964 | Accuracy: 0.9600000
[2026-01-16 17:57:29,203] [INFO] - [ 2900/ 4200] | Cost: 0.4942869 | Accuracy: 0.9500000
[2026-01-16 18:00:33,470] [INFO] - [ 3000/ 4200] | Cost: 0.4784392 | Accuracy: 0.9800000
[2026-01-16 18:03:36,495] [INFO] - [ 3100/ 4200] | Cost: 0.5086541 | Accuracy: 0.9500000
[2026-01-16 18:06:37,699] [INFO] - [ 3200/ 4200] | Cost: 0.5065602 | Accuracy: 0.9700000
[2026-01-16 18:09:40,644] [INFO] - [ 3300/ 4200] | Cost: 0.4914587 | Accuracy: 0.9500000
[2026-01-16 18:12:22,896] [INFO] - [ 3400/ 4200] | Cost: 0.4956226 | Accuracy: 0.9200000
[2026-01-16 18:15:22,173] [INFO] - [ 3500/ 4200] | Cost: 0.5004126 | Accuracy: 0.9300000
[2026-01-16 18:18:13,590] [INFO] - [ 3600/ 4200] | Cost: 0.4903212 | Accuracy: 0.9100000
[2026-01-16 18:21:01,725] [INFO] - [ 3700/ 4200] | Cost: 0.4761133 | Accuracy: 0.9500000
[2026-01-16 18:23:56,321] [INFO] - [ 3800/ 4200] | Cost: 0.5103291 | Accuracy: 0.8800000
[2026-01-16 18:27:03,268] [INFO] - [ 3900/ 4200] | Cost: 0.5053377 | Accuracy: 0.8500000
[2026-01-16 18:30:00,981] [INFO] - [ 4000/ 4200] | Cost: 0.4765905 | Accuracy: 0.9100000
[2026-01-16 18:33:11,294] [INFO] - [ 4100/ 4200] | Cost: 0.4694546 | Accuracy: 0.9100000
[2026-01-16 18:36:10,037] [INFO] - [ 4200/ 4200] | Cost: 0.4923642 | Accuracy: 0.8900000
