[2026-01-19 03:20:37,016] [INFO] - seed: 0
image_preprocessing: GaussianBlur
training:
  epochs: 1
  batch_size: 100
  image_width: 8
  lr: 0.05
model:
  num_layers: 3
dataset:
  num_classes: 2
  binary: true
  name: mnist
  image_width_sweep: 16,32
  orig_width: 28
embedding:
  name: NEQR
  pca: false
  supports_color: true

[2026-01-19 03:20:37,019] [INFO] - Using cuda.
[2026-01-19 03:20:37,935] [INFO] - Dataset: mnist | Train Size: 10346 | Validation Size: 2956 | Test Size: 1478
[2026-01-19 03:20:37,938] [INFO] - Initiate model
[2026-01-19 03:20:37,940] [INFO] - Weights Shape: torch.Size([3, 14, 3])
[2026-01-19 03:20:37,940] [INFO] - Bias Shape: torch.Size([2])
[2026-01-19 03:28:23,415] [INFO] - [  100/10346] | Cost: 0.6896461 | Accuracy: 0.6200000
[2026-01-19 03:37:11,338] [INFO] - [  200/10346] | Cost: 0.6864638 | Accuracy: 0.5200000
[2026-01-19 03:45:31,015] [INFO] - [  300/10346] | Cost: 0.6865883 | Accuracy: 0.4900000
[2026-01-19 03:53:38,621] [INFO] - [  400/10346] | Cost: 0.6792573 | Accuracy: 0.5600000
[2026-01-19 04:02:32,816] [INFO] - [  500/10346] | Cost: 0.6735661 | Accuracy: 0.8000000
[2026-01-19 04:10:36,616] [INFO] - [  600/10346] | Cost: 0.6780038 | Accuracy: 0.6500000
[2026-01-19 04:19:14,053] [INFO] - [  700/10346] | Cost: 0.6647037 | Accuracy: 0.9000000
[2026-01-19 04:27:46,516] [INFO] - [  800/10346] | Cost: 0.6554634 | Accuracy: 0.9600000
[2026-01-19 04:35:45,052] [INFO] - [  900/10346] | Cost: 0.6541091 | Accuracy: 0.8900000
[2026-01-19 04:44:14,248] [INFO] - [ 1000/10346] | Cost: 0.6497950 | Accuracy: 0.8200000
[2026-01-19 04:52:42,816] [INFO] - [ 1100/10346] | Cost: 0.6419364 | Accuracy: 0.7800000
[2026-01-19 05:00:47,416] [INFO] - [ 1200/10346] | Cost: 0.6345627 | Accuracy: 0.6900000
[2026-01-19 05:09:42,953] [INFO] - [ 1300/10346] | Cost: 0.6352437 | Accuracy: 0.6300000
[2026-01-19 05:18:02,516] [INFO] - [ 1400/10346] | Cost: 0.6117876 | Accuracy: 0.6400000
[2026-01-19 05:26:24,516] [INFO] - [ 1500/10346] | Cost: 0.6228553 | Accuracy: 0.5600000
[2026-01-19 05:35:05,947] [INFO] - [ 1600/10346] | Cost: 0.5795364 | Accuracy: 0.7000000
[2026-01-19 05:42:55,318] [INFO] - [ 1700/10346] | Cost: 0.6010707 | Accuracy: 0.5800000
[2026-01-19 05:51:40,054] [INFO] - [ 1800/10346] | Cost: 0.5965010 | Accuracy: 0.5900000
[2026-01-19 06:00:01,017] [INFO] - [ 1900/10346] | Cost: 0.6001958 | Accuracy: 0.5500000
[2026-01-19 06:08:19,933] [INFO] - [ 2000/10346] | Cost: 0.6026564 | Accuracy: 0.5100000
[2026-01-19 06:17:06,840] [INFO] - [ 2100/10346] | Cost: 0.6030563 | Accuracy: 0.5200000
[2026-01-19 06:25:16,144] [INFO] - [ 2200/10346] | Cost: 0.5911312 | Accuracy: 0.5400000
[2026-01-19 06:33:46,136] [INFO] - [ 2300/10346] | Cost: 0.6145384 | Accuracy: 0.4600000
[2026-01-19 06:42:12,618] [INFO] - [ 2400/10346] | Cost: 0.5934935 | Accuracy: 0.6900000
[2026-01-19 06:50:37,253] [INFO] - [ 2500/10346] | Cost: 0.5906812 | Accuracy: 0.8600000
[2026-01-19 06:59:10,016] [INFO] - [ 2600/10346] | Cost: 0.5992528 | Accuracy: 0.9700000
[2026-01-19 07:07:47,218] [INFO] - [ 2700/10346] | Cost: 0.5898592 | Accuracy: 0.9600000
[2026-01-19 07:15:41,919] [INFO] - [ 2800/10346] | Cost: 0.5918934 | Accuracy: 0.8900000
[2026-01-19 07:24:15,142] [INFO] - [ 2900/10346] | Cost: 0.5823529 | Accuracy: 0.9400000
[2026-01-19 07:32:07,644] [INFO] - [ 3000/10346] | Cost: 0.5767439 | Accuracy: 0.9400000
[2026-01-19 07:39:45,116] [INFO] - [ 3100/10346] | Cost: 0.5887560 | Accuracy: 0.9300000
[2026-01-19 07:47:59,923] [INFO] - [ 3200/10346] | Cost: 0.5986216 | Accuracy: 0.8300000
[2026-01-19 07:55:36,752] [INFO] - [ 3300/10346] | Cost: 0.5944336 | Accuracy: 0.8600000
[2026-01-19 08:03:24,551] [INFO] - [ 3400/10346] | Cost: 0.5731170 | Accuracy: 0.9500000
[2026-01-19 08:11:01,752] [INFO] - [ 3500/10346] | Cost: 0.5809612 | Accuracy: 0.9300000
[2026-01-19 08:18:55,525] [INFO] - [ 3600/10346] | Cost: 0.5820456 | Accuracy: 0.9500000
[2026-01-19 08:26:34,953] [INFO] - [ 3700/10346] | Cost: 0.5842409 | Accuracy: 0.9500000
[2026-01-19 08:34:22,116] [INFO] - [ 3800/10346] | Cost: 0.5724267 | Accuracy: 0.9800000
[2026-01-19 08:41:58,242] [INFO] - [ 3900/10346] | Cost: 0.5882398 | Accuracy: 0.9800000
[2026-01-19 08:49:50,442] [INFO] - [ 4000/10346] | Cost: 0.5753648 | Accuracy: 0.9900000
[2026-01-19 08:57:40,447] [INFO] - [ 4100/10346] | Cost: 0.5801092 | Accuracy: 0.9700000
