[2026-01-17 08:06:36,107] [INFO] - seed: 0
image_preprocessing: HomomorphicFilter
training:
  epochs: 1
  batch_size: 100
  image_width: 32
  lr: 0.05
model:
  num_layers: 3
dataset:
  num_classes: 2
  binary: true
  name: cxr8
  image_width_sweep: 2,4,8,16,32,64
  orig_width: 1024
embedding:
  name: FRQI
  pca: false
  supports_color: false

[2026-01-17 08:06:36,110] [INFO] - Using cuda.
[2026-01-17 08:06:36,261] [INFO] - Dataset: cxr8 | Train Size: 2270 | Validation Size: 650 | Test Size: 324
[2026-01-17 08:06:36,263] [INFO] - Initiate model
[2026-01-17 08:06:36,266] [INFO] - Weights Shape: torch.Size([3, 11, 3])
[2026-01-17 08:06:36,268] [INFO] - Bias Shape: torch.Size([2])
[2026-01-17 08:08:22,480] [INFO] - [  100/ 2270] | Cost: 0.6948851 | Accuracy: 0.4700000
[2026-01-17 08:10:10,235] [INFO] - [  200/ 2270] | Cost: 0.6471786 | Accuracy: 0.8400000
[2026-01-17 08:12:24,309] [INFO] - [  300/ 2270] | Cost: 0.6011907 | Accuracy: 0.8500000
[2026-01-17 08:14:08,230] [INFO] - [  400/ 2270] | Cost: 0.5778440 | Accuracy: 0.8200000
[2026-01-17 08:16:12,269] [INFO] - [  500/ 2270] | Cost: 0.5037585 | Accuracy: 0.9000000
[2026-01-17 08:18:07,581] [INFO] - [  600/ 2270] | Cost: 0.4735399 | Accuracy: 0.8900000
[2026-01-17 08:19:54,002] [INFO] - [  700/ 2270] | Cost: 0.4959586 | Accuracy: 0.8300000
[2026-01-17 08:22:07,028] [INFO] - [  800/ 2270] | Cost: 0.4689831 | Accuracy: 0.8400000
[2026-01-17 08:23:55,620] [INFO] - [  900/ 2270] | Cost: 0.4334356 | Accuracy: 0.8600000
[2026-01-17 08:25:46,384] [INFO] - [ 1000/ 2270] | Cost: 0.4610571 | Accuracy: 0.8300000
[2026-01-17 08:27:44,595] [INFO] - [ 1100/ 2270] | Cost: 0.4011935 | Accuracy: 0.8700000
[2026-01-17 08:29:35,073] [INFO] - [ 1200/ 2270] | Cost: 0.4574734 | Accuracy: 0.8300000
[2026-01-17 08:31:14,626] [INFO] - [ 1300/ 2270] | Cost: 0.4212703 | Accuracy: 0.8500000
[2026-01-17 08:33:27,657] [INFO] - [ 1400/ 2270] | Cost: 0.5593994 | Accuracy: 0.7700000
[2026-01-17 08:35:11,842] [INFO] - [ 1500/ 2270] | Cost: 0.4421656 | Accuracy: 0.8400000
[2026-01-17 08:36:57,573] [INFO] - [ 1600/ 2270] | Cost: 0.4609514 | Accuracy: 0.8300000
[2026-01-17 08:38:51,885] [INFO] - [ 1700/ 2270] | Cost: 0.2390642 | Accuracy: 0.9500000
[2026-01-17 08:40:25,947] [INFO] - [ 1800/ 2270] | Cost: 0.2557307 | Accuracy: 0.9400000
[2026-01-17 08:42:00,930] [INFO] - [ 1900/ 2270] | Cost: 0.4075659 | Accuracy: 0.8600000
[2026-01-17 08:43:59,582] [INFO] - [ 2000/ 2270] | Cost: 0.4617751 | Accuracy: 0.8300000
[2026-01-17 08:45:38,077] [INFO] - [ 2100/ 2270] | Cost: 0.4909417 | Accuracy: 0.8200000
[2026-01-17 08:47:05,309] [INFO] - [ 2200/ 2270] | Cost: 0.3662252 | Accuracy: 0.8800000
[2026-01-17 08:48:12,296] [INFO] - [ 2300/ 2270] | Cost: 0.3861989 | Accuracy: 0.8714286
[2026-01-17 08:56:31,617] [INFO] - Model dict saved to /workspace/persistent/embedding_colosseum/multirun/2026-01-15/22-04-31/329/saved_models/model_epoch-0.pt
[2026-01-17 08:56:31,627] [INFO] - Validation for epoch   0 | Cost: 0.4455171 | Accuracy: 0.8400000
