[2026-01-17 04:04:19,139] [INFO] - seed: 0
image_preprocessing: GaussianBlur
training:
  epochs: 1
  batch_size: 100
  image_width: 32
  lr: 0.05
model:
  num_layers: 3
dataset:
  num_classes: 2
  binary: true
  name: stl10
  image_width_sweep: 2,4,8,16,32,64
  orig_width: 96
embedding:
  name: OQIM
  pca: false
  supports_color: true

[2026-01-17 04:04:19,141] [INFO] - Using cuda.
[2026-01-17 04:04:29,364] [INFO] - Dataset: stl10 | Train Size: 1819 | Validation Size: 521 | Test Size: 260
[2026-01-17 04:04:29,367] [INFO] - Initiate model
[2026-01-17 04:04:29,369] [INFO] - Weights Shape: torch.Size([3, 12, 3])
[2026-01-17 04:04:29,370] [INFO] - Bias Shape: torch.Size([2])
[2026-01-17 04:07:10,013] [INFO] - [  100/ 1819] | Cost: 0.6957157 | Accuracy: 0.4800000
[2026-01-17 04:10:05,766] [INFO] - [  200/ 1819] | Cost: 0.6957552 | Accuracy: 0.4900000
[2026-01-17 04:12:51,361] [INFO] - [  300/ 1819] | Cost: 0.6918062 | Accuracy: 0.5200000
[2026-01-17 04:15:44,751] [INFO] - [  400/ 1819] | Cost: 0.6873677 | Accuracy: 0.5600000
[2026-01-17 04:18:23,639] [INFO] - [  500/ 1819] | Cost: 0.7016075 | Accuracy: 0.4400000
[2026-01-17 04:21:06,641] [INFO] - [  600/ 1819] | Cost: 0.6925974 | Accuracy: 0.4900000
[2026-01-17 04:23:55,098] [INFO] - [  700/ 1819] | Cost: 0.6855553 | Accuracy: 0.5700000
[2026-01-17 04:26:52,389] [INFO] - [  800/ 1819] | Cost: 0.6898938 | Accuracy: 0.4600000
[2026-01-17 04:29:59,871] [INFO] - [  900/ 1819] | Cost: 0.6874096 | Accuracy: 0.5800000
[2026-01-17 04:32:53,506] [INFO] - [ 1000/ 1819] | Cost: 0.6847987 | Accuracy: 0.6000000
[2026-01-17 04:35:46,749] [INFO] - [ 1100/ 1819] | Cost: 0.6845158 | Accuracy: 0.5800000
[2026-01-17 04:38:52,673] [INFO] - [ 1200/ 1819] | Cost: 0.6817008 | Accuracy: 0.5700000
[2026-01-17 04:42:05,811] [INFO] - [ 1300/ 1819] | Cost: 0.6816945 | Accuracy: 0.6000000
[2026-01-17 04:44:59,985] [INFO] - [ 1400/ 1819] | Cost: 0.6655838 | Accuracy: 0.6700000
[2026-01-17 04:48:12,990] [INFO] - [ 1500/ 1819] | Cost: 0.6752699 | Accuracy: 0.6300000
[2026-01-17 04:51:10,013] [INFO] - [ 1600/ 1819] | Cost: 0.6754834 | Accuracy: 0.5600000
[2026-01-17 04:54:07,780] [INFO] - [ 1700/ 1819] | Cost: 0.6852446 | Accuracy: 0.5100000
[2026-01-17 04:57:10,931] [INFO] - [ 1800/ 1819] | Cost: 0.6530519 | Accuracy: 0.6600000
[2026-01-17 04:57:45,707] [INFO] - [ 1900/ 1819] | Cost: 0.6707689 | Accuracy: 0.5789474
