[2026-01-17 04:53:52,185] [INFO] - seed: 0
image_preprocessing: MedianBlur
training:
  epochs: 1
  batch_size: 100
  image_width: 16
  lr: 0.05
model:
  num_layers: 3
dataset:
  num_classes: 2
  binary: true
  name: stl10
  image_width_sweep: 2,4,8,16,32,64
  orig_width: 96
embedding:
  name: OQIM
  pca: false
  supports_color: true

[2026-01-17 04:53:52,188] [INFO] - Using cuda.
[2026-01-17 04:54:04,093] [INFO] - Dataset: stl10 | Train Size: 1819 | Validation Size: 521 | Test Size: 260
[2026-01-17 04:54:04,097] [INFO] - Initiate model
[2026-01-17 04:54:04,100] [INFO] - Weights Shape: torch.Size([3, 10, 3])
[2026-01-17 04:54:04,101] [INFO] - Bias Shape: torch.Size([2])
[2026-01-17 04:55:16,355] [INFO] - [  100/ 1819] | Cost: 0.6938221 | Accuracy: 0.4800000
[2026-01-17 04:56:03,463] [INFO] - [  200/ 1819] | Cost: 0.6896251 | Accuracy: 0.4900000
[2026-01-17 04:57:02,658] [INFO] - [  300/ 1819] | Cost: 0.6844345 | Accuracy: 0.5300000
[2026-01-17 04:58:12,047] [INFO] - [  400/ 1819] | Cost: 0.6791516 | Accuracy: 0.6200000
[2026-01-17 04:59:29,109] [INFO] - [  500/ 1819] | Cost: 0.6935558 | Accuracy: 0.4800000
[2026-01-17 05:00:36,006] [INFO] - [  600/ 1819] | Cost: 0.6827668 | Accuracy: 0.5400000
[2026-01-17 05:01:39,202] [INFO] - [  700/ 1819] | Cost: 0.6769537 | Accuracy: 0.6100000
[2026-01-17 05:02:29,065] [INFO] - [  800/ 1819] | Cost: 0.6733545 | Accuracy: 0.7000000
[2026-01-17 05:03:38,783] [INFO] - [  900/ 1819] | Cost: 0.6810924 | Accuracy: 0.6100000
[2026-01-17 05:04:53,844] [INFO] - [ 1000/ 1819] | Cost: 0.6781853 | Accuracy: 0.5800000
[2026-01-17 05:05:58,821] [INFO] - [ 1100/ 1819] | Cost: 0.6814573 | Accuracy: 0.5600000
[2026-01-17 05:07:09,144] [INFO] - [ 1200/ 1819] | Cost: 0.6771029 | Accuracy: 0.6100000
[2026-01-17 05:07:58,639] [INFO] - [ 1300/ 1819] | Cost: 0.6817313 | Accuracy: 0.6300000
[2026-01-17 05:08:59,577] [INFO] - [ 1400/ 1819] | Cost: 0.6633098 | Accuracy: 0.6800000
[2026-01-17 05:10:19,268] [INFO] - [ 1500/ 1819] | Cost: 0.6718658 | Accuracy: 0.6500000
[2026-01-17 05:11:34,573] [INFO] - [ 1600/ 1819] | Cost: 0.6755487 | Accuracy: 0.5400000
[2026-01-17 05:12:34,660] [INFO] - [ 1700/ 1819] | Cost: 0.6859529 | Accuracy: 0.5200000
[2026-01-17 05:13:44,088] [INFO] - [ 1800/ 1819] | Cost: 0.6524356 | Accuracy: 0.6200000
[2026-01-17 05:13:56,219] [INFO] - [ 1900/ 1819] | Cost: 0.6701061 | Accuracy: 0.5789474
