[2026-01-17 04:26:00,844] [INFO] - seed: 0
image_preprocessing: ContrastScaling
training:
  epochs: 1
  batch_size: 100
  image_width: 16
  lr: 0.05
model:
  num_layers: 3
dataset:
  num_classes: 2
  binary: true
  name: stl10
  image_width_sweep: 2,4,8,16,32,64
  orig_width: 96
embedding:
  name: NAQSS
  pca: false
  supports_color: false

[2026-01-17 04:26:00,847] [INFO] - Using cuda.
[2026-01-17 04:26:12,719] [INFO] - Dataset: stl10 | Train Size: 1819 | Validation Size: 521 | Test Size: 260
[2026-01-17 04:26:12,722] [INFO] - Initiate model
[2026-01-17 04:26:12,725] [INFO] - Weights Shape: torch.Size([3, 17, 3])
[2026-01-17 04:26:12,726] [INFO] - Bias Shape: torch.Size([2])
[2026-01-17 04:28:42,767] [INFO] - [  100/ 1819] | Cost: 0.6930912 | Accuracy: 0.5400000
[2026-01-17 04:31:36,403] [INFO] - [  200/ 1819] | Cost: 0.6952585 | Accuracy: 0.4900000
[2026-01-17 04:34:06,706] [INFO] - [  300/ 1819] | Cost: 0.6925064 | Accuracy: 0.5200000
[2026-01-17 04:36:35,832] [INFO] - [  400/ 1819] | Cost: 0.6901662 | Accuracy: 0.5600000
[2026-01-17 04:39:17,105] [INFO] - [  500/ 1819] | Cost: 0.6993143 | Accuracy: 0.4400000
[2026-01-17 04:41:49,432] [INFO] - [  600/ 1819] | Cost: 0.6942231 | Accuracy: 0.4900000
[2026-01-17 04:44:28,074] [INFO] - [  700/ 1819] | Cost: 0.6913888 | Accuracy: 0.5700000
[2026-01-17 04:46:40,937] [INFO] - [  800/ 1819] | Cost: 0.6948992 | Accuracy: 0.4300000
[2026-01-17 04:49:40,819] [INFO] - [  900/ 1819] | Cost: 0.6927187 | Accuracy: 0.6000000
[2026-01-17 04:51:57,751] [INFO] - [ 1000/ 1819] | Cost: 0.6932226 | Accuracy: 0.4800000
[2026-01-17 04:54:18,716] [INFO] - [ 1100/ 1819] | Cost: 0.6938472 | Accuracy: 0.4700000
[2026-01-17 04:56:31,609] [INFO] - [ 1200/ 1819] | Cost: 0.6923722 | Accuracy: 0.5300000
[2026-01-17 04:59:12,765] [INFO] - [ 1300/ 1819] | Cost: 0.6940871 | Accuracy: 0.4600000
[2026-01-17 05:01:50,714] [INFO] - [ 1400/ 1819] | Cost: 0.6943115 | Accuracy: 0.4400000
[2026-01-17 05:04:30,254] [INFO] - [ 1500/ 1819] | Cost: 0.6935435 | Accuracy: 0.4500000
[2026-01-17 05:07:18,386] [INFO] - [ 1600/ 1819] | Cost: 0.6920445 | Accuracy: 0.5500000
[2026-01-17 05:09:42,824] [INFO] - [ 1700/ 1819] | Cost: 0.6963195 | Accuracy: 0.4300000
[2026-01-17 05:12:30,689] [INFO] - [ 1800/ 1819] | Cost: 0.6938608 | Accuracy: 0.5000000
[2026-01-17 05:13:00,614] [INFO] - [ 1900/ 1819] | Cost: 0.6909377 | Accuracy: 0.5789474
