[2026-01-16 18:36:24,039] [INFO] - seed: 0
image_preprocessing: None
training:
  epochs: 1
  batch_size: 100
  image_width: 32
  lr: 0.05
model:
  num_layers: 3
dataset:
  num_classes: 2
  binary: true
  name: eurosat_ms
  image_width_sweep: '64'
  orig_width: 64
embedding:
  name: NEQR
  pca: false
  supports_color: true

[2026-01-16 18:36:24,043] [INFO] - Using cuda.
[2026-01-16 18:36:24,086] [INFO] - Dataset: eurosat_ms | Train Size: 4200 | Validation Size: 1200 | Test Size: 600
[2026-01-16 18:36:24,088] [INFO] - Initiate model
[2026-01-16 18:36:24,295] [INFO] - Weights Shape: torch.Size([3, 18, 3])
[2026-01-16 18:36:24,296] [INFO] - Bias Shape: torch.Size([2])
[2026-01-16 18:41:38,853] [INFO] - [  100/ 4200] | Cost: 0.6932209 | Accuracy: 0.4900000
[2026-01-16 18:46:34,007] [INFO] - [  200/ 4200] | Cost: 0.6876321 | Accuracy: 0.5700000
[2026-01-16 18:51:40,640] [INFO] - [  300/ 4200] | Cost: 0.7073302 | Accuracy: 0.4500000
[2026-01-16 18:56:48,172] [INFO] - [  400/ 4200] | Cost: 0.7040665 | Accuracy: 0.4700000
[2026-01-16 19:02:00,763] [INFO] - [  500/ 4200] | Cost: 0.6969629 | Accuracy: 0.4900000
[2026-01-16 19:07:09,501] [INFO] - [  600/ 4200] | Cost: 0.6886665 | Accuracy: 0.5500000
[2026-01-16 19:12:30,826] [INFO] - [  700/ 4200] | Cost: 0.6943019 | Accuracy: 0.5000000
[2026-01-16 19:17:41,245] [INFO] - [  800/ 4200] | Cost: 0.6950801 | Accuracy: 0.4600000
[2026-01-16 19:23:13,049] [INFO] - [  900/ 4200] | Cost: 0.6940859 | Accuracy: 0.5900000
[2026-01-16 19:28:11,477] [INFO] - [ 1000/ 4200] | Cost: 0.6911979 | Accuracy: 0.5500000
[2026-01-16 19:33:37,726] [INFO] - [ 1100/ 4200] | Cost: 0.6980100 | Accuracy: 0.4700000
[2026-01-16 19:38:40,185] [INFO] - [ 1200/ 4200] | Cost: 0.6984138 | Accuracy: 0.4800000
[2026-01-16 19:44:04,838] [INFO] - [ 1300/ 4200] | Cost: 0.7043345 | Accuracy: 0.4400000
[2026-01-16 19:49:02,803] [INFO] - [ 1400/ 4200] | Cost: 0.6888159 | Accuracy: 0.5400000
[2026-01-16 19:54:38,594] [INFO] - [ 1500/ 4200] | Cost: 0.7032909 | Accuracy: 0.4400000
[2026-01-16 19:59:58,530] [INFO] - [ 1600/ 4200] | Cost: 0.6852445 | Accuracy: 0.5800000
[2026-01-16 20:05:26,964] [INFO] - [ 1700/ 4200] | Cost: 0.6949887 | Accuracy: 0.4800000
[2026-01-16 20:10:48,508] [INFO] - [ 1800/ 4200] | Cost: 0.6944588 | Accuracy: 0.4800000
[2026-01-16 20:16:07,863] [INFO] - [ 1900/ 4200] | Cost: 0.6944057 | Accuracy: 0.4700000
[2026-01-16 20:21:24,720] [INFO] - [ 2000/ 4200] | Cost: 0.6917757 | Accuracy: 0.4400000
[2026-01-16 20:26:36,142] [INFO] - [ 2100/ 4200] | Cost: 0.6918449 | Accuracy: 0.6000000
[2026-01-16 20:31:53,224] [INFO] - [ 2200/ 4200] | Cost: 0.6905150 | Accuracy: 0.6600000
[2026-01-16 20:37:17,073] [INFO] - [ 2300/ 4200] | Cost: 0.6912191 | Accuracy: 0.6200000
[2026-01-16 20:42:24,603] [INFO] - [ 2400/ 4200] | Cost: 0.6900986 | Accuracy: 0.5200000
[2026-01-16 20:47:36,635] [INFO] - [ 2500/ 4200] | Cost: 0.6877152 | Accuracy: 0.5500000
[2026-01-16 20:52:52,066] [INFO] - [ 2600/ 4200] | Cost: 0.6885690 | Accuracy: 0.5600000
[2026-01-16 20:57:59,658] [INFO] - [ 2700/ 4200] | Cost: 0.6858470 | Accuracy: 0.5400000
[2026-01-16 21:03:21,747] [INFO] - [ 2800/ 4200] | Cost: 0.6758123 | Accuracy: 0.6200000
[2026-01-16 21:08:20,151] [INFO] - [ 2900/ 4200] | Cost: 0.6807311 | Accuracy: 0.5600000
[2026-01-16 21:13:59,634] [INFO] - [ 3000/ 4200] | Cost: 0.6910713 | Accuracy: 0.5100000
[2026-01-16 21:19:20,233] [INFO] - [ 3100/ 4200] | Cost: 0.7100560 | Accuracy: 0.4500000
[2026-01-16 21:24:56,574] [INFO] - [ 3200/ 4200] | Cost: 0.7241119 | Accuracy: 0.3900000
[2026-01-16 21:30:05,226] [INFO] - [ 3300/ 4200] | Cost: 0.6860989 | Accuracy: 0.5300000
[2026-01-16 21:35:32,746] [INFO] - [ 3400/ 4200] | Cost: 0.6875641 | Accuracy: 0.5000000
[2026-01-16 21:40:57,797] [INFO] - [ 3500/ 4200] | Cost: 0.6841994 | Accuracy: 0.5000000
[2026-01-16 21:46:36,942] [INFO] - [ 3600/ 4200] | Cost: 0.6684609 | Accuracy: 0.7300000
[2026-01-16 21:51:57,705] [INFO] - [ 3700/ 4200] | Cost: 0.6694396 | Accuracy: 0.8100000
[2026-01-16 21:57:35,670] [INFO] - [ 3800/ 4200] | Cost: 0.6619355 | Accuracy: 0.7900000
[2026-01-16 22:02:54,790] [INFO] - [ 3900/ 4200] | Cost: 0.6494185 | Accuracy: 0.6000000
[2026-01-16 22:08:33,311] [INFO] - [ 4000/ 4200] | Cost: 0.6373480 | Accuracy: 0.5600000
[2026-01-16 22:13:58,310] [INFO] - [ 4100/ 4200] | Cost: 0.6163244 | Accuracy: 0.5900000
[2026-01-16 22:19:28,569] [INFO] - [ 4200/ 4200] | Cost: 0.6041160 | Accuracy: 0.5800000
