[2026-01-18 23:04:09,159] [INFO] - seed: 0
image_preprocessing: ContrastScaling
training:
  epochs: 1
  batch_size: 100
  image_width: 16
  lr: 0.05
model:
  num_layers: 3
dataset:
  num_classes: 2
  binary: true
  name: cxr8
  image_width_sweep: 2,4,8,16,32
  orig_width: 1024
embedding:
  name: NEQR
  pca: false
  supports_color: true

[2026-01-18 23:04:09,163] [INFO] - Using cuda.
[2026-01-18 23:04:09,315] [INFO] - Dataset: cxr8 | Train Size: 2270 | Validation Size: 650 | Test Size: 324
[2026-01-18 23:04:09,318] [INFO] - Initiate model
[2026-01-18 23:04:10,819] [INFO] - Weights Shape: torch.Size([3, 16, 3])
[2026-01-18 23:04:10,820] [INFO] - Bias Shape: torch.Size([2])
[2026-01-18 23:09:05,236] [INFO] - [  100/ 2270] | Cost: 0.6931818 | Accuracy: 0.5200000
[2026-01-18 23:13:45,151] [INFO] - [  200/ 2270] | Cost: 0.6597315 | Accuracy: 0.8400000
[2026-01-18 23:22:23,215] [INFO] - [  300/ 2270] | Cost: 0.6277477 | Accuracy: 0.8500000
[2026-01-18 23:33:53,543] [INFO] - [  400/ 2270] | Cost: 0.6075131 | Accuracy: 0.8200000
[2026-01-18 23:45:02,453] [INFO] - [  500/ 2270] | Cost: 0.5528530 | Accuracy: 0.9000000
[2026-01-18 23:56:25,616] [INFO] - [  600/ 2270] | Cost: 0.5283654 | Accuracy: 0.8900000
[2026-01-19 00:07:51,715] [INFO] - [  700/ 2270] | Cost: 0.5391685 | Accuracy: 0.8300000
[2026-01-19 00:19:13,951] [INFO] - [  800/ 2270] | Cost: 0.5145885 | Accuracy: 0.8400000
[2026-01-19 00:30:23,046] [INFO] - [  900/ 2270] | Cost: 0.4834835 | Accuracy: 0.8600000
[2026-01-19 00:41:20,516] [INFO] - [ 1000/ 2270] | Cost: 0.4946139 | Accuracy: 0.8300000
[2026-01-19 00:52:21,446] [INFO] - [ 1100/ 2270] | Cost: 0.4461805 | Accuracy: 0.8700000
[2026-01-19 01:03:52,552] [INFO] - [ 1200/ 2270] | Cost: 0.4758312 | Accuracy: 0.8300000
[2026-01-19 01:15:10,950] [INFO] - [ 1300/ 2270] | Cost: 0.4464169 | Accuracy: 0.8500000
[2026-01-19 01:26:52,146] [INFO] - [ 1400/ 2270] | Cost: 0.5387489 | Accuracy: 0.7700000
[2026-01-19 01:37:35,038] [INFO] - [ 1500/ 2270] | Cost: 0.4485849 | Accuracy: 0.8400000
[2026-01-19 01:49:08,754] [INFO] - [ 1600/ 2270] | Cost: 0.4623608 | Accuracy: 0.8300000
[2026-01-19 01:59:34,916] [INFO] - [ 1700/ 2270] | Cost: 0.2847069 | Accuracy: 0.9500000
[2026-01-19 02:11:15,140] [INFO] - [ 1800/ 2270] | Cost: 0.2868454 | Accuracy: 0.9400000
[2026-01-19 02:22:15,344] [INFO] - [ 1900/ 2270] | Cost: 0.4060474 | Accuracy: 0.8600000
[2026-01-19 02:33:48,216] [INFO] - [ 2000/ 2270] | Cost: 0.4541233 | Accuracy: 0.8300000
[2026-01-19 02:45:00,915] [INFO] - [ 2100/ 2270] | Cost: 0.4722885 | Accuracy: 0.8200000
[2026-01-19 02:56:31,754] [INFO] - [ 2200/ 2270] | Cost: 0.3692529 | Accuracy: 0.8800000
[2026-01-19 03:03:56,816] [INFO] - [ 2300/ 2270] | Cost: 0.3816434 | Accuracy: 0.8714286
