[2026-01-17 18:47:33,859] [INFO] - seed: 0
image_preprocessing: None
training:
  epochs: 1
  batch_size: 100
  image_width: 32
  lr: 0.05
model:
  num_layers: 3
dataset:
  num_classes: 2
  binary: true
  name: stl10
  image_width_sweep: 2,4,8,16,32,64
  orig_width: 96
embedding:
  name: RMP
  pca: true
  supports_color: true

[2026-01-17 18:47:33,861] [INFO] - Using cuda.
[2026-01-17 18:47:58,025] [INFO] - Dataset: stl10 | Train Size: 1819 | Validation Size: 521 | Test Size: 260
[2026-01-17 18:47:58,028] [INFO] - Applying PCA Loader to the dataset
[2026-01-17 18:47:59,928] [INFO] - Initiate model
[2026-01-17 18:47:59,931] [INFO] - Weights Shape: torch.Size([3, 6, 3])
[2026-01-17 18:47:59,932] [INFO] - Bias Shape: torch.Size([2])
[2026-01-17 18:48:53,110] [INFO] - [  100/ 1819] | Cost: 0.7092850 | Accuracy: 0.4500000
[2026-01-17 18:49:46,571] [INFO] - [  200/ 1819] | Cost: 0.6895372 | Accuracy: 0.5500000
[2026-01-17 18:50:39,943] [INFO] - [  300/ 1819] | Cost: 0.6896704 | Accuracy: 0.5100000
[2026-01-17 18:51:33,353] [INFO] - [  400/ 1819] | Cost: 0.6893860 | Accuracy: 0.5100000
[2026-01-17 18:52:26,723] [INFO] - [  500/ 1819] | Cost: 0.6937724 | Accuracy: 0.4900000
[2026-01-17 18:53:19,966] [INFO] - [  600/ 1819] | Cost: 0.6926287 | Accuracy: 0.4800000
[2026-01-17 18:54:13,336] [INFO] - [  700/ 1819] | Cost: 0.6881811 | Accuracy: 0.4900000
[2026-01-17 18:55:06,764] [INFO] - [  800/ 1819] | Cost: 0.6884351 | Accuracy: 0.4800000
[2026-01-17 18:56:00,167] [INFO] - [  900/ 1819] | Cost: 0.6837729 | Accuracy: 0.5200000
[2026-01-17 18:56:53,422] [INFO] - [ 1000/ 1819] | Cost: 0.6961032 | Accuracy: 0.4700000
[2026-01-17 18:57:46,798] [INFO] - [ 1100/ 1819] | Cost: 0.6768973 | Accuracy: 0.5900000
[2026-01-17 18:58:37,823] [INFO] - [ 1200/ 1819] | Cost: 0.6868891 | Accuracy: 0.5200000
[2026-01-17 18:59:24,885] [INFO] - [ 1300/ 1819] | Cost: 0.6731940 | Accuracy: 0.5900000
[2026-01-17 19:00:18,314] [INFO] - [ 1400/ 1819] | Cost: 0.6894447 | Accuracy: 0.4800000
[2026-01-17 19:01:11,494] [INFO] - [ 1500/ 1819] | Cost: 0.6884924 | Accuracy: 0.5100000
[2026-01-17 19:02:04,904] [INFO] - [ 1600/ 1819] | Cost: 0.6873484 | Accuracy: 0.5100000
[2026-01-17 19:02:58,314] [INFO] - [ 1700/ 1819] | Cost: 0.6898271 | Accuracy: 0.4700000
[2026-01-17 19:03:51,728] [INFO] - [ 1800/ 1819] | Cost: 0.6835512 | Accuracy: 0.6700000
[2026-01-17 19:04:01,844] [INFO] - [ 1900/ 1819] | Cost: 0.6679378 | Accuracy: 0.7368421
[2026-01-17 19:04:10,590] [INFO] - Model dict saved to /workspace/persistent/embedding_colosseum/multirun/2026-01-17/16-03-43/92/saved_models/model_epoch-0.pt
[2026-01-17 19:04:10,591] [INFO] - Validation for epoch   0 | Cost: 0.6871406 | Accuracy: 0.5064286
