[2026-01-19 05:12:41,124] [INFO] - seed: 0
image_preprocessing: ContrastScaling
training:
  epochs: 1
  batch_size: 100
  image_width: 8
  lr: 0.05
model:
  num_layers: 3
dataset:
  num_classes: 2
  binary: true
  name: mnist
  image_width_sweep: 16,32
  orig_width: 28
embedding:
  name: OQIM
  pca: false
  supports_color: true

[2026-01-19 05:12:41,126] [INFO] - Using cuda.
[2026-01-19 05:12:42,145] [INFO] - Dataset: mnist | Train Size: 10346 | Validation Size: 2956 | Test Size: 1478
[2026-01-19 05:12:42,149] [INFO] - Initiate model
[2026-01-19 05:12:42,151] [INFO] - Weights Shape: torch.Size([3, 8, 3])
[2026-01-19 05:12:42,151] [INFO] - Bias Shape: torch.Size([2])
[2026-01-19 05:17:32,316] [INFO] - [  100/10346] | Cost: 0.6877052 | Accuracy: 0.4900000
[2026-01-19 05:22:26,442] [INFO] - [  200/10346] | Cost: 0.6737067 | Accuracy: 0.6900000
[2026-01-19 05:27:30,422] [INFO] - [  300/10346] | Cost: 0.6722584 | Accuracy: 0.4900000
[2026-01-19 05:32:44,354] [INFO] - [  400/10346] | Cost: 0.6600241 | Accuracy: 0.5300000
[2026-01-19 05:37:43,243] [INFO] - [  500/10346] | Cost: 0.6558056 | Accuracy: 0.5300000
[2026-01-19 05:42:14,542] [INFO] - [  600/10346] | Cost: 0.6687874 | Accuracy: 0.4200000
[2026-01-19 05:47:22,515] [INFO] - [  700/10346] | Cost: 0.6491321 | Accuracy: 0.9400000
[2026-01-19 05:52:38,941] [INFO] - [  800/10346] | Cost: 0.6506918 | Accuracy: 1.0000000
[2026-01-19 05:57:37,716] [INFO] - [  900/10346] | Cost: 0.6516072 | Accuracy: 0.9600000
[2026-01-19 06:02:29,038] [INFO] - [ 1000/10346] | Cost: 0.6430664 | Accuracy: 1.0000000
[2026-01-19 06:07:23,641] [INFO] - [ 1100/10346] | Cost: 0.6409400 | Accuracy: 0.9300000
[2026-01-19 06:12:37,042] [INFO] - [ 1200/10346] | Cost: 0.6334884 | Accuracy: 0.8000000
[2026-01-19 06:17:48,252] [INFO] - [ 1300/10346] | Cost: 0.6313660 | Accuracy: 0.7500000
[2026-01-19 06:22:43,816] [INFO] - [ 1400/10346] | Cost: 0.6165665 | Accuracy: 0.6700000
[2026-01-19 06:27:46,216] [INFO] - [ 1500/10346] | Cost: 0.6288537 | Accuracy: 0.5800000
[2026-01-19 06:32:50,149] [INFO] - [ 1600/10346] | Cost: 0.5947783 | Accuracy: 0.7100000
[2026-01-19 06:37:45,350] [INFO] - [ 1700/10346] | Cost: 0.6189923 | Accuracy: 0.5800000
[2026-01-19 06:42:57,121] [INFO] - [ 1800/10346] | Cost: 0.6187343 | Accuracy: 0.5900000
[2026-01-19 06:47:54,516] [INFO] - [ 1900/10346] | Cost: 0.6307200 | Accuracy: 0.5500000
[2026-01-19 06:52:56,952] [INFO] - [ 2000/10346] | Cost: 0.6362047 | Accuracy: 0.5200000
[2026-01-19 06:58:03,040] [INFO] - [ 2100/10346] | Cost: 0.6274675 | Accuracy: 0.5400000
[2026-01-19 07:03:01,616] [INFO] - [ 2200/10346] | Cost: 0.6183014 | Accuracy: 0.6300000
[2026-01-19 07:08:12,157] [INFO] - [ 2300/10346] | Cost: 0.6382845 | Accuracy: 0.7200000
[2026-01-19 07:12:59,815] [INFO] - [ 2400/10346] | Cost: 0.6236660 | Accuracy: 0.9000000
[2026-01-19 07:17:40,133] [INFO] - [ 2500/10346] | Cost: 0.6209859 | Accuracy: 0.9600000
[2026-01-19 07:22:51,641] [INFO] - [ 2600/10346] | Cost: 0.6241292 | Accuracy: 0.9400000
[2026-01-19 07:27:50,715] [INFO] - [ 2700/10346] | Cost: 0.6235965 | Accuracy: 0.9500000
[2026-01-19 07:32:22,759] [INFO] - [ 2800/10346] | Cost: 0.6174305 | Accuracy: 0.9400000
[2026-01-19 07:36:55,358] [INFO] - [ 2900/10346] | Cost: 0.6148016 | Accuracy: 0.9000000
[2026-01-19 07:41:44,043] [INFO] - [ 3000/10346] | Cost: 0.6203330 | Accuracy: 0.7400000
[2026-01-19 07:46:42,544] [INFO] - [ 3100/10346] | Cost: 0.6200515 | Accuracy: 0.6900000
[2026-01-19 07:51:13,515] [INFO] - [ 3200/10346] | Cost: 0.6025314 | Accuracy: 0.8000000
[2026-01-19 07:55:48,343] [INFO] - [ 3300/10346] | Cost: 0.6013275 | Accuracy: 0.7100000
[2026-01-19 08:00:38,322] [INFO] - [ 3400/10346] | Cost: 0.6248679 | Accuracy: 0.6500000
[2026-01-19 08:05:06,616] [INFO] - [ 3500/10346] | Cost: 0.6049188 | Accuracy: 0.7800000
[2026-01-19 08:09:42,850] [INFO] - [ 3600/10346] | Cost: 0.6104385 | Accuracy: 0.7700000
[2026-01-19 08:14:17,626] [INFO] - [ 3700/10346] | Cost: 0.6052284 | Accuracy: 0.9400000
[2026-01-19 08:19:06,551] [INFO] - [ 3800/10346] | Cost: 0.5994453 | Accuracy: 0.9600000
[2026-01-19 08:23:48,545] [INFO] - [ 3900/10346] | Cost: 0.5959300 | Accuracy: 0.9800000
[2026-01-19 08:28:08,856] [INFO] - [ 4000/10346] | Cost: 0.5974339 | Accuracy: 1.0000000
[2026-01-19 08:32:52,535] [INFO] - [ 4100/10346] | Cost: 0.5910668 | Accuracy: 0.9400000
[2026-01-19 08:37:34,963] [INFO] - [ 4200/10346] | Cost: 0.5887931 | Accuracy: 0.9500000
[2026-01-19 08:42:05,616] [INFO] - [ 4300/10346] | Cost: 0.5835369 | Accuracy: 0.9600000
[2026-01-19 08:46:46,250] [INFO] - [ 4400/10346] | Cost: 0.5841480 | Accuracy: 0.9000000
[2026-01-19 08:51:23,525] [INFO] - [ 4500/10346] | Cost: 0.5769648 | Accuracy: 0.8500000
[2026-01-19 08:56:05,655] [INFO] - [ 4600/10346] | Cost: 0.5748766 | Accuracy: 0.7900000
