[2026-01-16 15:25:58,735] [INFO] - seed: 0
image_preprocessing: ContrastScaling
training:
  epochs: 1
  batch_size: 100
  image_width: 32
  lr: 0.05
model:
  num_layers: 3
dataset:
  num_classes: 2
  binary: true
  name: eurosat_rgb
  image_width_sweep: '64'
  orig_width: 64
embedding:
  name: NEQR
  pca: false
  supports_color: true

[2026-01-16 15:25:58,737] [INFO] - Using cuda.
[2026-01-16 15:25:58,774] [INFO] - Dataset: eurosat_rgb | Train Size: 4200 | Validation Size: 1200 | Test Size: 600
[2026-01-16 15:25:58,776] [INFO] - Initiate model
[2026-01-16 15:25:58,778] [INFO] - Weights Shape: torch.Size([3, 18, 3])
[2026-01-16 15:25:58,779] [INFO] - Bias Shape: torch.Size([2])
[2026-01-16 15:31:14,713] [INFO] - [  100/ 4200] | Cost: 0.6937269 | Accuracy: 0.3900000
[2026-01-16 15:36:39,084] [INFO] - [  200/ 4200] | Cost: 0.6876794 | Accuracy: 0.5700000
[2026-01-16 15:41:47,330] [INFO] - [  300/ 4200] | Cost: 0.7076972 | Accuracy: 0.4500000
[2026-01-16 15:46:44,447] [INFO] - [  400/ 4200] | Cost: 0.7036000 | Accuracy: 0.4700000
[2026-01-16 15:51:59,697] [INFO] - [  500/ 4200] | Cost: 0.6972147 | Accuracy: 0.4900000
[2026-01-16 15:57:08,996] [INFO] - [  600/ 4200] | Cost: 0.6881061 | Accuracy: 0.5500000
[2026-01-16 16:02:29,545] [INFO] - [  700/ 4200] | Cost: 0.6931043 | Accuracy: 0.5000000
[2026-01-16 16:07:37,459] [INFO] - [  800/ 4200] | Cost: 0.6941958 | Accuracy: 0.4600000
[2026-01-16 16:13:06,532] [INFO] - [  900/ 4200] | Cost: 0.6925796 | Accuracy: 0.6000000
[2026-01-16 16:18:31,340] [INFO] - [ 1000/ 4200] | Cost: 0.6895428 | Accuracy: 0.5600000
[2026-01-16 16:23:51,611] [INFO] - [ 1100/ 4200] | Cost: 0.6960605 | Accuracy: 0.4700000
[2026-01-16 16:29:09,175] [INFO] - [ 1200/ 4200] | Cost: 0.6967755 | Accuracy: 0.4800000
[2026-01-16 16:34:25,572] [INFO] - [ 1300/ 4200] | Cost: 0.7023765 | Accuracy: 0.4400000
[2026-01-16 16:39:49,471] [INFO] - [ 1400/ 4200] | Cost: 0.6870918 | Accuracy: 0.5400000
[2026-01-16 16:45:13,229] [INFO] - [ 1500/ 4200] | Cost: 0.7003193 | Accuracy: 0.4400000
[2026-01-16 16:50:50,594] [INFO] - [ 1600/ 4200] | Cost: 0.6806287 | Accuracy: 0.5800000
[2026-01-16 16:56:20,214] [INFO] - [ 1700/ 4200] | Cost: 0.6916109 | Accuracy: 0.4800000
[2026-01-16 17:01:59,702] [INFO] - [ 1800/ 4200] | Cost: 0.6892118 | Accuracy: 0.5000000
[2026-01-16 17:07:33,561] [INFO] - [ 1900/ 4200] | Cost: 0.6880479 | Accuracy: 0.4900000
[2026-01-16 17:13:05,225] [INFO] - [ 2000/ 4200] | Cost: 0.6824967 | Accuracy: 0.6100000
[2026-01-16 17:18:12,865] [INFO] - [ 2100/ 4200] | Cost: 0.6812544 | Accuracy: 0.9400000
[2026-01-16 17:23:38,067] [INFO] - [ 2200/ 4200] | Cost: 0.6828175 | Accuracy: 0.8800000
[2026-01-16 17:28:37,074] [INFO] - [ 2300/ 4200] | Cost: 0.6773947 | Accuracy: 0.8400000
[2026-01-16 17:33:58,159] [INFO] - [ 2400/ 4200] | Cost: 0.6794882 | Accuracy: 0.5400000
[2026-01-16 17:39:16,554] [INFO] - [ 2500/ 4200] | Cost: 0.6769594 | Accuracy: 0.5600000
[2026-01-16 17:44:31,029] [INFO] - [ 2600/ 4200] | Cost: 0.6787881 | Accuracy: 0.5600000
[2026-01-16 17:49:39,283] [INFO] - [ 2700/ 4200] | Cost: 0.6759369 | Accuracy: 0.5400000
[2026-01-16 17:54:54,539] [INFO] - [ 2800/ 4200] | Cost: 0.6620552 | Accuracy: 0.6200000
[2026-01-16 18:00:17,267] [INFO] - [ 2900/ 4200] | Cost: 0.6716278 | Accuracy: 0.5600000
[2026-01-16 18:05:43,203] [INFO] - [ 3000/ 4200] | Cost: 0.6819847 | Accuracy: 0.5100000
[2026-01-16 18:11:06,445] [INFO] - [ 3100/ 4200] | Cost: 0.7024248 | Accuracy: 0.4500000
[2026-01-16 18:16:32,362] [INFO] - [ 3200/ 4200] | Cost: 0.7160789 | Accuracy: 0.3900000
[2026-01-16 18:21:56,963] [INFO] - [ 3300/ 4200] | Cost: 0.6789921 | Accuracy: 0.5300000
[2026-01-16 18:27:31,233] [INFO] - [ 3400/ 4200] | Cost: 0.6840923 | Accuracy: 0.5000000
[2026-01-16 18:33:04,618] [INFO] - [ 3500/ 4200] | Cost: 0.6847932 | Accuracy: 0.4900000
[2026-01-16 18:38:32,725] [INFO] - [ 3600/ 4200] | Cost: 0.6744706 | Accuracy: 0.5400000
[2026-01-16 18:43:48,645] [INFO] - [ 3700/ 4200] | Cost: 0.6863494 | Accuracy: 0.4100000
[2026-01-16 18:49:22,537] [INFO] - [ 3800/ 4200] | Cost: 0.6798076 | Accuracy: 0.5800000
[2026-01-16 18:54:45,454] [INFO] - [ 3900/ 4200] | Cost: 0.6780753 | Accuracy: 0.9300000
[2026-01-16 19:00:19,217] [INFO] - [ 4000/ 4200] | Cost: 0.6757992 | Accuracy: 0.5900000
[2026-01-16 19:05:40,533] [INFO] - [ 4100/ 4200] | Cost: 0.6727102 | Accuracy: 0.5600000
[2026-01-16 19:11:07,684] [INFO] - [ 4200/ 4200] | Cost: 0.6704718 | Accuracy: 0.5700000
