[2026-01-18 23:04:09,248] [INFO] - seed: 0
image_preprocessing: MedianBlur
training:
  epochs: 1
  batch_size: 100
  image_width: 4
  lr: 0.05
model:
  num_layers: 3
dataset:
  num_classes: 2
  binary: true
  name: cxr8
  image_width_sweep: 2,4,8,16,32
  orig_width: 1024
embedding:
  name: OQIM
  pca: false
  supports_color: true

[2026-01-18 23:04:09,252] [INFO] - Using cuda.
[2026-01-18 23:04:09,379] [INFO] - Dataset: cxr8 | Train Size: 2270 | Validation Size: 650 | Test Size: 324
[2026-01-18 23:04:09,382] [INFO] - Initiate model
[2026-01-18 23:04:10,833] [INFO] - Weights Shape: torch.Size([3, 6, 3])
[2026-01-18 23:04:10,834] [INFO] - Bias Shape: torch.Size([2])
[2026-01-18 23:05:30,069] [INFO] - [  100/ 2270] | Cost: 0.6800142 | Accuracy: 0.6900000
[2026-01-18 23:07:06,261] [INFO] - [  200/ 2270] | Cost: 0.6106201 | Accuracy: 0.8400000
[2026-01-18 23:08:42,352] [INFO] - [  300/ 2270] | Cost: 0.5567873 | Accuracy: 0.8500000
[2026-01-18 23:10:11,970] [INFO] - [  400/ 2270] | Cost: 0.5324303 | Accuracy: 0.8200000
[2026-01-18 23:11:43,215] [INFO] - [  500/ 2270] | Cost: 0.4410451 | Accuracy: 0.9000000
[2026-01-18 23:13:15,215] [INFO] - [  600/ 2270] | Cost: 0.4145329 | Accuracy: 0.8900000
[2026-01-18 23:14:33,357] [INFO] - [  700/ 2270] | Cost: 0.4641305 | Accuracy: 0.8300000
[2026-01-18 23:17:07,915] [INFO] - [  800/ 2270] | Cost: 0.4426884 | Accuracy: 0.8400000
[2026-01-18 23:20:26,038] [INFO] - [  900/ 2270] | Cost: 0.4106034 | Accuracy: 0.8600000
[2026-01-18 23:23:58,634] [INFO] - [ 1000/ 2270] | Cost: 0.4545181 | Accuracy: 0.8300000
[2026-01-18 23:28:01,143] [INFO] - [ 1100/ 2270] | Cost: 0.3850773 | Accuracy: 0.8700000
[2026-01-18 23:31:53,631] [INFO] - [ 1200/ 2270] | Cost: 0.4614416 | Accuracy: 0.8300000
[2026-01-18 23:35:39,216] [INFO] - [ 1300/ 2270] | Cost: 0.4237306 | Accuracy: 0.8500000
[2026-01-18 23:39:31,645] [INFO] - [ 1400/ 2270] | Cost: 0.5887842 | Accuracy: 0.7700000
[2026-01-18 23:43:14,137] [INFO] - [ 1500/ 2270] | Cost: 0.4478948 | Accuracy: 0.8400000
[2026-01-18 23:46:44,441] [INFO] - [ 1600/ 2270] | Cost: 0.4702999 | Accuracy: 0.8300000
[2026-01-18 23:50:39,553] [INFO] - [ 1700/ 2270] | Cost: 0.2212223 | Accuracy: 0.9500000
[2026-01-18 23:54:38,341] [INFO] - [ 1800/ 2270] | Cost: 0.2430796 | Accuracy: 0.9400000
[2026-01-18 23:58:03,315] [INFO] - [ 1900/ 2270] | Cost: 0.4078405 | Accuracy: 0.8600000
[2026-01-19 00:01:36,716] [INFO] - [ 2000/ 2270] | Cost: 0.4706591 | Accuracy: 0.8300000
[2026-01-19 00:05:39,452] [INFO] - [ 2100/ 2270] | Cost: 0.4923624 | Accuracy: 0.8200000
[2026-01-19 00:09:32,432] [INFO] - [ 2200/ 2270] | Cost: 0.3669161 | Accuracy: 0.8800000
[2026-01-19 00:12:20,221] [INFO] - [ 2300/ 2270] | Cost: 0.3847521 | Accuracy: 0.8714286
