[2026-01-17 16:04:17,902] [INFO] - seed: 0
image_preprocessing: ContrastScaling
training:
  epochs: 1
  batch_size: 100
  image_width: 32
  lr: 0.05
model:
  num_layers: 3
dataset:
  num_classes: 2
  binary: true
  name: fashion
  image_width_sweep: 16,32
  orig_width: 28
embedding:
  name: RMP
  pca: true
  supports_color: true

[2026-01-17 16:04:17,907] [INFO] - Using cuda.
[2026-01-17 16:04:18,573] [INFO] - Dataset: fashion | Train Size: 9800 | Validation Size: 2800 | Test Size: 1400
[2026-01-17 16:04:18,575] [INFO] - Applying PCA Loader to the dataset
[2026-01-17 16:04:22,080] [INFO] - Initiate model
[2026-01-17 16:04:22,135] [INFO] - Weights Shape: torch.Size([3, 6, 3])
[2026-01-17 16:04:22,136] [INFO] - Bias Shape: torch.Size([2])
[2026-01-17 16:05:14,434] [INFO] - [  100/ 9800] | Cost: 0.7052379 | Accuracy: 0.4700000
[2026-01-17 16:06:07,907] [INFO] - [  200/ 9800] | Cost: 0.6883068 | Accuracy: 0.6300000
[2026-01-17 16:07:01,353] [INFO] - [  300/ 9800] | Cost: 0.6857690 | Accuracy: 0.5400000
[2026-01-17 16:07:54,848] [INFO] - [  400/ 9800] | Cost: 0.6873481 | Accuracy: 0.5000000
[2026-01-17 16:08:48,162] [INFO] - [  500/ 9800] | Cost: 0.6903937 | Accuracy: 0.4600000
[2026-01-17 16:09:41,648] [INFO] - [  600/ 9800] | Cost: 0.6846114 | Accuracy: 0.4600000
[2026-01-17 16:10:35,074] [INFO] - [  700/ 9800] | Cost: 0.6790575 | Accuracy: 0.7400000
[2026-01-17 16:11:28,527] [INFO] - [  800/ 9800] | Cost: 0.6714836 | Accuracy: 0.5800000
[2026-01-17 16:12:21,721] [INFO] - [  900/ 9800] | Cost: 0.6772983 | Accuracy: 0.5100000
[2026-01-17 16:13:15,139] [INFO] - [ 1000/ 9800] | Cost: 0.6781682 | Accuracy: 0.5200000
[2026-01-17 16:14:08,507] [INFO] - [ 1100/ 9800] | Cost: 0.6901671 | Accuracy: 0.4800000
[2026-01-17 16:15:01,971] [INFO] - [ 1200/ 9800] | Cost: 0.6793706 | Accuracy: 0.5000000
[2026-01-17 16:15:55,207] [INFO] - [ 1300/ 9800] | Cost: 0.6813385 | Accuracy: 0.4500000
[2026-01-17 16:16:48,740] [INFO] - [ 1400/ 9800] | Cost: 0.6667020 | Accuracy: 0.8800000
[2026-01-17 16:17:42,120] [INFO] - [ 1500/ 9800] | Cost: 0.6665232 | Accuracy: 0.6400000
[2026-01-17 16:18:35,568] [INFO] - [ 1600/ 9800] | Cost: 0.6745008 | Accuracy: 0.4200000
[2026-01-17 16:19:28,785] [INFO] - [ 1700/ 9800] | Cost: 0.6542517 | Accuracy: 0.5800000
[2026-01-17 16:20:22,372] [INFO] - [ 1800/ 9800] | Cost: 0.6555865 | Accuracy: 0.5400000
[2026-01-17 16:21:15,762] [INFO] - [ 1900/ 9800] | Cost: 0.6563138 | Accuracy: 0.5200000
[2026-01-17 16:22:09,174] [INFO] - [ 2000/ 9800] | Cost: 0.6557988 | Accuracy: 0.5200000
[2026-01-17 16:23:02,546] [INFO] - [ 2100/ 9800] | Cost: 0.6567480 | Accuracy: 0.5000000
[2026-01-17 16:23:55,887] [INFO] - [ 2200/ 9800] | Cost: 0.6506886 | Accuracy: 0.6100000
[2026-01-17 16:24:49,309] [INFO] - [ 2300/ 9800] | Cost: 0.6518620 | Accuracy: 0.9100000
[2026-01-17 16:25:42,737] [INFO] - [ 2400/ 9800] | Cost: 0.6520260 | Accuracy: 0.9000000
[2026-01-17 16:26:36,083] [INFO] - [ 2500/ 9800] | Cost: 0.6500412 | Accuracy: 0.7900000
[2026-01-17 16:27:29,324] [INFO] - [ 2600/ 9800] | Cost: 0.6454997 | Accuracy: 0.6600000
[2026-01-17 16:28:22,747] [INFO] - [ 2700/ 9800] | Cost: 0.6623666 | Accuracy: 0.4400000
[2026-01-17 16:29:16,248] [INFO] - [ 2800/ 9800] | Cost: 0.6519691 | Accuracy: 0.5900000
[2026-01-17 16:30:09,664] [INFO] - [ 2900/ 9800] | Cost: 0.6418713 | Accuracy: 0.8500000
[2026-01-17 16:31:02,943] [INFO] - [ 3000/ 9800] | Cost: 0.6404898 | Accuracy: 0.9600000
[2026-01-17 16:31:56,335] [INFO] - [ 3100/ 9800] | Cost: 0.6433619 | Accuracy: 0.9500000
[2026-01-17 16:32:49,791] [INFO] - [ 3200/ 9800] | Cost: 0.6412817 | Accuracy: 0.9600000
[2026-01-17 16:33:43,189] [INFO] - [ 3300/ 9800] | Cost: 0.6353685 | Accuracy: 0.9500000
[2026-01-17 16:34:36,630] [INFO] - [ 3400/ 9800] | Cost: 0.6379112 | Accuracy: 0.9800000
[2026-01-17 16:35:29,828] [INFO] - [ 3500/ 9800] | Cost: 0.6355152 | Accuracy: 0.9600000
[2026-01-17 16:36:23,275] [INFO] - [ 3600/ 9800] | Cost: 0.6374625 | Accuracy: 0.9200000
[2026-01-17 16:37:16,610] [INFO] - [ 3700/ 9800] | Cost: 0.6448798 | Accuracy: 0.8500000
[2026-01-17 16:38:10,036] [INFO] - [ 3800/ 9800] | Cost: 0.6276004 | Accuracy: 0.9700000
[2026-01-17 16:39:03,269] [INFO] - [ 3900/ 9800] | Cost: 0.6392821 | Accuracy: 0.8300000
[2026-01-17 16:39:56,735] [INFO] - [ 4000/ 9800] | Cost: 0.6302453 | Accuracy: 0.8300000
[2026-01-17 16:40:50,095] [INFO] - [ 4100/ 9800] | Cost: 0.6367365 | Accuracy: 0.7600000
[2026-01-17 16:41:43,509] [INFO] - [ 4200/ 9800] | Cost: 0.6331987 | Accuracy: 0.6600000
[2026-01-17 16:42:36,838] [INFO] - [ 4300/ 9800] | Cost: 0.6378686 | Accuracy: 0.6700000
[2026-01-17 16:43:30,120] [INFO] - [ 4400/ 9800] | Cost: 0.6477255 | Accuracy: 0.7300000
[2026-01-17 16:44:23,557] [INFO] - [ 4500/ 9800] | Cost: 0.6289771 | Accuracy: 0.9200000
[2026-01-17 16:45:16,968] [INFO] - [ 4600/ 9800] | Cost: 0.6333179 | Accuracy: 0.9400000
[2026-01-17 16:46:10,302] [INFO] - [ 4700/ 9800] | Cost: 0.6335943 | Accuracy: 0.9600000
[2026-01-17 16:47:03,563] [INFO] - [ 4800/ 9800] | Cost: 0.6351442 | Accuracy: 0.9500000
[2026-01-17 16:47:56,913] [INFO] - [ 4900/ 9800] | Cost: 0.6310394 | Accuracy: 0.9400000
[2026-01-17 16:48:50,333] [INFO] - [ 5000/ 9800] | Cost: 0.6296216 | Accuracy: 0.9600000
[2026-01-17 16:49:43,739] [INFO] - [ 5100/ 9800] | Cost: 0.6261169 | Accuracy: 0.9400000
[2026-01-17 16:50:37,000] [INFO] - [ 5200/ 9800] | Cost: 0.6297839 | Accuracy: 0.8600000
[2026-01-17 16:51:30,385] [INFO] - [ 5300/ 9800] | Cost: 0.6357601 | Accuracy: 0.7100000
[2026-01-17 16:52:23,798] [INFO] - [ 5400/ 9800] | Cost: 0.6431432 | Accuracy: 0.6500000
[2026-01-17 16:53:17,234] [INFO] - [ 5500/ 9800] | Cost: 0.6276591 | Accuracy: 0.7800000
[2026-01-17 16:54:10,514] [INFO] - [ 5600/ 9800] | Cost: 0.6298448 | Accuracy: 0.7500000
[2026-01-17 16:55:03,885] [INFO] - [ 5700/ 9800] | Cost: 0.6304147 | Accuracy: 0.7700000
[2026-01-17 16:55:57,244] [INFO] - [ 5800/ 9800] | Cost: 0.6308648 | Accuracy: 0.8300000
[2026-01-17 16:56:50,662] [INFO] - [ 5900/ 9800] | Cost: 0.6349203 | Accuracy: 0.8400000
[2026-01-17 16:57:43,921] [INFO] - [ 6000/ 9800] | Cost: 0.6299740 | Accuracy: 0.9000000
[2026-01-17 16:58:37,344] [INFO] - [ 6100/ 9800] | Cost: 0.6309494 | Accuracy: 0.8300000
[2026-01-17 16:59:30,721] [INFO] - [ 6200/ 9800] | Cost: 0.6301640 | Accuracy: 0.8700000
[2026-01-17 17:00:24,117] [INFO] - [ 6300/ 9800] | Cost: 0.6514876 | Accuracy: 0.7400000
[2026-01-17 17:01:17,546] [INFO] - [ 6400/ 9800] | Cost: 0.6249928 | Accuracy: 0.9400000
[2026-01-17 17:02:10,722] [INFO] - [ 6500/ 9800] | Cost: 0.6342974 | Accuracy: 0.8800000
[2026-01-17 17:03:04,182] [INFO] - [ 6600/ 9800] | Cost: 0.6372084 | Accuracy: 0.9300000
[2026-01-17 17:03:57,521] [INFO] - [ 6700/ 9800] | Cost: 0.6292832 | Accuracy: 0.9600000
[2026-01-17 17:04:50,935] [INFO] - [ 6800/ 9800] | Cost: 0.6270887 | Accuracy: 0.9400000
[2026-01-17 17:05:44,118] [INFO] - [ 6900/ 9800] | Cost: 0.6350090 | Accuracy: 0.8400000
[2026-01-17 17:06:37,607] [INFO] - [ 7000/ 9800] | Cost: 0.6195033 | Accuracy: 0.8200000
[2026-01-17 17:07:30,972] [INFO] - [ 7100/ 9800] | Cost: 0.6409748 | Accuracy: 0.6400000
[2026-01-17 17:08:24,429] [INFO] - [ 7200/ 9800] | Cost: 0.6335054 | Accuracy: 0.5700000
[2026-01-17 17:09:17,852] [INFO] - [ 7300/ 9800] | Cost: 0.6333008 | Accuracy: 0.5900000
[2026-01-17 17:10:11,121] [INFO] - [ 7400/ 9800] | Cost: 0.6400778 | Accuracy: 0.4900000
[2026-01-17 17:11:04,530] [INFO] - [ 7500/ 9800] | Cost: 0.6402737 | Accuracy: 0.5500000
[2026-01-17 17:11:57,977] [INFO] - [ 7600/ 9800] | Cost: 0.6409576 | Accuracy: 0.7500000
[2026-01-17 17:12:51,388] [INFO] - [ 7700/ 9800] | Cost: 0.6374860 | Accuracy: 0.9300000
[2026-01-17 17:13:44,651] [INFO] - [ 7800/ 9800] | Cost: 0.6349180 | Accuracy: 0.9300000
[2026-01-17 17:14:38,077] [INFO] - [ 7900/ 9800] | Cost: 0.6338276 | Accuracy: 0.7800000
[2026-01-17 17:15:31,484] [INFO] - [ 8000/ 9800] | Cost: 0.6352645 | Accuracy: 0.5800000
[2026-01-17 17:16:24,888] [INFO] - [ 8100/ 9800] | Cost: 0.6259660 | Accuracy: 0.5400000
[2026-01-17 17:17:18,161] [INFO] - [ 8200/ 9800] | Cost: 0.6402194 | Accuracy: 0.4900000
[2026-01-17 17:18:11,589] [INFO] - [ 8300/ 9800] | Cost: 0.6394236 | Accuracy: 0.5100000
[2026-01-17 17:19:04,992] [INFO] - [ 8400/ 9800] | Cost: 0.6389696 | Accuracy: 0.5100000
[2026-01-17 17:19:58,388] [INFO] - [ 8500/ 9800] | Cost: 0.6336071 | Accuracy: 0.7200000
[2026-01-17 17:20:51,657] [INFO] - [ 8600/ 9800] | Cost: 0.6295954 | Accuracy: 0.9100000
[2026-01-17 17:21:45,100] [INFO] - [ 8700/ 9800] | Cost: 0.6319246 | Accuracy: 0.9100000
[2026-01-17 17:22:38,528] [INFO] - [ 8800/ 9800] | Cost: 0.6391685 | Accuracy: 0.8100000
[2026-01-17 17:23:31,945] [INFO] - [ 8900/ 9800] | Cost: 0.6394615 | Accuracy: 0.6000000
[2026-01-17 17:24:25,386] [INFO] - [ 9000/ 9800] | Cost: 0.6043615 | Accuracy: 0.6800000
[2026-01-17 17:25:18,594] [INFO] - [ 9100/ 9800] | Cost: 0.6261808 | Accuracy: 0.5300000
[2026-01-17 17:26:12,024] [INFO] - [ 9200/ 9800] | Cost: 0.6732467 | Accuracy: 0.4100000
[2026-01-17 17:27:05,439] [INFO] - [ 9300/ 9800] | Cost: 0.6706632 | Accuracy: 0.4200000
[2026-01-17 17:27:58,913] [INFO] - [ 9400/ 9800] | Cost: 0.6337011 | Accuracy: 0.5400000
[2026-01-17 17:28:52,147] [INFO] - [ 9500/ 9800] | Cost: 0.6335532 | Accuracy: 0.8600000
[2026-01-17 17:29:45,563] [INFO] - [ 9600/ 9800] | Cost: 0.6346820 | Accuracy: 0.9100000
[2026-01-17 17:30:38,957] [INFO] - [ 9700/ 9800] | Cost: 0.6185957 | Accuracy: 0.9400000
[2026-01-17 17:31:32,370] [INFO] - [ 9800/ 9800] | Cost: 0.6468509 | Accuracy: 0.4700000
[2026-01-17 17:32:16,089] [INFO] - Model dict saved to /workspace/persistent/embedding_colosseum/multirun/2026-01-17/16-03-43/26/saved_models/model_epoch-0.pt
[2026-01-17 17:32:16,090] [INFO] - Validation for epoch   0 | Cost: 0.6385358 | Accuracy: 0.4910714
