[2026-01-16 17:58:52,775] [INFO] - seed: 0
image_preprocessing: HomomorphicFilter
training:
  epochs: 1
  batch_size: 100
  image_width: 16
  lr: 0.05
model:
  num_layers: 3
dataset:
  num_classes: 2
  binary: true
  name: eurosat_rgb
  image_width_sweep: '64'
  orig_width: 64
embedding:
  name: OQIM
  pca: false
  supports_color: true

[2026-01-16 17:58:52,777] [INFO] - Using cuda.
[2026-01-16 17:58:52,826] [INFO] - Dataset: eurosat_rgb | Train Size: 4200 | Validation Size: 1200 | Test Size: 600
[2026-01-16 17:58:52,828] [INFO] - Initiate model
[2026-01-16 17:58:52,830] [INFO] - Weights Shape: torch.Size([3, 10, 3])
[2026-01-16 17:58:52,831] [INFO] - Bias Shape: torch.Size([2])
[2026-01-16 18:00:05,769] [INFO] - [  100/ 4200] | Cost: 0.6924382 | Accuracy: 0.5000000
[2026-01-16 18:01:10,267] [INFO] - [  200/ 4200] | Cost: 0.6797580 | Accuracy: 0.5700000
[2026-01-16 18:02:19,397] [INFO] - [  300/ 4200] | Cost: 0.6967335 | Accuracy: 0.4500000
[2026-01-16 18:03:36,551] [INFO] - [  400/ 4200] | Cost: 0.6955332 | Accuracy: 0.4700000
[2026-01-16 18:04:52,199] [INFO] - [  500/ 4200] | Cost: 0.6866600 | Accuracy: 0.4800000
[2026-01-16 18:06:05,320] [INFO] - [  600/ 4200] | Cost: 0.6684805 | Accuracy: 0.6900000
[2026-01-16 18:07:07,784] [INFO] - [  700/ 4200] | Cost: 0.6741423 | Accuracy: 0.7400000
[2026-01-16 18:08:14,307] [INFO] - [  800/ 4200] | Cost: 0.6664951 | Accuracy: 0.8000000
[2026-01-16 18:09:30,534] [INFO] - [  900/ 4200] | Cost: 0.6680750 | Accuracy: 0.6700000
[2026-01-16 18:10:42,425] [INFO] - [ 1000/ 4200] | Cost: 0.6709638 | Accuracy: 0.6200000
[2026-01-16 18:11:44,619] [INFO] - [ 1100/ 4200] | Cost: 0.6853793 | Accuracy: 0.4700000
[2026-01-16 18:12:46,425] [INFO] - [ 1200/ 4200] | Cost: 0.6826901 | Accuracy: 0.4900000
[2026-01-16 18:13:49,438] [INFO] - [ 1300/ 4200] | Cost: 0.6745578 | Accuracy: 0.5700000
[2026-01-16 18:15:09,398] [INFO] - [ 1400/ 4200] | Cost: 0.6650764 | Accuracy: 0.7800000
[2026-01-16 18:16:24,956] [INFO] - [ 1500/ 4200] | Cost: 0.6612048 | Accuracy: 0.7700000
[2026-01-16 18:17:21,192] [INFO] - [ 1600/ 4200] | Cost: 0.6709300 | Accuracy: 0.5700000
[2026-01-16 18:18:26,940] [INFO] - [ 1700/ 4200] | Cost: 0.6563681 | Accuracy: 0.7200000
[2026-01-16 18:19:31,378] [INFO] - [ 1800/ 4200] | Cost: 0.6567982 | Accuracy: 0.7100000
[2026-01-16 18:20:34,797] [INFO] - [ 1900/ 4200] | Cost: 0.6480833 | Accuracy: 0.7700000
[2026-01-16 18:21:48,440] [INFO] - [ 2000/ 4200] | Cost: 0.6466759 | Accuracy: 0.7600000
[2026-01-16 18:22:45,911] [INFO] - [ 2100/ 4200] | Cost: 0.6446757 | Accuracy: 0.7600000
[2026-01-16 18:23:51,234] [INFO] - [ 2200/ 4200] | Cost: 0.6441156 | Accuracy: 0.7600000
[2026-01-16 18:25:01,886] [INFO] - [ 2300/ 4200] | Cost: 0.6497586 | Accuracy: 0.7400000
[2026-01-16 18:26:06,145] [INFO] - [ 2400/ 4200] | Cost: 0.6390776 | Accuracy: 0.7400000
[2026-01-16 18:27:22,973] [INFO] - [ 2500/ 4200] | Cost: 0.6232588 | Accuracy: 0.8500000
[2026-01-16 18:28:31,793] [INFO] - [ 2600/ 4200] | Cost: 0.6407146 | Accuracy: 0.7400000
[2026-01-16 18:29:42,528] [INFO] - [ 2700/ 4200] | Cost: 0.6276351 | Accuracy: 0.7300000
[2026-01-16 18:30:58,474] [INFO] - [ 2800/ 4200] | Cost: 0.6188728 | Accuracy: 0.7600000
[2026-01-16 18:32:09,005] [INFO] - [ 2900/ 4200] | Cost: 0.6187609 | Accuracy: 0.7500000
[2026-01-16 18:33:21,425] [INFO] - [ 3000/ 4200] | Cost: 0.6500427 | Accuracy: 0.5500000
[2026-01-16 18:34:26,649] [INFO] - [ 3100/ 4200] | Cost: 0.6740849 | Accuracy: 0.4900000
[2026-01-16 18:35:36,132] [INFO] - [ 3200/ 4200] | Cost: 0.6641577 | Accuracy: 0.5300000
[2026-01-16 18:36:48,158] [INFO] - [ 3300/ 4200] | Cost: 0.6442282 | Accuracy: 0.6800000
[2026-01-16 18:37:59,432] [INFO] - [ 3400/ 4200] | Cost: 0.6382523 | Accuracy: 0.7400000
[2026-01-16 18:39:16,347] [INFO] - [ 3500/ 4200] | Cost: 0.6479254 | Accuracy: 0.6900000
[2026-01-16 18:40:18,844] [INFO] - [ 3600/ 4200] | Cost: 0.6449323 | Accuracy: 0.7000000
[2026-01-16 18:41:36,842] [INFO] - [ 3700/ 4200] | Cost: 0.6149735 | Accuracy: 0.7900000
[2026-01-16 18:42:41,100] [INFO] - [ 3800/ 4200] | Cost: 0.6462874 | Accuracy: 0.6200000
[2026-01-16 18:43:50,892] [INFO] - [ 3900/ 4200] | Cost: 0.6458017 | Accuracy: 0.6400000
[2026-01-16 18:45:04,922] [INFO] - [ 4000/ 4200] | Cost: 0.6154529 | Accuracy: 0.8200000
[2026-01-16 18:46:02,728] [INFO] - [ 4100/ 4200] | Cost: 0.6318558 | Accuracy: 0.7300000
[2026-01-16 18:47:16,668] [INFO] - [ 4200/ 4200] | Cost: 0.6297154 | Accuracy: 0.7400000
