[2026-01-16 16:21:37,414] [INFO] - seed: 0
image_preprocessing: MedianBlur
training:
  epochs: 1
  batch_size: 100
  image_width: 32
  lr: 0.05
model:
  num_layers: 3
dataset:
  num_classes: 2
  binary: true
  name: eurosat_rgb
  image_width_sweep: '64'
  orig_width: 64
embedding:
  name: FRQI
  pca: false
  supports_color: false

[2026-01-16 16:21:37,416] [INFO] - Using cuda.
[2026-01-16 16:21:37,465] [INFO] - Dataset: eurosat_rgb | Train Size: 4200 | Validation Size: 1200 | Test Size: 600
[2026-01-16 16:21:37,467] [INFO] - Initiate model
[2026-01-16 16:21:37,469] [INFO] - Weights Shape: torch.Size([3, 11, 3])
[2026-01-16 16:21:37,470] [INFO] - Bias Shape: torch.Size([2])
[2026-01-16 16:23:38,559] [INFO] - [  100/ 4200] | Cost: 0.7055029 | Accuracy: 0.0300000
[2026-01-16 16:25:33,462] [INFO] - [  200/ 4200] | Cost: 0.6905371 | Accuracy: 0.5700000
[2026-01-16 16:27:47,501] [INFO] - [  300/ 4200] | Cost: 0.7088645 | Accuracy: 0.4500000
[2026-01-16 16:29:34,835] [INFO] - [  400/ 4200] | Cost: 0.7000082 | Accuracy: 0.4700000
[2026-01-16 16:31:24,100] [INFO] - [  500/ 4200] | Cost: 0.6922171 | Accuracy: 0.4900000
[2026-01-16 16:33:22,084] [INFO] - [  600/ 4200] | Cost: 0.6815372 | Accuracy: 0.5500000
[2026-01-16 16:35:13,607] [INFO] - [  700/ 4200] | Cost: 0.6832142 | Accuracy: 0.5000000
[2026-01-16 16:37:11,008] [INFO] - [  800/ 4200] | Cost: 0.6804863 | Accuracy: 0.9100000
[2026-01-16 16:39:12,971] [INFO] - [  900/ 4200] | Cost: 0.6769127 | Accuracy: 0.7400000
[2026-01-16 16:40:56,868] [INFO] - [ 1000/ 4200] | Cost: 0.6705337 | Accuracy: 0.5900000
[2026-01-16 16:42:40,400] [INFO] - [ 1100/ 4200] | Cost: 0.6721207 | Accuracy: 0.5300000
[2026-01-16 16:44:42,260] [INFO] - [ 1200/ 4200] | Cost: 0.6671886 | Accuracy: 0.5600000
[2026-01-16 16:46:39,715] [INFO] - [ 1300/ 4200] | Cost: 0.6587248 | Accuracy: 0.6400000
[2026-01-16 16:48:36,647] [INFO] - [ 1400/ 4200] | Cost: 0.6393762 | Accuracy: 0.9200000
[2026-01-16 16:50:46,332] [INFO] - [ 1500/ 4200] | Cost: 0.6272968 | Accuracy: 0.9700000
[2026-01-16 16:52:34,764] [INFO] - [ 1600/ 4200] | Cost: 0.6298468 | Accuracy: 0.9200000
[2026-01-16 16:54:32,995] [INFO] - [ 1700/ 4200] | Cost: 0.6097521 | Accuracy: 0.8800000
[2026-01-16 16:56:47,584] [INFO] - [ 1800/ 4200] | Cost: 0.5836740 | Accuracy: 0.9200000
[2026-01-16 16:58:44,554] [INFO] - [ 1900/ 4200] | Cost: 0.5666028 | Accuracy: 0.9400000
[2026-01-16 17:00:44,384] [INFO] - [ 2000/ 4200] | Cost: 0.5416451 | Accuracy: 0.9400000
[2026-01-16 17:02:42,822] [INFO] - [ 2100/ 4200] | Cost: 0.5215705 | Accuracy: 0.9800000
[2026-01-16 17:04:30,651] [INFO] - [ 2200/ 4200] | Cost: 0.5020218 | Accuracy: 0.9800000
[2026-01-16 17:06:33,000] [INFO] - [ 2300/ 4200] | Cost: 0.4839103 | Accuracy: 0.9500000
[2026-01-16 17:08:36,688] [INFO] - [ 2400/ 4200] | Cost: 0.4324524 | Accuracy: 0.9800000
[2026-01-16 17:10:38,455] [INFO] - [ 2500/ 4200] | Cost: 0.4291625 | Accuracy: 0.9300000
[2026-01-16 17:12:46,909] [INFO] - [ 2600/ 4200] | Cost: 0.4526469 | Accuracy: 0.9700000
[2026-01-16 17:14:27,841] [INFO] - [ 2700/ 4200] | Cost: 0.4285182 | Accuracy: 0.9300000
[2026-01-16 17:16:33,771] [INFO] - [ 2800/ 4200] | Cost: 0.4284058 | Accuracy: 0.9000000
[2026-01-16 17:18:20,574] [INFO] - [ 2900/ 4200] | Cost: 0.4374590 | Accuracy: 0.9400000
[2026-01-16 17:20:22,580] [INFO] - [ 3000/ 4200] | Cost: 0.4038048 | Accuracy: 0.9600000
[2026-01-16 17:22:13,315] [INFO] - [ 3100/ 4200] | Cost: 0.4292673 | Accuracy: 0.9400000
[2026-01-16 17:24:16,316] [INFO] - [ 3200/ 4200] | Cost: 0.4208485 | Accuracy: 0.9600000
[2026-01-16 17:26:08,264] [INFO] - [ 3300/ 4200] | Cost: 0.4239443 | Accuracy: 0.9400000
[2026-01-16 17:28:08,181] [INFO] - [ 3400/ 4200] | Cost: 0.4419475 | Accuracy: 0.9100000
[2026-01-16 17:30:18,407] [INFO] - [ 3500/ 4200] | Cost: 0.4357403 | Accuracy: 0.9500000
[2026-01-16 17:31:59,013] [INFO] - [ 3600/ 4200] | Cost: 0.4204070 | Accuracy: 0.9500000
[2026-01-16 17:33:54,522] [INFO] - [ 3700/ 4200] | Cost: 0.4140556 | Accuracy: 0.9800000
[2026-01-16 17:35:47,600] [INFO] - [ 3800/ 4200] | Cost: 0.4459464 | Accuracy: 0.9200000
[2026-01-16 17:37:43,307] [INFO] - [ 3900/ 4200] | Cost: 0.4327526 | Accuracy: 0.9200000
[2026-01-16 17:39:44,541] [INFO] - [ 4000/ 4200] | Cost: 0.4006770 | Accuracy: 0.9500000
[2026-01-16 17:41:58,275] [INFO] - [ 4100/ 4200] | Cost: 0.4081583 | Accuracy: 0.9700000
[2026-01-16 17:43:52,643] [INFO] - [ 4200/ 4200] | Cost: 0.4327772 | Accuracy: 0.9300000
[2026-01-16 17:58:52,345] [INFO] - Model dict saved to /workspace/persistent/embedding_colosseum/multirun/2026-01-15/22-04-31/121/saved_models/model_epoch-0.pt
[2026-01-16 17:58:52,351] [INFO] - Validation for epoch   0 | Cost: 0.4087292 | Accuracy: 0.9275000
