[2026-01-18 23:15:54,840] [INFO] - seed: 0
image_preprocessing: GaussianBlur
training:
  epochs: 1
  batch_size: 100
  image_width: 32
  lr: 0.05
model:
  num_layers: 3
dataset:
  num_classes: 2
  binary: true
  name: cxr8
  image_width_sweep: 2,4,8,16,32
  orig_width: 1024
embedding:
  name: OQIM
  pca: false
  supports_color: true

[2026-01-18 23:15:54,848] [INFO] - Using cuda.
[2026-01-18 23:15:55,224] [INFO] - Dataset: cxr8 | Train Size: 2270 | Validation Size: 650 | Test Size: 324
[2026-01-18 23:15:55,228] [INFO] - Initiate model
[2026-01-18 23:15:56,433] [INFO] - Weights Shape: torch.Size([3, 12, 3])
[2026-01-18 23:15:56,435] [INFO] - Bias Shape: torch.Size([2])
[2026-01-18 23:28:29,947] [INFO] - [  100/ 2270] | Cost: 0.7140355 | Accuracy: 0.1800000
[2026-01-18 23:41:12,946] [INFO] - [  200/ 2270] | Cost: 0.6622708 | Accuracy: 0.8400000
[2026-01-18 23:54:27,848] [INFO] - [  300/ 2270] | Cost: 0.6180738 | Accuracy: 0.8500000
[2026-01-19 00:07:25,916] [INFO] - [  400/ 2270] | Cost: 0.5922987 | Accuracy: 0.8200000
[2026-01-19 00:20:05,849] [INFO] - [  500/ 2270] | Cost: 0.5249972 | Accuracy: 0.9000000
[2026-01-19 00:32:48,149] [INFO] - [  600/ 2270] | Cost: 0.4956616 | Accuracy: 0.8900000
[2026-01-19 00:46:03,448] [INFO] - [  700/ 2270] | Cost: 0.5112967 | Accuracy: 0.8300000
[2026-01-19 00:58:17,615] [INFO] - [  800/ 2270] | Cost: 0.4840162 | Accuracy: 0.8400000
[2026-01-19 01:11:26,839] [INFO] - [  900/ 2270] | Cost: 0.4482363 | Accuracy: 0.8600000
[2026-01-19 01:24:19,015] [INFO] - [ 1000/ 2270] | Cost: 0.4688507 | Accuracy: 0.8300000
[2026-01-19 01:36:55,123] [INFO] - [ 1100/ 2270] | Cost: 0.4091499 | Accuracy: 0.8700000
[2026-01-19 01:50:06,940] [INFO] - [ 1200/ 2270] | Cost: 0.4575060 | Accuracy: 0.8300000
[2026-01-19 02:02:38,515] [INFO] - [ 1300/ 2270] | Cost: 0.4246179 | Accuracy: 0.8500000
[2026-01-19 02:15:31,916] [INFO] - [ 1400/ 2270] | Cost: 0.5530422 | Accuracy: 0.7700000
[2026-01-19 02:28:22,243] [INFO] - [ 1500/ 2270] | Cost: 0.4391079 | Accuracy: 0.8400000
[2026-01-19 02:41:09,337] [INFO] - [ 1600/ 2270] | Cost: 0.4573304 | Accuracy: 0.8300000
[2026-01-19 02:54:19,755] [INFO] - [ 1700/ 2270] | Cost: 0.2445595 | Accuracy: 0.9500000
[2026-01-19 03:07:40,627] [INFO] - [ 1800/ 2270] | Cost: 0.2584531 | Accuracy: 0.9400000
[2026-01-19 03:21:28,324] [INFO] - [ 1900/ 2270] | Cost: 0.4047921 | Accuracy: 0.8600000
[2026-01-19 03:34:25,830] [INFO] - [ 2000/ 2270] | Cost: 0.4645199 | Accuracy: 0.8300000
[2026-01-19 03:47:15,050] [INFO] - [ 2100/ 2270] | Cost: 0.4880191 | Accuracy: 0.8200000
[2026-01-19 04:00:24,616] [INFO] - [ 2200/ 2270] | Cost: 0.3669137 | Accuracy: 0.8800000
[2026-01-19 04:08:58,950] [INFO] - [ 2300/ 2270] | Cost: 0.3850198 | Accuracy: 0.8714286
