[2026-01-16 19:51:55,566] [INFO] - seed: 0
image_preprocessing: MedianBlur
training:
  epochs: 1
  batch_size: 100
  image_width: 16
  lr: 0.05
model:
  num_layers: 3
dataset:
  num_classes: 2
  binary: true
  name: eurosat_ms
  image_width_sweep: '64'
  orig_width: 64
embedding:
  name: NEQR
  pca: false
  supports_color: true

[2026-01-16 19:51:55,567] [INFO] - Using cuda.
[2026-01-16 19:51:55,605] [INFO] - Dataset: eurosat_ms | Train Size: 4200 | Validation Size: 1200 | Test Size: 600
[2026-01-16 19:51:55,607] [INFO] - Initiate model
[2026-01-16 19:51:55,609] [INFO] - Weights Shape: torch.Size([3, 16, 3])
[2026-01-16 19:51:55,610] [INFO] - Bias Shape: torch.Size([2])
[2026-01-16 19:53:47,121] [INFO] - [  100/ 4200] | Cost: 0.6940109 | Accuracy: 0.3700000
[2026-01-16 19:55:42,461] [INFO] - [  200/ 4200] | Cost: 0.6871027 | Accuracy: 0.5700000
[2026-01-16 19:57:27,361] [INFO] - [  300/ 4200] | Cost: 0.7073941 | Accuracy: 0.4500000
[2026-01-16 19:59:12,176] [INFO] - [  400/ 4200] | Cost: 0.7028647 | Accuracy: 0.4700000
[2026-01-16 20:00:45,986] [INFO] - [  500/ 4200] | Cost: 0.6970524 | Accuracy: 0.4900000
[2026-01-16 20:02:17,494] [INFO] - [  600/ 4200] | Cost: 0.6882510 | Accuracy: 0.5500000
[2026-01-16 20:03:48,889] [INFO] - [  700/ 4200] | Cost: 0.6919346 | Accuracy: 0.5000000
[2026-01-16 20:05:48,409] [INFO] - [  800/ 4200] | Cost: 0.6910439 | Accuracy: 0.4600000
[2026-01-16 20:07:31,619] [INFO] - [  900/ 4200] | Cost: 0.6856897 | Accuracy: 0.8000000
[2026-01-16 20:09:05,292] [INFO] - [ 1000/ 4200] | Cost: 0.6795434 | Accuracy: 0.5500000
[2026-01-16 20:10:50,053] [INFO] - [ 1100/ 4200] | Cost: 0.6845804 | Accuracy: 0.4700000
[2026-01-16 20:12:32,651] [INFO] - [ 1200/ 4200] | Cost: 0.6845561 | Accuracy: 0.4700000
[2026-01-16 20:14:04,243] [INFO] - [ 1300/ 4200] | Cost: 0.6870821 | Accuracy: 0.4300000
[2026-01-16 20:15:54,387] [INFO] - [ 1400/ 4200] | Cost: 0.6502225 | Accuracy: 0.5300000
[2026-01-16 20:17:51,195] [INFO] - [ 1500/ 4200] | Cost: 0.6731429 | Accuracy: 0.4200000
[2026-01-16 20:19:33,011] [INFO] - [ 1600/ 4200] | Cost: 0.6346107 | Accuracy: 0.5400000
[2026-01-16 20:21:18,478] [INFO] - [ 1700/ 4200] | Cost: 0.6503074 | Accuracy: 0.4600000
[2026-01-16 20:22:57,121] [INFO] - [ 1800/ 4200] | Cost: 0.6277832 | Accuracy: 0.5000000
[2026-01-16 20:24:27,682] [INFO] - [ 1900/ 4200] | Cost: 0.6319808 | Accuracy: 0.4800000
[2026-01-16 20:26:06,230] [INFO] - [ 2000/ 4200] | Cost: 0.5950512 | Accuracy: 0.7600000
[2026-01-16 20:28:03,365] [INFO] - [ 2100/ 4200] | Cost: 0.5892398 | Accuracy: 0.8800000
[2026-01-16 20:29:47,420] [INFO] - [ 2200/ 4200] | Cost: 0.5951077 | Accuracy: 0.8600000
[2026-01-16 20:31:33,334] [INFO] - [ 2300/ 4200] | Cost: 0.6163659 | Accuracy: 0.8800000
[2026-01-16 20:33:15,959] [INFO] - [ 2400/ 4200] | Cost: 0.5932418 | Accuracy: 0.9300000
[2026-01-16 20:34:44,129] [INFO] - [ 2500/ 4200] | Cost: 0.5841612 | Accuracy: 0.9300000
[2026-01-16 20:35:51,897] [INFO] - [ 2600/ 4200] | Cost: 0.5945449 | Accuracy: 0.8800000
[2026-01-16 20:37:36,933] [INFO] - [ 2700/ 4200] | Cost: 0.5863758 | Accuracy: 0.8700000
[2026-01-16 20:39:34,612] [INFO] - [ 2800/ 4200] | Cost: 0.5910275 | Accuracy: 0.8300000
[2026-01-16 20:40:58,295] [INFO] - [ 2900/ 4200] | Cost: 0.5890402 | Accuracy: 0.7800000
[2026-01-16 20:42:38,489] [INFO] - [ 3000/ 4200] | Cost: 0.5984910 | Accuracy: 0.7200000
[2026-01-16 20:44:09,382] [INFO] - [ 3100/ 4200] | Cost: 0.6298125 | Accuracy: 0.6700000
[2026-01-16 20:45:44,509] [INFO] - [ 3200/ 4200] | Cost: 0.6610940 | Accuracy: 0.5000000
[2026-01-16 20:47:24,259] [INFO] - [ 3300/ 4200] | Cost: 0.6068883 | Accuracy: 0.6900000
[2026-01-16 20:49:18,999] [INFO] - [ 3400/ 4200] | Cost: 0.6140237 | Accuracy: 0.6700000
[2026-01-16 20:51:01,934] [INFO] - [ 3500/ 4200] | Cost: 0.6054450 | Accuracy: 0.7000000
[2026-01-16 20:52:43,646] [INFO] - [ 3600/ 4200] | Cost: 0.5963405 | Accuracy: 0.7900000
[2026-01-16 20:54:14,129] [INFO] - [ 3700/ 4200] | Cost: 0.6050168 | Accuracy: 0.8000000
[2026-01-16 20:55:55,719] [INFO] - [ 3800/ 4200] | Cost: 0.5977908 | Accuracy: 0.8700000
[2026-01-16 20:57:32,765] [INFO] - [ 3900/ 4200] | Cost: 0.5916319 | Accuracy: 0.9000000
[2026-01-16 20:59:09,897] [INFO] - [ 4000/ 4200] | Cost: 0.5885801 | Accuracy: 0.8800000
[2026-01-16 21:01:06,081] [INFO] - [ 4100/ 4200] | Cost: 0.5755532 | Accuracy: 0.9300000
[2026-01-16 21:02:52,713] [INFO] - [ 4200/ 4200] | Cost: 0.5717451 | Accuracy: 0.9300000
