[2026-01-17 06:16:01,226] [INFO] - seed: 0
image_preprocessing: GaussianBlur
training:
  epochs: 1
  batch_size: 100
  image_width: 16
  lr: 0.05
model:
  num_layers: 3
dataset:
  num_classes: 2
  binary: true
  name: cxr8
  image_width_sweep: 2,4,8,16,32,64
  orig_width: 1024
embedding:
  name: FRQI
  pca: false
  supports_color: false

[2026-01-17 06:16:01,228] [INFO] - Using cuda.
[2026-01-17 06:16:01,350] [INFO] - Dataset: cxr8 | Train Size: 2270 | Validation Size: 650 | Test Size: 324
[2026-01-17 06:16:01,353] [INFO] - Initiate model
[2026-01-17 06:16:01,354] [INFO] - Weights Shape: torch.Size([3, 9, 3])
[2026-01-17 06:16:01,355] [INFO] - Bias Shape: torch.Size([2])
[2026-01-17 06:16:44,826] [INFO] - [  100/ 2270] | Cost: 0.6711655 | Accuracy: 0.8200000
[2026-01-17 06:17:25,283] [INFO] - [  200/ 2270] | Cost: 0.6103777 | Accuracy: 0.8400000
[2026-01-17 06:18:15,415] [INFO] - [  300/ 2270] | Cost: 0.5543036 | Accuracy: 0.8500000
[2026-01-17 06:19:00,129] [INFO] - [  400/ 2270] | Cost: 0.5366915 | Accuracy: 0.8200000
[2026-01-17 06:20:01,023] [INFO] - [  500/ 2270] | Cost: 0.4419475 | Accuracy: 0.9000000
[2026-01-17 06:20:54,946] [INFO] - [  600/ 2270] | Cost: 0.4231605 | Accuracy: 0.8900000
[2026-01-17 06:21:45,608] [INFO] - [  700/ 2270] | Cost: 0.4715239 | Accuracy: 0.8300000
[2026-01-17 06:22:30,559] [INFO] - [  800/ 2270] | Cost: 0.4510209 | Accuracy: 0.8400000
[2026-01-17 06:23:11,375] [INFO] - [  900/ 2270] | Cost: 0.4125461 | Accuracy: 0.8600000
[2026-01-17 06:24:08,598] [INFO] - [ 1000/ 2270] | Cost: 0.4582527 | Accuracy: 0.8300000
[2026-01-17 06:25:01,956] [INFO] - [ 1100/ 2270] | Cost: 0.3900601 | Accuracy: 0.8700000
[2026-01-17 06:26:03,534] [INFO] - [ 1200/ 2270] | Cost: 0.4615988 | Accuracy: 0.8300000
[2026-01-17 06:26:51,829] [INFO] - [ 1300/ 2270] | Cost: 0.4271916 | Accuracy: 0.8500000
[2026-01-17 06:27:43,534] [INFO] - [ 1400/ 2270] | Cost: 0.5762672 | Accuracy: 0.7700000
[2026-01-17 06:28:24,330] [INFO] - [ 1500/ 2270] | Cost: 0.4422785 | Accuracy: 0.8400000
[2026-01-17 06:29:02,935] [INFO] - [ 1600/ 2270] | Cost: 0.4608099 | Accuracy: 0.8300000
[2026-01-17 06:30:03,688] [INFO] - [ 1700/ 2270] | Cost: 0.2579698 | Accuracy: 0.9500000
[2026-01-17 06:30:58,824] [INFO] - [ 1800/ 2270] | Cost: 0.2714066 | Accuracy: 0.9400000
[2026-01-17 06:31:54,873] [INFO] - [ 1900/ 2270] | Cost: 0.4010094 | Accuracy: 0.8600000
[2026-01-17 06:32:45,737] [INFO] - [ 2000/ 2270] | Cost: 0.4521625 | Accuracy: 0.8300000
[2026-01-17 06:33:28,417] [INFO] - [ 2100/ 2270] | Cost: 0.4739181 | Accuracy: 0.8200000
[2026-01-17 06:34:22,901] [INFO] - [ 2200/ 2270] | Cost: 0.3684855 | Accuracy: 0.8800000
[2026-01-17 06:34:58,617] [INFO] - [ 2300/ 2270] | Cost: 0.3809221 | Accuracy: 0.8714286
[2026-01-17 06:36:55,627] [INFO] - Model dict saved to /workspace/persistent/embedding_colosseum/multirun/2026-01-15/22-04-31/296/saved_models/model_epoch-0.pt
[2026-01-17 06:36:55,628] [INFO] - Validation for epoch   0 | Cost: 0.4403948 | Accuracy: 0.8400000
