[2026-01-17 08:01:19,905] [INFO] - seed: 0
image_preprocessing: BilateralFilter
training:
  epochs: 1
  batch_size: 100
  image_width: 32
  lr: 0.05
model:
  num_layers: 3
dataset:
  num_classes: 2
  binary: true
  name: cxr8
  image_width_sweep: 2,4,8,16,32,64
  orig_width: 1024
embedding:
  name: NAQSS
  pca: false
  supports_color: false

[2026-01-17 08:01:19,907] [INFO] - Using cuda.
[2026-01-17 08:01:20,036] [INFO] - Dataset: cxr8 | Train Size: 2270 | Validation Size: 650 | Test Size: 324
[2026-01-17 08:01:20,039] [INFO] - Initiate model
[2026-01-17 08:01:20,041] [INFO] - Weights Shape: torch.Size([3, 19, 3])
[2026-01-17 08:01:20,042] [INFO] - Bias Shape: torch.Size([2])
[2026-01-17 08:11:45,580] [INFO] - [  100/ 2270] | Cost: 0.6930196 | Accuracy: 0.5500000
[2026-01-17 08:22:22,104] [INFO] - [  200/ 2270] | Cost: 0.6603532 | Accuracy: 0.8400000
[2026-01-17 08:32:01,478] [INFO] - [  300/ 2270] | Cost: 0.6280699 | Accuracy: 0.8500000
[2026-01-17 08:41:11,539] [INFO] - [  400/ 2270] | Cost: 0.6083115 | Accuracy: 0.8200000
[2026-01-17 08:49:48,408] [INFO] - [  500/ 2270] | Cost: 0.5536579 | Accuracy: 0.9000000
[2026-01-17 08:57:42,761] [INFO] - [  600/ 2270] | Cost: 0.5299770 | Accuracy: 0.8900000
[2026-01-17 09:05:28,154] [INFO] - [  700/ 2270] | Cost: 0.5403916 | Accuracy: 0.8300000
[2026-01-17 09:12:55,577] [INFO] - [  800/ 2270] | Cost: 0.5168783 | Accuracy: 0.8400000
[2026-01-17 09:20:11,235] [INFO] - [  900/ 2270] | Cost: 0.4857092 | Accuracy: 0.8600000
[2026-01-17 09:27:24,378] [INFO] - [ 1000/ 2270] | Cost: 0.4968972 | Accuracy: 0.8300000
[2026-01-17 09:34:37,419] [INFO] - [ 1100/ 2270] | Cost: 0.4483824 | Accuracy: 0.8700000
[2026-01-17 09:41:52,637] [INFO] - [ 1200/ 2270] | Cost: 0.4784856 | Accuracy: 0.8300000
[2026-01-17 09:49:08,756] [INFO] - [ 1300/ 2270] | Cost: 0.4490885 | Accuracy: 0.8500000
[2026-01-17 09:56:25,478] [INFO] - [ 1400/ 2270] | Cost: 0.5391119 | Accuracy: 0.7700000
[2026-01-17 10:03:42,991] [INFO] - [ 1500/ 2270] | Cost: 0.4498031 | Accuracy: 0.8400000
[2026-01-17 10:11:01,908] [INFO] - [ 1600/ 2270] | Cost: 0.4600378 | Accuracy: 0.8300000
[2026-01-17 10:18:13,871] [INFO] - [ 1700/ 2270] | Cost: 0.2880358 | Accuracy: 0.9500000
[2026-01-17 10:25:25,940] [INFO] - [ 1800/ 2270] | Cost: 0.2934898 | Accuracy: 0.9400000
[2026-01-17 10:32:35,608] [INFO] - [ 1900/ 2270] | Cost: 0.4095482 | Accuracy: 0.8600000
[2026-01-17 10:39:57,644] [INFO] - [ 2000/ 2270] | Cost: 0.4557450 | Accuracy: 0.8300000
[2026-01-17 10:47:10,432] [INFO] - [ 2100/ 2270] | Cost: 0.4726604 | Accuracy: 0.8200000
[2026-01-17 10:54:31,293] [INFO] - [ 2200/ 2270] | Cost: 0.3713079 | Accuracy: 0.8800000
[2026-01-17 10:59:30,535] [INFO] - [ 2300/ 2270] | Cost: 0.3846675 | Accuracy: 0.8714286
