[2026-01-16 12:31:32,271] [INFO] - seed: 0
image_preprocessing: None
training:
  epochs: 1
  batch_size: 100
  image_width: 16
  lr: 0.05
model:
  num_layers: 3
dataset:
  num_classes: 2
  binary: true
  name: eurosat_rgb
  image_width_sweep: '64'
  orig_width: 64
embedding:
  name: NEQR
  pca: false
  supports_color: true

[2026-01-16 12:31:32,273] [INFO] - Using cuda.
[2026-01-16 12:31:32,311] [INFO] - Dataset: eurosat_rgb | Train Size: 4200 | Validation Size: 1200 | Test Size: 600
[2026-01-16 12:31:32,313] [INFO] - Initiate model
[2026-01-16 12:31:32,315] [INFO] - Weights Shape: torch.Size([3, 16, 3])
[2026-01-16 12:31:32,316] [INFO] - Bias Shape: torch.Size([2])
[2026-01-16 12:33:22,915] [INFO] - [  100/ 4200] | Cost: 0.6933690 | Accuracy: 0.4800000
[2026-01-16 12:34:54,650] [INFO] - [  200/ 4200] | Cost: 0.6874243 | Accuracy: 0.5700000
[2026-01-16 12:36:49,697] [INFO] - [  300/ 4200] | Cost: 0.7076501 | Accuracy: 0.4500000
[2026-01-16 12:38:28,922] [INFO] - [  400/ 4200] | Cost: 0.7034342 | Accuracy: 0.4700000
[2026-01-16 12:40:12,894] [INFO] - [  500/ 4200] | Cost: 0.6976228 | Accuracy: 0.4900000
[2026-01-16 12:41:47,603] [INFO] - [  600/ 4200] | Cost: 0.6892140 | Accuracy: 0.5500000
[2026-01-16 12:43:53,314] [INFO] - [  700/ 4200] | Cost: 0.6929469 | Accuracy: 0.5000000
[2026-01-16 12:45:42,704] [INFO] - [  800/ 4200] | Cost: 0.6946100 | Accuracy: 0.4600000
[2026-01-16 12:47:13,643] [INFO] - [  900/ 4200] | Cost: 0.6923351 | Accuracy: 0.5800000
[2026-01-16 12:49:06,362] [INFO] - [ 1000/ 4200] | Cost: 0.6901748 | Accuracy: 0.5500000
[2026-01-16 12:50:31,685] [INFO] - [ 1100/ 4200] | Cost: 0.6967044 | Accuracy: 0.4700000
[2026-01-16 12:52:16,976] [INFO] - [ 1200/ 4200] | Cost: 0.6967679 | Accuracy: 0.4800000
[2026-01-16 12:54:25,115] [INFO] - [ 1300/ 4200] | Cost: 0.7049076 | Accuracy: 0.4400000
[2026-01-16 12:56:16,596] [INFO] - [ 1400/ 4200] | Cost: 0.6878893 | Accuracy: 0.5400000
[2026-01-16 12:58:07,649] [INFO] - [ 1500/ 4200] | Cost: 0.7030410 | Accuracy: 0.4400000
[2026-01-16 12:59:44,928] [INFO] - [ 1600/ 4200] | Cost: 0.6821947 | Accuracy: 0.5800000
[2026-01-16 13:01:09,343] [INFO] - [ 1700/ 4200] | Cost: 0.6962591 | Accuracy: 0.4800000
[2026-01-16 13:02:49,537] [INFO] - [ 1800/ 4200] | Cost: 0.6925203 | Accuracy: 0.4800000
[2026-01-16 13:04:46,285] [INFO] - [ 1900/ 4200] | Cost: 0.6930548 | Accuracy: 0.4100000
[2026-01-16 13:06:32,531] [INFO] - [ 2000/ 4200] | Cost: 0.6880145 | Accuracy: 0.3900000
[2026-01-16 13:08:24,263] [INFO] - [ 2100/ 4200] | Cost: 0.6833071 | Accuracy: 0.6700000
[2026-01-16 13:09:56,134] [INFO] - [ 2200/ 4200] | Cost: 0.6827205 | Accuracy: 0.8000000
[2026-01-16 13:11:27,636] [INFO] - [ 2300/ 4200] | Cost: 0.6836088 | Accuracy: 0.8100000
[2026-01-16 13:13:19,293] [INFO] - [ 2400/ 4200] | Cost: 0.6798850 | Accuracy: 0.7800000
[2026-01-16 13:14:57,376] [INFO] - [ 2500/ 4200] | Cost: 0.6806557 | Accuracy: 0.7400000
[2026-01-16 13:16:55,465] [INFO] - [ 2600/ 4200] | Cost: 0.6838929 | Accuracy: 0.7000000
[2026-01-16 13:18:45,735] [INFO] - [ 2700/ 4200] | Cost: 0.6823212 | Accuracy: 0.5800000
[2026-01-16 13:20:19,000] [INFO] - [ 2800/ 4200] | Cost: 0.6620404 | Accuracy: 0.6500000
[2026-01-16 13:21:59,771] [INFO] - [ 2900/ 4200] | Cost: 0.6733467 | Accuracy: 0.6000000
[2026-01-16 13:23:44,605] [INFO] - [ 3000/ 4200] | Cost: 0.6764662 | Accuracy: 0.5300000
[2026-01-16 13:25:22,844] [INFO] - [ 3100/ 4200] | Cost: 0.7084043 | Accuracy: 0.4600000
[2026-01-16 13:27:11,205] [INFO] - [ 3200/ 4200] | Cost: 0.7159607 | Accuracy: 0.3900000
[2026-01-16 13:29:08,451] [INFO] - [ 3300/ 4200] | Cost: 0.6864139 | Accuracy: 0.5300000
[2026-01-16 13:30:43,315] [INFO] - [ 3400/ 4200] | Cost: 0.6875393 | Accuracy: 0.5100000
[2026-01-16 13:32:21,009] [INFO] - [ 3500/ 4200] | Cost: 0.6723630 | Accuracy: 0.6300000
[2026-01-16 13:34:08,230] [INFO] - [ 3600/ 4200] | Cost: 0.6736017 | Accuracy: 0.7100000
[2026-01-16 13:35:48,669] [INFO] - [ 3700/ 4200] | Cost: 0.6760750 | Accuracy: 0.6600000
[2026-01-16 13:37:51,963] [INFO] - [ 3800/ 4200] | Cost: 0.6784861 | Accuracy: 0.6700000
[2026-01-16 13:39:49,353] [INFO] - [ 3900/ 4200] | Cost: 0.6629477 | Accuracy: 0.7900000
[2026-01-16 13:41:26,422] [INFO] - [ 4000/ 4200] | Cost: 0.6586243 | Accuracy: 0.6400000
[2026-01-16 13:43:07,458] [INFO] - [ 4100/ 4200] | Cost: 0.6523743 | Accuracy: 0.5600000
[2026-01-16 13:44:49,562] [INFO] - [ 4200/ 4200] | Cost: 0.6360478 | Accuracy: 0.5800000
