[2026-01-17 03:20:55,237] [INFO] - seed: 0
image_preprocessing: None
training:
  epochs: 1
  batch_size: 100
  image_width: 16
  lr: 0.05
model:
  num_layers: 3
dataset:
  num_classes: 2
  binary: true
  name: stl10
  image_width_sweep: 2,4,8,16,32,64
  orig_width: 96
embedding:
  name: NAQSS
  pca: false
  supports_color: false

[2026-01-17 03:20:55,239] [INFO] - Using cuda.
[2026-01-17 03:21:07,146] [INFO] - Dataset: stl10 | Train Size: 1819 | Validation Size: 521 | Test Size: 260
[2026-01-17 03:21:07,148] [INFO] - Initiate model
[2026-01-17 03:21:07,150] [INFO] - Weights Shape: torch.Size([3, 17, 3])
[2026-01-17 03:21:07,151] [INFO] - Bias Shape: torch.Size([2])
[2026-01-17 03:24:04,603] [INFO] - [  100/ 1819] | Cost: 0.6932957 | Accuracy: 0.5300000
[2026-01-17 03:26:39,772] [INFO] - [  200/ 1819] | Cost: 0.6952660 | Accuracy: 0.4900000
[2026-01-17 03:29:30,810] [INFO] - [  300/ 1819] | Cost: 0.6924652 | Accuracy: 0.5200000
[2026-01-17 03:32:01,441] [INFO] - [  400/ 1819] | Cost: 0.6910054 | Accuracy: 0.5600000
[2026-01-17 03:34:53,835] [INFO] - [  500/ 1819] | Cost: 0.6992860 | Accuracy: 0.4400000
[2026-01-17 03:37:30,151] [INFO] - [  600/ 1819] | Cost: 0.6944243 | Accuracy: 0.4900000
[2026-01-17 03:40:19,584] [INFO] - [  700/ 1819] | Cost: 0.6917862 | Accuracy: 0.5700000
[2026-01-17 03:42:48,505] [INFO] - [  800/ 1819] | Cost: 0.6949246 | Accuracy: 0.4300000
[2026-01-17 03:45:28,513] [INFO] - [  900/ 1819] | Cost: 0.6931189 | Accuracy: 0.5100000
[2026-01-17 03:47:55,670] [INFO] - [ 1000/ 1819] | Cost: 0.6934438 | Accuracy: 0.4800000
[2026-01-17 03:50:13,415] [INFO] - [ 1100/ 1819] | Cost: 0.6938221 | Accuracy: 0.4700000
[2026-01-17 03:52:52,190] [INFO] - [ 1200/ 1819] | Cost: 0.6926026 | Accuracy: 0.5300000
[2026-01-17 03:55:16,504] [INFO] - [ 1300/ 1819] | Cost: 0.6942272 | Accuracy: 0.4600000
[2026-01-17 03:58:10,474] [INFO] - [ 1400/ 1819] | Cost: 0.6938010 | Accuracy: 0.4400000
[2026-01-17 04:00:36,657] [INFO] - [ 1500/ 1819] | Cost: 0.6937008 | Accuracy: 0.4500000
[2026-01-17 04:03:24,827] [INFO] - [ 1600/ 1819] | Cost: 0.6923706 | Accuracy: 0.5500000
[2026-01-17 04:05:58,219] [INFO] - [ 1700/ 1819] | Cost: 0.6959872 | Accuracy: 0.4300000
[2026-01-17 04:08:49,847] [INFO] - [ 1800/ 1819] | Cost: 0.6936193 | Accuracy: 0.5000000
[2026-01-17 04:09:25,958] [INFO] - [ 1900/ 1819] | Cost: 0.6903827 | Accuracy: 0.5789474
