[2026-01-18 23:04:08,875] [INFO] - seed: 0
image_preprocessing: GaussianBlur
training:
  epochs: 1
  batch_size: 100
  image_width: 8
  lr: 0.05
model:
  num_layers: 3
dataset:
  num_classes: 2
  binary: true
  name: cxr8
  image_width_sweep: 2,4,8,16,32
  orig_width: 1024
embedding:
  name: OQIM
  pca: false
  supports_color: true

[2026-01-18 23:04:08,880] [INFO] - Using cuda.
[2026-01-18 23:04:09,075] [INFO] - Dataset: cxr8 | Train Size: 2270 | Validation Size: 650 | Test Size: 324
[2026-01-18 23:04:09,078] [INFO] - Initiate model
[2026-01-18 23:04:10,595] [INFO] - Weights Shape: torch.Size([3, 8, 3])
[2026-01-18 23:04:10,596] [INFO] - Bias Shape: torch.Size([2])
[2026-01-18 23:06:10,653] [INFO] - [  100/ 2270] | Cost: 0.6499559 | Accuracy: 0.8200000
[2026-01-18 23:08:22,129] [INFO] - [  200/ 2270] | Cost: 0.5886497 | Accuracy: 0.8400000
[2026-01-18 23:10:27,315] [INFO] - [  300/ 2270] | Cost: 0.5390351 | Accuracy: 0.8500000
[2026-01-18 23:12:33,739] [INFO] - [  400/ 2270] | Cost: 0.5242236 | Accuracy: 0.8200000
[2026-01-18 23:14:27,231] [INFO] - [  500/ 2270] | Cost: 0.4301359 | Accuracy: 0.9000000
[2026-01-18 23:18:08,316] [INFO] - [  600/ 2270] | Cost: 0.4098657 | Accuracy: 0.8900000
[2026-01-18 23:22:50,346] [INFO] - [  700/ 2270] | Cost: 0.4636334 | Accuracy: 0.8300000
[2026-01-18 23:28:07,142] [INFO] - [  800/ 2270] | Cost: 0.4429907 | Accuracy: 0.8400000
[2026-01-18 23:33:16,349] [INFO] - [  900/ 2270] | Cost: 0.4101017 | Accuracy: 0.8600000
[2026-01-18 23:38:31,342] [INFO] - [ 1000/ 2270] | Cost: 0.4553477 | Accuracy: 0.8300000
[2026-01-18 23:43:27,519] [INFO] - [ 1100/ 2270] | Cost: 0.3865402 | Accuracy: 0.8700000
[2026-01-18 23:48:16,216] [INFO] - [ 1200/ 2270] | Cost: 0.4609874 | Accuracy: 0.8300000
[2026-01-18 23:53:47,446] [INFO] - [ 1300/ 2270] | Cost: 0.4236197 | Accuracy: 0.8500000
[2026-01-18 23:58:24,942] [INFO] - [ 1400/ 2270] | Cost: 0.5758217 | Accuracy: 0.7700000
[2026-01-19 00:03:28,651] [INFO] - [ 1500/ 2270] | Cost: 0.4403691 | Accuracy: 0.8400000
[2026-01-19 00:08:53,216] [INFO] - [ 1600/ 2270] | Cost: 0.4581870 | Accuracy: 0.8300000
[2026-01-19 00:14:03,236] [INFO] - [ 1700/ 2270] | Cost: 0.2577125 | Accuracy: 0.9500000
[2026-01-19 00:19:17,848] [INFO] - [ 1800/ 2270] | Cost: 0.2728995 | Accuracy: 0.9400000
[2026-01-19 00:24:10,929] [INFO] - [ 1900/ 2270] | Cost: 0.4028599 | Accuracy: 0.8600000
[2026-01-19 00:29:28,140] [INFO] - [ 2000/ 2270] | Cost: 0.4556171 | Accuracy: 0.8300000
[2026-01-19 00:34:28,038] [INFO] - [ 2100/ 2270] | Cost: 0.4775257 | Accuracy: 0.8200000
[2026-01-19 00:39:13,715] [INFO] - [ 2200/ 2270] | Cost: 0.3665884 | Accuracy: 0.8800000
[2026-01-19 00:43:02,148] [INFO] - [ 2300/ 2270] | Cost: 0.3820528 | Accuracy: 0.8714286
