[2026-01-15 22:05:19,784] [INFO] - seed: 0
image_preprocessing: MedianBlur
training:
  epochs: 2
  batch_size: 100
  image_width: 16
  lr: 0.05
model:
  num_layers: 3
dataset:
  num_classes: 2
  binary: true
  name: mnist
  image_width_sweep: 16,32
  orig_width: 28
embedding:
  name: NEQR
  pca: false
  supports_color: true

[2026-01-15 22:05:19,788] [INFO] - Using cuda.
[2026-01-15 22:05:20,205] [INFO] - Dataset: mnist | Train Size: 10346 | Validation Size: 2956 | Test Size: 1478
[2026-01-15 22:05:20,207] [INFO] - Initiate model
[2026-01-15 22:05:21,518] [INFO] - Weights Shape: torch.Size([3, 16, 3])
[2026-01-15 22:05:21,519] [INFO] - Bias Shape: torch.Size([2])
[2026-01-15 22:07:00,515] [INFO] - [  100/10346] | Cost: 0.6921957 | Accuracy: 0.5400000
[2026-01-15 22:08:59,194] [INFO] - [  200/10346] | Cost: 0.6899621 | Accuracy: 0.5200000
[2026-01-15 22:10:52,341] [INFO] - [  300/10346] | Cost: 0.6909645 | Accuracy: 0.4900000
[2026-01-15 22:12:37,395] [INFO] - [  400/10346] | Cost: 0.6842314 | Accuracy: 0.5300000
[2026-01-15 22:15:00,570] [INFO] - [  500/10346] | Cost: 0.6808994 | Accuracy: 0.5300000
[2026-01-15 22:16:41,536] [INFO] - [  600/10346] | Cost: 0.6822543 | Accuracy: 0.4200000
[2026-01-15 22:18:44,130] [INFO] - [  700/10346] | Cost: 0.6687041 | Accuracy: 0.9500000
[2026-01-15 22:20:29,436] [INFO] - [  800/10346] | Cost: 0.6604053 | Accuracy: 0.9400000
[2026-01-15 22:22:18,375] [INFO] - [  900/10346] | Cost: 0.6474002 | Accuracy: 0.9400000
[2026-01-15 22:24:32,566] [INFO] - [ 1000/10346] | Cost: 0.6433182 | Accuracy: 0.6600000
[2026-01-15 22:26:07,935] [INFO] - [ 1100/10346] | Cost: 0.6342194 | Accuracy: 0.5700000
[2026-01-15 22:27:48,197] [INFO] - [ 1200/10346] | Cost: 0.6167879 | Accuracy: 0.5800000
[2026-01-15 22:29:56,651] [INFO] - [ 1300/10346] | Cost: 0.6065867 | Accuracy: 0.5500000
[2026-01-15 22:31:52,482] [INFO] - [ 1400/10346] | Cost: 0.5724900 | Accuracy: 0.6400000
[2026-01-15 22:33:42,958] [INFO] - [ 1500/10346] | Cost: 0.5758090 | Accuracy: 0.6600000
[2026-01-15 22:35:30,173] [INFO] - [ 1600/10346] | Cost: 0.5256539 | Accuracy: 0.8300000
[2026-01-15 22:37:09,174] [INFO] - [ 1700/10346] | Cost: 0.5315561 | Accuracy: 0.8100000
[2026-01-15 22:39:18,363] [INFO] - [ 1800/10346] | Cost: 0.5329449 | Accuracy: 0.7800000
[2026-01-15 22:41:08,087] [INFO] - [ 1900/10346] | Cost: 0.5275354 | Accuracy: 0.8300000
[2026-01-15 22:42:54,841] [INFO] - [ 2000/10346] | Cost: 0.5183647 | Accuracy: 0.8500000
[2026-01-15 22:44:49,731] [INFO] - [ 2100/10346] | Cost: 0.5106505 | Accuracy: 0.9000000
[2026-01-15 22:46:38,323] [INFO] - [ 2200/10346] | Cost: 0.5035953 | Accuracy: 0.9800000
[2026-01-15 22:48:42,686] [INFO] - [ 2300/10346] | Cost: 0.5156448 | Accuracy: 0.9200000
[2026-01-15 22:50:26,109] [INFO] - [ 2400/10346] | Cost: 0.5055888 | Accuracy: 0.9700000
[2026-01-15 22:52:04,444] [INFO] - [ 2500/10346] | Cost: 0.5034876 | Accuracy: 0.9800000
[2026-01-15 22:54:17,895] [INFO] - [ 2600/10346] | Cost: 0.5043410 | Accuracy: 0.9900000
[2026-01-15 22:56:03,474] [INFO] - [ 2700/10346] | Cost: 0.4946165 | Accuracy: 0.9800000
[2026-01-15 22:57:58,663] [INFO] - [ 2800/10346] | Cost: 0.4985710 | Accuracy: 0.9900000
[2026-01-15 22:59:43,096] [INFO] - [ 2900/10346] | Cost: 0.4901925 | Accuracy: 1.0000000
[2026-01-15 23:01:27,159] [INFO] - [ 3000/10346] | Cost: 0.4836921 | Accuracy: 0.9900000
[2026-01-15 23:03:38,064] [INFO] - [ 3100/10346] | Cost: 0.4902136 | Accuracy: 0.9800000
[2026-01-15 23:05:30,433] [INFO] - [ 3200/10346] | Cost: 0.4834445 | Accuracy: 1.0000000
[2026-01-15 23:07:31,649] [INFO] - [ 3300/10346] | Cost: 0.4880431 | Accuracy: 0.9900000
[2026-01-15 23:09:15,252] [INFO] - [ 3400/10346] | Cost: 0.4942030 | Accuracy: 0.9600000
[2026-01-15 23:11:04,739] [INFO] - [ 3500/10346] | Cost: 0.4840377 | Accuracy: 1.0000000
[2026-01-15 23:13:09,296] [INFO] - [ 3600/10346] | Cost: 0.4876973 | Accuracy: 0.9700000
[2026-01-15 23:15:02,752] [INFO] - [ 3700/10346] | Cost: 0.4822866 | Accuracy: 0.9900000
[2026-01-15 23:16:53,951] [INFO] - [ 3800/10346] | Cost: 0.4790259 | Accuracy: 0.9800000
[2026-01-15 23:18:58,033] [INFO] - [ 3900/10346] | Cost: 0.4936217 | Accuracy: 0.9700000
[2026-01-15 23:20:45,743] [INFO] - [ 4000/10346] | Cost: 0.4724850 | Accuracy: 0.9900000
[2026-01-15 23:22:44,579] [INFO] - [ 4100/10346] | Cost: 0.4735359 | Accuracy: 1.0000000
[2026-01-15 23:24:42,492] [INFO] - [ 4200/10346] | Cost: 0.4775359 | Accuracy: 0.9900000
[2026-01-15 23:26:18,833] [INFO] - [ 4300/10346] | Cost: 0.4660150 | Accuracy: 1.0000000
[2026-01-15 23:28:22,437] [INFO] - [ 4400/10346] | Cost: 0.4751633 | Accuracy: 0.9900000
[2026-01-15 23:30:05,544] [INFO] - [ 4500/10346] | Cost: 0.4614570 | Accuracy: 0.9900000
[2026-01-15 23:32:11,658] [INFO] - [ 4600/10346] | Cost: 0.4603750 | Accuracy: 1.0000000
[2026-01-15 23:33:55,889] [INFO] - [ 4700/10346] | Cost: 0.4759168 | Accuracy: 0.9800000
[2026-01-15 23:35:39,618] [INFO] - [ 4800/10346] | Cost: 0.4803059 | Accuracy: 0.9600000
[2026-01-15 23:37:44,490] [INFO] - [ 4900/10346] | Cost: 0.4775274 | Accuracy: 0.9800000
[2026-01-15 23:39:19,274] [INFO] - [ 5000/10346] | Cost: 0.4676257 | Accuracy: 0.9900000
[2026-01-15 23:41:20,803] [INFO] - [ 5100/10346] | Cost: 0.4734056 | Accuracy: 0.9900000
[2026-01-15 23:43:18,054] [INFO] - [ 5200/10346] | Cost: 0.4840423 | Accuracy: 0.9700000
[2026-01-15 23:45:10,710] [INFO] - [ 5300/10346] | Cost: 0.4690599 | Accuracy: 0.9900000
[2026-01-15 23:47:11,577] [INFO] - [ 5400/10346] | Cost: 0.4636906 | Accuracy: 1.0000000
[2026-01-15 23:48:53,707] [INFO] - [ 5500/10346] | Cost: 0.4653817 | Accuracy: 0.9900000
[2026-01-15 23:50:45,650] [INFO] - [ 5600/10346] | Cost: 0.4687180 | Accuracy: 0.9800000
[2026-01-15 23:52:38,974] [INFO] - [ 5700/10346] | Cost: 0.4667875 | Accuracy: 1.0000000
[2026-01-15 23:54:31,703] [INFO] - [ 5800/10346] | Cost: 0.4683025 | Accuracy: 0.9700000
[2026-01-15 23:56:36,900] [INFO] - [ 5900/10346] | Cost: 0.4794818 | Accuracy: 0.9600000
[2026-01-15 23:58:21,106] [INFO] - [ 6000/10346] | Cost: 0.4815633 | Accuracy: 0.9500000
[2026-01-16 00:00:08,654] [INFO] - [ 6100/10346] | Cost: 0.4556137 | Accuracy: 0.9700000
[2026-01-16 00:01:51,794] [INFO] - [ 6200/10346] | Cost: 0.4659044 | Accuracy: 0.9800000
[2026-01-16 00:03:18,002] [INFO] - [ 6300/10346] | Cost: 0.4847586 | Accuracy: 0.9700000
[2026-01-16 00:04:44,081] [INFO] - [ 6400/10346] | Cost: 0.4629641 | Accuracy: 0.9800000
[2026-01-16 00:06:36,804] [INFO] - [ 6500/10346] | Cost: 0.4460245 | Accuracy: 1.0000000
[2026-01-16 00:08:09,968] [INFO] - [ 6600/10346] | Cost: 0.4766890 | Accuracy: 0.9700000
[2026-01-16 00:10:10,687] [INFO] - [ 6700/10346] | Cost: 0.4636248 | Accuracy: 0.9900000
[2026-01-16 00:11:57,081] [INFO] - [ 6800/10346] | Cost: 0.4651729 | Accuracy: 0.9900000
[2026-01-16 00:13:40,746] [INFO] - [ 6900/10346] | Cost: 0.4528988 | Accuracy: 1.0000000
[2026-01-16 00:15:44,217] [INFO] - [ 7000/10346] | Cost: 0.4600711 | Accuracy: 0.9800000
[2026-01-16 00:17:38,737] [INFO] - [ 7100/10346] | Cost: 0.4698965 | Accuracy: 0.9900000
[2026-01-16 00:19:41,391] [INFO] - [ 7200/10346] | Cost: 0.4501882 | Accuracy: 1.0000000
[2026-01-16 00:21:34,453] [INFO] - [ 7300/10346] | Cost: 0.4586182 | Accuracy: 0.9900000
[2026-01-16 00:23:11,511] [INFO] - [ 7400/10346] | Cost: 0.4497761 | Accuracy: 0.9900000
[2026-01-16 00:25:16,738] [INFO] - [ 7500/10346] | Cost: 0.4437759 | Accuracy: 1.0000000
[2026-01-16 00:26:59,065] [INFO] - [ 7600/10346] | Cost: 0.4476164 | Accuracy: 0.9900000
[2026-01-16 00:28:53,273] [INFO] - [ 7700/10346] | Cost: 0.4477305 | Accuracy: 0.9600000
[2026-01-16 00:31:02,048] [INFO] - [ 7800/10346] | Cost: 0.4483721 | Accuracy: 0.9900000
[2026-01-16 00:32:30,147] [INFO] - [ 7900/10346] | Cost: 0.4506766 | Accuracy: 0.9800000
[2026-01-16 00:34:22,797] [INFO] - [ 8000/10346] | Cost: 0.4770419 | Accuracy: 0.9500000
[2026-01-16 00:36:16,621] [INFO] - [ 8100/10346] | Cost: 0.4703245 | Accuracy: 0.9800000
[2026-01-16 00:37:57,016] [INFO] - [ 8200/10346] | Cost: 0.4574600 | Accuracy: 1.0000000
[2026-01-16 00:39:57,719] [INFO] - [ 8300/10346] | Cost: 0.4613927 | Accuracy: 0.9900000
[2026-01-16 00:41:25,604] [INFO] - [ 8400/10346] | Cost: 0.4528769 | Accuracy: 1.0000000
[2026-01-16 00:43:33,602] [INFO] - [ 8500/10346] | Cost: 0.4460192 | Accuracy: 0.9900000
[2026-01-16 00:45:27,449] [INFO] - [ 8600/10346] | Cost: 0.4495725 | Accuracy: 0.9900000
[2026-01-16 00:47:03,740] [INFO] - [ 8700/10346] | Cost: 0.4547078 | Accuracy: 0.9900000
[2026-01-16 00:48:58,232] [INFO] - [ 8800/10346] | Cost: 0.4594545 | Accuracy: 0.9900000
[2026-01-16 00:50:28,962] [INFO] - [ 8900/10346] | Cost: 0.4462379 | Accuracy: 0.9800000
[2026-01-16 00:52:26,327] [INFO] - [ 9000/10346] | Cost: 0.4602039 | Accuracy: 1.0000000
[2026-01-16 00:54:27,962] [INFO] - [ 9100/10346] | Cost: 0.4551049 | Accuracy: 0.9800000
[2026-01-16 00:56:12,453] [INFO] - [ 9200/10346] | Cost: 0.4524019 | Accuracy: 1.0000000
[2026-01-16 00:57:56,745] [INFO] - [ 9300/10346] | Cost: 0.4497578 | Accuracy: 0.9900000
[2026-01-16 00:59:49,236] [INFO] - [ 9400/10346] | Cost: 0.4540886 | Accuracy: 0.9900000
[2026-01-16 01:01:39,026] [INFO] - [ 9500/10346] | Cost: 0.4494188 | Accuracy: 1.0000000
[2026-01-16 01:03:34,203] [INFO] - [ 9600/10346] | Cost: 0.4517812 | Accuracy: 1.0000000
[2026-01-16 01:05:08,339] [INFO] - [ 9700/10346] | Cost: 0.4474615 | Accuracy: 0.9900000
[2026-01-16 01:07:11,662] [INFO] - [ 9800/10346] | Cost: 0.4522311 | Accuracy: 0.9900000
[2026-01-16 01:09:07,752] [INFO] - [ 9900/10346] | Cost: 0.4713121 | Accuracy: 0.9500000
[2026-01-16 01:10:50,223] [INFO] - [10000/10346] | Cost: 0.4570172 | Accuracy: 0.9700000
[2026-01-16 01:12:52,072] [INFO] - [10100/10346] | Cost: 0.4543685 | Accuracy: 1.0000000
[2026-01-16 01:14:23,767] [INFO] - [10200/10346] | Cost: 0.4555518 | Accuracy: 0.9700000
[2026-01-16 01:16:25,539] [INFO] - [10300/10346] | Cost: 0.4573871 | Accuracy: 1.0000000
[2026-01-16 01:17:15,593] [INFO] - [10400/10346] | Cost: 0.4384887 | Accuracy: 1.0000000
