[2026-01-17 18:14:22,376] [INFO] - seed: 0
image_preprocessing: ContrastScaling
training:
  epochs: 1
  batch_size: 100
  image_width: 32
  lr: 0.05
model:
  num_layers: 3
dataset:
  num_classes: 2
  binary: true
  name: cifar10
  image_width_sweep: '32'
  orig_width: 32
embedding:
  name: ZZFeatureMap
  pca: true
  supports_color: true

[2026-01-17 18:14:22,381] [INFO] - Using cuda.
[2026-01-17 18:14:23,831] [INFO] - Dataset: cifar10 | Train Size: 8400 | Validation Size: 2400 | Test Size: 1200
[2026-01-17 18:14:23,834] [INFO] - Applying PCA Loader to the dataset
[2026-01-17 18:14:26,681] [INFO] - Initiate model
[2026-01-17 18:14:26,751] [INFO] - Weights Shape: torch.Size([3, 6, 3])
[2026-01-17 18:14:26,752] [INFO] - Bias Shape: torch.Size([2])
[2026-01-17 18:15:16,244] [INFO] - [  100/ 8400] | Cost: 0.6914916 | Accuracy: 0.4700000
[2026-01-17 18:16:07,928] [INFO] - [  200/ 8400] | Cost: 0.6912507 | Accuracy: 0.5600000
[2026-01-17 18:17:01,458] [INFO] - [  300/ 8400] | Cost: 0.6891044 | Accuracy: 0.5200000
[2026-01-17 18:17:54,995] [INFO] - [  400/ 8400] | Cost: 0.6837139 | Accuracy: 0.5400000
[2026-01-17 18:18:48,491] [INFO] - [  500/ 8400] | Cost: 0.6638353 | Accuracy: 0.6500000
[2026-01-17 18:19:41,839] [INFO] - [  600/ 8400] | Cost: 0.6621330 | Accuracy: 0.6500000
[2026-01-17 18:20:35,360] [INFO] - [  700/ 8400] | Cost: 0.6692522 | Accuracy: 0.5700000
[2026-01-17 18:21:28,843] [INFO] - [  800/ 8400] | Cost: 0.6743712 | Accuracy: 0.5900000
[2026-01-17 18:22:22,323] [INFO] - [  900/ 8400] | Cost: 0.6487980 | Accuracy: 0.6200000
[2026-01-17 18:23:15,802] [INFO] - [ 1000/ 8400] | Cost: 0.6072981 | Accuracy: 0.8300000
[2026-01-17 18:24:09,270] [INFO] - [ 1100/ 8400] | Cost: 0.6334929 | Accuracy: 0.6700000
[2026-01-17 18:25:02,571] [INFO] - [ 1200/ 8400] | Cost: 0.6471680 | Accuracy: 0.6200000
[2026-01-17 18:25:56,053] [INFO] - [ 1300/ 8400] | Cost: 0.6235801 | Accuracy: 0.6600000
[2026-01-17 18:26:49,549] [INFO] - [ 1400/ 8400] | Cost: 0.5914930 | Accuracy: 0.7700000
[2026-01-17 18:27:42,976] [INFO] - [ 1500/ 8400] | Cost: 0.6155218 | Accuracy: 0.6900000
[2026-01-17 18:28:36,486] [INFO] - [ 1600/ 8400] | Cost: 0.6100646 | Accuracy: 0.7300000
[2026-01-17 18:29:29,776] [INFO] - [ 1700/ 8400] | Cost: 0.5936029 | Accuracy: 0.7000000
[2026-01-17 18:30:23,273] [INFO] - [ 1800/ 8400] | Cost: 0.6149952 | Accuracy: 0.6900000
[2026-01-17 18:31:16,788] [INFO] - [ 1900/ 8400] | Cost: 0.5916765 | Accuracy: 0.7200000
[2026-01-17 18:32:10,261] [INFO] - [ 2000/ 8400] | Cost: 0.6038826 | Accuracy: 0.7000000
[2026-01-17 18:33:03,729] [INFO] - [ 2100/ 8400] | Cost: 0.6033172 | Accuracy: 0.6700000
[2026-01-17 18:33:57,233] [INFO] - [ 2200/ 8400] | Cost: 0.6415681 | Accuracy: 0.5900000
[2026-01-17 18:34:50,521] [INFO] - [ 2300/ 8400] | Cost: 0.6045529 | Accuracy: 0.7400000
[2026-01-17 18:35:44,016] [INFO] - [ 2400/ 8400] | Cost: 0.5852132 | Accuracy: 0.6500000
[2026-01-17 18:36:37,528] [INFO] - [ 2500/ 8400] | Cost: 0.6312203 | Accuracy: 0.6500000
[2026-01-17 18:37:31,003] [INFO] - [ 2600/ 8400] | Cost: 0.5886773 | Accuracy: 0.6800000
[2026-01-17 18:38:24,459] [INFO] - [ 2700/ 8400] | Cost: 0.5928235 | Accuracy: 0.6900000
[2026-01-17 18:39:17,952] [INFO] - [ 2800/ 8400] | Cost: 0.5645623 | Accuracy: 0.7500000
[2026-01-17 18:40:11,232] [INFO] - [ 2900/ 8400] | Cost: 0.5468800 | Accuracy: 0.7500000
[2026-01-17 18:41:04,694] [INFO] - [ 3000/ 8400] | Cost: 0.5922604 | Accuracy: 0.6900000
[2026-01-17 18:41:58,232] [INFO] - [ 3100/ 8400] | Cost: 0.6004694 | Accuracy: 0.6700000
[2026-01-17 18:42:51,722] [INFO] - [ 3200/ 8400] | Cost: 0.6008061 | Accuracy: 0.6800000
[2026-01-17 18:43:45,199] [INFO] - [ 3300/ 8400] | Cost: 0.6126873 | Accuracy: 0.6800000
[2026-01-17 18:44:38,500] [INFO] - [ 3400/ 8400] | Cost: 0.6048202 | Accuracy: 0.6600000
[2026-01-17 18:45:32,039] [INFO] - [ 3500/ 8400] | Cost: 0.6244085 | Accuracy: 0.6800000
[2026-01-17 18:46:25,487] [INFO] - [ 3600/ 8400] | Cost: 0.5939067 | Accuracy: 0.6800000
[2026-01-17 18:47:18,531] [INFO] - [ 3700/ 8400] | Cost: 0.5828063 | Accuracy: 0.6800000
[2026-01-17 18:48:03,053] [INFO] - [ 3800/ 8400] | Cost: 0.5490508 | Accuracy: 0.6900000
[2026-01-17 18:48:56,358] [INFO] - [ 3900/ 8400] | Cost: 0.5580670 | Accuracy: 0.7700000
[2026-01-17 18:49:49,827] [INFO] - [ 4000/ 8400] | Cost: 0.5635794 | Accuracy: 0.7100000
[2026-01-17 18:50:43,228] [INFO] - [ 4100/ 8400] | Cost: 0.5935053 | Accuracy: 0.6800000
[2026-01-17 18:51:36,699] [INFO] - [ 4200/ 8400] | Cost: 0.5802787 | Accuracy: 0.6900000
[2026-01-17 18:52:30,190] [INFO] - [ 4300/ 8400] | Cost: 0.6478822 | Accuracy: 0.6400000
[2026-01-17 18:53:23,490] [INFO] - [ 4400/ 8400] | Cost: 0.6557605 | Accuracy: 0.6500000
[2026-01-17 18:54:16,946] [INFO] - [ 4500/ 8400] | Cost: 0.6293600 | Accuracy: 0.6600000
[2026-01-17 18:55:10,371] [INFO] - [ 4600/ 8400] | Cost: 0.6222485 | Accuracy: 0.6500000
[2026-01-17 18:56:03,882] [INFO] - [ 4700/ 8400] | Cost: 0.5908621 | Accuracy: 0.6900000
[2026-01-17 18:56:57,375] [INFO] - [ 4800/ 8400] | Cost: 0.5968247 | Accuracy: 0.7200000
[2026-01-17 18:57:50,800] [INFO] - [ 4900/ 8400] | Cost: 0.6115768 | Accuracy: 0.7100000
[2026-01-17 18:58:41,187] [INFO] - [ 5000/ 8400] | Cost: 0.5595679 | Accuracy: 0.7700000
[2026-01-17 18:59:28,748] [INFO] - [ 5100/ 8400] | Cost: 0.5496861 | Accuracy: 0.8000000
[2026-01-17 19:00:22,251] [INFO] - [ 5200/ 8400] | Cost: 0.5508000 | Accuracy: 0.7400000
[2026-01-17 19:01:15,710] [INFO] - [ 5300/ 8400] | Cost: 0.5991284 | Accuracy: 0.7000000
[2026-01-17 19:02:09,261] [INFO] - [ 5400/ 8400] | Cost: 0.5474510 | Accuracy: 0.8000000
[2026-01-17 19:03:02,766] [INFO] - [ 5500/ 8400] | Cost: 0.6283344 | Accuracy: 0.7100000
[2026-01-17 19:03:56,195] [INFO] - [ 5600/ 8400] | Cost: 0.5996743 | Accuracy: 0.6800000
[2026-01-17 19:04:42,545] [INFO] - [ 5700/ 8400] | Cost: 0.5834813 | Accuracy: 0.7000000
[2026-01-17 19:05:35,994] [INFO] - [ 5800/ 8400] | Cost: 0.5783724 | Accuracy: 0.7600000
[2026-01-17 19:06:29,446] [INFO] - [ 5900/ 8400] | Cost: 0.5967875 | Accuracy: 0.7000000
[2026-01-17 19:07:22,854] [INFO] - [ 6000/ 8400] | Cost: 0.5628521 | Accuracy: 0.7100000
[2026-01-17 19:08:16,121] [INFO] - [ 6100/ 8400] | Cost: 0.6021496 | Accuracy: 0.6800000
[2026-01-17 19:09:09,484] [INFO] - [ 6200/ 8400] | Cost: 0.6100997 | Accuracy: 0.6900000
[2026-01-17 19:10:02,907] [INFO] - [ 6300/ 8400] | Cost: 0.6286017 | Accuracy: 0.7100000
[2026-01-17 19:10:56,367] [INFO] - [ 6400/ 8400] | Cost: 0.5654240 | Accuracy: 0.7800000
[2026-01-17 19:11:49,849] [INFO] - [ 6500/ 8400] | Cost: 0.5842528 | Accuracy: 0.7300000
[2026-01-17 19:12:43,273] [INFO] - [ 6600/ 8400] | Cost: 0.6237720 | Accuracy: 0.7000000
[2026-01-17 19:13:36,518] [INFO] - [ 6700/ 8400] | Cost: 0.5201073 | Accuracy: 0.8000000
[2026-01-17 19:14:29,946] [INFO] - [ 6800/ 8400] | Cost: 0.6289667 | Accuracy: 0.6900000
[2026-01-17 19:15:22,980] [INFO] - [ 6900/ 8400] | Cost: 0.6031401 | Accuracy: 0.7200000
[2026-01-17 19:16:06,258] [INFO] - [ 7000/ 8400] | Cost: 0.6337147 | Accuracy: 0.6800000
[2026-01-17 19:16:48,737] [INFO] - [ 7100/ 8400] | Cost: 0.5719725 | Accuracy: 0.7700000
[2026-01-17 19:17:31,375] [INFO] - [ 7200/ 8400] | Cost: 0.5325828 | Accuracy: 0.7900000
[2026-01-17 19:18:14,246] [INFO] - [ 7300/ 8400] | Cost: 0.6311343 | Accuracy: 0.6000000
[2026-01-17 19:19:07,699] [INFO] - [ 7400/ 8400] | Cost: 0.5565076 | Accuracy: 0.7700000
[2026-01-17 19:20:01,373] [INFO] - [ 7500/ 8400] | Cost: 0.5543447 | Accuracy: 0.7800000
[2026-01-17 19:20:45,358] [INFO] - [ 7600/ 8400] | Cost: 0.5629951 | Accuracy: 0.7100000
[2026-01-17 19:21:31,244] [INFO] - [ 7700/ 8400] | Cost: 0.6108217 | Accuracy: 0.6400000
