[2026-01-19 00:12:28,031] [INFO] - seed: 0
image_preprocessing: MedianBlur
training:
  epochs: 1
  batch_size: 100
  image_width: 4
  lr: 0.05
model:
  num_layers: 3
dataset:
  num_classes: 2
  binary: true
  name: cxr8
  image_width_sweep: 2,4,8,16,32
  orig_width: 1024
embedding:
  name: NAQSS
  pca: false
  supports_color: false

[2026-01-19 00:12:28,033] [INFO] - Using cuda.
[2026-01-19 00:12:28,328] [INFO] - Dataset: cxr8 | Train Size: 2270 | Validation Size: 650 | Test Size: 324
[2026-01-19 00:12:28,331] [INFO] - Initiate model
[2026-01-19 00:12:28,333] [INFO] - Weights Shape: torch.Size([3, 13, 3])
[2026-01-19 00:12:28,334] [INFO] - Bias Shape: torch.Size([2])
[2026-01-19 00:20:56,452] [INFO] - [  100/ 2270] | Cost: 0.6939778 | Accuracy: 0.4800000
[2026-01-19 00:29:10,016] [INFO] - [  200/ 2270] | Cost: 0.6613452 | Accuracy: 0.8400000
[2026-01-19 00:37:12,615] [INFO] - [  300/ 2270] | Cost: 0.6291533 | Accuracy: 0.8500000
[2026-01-19 00:45:47,635] [INFO] - [  400/ 2270] | Cost: 0.6062956 | Accuracy: 0.8200000
[2026-01-19 00:53:26,240] [INFO] - [  500/ 2270] | Cost: 0.5534154 | Accuracy: 0.9000000
[2026-01-19 01:01:55,439] [INFO] - [  600/ 2270] | Cost: 0.5314023 | Accuracy: 0.8900000
[2026-01-19 01:10:41,632] [INFO] - [  700/ 2270] | Cost: 0.5406500 | Accuracy: 0.8300000
[2026-01-19 01:18:23,346] [INFO] - [  800/ 2270] | Cost: 0.5166600 | Accuracy: 0.8400000
[2026-01-19 01:27:22,216] [INFO] - [  900/ 2270] | Cost: 0.4841883 | Accuracy: 0.8600000
[2026-01-19 01:35:04,551] [INFO] - [ 1000/ 2270] | Cost: 0.4990426 | Accuracy: 0.8300000
[2026-01-19 01:43:22,116] [INFO] - [ 1100/ 2270] | Cost: 0.4473772 | Accuracy: 0.8700000
[2026-01-19 01:51:54,942] [INFO] - [ 1200/ 2270] | Cost: 0.4766317 | Accuracy: 0.8300000
[2026-01-19 01:59:24,754] [INFO] - [ 1300/ 2270] | Cost: 0.4487848 | Accuracy: 0.8500000
[2026-01-19 02:08:14,251] [INFO] - [ 1400/ 2270] | Cost: 0.5364656 | Accuracy: 0.7700000
[2026-01-19 02:16:44,438] [INFO] - [ 1500/ 2270] | Cost: 0.4488651 | Accuracy: 0.8400000
[2026-01-19 02:24:31,348] [INFO] - [ 1600/ 2270] | Cost: 0.4581120 | Accuracy: 0.8300000
[2026-01-19 02:33:09,944] [INFO] - [ 1700/ 2270] | Cost: 0.2881221 | Accuracy: 0.9500000
[2026-01-19 02:41:17,639] [INFO] - [ 1800/ 2270] | Cost: 0.2930526 | Accuracy: 0.9400000
[2026-01-19 02:49:10,842] [INFO] - [ 1900/ 2270] | Cost: 0.4089991 | Accuracy: 0.8600000
[2026-01-19 02:57:46,850] [INFO] - [ 2000/ 2270] | Cost: 0.4619555 | Accuracy: 0.8300000
[2026-01-19 03:05:40,150] [INFO] - [ 2100/ 2270] | Cost: 0.4760619 | Accuracy: 0.8200000
[2026-01-19 03:14:21,416] [INFO] - [ 2200/ 2270] | Cost: 0.3716772 | Accuracy: 0.8800000
[2026-01-19 03:20:30,941] [INFO] - [ 2300/ 2270] | Cost: 0.3855670 | Accuracy: 0.8714286
