[2026-01-15 22:05:19,807] [INFO] - seed: 0
image_preprocessing: ContrastScaling
training:
  epochs: 2
  batch_size: 100
  image_width: 32
  lr: 0.05
model:
  num_layers: 3
dataset:
  num_classes: 2
  binary: true
  name: mnist
  image_width_sweep: 16,32
  orig_width: 28
embedding:
  name: FRQI
  pca: false
  supports_color: false

[2026-01-15 22:05:19,836] [INFO] - Using cuda.
[2026-01-15 22:05:20,276] [INFO] - Dataset: mnist | Train Size: 10346 | Validation Size: 2956 | Test Size: 1478
[2026-01-15 22:05:20,279] [INFO] - Initiate model
[2026-01-15 22:05:21,345] [INFO] - Weights Shape: torch.Size([3, 11, 3])
[2026-01-15 22:05:21,346] [INFO] - Bias Shape: torch.Size([2])
[2026-01-15 22:07:28,134] [INFO] - [  100/10346] | Cost: 0.7030855 | Accuracy: 0.4800000
[2026-01-15 22:09:51,866] [INFO] - [  200/10346] | Cost: 0.6934788 | Accuracy: 0.5200000
[2026-01-15 22:12:07,835] [INFO] - [  300/10346] | Cost: 0.6916499 | Accuracy: 0.4900000
[2026-01-15 22:14:48,948] [INFO] - [  400/10346] | Cost: 0.6803483 | Accuracy: 0.5300000
[2026-01-15 22:17:02,845] [INFO] - [  500/10346] | Cost: 0.6761491 | Accuracy: 0.5300000
[2026-01-15 22:19:32,299] [INFO] - [  600/10346] | Cost: 0.6821190 | Accuracy: 0.4100000
[2026-01-15 22:21:49,207] [INFO] - [  700/10346] | Cost: 0.6732877 | Accuracy: 0.9500000
[2026-01-15 22:24:28,978] [INFO] - [  800/10346] | Cost: 0.6722218 | Accuracy: 0.9200000
[2026-01-15 22:26:35,684] [INFO] - [  900/10346] | Cost: 0.6730140 | Accuracy: 0.7900000
[2026-01-15 22:29:13,079] [INFO] - [ 1000/10346] | Cost: 0.6659096 | Accuracy: 1.0000000
[2026-01-15 22:31:34,873] [INFO] - [ 1100/10346] | Cost: 0.6650259 | Accuracy: 0.9100000
[2026-01-15 22:34:05,982] [INFO] - [ 1200/10346] | Cost: 0.6615190 | Accuracy: 0.7000000
[2026-01-15 22:36:18,154] [INFO] - [ 1300/10346] | Cost: 0.6605117 | Accuracy: 0.5400000
[2026-01-15 22:38:44,453] [INFO] - [ 1400/10346] | Cost: 0.6478926 | Accuracy: 0.5900000
[2026-01-15 22:41:06,812] [INFO] - [ 1500/10346] | Cost: 0.6528017 | Accuracy: 0.5400000
[2026-01-15 22:43:33,611] [INFO] - [ 1600/10346] | Cost: 0.6259114 | Accuracy: 0.6600000
[2026-01-15 22:45:41,581] [INFO] - [ 1700/10346] | Cost: 0.6400318 | Accuracy: 0.5800000
[2026-01-15 22:48:04,286] [INFO] - [ 1800/10346] | Cost: 0.6344866 | Accuracy: 0.5900000
[2026-01-15 22:50:12,360] [INFO] - [ 1900/10346] | Cost: 0.6467419 | Accuracy: 0.5500000
[2026-01-15 22:52:26,397] [INFO] - [ 2000/10346] | Cost: 0.6624423 | Accuracy: 0.5100000
[2026-01-15 22:54:40,742] [INFO] - [ 2100/10346] | Cost: 0.6535054 | Accuracy: 0.5200000
[2026-01-15 22:56:53,242] [INFO] - [ 2200/10346] | Cost: 0.6357760 | Accuracy: 0.5400000
[2026-01-15 22:59:07,621] [INFO] - [ 2300/10346] | Cost: 0.6598543 | Accuracy: 0.4400000
[2026-01-15 23:01:19,115] [INFO] - [ 2400/10346] | Cost: 0.6197885 | Accuracy: 0.5700000
[2026-01-15 23:03:45,749] [INFO] - [ 2500/10346] | Cost: 0.6129814 | Accuracy: 0.7700000
[2026-01-15 23:06:04,909] [INFO] - [ 2600/10346] | Cost: 0.6211730 | Accuracy: 0.8500000
[2026-01-15 23:08:24,524] [INFO] - [ 2700/10346] | Cost: 0.6066067 | Accuracy: 1.0000000
[2026-01-15 23:10:45,875] [INFO] - [ 2800/10346] | Cost: 0.6006411 | Accuracy: 0.9900000
[2026-01-15 23:13:13,680] [INFO] - [ 2900/10346] | Cost: 0.5989555 | Accuracy: 0.9900000
[2026-01-15 23:15:19,864] [INFO] - [ 3000/10346] | Cost: 0.5920801 | Accuracy: 0.9900000
[2026-01-15 23:17:55,683] [INFO] - [ 3100/10346] | Cost: 0.5932637 | Accuracy: 0.9700000
[2026-01-15 23:20:06,101] [INFO] - [ 3200/10346] | Cost: 0.5831555 | Accuracy: 0.9900000
[2026-01-15 23:22:28,288] [INFO] - [ 3300/10346] | Cost: 0.5887625 | Accuracy: 0.9600000
[2026-01-15 23:24:46,411] [INFO] - [ 3400/10346] | Cost: 0.5906437 | Accuracy: 0.9400000
[2026-01-15 23:27:16,808] [INFO] - [ 3500/10346] | Cost: 0.5781491 | Accuracy: 0.9900000
[2026-01-15 23:29:22,544] [INFO] - [ 3600/10346] | Cost: 0.5856794 | Accuracy: 0.9300000
[2026-01-15 23:31:47,727] [INFO] - [ 3700/10346] | Cost: 0.5755941 | Accuracy: 0.9600000
[2026-01-15 23:34:09,256] [INFO] - [ 3800/10346] | Cost: 0.5733160 | Accuracy: 0.9600000
[2026-01-15 23:36:26,231] [INFO] - [ 3900/10346] | Cost: 0.5817467 | Accuracy: 0.9500000
[2026-01-15 23:38:37,133] [INFO] - [ 4000/10346] | Cost: 0.5695575 | Accuracy: 0.9500000
[2026-01-15 23:40:58,282] [INFO] - [ 4100/10346] | Cost: 0.5638984 | Accuracy: 0.9900000
[2026-01-15 23:43:14,898] [INFO] - [ 4200/10346] | Cost: 0.5763190 | Accuracy: 0.9700000
[2026-01-15 23:45:27,357] [INFO] - [ 4300/10346] | Cost: 0.5622088 | Accuracy: 0.9600000
[2026-01-15 23:47:48,310] [INFO] - [ 4400/10346] | Cost: 0.5681301 | Accuracy: 0.9600000
[2026-01-15 23:49:59,713] [INFO] - [ 4500/10346] | Cost: 0.5592713 | Accuracy: 0.9500000
[2026-01-15 23:52:21,446] [INFO] - [ 4600/10346] | Cost: 0.5598267 | Accuracy: 0.9500000
[2026-01-15 23:54:39,084] [INFO] - [ 4700/10346] | Cost: 0.5691337 | Accuracy: 0.8700000
[2026-01-15 23:57:02,825] [INFO] - [ 4800/10346] | Cost: 0.5796483 | Accuracy: 0.8400000
[2026-01-15 23:59:14,314] [INFO] - [ 4900/10346] | Cost: 0.5764543 | Accuracy: 0.8600000
[2026-01-16 00:01:23,918] [INFO] - [ 5000/10346] | Cost: 0.5541067 | Accuracy: 0.9100000
[2026-01-16 00:03:24,932] [INFO] - [ 5100/10346] | Cost: 0.5701191 | Accuracy: 0.9300000
[2026-01-16 00:05:40,967] [INFO] - [ 5200/10346] | Cost: 0.5817145 | Accuracy: 0.8900000
[2026-01-16 00:07:39,843] [INFO] - [ 5300/10346] | Cost: 0.5610790 | Accuracy: 0.9600000
[2026-01-16 00:10:13,930] [INFO] - [ 5400/10346] | Cost: 0.5653652 | Accuracy: 0.9600000
[2026-01-16 00:12:22,275] [INFO] - [ 5500/10346] | Cost: 0.5575066 | Accuracy: 0.9800000
[2026-01-16 00:14:45,434] [INFO] - [ 5600/10346] | Cost: 0.5623591 | Accuracy: 0.9500000
[2026-01-16 00:17:01,903] [INFO] - [ 5700/10346] | Cost: 0.5607021 | Accuracy: 1.0000000
[2026-01-16 00:19:27,728] [INFO] - [ 5800/10346] | Cost: 0.5510333 | Accuracy: 0.9500000
[2026-01-16 00:21:43,510] [INFO] - [ 5900/10346] | Cost: 0.5688007 | Accuracy: 0.9400000
[2026-01-16 00:24:02,302] [INFO] - [ 6000/10346] | Cost: 0.5754701 | Accuracy: 0.9200000
[2026-01-16 00:26:19,725] [INFO] - [ 6100/10346] | Cost: 0.5575584 | Accuracy: 0.9000000
[2026-01-16 00:28:36,758] [INFO] - [ 6200/10346] | Cost: 0.5631636 | Accuracy: 0.9400000
[2026-01-16 00:31:04,042] [INFO] - [ 6300/10346] | Cost: 0.5709346 | Accuracy: 0.9200000
[2026-01-16 00:33:23,431] [INFO] - [ 6400/10346] | Cost: 0.5593588 | Accuracy: 0.9300000
[2026-01-16 00:35:44,453] [INFO] - [ 6500/10346] | Cost: 0.5428074 | Accuracy: 0.9800000
[2026-01-16 00:38:04,900] [INFO] - [ 6600/10346] | Cost: 0.5662223 | Accuracy: 0.9200000
[2026-01-16 00:40:24,768] [INFO] - [ 6700/10346] | Cost: 0.5623518 | Accuracy: 0.9600000
[2026-01-16 00:42:57,044] [INFO] - [ 6800/10346] | Cost: 0.5620817 | Accuracy: 0.9600000
[2026-01-16 00:45:15,187] [INFO] - [ 6900/10346] | Cost: 0.5529453 | Accuracy: 0.9800000
[2026-01-16 00:47:33,507] [INFO] - [ 7000/10346] | Cost: 0.5560677 | Accuracy: 0.9600000
[2026-01-16 00:49:56,746] [INFO] - [ 7100/10346] | Cost: 0.5517191 | Accuracy: 0.9600000
[2026-01-16 00:52:19,254] [INFO] - [ 7200/10346] | Cost: 0.5549930 | Accuracy: 0.9800000
[2026-01-16 00:54:41,756] [INFO] - [ 7300/10346] | Cost: 0.5594614 | Accuracy: 0.9300000
[2026-01-16 00:57:01,263] [INFO] - [ 7400/10346] | Cost: 0.5509859 | Accuracy: 0.9500000
[2026-01-16 00:59:26,894] [INFO] - [ 7500/10346] | Cost: 0.5507231 | Accuracy: 0.9800000
[2026-01-16 01:01:50,023] [INFO] - [ 7600/10346] | Cost: 0.5517261 | Accuracy: 0.9500000
[2026-01-16 01:04:04,008] [INFO] - [ 7700/10346] | Cost: 0.5500368 | Accuracy: 0.9300000
[2026-01-16 01:06:30,241] [INFO] - [ 7800/10346] | Cost: 0.5542338 | Accuracy: 0.9200000
[2026-01-16 01:08:52,536] [INFO] - [ 7900/10346] | Cost: 0.5547554 | Accuracy: 0.9700000
[2026-01-16 01:11:09,746] [INFO] - [ 8000/10346] | Cost: 0.5758032 | Accuracy: 0.8300000
[2026-01-16 01:13:21,363] [INFO] - [ 8100/10346] | Cost: 0.5643985 | Accuracy: 0.8800000
[2026-01-16 01:15:43,634] [INFO] - [ 8200/10346] | Cost: 0.5597616 | Accuracy: 0.9700000
[2026-01-16 01:18:03,306] [INFO] - [ 8300/10346] | Cost: 0.5526194 | Accuracy: 0.9600000
[2026-01-16 01:20:09,890] [INFO] - [ 8400/10346] | Cost: 0.5539377 | Accuracy: 1.0000000
[2026-01-16 01:22:35,037] [INFO] - [ 8500/10346] | Cost: 0.5547398 | Accuracy: 0.9700000
[2026-01-16 01:24:47,100] [INFO] - [ 8600/10346] | Cost: 0.5519971 | Accuracy: 0.9700000
[2026-01-16 01:26:58,948] [INFO] - [ 8700/10346] | Cost: 0.5516529 | Accuracy: 0.9800000
[2026-01-16 01:29:19,809] [INFO] - [ 8800/10346] | Cost: 0.5578979 | Accuracy: 0.9300000
[2026-01-16 01:31:44,275] [INFO] - [ 8900/10346] | Cost: 0.5516951 | Accuracy: 0.9600000
[2026-01-16 01:33:59,017] [INFO] - [ 9000/10346] | Cost: 0.5565077 | Accuracy: 0.9300000
[2026-01-16 01:36:18,086] [INFO] - [ 9100/10346] | Cost: 0.5516636 | Accuracy: 0.9500000
[2026-01-16 01:38:40,267] [INFO] - [ 9200/10346] | Cost: 0.5575805 | Accuracy: 0.9500000
[2026-01-16 01:41:01,750] [INFO] - [ 9300/10346] | Cost: 0.5581138 | Accuracy: 0.9600000
[2026-01-16 01:43:15,389] [INFO] - [ 9400/10346] | Cost: 0.5536834 | Accuracy: 0.9700000
[2026-01-16 01:45:35,524] [INFO] - [ 9500/10346] | Cost: 0.5516309 | Accuracy: 0.9800000
[2026-01-16 01:47:55,605] [INFO] - [ 9600/10346] | Cost: 0.5429245 | Accuracy: 0.9900000
[2026-01-16 01:50:15,994] [INFO] - [ 9700/10346] | Cost: 0.5476674 | Accuracy: 0.9700000
[2026-01-16 01:52:36,450] [INFO] - [ 9800/10346] | Cost: 0.5448111 | Accuracy: 0.9600000
[2026-01-16 01:55:00,771] [INFO] - [ 9900/10346] | Cost: 0.5781479 | Accuracy: 0.8800000
[2026-01-16 01:57:07,542] [INFO] - [10000/10346] | Cost: 0.5418780 | Accuracy: 0.9400000
[2026-01-16 01:59:13,230] [INFO] - [10100/10346] | Cost: 0.5542586 | Accuracy: 0.9300000
[2026-01-16 02:01:19,946] [INFO] - [10200/10346] | Cost: 0.5533167 | Accuracy: 0.9100000
[2026-01-16 02:03:35,813] [INFO] - [10300/10346] | Cost: 0.5601317 | Accuracy: 0.8800000
[2026-01-16 02:04:36,391] [INFO] - [10400/10346] | Cost: 0.5334771 | Accuracy: 1.0000000
[2026-01-16 02:41:37,817] [INFO] - Model dict saved to /workspace/persistent/embedding_colosseum/multirun/2026-01-15/22-04-31/17/saved_models/model_epoch-0.pt
[2026-01-16 02:41:37,819] [INFO] - Validation for epoch   0 | Cost: 0.5527722 | Accuracy: 0.9347381
[2026-01-16 02:43:53,503] [INFO] - [  100/10346] | Cost: 0.5570046 | Accuracy: 0.9400000
[2026-01-16 02:46:03,760] [INFO] - [  200/10346] | Cost: 0.5339837 | Accuracy: 0.9700000
[2026-01-16 02:48:02,124] [INFO] - [  300/10346] | Cost: 0.5555488 | Accuracy: 0.9300000
[2026-01-16 02:50:12,914] [INFO] - [  400/10346] | Cost: 0.5520560 | Accuracy: 0.9200000
[2026-01-16 02:52:16,519] [INFO] - [  500/10346] | Cost: 0.5590765 | Accuracy: 0.9400000
[2026-01-16 02:54:12,482] [INFO] - [  600/10346] | Cost: 0.5480458 | Accuracy: 0.9400000
[2026-01-16 02:56:39,402] [INFO] - [  700/10346] | Cost: 0.5456452 | Accuracy: 0.9500000
[2026-01-16 02:58:35,777] [INFO] - [  800/10346] | Cost: 0.5271226 | Accuracy: 0.9700000
[2026-01-16 03:00:48,575] [INFO] - [  900/10346] | Cost: 0.5426132 | Accuracy: 0.9500000
[2026-01-16 03:02:50,139] [INFO] - [ 1000/10346] | Cost: 0.5471000 | Accuracy: 0.9200000
[2026-01-16 03:05:06,932] [INFO] - [ 1100/10346] | Cost: 0.5594027 | Accuracy: 0.8800000
[2026-01-16 03:07:09,192] [INFO] - [ 1200/10346] | Cost: 0.5485920 | Accuracy: 0.9100000
[2026-01-16 03:09:24,980] [INFO] - [ 1300/10346] | Cost: 0.5512589 | Accuracy: 0.8900000
[2026-01-16 03:11:24,710] [INFO] - [ 1400/10346] | Cost: 0.5352329 | Accuracy: 0.9300000
[2026-01-16 03:13:25,623] [INFO] - [ 1500/10346] | Cost: 0.5424418 | Accuracy: 0.9400000
[2026-01-16 03:15:44,177] [INFO] - [ 1600/10346] | Cost: 0.5567957 | Accuracy: 0.8800000
[2026-01-16 03:17:36,832] [INFO] - [ 1700/10346] | Cost: 0.5469511 | Accuracy: 0.9500000
[2026-01-16 03:19:57,912] [INFO] - [ 1800/10346] | Cost: 0.5570745 | Accuracy: 0.9000000
[2026-01-16 03:21:53,717] [INFO] - [ 1900/10346] | Cost: 0.5457487 | Accuracy: 0.9200000
[2026-01-16 03:24:10,538] [INFO] - [ 2000/10346] | Cost: 0.5490740 | Accuracy: 0.9300000
[2026-01-16 03:26:12,332] [INFO] - [ 2100/10346] | Cost: 0.5480660 | Accuracy: 0.9300000
[2026-01-16 03:28:25,493] [INFO] - [ 2200/10346] | Cost: 0.5362825 | Accuracy: 0.9800000
[2026-01-16 03:30:31,627] [INFO] - [ 2300/10346] | Cost: 0.5689279 | Accuracy: 0.8800000
[2026-01-16 03:32:43,200] [INFO] - [ 2400/10346] | Cost: 0.5555822 | Accuracy: 0.9100000
[2026-01-16 03:34:40,555] [INFO] - [ 2500/10346] | Cost: 0.5486299 | Accuracy: 0.9400000
[2026-01-16 03:36:44,465] [INFO] - [ 2600/10346] | Cost: 0.5518215 | Accuracy: 0.9600000
[2026-01-16 03:38:46,969] [INFO] - [ 2700/10346] | Cost: 0.5514765 | Accuracy: 0.9700000
[2026-01-16 03:41:02,359] [INFO] - [ 2800/10346] | Cost: 0.5445926 | Accuracy: 0.9900000
[2026-01-16 03:43:06,335] [INFO] - [ 2900/10346] | Cost: 0.5411499 | Accuracy: 0.9800000
[2026-01-16 03:45:02,094] [INFO] - [ 3000/10346] | Cost: 0.5416846 | Accuracy: 0.9500000
[2026-01-16 03:47:05,682] [INFO] - [ 3100/10346] | Cost: 0.5478313 | Accuracy: 0.9800000
[2026-01-16 03:49:01,813] [INFO] - [ 3200/10346] | Cost: 0.5429202 | Accuracy: 0.9300000
[2026-01-16 03:51:18,351] [INFO] - [ 3300/10346] | Cost: 0.5430753 | Accuracy: 0.9300000
[2026-01-16 03:53:18,738] [INFO] - [ 3400/10346] | Cost: 0.5439932 | Accuracy: 0.9200000
[2026-01-16 03:55:15,849] [INFO] - [ 3500/10346] | Cost: 0.5581043 | Accuracy: 0.8700000
[2026-01-16 03:57:24,050] [INFO] - [ 3600/10346] | Cost: 0.5419816 | Accuracy: 0.9000000
[2026-01-16 03:59:33,114] [INFO] - [ 3700/10346] | Cost: 0.5392973 | Accuracy: 0.9300000
[2026-01-16 04:01:34,741] [INFO] - [ 3800/10346] | Cost: 0.5606831 | Accuracy: 0.8700000
[2026-01-16 04:03:41,727] [INFO] - [ 3900/10346] | Cost: 0.5589676 | Accuracy: 0.8400000
[2026-01-16 04:05:50,558] [INFO] - [ 4000/10346] | Cost: 0.5373882 | Accuracy: 0.9400000
[2026-01-16 04:07:58,230] [INFO] - [ 4100/10346] | Cost: 0.5661374 | Accuracy: 0.9100000
[2026-01-16 04:09:52,828] [INFO] - [ 4200/10346] | Cost: 0.5592470 | Accuracy: 0.9300000
[2026-01-16 04:12:02,406] [INFO] - [ 4300/10346] | Cost: 0.5558460 | Accuracy: 0.9700000
[2026-01-16 04:14:24,604] [INFO] - [ 4400/10346] | Cost: 0.5554330 | Accuracy: 0.9700000
[2026-01-16 04:16:21,431] [INFO] - [ 4500/10346] | Cost: 0.5573856 | Accuracy: 0.9600000
[2026-01-16 04:18:18,782] [INFO] - [ 4600/10346] | Cost: 0.5555498 | Accuracy: 0.9600000
[2026-01-16 04:20:22,791] [INFO] - [ 4700/10346] | Cost: 0.5538118 | Accuracy: 0.9800000
[2026-01-16 04:22:19,671] [INFO] - [ 4800/10346] | Cost: 0.5520054 | Accuracy: 0.9900000
[2026-01-16 04:24:23,798] [INFO] - [ 4900/10346] | Cost: 0.5509308 | Accuracy: 0.9800000
[2026-01-16 04:26:25,546] [INFO] - [ 5000/10346] | Cost: 0.5662171 | Accuracy: 0.9400000
[2026-01-16 04:28:25,555] [INFO] - [ 5100/10346] | Cost: 0.5577917 | Accuracy: 0.9700000
[2026-01-16 04:30:16,306] [INFO] - [ 5200/10346] | Cost: 0.5583460 | Accuracy: 0.9700000
[2026-01-16 04:32:16,803] [INFO] - [ 5300/10346] | Cost: 0.5529309 | Accuracy: 0.9900000
[2026-01-16 04:34:13,920] [INFO] - [ 5400/10346] | Cost: 0.5494817 | Accuracy: 0.9800000
[2026-01-16 04:36:22,486] [INFO] - [ 5500/10346] | Cost: 0.5525865 | Accuracy: 0.9900000
[2026-01-16 04:38:14,612] [INFO] - [ 5600/10346] | Cost: 0.5500702 | Accuracy: 0.9700000
[2026-01-16 04:40:09,160] [INFO] - [ 5700/10346] | Cost: 0.5475248 | Accuracy: 0.9800000
[2026-01-16 04:42:23,719] [INFO] - [ 5800/10346] | Cost: 0.5489873 | Accuracy: 0.9600000
[2026-01-16 04:44:28,349] [INFO] - [ 5900/10346] | Cost: 0.5568211 | Accuracy: 0.8900000
[2026-01-16 04:46:40,437] [INFO] - [ 6000/10346] | Cost: 0.5721999 | Accuracy: 0.8600000
[2026-01-16 04:48:36,713] [INFO] - [ 6100/10346] | Cost: 0.5513110 | Accuracy: 0.8800000
[2026-01-16 04:50:43,181] [INFO] - [ 6200/10346] | Cost: 0.5691221 | Accuracy: 0.8600000
[2026-01-16 04:52:55,183] [INFO] - [ 6300/10346] | Cost: 0.5494285 | Accuracy: 0.9100000
[2026-01-16 04:54:42,056] [INFO] - [ 6400/10346] | Cost: 0.5502493 | Accuracy: 0.9200000
[2026-01-16 04:57:00,321] [INFO] - [ 6500/10346] | Cost: 0.5462223 | Accuracy: 0.9400000
[2026-01-16 04:58:54,296] [INFO] - [ 6600/10346] | Cost: 0.5644611 | Accuracy: 0.9200000
[2026-01-16 05:00:51,249] [INFO] - [ 6700/10346] | Cost: 0.5378069 | Accuracy: 0.9800000
[2026-01-16 05:02:53,182] [INFO] - [ 6800/10346] | Cost: 0.5462524 | Accuracy: 0.9400000
[2026-01-16 05:04:56,343] [INFO] - [ 6900/10346] | Cost: 0.5481228 | Accuracy: 0.9100000
[2026-01-16 05:06:58,515] [INFO] - [ 7000/10346] | Cost: 0.5738792 | Accuracy: 0.9000000
[2026-01-16 05:08:55,278] [INFO] - [ 7100/10346] | Cost: 0.5683056 | Accuracy: 0.8800000
[2026-01-16 05:10:56,547] [INFO] - [ 7200/10346] | Cost: 0.5430454 | Accuracy: 0.9300000
[2026-01-16 05:13:10,188] [INFO] - [ 7300/10346] | Cost: 0.5559259 | Accuracy: 0.9300000
[2026-01-16 05:15:13,024] [INFO] - [ 7400/10346] | Cost: 0.5539170 | Accuracy: 0.9500000
[2026-01-16 05:17:16,828] [INFO] - [ 7500/10346] | Cost: 0.5469206 | Accuracy: 0.9600000
[2026-01-16 05:19:31,872] [INFO] - [ 7600/10346] | Cost: 0.5458530 | Accuracy: 0.9700000
[2026-01-16 05:21:26,787] [INFO] - [ 7700/10346] | Cost: 0.5436941 | Accuracy: 0.9900000
[2026-01-16 05:23:48,468] [INFO] - [ 7800/10346] | Cost: 0.5482924 | Accuracy: 0.9700000
[2026-01-16 05:25:37,177] [INFO] - [ 7900/10346] | Cost: 0.5499786 | Accuracy: 0.9800000
[2026-01-16 05:27:33,948] [INFO] - [ 8000/10346] | Cost: 0.5418297 | Accuracy: 0.9700000
[2026-01-16 05:29:37,254] [INFO] - [ 8100/10346] | Cost: 0.5411404 | Accuracy: 1.0000000
[2026-01-16 05:31:27,825] [INFO] - [ 8200/10346] | Cost: 0.5517407 | Accuracy: 0.9700000
[2026-01-16 05:33:35,785] [INFO] - [ 8300/10346] | Cost: 0.5570303 | Accuracy: 0.9500000
[2026-01-16 05:35:27,139] [INFO] - [ 8400/10346] | Cost: 0.5521452 | Accuracy: 0.9800000
[2026-01-16 05:37:34,298] [INFO] - [ 8500/10346] | Cost: 0.5508250 | Accuracy: 0.9900000
[2026-01-16 05:39:13,283] [INFO] - [ 8600/10346] | Cost: 0.5424841 | Accuracy: 0.9900000
[2026-01-16 05:41:04,413] [INFO] - [ 8700/10346] | Cost: 0.5435947 | Accuracy: 1.0000000
[2026-01-16 05:43:22,773] [INFO] - [ 8800/10346] | Cost: 0.5489015 | Accuracy: 1.0000000
[2026-01-16 05:45:13,089] [INFO] - [ 8900/10346] | Cost: 0.5435974 | Accuracy: 0.9900000
[2026-01-16 05:47:19,908] [INFO] - [ 9000/10346] | Cost: 0.5443977 | Accuracy: 0.9700000
[2026-01-16 05:49:21,749] [INFO] - [ 9100/10346] | Cost: 0.5481175 | Accuracy: 0.9800000
[2026-01-16 05:51:13,974] [INFO] - [ 9200/10346] | Cost: 0.5486425 | Accuracy: 0.9400000
[2026-01-16 05:53:15,086] [INFO] - [ 9300/10346] | Cost: 0.5391720 | Accuracy: 0.9600000
[2026-01-16 05:55:08,030] [INFO] - [ 9400/10346] | Cost: 0.5630612 | Accuracy: 0.8300000
[2026-01-16 05:57:07,519] [INFO] - [ 9500/10346] | Cost: 0.5467145 | Accuracy: 0.8800000
[2026-01-16 05:59:11,515] [INFO] - [ 9600/10346] | Cost: 0.5405750 | Accuracy: 0.8700000
[2026-01-16 06:01:20,867] [INFO] - [ 9700/10346] | Cost: 0.5478018 | Accuracy: 0.8800000
[2026-01-16 06:03:11,092] [INFO] - [ 9800/10346] | Cost: 0.5650060 | Accuracy: 0.8200000
[2026-01-16 06:05:09,855] [INFO] - [ 9900/10346] | Cost: 0.5382679 | Accuracy: 0.9200000
[2026-01-16 06:07:17,629] [INFO] - [10000/10346] | Cost: 0.5518148 | Accuracy: 0.9400000
[2026-01-16 06:09:07,427] [INFO] - [10100/10346] | Cost: 0.5497664 | Accuracy: 0.9200000
[2026-01-16 06:11:17,492] [INFO] - [10200/10346] | Cost: 0.5474010 | Accuracy: 0.9700000
[2026-01-16 06:13:10,025] [INFO] - [10300/10346] | Cost: 0.5538798 | Accuracy: 0.9200000
[2026-01-16 06:14:09,027] [INFO] - [10400/10346] | Cost: 0.5541758 | Accuracy: 0.9782609
[2026-01-16 06:49:52,318] [INFO] - Model dict saved to /workspace/persistent/embedding_colosseum/multirun/2026-01-15/22-04-31/17/saved_models/model_epoch-1.pt
[2026-01-16 06:49:52,324] [INFO] - Validation for epoch   1 | Cost: 0.5438715 | Accuracy: 0.9614048
