[2026-01-18 23:04:09,253] [INFO] - seed: 0
image_preprocessing: MedianBlur
training:
  epochs: 1
  batch_size: 100
  image_width: 8
  lr: 0.05
model:
  num_layers: 3
dataset:
  num_classes: 2
  binary: true
  name: cxr8
  image_width_sweep: 2,4,8,16,32
  orig_width: 1024
embedding:
  name: NEQR
  pca: false
  supports_color: true

[2026-01-18 23:04:09,259] [INFO] - Using cuda.
[2026-01-18 23:04:09,423] [INFO] - Dataset: cxr8 | Train Size: 2270 | Validation Size: 650 | Test Size: 324
[2026-01-18 23:04:09,427] [INFO] - Initiate model
[2026-01-18 23:04:11,083] [INFO] - Weights Shape: torch.Size([3, 14, 3])
[2026-01-18 23:04:11,084] [INFO] - Bias Shape: torch.Size([2])
[2026-01-18 23:07:44,839] [INFO] - [  100/ 2270] | Cost: 0.6935629 | Accuracy: 0.4900000
[2026-01-18 23:11:20,234] [INFO] - [  200/ 2270] | Cost: 0.6611527 | Accuracy: 0.8400000
[2026-01-18 23:14:38,844] [INFO] - [  300/ 2270] | Cost: 0.6272305 | Accuracy: 0.8500000
[2026-01-18 23:21:56,233] [INFO] - [  400/ 2270] | Cost: 0.6075091 | Accuracy: 0.8200000
[2026-01-18 23:30:50,846] [INFO] - [  500/ 2270] | Cost: 0.5541146 | Accuracy: 0.9000000
[2026-01-18 23:39:42,632] [INFO] - [  600/ 2270] | Cost: 0.5307655 | Accuracy: 0.8900000
[2026-01-18 23:48:02,137] [INFO] - [  700/ 2270] | Cost: 0.5380704 | Accuracy: 0.8300000
[2026-01-18 23:56:54,016] [INFO] - [  800/ 2270] | Cost: 0.5164940 | Accuracy: 0.8400000
[2026-01-19 00:05:34,840] [INFO] - [  900/ 2270] | Cost: 0.4847929 | Accuracy: 0.8600000
[2026-01-19 00:14:27,042] [INFO] - [ 1000/ 2270] | Cost: 0.4971175 | Accuracy: 0.8300000
[2026-01-19 00:23:11,335] [INFO] - [ 1100/ 2270] | Cost: 0.4481901 | Accuracy: 0.8700000
[2026-01-19 00:31:55,818] [INFO] - [ 1200/ 2270] | Cost: 0.4789619 | Accuracy: 0.8300000
[2026-01-19 00:40:26,416] [INFO] - [ 1300/ 2270] | Cost: 0.4495038 | Accuracy: 0.8500000
[2026-01-19 00:49:31,016] [INFO] - [ 1400/ 2270] | Cost: 0.5392962 | Accuracy: 0.7700000
[2026-01-19 00:57:32,353] [INFO] - [ 1500/ 2270] | Cost: 0.4503461 | Accuracy: 0.8400000
[2026-01-19 01:06:29,356] [INFO] - [ 1600/ 2270] | Cost: 0.4597239 | Accuracy: 0.8300000
[2026-01-19 01:15:16,015] [INFO] - [ 1700/ 2270] | Cost: 0.2880018 | Accuracy: 0.9500000
[2026-01-19 01:24:05,948] [INFO] - [ 1800/ 2270] | Cost: 0.2938856 | Accuracy: 0.9400000
[2026-01-19 01:32:29,555] [INFO] - [ 1900/ 2270] | Cost: 0.4083553 | Accuracy: 0.8600000
[2026-01-19 01:41:09,142] [INFO] - [ 2000/ 2270] | Cost: 0.4562134 | Accuracy: 0.8300000
[2026-01-19 01:50:15,416] [INFO] - [ 2100/ 2270] | Cost: 0.4742402 | Accuracy: 0.8200000
[2026-01-19 01:58:14,747] [INFO] - [ 2200/ 2270] | Cost: 0.3715244 | Accuracy: 0.8800000
[2026-01-19 02:04:33,538] [INFO] - [ 2300/ 2270] | Cost: 0.3854353 | Accuracy: 0.8714286
