[2026-01-17 07:39:12,516] [INFO] - seed: 0
image_preprocessing: BilateralFilter
training:
  epochs: 1
  batch_size: 100
  image_width: 16
  lr: 0.05
model:
  num_layers: 3
dataset:
  num_classes: 2
  binary: true
  name: cxr8
  image_width_sweep: 2,4,8,16,32,64
  orig_width: 1024
embedding:
  name: NEQR
  pca: false
  supports_color: true

[2026-01-17 07:39:12,520] [INFO] - Using cuda.
[2026-01-17 07:39:12,640] [INFO] - Dataset: cxr8 | Train Size: 2270 | Validation Size: 650 | Test Size: 324
[2026-01-17 07:39:12,642] [INFO] - Initiate model
[2026-01-17 07:39:12,846] [INFO] - Weights Shape: torch.Size([3, 16, 3])
[2026-01-17 07:39:12,847] [INFO] - Bias Shape: torch.Size([2])
[2026-01-17 07:40:50,519] [INFO] - [  100/ 2270] | Cost: 0.6933773 | Accuracy: 0.5000000
[2026-01-17 07:42:14,522] [INFO] - [  200/ 2270] | Cost: 0.6602908 | Accuracy: 0.8400000
[2026-01-17 07:44:04,491] [INFO] - [  300/ 2270] | Cost: 0.6278360 | Accuracy: 0.8500000
[2026-01-17 07:45:29,455] [INFO] - [  400/ 2270] | Cost: 0.6081567 | Accuracy: 0.8200000
[2026-01-17 07:47:06,248] [INFO] - [  500/ 2270] | Cost: 0.5542328 | Accuracy: 0.9000000
[2026-01-17 07:48:32,755] [INFO] - [  600/ 2270] | Cost: 0.5300900 | Accuracy: 0.8900000
[2026-01-17 07:50:31,113] [INFO] - [  700/ 2270] | Cost: 0.5404024 | Accuracy: 0.8300000
[2026-01-17 07:52:17,260] [INFO] - [  800/ 2270] | Cost: 0.5164651 | Accuracy: 0.8400000
[2026-01-17 07:53:47,471] [INFO] - [  900/ 2270] | Cost: 0.4859774 | Accuracy: 0.8600000
[2026-01-17 07:55:27,168] [INFO] - [ 1000/ 2270] | Cost: 0.4969115 | Accuracy: 0.8300000
[2026-01-17 07:56:59,564] [INFO] - [ 1100/ 2270] | Cost: 0.4486812 | Accuracy: 0.8700000
[2026-01-17 07:58:35,576] [INFO] - [ 1200/ 2270] | Cost: 0.4781200 | Accuracy: 0.8300000
[2026-01-17 08:00:24,490] [INFO] - [ 1300/ 2270] | Cost: 0.4495082 | Accuracy: 0.8500000
[2026-01-17 08:02:16,526] [INFO] - [ 1400/ 2270] | Cost: 0.5388691 | Accuracy: 0.7700000
[2026-01-17 08:03:46,166] [INFO] - [ 1500/ 2270] | Cost: 0.4493898 | Accuracy: 0.8400000
[2026-01-17 08:05:29,452] [INFO] - [ 1600/ 2270] | Cost: 0.4598812 | Accuracy: 0.8300000
[2026-01-17 08:06:51,016] [INFO] - [ 1700/ 2270] | Cost: 0.2884397 | Accuracy: 0.9500000
[2026-01-17 08:08:22,625] [INFO] - [ 1800/ 2270] | Cost: 0.2937097 | Accuracy: 0.9400000
[2026-01-17 08:09:55,379] [INFO] - [ 1900/ 2270] | Cost: 0.4095563 | Accuracy: 0.8600000
[2026-01-17 08:12:00,647] [INFO] - [ 2000/ 2270] | Cost: 0.4561872 | Accuracy: 0.8300000
[2026-01-17 08:13:36,059] [INFO] - [ 2100/ 2270] | Cost: 0.4732507 | Accuracy: 0.8200000
[2026-01-17 08:15:01,296] [INFO] - [ 2200/ 2270] | Cost: 0.3712521 | Accuracy: 0.8800000
[2026-01-17 08:16:18,602] [INFO] - [ 2300/ 2270] | Cost: 0.3853576 | Accuracy: 0.8714286
