[2026-01-17 04:57:57,472] [INFO] - seed: 0
image_preprocessing: MedianBlur
training:
  epochs: 1
  batch_size: 100
  image_width: 16
  lr: 0.05
model:
  num_layers: 3
dataset:
  num_classes: 2
  binary: true
  name: stl10
  image_width_sweep: 2,4,8,16,32,64
  orig_width: 96
embedding:
  name: NAQSS
  pca: false
  supports_color: false

[2026-01-17 04:57:57,477] [INFO] - Using cuda.
[2026-01-17 04:58:09,369] [INFO] - Dataset: stl10 | Train Size: 1819 | Validation Size: 521 | Test Size: 260
[2026-01-17 04:58:09,375] [INFO] - Initiate model
[2026-01-17 04:58:09,614] [INFO] - Weights Shape: torch.Size([3, 17, 3])
[2026-01-17 04:58:09,615] [INFO] - Bias Shape: torch.Size([2])
[2026-01-17 05:01:01,599] [INFO] - [  100/ 1819] | Cost: 0.6930745 | Accuracy: 0.5200000
[2026-01-17 05:03:25,120] [INFO] - [  200/ 1819] | Cost: 0.6952289 | Accuracy: 0.4900000
[2026-01-17 05:06:15,437] [INFO] - [  300/ 1819] | Cost: 0.6919431 | Accuracy: 0.5200000
[2026-01-17 05:08:28,864] [INFO] - [  400/ 1819] | Cost: 0.6905346 | Accuracy: 0.5600000
[2026-01-17 05:11:32,831] [INFO] - [  500/ 1819] | Cost: 0.6989849 | Accuracy: 0.4400000
[2026-01-17 05:14:07,026] [INFO] - [  600/ 1819] | Cost: 0.6936386 | Accuracy: 0.4900000
[2026-01-17 05:16:24,578] [INFO] - [  700/ 1819] | Cost: 0.6915426 | Accuracy: 0.5700000
[2026-01-17 05:18:46,923] [INFO] - [  800/ 1819] | Cost: 0.6951215 | Accuracy: 0.4300000
[2026-01-17 05:21:10,513] [INFO] - [  900/ 1819] | Cost: 0.6934212 | Accuracy: 0.4600000
[2026-01-17 05:23:44,837] [INFO] - [ 1000/ 1819] | Cost: 0.6932085 | Accuracy: 0.4900000
[2026-01-17 05:26:15,676] [INFO] - [ 1100/ 1819] | Cost: 0.6940143 | Accuracy: 0.4700000
[2026-01-17 05:29:02,439] [INFO] - [ 1200/ 1819] | Cost: 0.6925917 | Accuracy: 0.5400000
[2026-01-17 05:31:44,016] [INFO] - [ 1300/ 1819] | Cost: 0.6937427 | Accuracy: 0.4600000
[2026-01-17 05:34:46,013] [INFO] - [ 1400/ 1819] | Cost: 0.6944454 | Accuracy: 0.4500000
[2026-01-17 05:37:07,340] [INFO] - [ 1500/ 1819] | Cost: 0.6936389 | Accuracy: 0.4500000
[2026-01-17 05:39:46,793] [INFO] - [ 1600/ 1819] | Cost: 0.6913675 | Accuracy: 0.5500000
[2026-01-17 05:42:20,577] [INFO] - [ 1700/ 1819] | Cost: 0.6962767 | Accuracy: 0.4300000
[2026-01-17 05:44:30,702] [INFO] - [ 1800/ 1819] | Cost: 0.6932665 | Accuracy: 0.5000000
[2026-01-17 05:44:58,448] [INFO] - [ 1900/ 1819] | Cost: 0.6904568 | Accuracy: 0.5789474
