[2026-01-17 06:49:46,080] [INFO] - seed: 0
image_preprocessing: ContrastScaling
training:
  epochs: 1
  batch_size: 100
  image_width: 32
  lr: 0.05
model:
  num_layers: 3
dataset:
  num_classes: 2
  binary: true
  name: cxr8
  image_width_sweep: 2,4,8,16,32,64
  orig_width: 1024
embedding:
  name: NEQR
  pca: false
  supports_color: true

[2026-01-17 06:49:46,084] [INFO] - Using cuda.
[2026-01-17 06:49:46,217] [INFO] - Dataset: cxr8 | Train Size: 2270 | Validation Size: 650 | Test Size: 324
[2026-01-17 06:49:46,220] [INFO] - Initiate model
[2026-01-17 06:49:46,447] [INFO] - Weights Shape: torch.Size([3, 18, 3])
[2026-01-17 06:49:46,449] [INFO] - Bias Shape: torch.Size([2])
[2026-01-17 06:55:03,365] [INFO] - [  100/ 2270] | Cost: 0.6930139 | Accuracy: 0.5400000
[2026-01-17 07:00:24,231] [INFO] - [  200/ 2270] | Cost: 0.6599609 | Accuracy: 0.8400000
[2026-01-17 07:05:54,095] [INFO] - [  300/ 2270] | Cost: 0.6276612 | Accuracy: 0.8500000
[2026-01-17 07:11:14,265] [INFO] - [  400/ 2270] | Cost: 0.6072971 | Accuracy: 0.8200000
[2026-01-17 07:16:45,664] [INFO] - [  500/ 2270] | Cost: 0.5512346 | Accuracy: 0.9000000
[2026-01-17 07:22:08,615] [INFO] - [  600/ 2270] | Cost: 0.5270419 | Accuracy: 0.8900000
[2026-01-17 07:27:44,851] [INFO] - [  700/ 2270] | Cost: 0.5369368 | Accuracy: 0.8300000
[2026-01-17 07:33:11,089] [INFO] - [  800/ 2270] | Cost: 0.5113412 | Accuracy: 0.8400000
[2026-01-17 07:39:02,011] [INFO] - [  900/ 2270] | Cost: 0.4797494 | Accuracy: 0.8600000
[2026-01-17 07:44:27,333] [INFO] - [ 1000/ 2270] | Cost: 0.4890884 | Accuracy: 0.8300000
[2026-01-17 07:50:02,168] [INFO] - [ 1100/ 2270] | Cost: 0.4413674 | Accuracy: 0.8700000
[2026-01-17 07:55:15,005] [INFO] - [ 1200/ 2270] | Cost: 0.4705850 | Accuracy: 0.8300000
[2026-01-17 08:00:52,569] [INFO] - [ 1300/ 2270] | Cost: 0.4411772 | Accuracy: 0.8500000
[2026-01-17 08:06:12,389] [INFO] - [ 1400/ 2270] | Cost: 0.5434897 | Accuracy: 0.7700000
[2026-01-17 08:11:55,070] [INFO] - [ 1500/ 2270] | Cost: 0.4479315 | Accuracy: 0.8400000
[2026-01-17 08:17:15,439] [INFO] - [ 1600/ 2270] | Cost: 0.4619384 | Accuracy: 0.8300000
[2026-01-17 08:22:55,130] [INFO] - [ 1700/ 2270] | Cost: 0.2750468 | Accuracy: 0.9500000
[2026-01-17 08:28:06,633] [INFO] - [ 1800/ 2270] | Cost: 0.2779647 | Accuracy: 0.9400000
[2026-01-17 08:33:48,869] [INFO] - [ 1900/ 2270] | Cost: 0.4058157 | Accuracy: 0.8600000
[2026-01-17 08:38:48,671] [INFO] - [ 2000/ 2270] | Cost: 0.4594349 | Accuracy: 0.8300000
[2026-01-17 08:44:07,803] [INFO] - [ 2100/ 2270] | Cost: 0.4749977 | Accuracy: 0.8200000
[2026-01-17 08:49:04,165] [INFO] - [ 2200/ 2270] | Cost: 0.3686298 | Accuracy: 0.8800000
[2026-01-17 08:52:25,272] [INFO] - [ 2300/ 2270] | Cost: 0.3819576 | Accuracy: 0.8714286
