[2026-01-18 23:15:57,516] [INFO] - seed: 0
image_preprocessing: MedianBlur
training:
  epochs: 1
  batch_size: 100
  image_width: 32
  lr: 0.05
model:
  num_layers: 3
dataset:
  num_classes: 2
  binary: true
  name: mnist
  image_width_sweep: 16,32
  orig_width: 28
embedding:
  name: NAQSS
  pca: false
  supports_color: false

[2026-01-18 23:15:57,520] [INFO] - Using cuda.
[2026-01-18 23:15:58,354] [INFO] - Dataset: mnist | Train Size: 10346 | Validation Size: 2956 | Test Size: 1478
[2026-01-18 23:15:58,356] [INFO] - Initiate model
[2026-01-18 23:16:02,231] [INFO] - Weights Shape: torch.Size([3, 19, 3])
[2026-01-18 23:16:02,233] [INFO] - Bias Shape: torch.Size([2])
[2026-01-19 00:13:59,317] [INFO] - [  100/10346] | Cost: 0.6940762 | Accuracy: 0.1600000
[2026-01-19 01:12:30,954] [INFO] - [  200/10346] | Cost: 0.6923463 | Accuracy: 0.5200000
[2026-01-19 02:10:28,844] [INFO] - [  300/10346] | Cost: 0.6952246 | Accuracy: 0.4900000
[2026-01-19 03:08:08,245] [INFO] - [  400/10346] | Cost: 0.6897407 | Accuracy: 0.5300000
[2026-01-19 04:06:40,629] [INFO] - [  500/10346] | Cost: 0.6892531 | Accuracy: 0.5300000
[2026-01-19 05:04:36,855] [INFO] - [  600/10346] | Cost: 0.6932627 | Accuracy: 0.4100000
[2026-01-19 06:02:43,540] [INFO] - [  700/10346] | Cost: 0.6873523 | Accuracy: 0.9900000
[2026-01-19 07:01:15,749] [INFO] - [  800/10346] | Cost: 0.6864447 | Accuracy: 0.4600000
[2026-01-19 07:56:12,846] [INFO] - [  900/10346] | Cost: 0.6839540 | Accuracy: 0.9600000
[2026-01-19 08:49:36,234] [INFO] - [ 1000/10346] | Cost: 0.6789845 | Accuracy: 0.6200000
