[2026-01-18 23:15:57,424] [INFO] - seed: 0
image_preprocessing: ContrastScaling
training:
  epochs: 1
  batch_size: 100
  image_width: 32
  lr: 0.05
model:
  num_layers: 3
dataset:
  num_classes: 2
  binary: true
  name: mnist
  image_width_sweep: 16,32
  orig_width: 28
embedding:
  name: OQIM
  pca: false
  supports_color: true

[2026-01-18 23:15:57,428] [INFO] - Using cuda.
[2026-01-18 23:15:58,325] [INFO] - Dataset: mnist | Train Size: 10346 | Validation Size: 2956 | Test Size: 1478
[2026-01-18 23:15:58,327] [INFO] - Initiate model
[2026-01-18 23:16:02,217] [INFO] - Weights Shape: torch.Size([3, 12, 3])
[2026-01-18 23:16:02,219] [INFO] - Bias Shape: torch.Size([2])
[2026-01-18 23:28:44,334] [INFO] - [  100/10346] | Cost: 0.6956119 | Accuracy: 0.5100000
[2026-01-18 23:41:20,749] [INFO] - [  200/10346] | Cost: 0.6950738 | Accuracy: 0.4800000
[2026-01-18 23:54:44,642] [INFO] - [  300/10346] | Cost: 0.6919532 | Accuracy: 0.4900000
[2026-01-19 00:08:02,538] [INFO] - [  400/10346] | Cost: 0.6888344 | Accuracy: 0.5300000
[2026-01-19 00:20:50,142] [INFO] - [  500/10346] | Cost: 0.6868308 | Accuracy: 0.5300000
[2026-01-19 00:33:39,316] [INFO] - [  600/10346] | Cost: 0.7014490 | Accuracy: 0.4100000
[2026-01-19 00:47:08,744] [INFO] - [  700/10346] | Cost: 0.6820534 | Accuracy: 0.5300000
[2026-01-19 00:59:58,443] [INFO] - [  800/10346] | Cost: 0.6810739 | Accuracy: 0.8100000
[2026-01-19 01:13:01,816] [INFO] - [  900/10346] | Cost: 0.6781677 | Accuracy: 0.9400000
[2026-01-19 01:26:53,823] [INFO] - [ 1000/10346] | Cost: 0.6748534 | Accuracy: 0.8900000
[2026-01-19 01:39:31,449] [INFO] - [ 1100/10346] | Cost: 0.6728272 | Accuracy: 0.7300000
[2026-01-19 01:52:41,724] [INFO] - [ 1200/10346] | Cost: 0.6650687 | Accuracy: 0.6900000
[2026-01-19 02:05:49,616] [INFO] - [ 1300/10346] | Cost: 0.6635586 | Accuracy: 0.5900000
[2026-01-19 02:18:49,932] [INFO] - [ 1400/10346] | Cost: 0.6511858 | Accuracy: 0.6200000
[2026-01-19 02:31:59,345] [INFO] - [ 1500/10346] | Cost: 0.6547391 | Accuracy: 0.5400000
[2026-01-19 02:45:01,647] [INFO] - [ 1600/10346] | Cost: 0.6304672 | Accuracy: 0.6600000
[2026-01-19 02:58:18,440] [INFO] - [ 1700/10346] | Cost: 0.6394759 | Accuracy: 0.5800000
[2026-01-19 03:11:02,547] [INFO] - [ 1800/10346] | Cost: 0.6341673 | Accuracy: 0.5900000
[2026-01-19 03:24:18,850] [INFO] - [ 1900/10346] | Cost: 0.6389787 | Accuracy: 0.5500000
[2026-01-19 03:37:54,852] [INFO] - [ 2000/10346] | Cost: 0.6415234 | Accuracy: 0.5100000
[2026-01-19 03:50:38,648] [INFO] - [ 2100/10346] | Cost: 0.6312557 | Accuracy: 0.5200000
[2026-01-19 04:04:08,916] [INFO] - [ 2200/10346] | Cost: 0.6199289 | Accuracy: 0.5800000
[2026-01-19 04:17:14,853] [INFO] - [ 2300/10346] | Cost: 0.6355739 | Accuracy: 0.8000000
[2026-01-19 04:30:27,032] [INFO] - [ 2400/10346] | Cost: 0.6151732 | Accuracy: 0.9100000
[2026-01-19 04:43:51,052] [INFO] - [ 2500/10346] | Cost: 0.6075991 | Accuracy: 0.9500000
[2026-01-19 04:56:43,152] [INFO] - [ 2600/10346] | Cost: 0.6133668 | Accuracy: 0.9300000
[2026-01-19 05:10:31,225] [INFO] - [ 2700/10346] | Cost: 0.6041466 | Accuracy: 0.9400000
[2026-01-19 05:23:18,935] [INFO] - [ 2800/10346] | Cost: 0.5927050 | Accuracy: 0.9100000
[2026-01-19 05:36:33,250] [INFO] - [ 2900/10346] | Cost: 0.5794520 | Accuracy: 0.9000000
[2026-01-19 05:50:00,715] [INFO] - [ 3000/10346] | Cost: 0.5869660 | Accuracy: 0.8200000
[2026-01-19 06:03:05,915] [INFO] - [ 3100/10346] | Cost: 0.5782100 | Accuracy: 0.7500000
[2026-01-19 06:16:35,047] [INFO] - [ 3200/10346] | Cost: 0.5589882 | Accuracy: 0.8400000
[2026-01-19 06:29:50,241] [INFO] - [ 3300/10346] | Cost: 0.5528131 | Accuracy: 0.8500000
[2026-01-19 06:42:57,841] [INFO] - [ 3400/10346] | Cost: 0.5739976 | Accuracy: 0.7600000
[2026-01-19 06:56:09,434] [INFO] - [ 3500/10346] | Cost: 0.5560741 | Accuracy: 0.9000000
[2026-01-19 07:09:30,534] [INFO] - [ 3600/10346] | Cost: 0.5506120 | Accuracy: 0.9100000
[2026-01-19 07:21:55,455] [INFO] - [ 3700/10346] | Cost: 0.5490116 | Accuracy: 0.9400000
[2026-01-19 07:33:42,016] [INFO] - [ 3800/10346] | Cost: 0.5289247 | Accuracy: 0.9400000
[2026-01-19 07:46:03,546] [INFO] - [ 3900/10346] | Cost: 0.5333532 | Accuracy: 0.9600000
[2026-01-19 07:57:47,835] [INFO] - [ 4000/10346] | Cost: 0.5207893 | Accuracy: 1.0000000
[2026-01-19 08:09:32,244] [INFO] - [ 4100/10346] | Cost: 0.5240394 | Accuracy: 0.9400000
[2026-01-19 08:21:36,646] [INFO] - [ 4200/10346] | Cost: 0.5197440 | Accuracy: 0.9500000
[2026-01-19 08:33:34,447] [INFO] - [ 4300/10346] | Cost: 0.5156289 | Accuracy: 0.9700000
[2026-01-19 08:45:18,156] [INFO] - [ 4400/10346] | Cost: 0.5187338 | Accuracy: 0.9200000
[2026-01-19 08:57:18,115] [INFO] - [ 4500/10346] | Cost: 0.5089914 | Accuracy: 0.9200000
