[2026-01-16 14:34:44,117] [INFO] - seed: 0
image_preprocessing: GaussianBlur
training:
  epochs: 1
  batch_size: 100
  image_width: 16
  lr: 0.05
model:
  num_layers: 3
dataset:
  num_classes: 2
  binary: true
  name: eurosat_rgb
  image_width_sweep: '64'
  orig_width: 64
embedding:
  name: NAQSS
  pca: false
  supports_color: false

[2026-01-16 14:34:44,121] [INFO] - Using cuda.
[2026-01-16 14:34:44,175] [INFO] - Dataset: eurosat_rgb | Train Size: 4200 | Validation Size: 1200 | Test Size: 600
[2026-01-16 14:34:44,178] [INFO] - Initiate model
[2026-01-16 14:34:44,384] [INFO] - Weights Shape: torch.Size([3, 17, 3])
[2026-01-16 14:34:44,385] [INFO] - Bias Shape: torch.Size([2])
[2026-01-16 14:37:26,622] [INFO] - [  100/ 4200] | Cost: 0.6928621 | Accuracy: 0.5200000
[2026-01-16 14:40:14,199] [INFO] - [  200/ 4200] | Cost: 0.6874717 | Accuracy: 0.5700000
[2026-01-16 14:43:06,224] [INFO] - [  300/ 4200] | Cost: 0.7076586 | Accuracy: 0.4500000
[2026-01-16 14:46:01,657] [INFO] - [  400/ 4200] | Cost: 0.7031267 | Accuracy: 0.4700000
[2026-01-16 14:48:47,580] [INFO] - [  500/ 4200] | Cost: 0.6968645 | Accuracy: 0.4900000
[2026-01-16 14:51:17,809] [INFO] - [  600/ 4200] | Cost: 0.6875404 | Accuracy: 0.5500000
[2026-01-16 14:54:16,776] [INFO] - [  700/ 4200] | Cost: 0.6928259 | Accuracy: 0.5000000
[2026-01-16 14:57:19,220] [INFO] - [  800/ 4200] | Cost: 0.6934619 | Accuracy: 0.4600000
[2026-01-16 15:00:13,141] [INFO] - [  900/ 4200] | Cost: 0.6915013 | Accuracy: 0.6500000
[2026-01-16 15:03:04,457] [INFO] - [ 1000/ 4200] | Cost: 0.6877698 | Accuracy: 0.5500000
[2026-01-16 15:06:03,548] [INFO] - [ 1100/ 4200] | Cost: 0.6937631 | Accuracy: 0.4700000
[2026-01-16 15:09:13,562] [INFO] - [ 1200/ 4200] | Cost: 0.6933433 | Accuracy: 0.4800000
[2026-01-16 15:11:51,457] [INFO] - [ 1300/ 4200] | Cost: 0.7011631 | Accuracy: 0.4400000
[2026-01-16 15:14:30,645] [INFO] - [ 1400/ 4200] | Cost: 0.6789423 | Accuracy: 0.5400000
[2026-01-16 15:16:55,993] [INFO] - [ 1500/ 4200] | Cost: 0.6942161 | Accuracy: 0.4400000
[2026-01-16 15:19:48,282] [INFO] - [ 1600/ 4200] | Cost: 0.6728030 | Accuracy: 0.5800000
[2026-01-16 15:22:36,321] [INFO] - [ 1700/ 4200] | Cost: 0.6827717 | Accuracy: 0.4800000
[2026-01-16 15:25:18,814] [INFO] - [ 1800/ 4200] | Cost: 0.6772341 | Accuracy: 0.4800000
[2026-01-16 15:27:56,949] [INFO] - [ 1900/ 4200] | Cost: 0.6763090 | Accuracy: 0.4900000
[2026-01-16 15:30:55,672] [INFO] - [ 2000/ 4200] | Cost: 0.6730128 | Accuracy: 0.6900000
[2026-01-16 15:33:53,879] [INFO] - [ 2100/ 4200] | Cost: 0.6711618 | Accuracy: 0.9300000
[2026-01-16 15:36:39,662] [INFO] - [ 2200/ 4200] | Cost: 0.6700717 | Accuracy: 0.8700000
[2026-01-16 15:39:37,499] [INFO] - [ 2300/ 4200] | Cost: 0.6680418 | Accuracy: 0.8600000
[2026-01-16 15:42:22,051] [INFO] - [ 2400/ 4200] | Cost: 0.6667161 | Accuracy: 0.7400000
[2026-01-16 15:45:11,436] [INFO] - [ 2500/ 4200] | Cost: 0.6631504 | Accuracy: 0.7000000
[2026-01-16 15:47:37,576] [INFO] - [ 2600/ 4200] | Cost: 0.6638020 | Accuracy: 0.6200000
[2026-01-16 15:50:25,746] [INFO] - [ 2700/ 4200] | Cost: 0.6639357 | Accuracy: 0.5500000
[2026-01-16 15:53:16,540] [INFO] - [ 2800/ 4200] | Cost: 0.6503781 | Accuracy: 0.6400000
[2026-01-16 15:56:01,139] [INFO] - [ 2900/ 4200] | Cost: 0.6594827 | Accuracy: 0.5700000
[2026-01-16 15:58:36,565] [INFO] - [ 3000/ 4200] | Cost: 0.6749932 | Accuracy: 0.5100000
[2026-01-16 16:01:17,636] [INFO] - [ 3100/ 4200] | Cost: 0.6901893 | Accuracy: 0.4500000
[2026-01-16 16:04:11,082] [INFO] - [ 3200/ 4200] | Cost: 0.7063942 | Accuracy: 0.3900000
[2026-01-16 16:07:10,976] [INFO] - [ 3300/ 4200] | Cost: 0.6660075 | Accuracy: 0.5300000
[2026-01-16 16:09:58,373] [INFO] - [ 3400/ 4200] | Cost: 0.6702745 | Accuracy: 0.5100000
[2026-01-16 16:13:05,658] [INFO] - [ 3500/ 4200] | Cost: 0.6728332 | Accuracy: 0.5100000
[2026-01-16 16:16:03,179] [INFO] - [ 3600/ 4200] | Cost: 0.6594046 | Accuracy: 0.6000000
[2026-01-16 16:19:08,789] [INFO] - [ 3700/ 4200] | Cost: 0.6730208 | Accuracy: 0.6300000
[2026-01-16 16:21:57,879] [INFO] - [ 3800/ 4200] | Cost: 0.6660529 | Accuracy: 0.7400000
[2026-01-16 16:24:45,060] [INFO] - [ 3900/ 4200] | Cost: 0.6619260 | Accuracy: 0.8300000
[2026-01-16 16:27:50,683] [INFO] - [ 4000/ 4200] | Cost: 0.6612784 | Accuracy: 0.8400000
[2026-01-16 16:30:34,201] [INFO] - [ 4100/ 4200] | Cost: 0.6518201 | Accuracy: 0.6700000
[2026-01-16 16:33:06,460] [INFO] - [ 4200/ 4200] | Cost: 0.6563357 | Accuracy: 0.6000000
