[2026-01-19 03:01:55,543] [INFO] - seed: 0
image_preprocessing: None
training:
  epochs: 1
  batch_size: 100
  image_width: 16
  lr: 0.05
model:
  num_layers: 3
dataset:
  num_classes: 2
  binary: true
  name: mnist
  image_width_sweep: 16,32
  orig_width: 28
embedding:
  name: NEQR
  pca: false
  supports_color: true

[2026-01-19 03:01:55,546] [INFO] - Using cuda.
[2026-01-19 03:01:56,629] [INFO] - Dataset: mnist | Train Size: 10346 | Validation Size: 2956 | Test Size: 1478
[2026-01-19 03:01:56,632] [INFO] - Initiate model
[2026-01-19 03:01:56,635] [INFO] - Weights Shape: torch.Size([3, 16, 3])
[2026-01-19 03:01:56,636] [INFO] - Bias Shape: torch.Size([2])
[2026-01-19 03:12:19,416] [INFO] - [  100/10346] | Cost: 0.6925558 | Accuracy: 0.5100000
[2026-01-19 03:23:11,337] [INFO] - [  200/10346] | Cost: 0.6900598 | Accuracy: 0.5200000
[2026-01-19 03:32:45,615] [INFO] - [  300/10346] | Cost: 0.6913610 | Accuracy: 0.4900000
[2026-01-19 03:43:23,637] [INFO] - [  400/10346] | Cost: 0.6848514 | Accuracy: 0.5300000
[2026-01-19 03:53:28,544] [INFO] - [  500/10346] | Cost: 0.6814540 | Accuracy: 0.5500000
[2026-01-19 04:04:23,851] [INFO] - [  600/10346] | Cost: 0.6836305 | Accuracy: 0.4100000
[2026-01-19 04:14:28,553] [INFO] - [  700/10346] | Cost: 0.6699499 | Accuracy: 0.9900000
[2026-01-19 04:25:04,451] [INFO] - [  800/10346] | Cost: 0.6636657 | Accuracy: 0.9500000
[2026-01-19 04:35:11,434] [INFO] - [  900/10346] | Cost: 0.6505743 | Accuracy: 0.9400000
[2026-01-19 04:45:44,416] [INFO] - [ 1000/10346] | Cost: 0.6467734 | Accuracy: 0.6400000
[2026-01-19 04:56:09,552] [INFO] - [ 1100/10346] | Cost: 0.6373454 | Accuracy: 0.5600000
[2026-01-19 05:06:33,717] [INFO] - [ 1200/10346] | Cost: 0.6209987 | Accuracy: 0.5700000
[2026-01-19 05:17:06,154] [INFO] - [ 1300/10346] | Cost: 0.6094948 | Accuracy: 0.5500000
[2026-01-19 05:27:27,816] [INFO] - [ 1400/10346] | Cost: 0.5763631 | Accuracy: 0.6500000
[2026-01-19 05:38:01,230] [INFO] - [ 1500/10346] | Cost: 0.5784079 | Accuracy: 0.6700000
[2026-01-19 05:48:14,324] [INFO] - [ 1600/10346] | Cost: 0.5287437 | Accuracy: 0.8400000
[2026-01-19 05:58:44,828] [INFO] - [ 1700/10346] | Cost: 0.5336965 | Accuracy: 0.8200000
[2026-01-19 06:08:56,839] [INFO] - [ 1800/10346] | Cost: 0.5344428 | Accuracy: 0.8100000
[2026-01-19 06:19:42,744] [INFO] - [ 1900/10346] | Cost: 0.5265453 | Accuracy: 0.8400000
[2026-01-19 06:30:12,135] [INFO] - [ 2000/10346] | Cost: 0.5149253 | Accuracy: 0.8700000
[2026-01-19 06:40:37,634] [INFO] - [ 2100/10346] | Cost: 0.5081887 | Accuracy: 0.9200000
[2026-01-19 06:51:03,542] [INFO] - [ 2200/10346] | Cost: 0.5022736 | Accuracy: 0.9900000
[2026-01-19 07:01:34,815] [INFO] - [ 2300/10346] | Cost: 0.5115933 | Accuracy: 0.9600000
[2026-01-19 07:12:02,741] [INFO] - [ 2400/10346] | Cost: 0.5037649 | Accuracy: 0.9700000
[2026-01-19 07:22:14,748] [INFO] - [ 2500/10346] | Cost: 0.5006803 | Accuracy: 0.9900000
[2026-01-19 07:32:11,852] [INFO] - [ 2600/10346] | Cost: 0.5008639 | Accuracy: 0.9800000
[2026-01-19 07:41:49,248] [INFO] - [ 2700/10346] | Cost: 0.4901304 | Accuracy: 0.9800000
[2026-01-19 07:51:38,254] [INFO] - [ 2800/10346] | Cost: 0.4950385 | Accuracy: 0.9800000
[2026-01-19 08:01:26,747] [INFO] - [ 2900/10346] | Cost: 0.4860048 | Accuracy: 0.9900000
[2026-01-19 08:10:49,754] [INFO] - [ 3000/10346] | Cost: 0.4829431 | Accuracy: 0.9900000
[2026-01-19 08:20:41,454] [INFO] - [ 3100/10346] | Cost: 0.4900712 | Accuracy: 0.9800000
[2026-01-19 08:29:52,717] [INFO] - [ 3200/10346] | Cost: 0.4840656 | Accuracy: 1.0000000
[2026-01-19 08:39:34,718] [INFO] - [ 3300/10346] | Cost: 0.4875874 | Accuracy: 0.9800000
[2026-01-19 08:49:18,344] [INFO] - [ 3400/10346] | Cost: 0.4974697 | Accuracy: 0.9300000
[2026-01-19 08:58:57,532] [INFO] - [ 3500/10346] | Cost: 0.4837454 | Accuracy: 1.0000000
