[2026-01-16 19:11:20,799] [INFO] - seed: 0
image_preprocessing: GaussianBlur
training:
  epochs: 1
  batch_size: 100
  image_width: 32
  lr: 0.05
model:
  num_layers: 3
dataset:
  num_classes: 2
  binary: true
  name: eurosat_ms
  image_width_sweep: '64'
  orig_width: 64
embedding:
  name: NEQR
  pca: false
  supports_color: true

[2026-01-16 19:11:20,804] [INFO] - Using cuda.
[2026-01-16 19:11:20,847] [INFO] - Dataset: eurosat_ms | Train Size: 4200 | Validation Size: 1200 | Test Size: 600
[2026-01-16 19:11:20,849] [INFO] - Initiate model
[2026-01-16 19:11:21,078] [INFO] - Weights Shape: torch.Size([3, 18, 3])
[2026-01-16 19:11:21,079] [INFO] - Bias Shape: torch.Size([2])
[2026-01-16 19:16:26,766] [INFO] - [  100/ 4200] | Cost: 0.6930504 | Accuracy: 0.5300000
[2026-01-16 19:21:56,792] [INFO] - [  200/ 4200] | Cost: 0.6875450 | Accuracy: 0.5700000
[2026-01-16 19:27:09,869] [INFO] - [  300/ 4200] | Cost: 0.7073827 | Accuracy: 0.4500000
[2026-01-16 19:32:33,803] [INFO] - [  400/ 4200] | Cost: 0.7040629 | Accuracy: 0.4700000
[2026-01-16 19:37:49,053] [INFO] - [  500/ 4200] | Cost: 0.6971057 | Accuracy: 0.4900000
[2026-01-16 19:43:03,411] [INFO] - [  600/ 4200] | Cost: 0.6889989 | Accuracy: 0.5500000
[2026-01-16 19:48:25,347] [INFO] - [  700/ 4200] | Cost: 0.6944672 | Accuracy: 0.5000000
[2026-01-16 19:53:47,211] [INFO] - [  800/ 4200] | Cost: 0.6952075 | Accuracy: 0.4600000
[2026-01-16 19:58:42,782] [INFO] - [  900/ 4200] | Cost: 0.6938357 | Accuracy: 0.5600000
[2026-01-16 20:03:43,286] [INFO] - [ 1000/ 4200] | Cost: 0.6911913 | Accuracy: 0.5500000
[2026-01-16 20:08:45,565] [INFO] - [ 1100/ 4200] | Cost: 0.6975291 | Accuracy: 0.4700000
[2026-01-16 20:13:45,599] [INFO] - [ 1200/ 4200] | Cost: 0.6982424 | Accuracy: 0.4800000
[2026-01-16 20:18:58,550] [INFO] - [ 1300/ 4200] | Cost: 0.7047075 | Accuracy: 0.4400000
[2026-01-16 20:23:54,992] [INFO] - [ 1400/ 4200] | Cost: 0.6891852 | Accuracy: 0.5400000
[2026-01-16 20:29:20,625] [INFO] - [ 1500/ 4200] | Cost: 0.7039405 | Accuracy: 0.4400000
[2026-01-16 20:34:20,431] [INFO] - [ 1600/ 4200] | Cost: 0.6853096 | Accuracy: 0.5800000
[2026-01-16 20:39:44,235] [INFO] - [ 1700/ 4200] | Cost: 0.6956639 | Accuracy: 0.4800000
[2026-01-16 20:44:59,090] [INFO] - [ 1800/ 4200] | Cost: 0.6948207 | Accuracy: 0.4800000
[2026-01-16 20:50:19,796] [INFO] - [ 1900/ 4200] | Cost: 0.6946628 | Accuracy: 0.4700000
[2026-01-16 20:55:44,421] [INFO] - [ 2000/ 4200] | Cost: 0.6913880 | Accuracy: 0.4600000
[2026-01-16 21:01:12,165] [INFO] - [ 2100/ 4200] | Cost: 0.6928992 | Accuracy: 0.5100000
[2026-01-16 21:06:30,333] [INFO] - [ 2200/ 4200] | Cost: 0.6914261 | Accuracy: 0.6700000
[2026-01-16 21:11:52,183] [INFO] - [ 2300/ 4200] | Cost: 0.6907327 | Accuracy: 0.6600000
[2026-01-16 21:17:08,326] [INFO] - [ 2400/ 4200] | Cost: 0.6912295 | Accuracy: 0.5400000
[2026-01-16 21:22:38,925] [INFO] - [ 2500/ 4200] | Cost: 0.6873796 | Accuracy: 0.5500000
[2026-01-16 21:27:46,667] [INFO] - [ 2600/ 4200] | Cost: 0.6892465 | Accuracy: 0.5600000
[2026-01-16 21:32:46,429] [INFO] - [ 2700/ 4200] | Cost: 0.6862908 | Accuracy: 0.5400000
[2026-01-16 21:37:50,990] [INFO] - [ 2800/ 4200] | Cost: 0.6777182 | Accuracy: 0.6200000
[2026-01-16 21:42:57,903] [INFO] - [ 2900/ 4200] | Cost: 0.6837810 | Accuracy: 0.5600000
[2026-01-16 21:48:01,392] [INFO] - [ 3000/ 4200] | Cost: 0.6941632 | Accuracy: 0.5100000
[2026-01-16 21:53:13,573] [INFO] - [ 3100/ 4200] | Cost: 0.7159927 | Accuracy: 0.4500000
[2026-01-16 21:58:51,604] [INFO] - [ 3200/ 4200] | Cost: 0.7270917 | Accuracy: 0.3900000
[2026-01-16 22:04:02,068] [INFO] - [ 3300/ 4200] | Cost: 0.6919133 | Accuracy: 0.5300000
[2026-01-16 22:09:40,514] [INFO] - [ 3400/ 4200] | Cost: 0.6944535 | Accuracy: 0.5000000
[2026-01-16 22:15:00,557] [INFO] - [ 3500/ 4200] | Cost: 0.6960669 | Accuracy: 0.4900000
[2026-01-16 22:20:37,848] [INFO] - [ 3600/ 4200] | Cost: 0.6828164 | Accuracy: 0.5500000
[2026-01-16 22:25:59,397] [INFO] - [ 3700/ 4200] | Cost: 0.7003270 | Accuracy: 0.4300000
[2026-01-16 22:31:34,610] [INFO] - [ 3800/ 4200] | Cost: 0.6883631 | Accuracy: 0.6500000
[2026-01-16 22:36:54,437] [INFO] - [ 3900/ 4200] | Cost: 0.6851961 | Accuracy: 0.6100000
[2026-01-16 22:42:34,773] [INFO] - [ 4000/ 4200] | Cost: 0.6856682 | Accuracy: 0.4700000
[2026-01-16 22:48:02,202] [INFO] - [ 4100/ 4200] | Cost: 0.6883486 | Accuracy: 0.5000000
[2026-01-16 22:53:34,730] [INFO] - [ 4200/ 4200] | Cost: 0.6771385 | Accuracy: 0.5500000
