[2026-01-17 18:15:17,149] [INFO] - seed: 0
image_preprocessing: HomomorphicFilter
training:
  epochs: 1
  batch_size: 100
  image_width: 32
  lr: 0.05
model:
  num_layers: 3
dataset:
  num_classes: 2
  binary: true
  name: cifar10
  image_width_sweep: '32'
  orig_width: 32
embedding:
  name: ZZFeatureMap
  pca: true
  supports_color: true

[2026-01-17 18:15:17,154] [INFO] - Using cuda.
[2026-01-17 18:15:18,659] [INFO] - Dataset: cifar10 | Train Size: 8400 | Validation Size: 2400 | Test Size: 1200
[2026-01-17 18:15:18,663] [INFO] - Applying PCA Loader to the dataset
[2026-01-17 18:15:25,309] [INFO] - Initiate model
[2026-01-17 18:15:25,394] [INFO] - Weights Shape: torch.Size([3, 6, 3])
[2026-01-17 18:15:25,395] [INFO] - Bias Shape: torch.Size([2])
[2026-01-17 18:16:18,992] [INFO] - [  100/ 8400] | Cost: 0.6867156 | Accuracy: 0.5400000
[2026-01-17 18:17:12,440] [INFO] - [  200/ 8400] | Cost: 0.6929713 | Accuracy: 0.5400000
[2026-01-17 18:18:05,968] [INFO] - [  300/ 8400] | Cost: 0.6768156 | Accuracy: 0.5900000
[2026-01-17 18:18:59,466] [INFO] - [  400/ 8400] | Cost: 0.6834395 | Accuracy: 0.4500000
[2026-01-17 18:19:52,966] [INFO] - [  500/ 8400] | Cost: 0.6572587 | Accuracy: 0.6900000
[2026-01-17 18:20:46,432] [INFO] - [  600/ 8400] | Cost: 0.6523619 | Accuracy: 0.6500000
[2026-01-17 18:21:39,724] [INFO] - [  700/ 8400] | Cost: 0.6489162 | Accuracy: 0.6100000
[2026-01-17 18:22:33,225] [INFO] - [  800/ 8400] | Cost: 0.6664061 | Accuracy: 0.5900000
[2026-01-17 18:23:26,666] [INFO] - [  900/ 8400] | Cost: 0.6335552 | Accuracy: 0.6900000
[2026-01-17 18:24:20,103] [INFO] - [ 1000/ 8400] | Cost: 0.5975104 | Accuracy: 0.7900000
[2026-01-17 18:25:13,623] [INFO] - [ 1100/ 8400] | Cost: 0.6160265 | Accuracy: 0.6800000
[2026-01-17 18:26:07,123] [INFO] - [ 1200/ 8400] | Cost: 0.6287954 | Accuracy: 0.6700000
[2026-01-17 18:27:00,413] [INFO] - [ 1300/ 8400] | Cost: 0.6262339 | Accuracy: 0.6500000
[2026-01-17 18:27:53,850] [INFO] - [ 1400/ 8400] | Cost: 0.6047963 | Accuracy: 0.7100000
[2026-01-17 18:28:47,313] [INFO] - [ 1500/ 8400] | Cost: 0.5982980 | Accuracy: 0.7400000
[2026-01-17 18:29:40,813] [INFO] - [ 1600/ 8400] | Cost: 0.6134083 | Accuracy: 0.7000000
[2026-01-17 18:30:34,344] [INFO] - [ 1700/ 8400] | Cost: 0.6013674 | Accuracy: 0.7000000
[2026-01-17 18:31:27,646] [INFO] - [ 1800/ 8400] | Cost: 0.6100744 | Accuracy: 0.6600000
[2026-01-17 18:32:21,102] [INFO] - [ 1900/ 8400] | Cost: 0.5872530 | Accuracy: 0.7200000
[2026-01-17 18:33:14,619] [INFO] - [ 2000/ 8400] | Cost: 0.6008269 | Accuracy: 0.6700000
[2026-01-17 18:34:08,161] [INFO] - [ 2100/ 8400] | Cost: 0.6045906 | Accuracy: 0.6900000
[2026-01-17 18:35:01,689] [INFO] - [ 2200/ 8400] | Cost: 0.6577588 | Accuracy: 0.6100000
[2026-01-17 18:35:55,148] [INFO] - [ 2300/ 8400] | Cost: 0.6311079 | Accuracy: 0.6300000
[2026-01-17 18:36:48,482] [INFO] - [ 2400/ 8400] | Cost: 0.6033977 | Accuracy: 0.6200000
[2026-01-17 18:37:41,945] [INFO] - [ 2500/ 8400] | Cost: 0.6743149 | Accuracy: 0.6000000
[2026-01-17 18:38:35,410] [INFO] - [ 2600/ 8400] | Cost: 0.5960048 | Accuracy: 0.6800000
[2026-01-17 18:39:28,927] [INFO] - [ 2700/ 8400] | Cost: 0.6141643 | Accuracy: 0.6300000
[2026-01-17 18:40:22,461] [INFO] - [ 2800/ 8400] | Cost: 0.5606036 | Accuracy: 0.7800000
[2026-01-17 18:41:15,939] [INFO] - [ 2900/ 8400] | Cost: 0.5555429 | Accuracy: 0.7400000
[2026-01-17 18:42:09,246] [INFO] - [ 3000/ 8400] | Cost: 0.5868534 | Accuracy: 0.7400000
[2026-01-17 18:43:02,721] [INFO] - [ 3100/ 8400] | Cost: 0.6181731 | Accuracy: 0.6800000
[2026-01-17 18:43:56,255] [INFO] - [ 3200/ 8400] | Cost: 0.6002939 | Accuracy: 0.6700000
[2026-01-17 18:44:49,738] [INFO] - [ 3300/ 8400] | Cost: 0.6303912 | Accuracy: 0.6300000
[2026-01-17 18:45:43,344] [INFO] - [ 3400/ 8400] | Cost: 0.6256841 | Accuracy: 0.6400000
[2026-01-17 18:46:36,657] [INFO] - [ 3500/ 8400] | Cost: 0.6408975 | Accuracy: 0.6600000
[2026-01-17 18:47:28,506] [INFO] - [ 3600/ 8400] | Cost: 0.6063340 | Accuracy: 0.6700000
[2026-01-17 18:48:14,326] [INFO] - [ 3700/ 8400] | Cost: 0.5801787 | Accuracy: 0.6600000
[2026-01-17 18:49:07,867] [INFO] - [ 3800/ 8400] | Cost: 0.5598958 | Accuracy: 0.7500000
[2026-01-17 18:50:01,448] [INFO] - [ 3900/ 8400] | Cost: 0.5790729 | Accuracy: 0.7500000
[2026-01-17 18:50:55,078] [INFO] - [ 4000/ 8400] | Cost: 0.5822769 | Accuracy: 0.6800000
[2026-01-17 18:51:48,463] [INFO] - [ 4100/ 8400] | Cost: 0.6229954 | Accuracy: 0.6100000
[2026-01-17 18:52:42,095] [INFO] - [ 4200/ 8400] | Cost: 0.5967851 | Accuracy: 0.6500000
[2026-01-17 18:53:35,696] [INFO] - [ 4300/ 8400] | Cost: 0.6502149 | Accuracy: 0.6200000
[2026-01-17 18:54:29,297] [INFO] - [ 4400/ 8400] | Cost: 0.6698680 | Accuracy: 0.5500000
[2026-01-17 18:55:22,877] [INFO] - [ 4500/ 8400] | Cost: 0.6267262 | Accuracy: 0.6600000
[2026-01-17 18:56:16,261] [INFO] - [ 4600/ 8400] | Cost: 0.6114538 | Accuracy: 0.6000000
[2026-01-17 18:57:09,834] [INFO] - [ 4700/ 8400] | Cost: 0.5964519 | Accuracy: 0.6800000
[2026-01-17 18:58:03,385] [INFO] - [ 4800/ 8400] | Cost: 0.5751619 | Accuracy: 0.7400000
[2026-01-17 18:58:52,626] [INFO] - [ 4900/ 8400] | Cost: 0.6141789 | Accuracy: 0.6800000
[2026-01-17 18:59:41,729] [INFO] - [ 5000/ 8400] | Cost: 0.5758628 | Accuracy: 0.7000000
[2026-01-17 19:00:35,274] [INFO] - [ 5100/ 8400] | Cost: 0.5871470 | Accuracy: 0.7100000
[2026-01-17 19:01:29,046] [INFO] - [ 5200/ 8400] | Cost: 0.5531968 | Accuracy: 0.7800000
[2026-01-17 19:02:22,374] [INFO] - [ 5300/ 8400] | Cost: 0.6025566 | Accuracy: 0.7000000
[2026-01-17 19:03:16,105] [INFO] - [ 5400/ 8400] | Cost: 0.5456530 | Accuracy: 0.7900000
[2026-01-17 19:04:09,198] [INFO] - [ 5500/ 8400] | Cost: 0.6602554 | Accuracy: 0.6100000
[2026-01-17 19:04:56,473] [INFO] - [ 5600/ 8400] | Cost: 0.5813977 | Accuracy: 0.7300000
[2026-01-17 19:05:50,035] [INFO] - [ 5700/ 8400] | Cost: 0.5860932 | Accuracy: 0.7200000
[2026-01-17 19:06:43,749] [INFO] - [ 5800/ 8400] | Cost: 0.5950884 | Accuracy: 0.6600000
[2026-01-17 19:07:37,070] [INFO] - [ 5900/ 8400] | Cost: 0.5852339 | Accuracy: 0.6900000
[2026-01-17 19:08:30,819] [INFO] - [ 6000/ 8400] | Cost: 0.5733764 | Accuracy: 0.7400000
[2026-01-17 19:09:24,678] [INFO] - [ 6100/ 8400] | Cost: 0.6166325 | Accuracy: 0.6500000
[2026-01-17 19:10:18,360] [INFO] - [ 6200/ 8400] | Cost: 0.5969658 | Accuracy: 0.7000000
[2026-01-17 19:11:11,970] [INFO] - [ 6300/ 8400] | Cost: 0.6300147 | Accuracy: 0.6100000
[2026-01-17 19:12:05,283] [INFO] - [ 6400/ 8400] | Cost: 0.5807071 | Accuracy: 0.7500000
[2026-01-17 19:12:58,765] [INFO] - [ 6500/ 8400] | Cost: 0.5795399 | Accuracy: 0.7400000
[2026-01-17 19:13:52,268] [INFO] - [ 6600/ 8400] | Cost: 0.6051676 | Accuracy: 0.7100000
[2026-01-17 19:14:45,746] [INFO] - [ 6700/ 8400] | Cost: 0.5539553 | Accuracy: 0.6900000
[2026-01-17 19:15:36,406] [INFO] - [ 6800/ 8400] | Cost: 0.6090217 | Accuracy: 0.6800000
[2026-01-17 19:16:18,896] [INFO] - [ 6900/ 8400] | Cost: 0.5950297 | Accuracy: 0.7200000
[2026-01-17 19:17:01,139] [INFO] - [ 7000/ 8400] | Cost: 0.6070129 | Accuracy: 0.6900000
[2026-01-17 19:17:43,657] [INFO] - [ 7100/ 8400] | Cost: 0.5724986 | Accuracy: 0.7400000
[2026-01-17 19:18:30,044] [INFO] - [ 7200/ 8400] | Cost: 0.5440586 | Accuracy: 0.8000000
[2026-01-17 19:19:23,496] [INFO] - [ 7300/ 8400] | Cost: 0.6438411 | Accuracy: 0.6200000
[2026-01-17 19:20:15,560] [INFO] - [ 7400/ 8400] | Cost: 0.5977370 | Accuracy: 0.6700000
[2026-01-17 19:20:57,795] [INFO] - [ 7500/ 8400] | Cost: 0.5500243 | Accuracy: 0.8000000
[2026-01-17 19:21:40,349] [INFO] - [ 7600/ 8400] | Cost: 0.5833100 | Accuracy: 0.7000000
