[2026-01-17 19:04:23,863] [INFO] - seed: 0
image_preprocessing: HomomorphicFilter
training:
  epochs: 1
  batch_size: 100
  image_width: 32
  lr: 0.05
model:
  num_layers: 3
dataset:
  num_classes: 2
  binary: true
  name: stl10
  image_width_sweep: 2,4,8,16,32,64
  orig_width: 96
embedding:
  name: RMP
  pca: true
  supports_color: true

[2026-01-17 19:04:23,868] [INFO] - Using cuda.
[2026-01-17 19:04:34,272] [INFO] - Dataset: stl10 | Train Size: 1819 | Validation Size: 521 | Test Size: 260
[2026-01-17 19:04:34,280] [INFO] - Applying PCA Loader to the dataset
[2026-01-17 19:04:37,377] [INFO] - Initiate model
[2026-01-17 19:04:37,784] [INFO] - Weights Shape: torch.Size([3, 6, 3])
[2026-01-17 19:04:37,785] [INFO] - Bias Shape: torch.Size([2])
[2026-01-17 19:05:31,239] [INFO] - [  100/ 1819] | Cost: 0.7112691 | Accuracy: 0.4500000
[2026-01-17 19:06:24,664] [INFO] - [  200/ 1819] | Cost: 0.6915807 | Accuracy: 0.5200000
[2026-01-17 19:07:18,088] [INFO] - [  300/ 1819] | Cost: 0.6908550 | Accuracy: 0.5100000
[2026-01-17 19:08:11,546] [INFO] - [  400/ 1819] | Cost: 0.6924101 | Accuracy: 0.5100000
[2026-01-17 19:09:05,122] [INFO] - [  500/ 1819] | Cost: 0.6976113 | Accuracy: 0.4900000
[2026-01-17 19:09:58,337] [INFO] - [  600/ 1819] | Cost: 0.6944013 | Accuracy: 0.4800000
[2026-01-17 19:10:51,886] [INFO] - [  700/ 1819] | Cost: 0.6914383 | Accuracy: 0.4800000
[2026-01-17 19:11:45,479] [INFO] - [  800/ 1819] | Cost: 0.6917851 | Accuracy: 0.4800000
[2026-01-17 19:12:38,929] [INFO] - [  900/ 1819] | Cost: 0.6887413 | Accuracy: 0.5200000
[2026-01-17 19:13:32,110] [INFO] - [ 1000/ 1819] | Cost: 0.6988344 | Accuracy: 0.4700000
[2026-01-17 19:14:25,575] [INFO] - [ 1100/ 1819] | Cost: 0.6803992 | Accuracy: 0.5900000
[2026-01-17 19:15:18,851] [INFO] - [ 1200/ 1819] | Cost: 0.6897473 | Accuracy: 0.5200000
[2026-01-17 19:16:02,734] [INFO] - [ 1300/ 1819] | Cost: 0.6794417 | Accuracy: 0.5900000
[2026-01-17 19:16:44,937] [INFO] - [ 1400/ 1819] | Cost: 0.6966330 | Accuracy: 0.4800000
[2026-01-17 19:17:27,426] [INFO] - [ 1500/ 1819] | Cost: 0.6932967 | Accuracy: 0.5100000
[2026-01-17 19:18:10,003] [INFO] - [ 1600/ 1819] | Cost: 0.6907728 | Accuracy: 0.5100000
[2026-01-17 19:19:03,458] [INFO] - [ 1700/ 1819] | Cost: 0.6954715 | Accuracy: 0.4500000
[2026-01-17 19:19:56,804] [INFO] - [ 1800/ 1819] | Cost: 0.6900648 | Accuracy: 0.5800000
[2026-01-17 19:20:06,555] [INFO] - [ 1900/ 1819] | Cost: 0.6764701 | Accuracy: 0.6842105
[2026-01-17 19:20:15,359] [INFO] - Model dict saved to /workspace/persistent/embedding_colosseum/multirun/2026-01-17/16-03-43/107/saved_models/model_epoch-0.pt
[2026-01-17 19:20:15,361] [INFO] - Validation for epoch   0 | Cost: 0.6918154 | Accuracy: 0.5064286
