[2026-01-17 17:36:50,088] [INFO] - seed: 0
image_preprocessing: MedianBlur
training:
  epochs: 1
  batch_size: 100
  image_width: 32
  lr: 0.05
model:
  num_layers: 3
dataset:
  num_classes: 2
  binary: true
  name: eurosat_rgb
  image_width_sweep: '64'
  orig_width: 64
embedding:
  name: RMP
  pca: true
  supports_color: true

[2026-01-17 17:36:50,090] [INFO] - Using cuda.
[2026-01-17 17:36:50,140] [INFO] - Dataset: eurosat_rgb | Train Size: 4200 | Validation Size: 1200 | Test Size: 600
[2026-01-17 17:36:50,142] [INFO] - Applying PCA Loader to the dataset
[2026-01-17 17:36:54,057] [INFO] - Initiate model
[2026-01-17 17:36:54,060] [INFO] - Weights Shape: torch.Size([3, 6, 3])
[2026-01-17 17:36:54,060] [INFO] - Bias Shape: torch.Size([2])
[2026-01-17 17:37:35,742] [INFO] - [  100/ 4200] | Cost: 0.6910617 | Accuracy: 0.5100000
[2026-01-17 17:38:26,754] [INFO] - [  200/ 4200] | Cost: 0.6795260 | Accuracy: 0.6700000
[2026-01-17 17:39:20,145] [INFO] - [  300/ 4200] | Cost: 0.6719360 | Accuracy: 0.5700000
[2026-01-17 17:40:13,485] [INFO] - [  400/ 4200] | Cost: 0.6791730 | Accuracy: 0.4800000
[2026-01-17 17:41:06,830] [INFO] - [  500/ 4200] | Cost: 0.6505057 | Accuracy: 0.5800000
[2026-01-17 17:42:00,037] [INFO] - [  600/ 4200] | Cost: 0.6558182 | Accuracy: 0.5500000
[2026-01-17 17:42:53,437] [INFO] - [  700/ 4200] | Cost: 0.6627167 | Accuracy: 0.5100000
[2026-01-17 17:43:46,821] [INFO] - [  800/ 4200] | Cost: 0.6777927 | Accuracy: 0.4200000
[2026-01-17 17:44:40,169] [INFO] - [  900/ 4200] | Cost: 0.6533978 | Accuracy: 0.6100000
[2026-01-17 17:45:33,382] [INFO] - [ 1000/ 4200] | Cost: 0.6534624 | Accuracy: 0.8200000
[2026-01-17 17:46:26,805] [INFO] - [ 1100/ 4200] | Cost: 0.6464928 | Accuracy: 0.9800000
[2026-01-17 17:47:20,254] [INFO] - [ 1200/ 4200] | Cost: 0.6474525 | Accuracy: 0.6800000
[2026-01-17 17:48:13,637] [INFO] - [ 1300/ 4200] | Cost: 0.6455274 | Accuracy: 0.5200000
[2026-01-17 17:49:06,885] [INFO] - [ 1400/ 4200] | Cost: 0.6534352 | Accuracy: 0.4900000
[2026-01-17 17:50:00,276] [INFO] - [ 1500/ 4200] | Cost: 0.6448013 | Accuracy: 0.6000000
[2026-01-17 17:50:53,696] [INFO] - [ 1600/ 4200] | Cost: 0.6367510 | Accuracy: 0.9300000
[2026-01-17 17:51:47,152] [INFO] - [ 1700/ 4200] | Cost: 0.6339976 | Accuracy: 0.8900000
[2026-01-17 17:52:40,566] [INFO] - [ 1800/ 4200] | Cost: 0.6145256 | Accuracy: 0.8300000
[2026-01-17 17:53:33,791] [INFO] - [ 1900/ 4200] | Cost: 0.6158090 | Accuracy: 0.6700000
[2026-01-17 17:54:27,233] [INFO] - [ 2000/ 4200] | Cost: 0.6395819 | Accuracy: 0.4700000
[2026-01-17 17:55:21,023] [INFO] - [ 2100/ 4200] | Cost: 0.6296254 | Accuracy: 0.5200000
[2026-01-17 17:56:14,782] [INFO] - [ 2200/ 4200] | Cost: 0.6295989 | Accuracy: 0.5600000
[2026-01-17 17:57:07,983] [INFO] - [ 2300/ 4200] | Cost: 0.5915791 | Accuracy: 0.7800000
[2026-01-17 17:58:01,415] [INFO] - [ 2400/ 4200] | Cost: 0.5883600 | Accuracy: 0.8500000
[2026-01-17 17:58:54,771] [INFO] - [ 2500/ 4200] | Cost: 0.6074471 | Accuracy: 0.8400000
[2026-01-17 17:59:48,148] [INFO] - [ 2600/ 4200] | Cost: 0.5890490 | Accuracy: 0.9500000
[2026-01-17 18:00:41,380] [INFO] - [ 2700/ 4200] | Cost: 0.5896919 | Accuracy: 0.9500000
[2026-01-17 18:01:34,869] [INFO] - [ 2800/ 4200] | Cost: 0.5924383 | Accuracy: 0.9700000
[2026-01-17 18:02:28,249] [INFO] - [ 2900/ 4200] | Cost: 0.5910453 | Accuracy: 0.9400000
[2026-01-17 18:03:21,508] [INFO] - [ 3000/ 4200] | Cost: 0.5781253 | Accuracy: 1.0000000
[2026-01-17 18:04:14,957] [INFO] - [ 3100/ 4200] | Cost: 0.5711082 | Accuracy: 0.9800000
[2026-01-17 18:05:08,380] [INFO] - [ 3200/ 4200] | Cost: 0.5780505 | Accuracy: 1.0000000
[2026-01-17 18:06:01,805] [INFO] - [ 3300/ 4200] | Cost: 0.5843694 | Accuracy: 0.9600000
[2026-01-17 18:06:55,036] [INFO] - [ 3400/ 4200] | Cost: 0.5833572 | Accuracy: 0.9900000
[2026-01-17 18:07:48,445] [INFO] - [ 3500/ 4200] | Cost: 0.5730534 | Accuracy: 1.0000000
[2026-01-17 18:08:41,886] [INFO] - [ 3600/ 4200] | Cost: 0.5795071 | Accuracy: 0.9700000
[2026-01-17 18:09:34,565] [INFO] - [ 3700/ 4200] | Cost: 0.5724768 | Accuracy: 0.9800000
[2026-01-17 18:10:21,326] [INFO] - [ 3800/ 4200] | Cost: 0.5874513 | Accuracy: 0.9400000
[2026-01-17 18:11:14,555] [INFO] - [ 3900/ 4200] | Cost: 0.5738502 | Accuracy: 0.9600000
[2026-01-17 18:12:07,948] [INFO] - [ 4000/ 4200] | Cost: 0.5638319 | Accuracy: 0.9000000
[2026-01-17 18:13:01,268] [INFO] - [ 4100/ 4200] | Cost: 0.5831133 | Accuracy: 0.8400000
[2026-01-17 18:13:54,368] [INFO] - [ 4200/ 4200] | Cost: 0.5800637 | Accuracy: 0.7700000
[2026-01-17 18:14:12,845] [INFO] - Model dict saved to /workspace/persistent/embedding_colosseum/multirun/2026-01-17/16-03-43/47/saved_models/model_epoch-0.pt
[2026-01-17 18:14:12,846] [INFO] - Validation for epoch   0 | Cost: 0.5787918 | Accuracy: 0.7658333
