[2026-01-18 04:56:58,092] [INFO] - seed: 1
image_preprocessing: GaussianBlur
training:
  epochs: 1
  batch_size: 100
  image_width: 32
  lr: 0.05
model:
  num_layers: 3
dataset:
  num_classes: 2
  binary: true
  name: stl10
  image_width_sweep: 2,4,8,16,32,64
  orig_width: 96
embedding:
  name: ZZFeatureMap
  pca: true
  supports_color: true

[2026-01-18 04:56:58,094] [INFO] - Using cuda.
[2026-01-18 04:57:09,129] [INFO] - Dataset: stl10 | Train Size: 1819 | Validation Size: 521 | Test Size: 260
[2026-01-18 04:57:09,132] [INFO] - Applying PCA Loader to the dataset
[2026-01-18 04:57:11,829] [INFO] - Initiate model
[2026-01-18 04:57:11,832] [INFO] - Weights Shape: torch.Size([3, 6, 3])
[2026-01-18 04:57:11,833] [INFO] - Bias Shape: torch.Size([2])
[2026-01-18 04:57:47,000] [INFO] - [  100/ 1819] | Cost: 0.7628343 | Accuracy: 0.4000000
[2026-01-18 04:58:21,912] [INFO] - [  200/ 1819] | Cost: 0.7035617 | Accuracy: 0.4800000
[2026-01-18 04:58:57,040] [INFO] - [  300/ 1819] | Cost: 0.6932678 | Accuracy: 0.5300000
[2026-01-18 04:59:32,200] [INFO] - [  400/ 1819] | Cost: 0.6996399 | Accuracy: 0.5000000
[2026-01-18 05:00:07,300] [INFO] - [  500/ 1819] | Cost: 0.6547475 | Accuracy: 0.5800000
[2026-01-18 05:00:42,454] [INFO] - [  600/ 1819] | Cost: 0.6892975 | Accuracy: 0.5000000
[2026-01-18 05:01:17,406] [INFO] - [  700/ 1819] | Cost: 0.6444647 | Accuracy: 0.6100000
[2026-01-18 05:01:52,532] [INFO] - [  800/ 1819] | Cost: 0.6814963 | Accuracy: 0.4700000
[2026-01-18 05:02:27,665] [INFO] - [  900/ 1819] | Cost: 0.6641251 | Accuracy: 0.5900000
[2026-01-18 05:03:02,907] [INFO] - [ 1000/ 1819] | Cost: 0.6412229 | Accuracy: 0.7400000
[2026-01-18 05:03:38,058] [INFO] - [ 1100/ 1819] | Cost: 0.6682578 | Accuracy: 0.6300000
[2026-01-18 05:04:13,047] [INFO] - [ 1200/ 1819] | Cost: 0.6291221 | Accuracy: 0.7300000
[2026-01-18 05:04:48,219] [INFO] - [ 1300/ 1819] | Cost: 0.6270168 | Accuracy: 0.6700000
[2026-01-18 05:05:23,415] [INFO] - [ 1400/ 1819] | Cost: 0.6544715 | Accuracy: 0.6000000
[2026-01-18 05:05:58,618] [INFO] - [ 1500/ 1819] | Cost: 0.6656903 | Accuracy: 0.5900000
[2026-01-18 05:06:33,736] [INFO] - [ 1600/ 1819] | Cost: 0.6217105 | Accuracy: 0.7100000
[2026-01-18 05:07:08,856] [INFO] - [ 1700/ 1819] | Cost: 0.6302705 | Accuracy: 0.7000000
[2026-01-18 05:07:44,031] [INFO] - [ 1800/ 1819] | Cost: 0.6390404 | Accuracy: 0.7000000
[2026-01-18 05:07:50,581] [INFO] - [ 1900/ 1819] | Cost: 0.6101676 | Accuracy: 0.7368421
[2026-01-18 05:07:58,160] [INFO] - Model dict saved to /workspace/persistent/embedding_colosseum/multirun/2026-01-18/02-06-25/93/saved_models/model_epoch-0.pt
[2026-01-18 05:07:58,161] [INFO] - Validation for epoch   0 | Cost: 0.6328362 | Accuracy: 0.6907143
