[2026-01-17 07:04:13,310] [INFO] - seed: 0
image_preprocessing: ContrastScaling
training:
  epochs: 1
  batch_size: 100
  image_width: 16
  lr: 0.05
model:
  num_layers: 3
dataset:
  num_classes: 2
  binary: true
  name: cxr8
  image_width_sweep: 2,4,8,16,32,64
  orig_width: 1024
embedding:
  name: NAQSS
  pca: false
  supports_color: false

[2026-01-17 07:04:13,313] [INFO] - Using cuda.
[2026-01-17 07:04:13,450] [INFO] - Dataset: cxr8 | Train Size: 2270 | Validation Size: 650 | Test Size: 324
[2026-01-17 07:04:13,453] [INFO] - Initiate model
[2026-01-17 07:04:13,455] [INFO] - Weights Shape: torch.Size([3, 17, 3])
[2026-01-17 07:04:13,456] [INFO] - Bias Shape: torch.Size([2])
[2026-01-17 07:07:09,628] [INFO] - [  100/ 2270] | Cost: 0.6930788 | Accuracy: 0.5000000
[2026-01-17 07:09:35,903] [INFO] - [  200/ 2270] | Cost: 0.6597206 | Accuracy: 0.8400000
[2026-01-17 07:12:00,225] [INFO] - [  300/ 2270] | Cost: 0.6277252 | Accuracy: 0.8500000
[2026-01-17 07:14:10,999] [INFO] - [  400/ 2270] | Cost: 0.6075403 | Accuracy: 0.8200000
[2026-01-17 07:17:09,266] [INFO] - [  500/ 2270] | Cost: 0.5525276 | Accuracy: 0.9000000
[2026-01-17 07:19:24,828] [INFO] - [  600/ 2270] | Cost: 0.5289252 | Accuracy: 0.8900000
[2026-01-17 07:22:26,856] [INFO] - [  700/ 2270] | Cost: 0.5389937 | Accuracy: 0.8300000
[2026-01-17 07:24:40,480] [INFO] - [  800/ 2270] | Cost: 0.5143902 | Accuracy: 0.8400000
[2026-01-17 07:27:46,465] [INFO] - [  900/ 2270] | Cost: 0.4833738 | Accuracy: 0.8600000
[2026-01-17 07:30:24,397] [INFO] - [ 1000/ 2270] | Cost: 0.4935879 | Accuracy: 0.8300000
[2026-01-17 07:33:09,265] [INFO] - [ 1100/ 2270] | Cost: 0.4457690 | Accuracy: 0.8700000
[2026-01-17 07:35:09,189] [INFO] - [ 1200/ 2270] | Cost: 0.4750042 | Accuracy: 0.8300000
[2026-01-17 07:37:53,032] [INFO] - [ 1300/ 2270] | Cost: 0.4467096 | Accuracy: 0.8500000
[2026-01-17 07:40:44,152] [INFO] - [ 1400/ 2270] | Cost: 0.5398526 | Accuracy: 0.7700000
[2026-01-17 07:43:09,583] [INFO] - [ 1500/ 2270] | Cost: 0.4495537 | Accuracy: 0.8400000
[2026-01-17 07:45:37,095] [INFO] - [ 1600/ 2270] | Cost: 0.4624145 | Accuracy: 0.8300000
[2026-01-17 07:48:14,108] [INFO] - [ 1700/ 2270] | Cost: 0.2844393 | Accuracy: 0.9500000
[2026-01-17 07:51:05,401] [INFO] - [ 1800/ 2270] | Cost: 0.2875406 | Accuracy: 0.9400000
[2026-01-17 07:53:31,910] [INFO] - [ 1900/ 2270] | Cost: 0.4080163 | Accuracy: 0.8600000
[2026-01-17 07:56:03,105] [INFO] - [ 2000/ 2270] | Cost: 0.4555140 | Accuracy: 0.8300000
[2026-01-17 07:58:35,639] [INFO] - [ 2100/ 2270] | Cost: 0.4734973 | Accuracy: 0.8200000
[2026-01-17 08:01:25,795] [INFO] - [ 2200/ 2270] | Cost: 0.3698363 | Accuracy: 0.8800000
[2026-01-17 08:03:14,170] [INFO] - [ 2300/ 2270] | Cost: 0.3828121 | Accuracy: 0.8714286
