[2026-01-18 23:04:08,965] [INFO] - seed: 0
image_preprocessing: GaussianBlur
training:
  epochs: 1
  batch_size: 100
  image_width: 16
  lr: 0.05
model:
  num_layers: 3
dataset:
  num_classes: 2
  binary: true
  name: cxr8
  image_width_sweep: 2,4,8,16,32
  orig_width: 1024
embedding:
  name: NEQR
  pca: false
  supports_color: true

[2026-01-18 23:04:08,969] [INFO] - Using cuda.
[2026-01-18 23:04:09,139] [INFO] - Dataset: cxr8 | Train Size: 2270 | Validation Size: 650 | Test Size: 324
[2026-01-18 23:04:09,141] [INFO] - Initiate model
[2026-01-18 23:04:10,678] [INFO] - Weights Shape: torch.Size([3, 16, 3])
[2026-01-18 23:04:10,679] [INFO] - Bias Shape: torch.Size([2])
[2026-01-18 23:09:05,116] [INFO] - [  100/ 2270] | Cost: 0.6928003 | Accuracy: 0.5700000
[2026-01-18 23:13:44,955] [INFO] - [  200/ 2270] | Cost: 0.6603476 | Accuracy: 0.8400000
[2026-01-18 23:22:21,140] [INFO] - [  300/ 2270] | Cost: 0.6285341 | Accuracy: 0.8500000
[2026-01-18 23:33:45,444] [INFO] - [  400/ 2270] | Cost: 0.6087846 | Accuracy: 0.8200000
[2026-01-18 23:44:40,519] [INFO] - [  500/ 2270] | Cost: 0.5534390 | Accuracy: 0.9000000
[2026-01-18 23:56:05,816] [INFO] - [  600/ 2270] | Cost: 0.5295950 | Accuracy: 0.8900000
[2026-01-19 00:07:19,828] [INFO] - [  700/ 2270] | Cost: 0.5403275 | Accuracy: 0.8300000
[2026-01-19 00:18:37,652] [INFO] - [  800/ 2270] | Cost: 0.5163003 | Accuracy: 0.8400000
[2026-01-19 00:29:41,647] [INFO] - [  900/ 2270] | Cost: 0.4856086 | Accuracy: 0.8600000
[2026-01-19 00:40:27,715] [INFO] - [ 1000/ 2270] | Cost: 0.4969152 | Accuracy: 0.8300000
[2026-01-19 00:51:34,744] [INFO] - [ 1100/ 2270] | Cost: 0.4481753 | Accuracy: 0.8700000
[2026-01-19 01:02:48,540] [INFO] - [ 1200/ 2270] | Cost: 0.4790044 | Accuracy: 0.8300000
[2026-01-19 01:14:13,443] [INFO] - [ 1300/ 2270] | Cost: 0.4484949 | Accuracy: 0.8500000
[2026-01-19 01:25:40,538] [INFO] - [ 1400/ 2270] | Cost: 0.5391632 | Accuracy: 0.7700000
[2026-01-19 01:36:09,149] [INFO] - [ 1500/ 2270] | Cost: 0.4498894 | Accuracy: 0.8400000
[2026-01-19 01:47:36,715] [INFO] - [ 1600/ 2270] | Cost: 0.4595679 | Accuracy: 0.8300000
[2026-01-19 01:57:58,137] [INFO] - [ 1700/ 2270] | Cost: 0.2884355 | Accuracy: 0.9500000
[2026-01-19 02:09:39,029] [INFO] - [ 1800/ 2270] | Cost: 0.2936240 | Accuracy: 0.9400000
[2026-01-19 02:20:43,657] [INFO] - [ 1900/ 2270] | Cost: 0.4093166 | Accuracy: 0.8600000
[2026-01-19 02:32:01,240] [INFO] - [ 2000/ 2270] | Cost: 0.4557486 | Accuracy: 0.8300000
[2026-01-19 02:43:03,948] [INFO] - [ 2100/ 2270] | Cost: 0.4731606 | Accuracy: 0.8200000
[2026-01-19 02:53:54,633] [INFO] - [ 2200/ 2270] | Cost: 0.3713244 | Accuracy: 0.8800000
[2026-01-19 03:01:47,133] [INFO] - [ 2300/ 2270] | Cost: 0.3851783 | Accuracy: 0.8714286
