[2026-01-17 05:13:57,936] [INFO] - seed: 0
image_preprocessing: BilateralFilter
training:
  epochs: 1
  batch_size: 100
  image_width: 32
  lr: 0.05
model:
  num_layers: 3
dataset:
  num_classes: 2
  binary: true
  name: stl10
  image_width_sweep: 2,4,8,16,32,64
  orig_width: 96
embedding:
  name: NEQR
  pca: false
  supports_color: true

[2026-01-17 05:13:57,939] [INFO] - Using cuda.
[2026-01-17 05:14:09,147] [INFO] - Dataset: stl10 | Train Size: 1819 | Validation Size: 521 | Test Size: 260
[2026-01-17 05:14:09,150] [INFO] - Initiate model
[2026-01-17 05:14:09,152] [INFO] - Weights Shape: torch.Size([3, 18, 3])
[2026-01-17 05:14:09,153] [INFO] - Bias Shape: torch.Size([2])
[2026-01-17 05:19:14,528] [INFO] - [  100/ 1819] | Cost: 0.6930707 | Accuracy: 0.4700000
[2026-01-17 05:24:13,232] [INFO] - [  200/ 1819] | Cost: 0.6955183 | Accuracy: 0.4900000
[2026-01-17 05:29:14,315] [INFO] - [  300/ 1819] | Cost: 0.6926332 | Accuracy: 0.5200000
[2026-01-17 05:34:48,578] [INFO] - [  400/ 1819] | Cost: 0.6905575 | Accuracy: 0.5600000
[2026-01-17 05:40:26,507] [INFO] - [  500/ 1819] | Cost: 0.6992671 | Accuracy: 0.4400000
[2026-01-17 05:45:48,991] [INFO] - [  600/ 1819] | Cost: 0.6939357 | Accuracy: 0.4900000
[2026-01-17 05:51:00,368] [INFO] - [  700/ 1819] | Cost: 0.6917458 | Accuracy: 0.5700000
[2026-01-17 05:56:12,176] [INFO] - [  800/ 1819] | Cost: 0.6950383 | Accuracy: 0.4300000
[2026-01-17 06:01:32,141] [INFO] - [  900/ 1819] | Cost: 0.6934788 | Accuracy: 0.3500000
[2026-01-17 06:06:06,676] [INFO] - [ 1000/ 1819] | Cost: 0.6934279 | Accuracy: 0.4800000
[2026-01-17 06:10:54,542] [INFO] - [ 1100/ 1819] | Cost: 0.6941322 | Accuracy: 0.4700000
[2026-01-17 06:16:04,558] [INFO] - [ 1200/ 1819] | Cost: 0.6924223 | Accuracy: 0.5300000
[2026-01-17 06:21:28,001] [INFO] - [ 1300/ 1819] | Cost: 0.6941589 | Accuracy: 0.4600000
[2026-01-17 06:26:47,058] [INFO] - [ 1400/ 1819] | Cost: 0.6941555 | Accuracy: 0.4400000
[2026-01-17 06:32:06,078] [INFO] - [ 1500/ 1819] | Cost: 0.6935458 | Accuracy: 0.4500000
[2026-01-17 06:37:21,353] [INFO] - [ 1600/ 1819] | Cost: 0.6921332 | Accuracy: 0.5500000
[2026-01-17 06:42:54,635] [INFO] - [ 1700/ 1819] | Cost: 0.6961001 | Accuracy: 0.4300000
[2026-01-17 06:48:36,440] [INFO] - [ 1800/ 1819] | Cost: 0.6933502 | Accuracy: 0.5000000
[2026-01-17 06:49:33,979] [INFO] - [ 1900/ 1819] | Cost: 0.6916113 | Accuracy: 0.5789474
