[2026-01-17 18:15:15,878] [INFO] - seed: 0
image_preprocessing: BilateralFilter
training:
  epochs: 1
  batch_size: 100
  image_width: 32
  lr: 0.05
model:
  num_layers: 3
dataset:
  num_classes: 2
  binary: true
  name: cifar10
  image_width_sweep: '32'
  orig_width: 32
embedding:
  name: RMP
  pca: true
  supports_color: true

[2026-01-17 18:15:15,883] [INFO] - Using cuda.
[2026-01-17 18:15:17,316] [INFO] - Dataset: cifar10 | Train Size: 8400 | Validation Size: 2400 | Test Size: 1200
[2026-01-17 18:15:17,319] [INFO] - Applying PCA Loader to the dataset
[2026-01-17 18:15:22,208] [INFO] - Initiate model
[2026-01-17 18:15:22,287] [INFO] - Weights Shape: torch.Size([3, 6, 3])
[2026-01-17 18:15:22,289] [INFO] - Bias Shape: torch.Size([2])
[2026-01-17 18:16:15,563] [INFO] - [  100/ 8400] | Cost: 0.6980165 | Accuracy: 0.5100000
[2026-01-17 18:17:09,038] [INFO] - [  200/ 8400] | Cost: 0.6895526 | Accuracy: 0.5900000
[2026-01-17 18:18:02,496] [INFO] - [  300/ 8400] | Cost: 0.6907133 | Accuracy: 0.5300000
[2026-01-17 18:18:55,971] [INFO] - [  400/ 8400] | Cost: 0.6940467 | Accuracy: 0.4900000
[2026-01-17 18:19:49,223] [INFO] - [  500/ 8400] | Cost: 0.6930321 | Accuracy: 0.4600000
[2026-01-17 18:20:42,690] [INFO] - [  600/ 8400] | Cost: 0.6897181 | Accuracy: 0.5100000
[2026-01-17 18:21:36,176] [INFO] - [  700/ 8400] | Cost: 0.6984468 | Accuracy: 0.3700000
[2026-01-17 18:22:29,673] [INFO] - [  800/ 8400] | Cost: 0.6938478 | Accuracy: 0.4800000
[2026-01-17 18:23:23,458] [INFO] - [  900/ 8400] | Cost: 0.6882836 | Accuracy: 0.6300000
[2026-01-17 18:24:16,705] [INFO] - [ 1000/ 8400] | Cost: 0.6877795 | Accuracy: 0.7100000
[2026-01-17 18:25:10,431] [INFO] - [ 1100/ 8400] | Cost: 0.6878092 | Accuracy: 0.6600000
[2026-01-17 18:26:03,952] [INFO] - [ 1200/ 8400] | Cost: 0.6870520 | Accuracy: 0.7100000
[2026-01-17 18:26:57,496] [INFO] - [ 1300/ 8400] | Cost: 0.6907141 | Accuracy: 0.5200000
[2026-01-17 18:27:50,690] [INFO] - [ 1400/ 8400] | Cost: 0.6865749 | Accuracy: 0.5800000
[2026-01-17 18:28:44,107] [INFO] - [ 1500/ 8400] | Cost: 0.6845551 | Accuracy: 0.5400000
[2026-01-17 18:29:37,559] [INFO] - [ 1600/ 8400] | Cost: 0.6849733 | Accuracy: 0.5400000
[2026-01-17 18:30:31,064] [INFO] - [ 1700/ 8400] | Cost: 0.6859196 | Accuracy: 0.5200000
[2026-01-17 18:31:24,291] [INFO] - [ 1800/ 8400] | Cost: 0.6845497 | Accuracy: 0.5400000
[2026-01-17 18:32:17,695] [INFO] - [ 1900/ 8400] | Cost: 0.6887918 | Accuracy: 0.5100000
[2026-01-17 18:33:11,105] [INFO] - [ 2000/ 8400] | Cost: 0.6949511 | Accuracy: 0.4900000
[2026-01-17 18:34:04,528] [INFO] - [ 2100/ 8400] | Cost: 0.6966488 | Accuracy: 0.4600000
[2026-01-17 18:34:57,734] [INFO] - [ 2200/ 8400] | Cost: 0.6936127 | Accuracy: 0.4200000
[2026-01-17 18:35:51,161] [INFO] - [ 2300/ 8400] | Cost: 0.6873959 | Accuracy: 0.5700000
[2026-01-17 18:36:44,565] [INFO] - [ 2400/ 8400] | Cost: 0.6865888 | Accuracy: 0.5200000
[2026-01-17 18:37:37,952] [INFO] - [ 2500/ 8400] | Cost: 0.6731982 | Accuracy: 0.6000000
[2026-01-17 18:38:31,166] [INFO] - [ 2600/ 8400] | Cost: 0.6877601 | Accuracy: 0.5400000
[2026-01-17 18:39:24,593] [INFO] - [ 2700/ 8400] | Cost: 0.6914359 | Accuracy: 0.5400000
[2026-01-17 18:40:17,992] [INFO] - [ 2800/ 8400] | Cost: 0.6988615 | Accuracy: 0.5200000
[2026-01-17 18:41:11,450] [INFO] - [ 2900/ 8400] | Cost: 0.6819902 | Accuracy: 0.5600000
[2026-01-17 18:42:04,920] [INFO] - [ 3000/ 8400] | Cost: 0.7015939 | Accuracy: 0.5000000
[2026-01-17 18:42:58,114] [INFO] - [ 3100/ 8400] | Cost: 0.6914708 | Accuracy: 0.5100000
[2026-01-17 18:43:51,564] [INFO] - [ 3200/ 8400] | Cost: 0.6905478 | Accuracy: 0.4900000
[2026-01-17 18:44:45,019] [INFO] - [ 3300/ 8400] | Cost: 0.6860958 | Accuracy: 0.6100000
[2026-01-17 18:45:38,279] [INFO] - [ 3400/ 8400] | Cost: 0.6851606 | Accuracy: 0.5200000
[2026-01-17 18:46:31,706] [INFO] - [ 3500/ 8400] | Cost: 0.6776680 | Accuracy: 0.5800000
[2026-01-17 18:47:24,008] [INFO] - [ 3600/ 8400] | Cost: 0.6816391 | Accuracy: 0.5400000
[2026-01-17 18:48:09,130] [INFO] - [ 3700/ 8400] | Cost: 0.7164491 | Accuracy: 0.4400000
[2026-01-17 18:49:02,631] [INFO] - [ 3800/ 8400] | Cost: 0.6629536 | Accuracy: 0.6000000
[2026-01-17 18:49:55,884] [INFO] - [ 3900/ 8400] | Cost: 0.6938827 | Accuracy: 0.5100000
[2026-01-17 18:50:49,364] [INFO] - [ 4000/ 8400] | Cost: 0.6688409 | Accuracy: 0.5800000
[2026-01-17 18:51:42,902] [INFO] - [ 4100/ 8400] | Cost: 0.7111501 | Accuracy: 0.4400000
[2026-01-17 18:52:36,448] [INFO] - [ 4200/ 8400] | Cost: 0.6798008 | Accuracy: 0.5500000
[2026-01-17 18:53:29,680] [INFO] - [ 4300/ 8400] | Cost: 0.6807466 | Accuracy: 0.5800000
[2026-01-17 18:54:23,146] [INFO] - [ 4400/ 8400] | Cost: 0.6919092 | Accuracy: 0.4600000
[2026-01-17 18:55:16,556] [INFO] - [ 4500/ 8400] | Cost: 0.6855037 | Accuracy: 0.5800000
[2026-01-17 18:56:10,092] [INFO] - [ 4600/ 8400] | Cost: 0.6852405 | Accuracy: 0.6200000
[2026-01-17 18:57:03,348] [INFO] - [ 4700/ 8400] | Cost: 0.6823621 | Accuracy: 0.6100000
[2026-01-17 18:57:56,851] [INFO] - [ 4800/ 8400] | Cost: 0.6866705 | Accuracy: 0.4900000
[2026-01-17 18:58:46,816] [INFO] - [ 4900/ 8400] | Cost: 0.6911741 | Accuracy: 0.5000000
[2026-01-17 18:59:35,150] [INFO] - [ 5000/ 8400] | Cost: 0.6918079 | Accuracy: 0.4800000
[2026-01-17 19:00:28,374] [INFO] - [ 5100/ 8400] | Cost: 0.6784251 | Accuracy: 0.5400000
[2026-01-17 19:01:22,280] [INFO] - [ 5200/ 8400] | Cost: 0.6793382 | Accuracy: 0.5700000
[2026-01-17 19:02:15,905] [INFO] - [ 5300/ 8400] | Cost: 0.6784917 | Accuracy: 0.6100000
[2026-01-17 19:03:09,455] [INFO] - [ 5400/ 8400] | Cost: 0.6782520 | Accuracy: 0.5600000
[2026-01-17 19:04:03,199] [INFO] - [ 5500/ 8400] | Cost: 0.6876262 | Accuracy: 0.5000000
[2026-01-17 19:04:49,338] [INFO] - [ 5600/ 8400] | Cost: 0.6792371 | Accuracy: 0.5700000
[2026-01-17 19:05:42,806] [INFO] - [ 5700/ 8400] | Cost: 0.6895190 | Accuracy: 0.5000000
[2026-01-17 19:06:36,325] [INFO] - [ 5800/ 8400] | Cost: 0.6854662 | Accuracy: 0.5600000
[2026-01-17 19:07:29,839] [INFO] - [ 5900/ 8400] | Cost: 0.6830522 | Accuracy: 0.6200000
[2026-01-17 19:08:23,026] [INFO] - [ 6000/ 8400] | Cost: 0.6809340 | Accuracy: 0.6700000
[2026-01-17 19:09:16,550] [INFO] - [ 6100/ 8400] | Cost: 0.6822317 | Accuracy: 0.6400000
[2026-01-17 19:10:10,048] [INFO] - [ 6200/ 8400] | Cost: 0.6830175 | Accuracy: 0.6800000
[2026-01-17 19:11:03,557] [INFO] - [ 6300/ 8400] | Cost: 0.6856016 | Accuracy: 0.6500000
[2026-01-17 19:11:56,757] [INFO] - [ 6400/ 8400] | Cost: 0.6796039 | Accuracy: 0.7100000
[2026-01-17 19:12:50,316] [INFO] - [ 6500/ 8400] | Cost: 0.6815178 | Accuracy: 0.6300000
[2026-01-17 19:13:43,763] [INFO] - [ 6600/ 8400] | Cost: 0.6868936 | Accuracy: 0.6000000
[2026-01-17 19:14:37,188] [INFO] - [ 6700/ 8400] | Cost: 0.6739560 | Accuracy: 0.7400000
[2026-01-17 19:15:29,309] [INFO] - [ 6800/ 8400] | Cost: 0.6825442 | Accuracy: 0.6300000
[2026-01-17 19:16:11,864] [INFO] - [ 6900/ 8400] | Cost: 0.6873750 | Accuracy: 0.5100000
[2026-01-17 19:16:54,277] [INFO] - [ 7000/ 8400] | Cost: 0.6857466 | Accuracy: 0.5500000
[2026-01-17 19:17:36,803] [INFO] - [ 7100/ 8400] | Cost: 0.6790326 | Accuracy: 0.6400000
[2026-01-17 19:18:21,380] [INFO] - [ 7200/ 8400] | Cost: 0.6788390 | Accuracy: 0.7100000
[2026-01-17 19:19:14,616] [INFO] - [ 7300/ 8400] | Cost: 0.6879498 | Accuracy: 0.5800000
[2026-01-17 19:20:07,838] [INFO] - [ 7400/ 8400] | Cost: 0.6785247 | Accuracy: 0.5300000
[2026-01-17 19:20:50,816] [INFO] - [ 7500/ 8400] | Cost: 0.6750763 | Accuracy: 0.5200000
[2026-01-17 19:21:35,254] [INFO] - [ 7600/ 8400] | Cost: 0.6869725 | Accuracy: 0.4900000
