[2026-01-16 17:31:06,811] [INFO] - seed: 0
image_preprocessing: BilateralFilter
training:
  epochs: 1
  batch_size: 100
  image_width: 32
  lr: 0.05
model:
  num_layers: 3
dataset:
  num_classes: 2
  binary: true
  name: eurosat_rgb
  image_width_sweep: '64'
  orig_width: 64
embedding:
  name: NAQSS
  pca: false
  supports_color: false

[2026-01-16 17:31:06,813] [INFO] - Using cuda.
[2026-01-16 17:31:06,851] [INFO] - Dataset: eurosat_rgb | Train Size: 4200 | Validation Size: 1200 | Test Size: 600
[2026-01-16 17:31:06,853] [INFO] - Initiate model
[2026-01-16 17:31:06,855] [INFO] - Weights Shape: torch.Size([3, 19, 3])
[2026-01-16 17:31:06,856] [INFO] - Bias Shape: torch.Size([2])
[2026-01-16 17:42:08,539] [INFO] - [  100/ 4200] | Cost: 0.6929548 | Accuracy: 0.5600000
[2026-01-16 17:53:07,065] [INFO] - [  200/ 4200] | Cost: 0.6872499 | Accuracy: 0.5700000
[2026-01-16 18:04:35,892] [INFO] - [  300/ 4200] | Cost: 0.7073017 | Accuracy: 0.4500000
[2026-01-16 18:15:45,039] [INFO] - [  400/ 4200] | Cost: 0.7022305 | Accuracy: 0.4700000
[2026-01-16 18:26:32,807] [INFO] - [  500/ 4200] | Cost: 0.6962143 | Accuracy: 0.4900000
[2026-01-16 18:37:43,737] [INFO] - [  600/ 4200] | Cost: 0.6872213 | Accuracy: 0.5500000
[2026-01-16 18:48:53,524] [INFO] - [  700/ 4200] | Cost: 0.6910667 | Accuracy: 0.5000000
[2026-01-16 18:59:48,505] [INFO] - [  800/ 4200] | Cost: 0.6910270 | Accuracy: 0.4800000
[2026-01-16 19:10:49,375] [INFO] - [  900/ 4200] | Cost: 0.6854970 | Accuracy: 0.8400000
[2026-01-16 19:22:12,197] [INFO] - [ 1000/ 4200] | Cost: 0.6827959 | Accuracy: 0.5400000
[2026-01-16 19:33:18,478] [INFO] - [ 1100/ 4200] | Cost: 0.6882752 | Accuracy: 0.4700000
[2026-01-16 19:44:25,231] [INFO] - [ 1200/ 4200] | Cost: 0.6883853 | Accuracy: 0.4800000
[2026-01-16 19:55:37,558] [INFO] - [ 1300/ 4200] | Cost: 0.6934765 | Accuracy: 0.4400000
[2026-01-16 20:06:48,313] [INFO] - [ 1400/ 4200] | Cost: 0.6712655 | Accuracy: 0.5300000
[2026-01-16 20:18:01,058] [INFO] - [ 1500/ 4200] | Cost: 0.6827593 | Accuracy: 0.4400000
[2026-01-16 20:29:02,084] [INFO] - [ 1600/ 4200] | Cost: 0.6584859 | Accuracy: 0.5700000
[2026-01-16 20:40:02,116] [INFO] - [ 1700/ 4200] | Cost: 0.6799152 | Accuracy: 0.4100000
[2026-01-16 20:50:42,196] [INFO] - [ 1800/ 4200] | Cost: 0.6761587 | Accuracy: 0.4000000
[2026-01-16 21:01:35,226] [INFO] - [ 1900/ 4200] | Cost: 0.6680056 | Accuracy: 0.4800000
[2026-01-16 21:12:30,327] [INFO] - [ 2000/ 4200] | Cost: 0.6664162 | Accuracy: 0.8500000
[2026-01-16 21:23:23,330] [INFO] - [ 2100/ 4200] | Cost: 0.6655417 | Accuracy: 0.8700000
[2026-01-16 21:34:03,817] [INFO] - [ 2200/ 4200] | Cost: 0.6625338 | Accuracy: 0.8600000
[2026-01-16 21:44:46,590] [INFO] - [ 2300/ 4200] | Cost: 0.6578517 | Accuracy: 0.9100000
[2026-01-16 21:55:53,602] [INFO] - [ 2400/ 4200] | Cost: 0.6595360 | Accuracy: 0.8500000
[2026-01-16 22:06:58,416] [INFO] - [ 2500/ 4200] | Cost: 0.6595448 | Accuracy: 0.7900000
[2026-01-16 22:17:59,891] [INFO] - [ 2600/ 4200] | Cost: 0.6653979 | Accuracy: 0.7000000
[2026-01-16 22:29:10,469] [INFO] - [ 2700/ 4200] | Cost: 0.6611906 | Accuracy: 0.6600000
[2026-01-16 22:40:11,108] [INFO] - [ 2800/ 4200] | Cost: 0.6364074 | Accuracy: 0.7000000
[2026-01-16 22:51:34,637] [INFO] - [ 2900/ 4200] | Cost: 0.6654646 | Accuracy: 0.6100000
[2026-01-16 23:03:20,912] [INFO] - [ 3000/ 4200] | Cost: 0.6707552 | Accuracy: 0.5200000
[2026-01-16 23:14:46,158] [INFO] - [ 3100/ 4200] | Cost: 0.6922586 | Accuracy: 0.4500000
[2026-01-16 23:25:59,848] [INFO] - [ 3200/ 4200] | Cost: 0.7053854 | Accuracy: 0.3900000
[2026-01-16 23:37:14,184] [INFO] - [ 3300/ 4200] | Cost: 0.6705463 | Accuracy: 0.5500000
[2026-01-16 23:48:55,293] [INFO] - [ 3400/ 4200] | Cost: 0.6795020 | Accuracy: 0.5200000
[2026-01-17 00:00:32,484] [INFO] - [ 3500/ 4200] | Cost: 0.6622072 | Accuracy: 0.5700000
[2026-01-17 00:12:14,904] [INFO] - [ 3600/ 4200] | Cost: 0.6618018 | Accuracy: 0.6400000
[2026-01-17 00:24:03,142] [INFO] - [ 3700/ 4200] | Cost: 0.6674953 | Accuracy: 0.6900000
[2026-01-17 00:35:37,316] [INFO] - [ 3800/ 4200] | Cost: 0.6706263 | Accuracy: 0.8100000
[2026-01-17 00:47:03,380] [INFO] - [ 3900/ 4200] | Cost: 0.6607121 | Accuracy: 0.9000000
[2026-01-17 00:58:44,034] [INFO] - [ 4000/ 4200] | Cost: 0.6578472 | Accuracy: 0.8700000
[2026-01-17 01:10:11,984] [INFO] - [ 4100/ 4200] | Cost: 0.6598685 | Accuracy: 0.5300000
[2026-01-17 01:21:42,568] [INFO] - [ 4200/ 4200] | Cost: 0.6559557 | Accuracy: 0.4900000
