[2026-01-17 06:57:41,077] [INFO] - seed: 0
image_preprocessing: ContrastScaling
training:
  epochs: 1
  batch_size: 100
  image_width: 32
  lr: 0.05
model:
  num_layers: 3
dataset:
  num_classes: 2
  binary: true
  name: cxr8
  image_width_sweep: 2,4,8,16,32,64
  orig_width: 1024
embedding:
  name: OQIM
  pca: false
  supports_color: true

[2026-01-17 06:57:41,079] [INFO] - Using cuda.
[2026-01-17 06:57:41,206] [INFO] - Dataset: cxr8 | Train Size: 2270 | Validation Size: 650 | Test Size: 324
[2026-01-17 06:57:41,209] [INFO] - Initiate model
[2026-01-17 06:57:41,210] [INFO] - Weights Shape: torch.Size([3, 12, 3])
[2026-01-17 06:57:41,211] [INFO] - Bias Shape: torch.Size([2])
[2026-01-17 07:00:32,786] [INFO] - [  100/ 2270] | Cost: 0.7160953 | Accuracy: 0.1800000
[2026-01-17 07:03:07,458] [INFO] - [  200/ 2270] | Cost: 0.6636432 | Accuracy: 0.8400000
[2026-01-17 07:06:13,110] [INFO] - [  300/ 2270] | Cost: 0.6192918 | Accuracy: 0.8500000
[2026-01-17 07:08:55,750] [INFO] - [  400/ 2270] | Cost: 0.5936315 | Accuracy: 0.8200000
[2026-01-17 07:11:44,413] [INFO] - [  500/ 2270] | Cost: 0.5272933 | Accuracy: 0.9000000
[2026-01-17 07:14:33,265] [INFO] - [  600/ 2270] | Cost: 0.4982141 | Accuracy: 0.8900000
[2026-01-17 07:17:34,236] [INFO] - [  700/ 2270] | Cost: 0.5131680 | Accuracy: 0.8300000
[2026-01-17 07:20:33,874] [INFO] - [  800/ 2270] | Cost: 0.4858009 | Accuracy: 0.8400000
[2026-01-17 07:23:01,079] [INFO] - [  900/ 2270] | Cost: 0.4497445 | Accuracy: 0.8600000
[2026-01-17 07:26:01,277] [INFO] - [ 1000/ 2270] | Cost: 0.4696160 | Accuracy: 0.8300000
[2026-01-17 07:28:54,466] [INFO] - [ 1100/ 2270] | Cost: 0.4096354 | Accuracy: 0.8700000
[2026-01-17 07:31:36,150] [INFO] - [ 1200/ 2270] | Cost: 0.4573734 | Accuracy: 0.8300000
[2026-01-17 07:34:14,802] [INFO] - [ 1300/ 2270] | Cost: 0.4241591 | Accuracy: 0.8500000
[2026-01-17 07:37:01,795] [INFO] - [ 1400/ 2270] | Cost: 0.5574334 | Accuracy: 0.7700000
[2026-01-17 07:39:50,426] [INFO] - [ 1500/ 2270] | Cost: 0.4400920 | Accuracy: 0.8400000
[2026-01-17 07:42:41,074] [INFO] - [ 1600/ 2270] | Cost: 0.4594203 | Accuracy: 0.8300000
[2026-01-17 07:45:13,523] [INFO] - [ 1700/ 2270] | Cost: 0.2384208 | Accuracy: 0.9500000
[2026-01-17 07:48:05,524] [INFO] - [ 1800/ 2270] | Cost: 0.2523741 | Accuracy: 0.9400000
[2026-01-17 07:51:01,760] [INFO] - [ 1900/ 2270] | Cost: 0.4068402 | Accuracy: 0.8600000
[2026-01-17 07:53:46,094] [INFO] - [ 2000/ 2270] | Cost: 0.4710972 | Accuracy: 0.8300000
[2026-01-17 07:56:25,842] [INFO] - [ 2100/ 2270] | Cost: 0.4948794 | Accuracy: 0.8200000
[2026-01-17 07:59:05,787] [INFO] - [ 2200/ 2270] | Cost: 0.3675897 | Accuracy: 0.8800000
[2026-01-17 08:01:13,960] [INFO] - [ 2300/ 2270] | Cost: 0.3856301 | Accuracy: 0.8714286
