[2026-01-15 22:05:19,781] [INFO] - seed: 0
image_preprocessing: MedianBlur
training:
  epochs: 2
  batch_size: 100
  image_width: 16
  lr: 0.05
model:
  num_layers: 3
dataset:
  num_classes: 2
  binary: true
  name: mnist
  image_width_sweep: 16,32
  orig_width: 28
embedding:
  name: OQIM
  pca: false
  supports_color: true

[2026-01-15 22:05:19,785] [INFO] - Using cuda.
[2026-01-15 22:05:20,224] [INFO] - Dataset: mnist | Train Size: 10346 | Validation Size: 2956 | Test Size: 1478
[2026-01-15 22:05:20,226] [INFO] - Initiate model
[2026-01-15 22:05:21,325] [INFO] - Weights Shape: torch.Size([3, 10, 3])
[2026-01-15 22:05:21,326] [INFO] - Bias Shape: torch.Size([2])
[2026-01-15 22:06:31,922] [INFO] - [  100/10346] | Cost: 0.6932033 | Accuracy: 0.5100000
[2026-01-15 22:07:54,320] [INFO] - [  200/10346] | Cost: 0.6856080 | Accuracy: 0.5200000
[2026-01-15 22:09:24,508] [INFO] - [  300/10346] | Cost: 0.6812311 | Accuracy: 0.5800000
[2026-01-15 22:10:46,693] [INFO] - [  400/10346] | Cost: 0.6755217 | Accuracy: 0.8700000
[2026-01-15 22:12:12,899] [INFO] - [  500/10346] | Cost: 0.6678382 | Accuracy: 0.8800000
[2026-01-15 22:13:13,968] [INFO] - [  600/10346] | Cost: 0.6703480 | Accuracy: 0.6200000
[2026-01-15 22:15:01,980] [INFO] - [  700/10346] | Cost: 0.6512268 | Accuracy: 0.8700000
[2026-01-15 22:16:25,004] [INFO] - [  800/10346] | Cost: 0.6534685 | Accuracy: 0.8400000
[2026-01-15 22:17:44,727] [INFO] - [  900/10346] | Cost: 0.6393963 | Accuracy: 0.9500000
[2026-01-15 22:19:20,483] [INFO] - [ 1000/10346] | Cost: 0.6398389 | Accuracy: 0.8100000
[2026-01-15 22:20:32,325] [INFO] - [ 1100/10346] | Cost: 0.6363150 | Accuracy: 0.6900000
[2026-01-15 22:22:01,530] [INFO] - [ 1200/10346] | Cost: 0.6215289 | Accuracy: 0.6900000
[2026-01-15 22:23:10,342] [INFO] - [ 1300/10346] | Cost: 0.6194456 | Accuracy: 0.7100000
[2026-01-15 22:24:51,579] [INFO] - [ 1400/10346] | Cost: 0.5986470 | Accuracy: 0.7000000
[2026-01-15 22:26:05,550] [INFO] - [ 1500/10346] | Cost: 0.6154219 | Accuracy: 0.6200000
[2026-01-15 22:27:14,623] [INFO] - [ 1600/10346] | Cost: 0.5736817 | Accuracy: 0.7600000
[2026-01-15 22:28:56,738] [INFO] - [ 1700/10346] | Cost: 0.6010743 | Accuracy: 0.6200000
[2026-01-15 22:30:09,471] [INFO] - [ 1800/10346] | Cost: 0.5971382 | Accuracy: 0.6300000
[2026-01-15 22:31:41,048] [INFO] - [ 1900/10346] | Cost: 0.6035895 | Accuracy: 0.6000000
[2026-01-15 22:32:43,307] [INFO] - [ 2000/10346] | Cost: 0.5958195 | Accuracy: 0.6700000
[2026-01-15 22:34:23,812] [INFO] - [ 2100/10346] | Cost: 0.5827075 | Accuracy: 0.7600000
[2026-01-15 22:35:36,865] [INFO] - [ 2200/10346] | Cost: 0.5752457 | Accuracy: 0.8900000
[2026-01-15 22:36:47,159] [INFO] - [ 2300/10346] | Cost: 0.5921602 | Accuracy: 0.8900000
[2026-01-15 22:38:17,986] [INFO] - [ 2400/10346] | Cost: 0.5859463 | Accuracy: 0.9300000
[2026-01-15 22:39:41,223] [INFO] - [ 2500/10346] | Cost: 0.5744183 | Accuracy: 0.9000000
[2026-01-15 22:41:14,897] [INFO] - [ 2600/10346] | Cost: 0.5788282 | Accuracy: 0.8800000
[2026-01-15 22:42:29,498] [INFO] - [ 2700/10346] | Cost: 0.5739052 | Accuracy: 0.8800000
[2026-01-15 22:44:06,616] [INFO] - [ 2800/10346] | Cost: 0.5579255 | Accuracy: 0.9100000
[2026-01-15 22:45:20,112] [INFO] - [ 2900/10346] | Cost: 0.5519487 | Accuracy: 0.8600000
[2026-01-15 22:46:40,080] [INFO] - [ 3000/10346] | Cost: 0.5753818 | Accuracy: 0.7100000
[2026-01-15 22:48:12,770] [INFO] - [ 3100/10346] | Cost: 0.5708867 | Accuracy: 0.7100000
[2026-01-15 22:49:32,522] [INFO] - [ 3200/10346] | Cost: 0.5453041 | Accuracy: 0.8200000
[2026-01-15 22:51:00,958] [INFO] - [ 3300/10346] | Cost: 0.5468962 | Accuracy: 0.8200000
[2026-01-15 22:52:24,783] [INFO] - [ 3400/10346] | Cost: 0.5707959 | Accuracy: 0.7800000
[2026-01-15 22:54:03,277] [INFO] - [ 3500/10346] | Cost: 0.5605198 | Accuracy: 0.8900000
[2026-01-15 22:55:16,578] [INFO] - [ 3600/10346] | Cost: 0.5687558 | Accuracy: 0.9100000
[2026-01-15 22:56:37,228] [INFO] - [ 3700/10346] | Cost: 0.5617493 | Accuracy: 0.9300000
[2026-01-15 22:58:10,079] [INFO] - [ 3800/10346] | Cost: 0.5484513 | Accuracy: 0.9400000
[2026-01-15 22:59:28,319] [INFO] - [ 3900/10346] | Cost: 0.5466070 | Accuracy: 0.9300000
[2026-01-15 23:00:58,126] [INFO] - [ 4000/10346] | Cost: 0.5448188 | Accuracy: 0.9700000
[2026-01-15 23:02:13,173] [INFO] - [ 4100/10346] | Cost: 0.5366390 | Accuracy: 0.9400000
[2026-01-15 23:03:47,767] [INFO] - [ 4200/10346] | Cost: 0.5314981 | Accuracy: 0.9400000
[2026-01-15 23:05:11,265] [INFO] - [ 4300/10346] | Cost: 0.5301611 | Accuracy: 0.9400000
[2026-01-15 23:06:33,327] [INFO] - [ 4400/10346] | Cost: 0.5331377 | Accuracy: 0.9100000
[2026-01-15 23:08:07,771] [INFO] - [ 4500/10346] | Cost: 0.5231398 | Accuracy: 0.8600000
[2026-01-15 23:09:24,969] [INFO] - [ 4600/10346] | Cost: 0.5231716 | Accuracy: 0.8200000
[2026-01-15 23:10:50,811] [INFO] - [ 4700/10346] | Cost: 0.5594696 | Accuracy: 0.7200000
[2026-01-15 23:12:17,863] [INFO] - [ 4800/10346] | Cost: 0.5629812 | Accuracy: 0.7500000
[2026-01-15 23:13:45,832] [INFO] - [ 4900/10346] | Cost: 0.5675255 | Accuracy: 0.7600000
[2026-01-15 23:15:09,480] [INFO] - [ 5000/10346] | Cost: 0.5350912 | Accuracy: 0.9400000
[2026-01-15 23:16:26,747] [INFO] - [ 5100/10346] | Cost: 0.5361699 | Accuracy: 0.9200000
[2026-01-15 23:18:06,579] [INFO] - [ 5200/10346] | Cost: 0.5373105 | Accuracy: 0.9400000
[2026-01-15 23:19:26,265] [INFO] - [ 5300/10346] | Cost: 0.5389632 | Accuracy: 0.9200000
[2026-01-15 23:20:50,070] [INFO] - [ 5400/10346] | Cost: 0.5319734 | Accuracy: 0.9400000
[2026-01-15 23:22:20,402] [INFO] - [ 5500/10346] | Cost: 0.5355483 | Accuracy: 0.9400000
[2026-01-15 23:23:47,590] [INFO] - [ 5600/10346] | Cost: 0.5395115 | Accuracy: 0.9200000
[2026-01-15 23:25:04,385] [INFO] - [ 5700/10346] | Cost: 0.5106446 | Accuracy: 0.9100000
[2026-01-15 23:26:29,447] [INFO] - [ 5800/10346] | Cost: 0.5246835 | Accuracy: 0.8500000
[2026-01-15 23:28:02,056] [INFO] - [ 5900/10346] | Cost: 0.5509757 | Accuracy: 0.7300000
[2026-01-15 23:29:17,753] [INFO] - [ 6000/10346] | Cost: 0.5622158 | Accuracy: 0.7000000
[2026-01-15 23:30:54,001] [INFO] - [ 6100/10346] | Cost: 0.5447087 | Accuracy: 0.7000000
[2026-01-15 23:32:22,482] [INFO] - [ 6200/10346] | Cost: 0.5310925 | Accuracy: 0.7600000
[2026-01-15 23:33:40,970] [INFO] - [ 6300/10346] | Cost: 0.5420315 | Accuracy: 0.8200000
[2026-01-15 23:35:01,412] [INFO] - [ 6400/10346] | Cost: 0.5322955 | Accuracy: 0.9100000
[2026-01-15 23:36:28,972] [INFO] - [ 6500/10346] | Cost: 0.5268537 | Accuracy: 0.9100000
[2026-01-15 23:38:03,719] [INFO] - [ 6600/10346] | Cost: 0.5279151 | Accuracy: 0.9200000
[2026-01-15 23:39:13,482] [INFO] - [ 6700/10346] | Cost: 0.5099472 | Accuracy: 0.9400000
[2026-01-15 23:40:43,072] [INFO] - [ 6800/10346] | Cost: 0.5436154 | Accuracy: 0.8900000
[2026-01-15 23:42:16,708] [INFO] - [ 6900/10346] | Cost: 0.5306841 | Accuracy: 0.9200000
[2026-01-15 23:43:43,471] [INFO] - [ 7000/10346] | Cost: 0.5231858 | Accuracy: 0.9200000
[2026-01-15 23:45:06,970] [INFO] - [ 7100/10346] | Cost: 0.5318476 | Accuracy: 0.8300000
[2026-01-15 23:46:34,620] [INFO] - [ 7200/10346] | Cost: 0.5323315 | Accuracy: 0.8200000
[2026-01-15 23:48:01,311] [INFO] - [ 7300/10346] | Cost: 0.5174056 | Accuracy: 0.8800000
[2026-01-15 23:49:19,949] [INFO] - [ 7400/10346] | Cost: 0.5053161 | Accuracy: 0.8800000
[2026-01-15 23:50:47,048] [INFO] - [ 7500/10346] | Cost: 0.5168090 | Accuracy: 0.8900000
[2026-01-15 23:52:16,682] [INFO] - [ 7600/10346] | Cost: 0.5074371 | Accuracy: 0.8800000
[2026-01-15 23:53:37,973] [INFO] - [ 7700/10346] | Cost: 0.5086460 | Accuracy: 0.8700000
[2026-01-15 23:55:05,185] [INFO] - [ 7800/10346] | Cost: 0.5351224 | Accuracy: 0.7900000
[2026-01-15 23:56:37,202] [INFO] - [ 7900/10346] | Cost: 0.4949332 | Accuracy: 0.8900000
[2026-01-15 23:58:00,397] [INFO] - [ 8000/10346] | Cost: 0.5273255 | Accuracy: 0.8700000
[2026-01-15 23:59:21,737] [INFO] - [ 8100/10346] | Cost: 0.5317457 | Accuracy: 0.9200000
[2026-01-16 00:00:41,253] [INFO] - [ 8200/10346] | Cost: 0.5154861 | Accuracy: 0.9300000
[2026-01-16 00:01:56,145] [INFO] - [ 8300/10346] | Cost: 0.5264479 | Accuracy: 0.9400000
[2026-01-16 00:03:04,177] [INFO] - [ 8400/10346] | Cost: 0.5141455 | Accuracy: 0.9600000
[2026-01-16 00:04:10,653] [INFO] - [ 8500/10346] | Cost: 0.5083248 | Accuracy: 0.9600000
[2026-01-16 00:05:34,529] [INFO] - [ 8600/10346] | Cost: 0.5185631 | Accuracy: 0.9000000
[2026-01-16 00:06:51,636] [INFO] - [ 8700/10346] | Cost: 0.5124587 | Accuracy: 0.9500000
[2026-01-16 00:08:08,054] [INFO] - [ 8800/10346] | Cost: 0.5194097 | Accuracy: 0.9000000
[2026-01-16 00:09:30,117] [INFO] - [ 8900/10346] | Cost: 0.5136868 | Accuracy: 0.8500000
[2026-01-16 00:11:02,377] [INFO] - [ 9000/10346] | Cost: 0.5327021 | Accuracy: 0.8500000
[2026-01-16 00:12:21,889] [INFO] - [ 9100/10346] | Cost: 0.5369027 | Accuracy: 0.8500000
[2026-01-16 00:13:40,699] [INFO] - [ 9200/10346] | Cost: 0.5190839 | Accuracy: 0.8700000
[2026-01-16 00:15:17,558] [INFO] - [ 9300/10346] | Cost: 0.5134495 | Accuracy: 0.9000000
[2026-01-16 00:16:39,401] [INFO] - [ 9400/10346] | Cost: 0.5143542 | Accuracy: 0.9100000
[2026-01-16 00:18:02,554] [INFO] - [ 9500/10346] | Cost: 0.5328755 | Accuracy: 0.9100000
[2026-01-16 00:19:39,713] [INFO] - [ 9600/10346] | Cost: 0.5063923 | Accuracy: 0.9300000
[2026-01-16 00:21:06,110] [INFO] - [ 9700/10346] | Cost: 0.5185652 | Accuracy: 0.9200000
[2026-01-16 00:22:20,583] [INFO] - [ 9800/10346] | Cost: 0.5234377 | Accuracy: 0.8600000
[2026-01-16 00:23:43,773] [INFO] - [ 9900/10346] | Cost: 0.5478290 | Accuracy: 0.7800000
[2026-01-16 00:25:15,586] [INFO] - [10000/10346] | Cost: 0.4931256 | Accuracy: 0.9200000
[2026-01-16 00:26:39,595] [INFO] - [10100/10346] | Cost: 0.5134764 | Accuracy: 0.8600000
[2026-01-16 00:27:56,308] [INFO] - [10200/10346] | Cost: 0.4987009 | Accuracy: 0.9000000
[2026-01-16 00:29:31,731] [INFO] - [10300/10346] | Cost: 0.5164366 | Accuracy: 0.8600000
[2026-01-16 00:30:17,424] [INFO] - [10400/10346] | Cost: 0.4980492 | Accuracy: 0.8913043
