[2026-01-17 04:44:13,477] [INFO] - seed: 0
image_preprocessing: MedianBlur
training:
  epochs: 1
  batch_size: 100
  image_width: 16
  lr: 0.05
model:
  num_layers: 3
dataset:
  num_classes: 2
  binary: true
  name: stl10
  image_width_sweep: 2,4,8,16,32,64
  orig_width: 96
embedding:
  name: NEQR
  pca: false
  supports_color: true

[2026-01-17 04:44:13,479] [INFO] - Using cuda.
[2026-01-17 04:44:24,717] [INFO] - Dataset: stl10 | Train Size: 1819 | Validation Size: 521 | Test Size: 260
[2026-01-17 04:44:24,721] [INFO] - Initiate model
[2026-01-17 04:44:24,725] [INFO] - Weights Shape: torch.Size([3, 16, 3])
[2026-01-17 04:44:24,726] [INFO] - Bias Shape: torch.Size([2])
[2026-01-17 04:45:57,275] [INFO] - [  100/ 1819] | Cost: 0.6933544 | Accuracy: 0.4800000
[2026-01-17 04:47:20,269] [INFO] - [  200/ 1819] | Cost: 0.6951660 | Accuracy: 0.4900000
[2026-01-17 04:49:22,573] [INFO] - [  300/ 1819] | Cost: 0.6925092 | Accuracy: 0.5200000
[2026-01-17 04:50:33,592] [INFO] - [  400/ 1819] | Cost: 0.6907515 | Accuracy: 0.5600000
[2026-01-17 04:52:09,301] [INFO] - [  500/ 1819] | Cost: 0.6989987 | Accuracy: 0.4400000
[2026-01-17 04:53:45,131] [INFO] - [  600/ 1819] | Cost: 0.6937665 | Accuracy: 0.4900000
[2026-01-17 04:55:28,771] [INFO] - [  700/ 1819] | Cost: 0.6919305 | Accuracy: 0.5700000
[2026-01-17 04:56:50,352] [INFO] - [  800/ 1819] | Cost: 0.6953619 | Accuracy: 0.4300000
[2026-01-17 04:58:39,691] [INFO] - [  900/ 1819] | Cost: 0.6922290 | Accuracy: 0.5800000
[2026-01-17 05:00:21,659] [INFO] - [ 1000/ 1819] | Cost: 0.6934398 | Accuracy: 0.4700000
[2026-01-17 05:01:50,876] [INFO] - [ 1100/ 1819] | Cost: 0.6934202 | Accuracy: 0.4700000
[2026-01-17 05:03:30,607] [INFO] - [ 1200/ 1819] | Cost: 0.6924896 | Accuracy: 0.5300000
[2026-01-17 05:05:22,101] [INFO] - [ 1300/ 1819] | Cost: 0.6941638 | Accuracy: 0.4600000
[2026-01-17 05:07:03,243] [INFO] - [ 1400/ 1819] | Cost: 0.6940814 | Accuracy: 0.4400000
[2026-01-17 05:08:22,735] [INFO] - [ 1500/ 1819] | Cost: 0.6935022 | Accuracy: 0.4600000
[2026-01-17 05:10:14,401] [INFO] - [ 1600/ 1819] | Cost: 0.6924642 | Accuracy: 0.5500000
[2026-01-17 05:11:58,428] [INFO] - [ 1700/ 1819] | Cost: 0.6966481 | Accuracy: 0.4300000
[2026-01-17 05:13:41,076] [INFO] - [ 1800/ 1819] | Cost: 0.6935242 | Accuracy: 0.5000000
[2026-01-17 05:13:57,434] [INFO] - [ 1900/ 1819] | Cost: 0.6897455 | Accuracy: 0.5789474
