[2026-01-18 04:04:45,544] [INFO] - seed: 1
image_preprocessing: BilateralFilter
training:
  epochs: 1
  batch_size: 100
  image_width: 32
  lr: 0.05
model:
  num_layers: 3
dataset:
  num_classes: 2
  binary: true
  name: eurosat_rgb
  image_width_sweep: '64'
  orig_width: 64
embedding:
  name: RMP
  pca: true
  supports_color: true

[2026-01-18 04:04:45,545] [INFO] - Using cuda.
[2026-01-18 04:04:45,582] [INFO] - Dataset: eurosat_rgb | Train Size: 4200 | Validation Size: 1200 | Test Size: 600
[2026-01-18 04:04:45,584] [INFO] - Applying PCA Loader to the dataset
[2026-01-18 04:04:52,293] [INFO] - Initiate model
[2026-01-18 04:04:52,296] [INFO] - Weights Shape: torch.Size([3, 6, 3])
[2026-01-18 04:04:52,297] [INFO] - Bias Shape: torch.Size([2])
[2026-01-18 04:05:11,260] [INFO] - [  100/ 4200] | Cost: 0.7082508 | Accuracy: 0.4400000
[2026-01-18 04:05:28,335] [INFO] - [  200/ 4200] | Cost: 0.6810442 | Accuracy: 0.9100000
[2026-01-18 04:05:49,032] [INFO] - [  300/ 4200] | Cost: 0.6822322 | Accuracy: 0.4700000
[2026-01-18 04:06:23,707] [INFO] - [  400/ 4200] | Cost: 0.6644539 | Accuracy: 0.5600000
[2026-01-18 04:06:58,549] [INFO] - [  500/ 4200] | Cost: 0.6867316 | Accuracy: 0.4500000
[2026-01-18 04:07:33,355] [INFO] - [  600/ 4200] | Cost: 0.6673846 | Accuracy: 0.5300000
[2026-01-18 04:08:08,096] [INFO] - [  700/ 4200] | Cost: 0.6711102 | Accuracy: 0.4700000
[2026-01-18 04:08:43,029] [INFO] - [  800/ 4200] | Cost: 0.6653265 | Accuracy: 0.5800000
[2026-01-18 04:09:17,953] [INFO] - [  900/ 4200] | Cost: 0.6602810 | Accuracy: 0.9100000
[2026-01-18 04:09:52,643] [INFO] - [ 1000/ 4200] | Cost: 0.6512761 | Accuracy: 0.7800000
[2026-01-18 04:10:27,542] [INFO] - [ 1100/ 4200] | Cost: 0.6543970 | Accuracy: 0.5200000
[2026-01-18 04:11:02,462] [INFO] - [ 1200/ 4200] | Cost: 0.6619183 | Accuracy: 0.4600000
[2026-01-18 04:11:37,351] [INFO] - [ 1300/ 4200] | Cost: 0.6450949 | Accuracy: 0.5500000
[2026-01-18 04:12:12,066] [INFO] - [ 1400/ 4200] | Cost: 0.6449931 | Accuracy: 0.5900000
[2026-01-18 04:12:46,939] [INFO] - [ 1500/ 4200] | Cost: 0.6290001 | Accuracy: 0.8100000
[2026-01-18 04:13:21,855] [INFO] - [ 1600/ 4200] | Cost: 0.6344931 | Accuracy: 0.6900000
[2026-01-18 04:13:56,753] [INFO] - [ 1700/ 4200] | Cost: 0.6283930 | Accuracy: 0.6700000
[2026-01-18 04:14:31,669] [INFO] - [ 1800/ 4200] | Cost: 0.6424351 | Accuracy: 0.6000000
[2026-01-18 04:15:06,375] [INFO] - [ 1900/ 4200] | Cost: 0.6192314 | Accuracy: 0.8600000
[2026-01-18 04:15:41,323] [INFO] - [ 2000/ 4200] | Cost: 0.6296985 | Accuracy: 0.9400000
[2026-01-18 04:16:16,249] [INFO] - [ 2100/ 4200] | Cost: 0.6212943 | Accuracy: 0.9600000
[2026-01-18 04:16:51,147] [INFO] - [ 2200/ 4200] | Cost: 0.6111801 | Accuracy: 0.9200000
[2026-01-18 04:17:25,900] [INFO] - [ 2300/ 4200] | Cost: 0.6110906 | Accuracy: 0.7900000
[2026-01-18 04:18:00,916] [INFO] - [ 2400/ 4200] | Cost: 0.6256531 | Accuracy: 0.5900000
[2026-01-18 04:18:35,905] [INFO] - [ 2500/ 4200] | Cost: 0.5970663 | Accuracy: 0.7000000
[2026-01-18 04:19:10,721] [INFO] - [ 2600/ 4200] | Cost: 0.6131213 | Accuracy: 0.6200000
[2026-01-18 04:19:45,715] [INFO] - [ 2700/ 4200] | Cost: 0.6022368 | Accuracy: 0.7400000
[2026-01-18 04:20:20,752] [INFO] - [ 2800/ 4200] | Cost: 0.5861529 | Accuracy: 0.8900000
[2026-01-18 04:20:55,826] [INFO] - [ 2900/ 4200] | Cost: 0.5922126 | Accuracy: 0.9000000
[2026-01-18 04:21:26,262] [INFO] - [ 3000/ 4200] | Cost: 0.5956293 | Accuracy: 0.9100000
[2026-01-18 04:22:01,216] [INFO] - [ 3100/ 4200] | Cost: 0.5850480 | Accuracy: 0.9600000
[2026-01-18 04:22:36,187] [INFO] - [ 3200/ 4200] | Cost: 0.5799488 | Accuracy: 0.9600000
[2026-01-18 04:23:11,182] [INFO] - [ 3300/ 4200] | Cost: 0.5996729 | Accuracy: 0.7300000
[2026-01-18 04:23:45,812] [INFO] - [ 3400/ 4200] | Cost: 0.5929394 | Accuracy: 0.7500000
[2026-01-18 04:24:18,846] [INFO] - [ 3500/ 4200] | Cost: 0.5786684 | Accuracy: 0.8300000
[2026-01-18 04:24:53,496] [INFO] - [ 3600/ 4200] | Cost: 0.5873727 | Accuracy: 0.8300000
[2026-01-18 04:25:28,441] [INFO] - [ 3700/ 4200] | Cost: 0.5714777 | Accuracy: 0.9800000
[2026-01-18 04:26:03,451] [INFO] - [ 3800/ 4200] | Cost: 0.5742967 | Accuracy: 0.9800000
[2026-01-18 04:26:38,264] [INFO] - [ 3900/ 4200] | Cost: 0.5805657 | Accuracy: 0.9900000
[2026-01-18 04:27:13,194] [INFO] - [ 4000/ 4200] | Cost: 0.5855512 | Accuracy: 0.9900000
[2026-01-18 04:27:48,108] [INFO] - [ 4100/ 4200] | Cost: 0.5725096 | Accuracy: 0.9800000
[2026-01-18 04:28:23,071] [INFO] - [ 4200/ 4200] | Cost: 0.5836437 | Accuracy: 0.9800000
[2026-01-18 04:28:39,368] [INFO] - Model dict saved to /workspace/persistent/embedding_colosseum/multirun/2026-01-18/02-06-25/50/saved_models/model_epoch-0.pt
[2026-01-18 04:28:39,369] [INFO] - Validation for epoch   0 | Cost: 0.5766353 | Accuracy: 0.9750000
