[2026-01-16 15:33:49,411] [INFO] - seed: 0
image_preprocessing: ContrastScaling
training:
  epochs: 1
  batch_size: 100
  image_width: 32
  lr: 0.05
model:
  num_layers: 3
dataset:
  num_classes: 2
  binary: true
  name: eurosat_rgb
  image_width_sweep: '64'
  orig_width: 64
embedding:
  name: OQIM
  pca: false
  supports_color: true

[2026-01-16 15:33:49,416] [INFO] - Using cuda.
[2026-01-16 15:33:49,471] [INFO] - Dataset: eurosat_rgb | Train Size: 4200 | Validation Size: 1200 | Test Size: 600
[2026-01-16 15:33:49,474] [INFO] - Initiate model
[2026-01-16 15:33:49,705] [INFO] - Weights Shape: torch.Size([3, 12, 3])
[2026-01-16 15:33:49,707] [INFO] - Bias Shape: torch.Size([2])
[2026-01-16 15:36:40,991] [INFO] - [  100/ 4200] | Cost: 0.6986153 | Accuracy: 0.4400000
[2026-01-16 15:39:36,698] [INFO] - [  200/ 4200] | Cost: 0.6874693 | Accuracy: 0.5700000
[2026-01-16 15:42:34,384] [INFO] - [  300/ 4200] | Cost: 0.7093338 | Accuracy: 0.4500000
[2026-01-16 15:45:15,423] [INFO] - [  400/ 4200] | Cost: 0.7029881 | Accuracy: 0.4700000
[2026-01-16 15:48:21,885] [INFO] - [  500/ 4200] | Cost: 0.6950593 | Accuracy: 0.4900000
[2026-01-16 15:51:17,263] [INFO] - [  600/ 4200] | Cost: 0.6814840 | Accuracy: 0.5500000
[2026-01-16 15:54:32,531] [INFO] - [  700/ 4200] | Cost: 0.6837872 | Accuracy: 0.5000000
[2026-01-16 15:57:27,742] [INFO] - [  800/ 4200] | Cost: 0.6806828 | Accuracy: 0.4600000
[2026-01-16 16:00:20,127] [INFO] - [  900/ 4200] | Cost: 0.6763573 | Accuracy: 0.9300000
[2026-01-16 16:03:20,846] [INFO] - [ 1000/ 4200] | Cost: 0.6645213 | Accuracy: 0.8400000
[2026-01-16 16:06:26,301] [INFO] - [ 1100/ 4200] | Cost: 0.6571855 | Accuracy: 0.7400000
[2026-01-16 16:09:25,036] [INFO] - [ 1200/ 4200] | Cost: 0.6549470 | Accuracy: 0.6600000
[2026-01-16 16:12:31,164] [INFO] - [ 1300/ 4200] | Cost: 0.6477019 | Accuracy: 0.7000000
[2026-01-16 16:15:30,422] [INFO] - [ 1400/ 4200] | Cost: 0.6312227 | Accuracy: 0.8600000
[2026-01-16 16:18:38,087] [INFO] - [ 1500/ 4200] | Cost: 0.6270832 | Accuracy: 0.8900000
[2026-01-16 16:21:39,121] [INFO] - [ 1600/ 4200] | Cost: 0.6282351 | Accuracy: 0.9100000
[2026-01-16 16:24:33,728] [INFO] - [ 1700/ 4200] | Cost: 0.6199148 | Accuracy: 0.9000000
[2026-01-16 16:27:51,085] [INFO] - [ 1800/ 4200] | Cost: 0.6061409 | Accuracy: 0.9600000
[2026-01-16 16:30:44,496] [INFO] - [ 1900/ 4200] | Cost: 0.6053084 | Accuracy: 0.9000000
[2026-01-16 16:33:45,271] [INFO] - [ 2000/ 4200] | Cost: 0.5852503 | Accuracy: 0.9300000
[2026-01-16 16:36:41,754] [INFO] - [ 2100/ 4200] | Cost: 0.5881738 | Accuracy: 0.9600000
[2026-01-16 16:39:44,254] [INFO] - [ 2200/ 4200] | Cost: 0.5751188 | Accuracy: 0.9400000
[2026-01-16 16:42:26,001] [INFO] - [ 2300/ 4200] | Cost: 0.5728339 | Accuracy: 0.8900000
[2026-01-16 16:45:14,561] [INFO] - [ 2400/ 4200] | Cost: 0.5374622 | Accuracy: 0.9300000
[2026-01-16 16:48:10,896] [INFO] - [ 2500/ 4200] | Cost: 0.5318020 | Accuracy: 0.9200000
[2026-01-16 16:51:20,266] [INFO] - [ 2600/ 4200] | Cost: 0.5467377 | Accuracy: 0.9400000
[2026-01-16 16:54:20,419] [INFO] - [ 2700/ 4200] | Cost: 0.5281575 | Accuracy: 0.9500000
[2026-01-16 16:57:24,077] [INFO] - [ 2800/ 4200] | Cost: 0.5081129 | Accuracy: 0.9600000
[2026-01-16 17:00:14,461] [INFO] - [ 2900/ 4200] | Cost: 0.5086206 | Accuracy: 0.9600000
[2026-01-16 17:03:09,192] [INFO] - [ 3000/ 4200] | Cost: 0.4959615 | Accuracy: 0.9500000
[2026-01-16 17:05:56,715] [INFO] - [ 3100/ 4200] | Cost: 0.5194885 | Accuracy: 0.9500000
[2026-01-16 17:08:56,354] [INFO] - [ 3200/ 4200] | Cost: 0.5096324 | Accuracy: 0.9500000
[2026-01-16 17:12:01,260] [INFO] - [ 3300/ 4200] | Cost: 0.4975662 | Accuracy: 0.9500000
[2026-01-16 17:14:47,563] [INFO] - [ 3400/ 4200] | Cost: 0.4934165 | Accuracy: 0.9000000
[2026-01-16 17:17:49,487] [INFO] - [ 3500/ 4200] | Cost: 0.5053248 | Accuracy: 0.9000000
[2026-01-16 17:20:51,825] [INFO] - [ 3600/ 4200] | Cost: 0.4947877 | Accuracy: 0.8800000
[2026-01-16 17:23:55,137] [INFO] - [ 3700/ 4200] | Cost: 0.4675668 | Accuracy: 0.9500000
[2026-01-16 17:26:43,881] [INFO] - [ 3800/ 4200] | Cost: 0.5081547 | Accuracy: 0.8500000
[2026-01-16 17:29:49,073] [INFO] - [ 3900/ 4200] | Cost: 0.5016572 | Accuracy: 0.8300000
[2026-01-16 17:32:51,862] [INFO] - [ 4000/ 4200] | Cost: 0.4749771 | Accuracy: 0.9300000
[2026-01-16 17:35:46,548] [INFO] - [ 4100/ 4200] | Cost: 0.4597681 | Accuracy: 0.9400000
[2026-01-16 17:38:49,513] [INFO] - [ 4200/ 4200] | Cost: 0.4866991 | Accuracy: 0.9000000
