[2026-01-18 23:15:56,915] [INFO] - seed: 0
image_preprocessing: BilateralFilter
training:
  epochs: 1
  batch_size: 100
  image_width: 32
  lr: 0.05
model:
  num_layers: 3
dataset:
  num_classes: 2
  binary: true
  name: cxr8
  image_width_sweep: 2,4,8,16,32
  orig_width: 1024
embedding:
  name: NEQR
  pca: false
  supports_color: true

[2026-01-18 23:15:56,920] [INFO] - Using cuda.
[2026-01-18 23:15:57,148] [INFO] - Dataset: cxr8 | Train Size: 2270 | Validation Size: 650 | Test Size: 324
[2026-01-18 23:15:57,151] [INFO] - Initiate model
[2026-01-18 23:16:01,116] [INFO] - Weights Shape: torch.Size([3, 18, 3])
[2026-01-18 23:16:01,118] [INFO] - Bias Shape: torch.Size([2])
[2026-01-18 23:38:08,839] [INFO] - [  100/ 2270] | Cost: 0.6932419 | Accuracy: 0.4700000
[2026-01-18 23:59:51,936] [INFO] - [  200/ 2270] | Cost: 0.6603137 | Accuracy: 0.8400000
[2026-01-19 00:22:00,140] [INFO] - [  300/ 2270] | Cost: 0.6280234 | Accuracy: 0.8500000
[2026-01-19 00:43:46,951] [INFO] - [  400/ 2270] | Cost: 0.6083899 | Accuracy: 0.8200000
[2026-01-19 01:05:54,415] [INFO] - [  500/ 2270] | Cost: 0.5536067 | Accuracy: 0.9000000
[2026-01-19 01:28:13,347] [INFO] - [  600/ 2270] | Cost: 0.5301691 | Accuracy: 0.8900000
[2026-01-19 01:50:47,653] [INFO] - [  700/ 2270] | Cost: 0.5404305 | Accuracy: 0.8300000
[2026-01-19 02:12:56,015] [INFO] - [  800/ 2270] | Cost: 0.5164816 | Accuracy: 0.8400000
[2026-01-19 02:35:16,448] [INFO] - [  900/ 2270] | Cost: 0.4856481 | Accuracy: 0.8600000
[2026-01-19 02:57:20,136] [INFO] - [ 1000/ 2270] | Cost: 0.4972029 | Accuracy: 0.8300000
[2026-01-19 03:20:00,723] [INFO] - [ 1100/ 2270] | Cost: 0.4483260 | Accuracy: 0.8700000
[2026-01-19 03:42:36,352] [INFO] - [ 1200/ 2270] | Cost: 0.4784746 | Accuracy: 0.8300000
[2026-01-19 04:05:01,653] [INFO] - [ 1300/ 2270] | Cost: 0.4492583 | Accuracy: 0.8500000
[2026-01-19 04:27:32,135] [INFO] - [ 1400/ 2270] | Cost: 0.5394360 | Accuracy: 0.7700000
[2026-01-19 04:49:58,734] [INFO] - [ 1500/ 2270] | Cost: 0.4499539 | Accuracy: 0.8400000
[2026-01-19 05:12:27,621] [INFO] - [ 1600/ 2270] | Cost: 0.4598683 | Accuracy: 0.8300000
[2026-01-19 05:34:56,615] [INFO] - [ 1700/ 2270] | Cost: 0.2883376 | Accuracy: 0.9500000
[2026-01-19 05:57:16,916] [INFO] - [ 1800/ 2270] | Cost: 0.2937842 | Accuracy: 0.9400000
[2026-01-19 06:19:43,353] [INFO] - [ 1900/ 2270] | Cost: 0.4095232 | Accuracy: 0.8600000
[2026-01-19 06:41:55,646] [INFO] - [ 2000/ 2270] | Cost: 0.4557713 | Accuracy: 0.8300000
[2026-01-19 07:04:00,815] [INFO] - [ 2100/ 2270] | Cost: 0.4729751 | Accuracy: 0.8200000
[2026-01-19 07:25:10,852] [INFO] - [ 2200/ 2270] | Cost: 0.3711532 | Accuracy: 0.8800000
[2026-01-19 07:39:09,761] [INFO] - [ 2300/ 2270] | Cost: 0.3847631 | Accuracy: 0.8714286
