[2026-01-16 02:05:24,468] [INFO] - seed: 0
image_preprocessing: HomomorphicFilter
training:
  epochs: 1
  batch_size: 100
  image_width: 32
  lr: 0.05
model:
  num_layers: 3
dataset:
  num_classes: 2
  binary: true
  name: mnist
  image_width_sweep: 16,32
  orig_width: 28
embedding:
  name: FRQI
  pca: false
  supports_color: false

[2026-01-16 02:05:24,470] [INFO] - Using cuda.
[2026-01-16 02:05:24,877] [INFO] - Dataset: mnist | Train Size: 10346 | Validation Size: 2956 | Test Size: 1478
[2026-01-16 02:05:24,880] [INFO] - Initiate model
[2026-01-16 02:05:24,882] [INFO] - Weights Shape: torch.Size([3, 11, 3])
[2026-01-16 02:05:24,883] [INFO] - Bias Shape: torch.Size([2])
[2026-01-16 02:07:26,625] [INFO] - [  100/10346] | Cost: 0.7018386 | Accuracy: 0.4900000
[2026-01-16 02:09:24,360] [INFO] - [  200/10346] | Cost: 0.6937324 | Accuracy: 0.5200000
[2026-01-16 02:11:16,988] [INFO] - [  300/10346] | Cost: 0.6929716 | Accuracy: 0.4900000
[2026-01-16 02:13:23,398] [INFO] - [  400/10346] | Cost: 0.6820793 | Accuracy: 0.5300000
[2026-01-16 02:15:23,408] [INFO] - [  500/10346] | Cost: 0.6784565 | Accuracy: 0.5300000
[2026-01-16 02:17:15,936] [INFO] - [  600/10346] | Cost: 0.6835217 | Accuracy: 0.4100000
[2026-01-16 02:19:16,452] [INFO] - [  700/10346] | Cost: 0.6764039 | Accuracy: 0.9800000
[2026-01-16 02:21:21,239] [INFO] - [  800/10346] | Cost: 0.6755553 | Accuracy: 0.6100000
[2026-01-16 02:23:17,702] [INFO] - [  900/10346] | Cost: 0.6774856 | Accuracy: 0.4900000
[2026-01-16 02:25:28,838] [INFO] - [ 1000/10346] | Cost: 0.6694345 | Accuracy: 1.0000000
[2026-01-16 02:27:22,366] [INFO] - [ 1100/10346] | Cost: 0.6682106 | Accuracy: 0.8600000
[2026-01-16 02:29:25,735] [INFO] - [ 1200/10346] | Cost: 0.6640760 | Accuracy: 0.6100000
[2026-01-16 02:31:28,961] [INFO] - [ 1300/10346] | Cost: 0.6627652 | Accuracy: 0.5200000
[2026-01-16 02:33:40,936] [INFO] - [ 1400/10346] | Cost: 0.6489773 | Accuracy: 0.5900000
[2026-01-16 02:35:39,228] [INFO] - [ 1500/10346] | Cost: 0.6552085 | Accuracy: 0.5400000
[2026-01-16 02:37:47,151] [INFO] - [ 1600/10346] | Cost: 0.6244602 | Accuracy: 0.6600000
[2026-01-16 02:39:51,658] [INFO] - [ 1700/10346] | Cost: 0.6413484 | Accuracy: 0.5800000
[2026-01-16 02:41:58,585] [INFO] - [ 1800/10346] | Cost: 0.6368122 | Accuracy: 0.5900000
[2026-01-16 02:44:11,474] [INFO] - [ 1900/10346] | Cost: 0.6503738 | Accuracy: 0.5500000
[2026-01-16 02:46:36,436] [INFO] - [ 2000/10346] | Cost: 0.6648180 | Accuracy: 0.5100000
[2026-01-16 02:48:41,250] [INFO] - [ 2100/10346] | Cost: 0.6544392 | Accuracy: 0.5200000
[2026-01-16 02:50:51,040] [INFO] - [ 2200/10346] | Cost: 0.6370775 | Accuracy: 0.5400000
[2026-01-16 02:53:10,554] [INFO] - [ 2300/10346] | Cost: 0.6612837 | Accuracy: 0.4400000
[2026-01-16 02:55:13,141] [INFO] - [ 2400/10346] | Cost: 0.6260458 | Accuracy: 0.6400000
[2026-01-16 02:57:29,177] [INFO] - [ 2500/10346] | Cost: 0.6202668 | Accuracy: 0.9200000
[2026-01-16 02:59:33,748] [INFO] - [ 2600/10346] | Cost: 0.6256598 | Accuracy: 0.9100000
[2026-01-16 03:01:40,437] [INFO] - [ 2700/10346] | Cost: 0.6153055 | Accuracy: 0.9900000
[2026-01-16 03:03:46,022] [INFO] - [ 2800/10346] | Cost: 0.6068795 | Accuracy: 0.9900000
[2026-01-16 03:06:00,089] [INFO] - [ 2900/10346] | Cost: 0.5961426 | Accuracy: 0.9600000
[2026-01-16 03:08:11,510] [INFO] - [ 3000/10346] | Cost: 0.5920018 | Accuracy: 0.9300000
[2026-01-16 03:10:25,036] [INFO] - [ 3100/10346] | Cost: 0.5864491 | Accuracy: 0.8900000
[2026-01-16 03:12:26,768] [INFO] - [ 3200/10346] | Cost: 0.5708606 | Accuracy: 0.9400000
[2026-01-16 03:14:41,342] [INFO] - [ 3300/10346] | Cost: 0.5769798 | Accuracy: 0.9200000
[2026-01-16 03:16:41,981] [INFO] - [ 3400/10346] | Cost: 0.5854915 | Accuracy: 0.8100000
[2026-01-16 03:19:11,418] [INFO] - [ 3500/10346] | Cost: 0.5717300 | Accuracy: 0.9200000
[2026-01-16 03:21:13,668] [INFO] - [ 3600/10346] | Cost: 0.5815558 | Accuracy: 0.8900000
[2026-01-16 03:23:25,166] [INFO] - [ 3700/10346] | Cost: 0.5691679 | Accuracy: 0.9700000
[2026-01-16 03:25:29,864] [INFO] - [ 3800/10346] | Cost: 0.5692845 | Accuracy: 0.9600000
[2026-01-16 03:27:40,850] [INFO] - [ 3900/10346] | Cost: 0.5769081 | Accuracy: 0.9100000
[2026-01-16 03:29:44,614] [INFO] - [ 4000/10346] | Cost: 0.5643505 | Accuracy: 0.9500000
[2026-01-16 03:31:55,044] [INFO] - [ 4100/10346] | Cost: 0.5571449 | Accuracy: 0.9900000
[2026-01-16 03:33:53,082] [INFO] - [ 4200/10346] | Cost: 0.5640334 | Accuracy: 0.9800000
[2026-01-16 03:35:48,927] [INFO] - [ 4300/10346] | Cost: 0.5554935 | Accuracy: 0.9800000
[2026-01-16 03:38:04,652] [INFO] - [ 4400/10346] | Cost: 0.5580533 | Accuracy: 0.9700000
[2026-01-16 03:39:58,134] [INFO] - [ 4500/10346] | Cost: 0.5496135 | Accuracy: 0.9700000
[2026-01-16 03:42:14,641] [INFO] - [ 4600/10346] | Cost: 0.5486603 | Accuracy: 0.9800000
[2026-01-16 03:43:58,463] [INFO] - [ 4700/10346] | Cost: 0.5625851 | Accuracy: 0.8800000
[2026-01-16 03:46:17,736] [INFO] - [ 4800/10346] | Cost: 0.5697581 | Accuracy: 0.8700000
[2026-01-16 03:48:15,421] [INFO] - [ 4900/10346] | Cost: 0.5686263 | Accuracy: 0.8600000
[2026-01-16 03:50:17,469] [INFO] - [ 5000/10346] | Cost: 0.5492077 | Accuracy: 0.9200000
[2026-01-16 03:52:29,553] [INFO] - [ 5100/10346] | Cost: 0.5623509 | Accuracy: 0.9200000
[2026-01-16 03:54:35,838] [INFO] - [ 5200/10346] | Cost: 0.5742134 | Accuracy: 0.9000000
[2026-01-16 03:56:50,680] [INFO] - [ 5300/10346] | Cost: 0.5562575 | Accuracy: 0.9800000
[2026-01-16 03:58:45,816] [INFO] - [ 5400/10346] | Cost: 0.5582949 | Accuracy: 0.9700000
[2026-01-16 04:00:36,110] [INFO] - [ 5500/10346] | Cost: 0.5509013 | Accuracy: 0.9700000
[2026-01-16 04:02:51,418] [INFO] - [ 5600/10346] | Cost: 0.5507268 | Accuracy: 0.9400000
[2026-01-16 04:04:49,650] [INFO] - [ 5700/10346] | Cost: 0.5488546 | Accuracy: 0.9900000
[2026-01-16 04:06:51,237] [INFO] - [ 5800/10346] | Cost: 0.5451838 | Accuracy: 0.9400000
[2026-01-16 04:08:59,163] [INFO] - [ 5900/10346] | Cost: 0.5612995 | Accuracy: 0.8900000
[2026-01-16 04:11:03,865] [INFO] - [ 6000/10346] | Cost: 0.5694048 | Accuracy: 0.8300000
[2026-01-16 04:13:06,984] [INFO] - [ 6100/10346] | Cost: 0.5461375 | Accuracy: 0.8800000
[2026-01-16 04:15:11,761] [INFO] - [ 6200/10346] | Cost: 0.5558206 | Accuracy: 0.8600000
[2026-01-16 04:17:17,068] [INFO] - [ 6300/10346] | Cost: 0.5720134 | Accuracy: 0.8300000
[2026-01-16 04:19:14,777] [INFO] - [ 6400/10346] | Cost: 0.5472044 | Accuracy: 0.8900000
[2026-01-16 04:21:16,838] [INFO] - [ 6500/10346] | Cost: 0.5284038 | Accuracy: 0.9700000
[2026-01-16 04:23:13,884] [INFO] - [ 6600/10346] | Cost: 0.5565619 | Accuracy: 0.9100000
[2026-01-16 04:25:21,501] [INFO] - [ 6700/10346] | Cost: 0.5497781 | Accuracy: 0.9700000
[2026-01-16 04:27:20,092] [INFO] - [ 6800/10346] | Cost: 0.5474200 | Accuracy: 0.9600000
[2026-01-16 04:29:31,028] [INFO] - [ 6900/10346] | Cost: 0.5400094 | Accuracy: 0.9800000
[2026-01-16 04:31:34,162] [INFO] - [ 7000/10346] | Cost: 0.5405970 | Accuracy: 0.9500000
[2026-01-16 04:33:37,364] [INFO] - [ 7100/10346] | Cost: 0.5445722 | Accuracy: 0.9400000
[2026-01-16 04:35:50,536] [INFO] - [ 7200/10346] | Cost: 0.5414453 | Accuracy: 0.9900000
[2026-01-16 04:37:51,360] [INFO] - [ 7300/10346] | Cost: 0.5451174 | Accuracy: 0.9500000
[2026-01-16 04:39:49,984] [INFO] - [ 7400/10346] | Cost: 0.5414989 | Accuracy: 0.9800000
[2026-01-16 04:42:11,339] [INFO] - [ 7500/10346] | Cost: 0.5380647 | Accuracy: 0.9600000
[2026-01-16 04:44:11,701] [INFO] - [ 7600/10346] | Cost: 0.5379059 | Accuracy: 0.9500000
[2026-01-16 04:46:21,465] [INFO] - [ 7700/10346] | Cost: 0.5368323 | Accuracy: 0.9200000
[2026-01-16 04:48:18,532] [INFO] - [ 7800/10346] | Cost: 0.5402101 | Accuracy: 0.9000000
[2026-01-16 04:50:20,575] [INFO] - [ 7900/10346] | Cost: 0.5442265 | Accuracy: 0.8900000
[2026-01-16 04:52:31,093] [INFO] - [ 8000/10346] | Cost: 0.5629957 | Accuracy: 0.8400000
[2026-01-16 04:54:04,743] [INFO] - [ 8100/10346] | Cost: 0.5587518 | Accuracy: 0.9000000
[2026-01-16 04:56:20,562] [INFO] - [ 8200/10346] | Cost: 0.5484955 | Accuracy: 0.9700000
[2026-01-16 04:58:13,910] [INFO] - [ 8300/10346] | Cost: 0.5444881 | Accuracy: 0.9600000
[2026-01-16 05:00:19,935] [INFO] - [ 8400/10346] | Cost: 0.5438980 | Accuracy: 1.0000000
[2026-01-16 05:02:35,434] [INFO] - [ 8500/10346] | Cost: 0.5390952 | Accuracy: 0.9800000
[2026-01-16 05:04:39,128] [INFO] - [ 8600/10346] | Cost: 0.5392240 | Accuracy: 0.9700000
[2026-01-16 05:06:44,639] [INFO] - [ 8700/10346] | Cost: 0.5421509 | Accuracy: 0.9700000
[2026-01-16 05:08:47,046] [INFO] - [ 8800/10346] | Cost: 0.5450985 | Accuracy: 0.9600000
[2026-01-16 05:10:56,422] [INFO] - [ 8900/10346] | Cost: 0.5355942 | Accuracy: 0.9700000
[2026-01-16 05:13:09,986] [INFO] - [ 9000/10346] | Cost: 0.5431851 | Accuracy: 0.9700000
[2026-01-16 05:15:18,227] [INFO] - [ 9100/10346] | Cost: 0.5426430 | Accuracy: 0.9200000
[2026-01-16 05:17:27,478] [INFO] - [ 9200/10346] | Cost: 0.5454642 | Accuracy: 0.9200000
[2026-01-16 05:19:42,609] [INFO] - [ 9300/10346] | Cost: 0.5417267 | Accuracy: 0.9600000
[2026-01-16 05:21:44,612] [INFO] - [ 9400/10346] | Cost: 0.5377897 | Accuracy: 0.9700000
[2026-01-16 05:24:06,098] [INFO] - [ 9500/10346] | Cost: 0.5405070 | Accuracy: 0.9700000
[2026-01-16 05:26:03,032] [INFO] - [ 9600/10346] | Cost: 0.5302375 | Accuracy: 1.0000000
[2026-01-16 05:28:19,728] [INFO] - [ 9700/10346] | Cost: 0.5362623 | Accuracy: 0.9700000
[2026-01-16 05:30:17,845] [INFO] - [ 9800/10346] | Cost: 0.5341403 | Accuracy: 0.9600000
[2026-01-16 05:32:32,148] [INFO] - [ 9900/10346] | Cost: 0.5603523 | Accuracy: 0.9300000
[2026-01-16 05:34:33,078] [INFO] - [10000/10346] | Cost: 0.5316234 | Accuracy: 0.9600000
[2026-01-16 05:36:10,498] [INFO] - [10100/10346] | Cost: 0.5446303 | Accuracy: 0.9600000
[2026-01-16 05:38:32,082] [INFO] - [10200/10346] | Cost: 0.5383778 | Accuracy: 0.9400000
[2026-01-16 05:40:31,139] [INFO] - [10300/10346] | Cost: 0.5439743 | Accuracy: 0.9100000
[2026-01-16 05:41:19,138] [INFO] - [10400/10346] | Cost: 0.5220733 | Accuracy: 1.0000000
[2026-01-16 06:17:28,007] [INFO] - Model dict saved to /workspace/persistent/embedding_colosseum/multirun/2026-01-15/22-04-31/41/saved_models/model_epoch-0.pt
[2026-01-16 06:17:28,019] [INFO] - Validation for epoch   0 | Cost: 0.5408097 | Accuracy: 0.9397381
