[2026-01-18 03:32:59,232] [INFO] - seed: 1
image_preprocessing: ContrastScaling
training:
  epochs: 1
  batch_size: 100
  image_width: 32
  lr: 0.05
model:
  num_layers: 3
dataset:
  num_classes: 2
  binary: true
  name: eurosat_rgb
  image_width_sweep: '64'
  orig_width: 64
embedding:
  name: ZZFeatureMap
  pca: true
  supports_color: true

[2026-01-18 03:32:59,237] [INFO] - Using cuda.
[2026-01-18 03:32:59,277] [INFO] - Dataset: eurosat_rgb | Train Size: 4200 | Validation Size: 1200 | Test Size: 600
[2026-01-18 03:32:59,279] [INFO] - Applying PCA Loader to the dataset
[2026-01-18 03:33:03,129] [INFO] - Initiate model
[2026-01-18 03:33:03,195] [INFO] - Weights Shape: torch.Size([3, 6, 3])
[2026-01-18 03:33:03,197] [INFO] - Bias Shape: torch.Size([2])
[2026-01-18 03:33:38,450] [INFO] - [  100/ 4200] | Cost: 0.8238103 | Accuracy: 0.3900000
[2026-01-18 03:34:13,587] [INFO] - [  200/ 4200] | Cost: 0.7538275 | Accuracy: 0.3400000
[2026-01-18 03:34:48,679] [INFO] - [  300/ 4200] | Cost: 0.7254393 | Accuracy: 0.1000000
[2026-01-18 03:35:23,881] [INFO] - [  400/ 4200] | Cost: 0.6938523 | Accuracy: 0.5800000
[2026-01-18 03:35:59,083] [INFO] - [  500/ 4200] | Cost: 0.7160811 | Accuracy: 0.4500000
[2026-01-18 03:36:34,024] [INFO] - [  600/ 4200] | Cost: 0.6791384 | Accuracy: 0.5300000
[2026-01-18 03:37:09,114] [INFO] - [  700/ 4200] | Cost: 0.6812407 | Accuracy: 0.4700000
[2026-01-18 03:37:44,325] [INFO] - [  800/ 4200] | Cost: 0.6736616 | Accuracy: 0.5100000
[2026-01-18 03:38:19,405] [INFO] - [  900/ 4200] | Cost: 0.6475968 | Accuracy: 0.6100000
[2026-01-18 03:38:54,612] [INFO] - [ 1000/ 4200] | Cost: 0.6274174 | Accuracy: 0.7600000
[2026-01-18 03:39:29,811] [INFO] - [ 1100/ 4200] | Cost: 0.6183620 | Accuracy: 0.8500000
[2026-01-18 03:40:04,828] [INFO] - [ 1200/ 4200] | Cost: 0.5916535 | Accuracy: 0.9500000
[2026-01-18 03:40:40,030] [INFO] - [ 1300/ 4200] | Cost: 0.5786778 | Accuracy: 0.9600000
[2026-01-18 03:41:15,184] [INFO] - [ 1400/ 4200] | Cost: 0.5744787 | Accuracy: 0.9600000
[2026-01-18 03:41:50,290] [INFO] - [ 1500/ 4200] | Cost: 0.5386344 | Accuracy: 0.9900000
[2026-01-18 03:42:25,516] [INFO] - [ 1600/ 4200] | Cost: 0.5293543 | Accuracy: 0.9800000
[2026-01-18 03:43:00,693] [INFO] - [ 1700/ 4200] | Cost: 0.5113663 | Accuracy: 0.9800000
[2026-01-18 03:43:35,647] [INFO] - [ 1800/ 4200] | Cost: 0.5501227 | Accuracy: 0.9600000
[2026-01-18 03:44:10,751] [INFO] - [ 1900/ 4200] | Cost: 0.4874834 | Accuracy: 0.9800000
[2026-01-18 03:44:45,880] [INFO] - [ 2000/ 4200] | Cost: 0.5124475 | Accuracy: 0.9700000
[2026-01-18 03:45:20,980] [INFO] - [ 2100/ 4200] | Cost: 0.4852366 | Accuracy: 0.9400000
[2026-01-18 03:45:56,138] [INFO] - [ 2200/ 4200] | Cost: 0.4697691 | Accuracy: 0.9800000
[2026-01-18 03:46:31,058] [INFO] - [ 2300/ 4200] | Cost: 0.4410040 | Accuracy: 0.9600000
[2026-01-18 03:47:06,166] [INFO] - [ 2400/ 4200] | Cost: 0.4633740 | Accuracy: 0.8700000
[2026-01-18 03:47:41,234] [INFO] - [ 2500/ 4200] | Cost: 0.4370862 | Accuracy: 0.9300000
[2026-01-18 03:48:16,316] [INFO] - [ 2600/ 4200] | Cost: 0.4407521 | Accuracy: 0.8700000
[2026-01-18 03:48:51,390] [INFO] - [ 2700/ 4200] | Cost: 0.4305010 | Accuracy: 0.8800000
[2026-01-18 03:49:26,331] [INFO] - [ 2800/ 4200] | Cost: 0.3811274 | Accuracy: 0.9600000
[2026-01-18 03:50:01,498] [INFO] - [ 2900/ 4200] | Cost: 0.4343003 | Accuracy: 0.8500000
[2026-01-18 03:50:36,585] [INFO] - [ 3000/ 4200] | Cost: 0.4419782 | Accuracy: 0.8600000
[2026-01-18 03:51:11,638] [INFO] - [ 3100/ 4200] | Cost: 0.4287833 | Accuracy: 0.8700000
[2026-01-18 03:51:46,759] [INFO] - [ 3200/ 4200] | Cost: 0.3970434 | Accuracy: 0.8900000
[2026-01-18 03:52:21,892] [INFO] - [ 3300/ 4200] | Cost: 0.4057356 | Accuracy: 0.8900000
[2026-01-18 03:52:56,805] [INFO] - [ 3400/ 4200] | Cost: 0.3803798 | Accuracy: 0.9200000
[2026-01-18 03:53:31,880] [INFO] - [ 3500/ 4200] | Cost: 0.4260076 | Accuracy: 0.8800000
[2026-01-18 03:54:06,958] [INFO] - [ 3600/ 4200] | Cost: 0.3643780 | Accuracy: 0.9400000
[2026-01-18 03:54:42,076] [INFO] - [ 3700/ 4200] | Cost: 0.3826275 | Accuracy: 0.9400000
[2026-01-18 03:55:17,196] [INFO] - [ 3800/ 4200] | Cost: 0.3831662 | Accuracy: 0.9200000
[2026-01-18 03:55:52,107] [INFO] - [ 3900/ 4200] | Cost: 0.3857160 | Accuracy: 0.9500000
[2026-01-18 03:56:27,236] [INFO] - [ 4000/ 4200] | Cost: 0.3744110 | Accuracy: 0.9800000
[2026-01-18 03:57:02,269] [INFO] - [ 4100/ 4200] | Cost: 0.3549851 | Accuracy: 0.9700000
[2026-01-18 03:57:36,767] [INFO] - [ 4200/ 4200] | Cost: 0.3837168 | Accuracy: 0.9500000
[2026-01-18 03:57:53,944] [INFO] - Model dict saved to /workspace/persistent/embedding_colosseum/multirun/2026-01-18/02-06-25/42/saved_models/model_epoch-0.pt
[2026-01-18 03:57:53,945] [INFO] - Validation for epoch   0 | Cost: 0.3946309 | Accuracy: 0.9633333
