[2026-01-17 18:14:15,970] [INFO] - seed: 0
image_preprocessing: GaussianBlur
training:
  epochs: 1
  batch_size: 100
  image_width: 32
  lr: 0.05
model:
  num_layers: 3
dataset:
  num_classes: 2
  binary: true
  name: cifar10
  image_width_sweep: '32'
  orig_width: 32
embedding:
  name: ZZFeatureMap
  pca: true
  supports_color: true

[2026-01-17 18:14:15,972] [INFO] - Using cuda.
[2026-01-17 18:14:17,368] [INFO] - Dataset: cifar10 | Train Size: 8400 | Validation Size: 2400 | Test Size: 1200
[2026-01-17 18:14:17,371] [INFO] - Applying PCA Loader to the dataset
[2026-01-17 18:14:23,631] [INFO] - Initiate model
[2026-01-17 18:14:23,706] [INFO] - Weights Shape: torch.Size([3, 6, 3])
[2026-01-17 18:14:23,707] [INFO] - Bias Shape: torch.Size([2])
[2026-01-17 18:15:13,368] [INFO] - [  100/ 8400] | Cost: 0.6965533 | Accuracy: 0.4800000
[2026-01-17 18:16:04,252] [INFO] - [  200/ 8400] | Cost: 0.7067247 | Accuracy: 0.4600000
[2026-01-17 18:16:57,515] [INFO] - [  300/ 8400] | Cost: 0.6803357 | Accuracy: 0.5400000
[2026-01-17 18:17:51,032] [INFO] - [  400/ 8400] | Cost: 0.6861923 | Accuracy: 0.5400000
[2026-01-17 18:18:44,521] [INFO] - [  500/ 8400] | Cost: 0.6654156 | Accuracy: 0.6500000
[2026-01-17 18:19:37,984] [INFO] - [  600/ 8400] | Cost: 0.6655838 | Accuracy: 0.6400000
[2026-01-17 18:20:31,488] [INFO] - [  700/ 8400] | Cost: 0.6668454 | Accuracy: 0.5900000
[2026-01-17 18:21:24,984] [INFO] - [  800/ 8400] | Cost: 0.6695073 | Accuracy: 0.6000000
[2026-01-17 18:22:18,228] [INFO] - [  900/ 8400] | Cost: 0.6405634 | Accuracy: 0.6400000
[2026-01-17 18:23:11,694] [INFO] - [ 1000/ 8400] | Cost: 0.6084306 | Accuracy: 0.7900000
[2026-01-17 18:24:05,142] [INFO] - [ 1100/ 8400] | Cost: 0.6206645 | Accuracy: 0.7400000
[2026-01-17 18:24:58,580] [INFO] - [ 1200/ 8400] | Cost: 0.6330401 | Accuracy: 0.6500000
[2026-01-17 18:25:52,027] [INFO] - [ 1300/ 8400] | Cost: 0.6304976 | Accuracy: 0.6700000
[2026-01-17 18:26:45,507] [INFO] - [ 1400/ 8400] | Cost: 0.5981033 | Accuracy: 0.7500000
[2026-01-17 18:27:38,761] [INFO] - [ 1500/ 8400] | Cost: 0.6058987 | Accuracy: 0.6600000
[2026-01-17 18:28:32,219] [INFO] - [ 1600/ 8400] | Cost: 0.6137335 | Accuracy: 0.7100000
[2026-01-17 18:29:25,680] [INFO] - [ 1700/ 8400] | Cost: 0.5915696 | Accuracy: 0.7000000
[2026-01-17 18:30:19,158] [INFO] - [ 1800/ 8400] | Cost: 0.6054731 | Accuracy: 0.7000000
[2026-01-17 18:31:12,629] [INFO] - [ 1900/ 8400] | Cost: 0.5918166 | Accuracy: 0.7200000
[2026-01-17 18:32:05,883] [INFO] - [ 2000/ 8400] | Cost: 0.6071974 | Accuracy: 0.6700000
[2026-01-17 18:32:59,320] [INFO] - [ 2100/ 8400] | Cost: 0.6005255 | Accuracy: 0.6900000
[2026-01-17 18:33:52,801] [INFO] - [ 2200/ 8400] | Cost: 0.6437550 | Accuracy: 0.6000000
[2026-01-17 18:34:46,288] [INFO] - [ 2300/ 8400] | Cost: 0.5933788 | Accuracy: 0.7300000
[2026-01-17 18:35:39,748] [INFO] - [ 2400/ 8400] | Cost: 0.5838712 | Accuracy: 0.6800000
[2026-01-17 18:36:33,219] [INFO] - [ 2500/ 8400] | Cost: 0.6369185 | Accuracy: 0.6600000
[2026-01-17 18:37:26,559] [INFO] - [ 2600/ 8400] | Cost: 0.5685905 | Accuracy: 0.7000000
[2026-01-17 18:38:20,045] [INFO] - [ 2700/ 8400] | Cost: 0.5921937 | Accuracy: 0.7100000
[2026-01-17 18:39:13,555] [INFO] - [ 2800/ 8400] | Cost: 0.5647966 | Accuracy: 0.7600000
[2026-01-17 18:40:07,047] [INFO] - [ 2900/ 8400] | Cost: 0.5681009 | Accuracy: 0.7500000
[2026-01-17 18:41:00,541] [INFO] - [ 3000/ 8400] | Cost: 0.6171842 | Accuracy: 0.7600000
[2026-01-17 18:41:54,059] [INFO] - [ 3100/ 8400] | Cost: 0.6002471 | Accuracy: 0.7100000
[2026-01-17 18:42:47,350] [INFO] - [ 3200/ 8400] | Cost: 0.6007864 | Accuracy: 0.6600000
[2026-01-17 18:43:40,818] [INFO] - [ 3300/ 8400] | Cost: 0.6317686 | Accuracy: 0.6400000
[2026-01-17 18:44:34,311] [INFO] - [ 3400/ 8400] | Cost: 0.6214633 | Accuracy: 0.7000000
[2026-01-17 18:45:27,799] [INFO] - [ 3500/ 8400] | Cost: 0.6276297 | Accuracy: 0.6900000
[2026-01-17 18:46:21,269] [INFO] - [ 3600/ 8400] | Cost: 0.5789964 | Accuracy: 0.6900000
[2026-01-17 18:47:14,441] [INFO] - [ 3700/ 8400] | Cost: 0.5762228 | Accuracy: 0.6800000
[2026-01-17 18:47:59,200] [INFO] - [ 3800/ 8400] | Cost: 0.5277865 | Accuracy: 0.7800000
[2026-01-17 18:48:52,434] [INFO] - [ 3900/ 8400] | Cost: 0.5632063 | Accuracy: 0.7500000
[2026-01-17 18:49:45,940] [INFO] - [ 4000/ 8400] | Cost: 0.5703129 | Accuracy: 0.7000000
[2026-01-17 18:50:39,372] [INFO] - [ 4100/ 8400] | Cost: 0.6001618 | Accuracy: 0.6800000
[2026-01-17 18:51:32,901] [INFO] - [ 4200/ 8400] | Cost: 0.5856602 | Accuracy: 0.7100000
[2026-01-17 18:52:26,169] [INFO] - [ 4300/ 8400] | Cost: 0.6586108 | Accuracy: 0.6100000
[2026-01-17 18:53:19,657] [INFO] - [ 4400/ 8400] | Cost: 0.6587083 | Accuracy: 0.6200000
[2026-01-17 18:54:13,105] [INFO] - [ 4500/ 8400] | Cost: 0.6303322 | Accuracy: 0.6700000
[2026-01-17 18:55:06,570] [INFO] - [ 4600/ 8400] | Cost: 0.6187600 | Accuracy: 0.6500000
[2026-01-17 18:56:00,023] [INFO] - [ 4700/ 8400] | Cost: 0.5944130 | Accuracy: 0.6600000
[2026-01-17 18:56:53,544] [INFO] - [ 4800/ 8400] | Cost: 0.5846868 | Accuracy: 0.7100000
[2026-01-17 18:57:46,783] [INFO] - [ 4900/ 8400] | Cost: 0.6053441 | Accuracy: 0.6800000
[2026-01-17 18:58:37,838] [INFO] - [ 5000/ 8400] | Cost: 0.5758129 | Accuracy: 0.6900000
[2026-01-17 18:59:24,942] [INFO] - [ 5100/ 8400] | Cost: 0.5460150 | Accuracy: 0.7500000
[2026-01-17 19:00:18,414] [INFO] - [ 5200/ 8400] | Cost: 0.5624541 | Accuracy: 0.7200000
[2026-01-17 19:01:11,829] [INFO] - [ 5300/ 8400] | Cost: 0.5985960 | Accuracy: 0.6900000
[2026-01-17 19:02:05,119] [INFO] - [ 5400/ 8400] | Cost: 0.5608150 | Accuracy: 0.7100000
[2026-01-17 19:02:58,543] [INFO] - [ 5500/ 8400] | Cost: 0.6250723 | Accuracy: 0.6800000
[2026-01-17 19:03:52,040] [INFO] - [ 5600/ 8400] | Cost: 0.5981519 | Accuracy: 0.6500000
[2026-01-17 19:04:38,376] [INFO] - [ 5700/ 8400] | Cost: 0.5910375 | Accuracy: 0.6700000
[2026-01-17 19:05:31,809] [INFO] - [ 5800/ 8400] | Cost: 0.5792171 | Accuracy: 0.6900000
[2026-01-17 19:06:25,253] [INFO] - [ 5900/ 8400] | Cost: 0.5950557 | Accuracy: 0.7000000
[2026-01-17 19:07:18,529] [INFO] - [ 6000/ 8400] | Cost: 0.5589846 | Accuracy: 0.7000000
[2026-01-17 19:08:11,996] [INFO] - [ 6100/ 8400] | Cost: 0.5978828 | Accuracy: 0.6800000
[2026-01-17 19:09:05,399] [INFO] - [ 6200/ 8400] | Cost: 0.6099913 | Accuracy: 0.6900000
[2026-01-17 19:09:58,834] [INFO] - [ 6300/ 8400] | Cost: 0.6126640 | Accuracy: 0.7500000
[2026-01-17 19:10:52,276] [INFO] - [ 6400/ 8400] | Cost: 0.5672743 | Accuracy: 0.7400000
[2026-01-17 19:11:45,576] [INFO] - [ 6500/ 8400] | Cost: 0.5843394 | Accuracy: 0.7300000
[2026-01-17 19:12:39,013] [INFO] - [ 6600/ 8400] | Cost: 0.6100324 | Accuracy: 0.7000000
[2026-01-17 19:13:32,464] [INFO] - [ 6700/ 8400] | Cost: 0.5163539 | Accuracy: 0.7600000
[2026-01-17 19:14:25,884] [INFO] - [ 6800/ 8400] | Cost: 0.6277759 | Accuracy: 0.6500000
[2026-01-17 19:15:19,185] [INFO] - [ 6900/ 8400] | Cost: 0.6047997 | Accuracy: 0.7000000
[2026-01-17 19:16:02,853] [INFO] - [ 7000/ 8400] | Cost: 0.6351802 | Accuracy: 0.6600000
[2026-01-17 19:16:45,292] [INFO] - [ 7100/ 8400] | Cost: 0.5531828 | Accuracy: 0.7500000
[2026-01-17 19:17:27,774] [INFO] - [ 7200/ 8400] | Cost: 0.5375614 | Accuracy: 0.7900000
[2026-01-17 19:18:10,360] [INFO] - [ 7300/ 8400] | Cost: 0.6390690 | Accuracy: 0.6000000
[2026-01-17 19:19:03,856] [INFO] - [ 7400/ 8400] | Cost: 0.5394628 | Accuracy: 0.7600000
[2026-01-17 19:19:57,361] [INFO] - [ 7500/ 8400] | Cost: 0.5456753 | Accuracy: 0.7300000
[2026-01-17 19:20:42,347] [INFO] - [ 7600/ 8400] | Cost: 0.5495229 | Accuracy: 0.7500000
[2026-01-17 19:21:28,965] [INFO] - [ 7700/ 8400] | Cost: 0.5972002 | Accuracy: 0.6700000
