[2026-01-18 23:15:57,057] [INFO] - seed: 0
image_preprocessing: None
training:
  epochs: 1
  batch_size: 100
  image_width: 32
  lr: 0.05
model:
  num_layers: 3
dataset:
  num_classes: 2
  binary: true
  name: mnist
  image_width_sweep: 16,32
  orig_width: 28
embedding:
  name: NEQR
  pca: false
  supports_color: true

[2026-01-18 23:15:57,062] [INFO] - Using cuda.
[2026-01-18 23:15:57,958] [INFO] - Dataset: mnist | Train Size: 10346 | Validation Size: 2956 | Test Size: 1478
[2026-01-18 23:15:57,961] [INFO] - Initiate model
[2026-01-18 23:16:01,933] [INFO] - Weights Shape: torch.Size([3, 18, 3])
[2026-01-18 23:16:01,934] [INFO] - Bias Shape: torch.Size([2])
[2026-01-18 23:35:02,144] [INFO] - [  100/10346] | Cost: 0.6938513 | Accuracy: 0.4900000
[2026-01-18 23:53:49,044] [INFO] - [  200/10346] | Cost: 0.6916273 | Accuracy: 0.5200000
[2026-01-19 00:12:53,923] [INFO] - [  300/10346] | Cost: 0.6954536 | Accuracy: 0.4900000
[2026-01-19 00:31:25,415] [INFO] - [  400/10346] | Cost: 0.6880643 | Accuracy: 0.5300000
[2026-01-19 00:50:31,634] [INFO] - [  500/10346] | Cost: 0.6867340 | Accuracy: 0.5300000
[2026-01-19 01:09:37,515] [INFO] - [  600/10346] | Cost: 0.6905850 | Accuracy: 0.4100000
[2026-01-19 01:28:50,445] [INFO] - [  700/10346] | Cost: 0.6827002 | Accuracy: 1.0000000
[2026-01-19 01:47:51,852] [INFO] - [  800/10346] | Cost: 0.6808091 | Accuracy: 0.4900000
[2026-01-19 02:06:37,150] [INFO] - [  900/10346] | Cost: 0.6799099 | Accuracy: 0.4700000
[2026-01-19 02:24:51,615] [INFO] - [ 1000/10346] | Cost: 0.6706886 | Accuracy: 1.0000000
[2026-01-19 02:43:21,915] [INFO] - [ 1100/10346] | Cost: 0.6659200 | Accuracy: 0.8900000
[2026-01-19 03:02:13,516] [INFO] - [ 1200/10346] | Cost: 0.6605541 | Accuracy: 0.7400000
[2026-01-19 03:21:33,852] [INFO] - [ 1300/10346] | Cost: 0.6535205 | Accuracy: 0.6300000
[2026-01-19 03:40:57,723] [INFO] - [ 1400/10346] | Cost: 0.6384816 | Accuracy: 0.5900000
[2026-01-19 03:59:39,238] [INFO] - [ 1500/10346] | Cost: 0.6428168 | Accuracy: 0.5400000
[2026-01-19 04:18:05,115] [INFO] - [ 1600/10346] | Cost: 0.6101867 | Accuracy: 0.6600000
[2026-01-19 04:36:24,032] [INFO] - [ 1700/10346] | Cost: 0.6227284 | Accuracy: 0.5800000
[2026-01-19 04:55:01,547] [INFO] - [ 1800/10346] | Cost: 0.6227275 | Accuracy: 0.5900000
[2026-01-19 05:14:16,753] [INFO] - [ 1900/10346] | Cost: 0.6340372 | Accuracy: 0.5500000
[2026-01-19 05:33:24,217] [INFO] - [ 2000/10346] | Cost: 0.6480098 | Accuracy: 0.5100000
[2026-01-19 05:52:36,848] [INFO] - [ 2100/10346] | Cost: 0.6361187 | Accuracy: 0.5200000
[2026-01-19 06:11:23,254] [INFO] - [ 2200/10346] | Cost: 0.6196917 | Accuracy: 0.5400000
[2026-01-19 06:30:18,144] [INFO] - [ 2300/10346] | Cost: 0.6485056 | Accuracy: 0.4400000
[2026-01-19 06:49:09,616] [INFO] - [ 2400/10346] | Cost: 0.6081545 | Accuracy: 0.6400000
[2026-01-19 07:08:01,016] [INFO] - [ 2500/10346] | Cost: 0.6019513 | Accuracy: 0.7200000
[2026-01-19 07:26:28,117] [INFO] - [ 2600/10346] | Cost: 0.6192739 | Accuracy: 0.8100000
[2026-01-19 07:43:42,953] [INFO] - [ 2700/10346] | Cost: 0.5925685 | Accuracy: 0.9400000
[2026-01-19 08:00:49,458] [INFO] - [ 2800/10346] | Cost: 0.5936730 | Accuracy: 0.9800000
[2026-01-19 08:17:58,453] [INFO] - [ 2900/10346] | Cost: 0.5892922 | Accuracy: 0.9600000
[2026-01-19 08:35:08,220] [INFO] - [ 3000/10346] | Cost: 0.5935296 | Accuracy: 0.9600000
[2026-01-19 08:52:06,715] [INFO] - [ 3100/10346] | Cost: 0.5980622 | Accuracy: 0.9400000
