[2026-01-17 17:36:52,321] [INFO] - seed: 0
image_preprocessing: HomomorphicFilter
training:
  epochs: 1
  batch_size: 100
  image_width: 32
  lr: 0.05
model:
  num_layers: 3
dataset:
  num_classes: 2
  binary: true
  name: eurosat_rgb
  image_width_sweep: '64'
  orig_width: 64
embedding:
  name: ZZFeatureMap
  pca: true
  supports_color: true

[2026-01-17 17:36:52,323] [INFO] - Using cuda.
[2026-01-17 17:36:52,373] [INFO] - Dataset: eurosat_rgb | Train Size: 4200 | Validation Size: 1200 | Test Size: 600
[2026-01-17 17:36:52,375] [INFO] - Applying PCA Loader to the dataset
[2026-01-17 17:36:57,867] [INFO] - Initiate model
[2026-01-17 17:36:57,869] [INFO] - Weights Shape: torch.Size([3, 6, 3])
[2026-01-17 17:36:57,870] [INFO] - Bias Shape: torch.Size([2])
[2026-01-17 17:37:40,570] [INFO] - [  100/ 4200] | Cost: 0.8122835 | Accuracy: 0.3900000
[2026-01-17 17:38:32,787] [INFO] - [  200/ 4200] | Cost: 0.7696497 | Accuracy: 0.3200000
[2026-01-17 17:39:26,336] [INFO] - [  300/ 4200] | Cost: 0.7281162 | Accuracy: 0.3400000
[2026-01-17 17:40:19,816] [INFO] - [  400/ 4200] | Cost: 0.7405671 | Accuracy: 0.4600000
[2026-01-17 17:41:13,301] [INFO] - [  500/ 4200] | Cost: 0.6896471 | Accuracy: 0.5800000
[2026-01-17 17:42:06,856] [INFO] - [  600/ 4200] | Cost: 0.6931089 | Accuracy: 0.5600000
[2026-01-17 17:43:00,182] [INFO] - [  700/ 4200] | Cost: 0.7069318 | Accuracy: 0.5100000
[2026-01-17 17:43:53,700] [INFO] - [  800/ 4200] | Cost: 0.7128246 | Accuracy: 0.4400000
[2026-01-17 17:44:47,180] [INFO] - [  900/ 4200] | Cost: 0.6715636 | Accuracy: 0.5900000
[2026-01-17 17:45:40,668] [INFO] - [ 1000/ 4200] | Cost: 0.6882038 | Accuracy: 0.5300000
[2026-01-17 17:46:34,000] [INFO] - [ 1100/ 4200] | Cost: 0.6947117 | Accuracy: 0.5300000
[2026-01-17 17:47:27,569] [INFO] - [ 1200/ 4200] | Cost: 0.6800035 | Accuracy: 0.6000000
[2026-01-17 17:48:21,075] [INFO] - [ 1300/ 4200] | Cost: 0.6728432 | Accuracy: 0.6500000
[2026-01-17 17:49:14,575] [INFO] - [ 1400/ 4200] | Cost: 0.6755977 | Accuracy: 0.6300000
[2026-01-17 17:50:08,060] [INFO] - [ 1500/ 4200] | Cost: 0.6665900 | Accuracy: 0.6300000
[2026-01-17 17:51:01,578] [INFO] - [ 1600/ 4200] | Cost: 0.6475975 | Accuracy: 0.7600000
[2026-01-17 17:51:54,924] [INFO] - [ 1700/ 4200] | Cost: 0.6396674 | Accuracy: 0.7700000
[2026-01-17 17:52:48,384] [INFO] - [ 1800/ 4200] | Cost: 0.6556394 | Accuracy: 0.6800000
[2026-01-17 17:53:41,855] [INFO] - [ 1900/ 4200] | Cost: 0.6313995 | Accuracy: 0.8100000
[2026-01-17 17:54:35,304] [INFO] - [ 2000/ 4200] | Cost: 0.6472356 | Accuracy: 0.6400000
[2026-01-17 17:55:28,775] [INFO] - [ 2100/ 4200] | Cost: 0.6397819 | Accuracy: 0.6500000
[2026-01-17 17:56:22,111] [INFO] - [ 2200/ 4200] | Cost: 0.6288212 | Accuracy: 0.7100000
[2026-01-17 17:57:15,584] [INFO] - [ 2300/ 4200] | Cost: 0.6335053 | Accuracy: 0.7200000
[2026-01-17 17:58:09,075] [INFO] - [ 2400/ 4200] | Cost: 0.6197419 | Accuracy: 0.7600000
[2026-01-17 17:59:02,570] [INFO] - [ 2500/ 4200] | Cost: 0.6374364 | Accuracy: 0.7200000
[2026-01-17 17:59:56,084] [INFO] - [ 2600/ 4200] | Cost: 0.6365237 | Accuracy: 0.7000000
[2026-01-17 18:00:49,557] [INFO] - [ 2700/ 4200] | Cost: 0.6500685 | Accuracy: 0.6600000
[2026-01-17 18:01:42,901] [INFO] - [ 2800/ 4200] | Cost: 0.6194700 | Accuracy: 0.7600000
[2026-01-17 18:02:36,395] [INFO] - [ 2900/ 4200] | Cost: 0.5986491 | Accuracy: 0.7600000
[2026-01-17 18:03:29,897] [INFO] - [ 3000/ 4200] | Cost: 0.6161776 | Accuracy: 0.7600000
[2026-01-17 18:04:23,366] [INFO] - [ 3100/ 4200] | Cost: 0.6149863 | Accuracy: 0.7400000
[2026-01-17 18:05:16,849] [INFO] - [ 3200/ 4200] | Cost: 0.6274019 | Accuracy: 0.7000000
[2026-01-17 18:06:10,378] [INFO] - [ 3300/ 4200] | Cost: 0.6132392 | Accuracy: 0.7200000
[2026-01-17 18:07:03,650] [INFO] - [ 3400/ 4200] | Cost: 0.6030415 | Accuracy: 0.7900000
[2026-01-17 18:07:57,112] [INFO] - [ 3500/ 4200] | Cost: 0.6159483 | Accuracy: 0.6900000
[2026-01-17 18:08:50,586] [INFO] - [ 3600/ 4200] | Cost: 0.6004606 | Accuracy: 0.7700000
[2026-01-17 18:09:42,360] [INFO] - [ 3700/ 4200] | Cost: 0.5688742 | Accuracy: 0.8300000
[2026-01-17 18:10:30,108] [INFO] - [ 3800/ 4200] | Cost: 0.6330147 | Accuracy: 0.6800000
[2026-01-17 18:11:23,569] [INFO] - [ 3900/ 4200] | Cost: 0.6012045 | Accuracy: 0.7600000
[2026-01-17 18:12:16,837] [INFO] - [ 4000/ 4200] | Cost: 0.5883285 | Accuracy: 0.7300000
[2026-01-17 18:13:10,233] [INFO] - [ 4100/ 4200] | Cost: 0.5916545 | Accuracy: 0.7400000
[2026-01-17 18:14:02,407] [INFO] - [ 4200/ 4200] | Cost: 0.6112570 | Accuracy: 0.7600000
[2026-01-17 18:14:21,321] [INFO] - Model dict saved to /workspace/persistent/embedding_colosseum/multirun/2026-01-17/16-03-43/51/saved_models/model_epoch-0.pt
[2026-01-17 18:14:21,322] [INFO] - Validation for epoch   0 | Cost: 0.5984076 | Accuracy: 0.7733333
