[2026-01-18 23:04:06,538] [INFO] - seed: 0
image_preprocessing: None
training:
  epochs: 1
  batch_size: 100
  image_width: 4
  lr: 0.05
model:
  num_layers: 3
dataset:
  num_classes: 2
  binary: true
  name: cxr8
  image_width_sweep: 2,4,8,16,32
  orig_width: 1024
embedding:
  name: NEQR
  pca: false
  supports_color: true

[2026-01-18 23:04:06,542] [INFO] - Using cuda.
[2026-01-18 23:04:06,734] [INFO] - Dataset: cxr8 | Train Size: 2270 | Validation Size: 650 | Test Size: 324
[2026-01-18 23:04:06,737] [INFO] - Initiate model
[2026-01-18 23:04:07,034] [INFO] - Weights Shape: torch.Size([3, 12, 3])
[2026-01-18 23:04:07,035] [INFO] - Bias Shape: torch.Size([2])
[2026-01-18 23:06:49,032] [INFO] - [  100/ 2270] | Cost: 0.6942217 | Accuracy: 0.4800000
[2026-01-18 23:09:51,771] [INFO] - [  200/ 2270] | Cost: 0.6599138 | Accuracy: 0.8400000
[2026-01-18 23:12:49,743] [INFO] - [  300/ 2270] | Cost: 0.6284745 | Accuracy: 0.8500000
[2026-01-18 23:15:56,451] [INFO] - [  400/ 2270] | Cost: 0.6101687 | Accuracy: 0.8200000
[2026-01-18 23:22:22,440] [INFO] - [  500/ 2270] | Cost: 0.5533365 | Accuracy: 0.9000000
[2026-01-18 23:29:51,052] [INFO] - [  600/ 2270] | Cost: 0.5301815 | Accuracy: 0.8900000
[2026-01-18 23:37:11,723] [INFO] - [  700/ 2270] | Cost: 0.5406674 | Accuracy: 0.8300000
[2026-01-18 23:44:15,951] [INFO] - [  800/ 2270] | Cost: 0.5172750 | Accuracy: 0.8400000
[2026-01-18 23:51:28,354] [INFO] - [  900/ 2270] | Cost: 0.4846940 | Accuracy: 0.8600000
[2026-01-18 23:58:27,147] [INFO] - [ 1000/ 2270] | Cost: 0.4977651 | Accuracy: 0.8300000
[2026-01-19 00:05:50,854] [INFO] - [ 1100/ 2270] | Cost: 0.4484222 | Accuracy: 0.8700000
[2026-01-19 00:13:17,145] [INFO] - [ 1200/ 2270] | Cost: 0.4794098 | Accuracy: 0.8300000
[2026-01-19 00:20:44,515] [INFO] - [ 1300/ 2270] | Cost: 0.4503042 | Accuracy: 0.8500000
[2026-01-19 00:27:47,916] [INFO] - [ 1400/ 2270] | Cost: 0.5411810 | Accuracy: 0.7700000
[2026-01-19 00:34:59,816] [INFO] - [ 1500/ 2270] | Cost: 0.4508772 | Accuracy: 0.8400000
[2026-01-19 00:42:10,845] [INFO] - [ 1600/ 2270] | Cost: 0.4606696 | Accuracy: 0.8300000
[2026-01-19 00:49:37,115] [INFO] - [ 1700/ 2270] | Cost: 0.2886753 | Accuracy: 0.9500000
[2026-01-19 00:56:09,246] [INFO] - [ 1800/ 2270] | Cost: 0.2940321 | Accuracy: 0.9400000
[2026-01-19 01:03:39,845] [INFO] - [ 1900/ 2270] | Cost: 0.4100160 | Accuracy: 0.8600000
[2026-01-19 01:11:21,137] [INFO] - [ 2000/ 2270] | Cost: 0.4551081 | Accuracy: 0.8300000
[2026-01-19 01:17:55,752] [INFO] - [ 2100/ 2270] | Cost: 0.4740533 | Accuracy: 0.8200000
[2026-01-19 01:25:47,751] [INFO] - [ 2200/ 2270] | Cost: 0.3712879 | Accuracy: 0.8800000
[2026-01-19 01:30:34,835] [INFO] - [ 2300/ 2270] | Cost: 0.3851296 | Accuracy: 0.8714286
