[2026-01-18 23:04:08,224] [INFO] - seed: 0
image_preprocessing: GaussianBlur
training:
  epochs: 1
  batch_size: 100
  image_width: 4
  lr: 0.05
model:
  num_layers: 3
dataset:
  num_classes: 2
  binary: true
  name: cxr8
  image_width_sweep: 2,4,8,16,32
  orig_width: 1024
embedding:
  name: NEQR
  pca: false
  supports_color: true

[2026-01-18 23:04:08,228] [INFO] - Using cuda.
[2026-01-18 23:04:08,422] [INFO] - Dataset: cxr8 | Train Size: 2270 | Validation Size: 650 | Test Size: 324
[2026-01-18 23:04:08,426] [INFO] - Initiate model
[2026-01-18 23:04:08,725] [INFO] - Weights Shape: torch.Size([3, 12, 3])
[2026-01-18 23:04:08,727] [INFO] - Bias Shape: torch.Size([2])
[2026-01-18 23:06:54,884] [INFO] - [  100/ 2270] | Cost: 0.6928875 | Accuracy: 0.5200000
[2026-01-18 23:09:57,835] [INFO] - [  200/ 2270] | Cost: 0.6607400 | Accuracy: 0.8400000
[2026-01-18 23:12:56,784] [INFO] - [  300/ 2270] | Cost: 0.6300157 | Accuracy: 0.8500000
[2026-01-18 23:16:12,648] [INFO] - [  400/ 2270] | Cost: 0.6103249 | Accuracy: 0.8200000
[2026-01-18 23:22:41,115] [INFO] - [  500/ 2270] | Cost: 0.5552804 | Accuracy: 0.9000000
[2026-01-18 23:30:11,642] [INFO] - [  600/ 2270] | Cost: 0.5311269 | Accuracy: 0.8900000
[2026-01-18 23:37:31,824] [INFO] - [  700/ 2270] | Cost: 0.5417026 | Accuracy: 0.8300000
[2026-01-18 23:44:32,615] [INFO] - [  800/ 2270] | Cost: 0.5167603 | Accuracy: 0.8400000
[2026-01-18 23:51:47,148] [INFO] - [  900/ 2270] | Cost: 0.4855274 | Accuracy: 0.8600000
[2026-01-18 23:58:41,516] [INFO] - [ 1000/ 2270] | Cost: 0.4968397 | Accuracy: 0.8300000
[2026-01-19 00:06:07,115] [INFO] - [ 1100/ 2270] | Cost: 0.4485827 | Accuracy: 0.8700000
[2026-01-19 00:13:32,737] [INFO] - [ 1200/ 2270] | Cost: 0.4782825 | Accuracy: 0.8300000
[2026-01-19 00:20:56,553] [INFO] - [ 1300/ 2270] | Cost: 0.4493079 | Accuracy: 0.8500000
[2026-01-19 00:27:59,435] [INFO] - [ 1400/ 2270] | Cost: 0.5389790 | Accuracy: 0.7700000
[2026-01-19 00:35:09,116] [INFO] - [ 1500/ 2270] | Cost: 0.4504280 | Accuracy: 0.8400000
[2026-01-19 00:42:17,750] [INFO] - [ 1600/ 2270] | Cost: 0.4605800 | Accuracy: 0.8300000
[2026-01-19 00:49:42,634] [INFO] - [ 1700/ 2270] | Cost: 0.2879570 | Accuracy: 0.9500000
[2026-01-19 00:56:15,716] [INFO] - [ 1800/ 2270] | Cost: 0.2933021 | Accuracy: 0.9400000
[2026-01-19 01:03:42,634] [INFO] - [ 1900/ 2270] | Cost: 0.4089889 | Accuracy: 0.8600000
[2026-01-19 01:11:23,815] [INFO] - [ 2000/ 2270] | Cost: 0.4566610 | Accuracy: 0.8300000
[2026-01-19 01:17:59,340] [INFO] - [ 2100/ 2270] | Cost: 0.4728812 | Accuracy: 0.8200000
[2026-01-19 01:25:50,648] [INFO] - [ 2200/ 2270] | Cost: 0.3718511 | Accuracy: 0.8800000
[2026-01-19 01:30:36,943] [INFO] - [ 2300/ 2270] | Cost: 0.3842384 | Accuracy: 0.8714286
