[2026-01-16 16:31:24,462] [INFO] - seed: 0
image_preprocessing: MedianBlur
training:
  epochs: 1
  batch_size: 100
  image_width: 16
  lr: 0.05
model:
  num_layers: 3
dataset:
  num_classes: 2
  binary: true
  name: eurosat_rgb
  image_width_sweep: '64'
  orig_width: 64
embedding:
  name: OQIM
  pca: false
  supports_color: true

[2026-01-16 16:31:24,464] [INFO] - Using cuda.
[2026-01-16 16:31:24,504] [INFO] - Dataset: eurosat_rgb | Train Size: 4200 | Validation Size: 1200 | Test Size: 600
[2026-01-16 16:31:24,507] [INFO] - Initiate model
[2026-01-16 16:31:24,509] [INFO] - Weights Shape: torch.Size([3, 10, 3])
[2026-01-16 16:31:24,511] [INFO] - Bias Shape: torch.Size([2])
[2026-01-16 16:32:23,783] [INFO] - [  100/ 4200] | Cost: 0.6963598 | Accuracy: 0.4400000
[2026-01-16 16:33:32,742] [INFO] - [  200/ 4200] | Cost: 0.6759779 | Accuracy: 0.5700000
[2026-01-16 16:34:39,675] [INFO] - [  300/ 4200] | Cost: 0.6903724 | Accuracy: 0.4500000
[2026-01-16 16:35:45,171] [INFO] - [  400/ 4200] | Cost: 0.6785993 | Accuracy: 0.4700000
[2026-01-16 16:36:54,061] [INFO] - [  500/ 4200] | Cost: 0.6688971 | Accuracy: 0.4900000
[2026-01-16 16:37:53,510] [INFO] - [  600/ 4200] | Cost: 0.6504176 | Accuracy: 0.8700000
[2026-01-16 16:39:05,848] [INFO] - [  700/ 4200] | Cost: 0.6509593 | Accuracy: 0.9300000
[2026-01-16 16:40:13,058] [INFO] - [  800/ 4200] | Cost: 0.6447967 | Accuracy: 0.9300000
[2026-01-16 16:41:14,118] [INFO] - [  900/ 4200] | Cost: 0.6460603 | Accuracy: 0.7800000
[2026-01-16 16:42:15,920] [INFO] - [ 1000/ 4200] | Cost: 0.6359182 | Accuracy: 0.8200000
[2026-01-16 16:43:15,164] [INFO] - [ 1100/ 4200] | Cost: 0.6352935 | Accuracy: 0.7100000
[2026-01-16 16:44:20,138] [INFO] - [ 1200/ 4200] | Cost: 0.6382005 | Accuracy: 0.6500000
[2026-01-16 16:45:23,890] [INFO] - [ 1300/ 4200] | Cost: 0.6334743 | Accuracy: 0.7100000
[2026-01-16 16:46:32,341] [INFO] - [ 1400/ 4200] | Cost: 0.6110403 | Accuracy: 0.8000000
[2026-01-16 16:47:27,661] [INFO] - [ 1500/ 4200] | Cost: 0.6128657 | Accuracy: 0.8600000
[2026-01-16 16:48:36,553] [INFO] - [ 1600/ 4200] | Cost: 0.6044292 | Accuracy: 0.8600000
[2026-01-16 16:49:49,687] [INFO] - [ 1700/ 4200] | Cost: 0.6016841 | Accuracy: 0.9000000
[2026-01-16 16:51:11,624] [INFO] - [ 1800/ 4200] | Cost: 0.5831900 | Accuracy: 0.9300000
[2026-01-16 16:52:07,834] [INFO] - [ 1900/ 4200] | Cost: 0.5799425 | Accuracy: 0.9000000
[2026-01-16 16:53:06,337] [INFO] - [ 2000/ 4200] | Cost: 0.5608156 | Accuracy: 0.9300000
[2026-01-16 16:54:12,477] [INFO] - [ 2100/ 4200] | Cost: 0.5636904 | Accuracy: 0.9800000
[2026-01-16 16:55:19,963] [INFO] - [ 2200/ 4200] | Cost: 0.5563229 | Accuracy: 0.9700000
[2026-01-16 16:56:44,976] [INFO] - [ 2300/ 4200] | Cost: 0.5474946 | Accuracy: 0.9700000
[2026-01-16 16:57:52,862] [INFO] - [ 2400/ 4200] | Cost: 0.5221143 | Accuracy: 0.9700000
[2026-01-16 16:59:02,139] [INFO] - [ 2500/ 4200] | Cost: 0.5164641 | Accuracy: 0.9600000
[2026-01-16 17:00:06,218] [INFO] - [ 2600/ 4200] | Cost: 0.5310451 | Accuracy: 0.9600000
[2026-01-16 17:01:31,643] [INFO] - [ 2700/ 4200] | Cost: 0.5119463 | Accuracy: 0.9600000
[2026-01-16 17:02:40,921] [INFO] - [ 2800/ 4200] | Cost: 0.4896871 | Accuracy: 0.9800000
[2026-01-16 17:03:36,016] [INFO] - [ 2900/ 4200] | Cost: 0.4958109 | Accuracy: 0.9600000
[2026-01-16 17:04:46,214] [INFO] - [ 3000/ 4200] | Cost: 0.4774897 | Accuracy: 0.9700000
[2026-01-16 17:05:47,177] [INFO] - [ 3100/ 4200] | Cost: 0.5008554 | Accuracy: 0.9500000
[2026-01-16 17:07:06,046] [INFO] - [ 3200/ 4200] | Cost: 0.4868044 | Accuracy: 0.9600000
[2026-01-16 17:08:20,798] [INFO] - [ 3300/ 4200] | Cost: 0.4695850 | Accuracy: 0.9500000
[2026-01-16 17:09:25,428] [INFO] - [ 3400/ 4200] | Cost: 0.4710026 | Accuracy: 0.9000000
[2026-01-16 17:10:36,916] [INFO] - [ 3500/ 4200] | Cost: 0.4761784 | Accuracy: 0.8900000
[2026-01-16 17:11:44,297] [INFO] - [ 3600/ 4200] | Cost: 0.4628839 | Accuracy: 0.9100000
[2026-01-16 17:13:01,964] [INFO] - [ 3700/ 4200] | Cost: 0.4339416 | Accuracy: 0.9400000
[2026-01-16 17:14:05,467] [INFO] - [ 3800/ 4200] | Cost: 0.4749256 | Accuracy: 0.8800000
[2026-01-16 17:15:12,218] [INFO] - [ 3900/ 4200] | Cost: 0.4637383 | Accuracy: 0.8700000
[2026-01-16 17:16:26,579] [INFO] - [ 4000/ 4200] | Cost: 0.4276493 | Accuracy: 0.9300000
[2026-01-16 17:17:39,870] [INFO] - [ 4100/ 4200] | Cost: 0.4256615 | Accuracy: 0.9700000
[2026-01-16 17:18:49,707] [INFO] - [ 4200/ 4200] | Cost: 0.4514298 | Accuracy: 0.9000000
