[2026-01-17 06:47:35,398] [INFO] - seed: 0
image_preprocessing: ContrastScaling
training:
  epochs: 1
  batch_size: 100
  image_width: 16
  lr: 0.05
model:
  num_layers: 3
dataset:
  num_classes: 2
  binary: true
  name: cxr8
  image_width_sweep: 2,4,8,16,32,64
  orig_width: 1024
embedding:
  name: NEQR
  pca: false
  supports_color: true

[2026-01-17 06:47:35,400] [INFO] - Using cuda.
[2026-01-17 06:47:35,524] [INFO] - Dataset: cxr8 | Train Size: 2270 | Validation Size: 650 | Test Size: 324
[2026-01-17 06:47:35,527] [INFO] - Initiate model
[2026-01-17 06:47:35,529] [INFO] - Weights Shape: torch.Size([3, 16, 3])
[2026-01-17 06:47:35,530] [INFO] - Bias Shape: torch.Size([2])
[2026-01-17 06:49:14,947] [INFO] - [  100/ 2270] | Cost: 0.6931818 | Accuracy: 0.5200000
[2026-01-17 06:50:52,567] [INFO] - [  200/ 2270] | Cost: 0.6597315 | Accuracy: 0.8400000
[2026-01-17 06:52:34,130] [INFO] - [  300/ 2270] | Cost: 0.6277477 | Accuracy: 0.8500000
[2026-01-17 06:54:27,205] [INFO] - [  400/ 2270] | Cost: 0.6075131 | Accuracy: 0.8200000
[2026-01-17 06:56:12,066] [INFO] - [  500/ 2270] | Cost: 0.5528530 | Accuracy: 0.9000000
[2026-01-17 06:57:37,908] [INFO] - [  600/ 2270] | Cost: 0.5283654 | Accuracy: 0.8900000
[2026-01-17 06:59:27,592] [INFO] - [  700/ 2270] | Cost: 0.5391685 | Accuracy: 0.8300000
[2026-01-17 07:01:08,659] [INFO] - [  800/ 2270] | Cost: 0.5145885 | Accuracy: 0.8400000
[2026-01-17 07:02:30,312] [INFO] - [  900/ 2270] | Cost: 0.4834835 | Accuracy: 0.8600000
[2026-01-17 07:04:12,104] [INFO] - [ 1000/ 2270] | Cost: 0.4946139 | Accuracy: 0.8300000
[2026-01-17 07:06:07,234] [INFO] - [ 1100/ 2270] | Cost: 0.4461805 | Accuracy: 0.8700000
[2026-01-17 07:07:37,751] [INFO] - [ 1200/ 2270] | Cost: 0.4758312 | Accuracy: 0.8300000
[2026-01-17 07:09:14,762] [INFO] - [ 1300/ 2270] | Cost: 0.4464169 | Accuracy: 0.8500000
[2026-01-17 07:11:02,951] [INFO] - [ 1400/ 2270] | Cost: 0.5387489 | Accuracy: 0.7700000
[2026-01-17 07:12:17,492] [INFO] - [ 1500/ 2270] | Cost: 0.4485849 | Accuracy: 0.8400000
[2026-01-17 07:13:43,445] [INFO] - [ 1600/ 2270] | Cost: 0.4623608 | Accuracy: 0.8300000
[2026-01-17 07:15:17,167] [INFO] - [ 1700/ 2270] | Cost: 0.2847069 | Accuracy: 0.9500000
[2026-01-17 07:17:16,909] [INFO] - [ 1800/ 2270] | Cost: 0.2868454 | Accuracy: 0.9400000
[2026-01-17 07:18:41,569] [INFO] - [ 1900/ 2270] | Cost: 0.4060474 | Accuracy: 0.8600000
[2026-01-17 07:20:37,136] [INFO] - [ 2000/ 2270] | Cost: 0.4541233 | Accuracy: 0.8300000
[2026-01-17 07:22:29,455] [INFO] - [ 2100/ 2270] | Cost: 0.4722885 | Accuracy: 0.8200000
[2026-01-17 07:24:06,095] [INFO] - [ 2200/ 2270] | Cost: 0.3692529 | Accuracy: 0.8800000
[2026-01-17 07:25:17,053] [INFO] - [ 2300/ 2270] | Cost: 0.3816434 | Accuracy: 0.8714286
