[2026-01-17 19:15:43,071] [INFO] - seed: 0
image_preprocessing: GaussianBlur
training:
  epochs: 1
  batch_size: 100
  image_width: 32
  lr: 0.05
model:
  num_layers: 3
dataset:
  num_classes: 2
  binary: true
  name: cxr8
  image_width_sweep: 2,4,8,16,32,64
  orig_width: 1024
embedding:
  name: RMP
  pca: true
  supports_color: true

[2026-01-17 19:15:43,076] [INFO] - Using cuda.
[2026-01-17 19:15:43,196] [INFO] - Dataset: cxr8 | Train Size: 2270 | Validation Size: 650 | Test Size: 324
[2026-01-17 19:15:43,198] [INFO] - Applying PCA Loader to the dataset
[2026-01-17 19:18:11,368] [INFO] - Initiate model
[2026-01-17 19:18:11,473] [INFO] - Weights Shape: torch.Size([3, 6, 3])
[2026-01-17 19:18:11,474] [INFO] - Bias Shape: torch.Size([2])
[2026-01-17 19:19:05,203] [INFO] - [  100/ 2270] | Cost: 0.6135566 | Accuracy: 0.8600000
[2026-01-17 19:19:58,869] [INFO] - [  200/ 2270] | Cost: 0.5542789 | Accuracy: 0.8600000
[2026-01-17 19:20:43,471] [INFO] - [  300/ 2270] | Cost: 0.5036988 | Accuracy: 0.8700000
