[2026-01-16 18:03:46,271] [INFO] - seed: 0
image_preprocessing: HomomorphicFilter
training:
  epochs: 1
  batch_size: 100
  image_width: 32
  lr: 0.05
model:
  num_layers: 3
dataset:
  num_classes: 2
  binary: true
  name: eurosat_rgb
  image_width_sweep: '64'
  orig_width: 64
embedding:
  name: OQIM
  pca: false
  supports_color: true

[2026-01-16 18:03:46,273] [INFO] - Using cuda.
[2026-01-16 18:03:46,313] [INFO] - Dataset: eurosat_rgb | Train Size: 4200 | Validation Size: 1200 | Test Size: 600
[2026-01-16 18:03:46,316] [INFO] - Initiate model
[2026-01-16 18:03:46,317] [INFO] - Weights Shape: torch.Size([3, 12, 3])
[2026-01-16 18:03:46,318] [INFO] - Bias Shape: torch.Size([2])
[2026-01-16 18:06:42,286] [INFO] - [  100/ 4200] | Cost: 0.7002574 | Accuracy: 0.4400000
[2026-01-16 18:09:39,580] [INFO] - [  200/ 4200] | Cost: 0.6885346 | Accuracy: 0.5700000
[2026-01-16 18:12:18,385] [INFO] - [  300/ 4200] | Cost: 0.7102962 | Accuracy: 0.4500000
[2026-01-16 18:15:24,087] [INFO] - [  400/ 4200] | Cost: 0.7052725 | Accuracy: 0.4700000
[2026-01-16 18:18:09,593] [INFO] - [  500/ 4200] | Cost: 0.6981274 | Accuracy: 0.4900000
[2026-01-16 18:20:55,950] [INFO] - [  600/ 4200] | Cost: 0.6873592 | Accuracy: 0.5500000
[2026-01-16 18:23:35,873] [INFO] - [  700/ 4200] | Cost: 0.6920373 | Accuracy: 0.5000000
[2026-01-16 18:26:43,525] [INFO] - [  800/ 4200] | Cost: 0.6920969 | Accuracy: 0.4600000
[2026-01-16 18:29:42,061] [INFO] - [  900/ 4200] | Cost: 0.6897528 | Accuracy: 0.6900000
[2026-01-16 18:32:48,577] [INFO] - [ 1000/ 4200] | Cost: 0.6865689 | Accuracy: 0.5500000
[2026-01-16 18:35:46,180] [INFO] - [ 1100/ 4200] | Cost: 0.6952232 | Accuracy: 0.4700000
[2026-01-16 18:38:53,263] [INFO] - [ 1200/ 4200] | Cost: 0.6959400 | Accuracy: 0.4800000
[2026-01-16 18:41:57,568] [INFO] - [ 1300/ 4200] | Cost: 0.6984718 | Accuracy: 0.4400000
[2026-01-16 18:44:55,833] [INFO] - [ 1400/ 4200] | Cost: 0.6793281 | Accuracy: 0.5400000
[2026-01-16 18:47:44,562] [INFO] - [ 1500/ 4200] | Cost: 0.6867825 | Accuracy: 0.4400000
[2026-01-16 18:50:47,237] [INFO] - [ 1600/ 4200] | Cost: 0.6824649 | Accuracy: 0.6500000
[2026-01-16 18:53:51,418] [INFO] - [ 1700/ 4200] | Cost: 0.6784160 | Accuracy: 0.6500000
[2026-01-16 18:56:44,359] [INFO] - [ 1800/ 4200] | Cost: 0.6741853 | Accuracy: 0.7200000
[2026-01-16 18:59:48,572] [INFO] - [ 1900/ 4200] | Cost: 0.6672587 | Accuracy: 0.7600000
[2026-01-16 19:02:47,197] [INFO] - [ 2000/ 4200] | Cost: 0.6616904 | Accuracy: 0.6700000
[2026-01-16 19:05:50,133] [INFO] - [ 2100/ 4200] | Cost: 0.6549220 | Accuracy: 0.7600000
[2026-01-16 19:08:44,166] [INFO] - [ 2200/ 4200] | Cost: 0.6487970 | Accuracy: 0.7300000
[2026-01-16 19:11:45,155] [INFO] - [ 2300/ 4200] | Cost: 0.6367584 | Accuracy: 0.8300000
[2026-01-16 19:14:40,368] [INFO] - [ 2400/ 4200] | Cost: 0.6290453 | Accuracy: 0.7900000
[2026-01-16 19:17:37,730] [INFO] - [ 2500/ 4200] | Cost: 0.6085549 | Accuracy: 0.8500000
[2026-01-16 19:20:39,833] [INFO] - [ 2600/ 4200] | Cost: 0.6246351 | Accuracy: 0.7700000
[2026-01-16 19:23:45,098] [INFO] - [ 2700/ 4200] | Cost: 0.6044273 | Accuracy: 0.7900000
[2026-01-16 19:26:50,472] [INFO] - [ 2800/ 4200] | Cost: 0.5944530 | Accuracy: 0.7800000
[2026-01-16 19:29:42,191] [INFO] - [ 2900/ 4200] | Cost: 0.5971931 | Accuracy: 0.7400000
[2026-01-16 19:32:48,145] [INFO] - [ 3000/ 4200] | Cost: 0.6105810 | Accuracy: 0.6700000
[2026-01-16 19:35:51,513] [INFO] - [ 3100/ 4200] | Cost: 0.6208117 | Accuracy: 0.6700000
[2026-01-16 19:38:42,410] [INFO] - [ 3200/ 4200] | Cost: 0.6134294 | Accuracy: 0.7300000
[2026-01-16 19:41:36,940] [INFO] - [ 3300/ 4200] | Cost: 0.6078774 | Accuracy: 0.7500000
[2026-01-16 19:44:43,667] [INFO] - [ 3400/ 4200] | Cost: 0.5933524 | Accuracy: 0.8200000
[2026-01-16 19:47:42,116] [INFO] - [ 3500/ 4200] | Cost: 0.6051236 | Accuracy: 0.7100000
[2026-01-16 19:50:34,288] [INFO] - [ 3600/ 4200] | Cost: 0.5986587 | Accuracy: 0.7600000
[2026-01-16 19:53:46,315] [INFO] - [ 3700/ 4200] | Cost: 0.5622717 | Accuracy: 0.8100000
[2026-01-16 19:56:49,905] [INFO] - [ 3800/ 4200] | Cost: 0.5978993 | Accuracy: 0.7600000
[2026-01-16 19:59:53,156] [INFO] - [ 3900/ 4200] | Cost: 0.5909587 | Accuracy: 0.7700000
[2026-01-16 20:02:38,988] [INFO] - [ 4000/ 4200] | Cost: 0.5295955 | Accuracy: 0.8700000
[2026-01-16 20:05:53,934] [INFO] - [ 4100/ 4200] | Cost: 0.5496771 | Accuracy: 0.7900000
[2026-01-16 20:08:49,461] [INFO] - [ 4200/ 4200] | Cost: 0.5722629 | Accuracy: 0.7600000
