[2026-01-19 03:24:55,936] [INFO] - seed: 0
image_preprocessing: GaussianBlur
training:
  epochs: 1
  batch_size: 100
  image_width: 16
  lr: 0.05
model:
  num_layers: 3
dataset:
  num_classes: 2
  binary: true
  name: mnist
  image_width_sweep: 16,32
  orig_width: 28
embedding:
  name: NEQR
  pca: false
  supports_color: true

[2026-01-19 03:24:55,939] [INFO] - Using cuda.
[2026-01-19 03:24:56,954] [INFO] - Dataset: mnist | Train Size: 10346 | Validation Size: 2956 | Test Size: 1478
[2026-01-19 03:24:56,957] [INFO] - Initiate model
[2026-01-19 03:24:57,016] [INFO] - Weights Shape: torch.Size([3, 16, 3])
[2026-01-19 03:24:57,017] [INFO] - Bias Shape: torch.Size([2])
[2026-01-19 03:35:10,437] [INFO] - [  100/10346] | Cost: 0.6922123 | Accuracy: 0.5800000
[2026-01-19 03:45:40,624] [INFO] - [  200/10346] | Cost: 0.6904621 | Accuracy: 0.5200000
[2026-01-19 03:55:51,215] [INFO] - [  300/10346] | Cost: 0.6919305 | Accuracy: 0.4900000
[2026-01-19 04:06:43,715] [INFO] - [  400/10346] | Cost: 0.6861308 | Accuracy: 0.5300000
[2026-01-19 04:17:06,729] [INFO] - [  500/10346] | Cost: 0.6841142 | Accuracy: 0.5300000
[2026-01-19 04:27:51,018] [INFO] - [  600/10346] | Cost: 0.6869266 | Accuracy: 0.4100000
[2026-01-19 04:37:47,837] [INFO] - [  700/10346] | Cost: 0.6737502 | Accuracy: 0.8700000
[2026-01-19 04:48:40,020] [INFO] - [  800/10346] | Cost: 0.6664981 | Accuracy: 0.9500000
[2026-01-19 04:58:53,041] [INFO] - [  900/10346] | Cost: 0.6574168 | Accuracy: 0.9400000
[2026-01-19 05:09:48,924] [INFO] - [ 1000/10346] | Cost: 0.6535308 | Accuracy: 0.7000000
[2026-01-19 05:20:04,647] [INFO] - [ 1100/10346] | Cost: 0.6474985 | Accuracy: 0.6100000
[2026-01-19 05:30:45,052] [INFO] - [ 1200/10346] | Cost: 0.6320643 | Accuracy: 0.5600000
[2026-01-19 05:40:57,047] [INFO] - [ 1300/10346] | Cost: 0.6238703 | Accuracy: 0.5200000
[2026-01-19 05:51:47,146] [INFO] - [ 1400/10346] | Cost: 0.5952525 | Accuracy: 0.5900000
[2026-01-19 06:02:07,115] [INFO] - [ 1500/10346] | Cost: 0.6018479 | Accuracy: 0.5400000
[2026-01-19 06:12:43,616] [INFO] - [ 1600/10346] | Cost: 0.5546385 | Accuracy: 0.6600000
[2026-01-19 06:23:09,454] [INFO] - [ 1700/10346] | Cost: 0.5673781 | Accuracy: 0.6000000
[2026-01-19 06:33:46,140] [INFO] - [ 1800/10346] | Cost: 0.5700271 | Accuracy: 0.5900000
[2026-01-19 06:44:26,237] [INFO] - [ 1900/10346] | Cost: 0.5686911 | Accuracy: 0.5700000
[2026-01-19 06:55:03,915] [INFO] - [ 2000/10346] | Cost: 0.5689880 | Accuracy: 0.5500000
[2026-01-19 07:05:42,447] [INFO] - [ 2100/10346] | Cost: 0.5629827 | Accuracy: 0.7400000
[2026-01-19 07:15:40,934] [INFO] - [ 2200/10346] | Cost: 0.5492474 | Accuracy: 0.8500000
[2026-01-19 07:26:25,147] [INFO] - [ 2300/10346] | Cost: 0.5653441 | Accuracy: 0.8700000
[2026-01-19 07:35:57,116] [INFO] - [ 2400/10346] | Cost: 0.5456087 | Accuracy: 0.9600000
[2026-01-19 07:46:09,126] [INFO] - [ 2500/10346] | Cost: 0.5421156 | Accuracy: 0.9900000
[2026-01-19 07:55:44,423] [INFO] - [ 2600/10346] | Cost: 0.5451233 | Accuracy: 0.9700000
[2026-01-19 08:05:28,053] [INFO] - [ 2700/10346] | Cost: 0.5345275 | Accuracy: 0.9700000
[2026-01-19 08:15:06,534] [INFO] - [ 2800/10346] | Cost: 0.5325322 | Accuracy: 0.9600000
[2026-01-19 08:24:58,652] [INFO] - [ 2900/10346] | Cost: 0.5242225 | Accuracy: 1.0000000
[2026-01-19 08:34:38,959] [INFO] - [ 3000/10346] | Cost: 0.5141461 | Accuracy: 0.9900000
[2026-01-19 08:44:17,943] [INFO] - [ 3100/10346] | Cost: 0.5188346 | Accuracy: 0.9800000
[2026-01-19 08:54:03,016] [INFO] - [ 3200/10346] | Cost: 0.5178974 | Accuracy: 0.9700000
