[2026-01-17 06:07:02,527] [INFO] - seed: 0
image_preprocessing: None
training:
  epochs: 1
  batch_size: 100
  image_width: 32
  lr: 0.05
model:
  num_layers: 3
dataset:
  num_classes: 2
  binary: true
  name: cxr8
  image_width_sweep: 2,4,8,16,32,64
  orig_width: 1024
embedding:
  name: OQIM
  pca: false
  supports_color: true

[2026-01-17 06:07:02,529] [INFO] - Using cuda.
[2026-01-17 06:07:02,655] [INFO] - Dataset: cxr8 | Train Size: 2270 | Validation Size: 650 | Test Size: 324
[2026-01-17 06:07:02,658] [INFO] - Initiate model
[2026-01-17 06:07:02,660] [INFO] - Weights Shape: torch.Size([3, 12, 3])
[2026-01-17 06:07:02,661] [INFO] - Bias Shape: torch.Size([2])
[2026-01-17 06:09:51,531] [INFO] - [  100/ 2270] | Cost: 0.7142393 | Accuracy: 0.1800000
[2026-01-17 06:12:33,206] [INFO] - [  200/ 2270] | Cost: 0.6623695 | Accuracy: 0.8400000
[2026-01-17 06:15:25,222] [INFO] - [  300/ 2270] | Cost: 0.6181180 | Accuracy: 0.8500000
[2026-01-17 06:18:16,928] [INFO] - [  400/ 2270] | Cost: 0.5923151 | Accuracy: 0.8200000
[2026-01-17 06:21:07,063] [INFO] - [  500/ 2270] | Cost: 0.5250851 | Accuracy: 0.9000000
[2026-01-17 06:24:06,108] [INFO] - [  600/ 2270] | Cost: 0.4958474 | Accuracy: 0.8900000
[2026-01-17 06:26:51,543] [INFO] - [  700/ 2270] | Cost: 0.5114962 | Accuracy: 0.8300000
[2026-01-17 06:29:48,179] [INFO] - [  800/ 2270] | Cost: 0.4842617 | Accuracy: 0.8400000
[2026-01-17 06:32:39,801] [INFO] - [  900/ 2270] | Cost: 0.4484935 | Accuracy: 0.8600000
[2026-01-17 06:35:31,007] [INFO] - [ 1000/ 2270] | Cost: 0.4691069 | Accuracy: 0.8300000
[2026-01-17 06:38:20,054] [INFO] - [ 1100/ 2270] | Cost: 0.4094760 | Accuracy: 0.8700000
[2026-01-17 06:40:59,375] [INFO] - [ 1200/ 2270] | Cost: 0.4576198 | Accuracy: 0.8300000
[2026-01-17 06:43:38,711] [INFO] - [ 1300/ 2270] | Cost: 0.4247209 | Accuracy: 0.8500000
[2026-01-17 06:46:27,224] [INFO] - [ 1400/ 2270] | Cost: 0.5530356 | Accuracy: 0.7700000
[2026-01-17 06:49:15,495] [INFO] - [ 1500/ 2270] | Cost: 0.4390492 | Accuracy: 0.8400000
[2026-01-17 06:51:57,678] [INFO] - [ 1600/ 2270] | Cost: 0.4573288 | Accuracy: 0.8300000
[2026-01-17 06:54:58,770] [INFO] - [ 1700/ 2270] | Cost: 0.2445572 | Accuracy: 0.9500000
[2026-01-17 06:57:45,344] [INFO] - [ 1800/ 2270] | Cost: 0.2582811 | Accuracy: 0.9400000
[2026-01-17 07:00:47,067] [INFO] - [ 1900/ 2270] | Cost: 0.4049103 | Accuracy: 0.8600000
[2026-01-17 07:03:39,887] [INFO] - [ 2000/ 2270] | Cost: 0.4649217 | Accuracy: 0.8300000
[2026-01-17 07:06:42,066] [INFO] - [ 2100/ 2270] | Cost: 0.4884965 | Accuracy: 0.8200000
[2026-01-17 07:09:36,327] [INFO] - [ 2200/ 2270] | Cost: 0.3669165 | Accuracy: 0.8800000
[2026-01-17 07:11:37,826] [INFO] - [ 2300/ 2270] | Cost: 0.3850450 | Accuracy: 0.8714286
