[2026-01-17 07:21:19,843] [INFO] - seed: 0
image_preprocessing: MedianBlur
training:
  epochs: 1
  batch_size: 100
  image_width: 32
  lr: 0.05
model:
  num_layers: 3
dataset:
  num_classes: 2
  binary: true
  name: cxr8
  image_width_sweep: 2,4,8,16,32,64
  orig_width: 1024
embedding:
  name: OQIM
  pca: false
  supports_color: true

[2026-01-17 07:21:19,845] [INFO] - Using cuda.
[2026-01-17 07:21:19,970] [INFO] - Dataset: cxr8 | Train Size: 2270 | Validation Size: 650 | Test Size: 324
[2026-01-17 07:21:19,972] [INFO] - Initiate model
[2026-01-17 07:21:19,974] [INFO] - Weights Shape: torch.Size([3, 12, 3])
[2026-01-17 07:21:19,976] [INFO] - Bias Shape: torch.Size([2])
[2026-01-17 07:24:02,745] [INFO] - [  100/ 2270] | Cost: 0.7141463 | Accuracy: 0.1800000
[2026-01-17 07:27:04,510] [INFO] - [  200/ 2270] | Cost: 0.6623241 | Accuracy: 0.8400000
[2026-01-17 07:29:41,673] [INFO] - [  300/ 2270] | Cost: 0.6180963 | Accuracy: 0.8500000
[2026-01-17 07:32:40,370] [INFO] - [  400/ 2270] | Cost: 0.5923045 | Accuracy: 0.8200000
[2026-01-17 07:35:33,267] [INFO] - [  500/ 2270] | Cost: 0.5250495 | Accuracy: 0.9000000
[2026-01-17 07:38:50,355] [INFO] - [  600/ 2270] | Cost: 0.4957899 | Accuracy: 0.8900000
[2026-01-17 07:41:37,338] [INFO] - [  700/ 2270] | Cost: 0.5114409 | Accuracy: 0.8300000
[2026-01-17 07:44:34,945] [INFO] - [  800/ 2270] | Cost: 0.4841760 | Accuracy: 0.8400000
[2026-01-17 07:47:23,740] [INFO] - [  900/ 2270] | Cost: 0.4484305 | Accuracy: 0.8600000
[2026-01-17 07:50:28,054] [INFO] - [ 1000/ 2270] | Cost: 0.4690233 | Accuracy: 0.8300000
[2026-01-17 07:53:14,324] [INFO] - [ 1100/ 2270] | Cost: 0.4093724 | Accuracy: 0.8700000
[2026-01-17 07:55:59,363] [INFO] - [ 1200/ 2270] | Cost: 0.4575690 | Accuracy: 0.8300000
[2026-01-17 07:58:46,436] [INFO] - [ 1300/ 2270] | Cost: 0.4246955 | Accuracy: 0.8500000
[2026-01-17 08:01:49,535] [INFO] - [ 1400/ 2270] | Cost: 0.5530033 | Accuracy: 0.7700000
[2026-01-17 08:04:31,075] [INFO] - [ 1500/ 2270] | Cost: 0.4390183 | Accuracy: 0.8400000
[2026-01-17 08:07:19,652] [INFO] - [ 1600/ 2270] | Cost: 0.4572947 | Accuracy: 0.8300000
[2026-01-17 08:10:00,396] [INFO] - [ 1700/ 2270] | Cost: 0.2445496 | Accuracy: 0.9500000
[2026-01-17 08:13:00,949] [INFO] - [ 1800/ 2270] | Cost: 0.2583540 | Accuracy: 0.9400000
[2026-01-17 08:15:58,932] [INFO] - [ 1900/ 2270] | Cost: 0.4048453 | Accuracy: 0.8600000
[2026-01-17 08:18:46,617] [INFO] - [ 2000/ 2270] | Cost: 0.4647011 | Accuracy: 0.8300000
[2026-01-17 08:21:38,729] [INFO] - [ 2100/ 2270] | Cost: 0.4882639 | Accuracy: 0.8200000
[2026-01-17 08:24:26,333] [INFO] - [ 2200/ 2270] | Cost: 0.3669089 | Accuracy: 0.8800000
[2026-01-17 08:26:18,866] [INFO] - [ 2300/ 2270] | Cost: 0.3850326 | Accuracy: 0.8714286
