[2026-01-19 04:38:35,438] [INFO] - seed: 0
image_preprocessing: ContrastScaling
training:
  epochs: 1
  batch_size: 100
  image_width: 4
  lr: 0.05
model:
  num_layers: 3
dataset:
  num_classes: 2
  binary: true
  name: mnist
  image_width_sweep: 16,32
  orig_width: 28
embedding:
  name: NEQR
  pca: false
  supports_color: true

[2026-01-19 04:38:35,440] [INFO] - Using cuda.
[2026-01-19 04:38:36,455] [INFO] - Dataset: mnist | Train Size: 10346 | Validation Size: 2956 | Test Size: 1478
[2026-01-19 04:38:36,515] [INFO] - Initiate model
[2026-01-19 04:38:36,517] [INFO] - Weights Shape: torch.Size([3, 12, 3])
[2026-01-19 04:38:36,518] [INFO] - Bias Shape: torch.Size([2])
[2026-01-19 04:45:56,452] [INFO] - [  100/10346] | Cost: 0.6933280 | Accuracy: 0.5000000
[2026-01-19 04:53:06,038] [INFO] - [  200/10346] | Cost: 0.6874461 | Accuracy: 0.5200000
[2026-01-19 04:59:57,250] [INFO] - [  300/10346] | Cost: 0.6899860 | Accuracy: 0.4900000
[2026-01-19 05:07:23,548] [INFO] - [  400/10346] | Cost: 0.6841671 | Accuracy: 0.5300000
[2026-01-19 05:14:46,015] [INFO] - [  500/10346] | Cost: 0.6810670 | Accuracy: 0.6100000
[2026-01-19 05:21:36,837] [INFO] - [  600/10346] | Cost: 0.6819393 | Accuracy: 0.5300000
[2026-01-19 05:28:48,116] [INFO] - [  700/10346] | Cost: 0.6711633 | Accuracy: 0.9700000
[2026-01-19 05:36:09,016] [INFO] - [  800/10346] | Cost: 0.6717812 | Accuracy: 0.9300000
[2026-01-19 05:42:40,841] [INFO] - [  900/10346] | Cost: 0.6654739 | Accuracy: 0.9500000
[2026-01-19 05:50:04,037] [INFO] - [ 1000/10346] | Cost: 0.6575850 | Accuracy: 0.9700000
[2026-01-19 05:57:18,115] [INFO] - [ 1100/10346] | Cost: 0.6569797 | Accuracy: 0.8500000
[2026-01-19 06:04:18,752] [INFO] - [ 1200/10346] | Cost: 0.6508671 | Accuracy: 0.6800000
[2026-01-19 06:11:32,815] [INFO] - [ 1300/10346] | Cost: 0.6445279 | Accuracy: 0.5800000
[2026-01-19 06:18:55,039] [INFO] - [ 1400/10346] | Cost: 0.6242446 | Accuracy: 0.5900000
[2026-01-19 06:25:52,649] [INFO] - [ 1500/10346] | Cost: 0.6326001 | Accuracy: 0.5400000
[2026-01-19 06:33:06,616] [INFO] - [ 1600/10346] | Cost: 0.5906488 | Accuracy: 0.6600000
[2026-01-19 06:40:10,019] [INFO] - [ 1700/10346] | Cost: 0.6081398 | Accuracy: 0.5800000
[2026-01-19 06:47:21,649] [INFO] - [ 1800/10346] | Cost: 0.6114891 | Accuracy: 0.5900000
[2026-01-19 06:54:34,953] [INFO] - [ 1900/10346] | Cost: 0.6120948 | Accuracy: 0.5500000
[2026-01-19 07:01:47,823] [INFO] - [ 2000/10346] | Cost: 0.6220019 | Accuracy: 0.5100000
[2026-01-19 07:09:03,551] [INFO] - [ 2100/10346] | Cost: 0.6191099 | Accuracy: 0.5200000
[2026-01-19 07:15:35,616] [INFO] - [ 2200/10346] | Cost: 0.6045466 | Accuracy: 0.5400000
[2026-01-19 07:22:46,015] [INFO] - [ 2300/10346] | Cost: 0.6397287 | Accuracy: 0.4400000
[2026-01-19 07:29:35,029] [INFO] - [ 2400/10346] | Cost: 0.6075261 | Accuracy: 0.5700000
[2026-01-19 07:35:58,233] [INFO] - [ 2500/10346] | Cost: 0.5949317 | Accuracy: 0.8000000
[2026-01-19 07:42:38,254] [INFO] - [ 2600/10346] | Cost: 0.6180590 | Accuracy: 0.8400000
[2026-01-19 07:49:32,515] [INFO] - [ 2700/10346] | Cost: 0.5952840 | Accuracy: 0.9300000
[2026-01-19 07:56:03,734] [INFO] - [ 2800/10346] | Cost: 0.5906344 | Accuracy: 0.9500000
[2026-01-19 08:02:46,618] [INFO] - [ 2900/10346] | Cost: 0.5857738 | Accuracy: 0.9700000
[2026-01-19 08:09:15,954] [INFO] - [ 3000/10346] | Cost: 0.5827769 | Accuracy: 0.9700000
[2026-01-19 08:15:51,456] [INFO] - [ 3100/10346] | Cost: 0.5975405 | Accuracy: 0.9200000
[2026-01-19 08:22:44,845] [INFO] - [ 3200/10346] | Cost: 0.5958283 | Accuracy: 0.9000000
[2026-01-19 08:28:59,147] [INFO] - [ 3300/10346] | Cost: 0.5846680 | Accuracy: 0.9300000
[2026-01-19 08:35:45,319] [INFO] - [ 3400/10346] | Cost: 0.5902380 | Accuracy: 0.9300000
[2026-01-19 08:42:14,950] [INFO] - [ 3500/10346] | Cost: 0.5738720 | Accuracy: 0.9600000
[2026-01-19 08:49:01,152] [INFO] - [ 3600/10346] | Cost: 0.5720172 | Accuracy: 0.9300000
[2026-01-19 08:55:40,815] [INFO] - [ 3700/10346] | Cost: 0.5545536 | Accuracy: 0.9600000
