[2026-01-18 23:04:09,279] [INFO] - seed: 0
image_preprocessing: ContrastScaling
training:
  epochs: 1
  batch_size: 100
  image_width: 16
  lr: 0.05
model:
  num_layers: 3
dataset:
  num_classes: 2
  binary: true
  name: cxr8
  image_width_sweep: 2,4,8,16,32
  orig_width: 1024
embedding:
  name: OQIM
  pca: false
  supports_color: true

[2026-01-18 23:04:09,284] [INFO] - Using cuda.
[2026-01-18 23:04:09,431] [INFO] - Dataset: cxr8 | Train Size: 2270 | Validation Size: 650 | Test Size: 324
[2026-01-18 23:04:09,435] [INFO] - Initiate model
[2026-01-18 23:04:10,836] [INFO] - Weights Shape: torch.Size([3, 10, 3])
[2026-01-18 23:04:10,838] [INFO] - Bias Shape: torch.Size([2])
[2026-01-18 23:07:20,368] [INFO] - [  100/ 2270] | Cost: 0.7015503 | Accuracy: 0.1800000
[2026-01-18 23:10:26,327] [INFO] - [  200/ 2270] | Cost: 0.6429608 | Accuracy: 0.8400000
[2026-01-18 23:13:27,581] [INFO] - [  300/ 2270] | Cost: 0.5934088 | Accuracy: 0.8500000
[2026-01-18 23:17:49,434] [INFO] - [  400/ 2270] | Cost: 0.5682898 | Accuracy: 0.8200000
[2026-01-18 23:24:41,620] [INFO] - [  500/ 2270] | Cost: 0.4934307 | Accuracy: 0.9000000
[2026-01-18 23:32:12,724] [INFO] - [  600/ 2270] | Cost: 0.4678439 | Accuracy: 0.8900000
[2026-01-18 23:39:32,622] [INFO] - [  700/ 2270] | Cost: 0.4953109 | Accuracy: 0.8300000
[2026-01-18 23:46:30,116] [INFO] - [  800/ 2270] | Cost: 0.4710348 | Accuracy: 0.8400000
[2026-01-18 23:54:07,538] [INFO] - [  900/ 2270] | Cost: 0.4353585 | Accuracy: 0.8600000
[2026-01-19 00:00:48,343] [INFO] - [ 1000/ 2270] | Cost: 0.4629098 | Accuracy: 0.8300000
[2026-01-19 00:08:27,341] [INFO] - [ 1100/ 2270] | Cost: 0.4019502 | Accuracy: 0.8700000
[2026-01-19 00:15:49,915] [INFO] - [ 1200/ 2270] | Cost: 0.4554401 | Accuracy: 0.8300000
[2026-01-19 00:22:58,146] [INFO] - [ 1300/ 2270] | Cost: 0.4242457 | Accuracy: 0.8500000
[2026-01-19 00:30:25,116] [INFO] - [ 1400/ 2270] | Cost: 0.5675635 | Accuracy: 0.7700000
[2026-01-19 00:37:26,444] [INFO] - [ 1500/ 2270] | Cost: 0.4414145 | Accuracy: 0.8400000
[2026-01-19 00:44:56,443] [INFO] - [ 1600/ 2270] | Cost: 0.4607803 | Accuracy: 0.8300000
[2026-01-19 00:51:58,940] [INFO] - [ 1700/ 2270] | Cost: 0.2465473 | Accuracy: 0.9500000
[2026-01-19 00:59:11,944] [INFO] - [ 1800/ 2270] | Cost: 0.2574249 | Accuracy: 0.9400000
[2026-01-19 01:06:35,050] [INFO] - [ 1900/ 2270] | Cost: 0.3997529 | Accuracy: 0.8600000
[2026-01-19 01:14:00,015] [INFO] - [ 2000/ 2270] | Cost: 0.4564103 | Accuracy: 0.8300000
[2026-01-19 01:21:03,320] [INFO] - [ 2100/ 2270] | Cost: 0.4801656 | Accuracy: 0.8200000
[2026-01-19 01:28:32,739] [INFO] - [ 2200/ 2270] | Cost: 0.3656412 | Accuracy: 0.8800000
[2026-01-19 01:33:20,516] [INFO] - [ 2300/ 2270] | Cost: 0.3785935 | Accuracy: 0.8714286
