[2026-01-19 04:14:03,216] [INFO] - seed: 0
image_preprocessing: HomomorphicFilter
training:
  epochs: 1
  batch_size: 100
  image_width: 32
  lr: 0.05
model:
  num_layers: 3
dataset:
  num_classes: 2
  binary: true
  name: mnist
  image_width_sweep: 16,32
  orig_width: 28
embedding:
  name: NAQSS
  pca: false
  supports_color: false

[2026-01-19 04:14:03,219] [INFO] - Using cuda.
[2026-01-19 04:14:04,241] [INFO] - Dataset: mnist | Train Size: 10346 | Validation Size: 2956 | Test Size: 1478
[2026-01-19 04:14:04,244] [INFO] - Initiate model
[2026-01-19 04:14:04,247] [INFO] - Weights Shape: torch.Size([3, 19, 3])
[2026-01-19 04:14:04,248] [INFO] - Bias Shape: torch.Size([2])
[2026-01-19 05:14:13,953] [INFO] - [  100/10346] | Cost: 0.6935382 | Accuracy: 0.4200000
[2026-01-19 06:14:06,316] [INFO] - [  200/10346] | Cost: 0.6923380 | Accuracy: 0.5200000
[2026-01-19 07:14:04,241] [INFO] - [  300/10346] | Cost: 0.6962603 | Accuracy: 0.4900000
[2026-01-19 08:09:29,948] [INFO] - [  400/10346] | Cost: 0.6914591 | Accuracy: 0.5300000
