[2026-01-17 05:36:15,679] [INFO] - seed: 0
image_preprocessing: HomomorphicFilter
training:
  epochs: 1
  batch_size: 100
  image_width: 16
  lr: 0.05
model:
  num_layers: 3
dataset:
  num_classes: 2
  binary: true
  name: stl10
  image_width_sweep: 2,4,8,16,32,64
  orig_width: 96
embedding:
  name: NEQR
  pca: false
  supports_color: true

[2026-01-17 05:36:15,682] [INFO] - Using cuda.
[2026-01-17 05:36:27,616] [INFO] - Dataset: stl10 | Train Size: 1819 | Validation Size: 521 | Test Size: 260
[2026-01-17 05:36:27,620] [INFO] - Initiate model
[2026-01-17 05:36:27,623] [INFO] - Weights Shape: torch.Size([3, 16, 3])
[2026-01-17 05:36:27,624] [INFO] - Bias Shape: torch.Size([2])
[2026-01-17 05:37:53,391] [INFO] - [  100/ 1819] | Cost: 0.6931607 | Accuracy: 0.4800000
[2026-01-17 05:39:35,270] [INFO] - [  200/ 1819] | Cost: 0.6954547 | Accuracy: 0.4900000
[2026-01-17 05:41:10,206] [INFO] - [  300/ 1819] | Cost: 0.6919231 | Accuracy: 0.5200000
[2026-01-17 05:42:38,879] [INFO] - [  400/ 1819] | Cost: 0.6906319 | Accuracy: 0.5600000
[2026-01-17 05:44:13,204] [INFO] - [  500/ 1819] | Cost: 0.6996907 | Accuracy: 0.4400000
[2026-01-17 05:46:21,001] [INFO] - [  600/ 1819] | Cost: 0.6942796 | Accuracy: 0.4900000
[2026-01-17 05:47:31,507] [INFO] - [  700/ 1819] | Cost: 0.6913645 | Accuracy: 0.5700000
[2026-01-17 05:48:59,930] [INFO] - [  800/ 1819] | Cost: 0.6955615 | Accuracy: 0.4300000
[2026-01-17 05:50:34,732] [INFO] - [  900/ 1819] | Cost: 0.6936027 | Accuracy: 0.4800000
[2026-01-17 05:52:37,973] [INFO] - [ 1000/ 1819] | Cost: 0.6939043 | Accuracy: 0.4800000
[2026-01-17 05:54:04,061] [INFO] - [ 1100/ 1819] | Cost: 0.6943424 | Accuracy: 0.4700000
[2026-01-17 05:55:41,360] [INFO] - [ 1200/ 1819] | Cost: 0.6927248 | Accuracy: 0.5300000
[2026-01-17 05:57:35,413] [INFO] - [ 1300/ 1819] | Cost: 0.6938517 | Accuracy: 0.4600000
[2026-01-17 05:59:07,346] [INFO] - [ 1400/ 1819] | Cost: 0.6936502 | Accuracy: 0.4500000
[2026-01-17 06:00:46,722] [INFO] - [ 1500/ 1819] | Cost: 0.6938484 | Accuracy: 0.4300000
[2026-01-17 06:02:30,138] [INFO] - [ 1600/ 1819] | Cost: 0.6926011 | Accuracy: 0.5500000
[2026-01-17 06:04:23,319] [INFO] - [ 1700/ 1819] | Cost: 0.6960396 | Accuracy: 0.4300000
[2026-01-17 06:05:38,147] [INFO] - [ 1800/ 1819] | Cost: 0.6932469 | Accuracy: 0.5000000
[2026-01-17 06:05:53,186] [INFO] - [ 1900/ 1819] | Cost: 0.6906012 | Accuracy: 0.5789474
