[2026-01-17 17:37:02,813] [INFO] - seed: 0
image_preprocessing: GaussianBlur
training:
  epochs: 1
  batch_size: 100
  image_width: 32
  lr: 0.05
model:
  num_layers: 3
dataset:
  num_classes: 2
  binary: true
  name: eurosat_ms
  image_width_sweep: '64'
  orig_width: 64
embedding:
  name: RMP
  pca: true
  supports_color: true

[2026-01-17 17:37:02,815] [INFO] - Using cuda.
[2026-01-17 17:37:02,865] [INFO] - Dataset: eurosat_ms | Train Size: 4200 | Validation Size: 1200 | Test Size: 600
[2026-01-17 17:37:02,867] [INFO] - Applying PCA Loader to the dataset
[2026-01-17 17:37:45,098] [INFO] - Initiate model
[2026-01-17 17:37:45,102] [INFO] - Weights Shape: torch.Size([3, 6, 3])
[2026-01-17 17:37:45,103] [INFO] - Bias Shape: torch.Size([2])
[2026-01-17 17:38:38,712] [INFO] - [  100/ 4200] | Cost: 0.6949065 | Accuracy: 0.5100000
[2026-01-17 17:39:32,031] [INFO] - [  200/ 4200] | Cost: 0.6861761 | Accuracy: 0.6300000
[2026-01-17 17:40:25,563] [INFO] - [  300/ 4200] | Cost: 0.6826899 | Accuracy: 0.5500000
[2026-01-17 17:41:19,095] [INFO] - [  400/ 4200] | Cost: 0.6916867 | Accuracy: 0.4800000
[2026-01-17 17:42:12,572] [INFO] - [  500/ 4200] | Cost: 0.6698167 | Accuracy: 0.5800000
[2026-01-17 17:43:05,850] [INFO] - [  600/ 4200] | Cost: 0.6726827 | Accuracy: 0.5500000
[2026-01-17 17:43:59,335] [INFO] - [  700/ 4200] | Cost: 0.6825987 | Accuracy: 0.5100000
[2026-01-17 17:44:52,781] [INFO] - [  800/ 4200] | Cost: 0.7032266 | Accuracy: 0.4200000
[2026-01-17 17:45:46,248] [INFO] - [  900/ 4200] | Cost: 0.6729755 | Accuracy: 0.5400000
[2026-01-17 17:46:39,486] [INFO] - [ 1000/ 4200] | Cost: 0.6764286 | Accuracy: 0.8500000
[2026-01-17 17:47:32,971] [INFO] - [ 1100/ 4200] | Cost: 0.6728572 | Accuracy: 0.5800000
[2026-01-17 17:48:26,433] [INFO] - [ 1200/ 4200] | Cost: 0.6762589 | Accuracy: 0.5100000
[2026-01-17 17:49:19,883] [INFO] - [ 1300/ 4200] | Cost: 0.6740828 | Accuracy: 0.5200000
[2026-01-17 17:50:13,126] [INFO] - [ 1400/ 4200] | Cost: 0.6831892 | Accuracy: 0.4800000
[2026-01-17 17:51:06,659] [INFO] - [ 1500/ 4200] | Cost: 0.6791950 | Accuracy: 0.4700000
[2026-01-17 17:52:00,202] [INFO] - [ 1600/ 4200] | Cost: 0.6772072 | Accuracy: 0.4600000
[2026-01-17 17:52:53,669] [INFO] - [ 1700/ 4200] | Cost: 0.6691899 | Accuracy: 0.8800000
[2026-01-17 17:53:47,146] [INFO] - [ 1800/ 4200] | Cost: 0.6627051 | Accuracy: 0.7800000
[2026-01-17 17:54:40,394] [INFO] - [ 1900/ 4200] | Cost: 0.6669209 | Accuracy: 0.5300000
[2026-01-17 17:55:33,887] [INFO] - [ 2000/ 4200] | Cost: 0.6864591 | Accuracy: 0.4600000
[2026-01-17 17:56:27,364] [INFO] - [ 2100/ 4200] | Cost: 0.6742815 | Accuracy: 0.5100000
[2026-01-17 17:57:20,847] [INFO] - [ 2200/ 4200] | Cost: 0.6812564 | Accuracy: 0.4700000
[2026-01-17 17:58:14,060] [INFO] - [ 2300/ 4200] | Cost: 0.6536185 | Accuracy: 0.5800000
[2026-01-17 17:59:07,502] [INFO] - [ 2400/ 4200] | Cost: 0.6555453 | Accuracy: 0.5800000
[2026-01-17 18:00:00,884] [INFO] - [ 2500/ 4200] | Cost: 0.6622015 | Accuracy: 0.5600000
[2026-01-17 18:00:54,339] [INFO] - [ 2600/ 4200] | Cost: 0.6627495 | Accuracy: 0.6200000
[2026-01-17 18:01:47,555] [INFO] - [ 2700/ 4200] | Cost: 0.6678832 | Accuracy: 0.6300000
[2026-01-17 18:02:40,972] [INFO] - [ 2800/ 4200] | Cost: 0.6625701 | Accuracy: 0.8700000
[2026-01-17 18:03:34,368] [INFO] - [ 2900/ 4200] | Cost: 0.6596096 | Accuracy: 0.9100000
[2026-01-17 18:04:27,781] [INFO] - [ 3000/ 4200] | Cost: 0.6586115 | Accuracy: 0.9300000
[2026-01-17 18:05:21,029] [INFO] - [ 3100/ 4200] | Cost: 0.6590143 | Accuracy: 0.8600000
[2026-01-17 18:06:14,495] [INFO] - [ 3200/ 4200] | Cost: 0.6621130 | Accuracy: 0.8400000
[2026-01-17 18:07:07,878] [INFO] - [ 3300/ 4200] | Cost: 0.6613516 | Accuracy: 0.8700000
[2026-01-17 18:08:01,315] [INFO] - [ 3400/ 4200] | Cost: 0.6525841 | Accuracy: 0.9300000
[2026-01-17 18:08:54,534] [INFO] - [ 3500/ 4200] | Cost: 0.6523446 | Accuracy: 0.9000000
[2026-01-17 18:09:45,843] [INFO] - [ 3600/ 4200] | Cost: 0.6521907 | Accuracy: 0.8800000
[2026-01-17 18:10:34,052] [INFO] - [ 3700/ 4200] | Cost: 0.6451797 | Accuracy: 0.9400000
[2026-01-17 18:11:27,508] [INFO] - [ 3800/ 4200] | Cost: 0.6642515 | Accuracy: 0.6200000
[2026-01-17 18:12:20,680] [INFO] - [ 3900/ 4200] | Cost: 0.6455102 | Accuracy: 0.5500000
[2026-01-17 18:13:14,080] [INFO] - [ 4000/ 4200] | Cost: 0.6408868 | Accuracy: 0.5600000
[2026-01-17 18:14:05,362] [INFO] - [ 4100/ 4200] | Cost: 0.6476864 | Accuracy: 0.5400000
[2026-01-17 18:14:49,632] [INFO] - [ 4200/ 4200] | Cost: 0.6427872 | Accuracy: 0.5400000
[2026-01-17 18:15:09,626] [INFO] - Model dict saved to /workspace/persistent/embedding_colosseum/multirun/2026-01-17/16-03-43/59/saved_models/model_epoch-0.pt
[2026-01-17 18:15:09,627] [INFO] - Validation for epoch   0 | Cost: 0.6403325 | Accuracy: 0.5066667
