[2026-01-19 03:59:04,028] [INFO] - seed: 0
image_preprocessing: GaussianBlur
training:
  epochs: 1
  batch_size: 100
  image_width: 16
  lr: 0.05
model:
  num_layers: 3
dataset:
  num_classes: 2
  binary: true
  name: mnist
  image_width_sweep: 16,32
  orig_width: 28
embedding:
  name: OQIM
  pca: false
  supports_color: true

[2026-01-19 03:59:04,030] [INFO] - Using cuda.
[2026-01-19 03:59:05,120] [INFO] - Dataset: mnist | Train Size: 10346 | Validation Size: 2956 | Test Size: 1478
[2026-01-19 03:59:05,123] [INFO] - Initiate model
[2026-01-19 03:59:05,125] [INFO] - Weights Shape: torch.Size([3, 10, 3])
[2026-01-19 03:59:05,126] [INFO] - Bias Shape: torch.Size([2])
[2026-01-19 04:06:21,943] [INFO] - [  100/10346] | Cost: 0.6913713 | Accuracy: 0.5100000
[2026-01-19 04:13:24,743] [INFO] - [  200/10346] | Cost: 0.6844633 | Accuracy: 0.5200000
[2026-01-19 04:20:41,316] [INFO] - [  300/10346] | Cost: 0.6805682 | Accuracy: 0.5200000
[2026-01-19 04:27:58,343] [INFO] - [  400/10346] | Cost: 0.6741998 | Accuracy: 0.9600000
[2026-01-19 04:34:50,035] [INFO] - [  500/10346] | Cost: 0.6671188 | Accuracy: 0.9000000
[2026-01-19 04:42:04,239] [INFO] - [  600/10346] | Cost: 0.6706812 | Accuracy: 0.6000000
[2026-01-19 04:49:27,415] [INFO] - [  700/10346] | Cost: 0.6524896 | Accuracy: 0.9000000
[2026-01-19 04:56:29,746] [INFO] - [  800/10346] | Cost: 0.6532625 | Accuracy: 0.9200000
[2026-01-19 05:03:31,241] [INFO] - [  900/10346] | Cost: 0.6404493 | Accuracy: 0.9700000
[2026-01-19 05:11:03,716] [INFO] - [ 1000/10346] | Cost: 0.6386319 | Accuracy: 0.8100000
[2026-01-19 05:18:06,238] [INFO] - [ 1100/10346] | Cost: 0.6344125 | Accuracy: 0.7200000
[2026-01-19 05:25:22,820] [INFO] - [ 1200/10346] | Cost: 0.6183735 | Accuracy: 0.6900000
[2026-01-19 05:32:46,048] [INFO] - [ 1300/10346] | Cost: 0.6140703 | Accuracy: 0.7100000
[2026-01-19 05:39:41,440] [INFO] - [ 1400/10346] | Cost: 0.5882446 | Accuracy: 0.7000000
[2026-01-19 05:46:54,644] [INFO] - [ 1500/10346] | Cost: 0.6030142 | Accuracy: 0.6300000
[2026-01-19 05:54:21,550] [INFO] - [ 1600/10346] | Cost: 0.5578036 | Accuracy: 0.8100000
[2026-01-19 06:01:28,249] [INFO] - [ 1700/10346] | Cost: 0.5825427 | Accuracy: 0.6600000
[2026-01-19 06:08:37,716] [INFO] - [ 1800/10346] | Cost: 0.5774851 | Accuracy: 0.6600000
[2026-01-19 06:16:13,424] [INFO] - [ 1900/10346] | Cost: 0.5782875 | Accuracy: 0.6700000
[2026-01-19 06:23:17,049] [INFO] - [ 2000/10346] | Cost: 0.5665854 | Accuracy: 0.7100000
[2026-01-19 06:30:36,147] [INFO] - [ 2100/10346] | Cost: 0.5567660 | Accuracy: 0.8700000
[2026-01-19 06:37:42,251] [INFO] - [ 2200/10346] | Cost: 0.5490848 | Accuracy: 0.9500000
[2026-01-19 06:45:08,916] [INFO] - [ 2300/10346] | Cost: 0.5629523 | Accuracy: 0.9100000
[2026-01-19 06:52:21,951] [INFO] - [ 2400/10346] | Cost: 0.5580779 | Accuracy: 0.9600000
[2026-01-19 06:59:38,756] [INFO] - [ 2500/10346] | Cost: 0.5480813 | Accuracy: 0.9600000
[2026-01-19 07:06:53,957] [INFO] - [ 2600/10346] | Cost: 0.5594904 | Accuracy: 0.9300000
[2026-01-19 07:13:42,616] [INFO] - [ 2700/10346] | Cost: 0.5544251 | Accuracy: 0.9000000
[2026-01-19 07:20:43,854] [INFO] - [ 2800/10346] | Cost: 0.5458324 | Accuracy: 0.9400000
[2026-01-19 07:27:47,738] [INFO] - [ 2900/10346] | Cost: 0.5437592 | Accuracy: 0.9000000
[2026-01-19 07:34:18,542] [INFO] - [ 3000/10346] | Cost: 0.5600445 | Accuracy: 0.8000000
[2026-01-19 07:40:58,516] [INFO] - [ 3100/10346] | Cost: 0.5558760 | Accuracy: 0.7900000
[2026-01-19 07:47:57,657] [INFO] - [ 3200/10346] | Cost: 0.5353773 | Accuracy: 0.8600000
[2026-01-19 07:54:26,742] [INFO] - [ 3300/10346] | Cost: 0.5377909 | Accuracy: 0.8900000
[2026-01-19 08:01:14,639] [INFO] - [ 3400/10346] | Cost: 0.5534767 | Accuracy: 0.8200000
[2026-01-19 08:07:44,248] [INFO] - [ 3500/10346] | Cost: 0.5446199 | Accuracy: 0.9000000
[2026-01-19 08:14:23,959] [INFO] - [ 3600/10346] | Cost: 0.5526733 | Accuracy: 0.9200000
[2026-01-19 08:21:18,916] [INFO] - [ 3700/10346] | Cost: 0.5464832 | Accuracy: 0.9500000
[2026-01-19 08:27:37,015] [INFO] - [ 3800/10346] | Cost: 0.5326351 | Accuracy: 0.9400000
[2026-01-19 08:34:29,253] [INFO] - [ 3900/10346] | Cost: 0.5380161 | Accuracy: 0.9200000
[2026-01-19 08:41:01,322] [INFO] - [ 4000/10346] | Cost: 0.5302427 | Accuracy: 0.9800000
[2026-01-19 08:47:44,936] [INFO] - [ 4100/10346] | Cost: 0.5268657 | Accuracy: 0.9400000
[2026-01-19 08:54:24,334] [INFO] - [ 4200/10346] | Cost: 0.5264640 | Accuracy: 0.9500000
