[2026-01-19 00:12:28,115] [INFO] - seed: 0
image_preprocessing: MedianBlur
training:
  epochs: 1
  batch_size: 100
  image_width: 16
  lr: 0.05
model:
  num_layers: 3
dataset:
  num_classes: 2
  binary: true
  name: cxr8
  image_width_sweep: 2,4,8,16,32
  orig_width: 1024
embedding:
  name: NAQSS
  pca: false
  supports_color: false

[2026-01-19 00:12:28,117] [INFO] - Using cuda.
[2026-01-19 00:12:28,416] [INFO] - Dataset: cxr8 | Train Size: 2270 | Validation Size: 650 | Test Size: 324
[2026-01-19 00:12:28,418] [INFO] - Initiate model
[2026-01-19 00:12:28,420] [INFO] - Weights Shape: torch.Size([3, 17, 3])
[2026-01-19 00:12:28,421] [INFO] - Bias Shape: torch.Size([2])
[2026-01-19 00:32:43,820] [INFO] - [  100/ 2270] | Cost: 0.6928014 | Accuracy: 0.5900000
[2026-01-19 00:52:37,537] [INFO] - [  200/ 2270] | Cost: 0.6603255 | Accuracy: 0.8400000
[2026-01-19 01:13:26,053] [INFO] - [  300/ 2270] | Cost: 0.6282546 | Accuracy: 0.8500000
[2026-01-19 01:33:07,616] [INFO] - [  400/ 2270] | Cost: 0.6084447 | Accuracy: 0.8200000
[2026-01-19 01:53:36,148] [INFO] - [  500/ 2270] | Cost: 0.5535557 | Accuracy: 0.9000000
[2026-01-19 02:13:53,451] [INFO] - [  600/ 2270] | Cost: 0.5301985 | Accuracy: 0.8900000
[2026-01-19 02:34:17,216] [INFO] - [  700/ 2270] | Cost: 0.5402183 | Accuracy: 0.8300000
[2026-01-19 02:54:09,041] [INFO] - [  800/ 2270] | Cost: 0.5167443 | Accuracy: 0.8400000
[2026-01-19 03:14:41,816] [INFO] - [  900/ 2270] | Cost: 0.4856972 | Accuracy: 0.8600000
[2026-01-19 03:34:47,216] [INFO] - [ 1000/ 2270] | Cost: 0.4969460 | Accuracy: 0.8300000
[2026-01-19 03:54:51,837] [INFO] - [ 1100/ 2270] | Cost: 0.4483509 | Accuracy: 0.8700000
[2026-01-19 04:15:31,915] [INFO] - [ 1200/ 2270] | Cost: 0.4782738 | Accuracy: 0.8300000
[2026-01-19 04:35:48,229] [INFO] - [ 1300/ 2270] | Cost: 0.4489948 | Accuracy: 0.8500000
[2026-01-19 04:56:23,734] [INFO] - [ 1400/ 2270] | Cost: 0.5390632 | Accuracy: 0.7700000
[2026-01-19 05:17:01,732] [INFO] - [ 1500/ 2270] | Cost: 0.4502235 | Accuracy: 0.8400000
[2026-01-19 05:37:38,016] [INFO] - [ 1600/ 2270] | Cost: 0.4597721 | Accuracy: 0.8300000
[2026-01-19 05:58:07,452] [INFO] - [ 1700/ 2270] | Cost: 0.2882327 | Accuracy: 0.9500000
[2026-01-19 06:18:45,939] [INFO] - [ 1800/ 2270] | Cost: 0.2937959 | Accuracy: 0.9400000
[2026-01-19 06:39:15,716] [INFO] - [ 1900/ 2270] | Cost: 0.4094846 | Accuracy: 0.8600000
[2026-01-19 06:59:54,016] [INFO] - [ 2000/ 2270] | Cost: 0.4560471 | Accuracy: 0.8300000
[2026-01-19 07:19:42,837] [INFO] - [ 2100/ 2270] | Cost: 0.4730791 | Accuracy: 0.8200000
[2026-01-19 07:38:53,117] [INFO] - [ 2200/ 2270] | Cost: 0.3711688 | Accuracy: 0.8800000
[2026-01-19 07:52:23,252] [INFO] - [ 2300/ 2270] | Cost: 0.3848071 | Accuracy: 0.8714286
