[2026-01-19 03:02:54,848] [INFO] - seed: 0
image_preprocessing: None
training:
  epochs: 1
  batch_size: 100
  image_width: 4
  lr: 0.05
model:
  num_layers: 3
dataset:
  num_classes: 2
  binary: true
  name: mnist
  image_width_sweep: 16,32
  orig_width: 28
embedding:
  name: OQIM
  pca: false
  supports_color: true

[2026-01-19 03:02:54,850] [INFO] - Using cuda.
[2026-01-19 03:02:55,931] [INFO] - Dataset: mnist | Train Size: 10346 | Validation Size: 2956 | Test Size: 1478
[2026-01-19 03:02:55,934] [INFO] - Initiate model
[2026-01-19 03:02:55,936] [INFO] - Weights Shape: torch.Size([3, 6, 3])
[2026-01-19 03:02:55,936] [INFO] - Bias Shape: torch.Size([2])
[2026-01-19 03:06:21,631] [INFO] - [  100/10346] | Cost: 0.6964689 | Accuracy: 0.5100000
[2026-01-19 03:10:08,344] [INFO] - [  200/10346] | Cost: 0.6924318 | Accuracy: 0.4800000
[2026-01-19 03:13:56,216] [INFO] - [  300/10346] | Cost: 0.6845562 | Accuracy: 0.9100000
[2026-01-19 03:17:45,346] [INFO] - [  400/10346] | Cost: 0.6795804 | Accuracy: 0.8400000
[2026-01-19 03:21:35,944] [INFO] - [  500/10346] | Cost: 0.6740232 | Accuracy: 0.6400000
[2026-01-19 03:25:07,535] [INFO] - [  600/10346] | Cost: 0.6828112 | Accuracy: 0.4100000
[2026-01-19 03:28:11,237] [INFO] - [  700/10346] | Cost: 0.6675414 | Accuracy: 0.9300000
[2026-01-19 03:31:40,139] [INFO] - [  800/10346] | Cost: 0.6683298 | Accuracy: 0.9900000
[2026-01-19 03:35:34,531] [INFO] - [  900/10346] | Cost: 0.6673968 | Accuracy: 0.9700000
[2026-01-19 03:39:28,040] [INFO] - [ 1000/10346] | Cost: 0.6625683 | Accuracy: 0.7800000
[2026-01-19 03:43:01,038] [INFO] - [ 1100/10346] | Cost: 0.6612759 | Accuracy: 0.6300000
[2026-01-19 03:46:32,342] [INFO] - [ 1200/10346] | Cost: 0.6572694 | Accuracy: 0.5800000
[2026-01-19 03:49:58,636] [INFO] - [ 1300/10346] | Cost: 0.6559205 | Accuracy: 0.5200000
[2026-01-19 03:53:30,142] [INFO] - [ 1400/10346] | Cost: 0.6370739 | Accuracy: 0.6000000
[2026-01-19 03:57:07,143] [INFO] - [ 1500/10346] | Cost: 0.6510170 | Accuracy: 0.5400000
[2026-01-19 04:01:07,238] [INFO] - [ 1600/10346] | Cost: 0.6151806 | Accuracy: 0.6600000
[2026-01-19 04:04:56,941] [INFO] - [ 1700/10346] | Cost: 0.6343603 | Accuracy: 0.5800000
[2026-01-19 04:08:20,915] [INFO] - [ 1800/10346] | Cost: 0.6354728 | Accuracy: 0.5900000
[2026-01-19 04:11:45,816] [INFO] - [ 1900/10346] | Cost: 0.6425476 | Accuracy: 0.5500000
[2026-01-19 04:15:31,831] [INFO] - [ 2000/10346] | Cost: 0.6509995 | Accuracy: 0.5100000
[2026-01-19 04:19:14,437] [INFO] - [ 2100/10346] | Cost: 0.6404983 | Accuracy: 0.5300000
[2026-01-19 04:22:57,515] [INFO] - [ 2200/10346] | Cost: 0.6274500 | Accuracy: 0.5600000
[2026-01-19 04:26:37,847] [INFO] - [ 2300/10346] | Cost: 0.6510059 | Accuracy: 0.5500000
[2026-01-19 04:30:18,441] [INFO] - [ 2400/10346] | Cost: 0.6232555 | Accuracy: 0.7700000
[2026-01-19 04:33:39,017] [INFO] - [ 2500/10346] | Cost: 0.6177227 | Accuracy: 0.9400000
[2026-01-19 04:37:05,615] [INFO] - [ 2600/10346] | Cost: 0.6278600 | Accuracy: 0.8800000
[2026-01-19 04:40:42,516] [INFO] - [ 2700/10346] | Cost: 0.6185743 | Accuracy: 0.9600000
[2026-01-19 04:44:29,937] [INFO] - [ 2800/10346] | Cost: 0.6161097 | Accuracy: 0.9400000
[2026-01-19 04:48:16,338] [INFO] - [ 2900/10346] | Cost: 0.6168551 | Accuracy: 0.9600000
[2026-01-19 04:51:52,315] [INFO] - [ 3000/10346] | Cost: 0.6103447 | Accuracy: 0.9200000
[2026-01-19 04:55:25,835] [INFO] - [ 3100/10346] | Cost: 0.6071877 | Accuracy: 0.8500000
[2026-01-19 04:58:53,532] [INFO] - [ 3200/10346] | Cost: 0.5934070 | Accuracy: 0.9000000
[2026-01-19 05:02:26,434] [INFO] - [ 3300/10346] | Cost: 0.5926392 | Accuracy: 0.8000000
[2026-01-19 05:06:19,016] [INFO] - [ 3400/10346] | Cost: 0.6117376 | Accuracy: 0.7000000
[2026-01-19 05:10:12,515] [INFO] - [ 3500/10346] | Cost: 0.5959960 | Accuracy: 0.7300000
[2026-01-19 05:13:54,648] [INFO] - [ 3600/10346] | Cost: 0.6022718 | Accuracy: 0.6600000
[2026-01-19 05:17:23,918] [INFO] - [ 3700/10346] | Cost: 0.5973011 | Accuracy: 0.7700000
[2026-01-19 05:20:55,044] [INFO] - [ 3800/10346] | Cost: 0.5830742 | Accuracy: 0.8200000
[2026-01-19 05:24:34,716] [INFO] - [ 3900/10346] | Cost: 0.5944111 | Accuracy: 0.7900000
[2026-01-19 05:28:14,042] [INFO] - [ 4000/10346] | Cost: 0.5812395 | Accuracy: 0.9200000
[2026-01-19 05:32:02,540] [INFO] - [ 4100/10346] | Cost: 0.5785325 | Accuracy: 0.9500000
[2026-01-19 05:35:45,338] [INFO] - [ 4200/10346] | Cost: 0.5808387 | Accuracy: 0.9500000
[2026-01-19 05:39:10,442] [INFO] - [ 4300/10346] | Cost: 0.5819750 | Accuracy: 0.9700000
[2026-01-19 05:42:30,043] [INFO] - [ 4400/10346] | Cost: 0.5855586 | Accuracy: 0.9200000
[2026-01-19 05:46:08,340] [INFO] - [ 4500/10346] | Cost: 0.5758285 | Accuracy: 0.9300000
[2026-01-19 05:50:01,049] [INFO] - [ 4600/10346] | Cost: 0.5693334 | Accuracy: 0.9200000
[2026-01-19 05:53:49,437] [INFO] - [ 4700/10346] | Cost: 0.5908385 | Accuracy: 0.7700000
[2026-01-19 05:57:24,047] [INFO] - [ 4800/10346] | Cost: 0.6006950 | Accuracy: 0.7500000
[2026-01-19 06:00:57,819] [INFO] - [ 4900/10346] | Cost: 0.6063805 | Accuracy: 0.6700000
[2026-01-19 06:04:33,243] [INFO] - [ 5000/10346] | Cost: 0.5736911 | Accuracy: 0.7300000
[2026-01-19 06:08:07,654] [INFO] - [ 5100/10346] | Cost: 0.5909846 | Accuracy: 0.7400000
[2026-01-19 06:11:57,216] [INFO] - [ 5200/10346] | Cost: 0.5967646 | Accuracy: 0.7600000
[2026-01-19 06:15:47,916] [INFO] - [ 5300/10346] | Cost: 0.5765079 | Accuracy: 0.9000000
[2026-01-19 06:19:26,817] [INFO] - [ 5400/10346] | Cost: 0.5827785 | Accuracy: 0.9100000
[2026-01-19 06:22:54,815] [INFO] - [ 5500/10346] | Cost: 0.5793242 | Accuracy: 0.9600000
[2026-01-19 06:26:34,634] [INFO] - [ 5600/10346] | Cost: 0.5867996 | Accuracy: 0.9200000
[2026-01-19 06:30:21,347] [INFO] - [ 5700/10346] | Cost: 0.5784536 | Accuracy: 0.9400000
[2026-01-19 06:33:54,146] [INFO] - [ 5800/10346] | Cost: 0.5813972 | Accuracy: 0.9300000
[2026-01-19 06:37:28,716] [INFO] - [ 5900/10346] | Cost: 0.5887282 | Accuracy: 0.8300000
[2026-01-19 06:41:11,524] [INFO] - [ 6000/10346] | Cost: 0.5915539 | Accuracy: 0.7700000
[2026-01-19 06:44:51,640] [INFO] - [ 6100/10346] | Cost: 0.5837489 | Accuracy: 0.7200000
[2026-01-19 06:48:28,250] [INFO] - [ 6200/10346] | Cost: 0.5820759 | Accuracy: 0.7400000
[2026-01-19 06:52:07,721] [INFO] - [ 6300/10346] | Cost: 0.6021733 | Accuracy: 0.7400000
[2026-01-19 06:55:53,239] [INFO] - [ 6400/10346] | Cost: 0.5779713 | Accuracy: 0.7700000
[2026-01-19 06:59:31,539] [INFO] - [ 6500/10346] | Cost: 0.5747357 | Accuracy: 0.8600000
[2026-01-19 07:03:08,636] [INFO] - [ 6600/10346] | Cost: 0.5847811 | Accuracy: 0.8600000
[2026-01-19 07:06:55,316] [INFO] - [ 6700/10346] | Cost: 0.5782740 | Accuracy: 0.9000000
[2026-01-19 07:10:34,717] [INFO] - [ 6800/10346] | Cost: 0.5911750 | Accuracy: 0.8800000
[2026-01-19 07:13:52,516] [INFO] - [ 6900/10346] | Cost: 0.5816243 | Accuracy: 0.9200000
[2026-01-19 07:17:12,849] [INFO] - [ 7000/10346] | Cost: 0.5819025 | Accuracy: 0.9200000
[2026-01-19 07:20:57,345] [INFO] - [ 7100/10346] | Cost: 0.5843607 | Accuracy: 0.8900000
[2026-01-19 07:24:39,343] [INFO] - [ 7200/10346] | Cost: 0.5845250 | Accuracy: 0.9100000
[2026-01-19 07:28:09,646] [INFO] - [ 7300/10346] | Cost: 0.5812860 | Accuracy: 0.9200000
[2026-01-19 07:31:28,336] [INFO] - [ 7400/10346] | Cost: 0.5739716 | Accuracy: 0.9600000
[2026-01-19 07:34:46,415] [INFO] - [ 7500/10346] | Cost: 0.5770705 | Accuracy: 0.8800000
[2026-01-19 07:38:03,636] [INFO] - [ 7600/10346] | Cost: 0.5705859 | Accuracy: 0.9000000
[2026-01-19 07:41:33,016] [INFO] - [ 7700/10346] | Cost: 0.5729575 | Accuracy: 0.8500000
[2026-01-19 07:45:11,658] [INFO] - [ 7800/10346] | Cost: 0.5903099 | Accuracy: 0.7300000
[2026-01-19 07:48:42,323] [INFO] - [ 7900/10346] | Cost: 0.5720955 | Accuracy: 0.8100000
[2026-01-19 07:51:56,640] [INFO] - [ 8000/10346] | Cost: 0.6019475 | Accuracy: 0.7300000
[2026-01-19 07:55:20,854] [INFO] - [ 8100/10346] | Cost: 0.5952314 | Accuracy: 0.7600000
[2026-01-19 07:58:52,055] [INFO] - [ 8200/10346] | Cost: 0.5810764 | Accuracy: 0.9000000
[2026-01-19 08:02:17,047] [INFO] - [ 8300/10346] | Cost: 0.5838051 | Accuracy: 0.9400000
[2026-01-19 08:05:33,851] [INFO] - [ 8400/10346] | Cost: 0.5772946 | Accuracy: 0.9800000
[2026-01-19 08:08:54,040] [INFO] - [ 8500/10346] | Cost: 0.5734853 | Accuracy: 0.9800000
[2026-01-19 08:12:15,044] [INFO] - [ 8600/10346] | Cost: 0.5776539 | Accuracy: 0.9200000
[2026-01-19 08:15:38,949] [INFO] - [ 8700/10346] | Cost: 0.5810796 | Accuracy: 0.9600000
[2026-01-19 08:19:11,951] [INFO] - [ 8800/10346] | Cost: 0.5833622 | Accuracy: 0.9100000
[2026-01-19 08:22:42,715] [INFO] - [ 8900/10346] | Cost: 0.5771899 | Accuracy: 0.9000000
[2026-01-19 08:25:56,440] [INFO] - [ 9000/10346] | Cost: 0.5923370 | Accuracy: 0.8200000
[2026-01-19 08:29:07,919] [INFO] - [ 9100/10346] | Cost: 0.5932057 | Accuracy: 0.8200000
[2026-01-19 08:32:37,557] [INFO] - [ 9200/10346] | Cost: 0.5838242 | Accuracy: 0.8400000
[2026-01-19 08:36:04,915] [INFO] - [ 9300/10346] | Cost: 0.5834770 | Accuracy: 0.8300000
[2026-01-19 08:39:24,050] [INFO] - [ 9400/10346] | Cost: 0.5782347 | Accuracy: 0.8700000
[2026-01-19 08:42:43,815] [INFO] - [ 9500/10346] | Cost: 0.5874727 | Accuracy: 0.8500000
[2026-01-19 08:46:14,651] [INFO] - [ 9600/10346] | Cost: 0.5700899 | Accuracy: 0.9400000
[2026-01-19 08:49:39,642] [INFO] - [ 9700/10346] | Cost: 0.5820181 | Accuracy: 0.9000000
[2026-01-19 08:53:04,060] [INFO] - [ 9800/10346] | Cost: 0.5826661 | Accuracy: 0.8700000
[2026-01-19 08:56:31,346] [INFO] - [ 9900/10346] | Cost: 0.6019398 | Accuracy: 0.7800000
[2026-01-19 08:59:48,736] [INFO] - [10000/10346] | Cost: 0.5633528 | Accuracy: 0.8900000
