[2026-01-16 19:26:35,702] [INFO] - seed: 0
image_preprocessing: ContrastScaling
training:
  epochs: 1
  batch_size: 100
  image_width: 32
  lr: 0.05
model:
  num_layers: 3
dataset:
  num_classes: 2
  binary: true
  name: eurosat_ms
  image_width_sweep: '64'
  orig_width: 64
embedding:
  name: NEQR
  pca: false
  supports_color: true

[2026-01-16 19:26:35,706] [INFO] - Using cuda.
[2026-01-16 19:26:35,747] [INFO] - Dataset: eurosat_ms | Train Size: 4200 | Validation Size: 1200 | Test Size: 600
[2026-01-16 19:26:35,749] [INFO] - Initiate model
[2026-01-16 19:26:36,203] [INFO] - Weights Shape: torch.Size([3, 18, 3])
[2026-01-16 19:26:36,204] [INFO] - Bias Shape: torch.Size([2])
[2026-01-16 19:31:38,232] [INFO] - [  100/ 4200] | Cost: 0.6929829 | Accuracy: 0.5100000
[2026-01-16 19:36:47,638] [INFO] - [  200/ 4200] | Cost: 0.6871147 | Accuracy: 0.5700000
[2026-01-16 19:42:00,176] [INFO] - [  300/ 4200] | Cost: 0.7073463 | Accuracy: 0.4500000
[2026-01-16 19:47:01,120] [INFO] - [  400/ 4200] | Cost: 0.7036607 | Accuracy: 0.4700000
[2026-01-16 19:51:54,436] [INFO] - [  500/ 4200] | Cost: 0.6980246 | Accuracy: 0.4900000
[2026-01-16 19:57:15,735] [INFO] - [  600/ 4200] | Cost: 0.6886421 | Accuracy: 0.5500000
[2026-01-16 20:02:08,522] [INFO] - [  700/ 4200] | Cost: 0.6935763 | Accuracy: 0.5000000
[2026-01-16 20:07:22,876] [INFO] - [  800/ 4200] | Cost: 0.6951603 | Accuracy: 0.4600000
[2026-01-16 20:12:30,866] [INFO] - [  900/ 4200] | Cost: 0.6931970 | Accuracy: 0.5600000
[2026-01-16 20:17:57,726] [INFO] - [ 1000/ 4200] | Cost: 0.6922684 | Accuracy: 0.5500000
[2026-01-16 20:22:55,683] [INFO] - [ 1100/ 4200] | Cost: 0.6967316 | Accuracy: 0.4700000
[2026-01-16 20:28:23,482] [INFO] - [ 1200/ 4200] | Cost: 0.6982294 | Accuracy: 0.4800000
[2026-01-16 20:33:37,438] [INFO] - [ 1300/ 4200] | Cost: 0.7054922 | Accuracy: 0.4400000
[2026-01-16 20:38:58,673] [INFO] - [ 1400/ 4200] | Cost: 0.6887860 | Accuracy: 0.5400000
[2026-01-16 20:44:03,679] [INFO] - [ 1500/ 4200] | Cost: 0.7023477 | Accuracy: 0.4400000
[2026-01-16 20:49:31,365] [INFO] - [ 1600/ 4200] | Cost: 0.6825218 | Accuracy: 0.5800000
[2026-01-16 20:54:39,831] [INFO] - [ 1700/ 4200] | Cost: 0.6936142 | Accuracy: 0.4800000
[2026-01-16 20:59:48,717] [INFO] - [ 1800/ 4200] | Cost: 0.6902249 | Accuracy: 0.4800000
[2026-01-16 21:04:45,059] [INFO] - [ 1900/ 4200] | Cost: 0.6866267 | Accuracy: 0.4600000
[2026-01-16 21:09:56,790] [INFO] - [ 2000/ 4200] | Cost: 0.6804072 | Accuracy: 0.4600000
[2026-01-16 21:14:51,447] [INFO] - [ 2100/ 4200] | Cost: 0.6695006 | Accuracy: 0.7000000
[2026-01-16 21:19:56,714] [INFO] - [ 2200/ 4200] | Cost: 0.6642200 | Accuracy: 0.7500000
[2026-01-16 21:25:19,498] [INFO] - [ 2300/ 4200] | Cost: 0.6722575 | Accuracy: 0.7500000
[2026-01-16 21:30:22,173] [INFO] - [ 2400/ 4200] | Cost: 0.6442888 | Accuracy: 0.8500000
[2026-01-16 21:35:39,038] [INFO] - [ 2500/ 4200] | Cost: 0.6378265 | Accuracy: 0.8700000
[2026-01-16 21:40:55,387] [INFO] - [ 2600/ 4200] | Cost: 0.6391568 | Accuracy: 0.8900000
[2026-01-16 21:46:40,471] [INFO] - [ 2700/ 4200] | Cost: 0.6303136 | Accuracy: 0.9100000
[2026-01-16 21:52:08,245] [INFO] - [ 2800/ 4200] | Cost: 0.6208488 | Accuracy: 0.9100000
[2026-01-16 21:57:44,644] [INFO] - [ 2900/ 4200] | Cost: 0.6179129 | Accuracy: 0.8900000
[2026-01-16 22:03:17,962] [INFO] - [ 3000/ 4200] | Cost: 0.6302875 | Accuracy: 0.8100000
[2026-01-16 22:08:50,977] [INFO] - [ 3100/ 4200] | Cost: 0.6315153 | Accuracy: 0.8100000
[2026-01-16 22:14:26,457] [INFO] - [ 3200/ 4200] | Cost: 0.6452292 | Accuracy: 0.7000000
[2026-01-16 22:20:06,210] [INFO] - [ 3300/ 4200] | Cost: 0.6163916 | Accuracy: 0.8200000
[2026-01-16 22:25:25,992] [INFO] - [ 3400/ 4200] | Cost: 0.6158682 | Accuracy: 0.8300000
[2026-01-16 22:31:00,647] [INFO] - [ 3500/ 4200] | Cost: 0.6250045 | Accuracy: 0.8000000
[2026-01-16 22:36:27,993] [INFO] - [ 3600/ 4200] | Cost: 0.6316545 | Accuracy: 0.8300000
[2026-01-16 22:41:55,263] [INFO] - [ 3700/ 4200] | Cost: 0.6384372 | Accuracy: 0.7900000
[2026-01-16 22:47:18,835] [INFO] - [ 3800/ 4200] | Cost: 0.6143282 | Accuracy: 0.8200000
[2026-01-16 22:52:45,060] [INFO] - [ 3900/ 4200] | Cost: 0.5927686 | Accuracy: 0.8900000
[2026-01-16 22:58:08,741] [INFO] - [ 4000/ 4200] | Cost: 0.6196945 | Accuracy: 0.8800000
[2026-01-16 23:03:48,801] [INFO] - [ 4100/ 4200] | Cost: 0.5998032 | Accuracy: 0.8900000
[2026-01-16 23:09:16,378] [INFO] - [ 4200/ 4200] | Cost: 0.6006685 | Accuracy: 0.8800000
