[2026-01-18 23:15:57,340] [INFO] - seed: 0
image_preprocessing: BilateralFilter
training:
  epochs: 1
  batch_size: 100
  image_width: 32
  lr: 0.05
model:
  num_layers: 3
dataset:
  num_classes: 2
  binary: true
  name: mnist
  image_width_sweep: 16,32
  orig_width: 28
embedding:
  name: NEQR
  pca: false
  supports_color: true

[2026-01-18 23:15:57,344] [INFO] - Using cuda.
[2026-01-18 23:15:58,237] [INFO] - Dataset: mnist | Train Size: 10346 | Validation Size: 2956 | Test Size: 1478
[2026-01-18 23:15:58,240] [INFO] - Initiate model
[2026-01-18 23:16:02,055] [INFO] - Weights Shape: torch.Size([3, 18, 3])
[2026-01-18 23:16:02,056] [INFO] - Bias Shape: torch.Size([2])
[2026-01-18 23:35:15,550] [INFO] - [  100/10346] | Cost: 0.6943996 | Accuracy: 0.4900000
[2026-01-18 23:54:12,946] [INFO] - [  200/10346] | Cost: 0.6920809 | Accuracy: 0.5200000
[2026-01-19 00:13:33,316] [INFO] - [  300/10346] | Cost: 0.6960841 | Accuracy: 0.4900000
[2026-01-19 00:32:31,753] [INFO] - [  400/10346] | Cost: 0.6897731 | Accuracy: 0.5300000
[2026-01-19 00:51:41,715] [INFO] - [  500/10346] | Cost: 0.6895820 | Accuracy: 0.5300000
[2026-01-19 01:11:11,044] [INFO] - [  600/10346] | Cost: 0.6952642 | Accuracy: 0.4100000
[2026-01-19 01:30:37,950] [INFO] - [  700/10346] | Cost: 0.6888551 | Accuracy: 0.9600000
[2026-01-19 01:50:03,615] [INFO] - [  800/10346] | Cost: 0.6885793 | Accuracy: 0.4600000
[2026-01-19 02:09:23,452] [INFO] - [  900/10346] | Cost: 0.6892570 | Accuracy: 0.3800000
[2026-01-19 02:27:59,447] [INFO] - [ 1000/10346] | Cost: 0.6836238 | Accuracy: 0.8600000
[2026-01-19 02:47:00,049] [INFO] - [ 1100/10346] | Cost: 0.6825579 | Accuracy: 0.5200000
[2026-01-19 03:05:32,434] [INFO] - [ 1200/10346] | Cost: 0.6765185 | Accuracy: 0.5500000
[2026-01-19 03:24:50,833] [INFO] - [ 1300/10346] | Cost: 0.6762629 | Accuracy: 0.5200000
[2026-01-19 03:44:25,615] [INFO] - [ 1400/10346] | Cost: 0.6608592 | Accuracy: 0.5900000
[2026-01-19 04:03:54,528] [INFO] - [ 1500/10346] | Cost: 0.6683661 | Accuracy: 0.5400000
[2026-01-19 04:23:05,316] [INFO] - [ 1600/10346] | Cost: 0.6314654 | Accuracy: 0.6600000
[2026-01-19 04:41:57,252] [INFO] - [ 1700/10346] | Cost: 0.6493759 | Accuracy: 0.5800000
[2026-01-19 05:00:31,921] [INFO] - [ 1800/10346] | Cost: 0.6440163 | Accuracy: 0.5900000
[2026-01-19 05:19:28,747] [INFO] - [ 1900/10346] | Cost: 0.6578118 | Accuracy: 0.5500000
[2026-01-19 05:38:37,042] [INFO] - [ 2000/10346] | Cost: 0.6727043 | Accuracy: 0.5100000
[2026-01-19 05:57:59,434] [INFO] - [ 2100/10346] | Cost: 0.6644650 | Accuracy: 0.5200000
[2026-01-19 06:17:32,316] [INFO] - [ 2200/10346] | Cost: 0.6462768 | Accuracy: 0.5400000
[2026-01-19 06:36:39,916] [INFO] - [ 2300/10346] | Cost: 0.6896774 | Accuracy: 0.4400000
[2026-01-19 06:55:55,935] [INFO] - [ 2400/10346] | Cost: 0.6292324 | Accuracy: 0.5400000
[2026-01-19 07:14:29,054] [INFO] - [ 2500/10346] | Cost: 0.6202890 | Accuracy: 0.5500000
[2026-01-19 07:32:28,053] [INFO] - [ 2600/10346] | Cost: 0.6453915 | Accuracy: 0.4500000
[2026-01-19 07:50:15,937] [INFO] - [ 2700/10346] | Cost: 0.6075984 | Accuracy: 0.6200000
[2026-01-19 08:07:43,157] [INFO] - [ 2800/10346] | Cost: 0.5991655 | Accuracy: 0.7700000
[2026-01-19 08:25:10,160] [INFO] - [ 2900/10346] | Cost: 0.5798706 | Accuracy: 0.8500000
[2026-01-19 08:42:35,117] [INFO] - [ 3000/10346] | Cost: 0.5963328 | Accuracy: 0.8000000
[2026-01-19 08:59:57,915] [INFO] - [ 3100/10346] | Cost: 0.5865524 | Accuracy: 0.8700000
