[2026-01-18 05:19:26,453] [INFO] - seed: 1
image_preprocessing: HomomorphicFilter
training:
  epochs: 1
  batch_size: 100
  image_width: 32
  lr: 0.05
model:
  num_layers: 3
dataset:
  num_classes: 2
  binary: true
  name: stl10
  image_width_sweep: 2,4,8,16,32,64
  orig_width: 96
embedding:
  name: RMP
  pca: true
  supports_color: true

[2026-01-18 05:19:26,455] [INFO] - Using cuda.
[2026-01-18 05:19:37,469] [INFO] - Dataset: stl10 | Train Size: 1819 | Validation Size: 521 | Test Size: 260
[2026-01-18 05:19:37,472] [INFO] - Applying PCA Loader to the dataset
[2026-01-18 05:19:40,355] [INFO] - Initiate model
[2026-01-18 05:19:40,357] [INFO] - Weights Shape: torch.Size([3, 6, 3])
[2026-01-18 05:19:40,358] [INFO] - Bias Shape: torch.Size([2])
[2026-01-18 05:20:01,321] [INFO] - [  100/ 1819] | Cost: 0.7039468 | Accuracy: 0.4800000
[2026-01-18 05:20:21,433] [INFO] - [  200/ 1819] | Cost: 0.6909235 | Accuracy: 0.5100000
[2026-01-18 05:20:38,907] [INFO] - [  300/ 1819] | Cost: 0.6867654 | Accuracy: 0.5500000
[2026-01-18 05:20:58,987] [INFO] - [  400/ 1819] | Cost: 0.6979740 | Accuracy: 0.5100000
[2026-01-18 05:21:10,688] [INFO] - [  500/ 1819] | Cost: 0.6695946 | Accuracy: 0.6100000
