[2026-01-19 01:30:40,550] [INFO] - seed: 0
image_preprocessing: BilateralFilter
training:
  epochs: 1
  batch_size: 100
  image_width: 16
  lr: 0.05
model:
  num_layers: 3
dataset:
  num_classes: 2
  binary: true
  name: cxr8
  image_width_sweep: 2,4,8,16,32
  orig_width: 1024
embedding:
  name: OQIM
  pca: false
  supports_color: true

[2026-01-19 01:30:40,552] [INFO] - Using cuda.
[2026-01-19 01:30:40,928] [INFO] - Dataset: cxr8 | Train Size: 2270 | Validation Size: 650 | Test Size: 324
[2026-01-19 01:30:40,931] [INFO] - Initiate model
[2026-01-19 01:30:40,933] [INFO] - Weights Shape: torch.Size([3, 10, 3])
[2026-01-19 01:30:40,935] [INFO] - Bias Shape: torch.Size([2])
[2026-01-19 01:37:37,245] [INFO] - [  100/ 2270] | Cost: 0.7043837 | Accuracy: 0.1800000
[2026-01-19 01:44:51,532] [INFO] - [  200/ 2270] | Cost: 0.6416277 | Accuracy: 0.8400000
[2026-01-19 01:52:10,052] [INFO] - [  300/ 2270] | Cost: 0.5897142 | Accuracy: 0.8500000
[2026-01-19 01:58:40,542] [INFO] - [  400/ 2270] | Cost: 0.5647246 | Accuracy: 0.8200000
[2026-01-19 02:06:21,041] [INFO] - [  500/ 2270] | Cost: 0.4902812 | Accuracy: 0.9000000
[2026-01-19 02:13:40,049] [INFO] - [  600/ 2270] | Cost: 0.4663966 | Accuracy: 0.8900000
[2026-01-19 02:20:48,852] [INFO] - [  700/ 2270] | Cost: 0.4961139 | Accuracy: 0.8300000
[2026-01-19 02:27:52,521] [INFO] - [  800/ 2270] | Cost: 0.4730442 | Accuracy: 0.8400000
[2026-01-19 02:35:05,916] [INFO] - [  900/ 2270] | Cost: 0.4394232 | Accuracy: 0.8600000
[2026-01-19 02:42:25,916] [INFO] - [ 1000/ 2270] | Cost: 0.4671594 | Accuracy: 0.8300000
[2026-01-19 02:49:19,545] [INFO] - [ 1100/ 2270] | Cost: 0.4095395 | Accuracy: 0.8700000
[2026-01-19 02:56:51,722] [INFO] - [ 1200/ 2270] | Cost: 0.4582097 | Accuracy: 0.8300000
[2026-01-19 03:03:41,746] [INFO] - [ 1300/ 2270] | Cost: 0.4292096 | Accuracy: 0.8500000
[2026-01-19 03:11:08,116] [INFO] - [ 1400/ 2270] | Cost: 0.5548475 | Accuracy: 0.7700000
[2026-01-19 03:18:34,236] [INFO] - [ 1500/ 2270] | Cost: 0.4411477 | Accuracy: 0.8400000
[2026-01-19 03:25:34,949] [INFO] - [ 1600/ 2270] | Cost: 0.4580012 | Accuracy: 0.8300000
[2026-01-19 03:32:33,316] [INFO] - [ 1700/ 2270] | Cost: 0.2516363 | Accuracy: 0.9500000
[2026-01-19 03:40:11,016] [INFO] - [ 1800/ 2270] | Cost: 0.2626134 | Accuracy: 0.9400000
[2026-01-19 03:47:09,139] [INFO] - [ 1900/ 2270] | Cost: 0.4027206 | Accuracy: 0.8600000
[2026-01-19 03:54:16,715] [INFO] - [ 2000/ 2270] | Cost: 0.4586430 | Accuracy: 0.8300000
[2026-01-19 04:01:59,435] [INFO] - [ 2100/ 2270] | Cost: 0.4815724 | Accuracy: 0.8200000
[2026-01-19 04:08:56,243] [INFO] - [ 2200/ 2270] | Cost: 0.3669494 | Accuracy: 0.8800000
[2026-01-19 04:14:03,216] [INFO] - [ 2300/ 2270] | Cost: 0.3817461 | Accuracy: 0.8714286
