[2026-01-16 14:20:52,164] [INFO] - seed: 0
image_preprocessing: GaussianBlur
training:
  epochs: 1
  batch_size: 100
  image_width: 16
  lr: 0.05
model:
  num_layers: 3
dataset:
  num_classes: 2
  binary: true
  name: eurosat_rgb
  image_width_sweep: '64'
  orig_width: 64
embedding:
  name: OQIM
  pca: false
  supports_color: true

[2026-01-16 14:20:52,166] [INFO] - Using cuda.
[2026-01-16 14:20:52,216] [INFO] - Dataset: eurosat_rgb | Train Size: 4200 | Validation Size: 1200 | Test Size: 600
[2026-01-16 14:20:52,219] [INFO] - Initiate model
[2026-01-16 14:20:52,221] [INFO] - Weights Shape: torch.Size([3, 10, 3])
[2026-01-16 14:20:52,222] [INFO] - Bias Shape: torch.Size([2])
[2026-01-16 14:22:10,264] [INFO] - [  100/ 4200] | Cost: 0.6962931 | Accuracy: 0.4400000
[2026-01-16 14:23:14,837] [INFO] - [  200/ 4200] | Cost: 0.6758330 | Accuracy: 0.5700000
[2026-01-16 14:24:26,307] [INFO] - [  300/ 4200] | Cost: 0.6899801 | Accuracy: 0.4500000
[2026-01-16 14:25:29,990] [INFO] - [  400/ 4200] | Cost: 0.6781445 | Accuracy: 0.4700000
[2026-01-16 14:26:28,505] [INFO] - [  500/ 4200] | Cost: 0.6681584 | Accuracy: 0.4900000
[2026-01-16 14:27:33,628] [INFO] - [  600/ 4200] | Cost: 0.6493554 | Accuracy: 0.8700000
[2026-01-16 14:28:42,446] [INFO] - [  700/ 4200] | Cost: 0.6499765 | Accuracy: 0.9300000
[2026-01-16 14:29:49,965] [INFO] - [  800/ 4200] | Cost: 0.6435230 | Accuracy: 0.9300000
[2026-01-16 14:30:55,112] [INFO] - [  900/ 4200] | Cost: 0.6443343 | Accuracy: 0.7900000
[2026-01-16 14:32:02,537] [INFO] - [ 1000/ 4200] | Cost: 0.6340205 | Accuracy: 0.8300000
[2026-01-16 14:33:13,169] [INFO] - [ 1100/ 4200] | Cost: 0.6334378 | Accuracy: 0.7100000
[2026-01-16 14:34:23,126] [INFO] - [ 1200/ 4200] | Cost: 0.6358123 | Accuracy: 0.6500000
[2026-01-16 14:35:43,124] [INFO] - [ 1300/ 4200] | Cost: 0.6299366 | Accuracy: 0.7200000
[2026-01-16 14:36:43,090] [INFO] - [ 1400/ 4200] | Cost: 0.6068365 | Accuracy: 0.8100000
[2026-01-16 14:37:57,952] [INFO] - [ 1500/ 4200] | Cost: 0.6084228 | Accuracy: 0.8600000
[2026-01-16 14:39:03,337] [INFO] - [ 1600/ 4200] | Cost: 0.5994846 | Accuracy: 0.8700000
[2026-01-16 14:40:10,903] [INFO] - [ 1700/ 4200] | Cost: 0.5965633 | Accuracy: 0.8900000
[2026-01-16 14:41:22,452] [INFO] - [ 1800/ 4200] | Cost: 0.5772969 | Accuracy: 0.9300000
[2026-01-16 14:42:31,150] [INFO] - [ 1900/ 4200] | Cost: 0.5740747 | Accuracy: 0.9200000
[2026-01-16 14:43:44,448] [INFO] - [ 2000/ 4200] | Cost: 0.5558655 | Accuracy: 0.9300000
[2026-01-16 14:44:53,148] [INFO] - [ 2100/ 4200] | Cost: 0.5589892 | Accuracy: 0.9900000
[2026-01-16 14:46:08,276] [INFO] - [ 2200/ 4200] | Cost: 0.5525774 | Accuracy: 0.9700000
[2026-01-16 14:47:25,510] [INFO] - [ 2300/ 4200] | Cost: 0.5434163 | Accuracy: 0.9700000
[2026-01-16 14:48:29,020] [INFO] - [ 2400/ 4200] | Cost: 0.5194821 | Accuracy: 0.9700000
[2026-01-16 14:49:35,317] [INFO] - [ 2500/ 4200] | Cost: 0.5149903 | Accuracy: 0.9600000
[2026-01-16 14:50:48,481] [INFO] - [ 2600/ 4200] | Cost: 0.5286754 | Accuracy: 0.9700000
[2026-01-16 14:52:02,153] [INFO] - [ 2700/ 4200] | Cost: 0.5098352 | Accuracy: 0.9600000
[2026-01-16 14:53:09,160] [INFO] - [ 2800/ 4200] | Cost: 0.4878616 | Accuracy: 0.9800000
[2026-01-16 14:54:21,206] [INFO] - [ 2900/ 4200] | Cost: 0.4944156 | Accuracy: 0.9600000
[2026-01-16 14:55:28,768] [INFO] - [ 3000/ 4200] | Cost: 0.4750216 | Accuracy: 0.9800000
[2026-01-16 14:56:46,761] [INFO] - [ 3100/ 4200] | Cost: 0.4976284 | Accuracy: 0.9500000
[2026-01-16 14:58:01,447] [INFO] - [ 3200/ 4200] | Cost: 0.4829945 | Accuracy: 0.9600000
[2026-01-16 14:59:09,314] [INFO] - [ 3300/ 4200] | Cost: 0.4640988 | Accuracy: 0.9500000
[2026-01-16 15:00:19,544] [INFO] - [ 3400/ 4200] | Cost: 0.4671883 | Accuracy: 0.9100000
[2026-01-16 15:01:32,172] [INFO] - [ 3500/ 4200] | Cost: 0.4712151 | Accuracy: 0.9100000
[2026-01-16 15:02:42,922] [INFO] - [ 3600/ 4200] | Cost: 0.4578649 | Accuracy: 0.9100000
[2026-01-16 15:03:58,077] [INFO] - [ 3700/ 4200] | Cost: 0.4290672 | Accuracy: 0.9400000
[2026-01-16 15:05:10,095] [INFO] - [ 3800/ 4200] | Cost: 0.4700641 | Accuracy: 0.8800000
[2026-01-16 15:06:25,131] [INFO] - [ 3900/ 4200] | Cost: 0.4579518 | Accuracy: 0.8800000
[2026-01-16 15:07:34,647] [INFO] - [ 4000/ 4200] | Cost: 0.4219339 | Accuracy: 0.9400000
[2026-01-16 15:08:55,876] [INFO] - [ 4100/ 4200] | Cost: 0.4221137 | Accuracy: 0.9800000
[2026-01-16 15:10:18,747] [INFO] - [ 4200/ 4200] | Cost: 0.4474477 | Accuracy: 0.9000000
