[2026-01-19 00:12:28,124] [INFO] - seed: 0
image_preprocessing: MedianBlur
training:
  epochs: 1
  batch_size: 100
  image_width: 8
  lr: 0.05
model:
  num_layers: 3
dataset:
  num_classes: 2
  binary: true
  name: cxr8
  image_width_sweep: 2,4,8,16,32
  orig_width: 1024
embedding:
  name: NAQSS
  pca: false
  supports_color: false

[2026-01-19 00:12:28,127] [INFO] - Using cuda.
[2026-01-19 00:12:28,430] [INFO] - Dataset: cxr8 | Train Size: 2270 | Validation Size: 650 | Test Size: 324
[2026-01-19 00:12:28,433] [INFO] - Initiate model
[2026-01-19 00:12:28,435] [INFO] - Weights Shape: torch.Size([3, 15, 3])
[2026-01-19 00:12:28,436] [INFO] - Bias Shape: torch.Size([2])
[2026-01-19 00:23:54,315] [INFO] - [  100/ 2270] | Cost: 0.6938269 | Accuracy: 0.4200000
[2026-01-19 00:35:19,120] [INFO] - [  200/ 2270] | Cost: 0.6604549 | Accuracy: 0.8400000
[2026-01-19 00:47:01,348] [INFO] - [  300/ 2270] | Cost: 0.6277254 | Accuracy: 0.8500000
[2026-01-19 00:57:45,416] [INFO] - [  400/ 2270] | Cost: 0.6082585 | Accuracy: 0.8200000
[2026-01-19 01:09:39,553] [INFO] - [  500/ 2270] | Cost: 0.5534180 | Accuracy: 0.9000000
[2026-01-19 01:20:38,815] [INFO] - [  600/ 2270] | Cost: 0.5305359 | Accuracy: 0.8900000
[2026-01-19 01:32:02,232] [INFO] - [  700/ 2270] | Cost: 0.5409744 | Accuracy: 0.8300000
[2026-01-19 01:43:25,716] [INFO] - [  800/ 2270] | Cost: 0.5172191 | Accuracy: 0.8400000
[2026-01-19 01:54:53,316] [INFO] - [  900/ 2270] | Cost: 0.4854215 | Accuracy: 0.8600000
[2026-01-19 02:06:16,443] [INFO] - [ 1000/ 2270] | Cost: 0.4971146 | Accuracy: 0.8300000
[2026-01-19 02:17:57,234] [INFO] - [ 1100/ 2270] | Cost: 0.4484805 | Accuracy: 0.8700000
[2026-01-19 02:29:01,347] [INFO] - [ 1200/ 2270] | Cost: 0.4781753 | Accuracy: 0.8300000
[2026-01-19 02:40:30,748] [INFO] - [ 1300/ 2270] | Cost: 0.4493438 | Accuracy: 0.8500000
[2026-01-19 02:51:29,443] [INFO] - [ 1400/ 2270] | Cost: 0.5391702 | Accuracy: 0.7700000
[2026-01-19 03:03:03,150] [INFO] - [ 1500/ 2270] | Cost: 0.4506826 | Accuracy: 0.8400000
[2026-01-19 03:14:38,344] [INFO] - [ 1600/ 2270] | Cost: 0.4597916 | Accuracy: 0.8300000
[2026-01-19 03:26:06,316] [INFO] - [ 1700/ 2270] | Cost: 0.2884382 | Accuracy: 0.9500000
[2026-01-19 03:37:36,346] [INFO] - [ 1800/ 2270] | Cost: 0.2939678 | Accuracy: 0.9400000
[2026-01-19 03:48:51,332] [INFO] - [ 1900/ 2270] | Cost: 0.4095049 | Accuracy: 0.8600000
[2026-01-19 04:00:28,316] [INFO] - [ 2000/ 2270] | Cost: 0.4562238 | Accuracy: 0.8300000
[2026-01-19 04:11:40,924] [INFO] - [ 2100/ 2270] | Cost: 0.4721121 | Accuracy: 0.8200000
[2026-01-19 04:23:25,716] [INFO] - [ 2200/ 2270] | Cost: 0.3717506 | Accuracy: 0.8800000
[2026-01-19 04:31:27,349] [INFO] - [ 2300/ 2270] | Cost: 0.3838983 | Accuracy: 0.8714286
