[2026-01-16 15:34:24,649] [INFO] - seed: 0
image_preprocessing: ContrastScaling
training:
  epochs: 1
  batch_size: 100
  image_width: 16
  lr: 0.05
model:
  num_layers: 3
dataset:
  num_classes: 2
  binary: true
  name: eurosat_rgb
  image_width_sweep: '64'
  orig_width: 64
embedding:
  name: NAQSS
  pca: false
  supports_color: false

[2026-01-16 15:34:24,653] [INFO] - Using cuda.
[2026-01-16 15:34:24,694] [INFO] - Dataset: eurosat_rgb | Train Size: 4200 | Validation Size: 1200 | Test Size: 600
[2026-01-16 15:34:24,697] [INFO] - Initiate model
[2026-01-16 15:34:24,894] [INFO] - Weights Shape: torch.Size([3, 17, 3])
[2026-01-16 15:34:24,895] [INFO] - Bias Shape: torch.Size([2])
[2026-01-16 15:37:07,623] [INFO] - [  100/ 4200] | Cost: 0.6931767 | Accuracy: 0.5200000
[2026-01-16 15:39:57,878] [INFO] - [  200/ 4200] | Cost: 0.6873215 | Accuracy: 0.5700000
[2026-01-16 15:42:47,507] [INFO] - [  300/ 4200] | Cost: 0.7083641 | Accuracy: 0.4500000
[2026-01-16 15:45:23,197] [INFO] - [  400/ 4200] | Cost: 0.7031369 | Accuracy: 0.4700000
[2026-01-16 15:48:00,734] [INFO] - [  500/ 4200] | Cost: 0.6975540 | Accuracy: 0.4900000
[2026-01-16 15:50:45,290] [INFO] - [  600/ 4200] | Cost: 0.6885446 | Accuracy: 0.5500000
[2026-01-16 15:53:48,977] [INFO] - [  700/ 4200] | Cost: 0.6932613 | Accuracy: 0.5000000
[2026-01-16 15:56:21,462] [INFO] - [  800/ 4200] | Cost: 0.6951932 | Accuracy: 0.4600000
[2026-01-16 15:58:56,325] [INFO] - [  900/ 4200] | Cost: 0.6932167 | Accuracy: 0.5700000
[2026-01-16 16:01:43,493] [INFO] - [ 1000/ 4200] | Cost: 0.6897978 | Accuracy: 0.5500000
[2026-01-16 16:04:30,149] [INFO] - [ 1100/ 4200] | Cost: 0.6972479 | Accuracy: 0.4700000
[2026-01-16 16:07:29,802] [INFO] - [ 1200/ 4200] | Cost: 0.6975037 | Accuracy: 0.4800000
[2026-01-16 16:10:17,961] [INFO] - [ 1300/ 4200] | Cost: 0.7045947 | Accuracy: 0.4400000
[2026-01-16 16:13:17,354] [INFO] - [ 1400/ 4200] | Cost: 0.6871774 | Accuracy: 0.5400000
[2026-01-16 16:16:23,818] [INFO] - [ 1500/ 4200] | Cost: 0.7013861 | Accuracy: 0.4400000
[2026-01-16 16:19:18,040] [INFO] - [ 1600/ 4200] | Cost: 0.6822215 | Accuracy: 0.5800000
[2026-01-16 16:22:07,779] [INFO] - [ 1700/ 4200] | Cost: 0.6925040 | Accuracy: 0.4800000
[2026-01-16 16:24:56,019] [INFO] - [ 1800/ 4200] | Cost: 0.6898682 | Accuracy: 0.4800000
[2026-01-16 16:28:03,131] [INFO] - [ 1900/ 4200] | Cost: 0.6870036 | Accuracy: 0.4700000
[2026-01-16 16:30:43,102] [INFO] - [ 2000/ 4200] | Cost: 0.6828551 | Accuracy: 0.5000000
[2026-01-16 16:33:17,041] [INFO] - [ 2100/ 4200] | Cost: 0.6809289 | Accuracy: 0.8600000
[2026-01-16 16:35:58,964] [INFO] - [ 2200/ 4200] | Cost: 0.6805780 | Accuracy: 0.8900000
[2026-01-16 16:38:39,359] [INFO] - [ 2300/ 4200] | Cost: 0.6767846 | Accuracy: 0.8800000
[2026-01-16 16:41:12,648] [INFO] - [ 2400/ 4200] | Cost: 0.6763273 | Accuracy: 0.7300000
[2026-01-16 16:43:29,247] [INFO] - [ 2500/ 4200] | Cost: 0.6729268 | Accuracy: 0.6400000
[2026-01-16 16:46:04,439] [INFO] - [ 2600/ 4200] | Cost: 0.6729252 | Accuracy: 0.5900000
[2026-01-16 16:48:40,205] [INFO] - [ 2700/ 4200] | Cost: 0.6742492 | Accuracy: 0.5400000
[2026-01-16 16:51:42,028] [INFO] - [ 2800/ 4200] | Cost: 0.6592323 | Accuracy: 0.6200000
[2026-01-16 16:53:52,075] [INFO] - [ 2900/ 4200] | Cost: 0.6684673 | Accuracy: 0.5600000
[2026-01-16 16:57:03,722] [INFO] - [ 3000/ 4200] | Cost: 0.6824082 | Accuracy: 0.5100000
[2026-01-16 16:59:46,274] [INFO] - [ 3100/ 4200] | Cost: 0.6994528 | Accuracy: 0.4500000
[2026-01-16 17:02:50,645] [INFO] - [ 3200/ 4200] | Cost: 0.7153606 | Accuracy: 0.3900000
[2026-01-16 17:05:26,634] [INFO] - [ 3300/ 4200] | Cost: 0.6774585 | Accuracy: 0.5300000
[2026-01-16 17:08:28,009] [INFO] - [ 3400/ 4200] | Cost: 0.6835974 | Accuracy: 0.5000000
[2026-01-16 17:11:08,234] [INFO] - [ 3500/ 4200] | Cost: 0.6814258 | Accuracy: 0.4900000
[2026-01-16 17:14:00,319] [INFO] - [ 3600/ 4200] | Cost: 0.6719451 | Accuracy: 0.5400000
[2026-01-16 17:16:49,604] [INFO] - [ 3700/ 4200] | Cost: 0.6855667 | Accuracy: 0.4200000
[2026-01-16 17:19:51,319] [INFO] - [ 3800/ 4200] | Cost: 0.6756026 | Accuracy: 0.6300000
[2026-01-16 17:22:36,807] [INFO] - [ 3900/ 4200] | Cost: 0.6752185 | Accuracy: 0.8800000
[2026-01-16 17:25:24,182] [INFO] - [ 4000/ 4200] | Cost: 0.6753091 | Accuracy: 0.8600000
[2026-01-16 17:28:10,796] [INFO] - [ 4100/ 4200] | Cost: 0.6689976 | Accuracy: 0.5800000
[2026-01-16 17:31:03,994] [INFO] - [ 4200/ 4200] | Cost: 0.6691932 | Accuracy: 0.5700000
