[2026-01-16 15:32:38,085] [INFO] - seed: 0
image_preprocessing: ContrastScaling
training:
  epochs: 1
  batch_size: 100
  image_width: 16
  lr: 0.05
model:
  num_layers: 3
dataset:
  num_classes: 2
  binary: true
  name: eurosat_rgb
  image_width_sweep: '64'
  orig_width: 64
embedding:
  name: OQIM
  pca: false
  supports_color: true

[2026-01-16 15:32:38,087] [INFO] - Using cuda.
[2026-01-16 15:32:38,138] [INFO] - Dataset: eurosat_rgb | Train Size: 4200 | Validation Size: 1200 | Test Size: 600
[2026-01-16 15:32:38,139] [INFO] - Initiate model
[2026-01-16 15:32:38,141] [INFO] - Weights Shape: torch.Size([3, 10, 3])
[2026-01-16 15:32:38,142] [INFO] - Bias Shape: torch.Size([2])
[2026-01-16 15:33:57,519] [INFO] - [  100/ 4200] | Cost: 0.6966060 | Accuracy: 0.4400000
[2026-01-16 15:34:48,917] [INFO] - [  200/ 4200] | Cost: 0.6770701 | Accuracy: 0.5700000
[2026-01-16 15:36:01,636] [INFO] - [  300/ 4200] | Cost: 0.6922564 | Accuracy: 0.4500000
[2026-01-16 15:37:12,690] [INFO] - [  400/ 4200] | Cost: 0.6801054 | Accuracy: 0.4700000
[2026-01-16 15:38:18,772] [INFO] - [  500/ 4200] | Cost: 0.6701649 | Accuracy: 0.4900000
[2026-01-16 15:39:32,986] [INFO] - [  600/ 4200] | Cost: 0.6537032 | Accuracy: 0.9000000
[2026-01-16 15:40:31,329] [INFO] - [  700/ 4200] | Cost: 0.6527863 | Accuracy: 0.9100000
[2026-01-16 15:41:37,933] [INFO] - [  800/ 4200] | Cost: 0.6463376 | Accuracy: 0.9000000
[2026-01-16 15:42:59,021] [INFO] - [  900/ 4200] | Cost: 0.6469250 | Accuracy: 0.7700000
[2026-01-16 15:44:13,459] [INFO] - [ 1000/ 4200] | Cost: 0.6377754 | Accuracy: 0.7600000
[2026-01-16 15:45:11,398] [INFO] - [ 1100/ 4200] | Cost: 0.6379662 | Accuracy: 0.7000000
[2026-01-16 15:46:18,657] [INFO] - [ 1200/ 4200] | Cost: 0.6412702 | Accuracy: 0.6400000
[2026-01-16 15:47:15,493] [INFO] - [ 1300/ 4200] | Cost: 0.6373042 | Accuracy: 0.6700000
[2026-01-16 15:48:35,541] [INFO] - [ 1400/ 4200] | Cost: 0.6146871 | Accuracy: 0.8300000
[2026-01-16 15:49:39,275] [INFO] - [ 1500/ 4200] | Cost: 0.6152910 | Accuracy: 0.8400000
[2026-01-16 15:50:45,242] [INFO] - [ 1600/ 4200] | Cost: 0.6088762 | Accuracy: 0.9000000
[2026-01-16 15:51:54,367] [INFO] - [ 1700/ 4200] | Cost: 0.6048000 | Accuracy: 0.9000000
[2026-01-16 15:53:07,610] [INFO] - [ 1800/ 4200] | Cost: 0.5883372 | Accuracy: 0.9200000
[2026-01-16 15:54:33,579] [INFO] - [ 1900/ 4200] | Cost: 0.5883371 | Accuracy: 0.9000000
[2026-01-16 15:55:36,446] [INFO] - [ 2000/ 4200] | Cost: 0.5697351 | Accuracy: 0.9300000
[2026-01-16 15:56:38,771] [INFO] - [ 2100/ 4200] | Cost: 0.5785811 | Accuracy: 0.9600000
[2026-01-16 15:57:46,688] [INFO] - [ 2200/ 4200] | Cost: 0.5703636 | Accuracy: 0.9500000
[2026-01-16 15:58:50,791] [INFO] - [ 2300/ 4200] | Cost: 0.5677218 | Accuracy: 0.9500000
[2026-01-16 16:00:07,727] [INFO] - [ 2400/ 4200] | Cost: 0.5500211 | Accuracy: 0.9600000
[2026-01-16 16:01:11,773] [INFO] - [ 2500/ 4200] | Cost: 0.5509894 | Accuracy: 0.9600000
[2026-01-16 16:02:24,730] [INFO] - [ 2600/ 4200] | Cost: 0.5690277 | Accuracy: 0.9300000
[2026-01-16 16:03:39,075] [INFO] - [ 2700/ 4200] | Cost: 0.5630565 | Accuracy: 0.9500000
[2026-01-16 16:04:42,651] [INFO] - [ 2800/ 4200] | Cost: 0.5452923 | Accuracy: 0.9900000
[2026-01-16 16:06:06,950] [INFO] - [ 2900/ 4200] | Cost: 0.5585332 | Accuracy: 0.9400000
[2026-01-16 16:07:15,851] [INFO] - [ 3000/ 4200] | Cost: 0.5573028 | Accuracy: 0.8900000
[2026-01-16 16:08:21,165] [INFO] - [ 3100/ 4200] | Cost: 0.5832626 | Accuracy: 0.8300000
[2026-01-16 16:09:28,333] [INFO] - [ 3200/ 4200] | Cost: 0.5853004 | Accuracy: 0.9300000
[2026-01-16 16:10:41,495] [INFO] - [ 3300/ 4200] | Cost: 0.5619137 | Accuracy: 0.9700000
[2026-01-16 16:11:51,867] [INFO] - [ 3400/ 4200] | Cost: 0.5623260 | Accuracy: 0.9100000
[2026-01-16 16:13:10,872] [INFO] - [ 3500/ 4200] | Cost: 0.5711999 | Accuracy: 0.9100000
[2026-01-16 16:14:21,300] [INFO] - [ 3600/ 4200] | Cost: 0.5635092 | Accuracy: 0.8900000
[2026-01-16 16:15:34,081] [INFO] - [ 3700/ 4200] | Cost: 0.5474283 | Accuracy: 0.9400000
[2026-01-16 16:16:53,351] [INFO] - [ 3800/ 4200] | Cost: 0.5744962 | Accuracy: 0.8100000
[2026-01-16 16:18:10,038] [INFO] - [ 3900/ 4200] | Cost: 0.5749437 | Accuracy: 0.7900000
[2026-01-16 16:19:14,121] [INFO] - [ 4000/ 4200] | Cost: 0.5525913 | Accuracy: 0.8700000
[2026-01-16 16:20:19,751] [INFO] - [ 4100/ 4200] | Cost: 0.5443087 | Accuracy: 0.8700000
[2026-01-16 16:21:36,978] [INFO] - [ 4200/ 4200] | Cost: 0.5583365 | Accuracy: 0.8500000
