[2026-01-18 23:04:08,335] [INFO] - seed: 0
image_preprocessing: GaussianBlur
training:
  epochs: 1
  batch_size: 100
  image_width: 4
  lr: 0.05
model:
  num_layers: 3
dataset:
  num_classes: 2
  binary: true
  name: cxr8
  image_width_sweep: 2,4,8,16,32
  orig_width: 1024
embedding:
  name: OQIM
  pca: false
  supports_color: true

[2026-01-18 23:04:08,339] [INFO] - Using cuda.
[2026-01-18 23:04:08,536] [INFO] - Dataset: cxr8 | Train Size: 2270 | Validation Size: 650 | Test Size: 324
[2026-01-18 23:04:08,540] [INFO] - Initiate model
[2026-01-18 23:04:08,856] [INFO] - Weights Shape: torch.Size([3, 6, 3])
[2026-01-18 23:04:08,858] [INFO] - Bias Shape: torch.Size([2])
[2026-01-18 23:05:22,629] [INFO] - [  100/ 2270] | Cost: 0.6779973 | Accuracy: 0.7600000
[2026-01-18 23:06:59,284] [INFO] - [  200/ 2270] | Cost: 0.6084151 | Accuracy: 0.8400000
[2026-01-18 23:08:35,454] [INFO] - [  300/ 2270] | Cost: 0.5540469 | Accuracy: 0.8500000
[2026-01-18 23:10:05,864] [INFO] - [  400/ 2270] | Cost: 0.5300136 | Accuracy: 0.8200000
[2026-01-18 23:11:37,641] [INFO] - [  500/ 2270] | Cost: 0.4374274 | Accuracy: 0.9000000
[2026-01-18 23:13:09,920] [INFO] - [  600/ 2270] | Cost: 0.4123072 | Accuracy: 0.8900000
[2026-01-18 23:14:29,529] [INFO] - [  700/ 2270] | Cost: 0.4636793 | Accuracy: 0.8300000
[2026-01-18 23:17:02,931] [INFO] - [  800/ 2270] | Cost: 0.4418764 | Accuracy: 0.8400000
[2026-01-18 23:20:22,135] [INFO] - [  900/ 2270] | Cost: 0.4097988 | Accuracy: 0.8600000
[2026-01-18 23:23:56,446] [INFO] - [ 1000/ 2270] | Cost: 0.4546543 | Accuracy: 0.8300000
[2026-01-18 23:27:59,042] [INFO] - [ 1100/ 2270] | Cost: 0.3851300 | Accuracy: 0.8700000
[2026-01-18 23:31:48,747] [INFO] - [ 1200/ 2270] | Cost: 0.4620241 | Accuracy: 0.8300000
[2026-01-18 23:35:35,722] [INFO] - [ 1300/ 2270] | Cost: 0.4238181 | Accuracy: 0.8500000
[2026-01-18 23:39:29,317] [INFO] - [ 1400/ 2270] | Cost: 0.5895923 | Accuracy: 0.7700000
[2026-01-18 23:43:06,940] [INFO] - [ 1500/ 2270] | Cost: 0.4485535 | Accuracy: 0.8400000
[2026-01-18 23:46:37,428] [INFO] - [ 1600/ 2270] | Cost: 0.4702105 | Accuracy: 0.8300000
[2026-01-18 23:50:33,635] [INFO] - [ 1700/ 2270] | Cost: 0.2220259 | Accuracy: 0.9500000
[2026-01-18 23:54:36,315] [INFO] - [ 1800/ 2270] | Cost: 0.2430822 | Accuracy: 0.9400000
[2026-01-18 23:57:59,552] [INFO] - [ 1900/ 2270] | Cost: 0.4072638 | Accuracy: 0.8600000
[2026-01-19 00:01:32,734] [INFO] - [ 2000/ 2270] | Cost: 0.4694044 | Accuracy: 0.8300000
[2026-01-19 00:05:41,726] [INFO] - [ 2100/ 2270] | Cost: 0.4905637 | Accuracy: 0.8200000
[2026-01-19 00:09:33,135] [INFO] - [ 2200/ 2270] | Cost: 0.3665189 | Accuracy: 0.8800000
[2026-01-19 00:12:18,340] [INFO] - [ 2300/ 2270] | Cost: 0.3840801 | Accuracy: 0.8714286
