[2026-01-17 07:16:21,349] [INFO] - seed: 0
image_preprocessing: MedianBlur
training:
  epochs: 1
  batch_size: 100
  image_width: 32
  lr: 0.05
model:
  num_layers: 3
dataset:
  num_classes: 2
  binary: true
  name: cxr8
  image_width_sweep: 2,4,8,16,32,64
  orig_width: 1024
embedding:
  name: FRQI
  pca: false
  supports_color: false

[2026-01-17 07:16:21,351] [INFO] - Using cuda.
[2026-01-17 07:16:21,466] [INFO] - Dataset: cxr8 | Train Size: 2270 | Validation Size: 650 | Test Size: 324
[2026-01-17 07:16:21,469] [INFO] - Initiate model
[2026-01-17 07:16:21,471] [INFO] - Weights Shape: torch.Size([3, 11, 3])
[2026-01-17 07:16:21,473] [INFO] - Bias Shape: torch.Size([2])
[2026-01-17 07:18:15,240] [INFO] - [  100/ 2270] | Cost: 0.6915569 | Accuracy: 0.5500000
[2026-01-17 07:20:26,559] [INFO] - [  200/ 2270] | Cost: 0.6448195 | Accuracy: 0.8400000
[2026-01-17 07:22:28,619] [INFO] - [  300/ 2270] | Cost: 0.5997016 | Accuracy: 0.8500000
[2026-01-17 07:24:23,417] [INFO] - [  400/ 2270] | Cost: 0.5758137 | Accuracy: 0.8200000
[2026-01-17 07:26:27,257] [INFO] - [  500/ 2270] | Cost: 0.5004283 | Accuracy: 0.9000000
[2026-01-17 07:28:33,002] [INFO] - [  600/ 2270] | Cost: 0.4707275 | Accuracy: 0.8900000
[2026-01-17 07:30:36,030] [INFO] - [  700/ 2270] | Cost: 0.4947135 | Accuracy: 0.8300000
[2026-01-17 07:32:45,643] [INFO] - [  800/ 2270] | Cost: 0.4684285 | Accuracy: 0.8400000
[2026-01-17 07:34:33,238] [INFO] - [  900/ 2270] | Cost: 0.4341038 | Accuracy: 0.8600000
[2026-01-17 07:36:26,736] [INFO] - [ 1000/ 2270] | Cost: 0.4600666 | Accuracy: 0.8300000
[2026-01-17 07:38:42,718] [INFO] - [ 1100/ 2270] | Cost: 0.4002930 | Accuracy: 0.8700000
[2026-01-17 07:40:40,860] [INFO] - [ 1200/ 2270] | Cost: 0.4565041 | Accuracy: 0.8300000
[2026-01-17 07:42:32,678] [INFO] - [ 1300/ 2270] | Cost: 0.4211153 | Accuracy: 0.8500000
[2026-01-17 07:44:37,176] [INFO] - [ 1400/ 2270] | Cost: 0.5614882 | Accuracy: 0.7700000
[2026-01-17 07:46:41,164] [INFO] - [ 1500/ 2270] | Cost: 0.4423541 | Accuracy: 0.8400000
[2026-01-17 07:48:26,581] [INFO] - [ 1600/ 2270] | Cost: 0.4608908 | Accuracy: 0.8300000
[2026-01-17 07:50:34,867] [INFO] - [ 1700/ 2270] | Cost: 0.2396555 | Accuracy: 0.9500000
[2026-01-17 07:52:21,117] [INFO] - [ 1800/ 2270] | Cost: 0.2544691 | Accuracy: 0.9400000
[2026-01-17 07:54:13,588] [INFO] - [ 1900/ 2270] | Cost: 0.4055700 | Accuracy: 0.8600000
[2026-01-17 07:56:02,764] [INFO] - [ 2000/ 2270] | Cost: 0.4612214 | Accuracy: 0.8300000
[2026-01-17 07:57:58,803] [INFO] - [ 2100/ 2270] | Cost: 0.4854784 | Accuracy: 0.8200000
[2026-01-17 07:59:59,035] [INFO] - [ 2200/ 2270] | Cost: 0.3648477 | Accuracy: 0.8800000
[2026-01-17 08:01:27,891] [INFO] - [ 2300/ 2270] | Cost: 0.3807215 | Accuracy: 0.8714286
[2026-01-17 08:09:32,768] [INFO] - Model dict saved to /workspace/persistent/embedding_colosseum/multirun/2026-01-15/22-04-31/313/saved_models/model_epoch-0.pt
[2026-01-17 08:09:32,773] [INFO] - Validation for epoch   0 | Cost: 0.4434993 | Accuracy: 0.8400000
