[2026-01-18 23:15:55,350] [INFO] - seed: 0
image_preprocessing: None
training:
  epochs: 1
  batch_size: 100
  image_width: 32
  lr: 0.05
model:
  num_layers: 3
dataset:
  num_classes: 2
  binary: true
  name: cxr8
  image_width_sweep: 2,4,8,16,32
  orig_width: 1024
embedding:
  name: OQIM
  pca: false
  supports_color: true

[2026-01-18 23:15:55,354] [INFO] - Using cuda.
[2026-01-18 23:15:55,722] [INFO] - Dataset: cxr8 | Train Size: 2270 | Validation Size: 650 | Test Size: 324
[2026-01-18 23:15:55,726] [INFO] - Initiate model
[2026-01-18 23:15:57,762] [INFO] - Weights Shape: torch.Size([3, 12, 3])
[2026-01-18 23:15:57,815] [INFO] - Bias Shape: torch.Size([2])
[2026-01-18 23:28:48,545] [INFO] - [  100/ 2270] | Cost: 0.7142393 | Accuracy: 0.1800000
[2026-01-18 23:41:40,133] [INFO] - [  200/ 2270] | Cost: 0.6623695 | Accuracy: 0.8400000
[2026-01-18 23:54:57,715] [INFO] - [  300/ 2270] | Cost: 0.6181180 | Accuracy: 0.8500000
[2026-01-19 00:08:20,251] [INFO] - [  400/ 2270] | Cost: 0.5923151 | Accuracy: 0.8200000
[2026-01-19 00:21:12,916] [INFO] - [  500/ 2270] | Cost: 0.5250851 | Accuracy: 0.9000000
[2026-01-19 00:34:03,950] [INFO] - [  600/ 2270] | Cost: 0.4958474 | Accuracy: 0.8900000
[2026-01-19 00:47:32,439] [INFO] - [  700/ 2270] | Cost: 0.5114962 | Accuracy: 0.8300000
[2026-01-19 01:00:37,948] [INFO] - [  800/ 2270] | Cost: 0.4842617 | Accuracy: 0.8400000
[2026-01-19 01:13:30,654] [INFO] - [  900/ 2270] | Cost: 0.4484935 | Accuracy: 0.8600000
[2026-01-19 01:27:13,736] [INFO] - [ 1000/ 2270] | Cost: 0.4691069 | Accuracy: 0.8300000
[2026-01-19 01:40:14,015] [INFO] - [ 1100/ 2270] | Cost: 0.4094760 | Accuracy: 0.8700000
[2026-01-19 01:53:08,848] [INFO] - [ 1200/ 2270] | Cost: 0.4576198 | Accuracy: 0.8300000
[2026-01-19 02:06:24,334] [INFO] - [ 1300/ 2270] | Cost: 0.4247209 | Accuracy: 0.8500000
[2026-01-19 02:19:28,945] [INFO] - [ 1400/ 2270] | Cost: 0.5530356 | Accuracy: 0.7700000
[2026-01-19 02:32:52,445] [INFO] - [ 1500/ 2270] | Cost: 0.4390492 | Accuracy: 0.8400000
[2026-01-19 02:45:41,941] [INFO] - [ 1600/ 2270] | Cost: 0.4573288 | Accuracy: 0.8300000
[2026-01-19 02:59:05,755] [INFO] - [ 1700/ 2270] | Cost: 0.2445572 | Accuracy: 0.9500000
[2026-01-19 03:12:20,838] [INFO] - [ 1800/ 2270] | Cost: 0.2582811 | Accuracy: 0.9400000
[2026-01-19 03:25:18,444] [INFO] - [ 1900/ 2270] | Cost: 0.4049103 | Accuracy: 0.8600000
[2026-01-19 03:39:04,949] [INFO] - [ 2000/ 2270] | Cost: 0.4649217 | Accuracy: 0.8300000
[2026-01-19 03:51:58,949] [INFO] - [ 2100/ 2270] | Cost: 0.4884965 | Accuracy: 0.8200000
[2026-01-19 04:05:22,423] [INFO] - [ 2200/ 2270] | Cost: 0.3669165 | Accuracy: 0.8800000
[2026-01-19 04:14:38,245] [INFO] - [ 2300/ 2270] | Cost: 0.3850450 | Accuracy: 0.8714286
