[2026-01-19 04:17:00,144] [INFO] - seed: 0
image_preprocessing: GaussianBlur
training:
  epochs: 1
  batch_size: 100
  image_width: 8
  lr: 0.05
model:
  num_layers: 3
dataset:
  num_classes: 2
  binary: true
  name: mnist
  image_width_sweep: 16,32
  orig_width: 28
embedding:
  name: NAQSS
  pca: false
  supports_color: false

[2026-01-19 04:17:00,146] [INFO] - Using cuda.
[2026-01-19 04:17:01,242] [INFO] - Dataset: mnist | Train Size: 10346 | Validation Size: 2956 | Test Size: 1478
[2026-01-19 04:17:01,245] [INFO] - Initiate model
[2026-01-19 04:17:01,247] [INFO] - Weights Shape: torch.Size([3, 15, 3])
[2026-01-19 04:17:01,248] [INFO] - Bias Shape: torch.Size([2])
[2026-01-19 04:28:33,351] [INFO] - [  100/10346] | Cost: 0.6951322 | Accuracy: 0.3000000
[2026-01-19 04:39:15,351] [INFO] - [  200/10346] | Cost: 0.6904556 | Accuracy: 0.5200000
[2026-01-19 04:50:52,754] [INFO] - [  300/10346] | Cost: 0.6908575 | Accuracy: 0.4900000
[2026-01-19 05:01:48,350] [INFO] - [  400/10346] | Cost: 0.6812188 | Accuracy: 0.5300000
[2026-01-19 05:13:37,816] [INFO] - [  500/10346] | Cost: 0.6764407 | Accuracy: 0.5700000
[2026-01-19 05:24:39,116] [INFO] - [  600/10346] | Cost: 0.6776096 | Accuracy: 0.5700000
[2026-01-19 05:36:12,533] [INFO] - [  700/10346] | Cost: 0.6626735 | Accuracy: 0.9000000
[2026-01-19 05:47:02,716] [INFO] - [  800/10346] | Cost: 0.6570767 | Accuracy: 0.9200000
[2026-01-19 05:58:35,749] [INFO] - [  900/10346] | Cost: 0.6520388 | Accuracy: 0.9700000
[2026-01-19 06:09:43,044] [INFO] - [ 1000/10346] | Cost: 0.6407044 | Accuracy: 0.8700000
[2026-01-19 06:21:16,243] [INFO] - [ 1100/10346] | Cost: 0.6422817 | Accuracy: 0.8100000
[2026-01-19 06:32:39,116] [INFO] - [ 1200/10346] | Cost: 0.6296335 | Accuracy: 0.8000000
[2026-01-19 06:44:03,416] [INFO] - [ 1300/10346] | Cost: 0.6260087 | Accuracy: 0.6800000
[2026-01-19 06:55:25,821] [INFO] - [ 1400/10346] | Cost: 0.6057592 | Accuracy: 0.7200000
[2026-01-19 07:06:49,353] [INFO] - [ 1500/10346] | Cost: 0.6165906 | Accuracy: 0.6800000
[2026-01-19 07:17:24,728] [INFO] - [ 1600/10346] | Cost: 0.5864516 | Accuracy: 0.7000000
[2026-01-19 07:28:40,153] [INFO] - [ 1700/10346] | Cost: 0.5979068 | Accuracy: 0.6300000
[2026-01-19 07:38:52,022] [INFO] - [ 1800/10346] | Cost: 0.6101723 | Accuracy: 0.6300000
[2026-01-19 07:49:45,647] [INFO] - [ 1900/10346] | Cost: 0.6019093 | Accuracy: 0.6200000
[2026-01-19 08:00:15,923] [INFO] - [ 2000/10346] | Cost: 0.6068804 | Accuracy: 0.5300000
[2026-01-19 08:10:36,618] [INFO] - [ 2100/10346] | Cost: 0.6146369 | Accuracy: 0.5400000
[2026-01-19 08:21:22,816] [INFO] - [ 2200/10346] | Cost: 0.5987646 | Accuracy: 0.5500000
[2026-01-19 08:31:29,115] [INFO] - [ 2300/10346] | Cost: 0.6259665 | Accuracy: 0.5200000
[2026-01-19 08:41:56,441] [INFO] - [ 2400/10346] | Cost: 0.5958476 | Accuracy: 0.6700000
[2026-01-19 08:52:29,715] [INFO] - [ 2500/10346] | Cost: 0.5795050 | Accuracy: 0.8100000
