[2026-01-19 03:51:04,951] [INFO] - seed: 0
image_preprocessing: GaussianBlur
training:
  epochs: 1
  batch_size: 100
  image_width: 8
  lr: 0.05
model:
  num_layers: 3
dataset:
  num_classes: 2
  binary: true
  name: mnist
  image_width_sweep: 16,32
  orig_width: 28
embedding:
  name: OQIM
  pca: false
  supports_color: true

[2026-01-19 03:51:04,953] [INFO] - Using cuda.
[2026-01-19 03:51:06,129] [INFO] - Dataset: mnist | Train Size: 10346 | Validation Size: 2956 | Test Size: 1478
[2026-01-19 03:51:06,132] [INFO] - Initiate model
[2026-01-19 03:51:06,134] [INFO] - Weights Shape: torch.Size([3, 8, 3])
[2026-01-19 03:51:06,134] [INFO] - Bias Shape: torch.Size([2])
[2026-01-19 03:55:55,141] [INFO] - [  100/10346] | Cost: 0.6938150 | Accuracy: 0.4900000
[2026-01-19 04:01:20,026] [INFO] - [  200/10346] | Cost: 0.6851233 | Accuracy: 0.5200000
[2026-01-19 04:06:26,935] [INFO] - [  300/10346] | Cost: 0.6873665 | Accuracy: 0.4900000
[2026-01-19 04:11:05,335] [INFO] - [  400/10346] | Cost: 0.6764985 | Accuracy: 0.5300000
[2026-01-19 04:16:16,045] [INFO] - [  500/10346] | Cost: 0.6723902 | Accuracy: 0.5300000
[2026-01-19 04:21:25,851] [INFO] - [  600/10346] | Cost: 0.6801053 | Accuracy: 0.4400000
[2026-01-19 04:26:32,738] [INFO] - [  700/10346] | Cost: 0.6681966 | Accuracy: 0.9400000
[2026-01-19 04:31:29,046] [INFO] - [  800/10346] | Cost: 0.6713515 | Accuracy: 0.5300000
[2026-01-19 04:36:13,017] [INFO] - [  900/10346] | Cost: 0.6693127 | Accuracy: 0.7300000
[2026-01-19 04:41:14,115] [INFO] - [ 1000/10346] | Cost: 0.6594918 | Accuracy: 0.8600000
[2026-01-19 04:46:28,216] [INFO] - [ 1100/10346] | Cost: 0.6581805 | Accuracy: 0.6100000
[2026-01-19 04:51:35,115] [INFO] - [ 1200/10346] | Cost: 0.6501709 | Accuracy: 0.5500000
[2026-01-19 04:56:29,223] [INFO] - [ 1300/10346] | Cost: 0.6542079 | Accuracy: 0.5200000
[2026-01-19 05:01:18,231] [INFO] - [ 1400/10346] | Cost: 0.6314796 | Accuracy: 0.6000000
[2026-01-19 05:06:35,622] [INFO] - [ 1500/10346] | Cost: 0.6508217 | Accuracy: 0.5400000
[2026-01-19 05:11:59,237] [INFO] - [ 1600/10346] | Cost: 0.6063874 | Accuracy: 0.6600000
[2026-01-19 05:16:53,332] [INFO] - [ 1700/10346] | Cost: 0.6352509 | Accuracy: 0.5800000
[2026-01-19 05:21:44,115] [INFO] - [ 1800/10346] | Cost: 0.6325191 | Accuracy: 0.5900000
[2026-01-19 05:26:52,646] [INFO] - [ 1900/10346] | Cost: 0.6427857 | Accuracy: 0.5500000
[2026-01-19 05:32:07,318] [INFO] - [ 2000/10346] | Cost: 0.6467560 | Accuracy: 0.5100000
[2026-01-19 05:37:10,335] [INFO] - [ 2100/10346] | Cost: 0.6375004 | Accuracy: 0.5300000
[2026-01-19 05:41:47,116] [INFO] - [ 2200/10346] | Cost: 0.6265518 | Accuracy: 0.6100000
[2026-01-19 05:46:48,637] [INFO] - [ 2300/10346] | Cost: 0.6445285 | Accuracy: 0.6900000
[2026-01-19 05:52:11,144] [INFO] - [ 2400/10346] | Cost: 0.6293914 | Accuracy: 0.9000000
[2026-01-19 05:57:11,144] [INFO] - [ 2500/10346] | Cost: 0.6275834 | Accuracy: 0.9300000
[2026-01-19 06:02:07,422] [INFO] - [ 2600/10346] | Cost: 0.6287103 | Accuracy: 0.9000000
[2026-01-19 06:07:03,334] [INFO] - [ 2700/10346] | Cost: 0.6311308 | Accuracy: 0.8500000
[2026-01-19 06:12:19,417] [INFO] - [ 2800/10346] | Cost: 0.6267875 | Accuracy: 0.8900000
[2026-01-19 06:17:31,538] [INFO] - [ 2900/10346] | Cost: 0.6235080 | Accuracy: 0.9500000
[2026-01-19 06:22:24,721] [INFO] - [ 3000/10346] | Cost: 0.6203731 | Accuracy: 0.7800000
[2026-01-19 06:27:27,915] [INFO] - [ 3100/10346] | Cost: 0.6197848 | Accuracy: 0.6900000
[2026-01-19 06:32:34,949] [INFO] - [ 3200/10346] | Cost: 0.6007651 | Accuracy: 0.7000000
[2026-01-19 06:37:33,054] [INFO] - [ 3300/10346] | Cost: 0.5999359 | Accuracy: 0.6300000
[2026-01-19 06:42:45,648] [INFO] - [ 3400/10346] | Cost: 0.6381514 | Accuracy: 0.5000000
[2026-01-19 06:47:44,915] [INFO] - [ 3500/10346] | Cost: 0.6102523 | Accuracy: 0.6200000
[2026-01-19 06:52:48,626] [INFO] - [ 3600/10346] | Cost: 0.6145694 | Accuracy: 0.5700000
[2026-01-19 06:57:58,851] [INFO] - [ 3700/10346] | Cost: 0.6073433 | Accuracy: 0.7100000
[2026-01-19 07:03:01,116] [INFO] - [ 3800/10346] | Cost: 0.5901567 | Accuracy: 0.8300000
[2026-01-19 07:08:10,638] [INFO] - [ 3900/10346] | Cost: 0.5957110 | Accuracy: 0.8000000
[2026-01-19 07:12:58,246] [INFO] - [ 4000/10346] | Cost: 0.5869835 | Accuracy: 0.9600000
[2026-01-19 07:17:35,447] [INFO] - [ 4100/10346] | Cost: 0.5788697 | Accuracy: 0.9400000
[2026-01-19 07:22:46,733] [INFO] - [ 4200/10346] | Cost: 0.5737146 | Accuracy: 0.9500000
[2026-01-19 07:27:43,744] [INFO] - [ 4300/10346] | Cost: 0.5696813 | Accuracy: 0.9700000
[2026-01-19 07:32:20,124] [INFO] - [ 4400/10346] | Cost: 0.5681210 | Accuracy: 0.9300000
[2026-01-19 07:36:52,321] [INFO] - [ 4500/10346] | Cost: 0.5539660 | Accuracy: 0.9200000
[2026-01-19 07:41:38,525] [INFO] - [ 4600/10346] | Cost: 0.5453804 | Accuracy: 0.9000000
[2026-01-19 07:46:41,115] [INFO] - [ 4700/10346] | Cost: 0.5708033 | Accuracy: 0.7700000
[2026-01-19 07:51:15,944] [INFO] - [ 4800/10346] | Cost: 0.5781944 | Accuracy: 0.7700000
[2026-01-19 07:55:56,634] [INFO] - [ 4900/10346] | Cost: 0.5809292 | Accuracy: 0.7100000
[2026-01-19 08:00:47,159] [INFO] - [ 5000/10346] | Cost: 0.5489132 | Accuracy: 0.8800000
[2026-01-19 08:05:21,844] [INFO] - [ 5100/10346] | Cost: 0.5566252 | Accuracy: 0.8900000
[2026-01-19 08:09:59,623] [INFO] - [ 5200/10346] | Cost: 0.5595785 | Accuracy: 0.8900000
[2026-01-19 08:14:40,815] [INFO] - [ 5300/10346] | Cost: 0.5467070 | Accuracy: 0.9700000
[2026-01-19 08:19:32,916] [INFO] - [ 5400/10346] | Cost: 0.5473445 | Accuracy: 0.9900000
[2026-01-19 08:24:16,538] [INFO] - [ 5500/10346] | Cost: 0.5499740 | Accuracy: 0.9400000
[2026-01-19 08:28:39,037] [INFO] - [ 5600/10346] | Cost: 0.5576769 | Accuracy: 0.9200000
[2026-01-19 08:33:29,016] [INFO] - [ 5700/10346] | Cost: 0.5471050 | Accuracy: 0.9300000
[2026-01-19 08:38:12,316] [INFO] - [ 5800/10346] | Cost: 0.5501128 | Accuracy: 0.9200000
[2026-01-19 08:42:47,147] [INFO] - [ 5900/10346] | Cost: 0.5628250 | Accuracy: 0.8300000
[2026-01-19 08:47:35,252] [INFO] - [ 6000/10346] | Cost: 0.5689888 | Accuracy: 0.7700000
[2026-01-19 08:52:15,536] [INFO] - [ 6100/10346] | Cost: 0.5559945 | Accuracy: 0.7500000
[2026-01-19 08:57:01,344] [INFO] - [ 6200/10346] | Cost: 0.5478940 | Accuracy: 0.8100000
