[2026-01-18 23:04:09,016] [INFO] - seed: 0
image_preprocessing: MedianBlur
training:
  epochs: 1
  batch_size: 100
  image_width: 4
  lr: 0.05
model:
  num_layers: 3
dataset:
  num_classes: 2
  binary: true
  name: cxr8
  image_width_sweep: 2,4,8,16,32
  orig_width: 1024
embedding:
  name: NEQR
  pca: false
  supports_color: true

[2026-01-18 23:04:09,020] [INFO] - Using cuda.
[2026-01-18 23:04:09,161] [INFO] - Dataset: cxr8 | Train Size: 2270 | Validation Size: 650 | Test Size: 324
[2026-01-18 23:04:09,163] [INFO] - Initiate model
[2026-01-18 23:04:10,666] [INFO] - Weights Shape: torch.Size([3, 12, 3])
[2026-01-18 23:04:10,667] [INFO] - Bias Shape: torch.Size([2])
[2026-01-18 23:07:00,259] [INFO] - [  100/ 2270] | Cost: 0.6912430 | Accuracy: 0.5400000
[2026-01-18 23:10:01,437] [INFO] - [  200/ 2270] | Cost: 0.6618811 | Accuracy: 0.8400000
[2026-01-18 23:12:59,940] [INFO] - [  300/ 2270] | Cost: 0.6282227 | Accuracy: 0.8500000
[2026-01-18 23:16:18,150] [INFO] - [  400/ 2270] | Cost: 0.6096600 | Accuracy: 0.8200000
[2026-01-18 23:22:47,920] [INFO] - [  500/ 2270] | Cost: 0.5521491 | Accuracy: 0.9000000
[2026-01-18 23:30:21,652] [INFO] - [  600/ 2270] | Cost: 0.5318968 | Accuracy: 0.8900000
[2026-01-18 23:37:45,050] [INFO] - [  700/ 2270] | Cost: 0.5418137 | Accuracy: 0.8300000
[2026-01-18 23:44:48,916] [INFO] - [  800/ 2270] | Cost: 0.5166519 | Accuracy: 0.8400000
[2026-01-18 23:52:04,342] [INFO] - [  900/ 2270] | Cost: 0.4866282 | Accuracy: 0.8600000
[2026-01-18 23:58:57,043] [INFO] - [ 1000/ 2270] | Cost: 0.4958335 | Accuracy: 0.8300000
[2026-01-19 00:06:24,715] [INFO] - [ 1100/ 2270] | Cost: 0.4487365 | Accuracy: 0.8700000
[2026-01-19 00:13:46,042] [INFO] - [ 1200/ 2270] | Cost: 0.4789716 | Accuracy: 0.8300000
[2026-01-19 00:21:12,254] [INFO] - [ 1300/ 2270] | Cost: 0.4486603 | Accuracy: 0.8500000
[2026-01-19 00:28:22,651] [INFO] - [ 1400/ 2270] | Cost: 0.5404525 | Accuracy: 0.7700000
[2026-01-19 00:35:31,315] [INFO] - [ 1500/ 2270] | Cost: 0.4513201 | Accuracy: 0.8400000
[2026-01-19 00:42:46,150] [INFO] - [ 1600/ 2270] | Cost: 0.4609445 | Accuracy: 0.8300000
[2026-01-19 00:50:11,553] [INFO] - [ 1700/ 2270] | Cost: 0.2873570 | Accuracy: 0.9500000
[2026-01-19 00:56:47,040] [INFO] - [ 1800/ 2270] | Cost: 0.2942440 | Accuracy: 0.9400000
[2026-01-19 01:04:16,847] [INFO] - [ 1900/ 2270] | Cost: 0.4086653 | Accuracy: 0.8600000
[2026-01-19 01:11:55,450] [INFO] - [ 2000/ 2270] | Cost: 0.4558907 | Accuracy: 0.8300000
[2026-01-19 01:18:29,641] [INFO] - [ 2100/ 2270] | Cost: 0.4738077 | Accuracy: 0.8200000
[2026-01-19 01:26:19,416] [INFO] - [ 2200/ 2270] | Cost: 0.3704539 | Accuracy: 0.8800000
[2026-01-19 01:31:03,138] [INFO] - [ 2300/ 2270] | Cost: 0.3853092 | Accuracy: 0.8714286
