[2026-01-17 06:10:34,306] [INFO] - seed: 0
image_preprocessing: None
training:
  epochs: 1
  batch_size: 100
  image_width: 32
  lr: 0.05
model:
  num_layers: 3
dataset:
  num_classes: 2
  binary: true
  name: cxr8
  image_width_sweep: 2,4,8,16,32,64
  orig_width: 1024
embedding:
  name: NAQSS
  pca: false
  supports_color: false

[2026-01-17 06:10:34,308] [INFO] - Using cuda.
[2026-01-17 06:10:34,435] [INFO] - Dataset: cxr8 | Train Size: 2270 | Validation Size: 650 | Test Size: 324
[2026-01-17 06:10:34,438] [INFO] - Initiate model
[2026-01-17 06:10:34,441] [INFO] - Weights Shape: torch.Size([3, 19, 3])
[2026-01-17 06:10:34,441] [INFO] - Bias Shape: torch.Size([2])
[2026-01-17 06:21:00,188] [INFO] - [  100/ 2270] | Cost: 0.6931762 | Accuracy: 0.4900000
[2026-01-17 06:31:42,012] [INFO] - [  200/ 2270] | Cost: 0.6603273 | Accuracy: 0.8400000
[2026-01-17 06:42:33,196] [INFO] - [  300/ 2270] | Cost: 0.6282178 | Accuracy: 0.8500000
[2026-01-17 06:52:57,996] [INFO] - [  400/ 2270] | Cost: 0.6086790 | Accuracy: 0.8200000
[2026-01-17 07:03:23,387] [INFO] - [  500/ 2270] | Cost: 0.5535877 | Accuracy: 0.9000000
[2026-01-17 07:13:27,512] [INFO] - [  600/ 2270] | Cost: 0.5299631 | Accuracy: 0.8900000
[2026-01-17 07:24:12,100] [INFO] - [  700/ 2270] | Cost: 0.5405110 | Accuracy: 0.8300000
[2026-01-17 07:34:37,959] [INFO] - [  800/ 2270] | Cost: 0.5168005 | Accuracy: 0.8400000
[2026-01-17 07:45:11,297] [INFO] - [  900/ 2270] | Cost: 0.4856865 | Accuracy: 0.8600000
[2026-01-17 07:55:45,455] [INFO] - [ 1000/ 2270] | Cost: 0.4972925 | Accuracy: 0.8300000
[2026-01-17 08:06:11,481] [INFO] - [ 1100/ 2270] | Cost: 0.4482290 | Accuracy: 0.8700000
[2026-01-17 08:16:49,153] [INFO] - [ 1200/ 2270] | Cost: 0.4784398 | Accuracy: 0.8300000
[2026-01-17 08:27:05,390] [INFO] - [ 1300/ 2270] | Cost: 0.4491537 | Accuracy: 0.8500000
[2026-01-17 08:36:50,976] [INFO] - [ 1400/ 2270] | Cost: 0.5393305 | Accuracy: 0.7700000
[2026-01-17 08:45:51,065] [INFO] - [ 1500/ 2270] | Cost: 0.4499245 | Accuracy: 0.8400000
[2026-01-17 08:54:22,989] [INFO] - [ 1600/ 2270] | Cost: 0.4597917 | Accuracy: 0.8300000
[2026-01-17 09:02:11,497] [INFO] - [ 1700/ 2270] | Cost: 0.2881055 | Accuracy: 0.9500000
[2026-01-17 09:09:49,467] [INFO] - [ 1800/ 2270] | Cost: 0.2939014 | Accuracy: 0.9400000
[2026-01-17 09:17:05,261] [INFO] - [ 1900/ 2270] | Cost: 0.4094985 | Accuracy: 0.8600000
[2026-01-17 09:24:26,310] [INFO] - [ 2000/ 2270] | Cost: 0.4558925 | Accuracy: 0.8300000
[2026-01-17 09:31:42,263] [INFO] - [ 2100/ 2270] | Cost: 0.4730102 | Accuracy: 0.8200000
[2026-01-17 09:38:54,172] [INFO] - [ 2200/ 2270] | Cost: 0.3712686 | Accuracy: 0.8800000
[2026-01-17 09:43:55,789] [INFO] - [ 2300/ 2270] | Cost: 0.3849404 | Accuracy: 0.8714286
