[2026-01-19 04:57:04,225] [INFO] - seed: 0
image_preprocessing: ContrastScaling
training:
  epochs: 1
  batch_size: 100
  image_width: 4
  lr: 0.05
model:
  num_layers: 3
dataset:
  num_classes: 2
  binary: true
  name: mnist
  image_width_sweep: 16,32
  orig_width: 28
embedding:
  name: OQIM
  pca: false
  supports_color: true

[2026-01-19 04:57:04,229] [INFO] - Using cuda.
[2026-01-19 04:57:05,234] [INFO] - Dataset: mnist | Train Size: 10346 | Validation Size: 2956 | Test Size: 1478
[2026-01-19 04:57:05,237] [INFO] - Initiate model
[2026-01-19 04:57:06,124] [INFO] - Weights Shape: torch.Size([3, 6, 3])
[2026-01-19 04:57:06,125] [INFO] - Bias Shape: torch.Size([2])
[2026-01-19 05:00:34,154] [INFO] - [  100/10346] | Cost: 0.6992860 | Accuracy: 0.5100000
[2026-01-19 05:04:13,939] [INFO] - [  200/10346] | Cost: 0.6951840 | Accuracy: 0.4800000
[2026-01-19 05:08:08,415] [INFO] - [  300/10346] | Cost: 0.6864113 | Accuracy: 0.5800000
[2026-01-19 05:11:59,842] [INFO] - [  400/10346] | Cost: 0.6811276 | Accuracy: 0.8000000
[2026-01-19 05:15:35,616] [INFO] - [  500/10346] | Cost: 0.6751654 | Accuracy: 0.5900000
[2026-01-19 05:19:02,644] [INFO] - [  600/10346] | Cost: 0.6866963 | Accuracy: 0.4100000
[2026-01-19 05:22:36,636] [INFO] - [  700/10346] | Cost: 0.6679003 | Accuracy: 0.6900000
[2026-01-19 05:26:18,441] [INFO] - [  800/10346] | Cost: 0.6689709 | Accuracy: 0.9300000
[2026-01-19 05:30:01,548] [INFO] - [  900/10346] | Cost: 0.6663334 | Accuracy: 0.9600000
[2026-01-19 05:33:50,650] [INFO] - [ 1000/10346] | Cost: 0.6647509 | Accuracy: 0.7600000
[2026-01-19 05:37:26,136] [INFO] - [ 1100/10346] | Cost: 0.6621552 | Accuracy: 0.6500000
[2026-01-19 05:40:44,630] [INFO] - [ 1200/10346] | Cost: 0.6562570 | Accuracy: 0.6100000
[2026-01-19 05:44:11,816] [INFO] - [ 1300/10346] | Cost: 0.6556979 | Accuracy: 0.5700000
[2026-01-19 05:47:59,050] [INFO] - [ 1400/10346] | Cost: 0.6379008 | Accuracy: 0.6100000
[2026-01-19 05:51:51,249] [INFO] - [ 1500/10346] | Cost: 0.6503333 | Accuracy: 0.5500000
[2026-01-19 05:55:30,919] [INFO] - [ 1600/10346] | Cost: 0.6182359 | Accuracy: 0.6800000
[2026-01-19 05:59:07,048] [INFO] - [ 1700/10346] | Cost: 0.6358693 | Accuracy: 0.5800000
[2026-01-19 06:02:37,719] [INFO] - [ 1800/10346] | Cost: 0.6356916 | Accuracy: 0.5900000
[2026-01-19 06:06:12,243] [INFO] - [ 1900/10346] | Cost: 0.6446713 | Accuracy: 0.5500000
[2026-01-19 06:09:49,241] [INFO] - [ 2000/10346] | Cost: 0.6517918 | Accuracy: 0.5100000
[2026-01-19 06:13:42,840] [INFO] - [ 2100/10346] | Cost: 0.6419386 | Accuracy: 0.5400000
[2026-01-19 06:17:28,037] [INFO] - [ 2200/10346] | Cost: 0.6313989 | Accuracy: 0.6100000
[2026-01-19 06:21:01,139] [INFO] - [ 2300/10346] | Cost: 0.6475894 | Accuracy: 0.7300000
[2026-01-19 06:24:33,348] [INFO] - [ 2400/10346] | Cost: 0.6353542 | Accuracy: 0.9200000
[2026-01-19 06:28:16,943] [INFO] - [ 2500/10346] | Cost: 0.6350071 | Accuracy: 0.9000000
[2026-01-19 06:32:00,148] [INFO] - [ 2600/10346] | Cost: 0.6341863 | Accuracy: 0.8800000
[2026-01-19 06:35:33,325] [INFO] - [ 2700/10346] | Cost: 0.6377956 | Accuracy: 0.8100000
[2026-01-19 06:39:12,040] [INFO] - [ 2800/10346] | Cost: 0.6331485 | Accuracy: 0.9000000
[2026-01-19 06:42:57,837] [INFO] - [ 2900/10346] | Cost: 0.6272141 | Accuracy: 0.8900000
[2026-01-19 06:46:33,040] [INFO] - [ 3000/10346] | Cost: 0.6366134 | Accuracy: 0.6400000
[2026-01-19 06:50:12,935] [INFO] - [ 3100/10346] | Cost: 0.6355889 | Accuracy: 0.5900000
[2026-01-19 06:53:54,515] [INFO] - [ 3200/10346] | Cost: 0.6148266 | Accuracy: 0.6300000
[2026-01-19 06:57:38,014] [INFO] - [ 3300/10346] | Cost: 0.6150118 | Accuracy: 0.6200000
[2026-01-19 07:01:14,420] [INFO] - [ 3400/10346] | Cost: 0.6416215 | Accuracy: 0.5400000
[2026-01-19 07:04:56,040] [INFO] - [ 3500/10346] | Cost: 0.6218315 | Accuracy: 0.7100000
[2026-01-19 07:08:42,352] [INFO] - [ 3600/10346] | Cost: 0.6256242 | Accuracy: 0.7100000
[2026-01-19 07:12:12,737] [INFO] - [ 3700/10346] | Cost: 0.6235772 | Accuracy: 0.8500000
[2026-01-19 07:15:29,144] [INFO] - [ 3800/10346] | Cost: 0.6139531 | Accuracy: 0.9200000
[2026-01-19 07:19:06,623] [INFO] - [ 3900/10346] | Cost: 0.6183905 | Accuracy: 0.8500000
[2026-01-19 07:22:54,816] [INFO] - [ 4000/10346] | Cost: 0.6151734 | Accuracy: 0.9700000
[2026-01-19 07:26:37,734] [INFO] - [ 4100/10346] | Cost: 0.6101388 | Accuracy: 0.9400000
[2026-01-19 07:30:00,623] [INFO] - [ 4200/10346] | Cost: 0.6089199 | Accuracy: 0.9300000
[2026-01-19 07:33:20,958] [INFO] - [ 4300/10346] | Cost: 0.6039300 | Accuracy: 0.9200000
[2026-01-19 07:36:37,743] [INFO] - [ 4400/10346] | Cost: 0.6035687 | Accuracy: 0.8100000
[2026-01-19 07:40:02,252] [INFO] - [ 4500/10346] | Cost: 0.5949028 | Accuracy: 0.7100000
[2026-01-19 07:43:40,331] [INFO] - [ 4600/10346] | Cost: 0.5946927 | Accuracy: 0.6700000
[2026-01-19 07:47:18,516] [INFO] - [ 4700/10346] | Cost: 0.6189488 | Accuracy: 0.5700000
[2026-01-19 07:50:37,258] [INFO] - [ 4800/10346] | Cost: 0.6401147 | Accuracy: 0.5100000
[2026-01-19 07:53:51,844] [INFO] - [ 4900/10346] | Cost: 0.6389672 | Accuracy: 0.5800000
[2026-01-19 07:57:19,619] [INFO] - [ 5000/10346] | Cost: 0.5962884 | Accuracy: 0.7000000
[2026-01-19 08:00:49,123] [INFO] - [ 5100/10346] | Cost: 0.6068157 | Accuracy: 0.8000000
[2026-01-19 08:04:06,353] [INFO] - [ 5200/10346] | Cost: 0.6057829 | Accuracy: 0.9000000
[2026-01-19 08:07:26,650] [INFO] - [ 5300/10346] | Cost: 0.6033309 | Accuracy: 0.9100000
[2026-01-19 08:10:47,916] [INFO] - [ 5400/10346] | Cost: 0.6032979 | Accuracy: 0.9000000
[2026-01-19 08:14:10,160] [INFO] - [ 5500/10346] | Cost: 0.6105613 | Accuracy: 0.8300000
[2026-01-19 08:17:37,946] [INFO] - [ 5600/10346] | Cost: 0.6133284 | Accuracy: 0.8500000
[2026-01-19 08:21:13,856] [INFO] - [ 5700/10346] | Cost: 0.6002859 | Accuracy: 0.9300000
[2026-01-19 08:24:31,645] [INFO] - [ 5800/10346] | Cost: 0.5978339 | Accuracy: 0.8800000
[2026-01-19 08:27:40,016] [INFO] - [ 5900/10346] | Cost: 0.6021050 | Accuracy: 0.7300000
[2026-01-19 08:30:59,816] [INFO] - [ 6000/10346] | Cost: 0.6148222 | Accuracy: 0.6600000
[2026-01-19 08:34:32,316] [INFO] - [ 6100/10346] | Cost: 0.6065829 | Accuracy: 0.6300000
[2026-01-19 08:37:56,356] [INFO] - [ 6200/10346] | Cost: 0.6077481 | Accuracy: 0.5700000
[2026-01-19 08:41:13,238] [INFO] - [ 6300/10346] | Cost: 0.6193599 | Accuracy: 0.6500000
[2026-01-19 08:44:39,118] [INFO] - [ 6400/10346] | Cost: 0.5913237 | Accuracy: 0.6900000
[2026-01-19 08:48:04,031] [INFO] - [ 6500/10346] | Cost: 0.5916193 | Accuracy: 0.8100000
[2026-01-19 08:51:23,216] [INFO] - [ 6600/10346] | Cost: 0.5909141 | Accuracy: 0.8700000
[2026-01-19 08:54:48,216] [INFO] - [ 6700/10346] | Cost: 0.5893802 | Accuracy: 0.9100000
[2026-01-19 08:58:10,440] [INFO] - [ 6800/10346] | Cost: 0.6071144 | Accuracy: 0.8500000
