[2026-01-18 23:15:56,359] [INFO] - seed: 0
image_preprocessing: ContrastScaling
training:
  epochs: 1
  batch_size: 100
  image_width: 32
  lr: 0.05
model:
  num_layers: 3
dataset:
  num_classes: 2
  binary: true
  name: cxr8
  image_width_sweep: 2,4,8,16,32
  orig_width: 1024
embedding:
  name: NAQSS
  pca: false
  supports_color: false

[2026-01-18 23:15:56,363] [INFO] - Using cuda.
[2026-01-18 23:15:56,630] [INFO] - Dataset: cxr8 | Train Size: 2270 | Validation Size: 650 | Test Size: 324
[2026-01-18 23:15:56,632] [INFO] - Initiate model
[2026-01-18 23:15:59,459] [INFO] - Weights Shape: torch.Size([3, 19, 3])
[2026-01-18 23:15:59,460] [INFO] - Bias Shape: torch.Size([2])
[2026-01-19 00:16:39,246] [INFO] - [  100/ 2270] | Cost: 0.6931261 | Accuracy: 0.5000000
[2026-01-19 01:17:19,652] [INFO] - [  200/ 2270] | Cost: 0.6602034 | Accuracy: 0.8400000
[2026-01-19 02:18:32,915] [INFO] - [  300/ 2270] | Cost: 0.6273844 | Accuracy: 0.8500000
[2026-01-19 03:19:40,243] [INFO] - [  400/ 2270] | Cost: 0.6076133 | Accuracy: 0.8200000
[2026-01-19 04:21:05,438] [INFO] - [  500/ 2270] | Cost: 0.5523939 | Accuracy: 0.9000000
[2026-01-19 05:22:23,154] [INFO] - [  600/ 2270] | Cost: 0.5276101 | Accuracy: 0.8900000
[2026-01-19 06:24:17,639] [INFO] - [  700/ 2270] | Cost: 0.5383078 | Accuracy: 0.8300000
[2026-01-19 07:25:14,116] [INFO] - [  800/ 2270] | Cost: 0.5124365 | Accuracy: 0.8400000
[2026-01-19 08:21:51,335] [INFO] - [  900/ 2270] | Cost: 0.4816227 | Accuracy: 0.8600000
