[2026-01-18 23:04:08,838] [INFO] - seed: 0
image_preprocessing: None
training:
  epochs: 1
  batch_size: 100
  image_width: 16
  lr: 0.05
model:
  num_layers: 3
dataset:
  num_classes: 2
  binary: true
  name: cxr8
  image_width_sweep: 2,4,8,16,32
  orig_width: 1024
embedding:
  name: NEQR
  pca: false
  supports_color: true

[2026-01-18 23:04:08,842] [INFO] - Using cuda.
[2026-01-18 23:04:09,021] [INFO] - Dataset: cxr8 | Train Size: 2270 | Validation Size: 650 | Test Size: 324
[2026-01-18 23:04:09,023] [INFO] - Initiate model
[2026-01-18 23:04:10,567] [INFO] - Weights Shape: torch.Size([3, 16, 3])
[2026-01-18 23:04:10,571] [INFO] - Bias Shape: torch.Size([2])
[2026-01-18 23:09:05,933] [INFO] - [  100/ 2270] | Cost: 0.6932722 | Accuracy: 0.4500000
[2026-01-18 23:13:48,436] [INFO] - [  200/ 2270] | Cost: 0.6597339 | Accuracy: 0.8400000
[2026-01-18 23:22:33,244] [INFO] - [  300/ 2270] | Cost: 0.6282406 | Accuracy: 0.8500000
[2026-01-18 23:34:06,244] [INFO] - [  400/ 2270] | Cost: 0.6083913 | Accuracy: 0.8200000
[2026-01-18 23:45:12,120] [INFO] - [  500/ 2270] | Cost: 0.5533295 | Accuracy: 0.9000000
[2026-01-18 23:56:37,515] [INFO] - [  600/ 2270] | Cost: 0.5298484 | Accuracy: 0.8900000
[2026-01-19 00:08:10,037] [INFO] - [  700/ 2270] | Cost: 0.5402387 | Accuracy: 0.8300000
[2026-01-19 00:19:36,823] [INFO] - [  800/ 2270] | Cost: 0.5165085 | Accuracy: 0.8400000
[2026-01-19 00:30:42,615] [INFO] - [  900/ 2270] | Cost: 0.4857073 | Accuracy: 0.8600000
[2026-01-19 00:41:39,143] [INFO] - [ 1000/ 2270] | Cost: 0.4969160 | Accuracy: 0.8300000
[2026-01-19 00:52:35,835] [INFO] - [ 1100/ 2270] | Cost: 0.4486219 | Accuracy: 0.8700000
[2026-01-19 01:04:01,719] [INFO] - [ 1200/ 2270] | Cost: 0.4782456 | Accuracy: 0.8300000
[2026-01-19 01:15:22,753] [INFO] - [ 1300/ 2270] | Cost: 0.4488930 | Accuracy: 0.8500000
[2026-01-19 01:27:10,446] [INFO] - [ 1400/ 2270] | Cost: 0.5391608 | Accuracy: 0.7700000
[2026-01-19 01:37:49,432] [INFO] - [ 1500/ 2270] | Cost: 0.4498800 | Accuracy: 0.8400000
[2026-01-19 01:49:25,647] [INFO] - [ 1600/ 2270] | Cost: 0.4598740 | Accuracy: 0.8300000
[2026-01-19 01:59:45,536] [INFO] - [ 1700/ 2270] | Cost: 0.2881186 | Accuracy: 0.9500000
[2026-01-19 02:11:27,115] [INFO] - [ 1800/ 2270] | Cost: 0.2939223 | Accuracy: 0.9400000
[2026-01-19 02:22:28,038] [INFO] - [ 1900/ 2270] | Cost: 0.4099136 | Accuracy: 0.8600000
[2026-01-19 02:33:55,849] [INFO] - [ 2000/ 2270] | Cost: 0.4557826 | Accuracy: 0.8300000
[2026-01-19 02:45:07,920] [INFO] - [ 2100/ 2270] | Cost: 0.4728663 | Accuracy: 0.8200000
[2026-01-19 02:56:34,315] [INFO] - [ 2200/ 2270] | Cost: 0.3712966 | Accuracy: 0.8800000
[2026-01-19 03:03:58,923] [INFO] - [ 2300/ 2270] | Cost: 0.3848335 | Accuracy: 0.8714286
