[2026-01-18 23:04:08,724] [INFO] - seed: 0
image_preprocessing: None
training:
  epochs: 1
  batch_size: 100
  image_width: 16
  lr: 0.05
model:
  num_layers: 3
dataset:
  num_classes: 2
  binary: true
  name: cxr8
  image_width_sweep: 2,4,8,16,32
  orig_width: 1024
embedding:
  name: OQIM
  pca: false
  supports_color: true

[2026-01-18 23:04:08,728] [INFO] - Using cuda.
[2026-01-18 23:04:08,917] [INFO] - Dataset: cxr8 | Train Size: 2270 | Validation Size: 650 | Test Size: 324
[2026-01-18 23:04:08,920] [INFO] - Initiate model
[2026-01-18 23:04:09,908] [INFO] - Weights Shape: torch.Size([3, 10, 3])
[2026-01-18 23:04:09,911] [INFO] - Bias Shape: torch.Size([2])
[2026-01-18 23:07:19,742] [INFO] - [  100/ 2270] | Cost: 0.7026919 | Accuracy: 0.1800000
[2026-01-18 23:10:25,387] [INFO] - [  200/ 2270] | Cost: 0.6414993 | Accuracy: 0.8400000
[2026-01-18 23:13:27,754] [INFO] - [  300/ 2270] | Cost: 0.5898741 | Accuracy: 0.8500000
[2026-01-18 23:17:44,718] [INFO] - [  400/ 2270] | Cost: 0.5644769 | Accuracy: 0.8200000
[2026-01-18 23:24:30,138] [INFO] - [  500/ 2270] | Cost: 0.4881768 | Accuracy: 0.9000000
[2026-01-18 23:31:57,719] [INFO] - [  600/ 2270] | Cost: 0.4642276 | Accuracy: 0.8900000
[2026-01-18 23:39:13,416] [INFO] - [  700/ 2270] | Cost: 0.4944893 | Accuracy: 0.8300000
[2026-01-18 23:46:04,951] [INFO] - [  800/ 2270] | Cost: 0.4709830 | Accuracy: 0.8400000
[2026-01-18 23:53:44,748] [INFO] - [  900/ 2270] | Cost: 0.4359994 | Accuracy: 0.8600000
[2026-01-19 00:00:21,147] [INFO] - [ 1000/ 2270] | Cost: 0.4644570 | Accuracy: 0.8300000
[2026-01-19 00:08:04,734] [INFO] - [ 1100/ 2270] | Cost: 0.4037542 | Accuracy: 0.8700000
[2026-01-19 00:15:25,339] [INFO] - [ 1200/ 2270] | Cost: 0.4560056 | Accuracy: 0.8300000
[2026-01-19 00:22:32,541] [INFO] - [ 1300/ 2270] | Cost: 0.4278630 | Accuracy: 0.8500000
[2026-01-19 00:29:53,916] [INFO] - [ 1400/ 2270] | Cost: 0.5689399 | Accuracy: 0.7700000
[2026-01-19 00:36:54,015] [INFO] - [ 1500/ 2270] | Cost: 0.4441091 | Accuracy: 0.8400000
[2026-01-19 00:44:21,534] [INFO] - [ 1600/ 2270] | Cost: 0.4615308 | Accuracy: 0.8300000
[2026-01-19 00:51:25,747] [INFO] - [ 1700/ 2270] | Cost: 0.2423651 | Accuracy: 0.9500000
[2026-01-19 00:58:33,737] [INFO] - [ 1800/ 2270] | Cost: 0.2542357 | Accuracy: 0.9400000
[2026-01-19 01:05:48,738] [INFO] - [ 1900/ 2270] | Cost: 0.4031671 | Accuracy: 0.8600000
[2026-01-19 01:13:26,738] [INFO] - [ 2000/ 2270] | Cost: 0.4620025 | Accuracy: 0.8300000
[2026-01-19 01:20:18,242] [INFO] - [ 2100/ 2270] | Cost: 0.4840002 | Accuracy: 0.8200000
[2026-01-19 01:27:53,232] [INFO] - [ 2200/ 2270] | Cost: 0.3665062 | Accuracy: 0.8800000
[2026-01-19 01:32:36,841] [INFO] - [ 2300/ 2270] | Cost: 0.3800744 | Accuracy: 0.8714286
