[2026-01-16 13:39:05,773] [INFO] - seed: 0
image_preprocessing: None
training:
  epochs: 1
  batch_size: 100
  image_width: 32
  lr: 0.05
model:
  num_layers: 3
dataset:
  num_classes: 2
  binary: true
  name: eurosat_rgb
  image_width_sweep: '64'
  orig_width: 64
embedding:
  name: NAQSS
  pca: false
  supports_color: false

[2026-01-16 13:39:05,776] [INFO] - Using cuda.
[2026-01-16 13:39:05,817] [INFO] - Dataset: eurosat_rgb | Train Size: 4200 | Validation Size: 1200 | Test Size: 600
[2026-01-16 13:39:05,819] [INFO] - Initiate model
[2026-01-16 13:39:05,821] [INFO] - Weights Shape: torch.Size([3, 19, 3])
[2026-01-16 13:39:05,822] [INFO] - Bias Shape: torch.Size([2])
[2026-01-16 13:50:15,224] [INFO] - [  100/ 4200] | Cost: 0.6932651 | Accuracy: 0.4300000
[2026-01-16 14:01:24,741] [INFO] - [  200/ 4200] | Cost: 0.6872156 | Accuracy: 0.5700000
[2026-01-16 14:12:21,184] [INFO] - [  300/ 4200] | Cost: 0.7078372 | Accuracy: 0.4500000
[2026-01-16 14:23:13,867] [INFO] - [  400/ 4200] | Cost: 0.7033049 | Accuracy: 0.4700000
[2026-01-16 14:34:02,859] [INFO] - [  500/ 4200] | Cost: 0.6972179 | Accuracy: 0.4900000
[2026-01-16 14:45:00,782] [INFO] - [  600/ 4200] | Cost: 0.6883659 | Accuracy: 0.5500000
[2026-01-16 14:56:01,401] [INFO] - [  700/ 4200] | Cost: 0.6921169 | Accuracy: 0.5000000
[2026-01-16 15:07:19,820] [INFO] - [  800/ 4200] | Cost: 0.6923342 | Accuracy: 0.4600000
[2026-01-16 15:18:26,855] [INFO] - [  900/ 4200] | Cost: 0.6897395 | Accuracy: 0.8400000
[2026-01-16 15:29:23,336] [INFO] - [ 1000/ 4200] | Cost: 0.6848840 | Accuracy: 0.5500000
[2026-01-16 15:40:18,158] [INFO] - [ 1100/ 4200] | Cost: 0.6922556 | Accuracy: 0.4700000
[2026-01-16 15:51:16,264] [INFO] - [ 1200/ 4200] | Cost: 0.6901388 | Accuracy: 0.4800000
[2026-01-16 16:02:24,398] [INFO] - [ 1300/ 4200] | Cost: 0.6979108 | Accuracy: 0.4400000
[2026-01-16 16:13:32,038] [INFO] - [ 1400/ 4200] | Cost: 0.6768553 | Accuracy: 0.5400000
[2026-01-16 16:24:47,621] [INFO] - [ 1500/ 4200] | Cost: 0.6866093 | Accuracy: 0.4400000
[2026-01-16 16:35:38,580] [INFO] - [ 1600/ 4200] | Cost: 0.6663317 | Accuracy: 0.5600000
[2026-01-16 16:46:09,710] [INFO] - [ 1700/ 4200] | Cost: 0.6852013 | Accuracy: 0.4300000
[2026-01-16 16:57:11,693] [INFO] - [ 1800/ 4200] | Cost: 0.6781398 | Accuracy: 0.4100000
[2026-01-16 17:08:25,275] [INFO] - [ 1900/ 4200] | Cost: 0.6753142 | Accuracy: 0.4200000
[2026-01-16 17:19:39,582] [INFO] - [ 2000/ 4200] | Cost: 0.6753265 | Accuracy: 0.6900000
[2026-01-16 17:30:38,867] [INFO] - [ 2100/ 4200] | Cost: 0.6726562 | Accuracy: 0.8700000
[2026-01-16 17:41:43,532] [INFO] - [ 2200/ 4200] | Cost: 0.6692652 | Accuracy: 0.8800000
[2026-01-16 17:52:36,415] [INFO] - [ 2300/ 4200] | Cost: 0.6653990 | Accuracy: 0.9200000
[2026-01-16 18:03:55,220] [INFO] - [ 2400/ 4200] | Cost: 0.6678192 | Accuracy: 0.8100000
[2026-01-16 18:15:12,415] [INFO] - [ 2500/ 4200] | Cost: 0.6680450 | Accuracy: 0.7300000
[2026-01-16 18:25:47,657] [INFO] - [ 2600/ 4200] | Cost: 0.6696515 | Accuracy: 0.6700000
[2026-01-16 18:36:54,697] [INFO] - [ 2700/ 4200] | Cost: 0.6702483 | Accuracy: 0.5700000
[2026-01-16 18:47:57,614] [INFO] - [ 2800/ 4200] | Cost: 0.6483329 | Accuracy: 0.6300000
[2026-01-16 18:58:49,516] [INFO] - [ 2900/ 4200] | Cost: 0.6702736 | Accuracy: 0.5600000
[2026-01-16 19:09:38,286] [INFO] - [ 3000/ 4200] | Cost: 0.6757382 | Accuracy: 0.5100000
[2026-01-16 19:20:43,778] [INFO] - [ 3100/ 4200] | Cost: 0.6998801 | Accuracy: 0.4500000
[2026-01-16 19:31:48,695] [INFO] - [ 3200/ 4200] | Cost: 0.7088535 | Accuracy: 0.3900000
[2026-01-16 19:42:44,134] [INFO] - [ 3300/ 4200] | Cost: 0.6770009 | Accuracy: 0.5300000
[2026-01-16 19:53:44,482] [INFO] - [ 3400/ 4200] | Cost: 0.6832309 | Accuracy: 0.5000000
[2026-01-16 20:04:43,116] [INFO] - [ 3500/ 4200] | Cost: 0.6697046 | Accuracy: 0.4900000
[2026-01-16 20:15:52,815] [INFO] - [ 3600/ 4200] | Cost: 0.6644922 | Accuracy: 0.6300000
[2026-01-16 20:26:49,370] [INFO] - [ 3700/ 4200] | Cost: 0.6767044 | Accuracy: 0.6400000
[2026-01-16 20:37:38,814] [INFO] - [ 3800/ 4200] | Cost: 0.6746272 | Accuracy: 0.7800000
[2026-01-16 20:48:32,040] [INFO] - [ 3900/ 4200] | Cost: 0.6716732 | Accuracy: 0.8700000
[2026-01-16 20:59:24,295] [INFO] - [ 4000/ 4200] | Cost: 0.6690799 | Accuracy: 0.6100000
[2026-01-16 21:10:17,311] [INFO] - [ 4100/ 4200] | Cost: 0.6650807 | Accuracy: 0.5000000
[2026-01-16 21:20:58,329] [INFO] - [ 4200/ 4200] | Cost: 0.6609221 | Accuracy: 0.5400000
