[2026-01-18 23:04:09,126] [INFO] - seed: 0
image_preprocessing: GaussianBlur
training:
  epochs: 1
  batch_size: 100
  image_width: 8
  lr: 0.05
model:
  num_layers: 3
dataset:
  num_classes: 2
  binary: true
  name: cxr8
  image_width_sweep: 2,4,8,16,32
  orig_width: 1024
embedding:
  name: NAQSS
  pca: false
  supports_color: false

[2026-01-18 23:04:09,130] [INFO] - Using cuda.
[2026-01-18 23:04:09,268] [INFO] - Dataset: cxr8 | Train Size: 2270 | Validation Size: 650 | Test Size: 324
[2026-01-18 23:04:09,271] [INFO] - Initiate model
[2026-01-18 23:04:11,051] [INFO] - Weights Shape: torch.Size([3, 15, 3])
[2026-01-18 23:04:11,052] [INFO] - Bias Shape: torch.Size([2])
[2026-01-18 23:08:45,816] [INFO] - [  100/ 2270] | Cost: 0.6929367 | Accuracy: 0.5500000
[2026-01-18 23:13:21,479] [INFO] - [  200/ 2270] | Cost: 0.6607949 | Accuracy: 0.8400000
[2026-01-18 23:20:45,449] [INFO] - [  300/ 2270] | Cost: 0.6292673 | Accuracy: 0.8500000
[2026-01-18 23:32:15,816] [INFO] - [  400/ 2270] | Cost: 0.6085006 | Accuracy: 0.8200000
[2026-01-18 23:43:35,522] [INFO] - [  500/ 2270] | Cost: 0.5537981 | Accuracy: 0.9000000
[2026-01-18 23:55:00,936] [INFO] - [  600/ 2270] | Cost: 0.5304181 | Accuracy: 0.8900000
[2026-01-19 00:06:07,741] [INFO] - [  700/ 2270] | Cost: 0.5403898 | Accuracy: 0.8300000
[2026-01-19 00:17:40,615] [INFO] - [  800/ 2270] | Cost: 0.5166932 | Accuracy: 0.8400000
[2026-01-19 00:29:00,151] [INFO] - [  900/ 2270] | Cost: 0.4858928 | Accuracy: 0.8600000
[2026-01-19 00:39:58,742] [INFO] - [ 1000/ 2270] | Cost: 0.4969955 | Accuracy: 0.8300000
[2026-01-19 00:51:32,647] [INFO] - [ 1100/ 2270] | Cost: 0.4483400 | Accuracy: 0.8700000
[2026-01-19 01:02:38,230] [INFO] - [ 1200/ 2270] | Cost: 0.4787118 | Accuracy: 0.8300000
[2026-01-19 01:14:18,851] [INFO] - [ 1300/ 2270] | Cost: 0.4491458 | Accuracy: 0.8500000
[2026-01-19 01:25:44,216] [INFO] - [ 1400/ 2270] | Cost: 0.5391828 | Accuracy: 0.7700000
[2026-01-19 01:36:33,730] [INFO] - [ 1500/ 2270] | Cost: 0.4498932 | Accuracy: 0.8400000
[2026-01-19 01:48:14,149] [INFO] - [ 1600/ 2270] | Cost: 0.4591985 | Accuracy: 0.8300000
[2026-01-19 01:58:45,552] [INFO] - [ 1700/ 2270] | Cost: 0.2880028 | Accuracy: 0.9500000
[2026-01-19 02:10:37,016] [INFO] - [ 1800/ 2270] | Cost: 0.2936691 | Accuracy: 0.9400000
[2026-01-19 02:21:49,654] [INFO] - [ 1900/ 2270] | Cost: 0.4092534 | Accuracy: 0.8600000
[2026-01-19 02:33:18,715] [INFO] - [ 2000/ 2270] | Cost: 0.4556792 | Accuracy: 0.8300000
[2026-01-19 02:44:31,544] [INFO] - [ 2100/ 2270] | Cost: 0.4726625 | Accuracy: 0.8200000
[2026-01-19 02:55:48,616] [INFO] - [ 2200/ 2270] | Cost: 0.3704902 | Accuracy: 0.8800000
[2026-01-19 03:03:32,717] [INFO] - [ 2300/ 2270] | Cost: 0.3848796 | Accuracy: 0.8714286
