[2026-01-17 07:33:04,789] [INFO] - seed: 0
image_preprocessing: MedianBlur
training:
  epochs: 1
  batch_size: 100
  image_width: 32
  lr: 0.05
model:
  num_layers: 3
dataset:
  num_classes: 2
  binary: true
  name: cxr8
  image_width_sweep: 2,4,8,16,32,64
  orig_width: 1024
embedding:
  name: NAQSS
  pca: false
  supports_color: false

[2026-01-17 07:33:04,791] [INFO] - Using cuda.
[2026-01-17 07:33:04,914] [INFO] - Dataset: cxr8 | Train Size: 2270 | Validation Size: 650 | Test Size: 324
[2026-01-17 07:33:04,918] [INFO] - Initiate model
[2026-01-17 07:33:04,921] [INFO] - Weights Shape: torch.Size([3, 19, 3])
[2026-01-17 07:33:04,922] [INFO] - Bias Shape: torch.Size([2])
[2026-01-17 07:43:26,996] [INFO] - [  100/ 2270] | Cost: 0.6932474 | Accuracy: 0.4800000
[2026-01-17 07:54:01,216] [INFO] - [  200/ 2270] | Cost: 0.6604331 | Accuracy: 0.8400000
[2026-01-17 08:04:12,006] [INFO] - [  300/ 2270] | Cost: 0.6280403 | Accuracy: 0.8500000
[2026-01-17 08:14:30,458] [INFO] - [  400/ 2270] | Cost: 0.6082394 | Accuracy: 0.8200000
[2026-01-17 08:24:53,850] [INFO] - [  500/ 2270] | Cost: 0.5536921 | Accuracy: 0.9000000
[2026-01-17 08:34:43,705] [INFO] - [  600/ 2270] | Cost: 0.5301338 | Accuracy: 0.8900000
[2026-01-17 08:44:06,975] [INFO] - [  700/ 2270] | Cost: 0.5405312 | Accuracy: 0.8300000
[2026-01-17 08:52:43,485] [INFO] - [  800/ 2270] | Cost: 0.5167645 | Accuracy: 0.8400000
[2026-01-17 09:00:42,404] [INFO] - [  900/ 2270] | Cost: 0.4857449 | Accuracy: 0.8600000
[2026-01-17 09:08:25,820] [INFO] - [ 1000/ 2270] | Cost: 0.4970872 | Accuracy: 0.8300000
[2026-01-17 09:16:08,319] [INFO] - [ 1100/ 2270] | Cost: 0.4484417 | Accuracy: 0.8700000
[2026-01-17 09:23:26,720] [INFO] - [ 1200/ 2270] | Cost: 0.4783838 | Accuracy: 0.8300000
[2026-01-17 09:30:52,206] [INFO] - [ 1300/ 2270] | Cost: 0.4492215 | Accuracy: 0.8500000
[2026-01-17 09:38:21,072] [INFO] - [ 1400/ 2270] | Cost: 0.5394660 | Accuracy: 0.7700000
[2026-01-17 09:45:38,278] [INFO] - [ 1500/ 2270] | Cost: 0.4499947 | Accuracy: 0.8400000
[2026-01-17 09:53:02,096] [INFO] - [ 1600/ 2270] | Cost: 0.4599995 | Accuracy: 0.8300000
[2026-01-17 10:00:16,666] [INFO] - [ 1700/ 2270] | Cost: 0.2881633 | Accuracy: 0.9500000
[2026-01-17 10:07:17,627] [INFO] - [ 1800/ 2270] | Cost: 0.2938073 | Accuracy: 0.9400000
[2026-01-17 10:14:16,178] [INFO] - [ 1900/ 2270] | Cost: 0.4097368 | Accuracy: 0.8600000
[2026-01-17 10:21:21,971] [INFO] - [ 2000/ 2270] | Cost: 0.4560587 | Accuracy: 0.8300000
[2026-01-17 10:28:26,273] [INFO] - [ 2100/ 2270] | Cost: 0.4726675 | Accuracy: 0.8200000
[2026-01-17 10:35:33,511] [INFO] - [ 2200/ 2270] | Cost: 0.3712732 | Accuracy: 0.8800000
[2026-01-17 10:40:34,397] [INFO] - [ 2300/ 2270] | Cost: 0.3847186 | Accuracy: 0.8714286
