[2026-01-16 17:29:35,813] [INFO] - seed: 0
image_preprocessing: BilateralFilter
training:
  epochs: 1
  batch_size: 100
  image_width: 16
  lr: 0.05
model:
  num_layers: 3
dataset:
  num_classes: 2
  binary: true
  name: eurosat_rgb
  image_width_sweep: '64'
  orig_width: 64
embedding:
  name: NAQSS
  pca: false
  supports_color: false

[2026-01-16 17:29:35,815] [INFO] - Using cuda.
[2026-01-16 17:29:35,855] [INFO] - Dataset: eurosat_rgb | Train Size: 4200 | Validation Size: 1200 | Test Size: 600
[2026-01-16 17:29:35,858] [INFO] - Initiate model
[2026-01-16 17:29:35,860] [INFO] - Weights Shape: torch.Size([3, 17, 3])
[2026-01-16 17:29:35,862] [INFO] - Bias Shape: torch.Size([2])
[2026-01-16 17:32:06,084] [INFO] - [  100/ 4200] | Cost: 0.6927721 | Accuracy: 0.5500000
[2026-01-16 17:35:03,607] [INFO] - [  200/ 4200] | Cost: 0.6874107 | Accuracy: 0.5700000
[2026-01-16 17:37:32,223] [INFO] - [  300/ 4200] | Cost: 0.7075328 | Accuracy: 0.4500000
[2026-01-16 17:40:11,369] [INFO] - [  400/ 4200] | Cost: 0.7031536 | Accuracy: 0.4700000
[2026-01-16 17:43:09,744] [INFO] - [  500/ 4200] | Cost: 0.6973882 | Accuracy: 0.4900000
[2026-01-16 17:45:59,186] [INFO] - [  600/ 4200] | Cost: 0.6885034 | Accuracy: 0.5500000
[2026-01-16 17:48:46,878] [INFO] - [  700/ 4200] | Cost: 0.6925234 | Accuracy: 0.5000000
[2026-01-16 17:51:08,377] [INFO] - [  800/ 4200] | Cost: 0.6924031 | Accuracy: 0.4600000
[2026-01-16 17:54:05,141] [INFO] - [  900/ 4200] | Cost: 0.6912344 | Accuracy: 0.6100000
[2026-01-16 17:56:45,855] [INFO] - [ 1000/ 4200] | Cost: 0.6876764 | Accuracy: 0.5500000
[2026-01-16 17:59:27,981] [INFO] - [ 1100/ 4200] | Cost: 0.6931687 | Accuracy: 0.4700000
[2026-01-16 18:02:03,435] [INFO] - [ 1200/ 4200] | Cost: 0.6907513 | Accuracy: 0.4800000
[2026-01-16 18:05:07,668] [INFO] - [ 1300/ 4200] | Cost: 0.6992635 | Accuracy: 0.4400000
[2026-01-16 18:07:59,924] [INFO] - [ 1400/ 4200] | Cost: 0.6777194 | Accuracy: 0.5400000
[2026-01-16 18:10:58,884] [INFO] - [ 1500/ 4200] | Cost: 0.6897333 | Accuracy: 0.4400000
[2026-01-16 18:13:30,162] [INFO] - [ 1600/ 4200] | Cost: 0.6755404 | Accuracy: 0.5700000
[2026-01-16 18:16:36,825] [INFO] - [ 1700/ 4200] | Cost: 0.6807417 | Accuracy: 0.4700000
[2026-01-16 18:19:10,801] [INFO] - [ 1800/ 4200] | Cost: 0.6717423 | Accuracy: 0.4800000
[2026-01-16 18:22:00,896] [INFO] - [ 1900/ 4200] | Cost: 0.6726034 | Accuracy: 0.4500000
[2026-01-16 18:24:37,709] [INFO] - [ 2000/ 4200] | Cost: 0.6723567 | Accuracy: 0.7200000
[2026-01-16 18:27:38,666] [INFO] - [ 2100/ 4200] | Cost: 0.6720700 | Accuracy: 0.7300000
[2026-01-16 18:30:39,300] [INFO] - [ 2200/ 4200] | Cost: 0.6682690 | Accuracy: 0.7600000
[2026-01-16 18:33:33,062] [INFO] - [ 2300/ 4200] | Cost: 0.6702284 | Accuracy: 0.7800000
[2026-01-16 18:36:18,851] [INFO] - [ 2400/ 4200] | Cost: 0.6710172 | Accuracy: 0.7000000
[2026-01-16 18:39:22,663] [INFO] - [ 2500/ 4200] | Cost: 0.6634696 | Accuracy: 0.7000000
[2026-01-16 18:42:13,147] [INFO] - [ 2600/ 4200] | Cost: 0.6646156 | Accuracy: 0.6500000
[2026-01-16 18:45:00,046] [INFO] - [ 2700/ 4200] | Cost: 0.6683310 | Accuracy: 0.6200000
[2026-01-16 18:47:40,496] [INFO] - [ 2800/ 4200] | Cost: 0.6548186 | Accuracy: 0.6400000
[2026-01-16 18:50:39,386] [INFO] - [ 2900/ 4200] | Cost: 0.6614885 | Accuracy: 0.5900000
[2026-01-16 18:53:20,886] [INFO] - [ 3000/ 4200] | Cost: 0.6758116 | Accuracy: 0.5200000
[2026-01-16 18:56:01,533] [INFO] - [ 3100/ 4200] | Cost: 0.6877131 | Accuracy: 0.4600000
[2026-01-16 18:58:34,551] [INFO] - [ 3200/ 4200] | Cost: 0.7092700 | Accuracy: 0.3900000
[2026-01-16 19:01:35,637] [INFO] - [ 3300/ 4200] | Cost: 0.6661704 | Accuracy: 0.5700000
[2026-01-16 19:04:13,006] [INFO] - [ 3400/ 4200] | Cost: 0.6707665 | Accuracy: 0.5300000
[2026-01-16 19:06:51,436] [INFO] - [ 3500/ 4200] | Cost: 0.6775011 | Accuracy: 0.5200000
[2026-01-16 19:09:17,231] [INFO] - [ 3600/ 4200] | Cost: 0.6631061 | Accuracy: 0.6200000
[2026-01-16 19:12:21,531] [INFO] - [ 3700/ 4200] | Cost: 0.6734979 | Accuracy: 0.6200000
[2026-01-16 19:14:59,056] [INFO] - [ 3800/ 4200] | Cost: 0.6652475 | Accuracy: 0.7500000
[2026-01-16 19:17:46,502] [INFO] - [ 3900/ 4200] | Cost: 0.6683925 | Accuracy: 0.8100000
[2026-01-16 19:20:15,706] [INFO] - [ 4000/ 4200] | Cost: 0.6654210 | Accuracy: 0.8400000
[2026-01-16 19:23:35,254] [INFO] - [ 4100/ 4200] | Cost: 0.6634465 | Accuracy: 0.6200000
[2026-01-16 19:26:25,681] [INFO] - [ 4200/ 4200] | Cost: 0.6618033 | Accuracy: 0.5700000
