[2026-01-17 17:36:47,440] [INFO] - seed: 0
image_preprocessing: ContrastScaling
training:
  epochs: 1
  batch_size: 100
  image_width: 32
  lr: 0.05
model:
  num_layers: 3
dataset:
  num_classes: 2
  binary: true
  name: eurosat_rgb
  image_width_sweep: '64'
  orig_width: 64
embedding:
  name: RMP
  pca: true
  supports_color: true

[2026-01-17 17:36:47,442] [INFO] - Using cuda.
[2026-01-17 17:36:47,481] [INFO] - Dataset: eurosat_rgb | Train Size: 4200 | Validation Size: 1200 | Test Size: 600
[2026-01-17 17:36:47,483] [INFO] - Applying PCA Loader to the dataset
[2026-01-17 17:36:50,932] [INFO] - Initiate model
[2026-01-17 17:36:50,934] [INFO] - Weights Shape: torch.Size([3, 6, 3])
[2026-01-17 17:36:50,935] [INFO] - Bias Shape: torch.Size([2])
[2026-01-17 17:37:31,838] [INFO] - [  100/ 4200] | Cost: 0.6926825 | Accuracy: 0.5100000
[2026-01-17 17:38:21,772] [INFO] - [  200/ 4200] | Cost: 0.6826407 | Accuracy: 0.5300000
[2026-01-17 17:39:15,175] [INFO] - [  300/ 4200] | Cost: 0.6768377 | Accuracy: 0.5600000
[2026-01-17 17:40:08,534] [INFO] - [  400/ 4200] | Cost: 0.6857778 | Accuracy: 0.4800000
[2026-01-17 17:41:01,877] [INFO] - [  500/ 4200] | Cost: 0.6593459 | Accuracy: 0.5800000
[2026-01-17 17:41:55,113] [INFO] - [  600/ 4200] | Cost: 0.6649927 | Accuracy: 0.5500000
[2026-01-17 17:42:48,524] [INFO] - [  700/ 4200] | Cost: 0.6730608 | Accuracy: 0.5100000
[2026-01-17 17:43:41,888] [INFO] - [  800/ 4200] | Cost: 0.6890923 | Accuracy: 0.4200000
[2026-01-17 17:44:35,218] [INFO] - [  900/ 4200] | Cost: 0.6644439 | Accuracy: 0.5800000
[2026-01-17 17:45:28,447] [INFO] - [ 1000/ 4200] | Cost: 0.6663355 | Accuracy: 0.8000000
[2026-01-17 17:46:21,834] [INFO] - [ 1100/ 4200] | Cost: 0.6600354 | Accuracy: 0.9500000
[2026-01-17 17:47:15,238] [INFO] - [ 1200/ 4200] | Cost: 0.6630984 | Accuracy: 0.5100000
[2026-01-17 17:48:08,608] [INFO] - [ 1300/ 4200] | Cost: 0.6619731 | Accuracy: 0.5200000
[2026-01-17 17:49:01,834] [INFO] - [ 1400/ 4200] | Cost: 0.6720671 | Accuracy: 0.4800000
[2026-01-17 17:49:55,230] [INFO] - [ 1500/ 4200] | Cost: 0.6660755 | Accuracy: 0.4700000
[2026-01-17 17:50:48,674] [INFO] - [ 1600/ 4200] | Cost: 0.6592386 | Accuracy: 0.6100000
[2026-01-17 17:51:42,110] [INFO] - [ 1700/ 4200] | Cost: 0.6554885 | Accuracy: 0.8700000
[2026-01-17 17:52:35,396] [INFO] - [ 1800/ 4200] | Cost: 0.6408530 | Accuracy: 0.7600000
[2026-01-17 17:53:28,845] [INFO] - [ 1900/ 4200] | Cost: 0.6422541 | Accuracy: 0.5500000
[2026-01-17 17:54:22,275] [INFO] - [ 2000/ 4200] | Cost: 0.6664070 | Accuracy: 0.4600000
[2026-01-17 17:55:15,682] [INFO] - [ 2100/ 4200] | Cost: 0.6584616 | Accuracy: 0.5100000
[2026-01-17 17:56:09,121] [INFO] - [ 2200/ 4200] | Cost: 0.6617096 | Accuracy: 0.4700000
[2026-01-17 17:57:02,398] [INFO] - [ 2300/ 4200] | Cost: 0.6276008 | Accuracy: 0.6200000
[2026-01-17 17:57:55,873] [INFO] - [ 2400/ 4200] | Cost: 0.6274264 | Accuracy: 0.6700000
[2026-01-17 17:58:49,288] [INFO] - [ 2500/ 4200] | Cost: 0.6445763 | Accuracy: 0.6500000
[2026-01-17 17:59:42,686] [INFO] - [ 2600/ 4200] | Cost: 0.6310259 | Accuracy: 0.7900000
[2026-01-17 18:00:36,103] [INFO] - [ 2700/ 4200] | Cost: 0.6369446 | Accuracy: 0.8400000
[2026-01-17 18:01:29,357] [INFO] - [ 2800/ 4200] | Cost: 0.6304777 | Accuracy: 0.9200000
[2026-01-17 18:02:22,718] [INFO] - [ 2900/ 4200] | Cost: 0.6267014 | Accuracy: 0.9800000
[2026-01-17 18:03:16,080] [INFO] - [ 3000/ 4200] | Cost: 0.6191483 | Accuracy: 0.9800000
[2026-01-17 18:04:09,443] [INFO] - [ 3100/ 4200] | Cost: 0.6169818 | Accuracy: 0.9300000
[2026-01-17 18:05:02,673] [INFO] - [ 3200/ 4200] | Cost: 0.6161526 | Accuracy: 0.9700000
[2026-01-17 18:05:56,079] [INFO] - [ 3300/ 4200] | Cost: 0.6186507 | Accuracy: 0.9700000
[2026-01-17 18:06:49,506] [INFO] - [ 3400/ 4200] | Cost: 0.6175655 | Accuracy: 0.9700000
[2026-01-17 18:07:42,867] [INFO] - [ 3500/ 4200] | Cost: 0.6092314 | Accuracy: 1.0000000
[2026-01-17 18:08:36,106] [INFO] - [ 3600/ 4200] | Cost: 0.6102001 | Accuracy: 0.9700000
[2026-01-17 18:09:29,279] [INFO] - [ 3700/ 4200] | Cost: 0.5986356 | Accuracy: 0.9800000
[2026-01-17 18:10:15,323] [INFO] - [ 3800/ 4200] | Cost: 0.6224378 | Accuracy: 0.8400000
[2026-01-17 18:11:08,669] [INFO] - [ 3900/ 4200] | Cost: 0.6048939 | Accuracy: 0.7600000
[2026-01-17 18:12:01,855] [INFO] - [ 4000/ 4200] | Cost: 0.5971173 | Accuracy: 0.6300000
[2026-01-17 18:12:55,176] [INFO] - [ 4100/ 4200] | Cost: 0.6133420 | Accuracy: 0.5600000
[2026-01-17 18:13:48,528] [INFO] - [ 4200/ 4200] | Cost: 0.6100015 | Accuracy: 0.5500000
[2026-01-17 18:14:07,830] [INFO] - Model dict saved to /workspace/persistent/embedding_colosseum/multirun/2026-01-17/16-03-43/44/saved_models/model_epoch-0.pt
[2026-01-17 18:14:07,831] [INFO] - Validation for epoch   0 | Cost: 0.5843643 | Accuracy: 0.8208333
