[2026-01-15 22:05:18,756] [INFO] - seed: 0
image_preprocessing: None
training:
  epochs: 2
  batch_size: 100
  image_width: 32
  lr: 0.05
model:
  num_layers: 3
dataset:
  num_classes: 2
  binary: true
  name: mnist
  image_width_sweep: 16,32
  orig_width: 28
embedding:
  name: FRQI
  pca: false
  supports_color: false

[2026-01-15 22:05:18,760] [INFO] - Using cuda.
[2026-01-15 22:05:19,225] [INFO] - Dataset: mnist | Train Size: 10346 | Validation Size: 2956 | Test Size: 1478
[2026-01-15 22:05:19,228] [INFO] - Initiate model
[2026-01-15 22:05:19,454] [INFO] - Weights Shape: torch.Size([3, 11, 3])
[2026-01-15 22:05:19,455] [INFO] - Bias Shape: torch.Size([2])
[2026-01-15 22:07:29,425] [INFO] - [  100/10346] | Cost: 0.7021136 | Accuracy: 0.4900000
[2026-01-15 22:09:54,121] [INFO] - [  200/10346] | Cost: 0.6931546 | Accuracy: 0.5200000
[2026-01-15 22:12:12,414] [INFO] - [  300/10346] | Cost: 0.6918153 | Accuracy: 0.4900000
[2026-01-15 22:14:56,217] [INFO] - [  400/10346] | Cost: 0.6809967 | Accuracy: 0.5300000
[2026-01-15 22:17:08,748] [INFO] - [  500/10346] | Cost: 0.6770461 | Accuracy: 0.5300000
[2026-01-15 22:19:35,918] [INFO] - [  600/10346] | Cost: 0.6834398 | Accuracy: 0.4100000
[2026-01-15 22:21:56,463] [INFO] - [  700/10346] | Cost: 0.6745935 | Accuracy: 0.9500000
[2026-01-15 22:24:36,475] [INFO] - [  800/10346] | Cost: 0.6736722 | Accuracy: 0.8800000
[2026-01-15 22:26:41,713] [INFO] - [  900/10346] | Cost: 0.6746492 | Accuracy: 0.6800000
[2026-01-15 22:29:20,924] [INFO] - [ 1000/10346] | Cost: 0.6676329 | Accuracy: 0.9900000
[2026-01-15 22:31:44,390] [INFO] - [ 1100/10346] | Cost: 0.6665256 | Accuracy: 0.9000000
[2026-01-15 22:34:19,888] [INFO] - [ 1200/10346] | Cost: 0.6628383 | Accuracy: 0.7000000
[2026-01-15 22:36:31,833] [INFO] - [ 1300/10346] | Cost: 0.6614218 | Accuracy: 0.5300000
[2026-01-15 22:39:03,128] [INFO] - [ 1400/10346] | Cost: 0.6487960 | Accuracy: 0.5900000
[2026-01-15 22:41:30,457] [INFO] - [ 1500/10346] | Cost: 0.6539724 | Accuracy: 0.5400000
[2026-01-15 22:44:03,284] [INFO] - [ 1600/10346] | Cost: 0.6266553 | Accuracy: 0.6600000
[2026-01-15 22:46:19,464] [INFO] - [ 1700/10346] | Cost: 0.6409227 | Accuracy: 0.5800000
[2026-01-15 22:48:44,061] [INFO] - [ 1800/10346] | Cost: 0.6353184 | Accuracy: 0.5900000
[2026-01-15 22:51:05,511] [INFO] - [ 1900/10346] | Cost: 0.6470888 | Accuracy: 0.5500000
[2026-01-15 22:53:42,513] [INFO] - [ 2000/10346] | Cost: 0.6617127 | Accuracy: 0.5100000
[2026-01-15 22:55:58,235] [INFO] - [ 2100/10346] | Cost: 0.6530449 | Accuracy: 0.5200000
[2026-01-15 22:58:23,868] [INFO] - [ 2200/10346] | Cost: 0.6358510 | Accuracy: 0.5400000
[2026-01-15 23:00:47,449] [INFO] - [ 2300/10346] | Cost: 0.6607420 | Accuracy: 0.4400000
[2026-01-15 23:03:18,233] [INFO] - [ 2400/10346] | Cost: 0.6204336 | Accuracy: 0.5800000
[2026-01-15 23:05:37,880] [INFO] - [ 2500/10346] | Cost: 0.6139960 | Accuracy: 0.7400000
[2026-01-15 23:08:08,702] [INFO] - [ 2600/10346] | Cost: 0.6234118 | Accuracy: 0.8200000
[2026-01-15 23:10:28,518] [INFO] - [ 2700/10346] | Cost: 0.6083833 | Accuracy: 0.9900000
[2026-01-15 23:12:57,377] [INFO] - [ 2800/10346] | Cost: 0.6036682 | Accuracy: 0.9900000
[2026-01-15 23:15:09,946] [INFO] - [ 2900/10346] | Cost: 0.6023530 | Accuracy: 0.9900000
[2026-01-15 23:17:48,109] [INFO] - [ 3000/10346] | Cost: 0.5986800 | Accuracy: 0.9900000
[2026-01-15 23:19:56,429] [INFO] - [ 3100/10346] | Cost: 0.6000493 | Accuracy: 0.9700000
[2026-01-15 23:22:18,388] [INFO] - [ 3200/10346] | Cost: 0.5902861 | Accuracy: 0.9900000
[2026-01-15 23:24:35,093] [INFO] - [ 3300/10346] | Cost: 0.5960429 | Accuracy: 0.9600000
[2026-01-15 23:26:59,259] [INFO] - [ 3400/10346] | Cost: 0.5998308 | Accuracy: 0.9200000
[2026-01-15 23:29:01,155] [INFO] - [ 3500/10346] | Cost: 0.5859997 | Accuracy: 0.9700000
[2026-01-15 23:31:26,454] [INFO] - [ 3600/10346] | Cost: 0.5930892 | Accuracy: 0.9200000
[2026-01-15 23:33:29,992] [INFO] - [ 3700/10346] | Cost: 0.5821857 | Accuracy: 0.9600000
[2026-01-15 23:35:33,447] [INFO] - [ 3800/10346] | Cost: 0.5806280 | Accuracy: 0.9600000
[2026-01-15 23:37:58,092] [INFO] - [ 3900/10346] | Cost: 0.5880939 | Accuracy: 0.9400000
[2026-01-15 23:40:01,867] [INFO] - [ 4000/10346] | Cost: 0.5761142 | Accuracy: 0.9500000
[2026-01-15 23:42:25,634] [INFO] - [ 4100/10346] | Cost: 0.5721171 | Accuracy: 0.9900000
[2026-01-15 23:44:39,870] [INFO] - [ 4200/10346] | Cost: 0.5843212 | Accuracy: 0.9600000
[2026-01-15 23:46:56,150] [INFO] - [ 4300/10346] | Cost: 0.5713385 | Accuracy: 0.9800000
[2026-01-15 23:49:02,946] [INFO] - [ 4400/10346] | Cost: 0.5773227 | Accuracy: 0.9500000
[2026-01-15 23:51:20,398] [INFO] - [ 4500/10346] | Cost: 0.5682570 | Accuracy: 0.9500000
[2026-01-15 23:53:32,528] [INFO] - [ 4600/10346] | Cost: 0.5684721 | Accuracy: 0.9400000
[2026-01-15 23:55:50,950] [INFO] - [ 4700/10346] | Cost: 0.5779901 | Accuracy: 0.8200000
[2026-01-15 23:58:03,085] [INFO] - [ 4800/10346] | Cost: 0.5892641 | Accuracy: 0.7600000
[2026-01-16 00:00:10,529] [INFO] - [ 4900/10346] | Cost: 0.5865027 | Accuracy: 0.8200000
[2026-01-16 00:02:09,121] [INFO] - [ 5000/10346] | Cost: 0.5634114 | Accuracy: 0.8900000
[2026-01-16 00:04:02,883] [INFO] - [ 5100/10346] | Cost: 0.5790124 | Accuracy: 0.8900000
[2026-01-16 00:06:18,310] [INFO] - [ 5200/10346] | Cost: 0.5906804 | Accuracy: 0.8800000
[2026-01-16 00:08:16,388] [INFO] - [ 5300/10346] | Cost: 0.5704348 | Accuracy: 0.9600000
[2026-01-16 00:10:45,444] [INFO] - [ 5400/10346] | Cost: 0.5750816 | Accuracy: 0.9600000
[2026-01-16 00:12:49,589] [INFO] - [ 5500/10346] | Cost: 0.5670472 | Accuracy: 0.9800000
[2026-01-16 00:15:16,236] [INFO] - [ 5600/10346] | Cost: 0.5721988 | Accuracy: 0.9500000
[2026-01-16 00:17:31,003] [INFO] - [ 5700/10346] | Cost: 0.5706911 | Accuracy: 1.0000000
[2026-01-16 00:19:59,269] [INFO] - [ 5800/10346] | Cost: 0.5611585 | Accuracy: 0.9500000
[2026-01-16 00:22:08,021] [INFO] - [ 5900/10346] | Cost: 0.5777252 | Accuracy: 0.9400000
[2026-01-16 00:24:30,452] [INFO] - [ 6000/10346] | Cost: 0.5841726 | Accuracy: 0.8900000
[2026-01-16 00:26:44,329] [INFO] - [ 6100/10346] | Cost: 0.5678371 | Accuracy: 0.8800000
[2026-01-16 00:29:04,802] [INFO] - [ 6200/10346] | Cost: 0.5736650 | Accuracy: 0.9300000
[2026-01-16 00:31:23,699] [INFO] - [ 6300/10346] | Cost: 0.5806288 | Accuracy: 0.9000000
[2026-01-16 00:33:38,030] [INFO] - [ 6400/10346] | Cost: 0.5690385 | Accuracy: 0.9200000
[2026-01-16 00:35:55,277] [INFO] - [ 6500/10346] | Cost: 0.5527698 | Accuracy: 0.9800000
[2026-01-16 00:38:14,557] [INFO] - [ 6600/10346] | Cost: 0.5755861 | Accuracy: 0.9000000
[2026-01-16 00:40:30,532] [INFO] - [ 6700/10346] | Cost: 0.5725360 | Accuracy: 0.9500000
[2026-01-16 00:43:00,134] [INFO] - [ 6800/10346] | Cost: 0.5718293 | Accuracy: 0.9600000
[2026-01-16 00:45:14,253] [INFO] - [ 6900/10346] | Cost: 0.5627233 | Accuracy: 0.9700000
[2026-01-16 00:47:29,200] [INFO] - [ 7000/10346] | Cost: 0.5648293 | Accuracy: 0.9500000
[2026-01-16 00:49:50,834] [INFO] - [ 7100/10346] | Cost: 0.5613590 | Accuracy: 0.9500000
[2026-01-16 00:52:12,005] [INFO] - [ 7200/10346] | Cost: 0.5659763 | Accuracy: 0.9700000
[2026-01-16 00:54:32,408] [INFO] - [ 7300/10346] | Cost: 0.5689754 | Accuracy: 0.9300000
[2026-01-16 00:56:45,802] [INFO] - [ 7400/10346] | Cost: 0.5606329 | Accuracy: 0.9500000
[2026-01-16 00:59:10,956] [INFO] - [ 7500/10346] | Cost: 0.5605364 | Accuracy: 0.9800000
[2026-01-16 01:01:25,251] [INFO] - [ 7600/10346] | Cost: 0.5612396 | Accuracy: 0.9500000
[2026-01-16 01:03:39,959] [INFO] - [ 7700/10346] | Cost: 0.5602563 | Accuracy: 0.9200000
[2026-01-16 01:06:01,081] [INFO] - [ 7800/10346] | Cost: 0.5643367 | Accuracy: 0.9100000
[2026-01-16 01:08:16,547] [INFO] - [ 7900/10346] | Cost: 0.5638866 | Accuracy: 0.9300000
[2026-01-16 01:10:18,252] [INFO] - [ 8000/10346] | Cost: 0.5842239 | Accuracy: 0.8400000
[2026-01-16 01:12:43,491] [INFO] - [ 8100/10346] | Cost: 0.5740366 | Accuracy: 0.8600000
[2026-01-16 01:14:45,446] [INFO] - [ 8200/10346] | Cost: 0.5692502 | Accuracy: 0.9700000
[2026-01-16 01:16:59,082] [INFO] - [ 8300/10346] | Cost: 0.5628694 | Accuracy: 0.9600000
[2026-01-16 01:19:11,107] [INFO] - [ 8400/10346] | Cost: 0.5633735 | Accuracy: 1.0000000
[2026-01-16 01:21:21,460] [INFO] - [ 8500/10346] | Cost: 0.5641701 | Accuracy: 0.9700000
[2026-01-16 01:23:12,758] [INFO] - [ 8600/10346] | Cost: 0.5621870 | Accuracy: 0.9700000
[2026-01-16 01:25:30,248] [INFO] - [ 8700/10346] | Cost: 0.5614476 | Accuracy: 0.9800000
[2026-01-16 01:27:34,364] [INFO] - [ 8800/10346] | Cost: 0.5671910 | Accuracy: 0.9200000
[2026-01-16 01:29:50,731] [INFO] - [ 8900/10346] | Cost: 0.5613621 | Accuracy: 0.9600000
[2026-01-16 01:32:06,693] [INFO] - [ 9000/10346] | Cost: 0.5662695 | Accuracy: 0.9100000
[2026-01-16 01:34:19,465] [INFO] - [ 9100/10346] | Cost: 0.5621977 | Accuracy: 0.9300000
[2026-01-16 01:36:30,243] [INFO] - [ 9200/10346] | Cost: 0.5672479 | Accuracy: 0.9300000
[2026-01-16 01:38:51,970] [INFO] - [ 9300/10346] | Cost: 0.5681917 | Accuracy: 0.9500000
[2026-01-16 01:41:10,439] [INFO] - [ 9400/10346] | Cost: 0.5631893 | Accuracy: 0.9700000
[2026-01-16 01:43:22,765] [INFO] - [ 9500/10346] | Cost: 0.5615906 | Accuracy: 0.9800000
[2026-01-16 01:45:40,674] [INFO] - [ 9600/10346] | Cost: 0.5520219 | Accuracy: 0.9800000
[2026-01-16 01:47:57,465] [INFO] - [ 9700/10346] | Cost: 0.5582449 | Accuracy: 0.9700000
[2026-01-16 01:50:17,902] [INFO] - [ 9800/10346] | Cost: 0.5545911 | Accuracy: 0.9500000
[2026-01-16 01:52:33,310] [INFO] - [ 9900/10346] | Cost: 0.5874803 | Accuracy: 0.8800000
[2026-01-16 01:54:54,636] [INFO] - [10000/10346] | Cost: 0.5505564 | Accuracy: 0.9300000
[2026-01-16 01:56:59,094] [INFO] - [10100/10346] | Cost: 0.5643084 | Accuracy: 0.9300000
[2026-01-16 01:59:00,875] [INFO] - [10200/10346] | Cost: 0.5621899 | Accuracy: 0.8900000
[2026-01-16 02:00:59,509] [INFO] - [10300/10346] | Cost: 0.5691555 | Accuracy: 0.8600000
[2026-01-16 02:01:45,991] [INFO] - [10400/10346] | Cost: 0.5434387 | Accuracy: 1.0000000
[2026-01-16 02:37:27,075] [INFO] - Model dict saved to /workspace/persistent/embedding_colosseum/multirun/2026-01-15/22-04-31/1/saved_models/model_epoch-0.pt
[2026-01-16 02:37:27,076] [INFO] - Validation for epoch   0 | Cost: 0.5624447 | Accuracy: 0.9194048
[2026-01-16 02:39:11,658] [INFO] - [  100/10346] | Cost: 0.5674608 | Accuracy: 0.9200000
[2026-01-16 02:41:04,197] [INFO] - [  200/10346] | Cost: 0.5439232 | Accuracy: 0.9600000
[2026-01-16 02:43:09,494] [INFO] - [  300/10346] | Cost: 0.5654787 | Accuracy: 0.9300000
[2026-01-16 02:45:07,645] [INFO] - [  400/10346] | Cost: 0.5606558 | Accuracy: 0.8900000
[2026-01-16 02:47:20,673] [INFO] - [  500/10346] | Cost: 0.5695612 | Accuracy: 0.9100000
[2026-01-16 02:49:14,412] [INFO] - [  600/10346] | Cost: 0.5577660 | Accuracy: 0.9400000
[2026-01-16 02:51:18,775] [INFO] - [  700/10346] | Cost: 0.5565553 | Accuracy: 0.9300000
[2026-01-16 02:53:32,978] [INFO] - [  800/10346] | Cost: 0.5375105 | Accuracy: 0.9700000
[2026-01-16 02:55:42,980] [INFO] - [  900/10346] | Cost: 0.5519499 | Accuracy: 0.9600000
[2026-01-16 02:57:49,577] [INFO] - [ 1000/10346] | Cost: 0.5569550 | Accuracy: 0.9000000
[2026-01-16 02:59:57,511] [INFO] - [ 1100/10346] | Cost: 0.5692036 | Accuracy: 0.8600000
[2026-01-16 03:02:00,243] [INFO] - [ 1200/10346] | Cost: 0.5582315 | Accuracy: 0.9000000
[2026-01-16 03:03:58,919] [INFO] - [ 1300/10346] | Cost: 0.5612937 | Accuracy: 0.8800000
[2026-01-16 03:06:11,177] [INFO] - [ 1400/10346] | Cost: 0.5445946 | Accuracy: 0.9100000
[2026-01-16 03:08:16,196] [INFO] - [ 1500/10346] | Cost: 0.5528239 | Accuracy: 0.9200000
[2026-01-16 03:10:27,886] [INFO] - [ 1600/10346] | Cost: 0.5672354 | Accuracy: 0.8500000
[2026-01-16 03:12:29,177] [INFO] - [ 1700/10346] | Cost: 0.5569341 | Accuracy: 0.9400000
[2026-01-16 03:14:37,915] [INFO] - [ 1800/10346] | Cost: 0.5676361 | Accuracy: 0.8900000
[2026-01-16 03:16:37,794] [INFO] - [ 1900/10346] | Cost: 0.5550003 | Accuracy: 0.9200000
[2026-01-16 03:18:58,258] [INFO] - [ 2000/10346] | Cost: 0.5593479 | Accuracy: 0.9100000
[2026-01-16 03:21:01,134] [INFO] - [ 2100/10346] | Cost: 0.5588526 | Accuracy: 0.9200000
[2026-01-16 03:23:11,122] [INFO] - [ 2200/10346] | Cost: 0.5463966 | Accuracy: 0.9800000
[2026-01-16 03:25:12,060] [INFO] - [ 2300/10346] | Cost: 0.5782067 | Accuracy: 0.8700000
[2026-01-16 03:27:03,780] [INFO] - [ 2400/10346] | Cost: 0.5654113 | Accuracy: 0.9000000
[2026-01-16 03:29:12,008] [INFO] - [ 2500/10346] | Cost: 0.5590185 | Accuracy: 0.9100000
[2026-01-16 03:31:18,763] [INFO] - [ 2600/10346] | Cost: 0.5616032 | Accuracy: 0.9600000
[2026-01-16 03:33:23,648] [INFO] - [ 2700/10346] | Cost: 0.5620012 | Accuracy: 0.9600000
[2026-01-16 03:35:15,268] [INFO] - [ 2800/10346] | Cost: 0.5548643 | Accuracy: 0.9800000
[2026-01-16 03:37:17,220] [INFO] - [ 2900/10346] | Cost: 0.5511388 | Accuracy: 0.9700000
[2026-01-16 03:39:05,640] [INFO] - [ 3000/10346] | Cost: 0.5514817 | Accuracy: 0.9400000
[2026-01-16 03:41:20,261] [INFO] - [ 3100/10346] | Cost: 0.5590708 | Accuracy: 0.9500000
[2026-01-16 03:43:17,428] [INFO] - [ 3200/10346] | Cost: 0.5524418 | Accuracy: 0.9200000
[2026-01-16 03:45:07,352] [INFO] - [ 3300/10346] | Cost: 0.5529011 | Accuracy: 0.9000000
[2026-01-16 03:47:10,627] [INFO] - [ 3400/10346] | Cost: 0.5556121 | Accuracy: 0.8900000
[2026-01-16 03:49:04,110] [INFO] - [ 3500/10346] | Cost: 0.5676545 | Accuracy: 0.8400000
[2026-01-16 03:51:15,136] [INFO] - [ 3600/10346] | Cost: 0.5530243 | Accuracy: 0.8600000
[2026-01-16 03:53:15,048] [INFO] - [ 3700/10346] | Cost: 0.5490820 | Accuracy: 0.9000000
[2026-01-16 03:55:09,608] [INFO] - [ 3800/10346] | Cost: 0.5700377 | Accuracy: 0.8300000
[2026-01-16 03:57:16,548] [INFO] - [ 3900/10346] | Cost: 0.5696093 | Accuracy: 0.8200000
[2026-01-16 03:59:22,323] [INFO] - [ 4000/10346] | Cost: 0.5478147 | Accuracy: 0.9200000
[2026-01-16 04:01:21,428] [INFO] - [ 4100/10346] | Cost: 0.5756245 | Accuracy: 0.9000000
[2026-01-16 04:03:29,513] [INFO] - [ 4200/10346] | Cost: 0.5692697 | Accuracy: 0.9200000
[2026-01-16 04:05:29,920] [INFO] - [ 4300/10346] | Cost: 0.5662895 | Accuracy: 0.9700000
[2026-01-16 04:07:27,148] [INFO] - [ 4400/10346] | Cost: 0.5666319 | Accuracy: 0.9700000
[2026-01-16 04:09:28,740] [INFO] - [ 4500/10346] | Cost: 0.5675950 | Accuracy: 0.9600000
[2026-01-16 04:11:41,430] [INFO] - [ 4600/10346] | Cost: 0.5650308 | Accuracy: 0.9500000
[2026-01-16 04:13:49,664] [INFO] - [ 4700/10346] | Cost: 0.5647864 | Accuracy: 0.9700000
[2026-01-16 04:15:38,894] [INFO] - [ 4800/10346] | Cost: 0.5621305 | Accuracy: 0.9900000
[2026-01-16 04:17:44,812] [INFO] - [ 4900/10346] | Cost: 0.5616291 | Accuracy: 0.9800000
[2026-01-16 04:19:50,282] [INFO] - [ 5000/10346] | Cost: 0.5753627 | Accuracy: 0.9400000
[2026-01-16 04:21:42,213] [INFO] - [ 5100/10346] | Cost: 0.5682033 | Accuracy: 0.9700000
[2026-01-16 04:23:44,393] [INFO] - [ 5200/10346] | Cost: 0.5687079 | Accuracy: 0.9700000
[2026-01-16 04:25:48,510] [INFO] - [ 5300/10346] | Cost: 0.5644452 | Accuracy: 0.9900000
[2026-01-16 04:27:43,729] [INFO] - [ 5400/10346] | Cost: 0.5597475 | Accuracy: 0.9800000
[2026-01-16 04:29:41,632] [INFO] - [ 5500/10346] | Cost: 0.5644769 | Accuracy: 0.9900000
[2026-01-16 04:31:40,301] [INFO] - [ 5600/10346] | Cost: 0.5611765 | Accuracy: 0.9700000
[2026-01-16 04:33:34,768] [INFO] - [ 5700/10346] | Cost: 0.5585460 | Accuracy: 0.9800000
[2026-01-16 04:35:47,323] [INFO] - [ 5800/10346] | Cost: 0.5606361 | Accuracy: 0.9600000
[2026-01-16 04:37:42,413] [INFO] - [ 5900/10346] | Cost: 0.5666193 | Accuracy: 0.8700000
[2026-01-16 04:39:37,799] [INFO] - [ 6000/10346] | Cost: 0.5837862 | Accuracy: 0.8200000
[2026-01-16 04:41:48,501] [INFO] - [ 6100/10346] | Cost: 0.5625936 | Accuracy: 0.8800000
[2026-01-16 04:43:41,739] [INFO] - [ 6200/10346] | Cost: 0.5815830 | Accuracy: 0.8000000
[2026-01-16 04:45:35,971] [INFO] - [ 6300/10346] | Cost: 0.5597808 | Accuracy: 0.8800000
[2026-01-16 04:47:36,835] [INFO] - [ 6400/10346] | Cost: 0.5608744 | Accuracy: 0.9100000
[2026-01-16 04:49:19,557] [INFO] - [ 6500/10346] | Cost: 0.5575165 | Accuracy: 0.9400000
[2026-01-16 04:51:22,087] [INFO] - [ 6600/10346] | Cost: 0.5772308 | Accuracy: 0.8700000
[2026-01-16 04:53:28,207] [INFO] - [ 6700/10346] | Cost: 0.5492129 | Accuracy: 0.9700000
[2026-01-16 04:55:35,656] [INFO] - [ 6800/10346] | Cost: 0.5592310 | Accuracy: 0.9300000
[2026-01-16 04:57:45,057] [INFO] - [ 6900/10346] | Cost: 0.5595345 | Accuracy: 0.9100000
[2026-01-16 04:59:34,457] [INFO] - [ 7000/10346] | Cost: 0.5866182 | Accuracy: 0.8800000
[2026-01-16 05:01:49,394] [INFO] - [ 7100/10346] | Cost: 0.5816095 | Accuracy: 0.8600000
[2026-01-16 05:03:32,237] [INFO] - [ 7200/10346] | Cost: 0.5580932 | Accuracy: 0.9200000
[2026-01-16 05:05:30,497] [INFO] - [ 7300/10346] | Cost: 0.5697855 | Accuracy: 0.9300000
[2026-01-16 05:07:33,543] [INFO] - [ 7400/10346] | Cost: 0.5676135 | Accuracy: 0.9400000
[2026-01-16 05:09:28,821] [INFO] - [ 7500/10346] | Cost: 0.5595016 | Accuracy: 0.9600000
[2026-01-16 05:11:17,116] [INFO] - [ 7600/10346] | Cost: 0.5573676 | Accuracy: 0.9700000
[2026-01-16 05:13:28,634] [INFO] - [ 7700/10346] | Cost: 0.5584175 | Accuracy: 0.9800000
[2026-01-16 05:15:31,027] [INFO] - [ 7800/10346] | Cost: 0.5642408 | Accuracy: 0.9700000
[2026-01-16 05:17:36,855] [INFO] - [ 7900/10346] | Cost: 0.5661198 | Accuracy: 0.9600000
[2026-01-16 05:19:46,589] [INFO] - [ 8000/10346] | Cost: 0.5578636 | Accuracy: 0.9700000
[2026-01-16 05:21:47,479] [INFO] - [ 8100/10346] | Cost: 0.5566487 | Accuracy: 0.9800000
[2026-01-16 05:24:09,205] [INFO] - [ 8200/10346] | Cost: 0.5626904 | Accuracy: 0.9600000
[2026-01-16 05:25:59,931] [INFO] - [ 8300/10346] | Cost: 0.5680021 | Accuracy: 0.9500000
[2026-01-16 05:28:17,069] [INFO] - [ 8400/10346] | Cost: 0.5662536 | Accuracy: 0.9900000
[2026-01-16 05:30:15,393] [INFO] - [ 8500/10346] | Cost: 0.5664796 | Accuracy: 0.9900000
[2026-01-16 05:32:18,941] [INFO] - [ 8600/10346] | Cost: 0.5588717 | Accuracy: 0.9900000
[2026-01-16 05:34:24,555] [INFO] - [ 8700/10346] | Cost: 0.5591869 | Accuracy: 0.9900000
[2026-01-16 05:36:04,587] [INFO] - [ 8800/10346] | Cost: 0.5660359 | Accuracy: 0.9900000
[2026-01-16 05:38:25,716] [INFO] - [ 8900/10346] | Cost: 0.5588453 | Accuracy: 0.9900000
[2026-01-16 05:40:24,381] [INFO] - [ 9000/10346] | Cost: 0.5590146 | Accuracy: 0.9700000
[2026-01-16 05:42:13,586] [INFO] - [ 9100/10346] | Cost: 0.5628683 | Accuracy: 0.9800000
[2026-01-16 05:44:06,772] [INFO] - [ 9200/10346] | Cost: 0.5624560 | Accuracy: 0.9500000
[2026-01-16 05:45:51,470] [INFO] - [ 9300/10346] | Cost: 0.5571275 | Accuracy: 0.9600000
[2026-01-16 05:48:00,389] [INFO] - [ 9400/10346] | Cost: 0.5742462 | Accuracy: 0.8800000
[2026-01-16 05:49:55,308] [INFO] - [ 9500/10346] | Cost: 0.5593374 | Accuracy: 0.8500000
[2026-01-16 05:52:01,794] [INFO] - [ 9600/10346] | Cost: 0.5539148 | Accuracy: 0.8500000
[2026-01-16 05:54:03,615] [INFO] - [ 9700/10346] | Cost: 0.5609672 | Accuracy: 0.8300000
[2026-01-16 05:56:12,213] [INFO] - [ 9800/10346] | Cost: 0.5791498 | Accuracy: 0.7400000
[2026-01-16 05:58:19,843] [INFO] - [ 9900/10346] | Cost: 0.5525478 | Accuracy: 0.8800000
[2026-01-16 06:00:12,896] [INFO] - [10000/10346] | Cost: 0.5643970 | Accuracy: 0.8800000
[2026-01-16 06:02:21,674] [INFO] - [10100/10346] | Cost: 0.5627046 | Accuracy: 0.8700000
[2026-01-16 06:04:32,292] [INFO] - [10200/10346] | Cost: 0.5592180 | Accuracy: 0.9500000
[2026-01-16 06:06:27,512] [INFO] - [10300/10346] | Cost: 0.5669131 | Accuracy: 0.9100000
[2026-01-16 06:07:28,327] [INFO] - [10400/10346] | Cost: 0.5685304 | Accuracy: 0.9782609
[2026-01-16 06:43:14,084] [INFO] - Model dict saved to /workspace/persistent/embedding_colosseum/multirun/2026-01-15/22-04-31/1/saved_models/model_epoch-1.pt
[2026-01-16 06:43:14,091] [INFO] - Validation for epoch   1 | Cost: 0.5568023 | Accuracy: 0.9538095
