[2026-01-17 18:58:55,960] [INFO] - seed: 0
image_preprocessing: ContrastScaling
training:
  epochs: 1
  batch_size: 100
  image_width: 32
  lr: 0.05
model:
  num_layers: 3
dataset:
  num_classes: 2
  binary: true
  name: stl10
  image_width_sweep: 2,4,8,16,32,64
  orig_width: 96
embedding:
  name: ZZFeatureMap
  pca: true
  supports_color: true

[2026-01-17 18:58:55,962] [INFO] - Using cuda.
[2026-01-17 18:59:07,356] [INFO] - Dataset: stl10 | Train Size: 1819 | Validation Size: 521 | Test Size: 260
[2026-01-17 18:59:07,359] [INFO] - Applying PCA Loader to the dataset
[2026-01-17 18:59:09,429] [INFO] - Initiate model
[2026-01-17 18:59:09,432] [INFO] - Weights Shape: torch.Size([3, 6, 3])
[2026-01-17 18:59:09,433] [INFO] - Bias Shape: torch.Size([2])
[2026-01-17 19:00:01,429] [INFO] - [  100/ 1819] | Cost: 0.7775089 | Accuracy: 0.3300000
[2026-01-17 19:00:54,696] [INFO] - [  200/ 1819] | Cost: 0.7215731 | Accuracy: 0.3900000
[2026-01-17 19:01:48,159] [INFO] - [  300/ 1819] | Cost: 0.6953862 | Accuracy: 0.5000000
[2026-01-17 19:02:41,605] [INFO] - [  400/ 1819] | Cost: 0.6893347 | Accuracy: 0.5200000
[2026-01-17 19:03:35,106] [INFO] - [  500/ 1819] | Cost: 0.6658633 | Accuracy: 0.5500000
[2026-01-17 19:04:24,635] [INFO] - [  600/ 1819] | Cost: 0.6594334 | Accuracy: 0.6200000
[2026-01-17 19:05:15,263] [INFO] - [  700/ 1819] | Cost: 0.6474179 | Accuracy: 0.6300000
[2026-01-17 19:06:08,539] [INFO] - [  800/ 1819] | Cost: 0.6548492 | Accuracy: 0.6400000
[2026-01-17 19:07:01,994] [INFO] - [  900/ 1819] | Cost: 0.6219221 | Accuracy: 0.6700000
[2026-01-17 19:07:55,470] [INFO] - [ 1000/ 1819] | Cost: 0.6731756 | Accuracy: 0.5600000
[2026-01-17 19:08:48,884] [INFO] - [ 1100/ 1819] | Cost: 0.6600066 | Accuracy: 0.6000000
[2026-01-17 19:09:42,301] [INFO] - [ 1200/ 1819] | Cost: 0.6728050 | Accuracy: 0.5600000
[2026-01-17 19:10:35,763] [INFO] - [ 1300/ 1819] | Cost: 0.6151316 | Accuracy: 0.6700000
[2026-01-17 19:11:29,043] [INFO] - [ 1400/ 1819] | Cost: 0.6033656 | Accuracy: 0.7500000
[2026-01-17 19:12:22,476] [INFO] - [ 1500/ 1819] | Cost: 0.6502253 | Accuracy: 0.5900000
[2026-01-17 19:13:15,906] [INFO] - [ 1600/ 1819] | Cost: 0.6468616 | Accuracy: 0.6300000
[2026-01-17 19:14:09,344] [INFO] - [ 1700/ 1819] | Cost: 0.6377781 | Accuracy: 0.6300000
[2026-01-17 19:15:02,623] [INFO] - [ 1800/ 1819] | Cost: 0.6144078 | Accuracy: 0.7100000
[2026-01-17 19:15:13,031] [INFO] - [ 1900/ 1819] | Cost: 0.6536990 | Accuracy: 0.6842105
[2026-01-17 19:15:22,330] [INFO] - Model dict saved to /workspace/persistent/embedding_colosseum/multirun/2026-01-17/16-03-43/96/saved_models/model_epoch-0.pt
[2026-01-17 19:15:22,331] [INFO] - Validation for epoch   0 | Cost: 0.6438565 | Accuracy: 0.6703175
