[2026-01-18 23:15:56,640] [INFO] - seed: 0
image_preprocessing: MedianBlur
training:
  epochs: 1
  batch_size: 100
  image_width: 32
  lr: 0.05
model:
  num_layers: 3
dataset:
  num_classes: 2
  binary: true
  name: cxr8
  image_width_sweep: 2,4,8,16,32
  orig_width: 1024
embedding:
  name: OQIM
  pca: false
  supports_color: true

[2026-01-18 23:15:56,644] [INFO] - Using cuda.
[2026-01-18 23:15:56,924] [INFO] - Dataset: cxr8 | Train Size: 2270 | Validation Size: 650 | Test Size: 324
[2026-01-18 23:15:56,926] [INFO] - Initiate model
[2026-01-18 23:16:00,342] [INFO] - Weights Shape: torch.Size([3, 12, 3])
[2026-01-18 23:16:00,344] [INFO] - Bias Shape: torch.Size([2])
[2026-01-18 23:28:46,845] [INFO] - [  100/ 2270] | Cost: 0.7141463 | Accuracy: 0.1800000
[2026-01-18 23:41:26,943] [INFO] - [  200/ 2270] | Cost: 0.6623241 | Accuracy: 0.8400000
[2026-01-18 23:54:45,916] [INFO] - [  300/ 2270] | Cost: 0.6180963 | Accuracy: 0.8500000
[2026-01-19 00:08:21,851] [INFO] - [  400/ 2270] | Cost: 0.5923045 | Accuracy: 0.8200000
[2026-01-19 00:21:01,123] [INFO] - [  500/ 2270] | Cost: 0.5250495 | Accuracy: 0.9000000
[2026-01-19 00:33:52,915] [INFO] - [  600/ 2270] | Cost: 0.4957899 | Accuracy: 0.8900000
[2026-01-19 00:47:29,245] [INFO] - [  700/ 2270] | Cost: 0.5114409 | Accuracy: 0.8300000
[2026-01-19 01:00:22,235] [INFO] - [  800/ 2270] | Cost: 0.4841760 | Accuracy: 0.8400000
[2026-01-19 01:13:28,555] [INFO] - [  900/ 2270] | Cost: 0.4484305 | Accuracy: 0.8600000
[2026-01-19 01:27:03,247] [INFO] - [ 1000/ 2270] | Cost: 0.4690233 | Accuracy: 0.8300000
[2026-01-19 01:39:46,246] [INFO] - [ 1100/ 2270] | Cost: 0.4093724 | Accuracy: 0.8700000
[2026-01-19 01:52:44,117] [INFO] - [ 1200/ 2270] | Cost: 0.4575690 | Accuracy: 0.8300000
[2026-01-19 02:06:00,247] [INFO] - [ 1300/ 2270] | Cost: 0.4246955 | Accuracy: 0.8500000
[2026-01-19 02:19:16,744] [INFO] - [ 1400/ 2270] | Cost: 0.5530033 | Accuracy: 0.7700000
[2026-01-19 02:32:31,532] [INFO] - [ 1500/ 2270] | Cost: 0.4390183 | Accuracy: 0.8400000
[2026-01-19 02:45:29,039] [INFO] - [ 1600/ 2270] | Cost: 0.4572947 | Accuracy: 0.8300000
[2026-01-19 02:59:04,616] [INFO] - [ 1700/ 2270] | Cost: 0.2445496 | Accuracy: 0.9500000
[2026-01-19 03:12:20,943] [INFO] - [ 1800/ 2270] | Cost: 0.2583540 | Accuracy: 0.9400000
[2026-01-19 03:25:33,928] [INFO] - [ 1900/ 2270] | Cost: 0.4048453 | Accuracy: 0.8600000
[2026-01-19 03:39:06,743] [INFO] - [ 2000/ 2270] | Cost: 0.4647011 | Accuracy: 0.8300000
[2026-01-19 03:52:14,315] [INFO] - [ 2100/ 2270] | Cost: 0.4882639 | Accuracy: 0.8200000
[2026-01-19 04:05:19,141] [INFO] - [ 2200/ 2270] | Cost: 0.3669089 | Accuracy: 0.8800000
[2026-01-19 04:14:39,233] [INFO] - [ 2300/ 2270] | Cost: 0.3850326 | Accuracy: 0.8714286
