[2026-01-17 07:20:37,655] [INFO] - seed: 0
image_preprocessing: MedianBlur
training:
  epochs: 1
  batch_size: 100
  image_width: 32
  lr: 0.05
model:
  num_layers: 3
dataset:
  num_classes: 2
  binary: true
  name: cxr8
  image_width_sweep: 2,4,8,16,32,64
  orig_width: 1024
embedding:
  name: NEQR
  pca: false
  supports_color: true

[2026-01-17 07:20:37,658] [INFO] - Using cuda.
[2026-01-17 07:20:37,781] [INFO] - Dataset: cxr8 | Train Size: 2270 | Validation Size: 650 | Test Size: 324
[2026-01-17 07:20:37,784] [INFO] - Initiate model
[2026-01-17 07:20:37,786] [INFO] - Weights Shape: torch.Size([3, 18, 3])
[2026-01-17 07:20:37,787] [INFO] - Bias Shape: torch.Size([2])
[2026-01-17 07:25:51,206] [INFO] - [  100/ 2270] | Cost: 0.6927611 | Accuracy: 0.6600000
[2026-01-17 07:30:56,616] [INFO] - [  200/ 2270] | Cost: 0.6604979 | Accuracy: 0.8400000
[2026-01-17 07:36:13,927] [INFO] - [  300/ 2270] | Cost: 0.6282213 | Accuracy: 0.8500000
[2026-01-17 07:41:30,324] [INFO] - [  400/ 2270] | Cost: 0.6082667 | Accuracy: 0.8200000
[2026-01-17 07:46:50,518] [INFO] - [  500/ 2270] | Cost: 0.5537457 | Accuracy: 0.9000000
[2026-01-17 07:52:11,514] [INFO] - [  600/ 2270] | Cost: 0.5297785 | Accuracy: 0.8900000
[2026-01-17 07:57:22,601] [INFO] - [  700/ 2270] | Cost: 0.5404378 | Accuracy: 0.8300000
[2026-01-17 08:02:42,548] [INFO] - [  800/ 2270] | Cost: 0.5167157 | Accuracy: 0.8400000
[2026-01-17 08:07:48,508] [INFO] - [  900/ 2270] | Cost: 0.4857096 | Accuracy: 0.8600000
[2026-01-17 08:13:15,812] [INFO] - [ 1000/ 2270] | Cost: 0.4969557 | Accuracy: 0.8300000
[2026-01-17 08:18:23,057] [INFO] - [ 1100/ 2270] | Cost: 0.4484045 | Accuracy: 0.8700000
[2026-01-17 08:23:40,894] [INFO] - [ 1200/ 2270] | Cost: 0.4785520 | Accuracy: 0.8300000
[2026-01-17 08:28:43,104] [INFO] - [ 1300/ 2270] | Cost: 0.4489813 | Accuracy: 0.8500000
[2026-01-17 08:34:09,534] [INFO] - [ 1400/ 2270] | Cost: 0.5394462 | Accuracy: 0.7700000
[2026-01-17 08:39:21,676] [INFO] - [ 1500/ 2270] | Cost: 0.4497012 | Accuracy: 0.8400000
[2026-01-17 08:44:19,675] [INFO] - [ 1600/ 2270] | Cost: 0.4600267 | Accuracy: 0.8300000
[2026-01-17 08:49:09,201] [INFO] - [ 1700/ 2270] | Cost: 0.2881768 | Accuracy: 0.9500000
[2026-01-17 08:53:32,805] [INFO] - [ 1800/ 2270] | Cost: 0.2937071 | Accuracy: 0.9400000
[2026-01-17 08:57:57,674] [INFO] - [ 1900/ 2270] | Cost: 0.4096552 | Accuracy: 0.8600000
[2026-01-17 09:02:19,031] [INFO] - [ 2000/ 2270] | Cost: 0.4558432 | Accuracy: 0.8300000
[2026-01-17 09:06:44,603] [INFO] - [ 2100/ 2270] | Cost: 0.4728894 | Accuracy: 0.8200000
[2026-01-17 09:11:08,310] [INFO] - [ 2200/ 2270] | Cost: 0.3712911 | Accuracy: 0.8800000
[2026-01-17 09:14:07,703] [INFO] - [ 2300/ 2270] | Cost: 0.3850671 | Accuracy: 0.8714286
