[2026-01-17 06:34:35,102] [INFO] - seed: 0
image_preprocessing: GaussianBlur
training:
  epochs: 1
  batch_size: 100
  image_width: 16
  lr: 0.05
model:
  num_layers: 3
dataset:
  num_classes: 2
  binary: true
  name: cxr8
  image_width_sweep: 2,4,8,16,32,64
  orig_width: 1024
embedding:
  name: NAQSS
  pca: false
  supports_color: false

[2026-01-17 06:34:35,107] [INFO] - Using cuda.
[2026-01-17 06:34:35,233] [INFO] - Dataset: cxr8 | Train Size: 2270 | Validation Size: 650 | Test Size: 324
[2026-01-17 06:34:35,236] [INFO] - Initiate model
[2026-01-17 06:34:35,447] [INFO] - Weights Shape: torch.Size([3, 17, 3])
[2026-01-17 06:34:35,448] [INFO] - Bias Shape: torch.Size([2])
[2026-01-17 06:37:23,824] [INFO] - [  100/ 2270] | Cost: 0.6929007 | Accuracy: 0.5300000
[2026-01-17 06:39:53,781] [INFO] - [  200/ 2270] | Cost: 0.6606331 | Accuracy: 0.8400000
[2026-01-17 06:42:34,859] [INFO] - [  300/ 2270] | Cost: 0.6280386 | Accuracy: 0.8500000
[2026-01-17 06:44:57,357] [INFO] - [  400/ 2270] | Cost: 0.6082978 | Accuracy: 0.8200000
[2026-01-17 06:47:35,839] [INFO] - [  500/ 2270] | Cost: 0.5535276 | Accuracy: 0.9000000
[2026-01-17 06:50:17,355] [INFO] - [  600/ 2270] | Cost: 0.5300060 | Accuracy: 0.8900000
[2026-01-17 06:52:44,938] [INFO] - [  700/ 2270] | Cost: 0.5404754 | Accuracy: 0.8300000
[2026-01-17 06:55:36,254] [INFO] - [  800/ 2270] | Cost: 0.5168717 | Accuracy: 0.8400000
[2026-01-17 06:57:59,263] [INFO] - [  900/ 2270] | Cost: 0.4861014 | Accuracy: 0.8600000
[2026-01-17 07:00:57,889] [INFO] - [ 1000/ 2270] | Cost: 0.4969878 | Accuracy: 0.8300000
[2026-01-17 07:03:10,435] [INFO] - [ 1100/ 2270] | Cost: 0.4483536 | Accuracy: 0.8700000
[2026-01-17 07:06:12,350] [INFO] - [ 1200/ 2270] | Cost: 0.4787926 | Accuracy: 0.8300000
[2026-01-17 07:08:39,471] [INFO] - [ 1300/ 2270] | Cost: 0.4490170 | Accuracy: 0.8500000
[2026-01-17 07:11:19,855] [INFO] - [ 1400/ 2270] | Cost: 0.5391912 | Accuracy: 0.7700000
[2026-01-17 07:13:22,574] [INFO] - [ 1500/ 2270] | Cost: 0.4498814 | Accuracy: 0.8400000
[2026-01-17 07:16:02,023] [INFO] - [ 1600/ 2270] | Cost: 0.4598836 | Accuracy: 0.8300000
[2026-01-17 07:18:42,203] [INFO] - [ 1700/ 2270] | Cost: 0.2881718 | Accuracy: 0.9500000
[2026-01-17 07:21:26,307] [INFO] - [ 1800/ 2270] | Cost: 0.2937630 | Accuracy: 0.9400000
[2026-01-17 07:23:52,411] [INFO] - [ 1900/ 2270] | Cost: 0.4097739 | Accuracy: 0.8600000
[2026-01-17 07:26:45,073] [INFO] - [ 2000/ 2270] | Cost: 0.4557144 | Accuracy: 0.8300000
[2026-01-17 07:29:29,149] [INFO] - [ 2100/ 2270] | Cost: 0.4729042 | Accuracy: 0.8200000
[2026-01-17 07:32:00,947] [INFO] - [ 2200/ 2270] | Cost: 0.3711085 | Accuracy: 0.8800000
[2026-01-17 07:33:37,242] [INFO] - [ 2300/ 2270] | Cost: 0.3850052 | Accuracy: 0.8714286
