[2026-01-17 05:53:21,946] [INFO] - seed: 0
image_preprocessing: HomomorphicFilter
training:
  epochs: 1
  batch_size: 100
  image_width: 32
  lr: 0.05
model:
  num_layers: 3
dataset:
  num_classes: 2
  binary: true
  name: stl10
  image_width_sweep: 2,4,8,16,32,64
  orig_width: 96
embedding:
  name: NAQSS
  pca: false
  supports_color: false

[2026-01-17 05:53:21,951] [INFO] - Using cuda.
[2026-01-17 05:53:33,791] [INFO] - Dataset: stl10 | Train Size: 1819 | Validation Size: 521 | Test Size: 260
[2026-01-17 05:53:33,795] [INFO] - Initiate model
[2026-01-17 05:53:34,027] [INFO] - Weights Shape: torch.Size([3, 19, 3])
[2026-01-17 05:53:34,028] [INFO] - Bias Shape: torch.Size([2])
[2026-01-17 06:04:16,889] [INFO] - [  100/ 1819] | Cost: 0.6932651 | Accuracy: 0.5100000
[2026-01-17 06:14:44,811] [INFO] - [  200/ 1819] | Cost: 0.6952759 | Accuracy: 0.4900000
[2026-01-17 06:25:04,968] [INFO] - [  300/ 1819] | Cost: 0.6924604 | Accuracy: 0.5200000
[2026-01-17 06:35:43,254] [INFO] - [  400/ 1819] | Cost: 0.6904401 | Accuracy: 0.5600000
[2026-01-17 06:46:01,118] [INFO] - [  500/ 1819] | Cost: 0.6990651 | Accuracy: 0.4400000
[2026-01-17 06:56:37,621] [INFO] - [  600/ 1819] | Cost: 0.6942175 | Accuracy: 0.4900000
[2026-01-17 07:07:22,908] [INFO] - [  700/ 1819] | Cost: 0.6916316 | Accuracy: 0.5700000
[2026-01-17 07:17:46,885] [INFO] - [  800/ 1819] | Cost: 0.6949223 | Accuracy: 0.4300000
[2026-01-17 07:28:45,413] [INFO] - [  900/ 1819] | Cost: 0.6929054 | Accuracy: 0.6000000
[2026-01-17 07:39:33,580] [INFO] - [ 1000/ 1819] | Cost: 0.6935490 | Accuracy: 0.4800000
[2026-01-17 07:50:37,419] [INFO] - [ 1100/ 1819] | Cost: 0.6939259 | Accuracy: 0.4700000
[2026-01-17 08:01:29,672] [INFO] - [ 1200/ 1819] | Cost: 0.6925400 | Accuracy: 0.5300000
[2026-01-17 08:12:14,222] [INFO] - [ 1300/ 1819] | Cost: 0.6943740 | Accuracy: 0.4600000
[2026-01-17 08:23:04,359] [INFO] - [ 1400/ 1819] | Cost: 0.6941988 | Accuracy: 0.4400000
[2026-01-17 08:33:13,753] [INFO] - [ 1500/ 1819] | Cost: 0.6936938 | Accuracy: 0.4500000
[2026-01-17 08:42:38,938] [INFO] - [ 1600/ 1819] | Cost: 0.6921915 | Accuracy: 0.5500000
[2026-01-17 08:51:07,224] [INFO] - [ 1700/ 1819] | Cost: 0.6961134 | Accuracy: 0.4300000
[2026-01-17 08:59:10,090] [INFO] - [ 1800/ 1819] | Cost: 0.6932209 | Accuracy: 0.5000000
[2026-01-17 09:00:38,774] [INFO] - [ 1900/ 1819] | Cost: 0.6910425 | Accuracy: 0.5789474
