[2026-01-17 05:19:56,035] [INFO] - seed: 0
image_preprocessing: BilateralFilter
training:
  epochs: 1
  batch_size: 100
  image_width: 32
  lr: 0.05
model:
  num_layers: 3
dataset:
  num_classes: 2
  binary: true
  name: stl10
  image_width_sweep: 2,4,8,16,32,64
  orig_width: 96
embedding:
  name: NAQSS
  pca: false
  supports_color: false

[2026-01-17 05:19:56,037] [INFO] - Using cuda.
[2026-01-17 05:20:06,272] [INFO] - Dataset: stl10 | Train Size: 1819 | Validation Size: 521 | Test Size: 260
[2026-01-17 05:20:06,275] [INFO] - Initiate model
[2026-01-17 05:20:06,277] [INFO] - Weights Shape: torch.Size([3, 19, 3])
[2026-01-17 05:20:06,278] [INFO] - Bias Shape: torch.Size([2])
[2026-01-17 05:30:52,450] [INFO] - [  100/ 1819] | Cost: 0.6931265 | Accuracy: 0.5100000
[2026-01-17 05:41:26,339] [INFO] - [  200/ 1819] | Cost: 0.6953681 | Accuracy: 0.4900000
[2026-01-17 05:52:06,860] [INFO] - [  300/ 1819] | Cost: 0.6923226 | Accuracy: 0.5200000
[2026-01-17 06:02:51,809] [INFO] - [  400/ 1819] | Cost: 0.6903026 | Accuracy: 0.5600000
[2026-01-17 06:13:22,706] [INFO] - [  500/ 1819] | Cost: 0.6986209 | Accuracy: 0.4400000
[2026-01-17 06:23:42,295] [INFO] - [  600/ 1819] | Cost: 0.6943449 | Accuracy: 0.4900000
[2026-01-17 06:34:30,075] [INFO] - [  700/ 1819] | Cost: 0.6914809 | Accuracy: 0.5700000
[2026-01-17 06:44:56,544] [INFO] - [  800/ 1819] | Cost: 0.6949953 | Accuracy: 0.4300000
[2026-01-17 06:55:46,131] [INFO] - [  900/ 1819] | Cost: 0.6931813 | Accuracy: 0.4600000
[2026-01-17 07:06:40,746] [INFO] - [ 1000/ 1819] | Cost: 0.6936597 | Accuracy: 0.4800000
[2026-01-17 07:17:22,705] [INFO] - [ 1100/ 1819] | Cost: 0.6938951 | Accuracy: 0.4700000
[2026-01-17 07:28:24,911] [INFO] - [ 1200/ 1819] | Cost: 0.6929956 | Accuracy: 0.5300000
[2026-01-17 07:39:19,047] [INFO] - [ 1300/ 1819] | Cost: 0.6940531 | Accuracy: 0.4600000
[2026-01-17 07:50:10,595] [INFO] - [ 1400/ 1819] | Cost: 0.6940621 | Accuracy: 0.4400000
[2026-01-17 08:00:59,966] [INFO] - [ 1500/ 1819] | Cost: 0.6938367 | Accuracy: 0.4500000
[2026-01-17 08:11:50,671] [INFO] - [ 1600/ 1819] | Cost: 0.6921523 | Accuracy: 0.5500000
[2026-01-17 08:22:42,676] [INFO] - [ 1700/ 1819] | Cost: 0.6960061 | Accuracy: 0.4300000
[2026-01-17 08:32:30,834] [INFO] - [ 1800/ 1819] | Cost: 0.6934893 | Accuracy: 0.5000000
[2026-01-17 08:34:39,172] [INFO] - [ 1900/ 1819] | Cost: 0.6905874 | Accuracy: 0.5789474
