[2026-01-18 23:15:56,451] [INFO] - seed: 0
image_preprocessing: MedianBlur
training:
  epochs: 1
  batch_size: 100
  image_width: 32
  lr: 0.05
model:
  num_layers: 3
dataset:
  num_classes: 2
  binary: true
  name: cxr8
  image_width_sweep: 2,4,8,16,32
  orig_width: 1024
embedding:
  name: NAQSS
  pca: false
  supports_color: false

[2026-01-18 23:15:56,455] [INFO] - Using cuda.
[2026-01-18 23:15:56,722] [INFO] - Dataset: cxr8 | Train Size: 2270 | Validation Size: 650 | Test Size: 324
[2026-01-18 23:15:56,724] [INFO] - Initiate model
[2026-01-18 23:15:59,922] [INFO] - Weights Shape: torch.Size([3, 19, 3])
[2026-01-18 23:15:59,923] [INFO] - Bias Shape: torch.Size([2])
[2026-01-19 00:16:51,247] [INFO] - [  100/ 2270] | Cost: 0.6932474 | Accuracy: 0.4800000
[2026-01-19 01:17:35,016] [INFO] - [  200/ 2270] | Cost: 0.6604331 | Accuracy: 0.8400000
[2026-01-19 02:19:23,334] [INFO] - [  300/ 2270] | Cost: 0.6280403 | Accuracy: 0.8500000
[2026-01-19 03:21:34,439] [INFO] - [  400/ 2270] | Cost: 0.6082394 | Accuracy: 0.8200000
[2026-01-19 04:22:45,347] [INFO] - [  500/ 2270] | Cost: 0.5536921 | Accuracy: 0.9000000
[2026-01-19 05:24:32,630] [INFO] - [  600/ 2270] | Cost: 0.5301338 | Accuracy: 0.8900000
[2026-01-19 06:26:06,441] [INFO] - [  700/ 2270] | Cost: 0.5405312 | Accuracy: 0.8300000
[2026-01-19 07:27:16,051] [INFO] - [  800/ 2270] | Cost: 0.5167645 | Accuracy: 0.8400000
[2026-01-19 08:23:46,940] [INFO] - [  900/ 2270] | Cost: 0.4857449 | Accuracy: 0.8600000
