[2026-01-16 20:11:31,887] [INFO] - seed: 0
image_preprocessing: HomomorphicFilter
training:
  epochs: 1
  batch_size: 100
  image_width: 32
  lr: 0.05
model:
  num_layers: 3
dataset:
  num_classes: 2
  binary: true
  name: eurosat_ms
  image_width_sweep: '64'
  orig_width: 64
embedding:
  name: NEQR
  pca: false
  supports_color: true

[2026-01-16 20:11:31,888] [INFO] - Using cuda.
[2026-01-16 20:11:31,937] [INFO] - Dataset: eurosat_ms | Train Size: 4200 | Validation Size: 1200 | Test Size: 600
[2026-01-16 20:11:31,939] [INFO] - Initiate model
[2026-01-16 20:11:31,941] [INFO] - Weights Shape: torch.Size([3, 18, 3])
[2026-01-16 20:11:31,942] [INFO] - Bias Shape: torch.Size([2])
