[2026-01-19 04:50:59,722] [INFO] - seed: 0
image_preprocessing: ContrastScaling
training:
  epochs: 1
  batch_size: 100
  image_width: 16
  lr: 0.05
model:
  num_layers: 3
dataset:
  num_classes: 2
  binary: true
  name: mnist
  image_width_sweep: 16,32
  orig_width: 28
embedding:
  name: NEQR
  pca: false
  supports_color: true

[2026-01-19 04:50:59,724] [INFO] - Using cuda.
[2026-01-19 04:51:00,733] [INFO] - Dataset: mnist | Train Size: 10346 | Validation Size: 2956 | Test Size: 1478
[2026-01-19 04:51:00,737] [INFO] - Initiate model
[2026-01-19 04:51:00,738] [INFO] - Weights Shape: torch.Size([3, 16, 3])
[2026-01-19 04:51:00,739] [INFO] - Bias Shape: torch.Size([2])
[2026-01-19 05:01:05,554] [INFO] - [  100/10346] | Cost: 0.6926106 | Accuracy: 0.5300000
[2026-01-19 05:12:17,650] [INFO] - [  200/10346] | Cost: 0.6897000 | Accuracy: 0.5200000
[2026-01-19 05:22:36,246] [INFO] - [  300/10346] | Cost: 0.6901163 | Accuracy: 0.4900000
[2026-01-19 05:33:31,015] [INFO] - [  400/10346] | Cost: 0.6827381 | Accuracy: 0.5300000
[2026-01-19 05:43:31,115] [INFO] - [  500/10346] | Cost: 0.6789169 | Accuracy: 0.5600000
[2026-01-19 05:54:32,219] [INFO] - [  600/10346] | Cost: 0.6794258 | Accuracy: 0.4200000
[2026-01-19 06:04:56,117] [INFO] - [  700/10346] | Cost: 0.6639135 | Accuracy: 0.9400000
[2026-01-19 06:15:50,643] [INFO] - [  800/10346] | Cost: 0.6544166 | Accuracy: 0.9400000
[2026-01-19 06:26:18,550] [INFO] - [  900/10346] | Cost: 0.6391302 | Accuracy: 0.9500000
[2026-01-19 06:36:51,316] [INFO] - [ 1000/10346] | Cost: 0.6350236 | Accuracy: 0.6500000
[2026-01-19 06:47:36,246] [INFO] - [ 1100/10346] | Cost: 0.6268083 | Accuracy: 0.6200000
[2026-01-19 06:58:16,743] [INFO] - [ 1200/10346] | Cost: 0.6068099 | Accuracy: 0.6000000
[2026-01-19 07:09:01,016] [INFO] - [ 1300/10346] | Cost: 0.5911155 | Accuracy: 0.6700000
[2026-01-19 07:18:51,952] [INFO] - [ 1400/10346] | Cost: 0.5573500 | Accuracy: 0.7800000
[2026-01-19 07:29:15,557] [INFO] - [ 1500/10346] | Cost: 0.5595345 | Accuracy: 0.8000000
[2026-01-19 07:38:54,338] [INFO] - [ 1600/10346] | Cost: 0.5218204 | Accuracy: 0.9100000
[2026-01-19 07:49:04,617] [INFO] - [ 1700/10346] | Cost: 0.5254386 | Accuracy: 0.9300000
[2026-01-19 07:58:48,850] [INFO] - [ 1800/10346] | Cost: 0.5275006 | Accuracy: 0.8700000
[2026-01-19 08:08:24,647] [INFO] - [ 1900/10346] | Cost: 0.5167211 | Accuracy: 0.8700000
[2026-01-19 08:18:19,715] [INFO] - [ 2000/10346] | Cost: 0.5090813 | Accuracy: 0.9100000
[2026-01-19 08:27:53,723] [INFO] - [ 2100/10346] | Cost: 0.5081419 | Accuracy: 0.9100000
[2026-01-19 08:37:53,631] [INFO] - [ 2200/10346] | Cost: 0.4999317 | Accuracy: 0.9900000
[2026-01-19 08:47:40,357] [INFO] - [ 2300/10346] | Cost: 0.5139670 | Accuracy: 0.9500000
[2026-01-19 08:57:29,243] [INFO] - [ 2400/10346] | Cost: 0.5043266 | Accuracy: 0.9700000
