[2026-01-17 07:55:08,358] [INFO] - seed: 0
image_preprocessing: BilateralFilter
training:
  epochs: 1
  batch_size: 100
  image_width: 32
  lr: 0.05
model:
  num_layers: 3
dataset:
  num_classes: 2
  binary: true
  name: cxr8
  image_width_sweep: 2,4,8,16,32,64
  orig_width: 1024
embedding:
  name: OQIM
  pca: false
  supports_color: true

[2026-01-17 07:55:08,360] [INFO] - Using cuda.
[2026-01-17 07:55:08,482] [INFO] - Dataset: cxr8 | Train Size: 2270 | Validation Size: 650 | Test Size: 324
[2026-01-17 07:55:08,484] [INFO] - Initiate model
[2026-01-17 07:55:08,486] [INFO] - Weights Shape: torch.Size([3, 12, 3])
[2026-01-17 07:55:08,487] [INFO] - Bias Shape: torch.Size([2])
[2026-01-17 07:57:55,961] [INFO] - [  100/ 2270] | Cost: 0.7136372 | Accuracy: 0.1800000
[2026-01-17 08:00:59,687] [INFO] - [  200/ 2270] | Cost: 0.6622495 | Accuracy: 0.8400000
[2026-01-17 08:03:46,106] [INFO] - [  300/ 2270] | Cost: 0.6182434 | Accuracy: 0.8500000
[2026-01-17 08:06:33,208] [INFO] - [  400/ 2270] | Cost: 0.5925417 | Accuracy: 0.8200000
[2026-01-17 08:09:20,058] [INFO] - [  500/ 2270] | Cost: 0.5254692 | Accuracy: 0.9000000
[2026-01-17 08:12:34,293] [INFO] - [  600/ 2270] | Cost: 0.4961774 | Accuracy: 0.8900000
[2026-01-17 08:15:09,815] [INFO] - [  700/ 2270] | Cost: 0.5116640 | Accuracy: 0.8300000
[2026-01-17 08:18:09,139] [INFO] - [  800/ 2270] | Cost: 0.4843810 | Accuracy: 0.8400000
[2026-01-17 08:20:57,645] [INFO] - [  900/ 2270] | Cost: 0.4487540 | Accuracy: 0.8600000
[2026-01-17 08:23:40,732] [INFO] - [ 1000/ 2270] | Cost: 0.4688944 | Accuracy: 0.8300000
[2026-01-17 08:26:23,884] [INFO] - [ 1100/ 2270] | Cost: 0.4092789 | Accuracy: 0.8700000
[2026-01-17 08:29:05,341] [INFO] - [ 1200/ 2270] | Cost: 0.4573839 | Accuracy: 0.8300000
[2026-01-17 08:31:51,529] [INFO] - [ 1300/ 2270] | Cost: 0.4244761 | Accuracy: 0.8500000
[2026-01-17 08:34:30,654] [INFO] - [ 1400/ 2270] | Cost: 0.5537888 | Accuracy: 0.7700000
[2026-01-17 08:37:07,306] [INFO] - [ 1500/ 2270] | Cost: 0.4393278 | Accuracy: 0.8400000
[2026-01-17 08:39:43,729] [INFO] - [ 1600/ 2270] | Cost: 0.4576788 | Accuracy: 0.8300000
[2026-01-17 08:42:23,325] [INFO] - [ 1700/ 2270] | Cost: 0.2433376 | Accuracy: 0.9500000
[2026-01-17 08:44:51,183] [INFO] - [ 1800/ 2270] | Cost: 0.2571436 | Accuracy: 0.9400000
[2026-01-17 08:47:14,731] [INFO] - [ 1900/ 2270] | Cost: 0.4051149 | Accuracy: 0.8600000
[2026-01-17 08:49:41,882] [INFO] - [ 2000/ 2270] | Cost: 0.4658912 | Accuracy: 0.8300000
[2026-01-17 08:52:14,389] [INFO] - [ 2100/ 2270] | Cost: 0.4893985 | Accuracy: 0.8200000
[2026-01-17 08:54:47,879] [INFO] - [ 2200/ 2270] | Cost: 0.3670225 | Accuracy: 0.8800000
[2026-01-17 08:56:24,972] [INFO] - [ 2300/ 2270] | Cost: 0.3851495 | Accuracy: 0.8714286
