[2026-01-17 05:47:04,399] [INFO] - seed: 0
image_preprocessing: HomomorphicFilter
training:
  epochs: 1
  batch_size: 100
  image_width: 16
  lr: 0.05
model:
  num_layers: 3
dataset:
  num_classes: 2
  binary: true
  name: stl10
  image_width_sweep: 2,4,8,16,32,64
  orig_width: 96
embedding:
  name: NAQSS
  pca: false
  supports_color: false

[2026-01-17 05:47:04,403] [INFO] - Using cuda.
[2026-01-17 05:47:14,712] [INFO] - Dataset: stl10 | Train Size: 1819 | Validation Size: 521 | Test Size: 260
[2026-01-17 05:47:14,720] [INFO] - Initiate model
[2026-01-17 05:47:14,918] [INFO] - Weights Shape: torch.Size([3, 17, 3])
[2026-01-17 05:47:14,920] [INFO] - Bias Shape: torch.Size([2])
[2026-01-17 05:49:22,270] [INFO] - [  100/ 1819] | Cost: 0.6933138 | Accuracy: 0.4300000
[2026-01-17 05:52:19,923] [INFO] - [  200/ 1819] | Cost: 0.6953536 | Accuracy: 0.4900000
[2026-01-17 05:54:38,002] [INFO] - [  300/ 1819] | Cost: 0.6922807 | Accuracy: 0.5200000
[2026-01-17 05:57:31,492] [INFO] - [  400/ 1819] | Cost: 0.6904393 | Accuracy: 0.5600000
[2026-01-17 05:59:47,166] [INFO] - [  500/ 1819] | Cost: 0.6991577 | Accuracy: 0.4400000
[2026-01-17 06:02:31,637] [INFO] - [  600/ 1819] | Cost: 0.6941457 | Accuracy: 0.4900000
[2026-01-17 06:05:05,031] [INFO] - [  700/ 1819] | Cost: 0.6913100 | Accuracy: 0.5700000
[2026-01-17 06:07:24,521] [INFO] - [  800/ 1819] | Cost: 0.6949242 | Accuracy: 0.4300000
[2026-01-17 06:10:09,280] [INFO] - [  900/ 1819] | Cost: 0.6934214 | Accuracy: 0.4600000
[2026-01-17 06:12:26,475] [INFO] - [ 1000/ 1819] | Cost: 0.6934732 | Accuracy: 0.4800000
[2026-01-17 06:15:20,816] [INFO] - [ 1100/ 1819] | Cost: 0.6941464 | Accuracy: 0.4700000
[2026-01-17 06:17:27,797] [INFO] - [ 1200/ 1819] | Cost: 0.6923654 | Accuracy: 0.5300000
[2026-01-17 06:20:10,061] [INFO] - [ 1300/ 1819] | Cost: 0.6942928 | Accuracy: 0.4600000
[2026-01-17 06:22:36,273] [INFO] - [ 1400/ 1819] | Cost: 0.6938356 | Accuracy: 0.4400000
[2026-01-17 06:25:16,960] [INFO] - [ 1500/ 1819] | Cost: 0.6939356 | Accuracy: 0.4500000
[2026-01-17 06:28:00,913] [INFO] - [ 1600/ 1819] | Cost: 0.6924829 | Accuracy: 0.5500000
[2026-01-17 06:30:30,328] [INFO] - [ 1700/ 1819] | Cost: 0.6959940 | Accuracy: 0.4300000
[2026-01-17 06:33:12,117] [INFO] - [ 1800/ 1819] | Cost: 0.6934546 | Accuracy: 0.5000000
[2026-01-17 06:33:36,691] [INFO] - [ 1900/ 1819] | Cost: 0.6903673 | Accuracy: 0.5789474
