[2026-01-19 00:42:47,729] [INFO] - seed: 0
image_preprocessing: BilateralFilter
training:
  epochs: 1
  batch_size: 100
  image_width: 8
  lr: 0.05
model:
  num_layers: 3
dataset:
  num_classes: 2
  binary: true
  name: cxr8
  image_width_sweep: 2,4,8,16,32
  orig_width: 1024
embedding:
  name: NEQR
  pca: false
  supports_color: true

[2026-01-19 00:42:47,731] [INFO] - Using cuda.
[2026-01-19 00:42:48,035] [INFO] - Dataset: cxr8 | Train Size: 2270 | Validation Size: 650 | Test Size: 324
[2026-01-19 00:42:48,038] [INFO] - Initiate model
[2026-01-19 00:42:48,040] [INFO] - Weights Shape: torch.Size([3, 14, 3])
[2026-01-19 00:42:48,041] [INFO] - Bias Shape: torch.Size([2])
[2026-01-19 00:51:29,346] [INFO] - [  100/ 2270] | Cost: 0.6921923 | Accuracy: 0.5300000
[2026-01-19 00:59:46,055] [INFO] - [  200/ 2270] | Cost: 0.6592957 | Accuracy: 0.8400000
[2026-01-19 01:08:44,430] [INFO] - [  300/ 2270] | Cost: 0.6290954 | Accuracy: 0.8500000
[2026-01-19 01:16:56,642] [INFO] - [  400/ 2270] | Cost: 0.6077188 | Accuracy: 0.8200000
[2026-01-19 01:26:03,345] [INFO] - [  500/ 2270] | Cost: 0.5518402 | Accuracy: 0.9000000
[2026-01-19 01:34:09,950] [INFO] - [  600/ 2270] | Cost: 0.5301789 | Accuracy: 0.8900000
[2026-01-19 01:42:47,416] [INFO] - [  700/ 2270] | Cost: 0.5392900 | Accuracy: 0.8300000
[2026-01-19 01:51:39,549] [INFO] - [  800/ 2270] | Cost: 0.5172886 | Accuracy: 0.8400000
[2026-01-19 01:59:35,139] [INFO] - [  900/ 2270] | Cost: 0.4876262 | Accuracy: 0.8600000
[2026-01-19 02:08:39,745] [INFO] - [ 1000/ 2270] | Cost: 0.4977656 | Accuracy: 0.8300000
[2026-01-19 02:17:32,654] [INFO] - [ 1100/ 2270] | Cost: 0.4461589 | Accuracy: 0.8700000
[2026-01-19 02:25:40,932] [INFO] - [ 1200/ 2270] | Cost: 0.4779882 | Accuracy: 0.8300000
[2026-01-19 02:34:32,316] [INFO] - [ 1300/ 2270] | Cost: 0.4486002 | Accuracy: 0.8500000
[2026-01-19 02:43:22,218] [INFO] - [ 1400/ 2270] | Cost: 0.5411590 | Accuracy: 0.7700000
[2026-01-19 02:51:43,732] [INFO] - [ 1500/ 2270] | Cost: 0.4486080 | Accuracy: 0.8400000
[2026-01-19 03:00:44,850] [INFO] - [ 1600/ 2270] | Cost: 0.4586356 | Accuracy: 0.8300000
[2026-01-19 03:09:12,816] [INFO] - [ 1700/ 2270] | Cost: 0.2863097 | Accuracy: 0.9500000
[2026-01-19 03:18:20,932] [INFO] - [ 1800/ 2270] | Cost: 0.2918792 | Accuracy: 0.9400000
[2026-01-19 03:26:45,453] [INFO] - [ 1900/ 2270] | Cost: 0.4090233 | Accuracy: 0.8600000
[2026-01-19 03:35:27,749] [INFO] - [ 2000/ 2270] | Cost: 0.4562545 | Accuracy: 0.8300000
[2026-01-19 03:44:19,139] [INFO] - [ 2100/ 2270] | Cost: 0.4737238 | Accuracy: 0.8200000
[2026-01-19 03:52:50,155] [INFO] - [ 2200/ 2270] | Cost: 0.3702106 | Accuracy: 0.8800000
[2026-01-19 03:58:59,553] [INFO] - [ 2300/ 2270] | Cost: 0.3852873 | Accuracy: 0.8714286
