[2026-01-17 17:32:27,916] [INFO] - seed: 0
image_preprocessing: None
training:
  epochs: 1
  batch_size: 100
  image_width: 32
  lr: 0.05
model:
  num_layers: 3
dataset:
  num_classes: 2
  binary: true
  name: eurosat_rgb
  image_width_sweep: '64'
  orig_width: 64
embedding:
  name: RMP
  pca: true
  supports_color: true

[2026-01-17 17:32:27,918] [INFO] - Using cuda.
[2026-01-17 17:32:27,958] [INFO] - Dataset: eurosat_rgb | Train Size: 4200 | Validation Size: 1200 | Test Size: 600
[2026-01-17 17:32:27,960] [INFO] - Applying PCA Loader to the dataset
[2026-01-17 17:32:41,249] [INFO] - Initiate model
[2026-01-17 17:32:41,251] [INFO] - Weights Shape: torch.Size([3, 6, 3])
[2026-01-17 17:32:41,252] [INFO] - Bias Shape: torch.Size([2])
[2026-01-17 17:33:34,584] [INFO] - [  100/ 4200] | Cost: 0.6910649 | Accuracy: 0.5100000
[2026-01-17 17:34:28,077] [INFO] - [  200/ 4200] | Cost: 0.6795161 | Accuracy: 0.6700000
[2026-01-17 17:35:21,528] [INFO] - [  300/ 4200] | Cost: 0.6719282 | Accuracy: 0.5700000
[2026-01-17 17:36:13,657] [INFO] - [  400/ 4200] | Cost: 0.6791613 | Accuracy: 0.4800000
[2026-01-17 17:36:48,118] [INFO] - [  500/ 4200] | Cost: 0.6504948 | Accuracy: 0.5800000
[2026-01-17 17:37:27,708] [INFO] - [  600/ 4200] | Cost: 0.6558062 | Accuracy: 0.5500000
[2026-01-17 17:38:16,460] [INFO] - [  700/ 4200] | Cost: 0.6626993 | Accuracy: 0.5100000
[2026-01-17 17:39:09,893] [INFO] - [  800/ 4200] | Cost: 0.6778023 | Accuracy: 0.4200000
[2026-01-17 17:40:03,261] [INFO] - [  900/ 4200] | Cost: 0.6533764 | Accuracy: 0.6100000
[2026-01-17 17:40:56,390] [INFO] - [ 1000/ 4200] | Cost: 0.6534287 | Accuracy: 0.8200000
[2026-01-17 17:41:49,823] [INFO] - [ 1100/ 4200] | Cost: 0.6464669 | Accuracy: 0.9800000
[2026-01-17 17:42:43,258] [INFO] - [ 1200/ 4200] | Cost: 0.6474061 | Accuracy: 0.6800000
[2026-01-17 17:43:36,624] [INFO] - [ 1300/ 4200] | Cost: 0.6454735 | Accuracy: 0.5200000
[2026-01-17 17:44:29,808] [INFO] - [ 1400/ 4200] | Cost: 0.6533711 | Accuracy: 0.4900000
[2026-01-17 17:45:23,180] [INFO] - [ 1500/ 4200] | Cost: 0.6447596 | Accuracy: 0.6000000
[2026-01-17 17:46:16,550] [INFO] - [ 1600/ 4200] | Cost: 0.6367362 | Accuracy: 0.9300000
[2026-01-17 17:47:09,988] [INFO] - [ 1700/ 4200] | Cost: 0.6339182 | Accuracy: 0.8900000
[2026-01-17 17:48:03,197] [INFO] - [ 1800/ 4200] | Cost: 0.6144366 | Accuracy: 0.8300000
[2026-01-17 17:48:56,592] [INFO] - [ 1900/ 4200] | Cost: 0.6157507 | Accuracy: 0.6700000
[2026-01-17 17:49:50,011] [INFO] - [ 2000/ 4200] | Cost: 0.6395070 | Accuracy: 0.4700000
[2026-01-17 17:50:43,425] [INFO] - [ 2100/ 4200] | Cost: 0.6295913 | Accuracy: 0.5200000
[2026-01-17 17:51:36,660] [INFO] - [ 2200/ 4200] | Cost: 0.6295090 | Accuracy: 0.5600000
[2026-01-17 17:52:30,158] [INFO] - [ 2300/ 4200] | Cost: 0.5914441 | Accuracy: 0.7800000
[2026-01-17 17:53:23,683] [INFO] - [ 2400/ 4200] | Cost: 0.5883225 | Accuracy: 0.8500000
[2026-01-17 17:54:17,031] [INFO] - [ 2500/ 4200] | Cost: 0.6073068 | Accuracy: 0.8400000
[2026-01-17 17:55:10,213] [INFO] - [ 2600/ 4200] | Cost: 0.5889610 | Accuracy: 0.9500000
[2026-01-17 17:56:03,650] [INFO] - [ 2700/ 4200] | Cost: 0.5895576 | Accuracy: 0.9500000
[2026-01-17 17:56:57,019] [INFO] - [ 2800/ 4200] | Cost: 0.5923550 | Accuracy: 0.9700000
[2026-01-17 17:57:50,414] [INFO] - [ 2900/ 4200] | Cost: 0.5910116 | Accuracy: 0.9400000
[2026-01-17 17:58:43,627] [INFO] - [ 3000/ 4200] | Cost: 0.5780030 | Accuracy: 1.0000000
[2026-01-17 17:59:37,029] [INFO] - [ 3100/ 4200] | Cost: 0.5711326 | Accuracy: 0.9800000
[2026-01-17 18:00:30,420] [INFO] - [ 3200/ 4200] | Cost: 0.5780135 | Accuracy: 1.0000000
[2026-01-17 18:01:23,830] [INFO] - [ 3300/ 4200] | Cost: 0.5842814 | Accuracy: 0.9600000
[2026-01-17 18:02:17,208] [INFO] - [ 3400/ 4200] | Cost: 0.5832545 | Accuracy: 0.9900000
[2026-01-17 18:03:10,431] [INFO] - [ 3500/ 4200] | Cost: 0.5729969 | Accuracy: 1.0000000
[2026-01-17 18:04:03,862] [INFO] - [ 3600/ 4200] | Cost: 0.5794302 | Accuracy: 0.9700000
[2026-01-17 18:04:57,246] [INFO] - [ 3700/ 4200] | Cost: 0.5724425 | Accuracy: 0.9900000
[2026-01-17 18:05:50,659] [INFO] - [ 3800/ 4200] | Cost: 0.5874636 | Accuracy: 0.9400000
[2026-01-17 18:06:43,899] [INFO] - [ 3900/ 4200] | Cost: 0.5738103 | Accuracy: 0.9600000
[2026-01-17 18:07:37,241] [INFO] - [ 4000/ 4200] | Cost: 0.5637988 | Accuracy: 0.9000000
[2026-01-17 18:08:30,637] [INFO] - [ 4100/ 4200] | Cost: 0.5830437 | Accuracy: 0.8400000
[2026-01-17 18:09:24,017] [INFO] - [ 4200/ 4200] | Cost: 0.5799515 | Accuracy: 0.7600000
[2026-01-17 18:09:44,119] [INFO] - Model dict saved to /workspace/persistent/embedding_colosseum/multirun/2026-01-17/16-03-43/38/saved_models/model_epoch-0.pt
[2026-01-17 18:09:44,120] [INFO] - Validation for epoch   0 | Cost: 0.5787643 | Accuracy: 0.7666667
