[2026-01-17 04:16:44,168] [INFO] - seed: 0
image_preprocessing: ContrastScaling
training:
  epochs: 1
  batch_size: 100
  image_width: 32
  lr: 0.05
model:
  num_layers: 3
dataset:
  num_classes: 2
  binary: true
  name: stl10
  image_width_sweep: 2,4,8,16,32,64
  orig_width: 96
embedding:
  name: NEQR
  pca: false
  supports_color: true

[2026-01-17 04:16:44,170] [INFO] - Using cuda.
[2026-01-17 04:16:54,450] [INFO] - Dataset: stl10 | Train Size: 1819 | Validation Size: 521 | Test Size: 260
[2026-01-17 04:16:54,453] [INFO] - Initiate model
[2026-01-17 04:16:54,454] [INFO] - Weights Shape: torch.Size([3, 18, 3])
[2026-01-17 04:16:54,456] [INFO] - Bias Shape: torch.Size([2])
[2026-01-17 04:22:04,352] [INFO] - [  100/ 1819] | Cost: 0.6934523 | Accuracy: 0.4700000
[2026-01-17 04:27:14,887] [INFO] - [  200/ 1819] | Cost: 0.6955010 | Accuracy: 0.4900000
[2026-01-17 04:32:32,936] [INFO] - [  300/ 1819] | Cost: 0.6924036 | Accuracy: 0.5200000
[2026-01-17 04:37:55,448] [INFO] - [  400/ 1819] | Cost: 0.6905209 | Accuracy: 0.5600000
[2026-01-17 04:43:22,357] [INFO] - [  500/ 1819] | Cost: 0.6985402 | Accuracy: 0.4400000
[2026-01-17 04:48:54,943] [INFO] - [  600/ 1819] | Cost: 0.6941299 | Accuracy: 0.4900000
[2026-01-17 04:54:06,788] [INFO] - [  700/ 1819] | Cost: 0.6912913 | Accuracy: 0.5700000
[2026-01-17 04:59:35,283] [INFO] - [  800/ 1819] | Cost: 0.6951293 | Accuracy: 0.4100000
[2026-01-17 05:05:05,817] [INFO] - [  900/ 1819] | Cost: 0.6928921 | Accuracy: 0.5000000
[2026-01-17 05:10:47,524] [INFO] - [ 1000/ 1819] | Cost: 0.6924853 | Accuracy: 0.5200000
[2026-01-17 05:15:47,460] [INFO] - [ 1100/ 1819] | Cost: 0.6933038 | Accuracy: 0.4900000
[2026-01-17 05:20:48,899] [INFO] - [ 1200/ 1819] | Cost: 0.6919872 | Accuracy: 0.5400000
[2026-01-17 05:25:59,921] [INFO] - [ 1300/ 1819] | Cost: 0.6928270 | Accuracy: 0.5000000
[2026-01-17 05:31:23,939] [INFO] - [ 1400/ 1819] | Cost: 0.6926997 | Accuracy: 0.5200000
[2026-01-17 05:36:40,165] [INFO] - [ 1500/ 1819] | Cost: 0.6939659 | Accuracy: 0.4100000
[2026-01-17 05:41:55,963] [INFO] - [ 1600/ 1819] | Cost: 0.6925314 | Accuracy: 0.5400000
[2026-01-17 05:46:57,608] [INFO] - [ 1700/ 1819] | Cost: 0.6924043 | Accuracy: 0.4600000
[2026-01-17 05:52:40,149] [INFO] - [ 1800/ 1819] | Cost: 0.6907381 | Accuracy: 0.5000000
[2026-01-17 05:53:43,732] [INFO] - [ 1900/ 1819] | Cost: 0.6834635 | Accuracy: 0.6315789
